ARM GAS  /var/folders/dt/0wfd0knj7gs46m8vwfzktm600000gn/T//ccwcq5Ch.s 			page 1


   1              		.syntax unified
   2              		.cpu cortex-m3
   3              		.fpu softvfp
   4              		.eabi_attribute 20, 1
   5              		.eabi_attribute 21, 1
   6              		.eabi_attribute 23, 3
   7              		.eabi_attribute 24, 1
   8              		.eabi_attribute 25, 1
   9              		.eabi_attribute 26, 1
  10              		.eabi_attribute 30, 2
  11              		.eabi_attribute 34, 1
  12              		.eabi_attribute 18, 4
  13              		.thumb
  14              		.file	"board.c"
  15              		.text
  16              	.Ltext0:
  17              		.cfi_sections	.debug_frame
  18              		.section	.text.__early_init,"ax",%progbits
  19              		.align	2
  20              		.p2align 4,,15
  21              		.global	__early_init
  22              		.thumb
  23              		.thumb_func
  24              		.type	__early_init, %function
  25              	__early_init:
  26              	.LFB62:
  27              		.file 1 "../../boards/MLAB_STM32F10xRxT01A/board.c"
  28              		.loc 1 52 0
  29              		.cfi_startproc
  30              		@ args = 0, pretend = 0, frame = 0
  31              		@ frame_needed = 0, uses_anonymous_args = 0
  32              		@ link register save eliminated.
  33              		.loc 1 55 0
  34              		.loc 1 54 0
  35 0000 FFF7FEBF 		b	stm32_clock_init
  36              	.LVL0:
  37              		.cfi_endproc
  38              	.LFE62:
  39              		.size	__early_init, .-__early_init
  40 0004 AFF30080 		.section	.text.boardInit,"ax",%progbits
  40      AFF30080 
  40      AFF30080 
  41              		.align	2
  42              		.p2align 4,,15
  43              		.global	boardInit
  44              		.thumb
  45              		.thumb_func
  46              		.type	boardInit, %function
  47              	boardInit:
  48              	.LFB63:
  49              		.loc 1 60 0
  50              		.cfi_startproc
  51              		@ args = 0, pretend = 0, frame = 0
  52              		@ frame_needed = 0, uses_anonymous_args = 0
  53              		@ link register save eliminated.
  54 0000 7047     		bx	lr
  55              		.cfi_endproc
ARM GAS  /var/folders/dt/0wfd0knj7gs46m8vwfzktm600000gn/T//ccwcq5Ch.s 			page 2


  56              	.LFE63:
  57              		.size	boardInit, .-boardInit
  58              		.global	pal_default_config
  59 0002 00BFAFF3 		.section	.rodata.pal_default_config,"a",%progbits
  59      0080AFF3 
  59      0080AFF3 
  59      0080
  60              		.align	2
  61              		.type	pal_default_config, %object
  62              		.size	pal_default_config, 84
  63              	pal_default_config:
  64 0000 FFFFFFFF 		.word	-1
  65 0004 844B8888 		.word	-2004333692
  66 0008 88488488 		.word	-2004596600
  67 000c FFFFFFFF 		.word	-1
  68 0010 88884438 		.word	944015496
  69 0014 83888888 		.word	-2004318077
  70 0018 FFFFFFFF 		.word	-1
  71 001c 88888888 		.word	-2004318072
  72 0020 BBBB8B88 		.word	-2004108357
  73 0024 FFFFFFFF 		.word	-1
  74 0028 448B8888 		.word	-2004317372
  75 002c 88888888 		.word	-2004318072
  76 0030 FFFFFFFF 		.word	-1
  77 0034 88888888 		.word	-2004318072
  78 0038 88888888 		.word	-2004318072
  79 003c 00000000 		.space	24
  79      00000000 
  79      00000000 
  79      00000000 
  79      00000000 
  80              		.text
  81              	.Letext0:
  82              		.file 2 "/Users/toxygen/Applications/yagarto-4.7.2/bin/../lib/gcc/arm-none-eabi/4.7.2/../../../../
  83              		.file 3 "../../os/hal/platforms/STM32/GPIOv1/pal_lld.h"
  84              		.file 4 "../../os/ports/common/ARMCMx/CMSIS/include/core_cm3.h"
  85              		.file 5 "../../os/hal/platforms/STM32F1xx/hal_lld.h"
  86              		.section	.debug_info,"",%progbits
  87              	.Ldebug_info0:
  88 0000 B2010000 		.4byte	0x1b2
  89 0004 0200     		.2byte	0x2
  90 0006 00000000 		.4byte	.Ldebug_abbrev0
  91 000a 04       		.byte	0x4
  92 000b 01       		.uleb128 0x1
  93 000c 78010000 		.4byte	.LASF24
  94 0010 01       		.byte	0x1
  95 0011 D0000000 		.4byte	.LASF25
  96 0015 10010000 		.4byte	.LASF26
  97 0019 00000000 		.4byte	.Ldebug_ranges0+0
  98 001d 00000000 		.4byte	0
  99 0021 00000000 		.4byte	0
 100 0025 00000000 		.4byte	.Ldebug_line0
 101 0029 02       		.uleb128 0x2
 102 002a 04       		.byte	0x4
 103 002b 05       		.byte	0x5
 104 002c 696E7400 		.ascii	"int\000"
 105 0030 03       		.uleb128 0x3
ARM GAS  /var/folders/dt/0wfd0knj7gs46m8vwfzktm600000gn/T//ccwcq5Ch.s 			page 3


 106 0031 04       		.byte	0x4
 107 0032 07       		.byte	0x7
 108 0033 07000000 		.4byte	.LASF0
 109 0037 03       		.uleb128 0x3
 110 0038 01       		.byte	0x1
 111 0039 06       		.byte	0x6
 112 003a AC010000 		.4byte	.LASF1
 113 003e 03       		.uleb128 0x3
 114 003f 01       		.byte	0x1
 115 0040 08       		.byte	0x8
 116 0041 32000000 		.4byte	.LASF2
 117 0045 03       		.uleb128 0x3
 118 0046 02       		.byte	0x2
 119 0047 05       		.byte	0x5
 120 0048 8B010000 		.4byte	.LASF3
 121 004c 03       		.uleb128 0x3
 122 004d 02       		.byte	0x2
 123 004e 07       		.byte	0x7
 124 004f 76000000 		.4byte	.LASF4
 125 0053 04       		.uleb128 0x4
 126 0054 59010000 		.4byte	.LASF6
 127 0058 02       		.byte	0x2
 128 0059 4F       		.byte	0x4f
 129 005a 5E000000 		.4byte	0x5e
 130 005e 03       		.uleb128 0x3
 131 005f 04       		.byte	0x4
 132 0060 05       		.byte	0x5
 133 0061 A3010000 		.4byte	.LASF5
 134 0065 04       		.uleb128 0x4
 135 0066 89000000 		.4byte	.LASF7
 136 006a 02       		.byte	0x2
 137 006b 50       		.byte	0x50
 138 006c 70000000 		.4byte	0x70
 139 0070 03       		.uleb128 0x3
 140 0071 04       		.byte	0x4
 141 0072 07       		.byte	0x7
 142 0073 64000000 		.4byte	.LASF8
 143 0077 03       		.uleb128 0x3
 144 0078 08       		.byte	0x8
 145 0079 05       		.byte	0x5
 146 007a 6A010000 		.4byte	.LASF9
 147 007e 03       		.uleb128 0x3
 148 007f 08       		.byte	0x8
 149 0080 07       		.byte	0x7
 150 0081 14000000 		.4byte	.LASF10
 151 0085 03       		.uleb128 0x3
 152 0086 04       		.byte	0x4
 153 0087 07       		.byte	0x7
 154 0088 61010000 		.4byte	.LASF11
 155 008c 03       		.uleb128 0x3
 156 008d 01       		.byte	0x1
 157 008e 08       		.byte	0x8
 158 008f 01010000 		.4byte	.LASF12
 159 0093 05       		.uleb128 0x5
 160 0094 53000000 		.4byte	0x53
 161 0098 06       		.uleb128 0x6
 162 0099 0C       		.byte	0xc
ARM GAS  /var/folders/dt/0wfd0knj7gs46m8vwfzktm600000gn/T//ccwcq5Ch.s 			page 4


 163 009a 03       		.byte	0x3
 164 009b 43       		.byte	0x43
 165 009c CB000000 		.4byte	0xcb
 166 00a0 07       		.uleb128 0x7
 167 00a1 6F647200 		.ascii	"odr\000"
 168 00a5 03       		.byte	0x3
 169 00a6 45       		.byte	0x45
 170 00a7 65000000 		.4byte	0x65
 171 00ab 02       		.byte	0x2
 172 00ac 23       		.byte	0x23
 173 00ad 00       		.uleb128 0
 174 00ae 07       		.uleb128 0x7
 175 00af 63726C00 		.ascii	"crl\000"
 176 00b3 03       		.byte	0x3
 177 00b4 47       		.byte	0x47
 178 00b5 65000000 		.4byte	0x65
 179 00b9 02       		.byte	0x2
 180 00ba 23       		.byte	0x23
 181 00bb 04       		.uleb128 0x4
 182 00bc 07       		.uleb128 0x7
 183 00bd 63726800 		.ascii	"crh\000"
 184 00c1 03       		.byte	0x3
 185 00c2 49       		.byte	0x49
 186 00c3 65000000 		.4byte	0x65
 187 00c7 02       		.byte	0x2
 188 00c8 23       		.byte	0x23
 189 00c9 08       		.uleb128 0x8
 190 00ca 00       		.byte	0
 191 00cb 04       		.uleb128 0x4
 192 00cc 40000000 		.4byte	.LASF13
 193 00d0 03       		.byte	0x3
 194 00d1 4A       		.byte	0x4a
 195 00d2 98000000 		.4byte	0x98
 196 00d6 06       		.uleb128 0x6
 197 00d7 54       		.byte	0x54
 198 00d8 03       		.byte	0x3
 199 00d9 53       		.byte	0x53
 200 00da 41010000 		.4byte	0x141
 201 00de 08       		.uleb128 0x8
 202 00df 9C010000 		.4byte	.LASF14
 203 00e3 03       		.byte	0x3
 204 00e4 55       		.byte	0x55
 205 00e5 CB000000 		.4byte	0xcb
 206 00e9 02       		.byte	0x2
 207 00ea 23       		.byte	0x23
 208 00eb 00       		.uleb128 0
 209 00ec 08       		.uleb128 0x8
 210 00ed FA000000 		.4byte	.LASF15
 211 00f1 03       		.byte	0x3
 212 00f2 57       		.byte	0x57
 213 00f3 CB000000 		.4byte	0xcb
 214 00f7 02       		.byte	0x2
 215 00f8 23       		.byte	0x23
 216 00f9 0C       		.uleb128 0xc
 217 00fa 08       		.uleb128 0x8
 218 00fb 95010000 		.4byte	.LASF16
 219 00ff 03       		.byte	0x3
ARM GAS  /var/folders/dt/0wfd0knj7gs46m8vwfzktm600000gn/T//ccwcq5Ch.s 			page 5


 220 0100 59       		.byte	0x59
 221 0101 CB000000 		.4byte	0xcb
 222 0105 02       		.byte	0x2
 223 0106 23       		.byte	0x23
 224 0107 18       		.uleb128 0x18
 225 0108 08       		.uleb128 0x8
 226 0109 00000000 		.4byte	.LASF17
 227 010d 03       		.byte	0x3
 228 010e 5B       		.byte	0x5b
 229 010f CB000000 		.4byte	0xcb
 230 0113 02       		.byte	0x2
 231 0114 23       		.byte	0x23
 232 0115 24       		.uleb128 0x24
 233 0116 08       		.uleb128 0x8
 234 0117 2B000000 		.4byte	.LASF18
 235 011b 03       		.byte	0x3
 236 011c 5E       		.byte	0x5e
 237 011d CB000000 		.4byte	0xcb
 238 0121 02       		.byte	0x2
 239 0122 23       		.byte	0x23
 240 0123 30       		.uleb128 0x30
 241 0124 08       		.uleb128 0x8
 242 0125 C9000000 		.4byte	.LASF19
 243 0129 03       		.byte	0x3
 244 012a 61       		.byte	0x61
 245 012b CB000000 		.4byte	0xcb
 246 012f 02       		.byte	0x2
 247 0130 23       		.byte	0x23
 248 0131 3C       		.uleb128 0x3c
 249 0132 08       		.uleb128 0x8
 250 0133 84010000 		.4byte	.LASF20
 251 0137 03       		.byte	0x3
 252 0138 64       		.byte	0x64
 253 0139 CB000000 		.4byte	0xcb
 254 013d 02       		.byte	0x2
 255 013e 23       		.byte	0x23
 256 013f 48       		.uleb128 0x48
 257 0140 00       		.byte	0
 258 0141 04       		.uleb128 0x4
 259 0142 AC000000 		.4byte	.LASF21
 260 0146 03       		.byte	0x3
 261 0147 68       		.byte	0x68
 262 0148 D6000000 		.4byte	0xd6
 263 014c 09       		.uleb128 0x9
 264 014d 01       		.byte	0x1
 265 014e 92000000 		.4byte	.LASF27
 266 0152 01       		.byte	0x1
 267 0153 34       		.byte	0x34
 268 0154 01       		.byte	0x1
 269 0155 00000000 		.4byte	.LFB62
 270 0159 04000000 		.4byte	.LFE62
 271 015d 02       		.byte	0x2
 272 015e 7D       		.byte	0x7d
 273 015f 00       		.sleb128 0
 274 0160 01       		.byte	0x1
 275 0161 70010000 		.4byte	0x170
 276 0165 0A       		.uleb128 0xa
ARM GAS  /var/folders/dt/0wfd0knj7gs46m8vwfzktm600000gn/T//ccwcq5Ch.s 			page 6


 277 0166 04000000 		.4byte	.LVL0
 278 016a 01       		.byte	0x1
 279 016b AA010000 		.4byte	0x1aa
 280 016f 00       		.byte	0
 281 0170 0B       		.uleb128 0xb
 282 0171 01       		.byte	0x1
 283 0172 06010000 		.4byte	.LASF28
 284 0176 01       		.byte	0x1
 285 0177 3C       		.byte	0x3c
 286 0178 01       		.byte	0x1
 287 0179 00000000 		.4byte	.LFB63
 288 017d 02000000 		.4byte	.LFE63
 289 0181 02       		.byte	0x2
 290 0182 7D       		.byte	0x7d
 291 0183 00       		.sleb128 0
 292 0184 01       		.byte	0x1
 293 0185 0C       		.uleb128 0xc
 294 0186 9F000000 		.4byte	.LASF22
 295 018a 04       		.byte	0x4
 296 018b 9404     		.2byte	0x494
 297 018d 93000000 		.4byte	0x93
 298 0191 01       		.byte	0x1
 299 0192 01       		.byte	0x1
 300 0193 0D       		.uleb128 0xd
 301 0194 B6000000 		.4byte	.LASF23
 302 0198 01       		.byte	0x1
 303 0199 25       		.byte	0x25
 304 019a A5010000 		.4byte	0x1a5
 305 019e 01       		.byte	0x1
 306 019f 05       		.byte	0x5
 307 01a0 03       		.byte	0x3
 308 01a1 00000000 		.4byte	pal_default_config
 309 01a5 0E       		.uleb128 0xe
 310 01a6 41010000 		.4byte	0x141
 311 01aa 0F       		.uleb128 0xf
 312 01ab 01       		.byte	0x1
 313 01ac 53000000 		.4byte	.LASF29
 314 01b0 05       		.byte	0x5
 315 01b1 0101     		.2byte	0x101
 316 01b3 01       		.byte	0x1
 317 01b4 01       		.byte	0x1
 318 01b5 00       		.byte	0
 319              		.section	.debug_abbrev,"",%progbits
 320              	.Ldebug_abbrev0:
 321 0000 01       		.uleb128 0x1
 322 0001 11       		.uleb128 0x11
 323 0002 01       		.byte	0x1
 324 0003 25       		.uleb128 0x25
 325 0004 0E       		.uleb128 0xe
 326 0005 13       		.uleb128 0x13
 327 0006 0B       		.uleb128 0xb
 328 0007 03       		.uleb128 0x3
 329 0008 0E       		.uleb128 0xe
 330 0009 1B       		.uleb128 0x1b
 331 000a 0E       		.uleb128 0xe
 332 000b 55       		.uleb128 0x55
 333 000c 06       		.uleb128 0x6
ARM GAS  /var/folders/dt/0wfd0knj7gs46m8vwfzktm600000gn/T//ccwcq5Ch.s 			page 7


 334 000d 11       		.uleb128 0x11
 335 000e 01       		.uleb128 0x1
 336 000f 52       		.uleb128 0x52
 337 0010 01       		.uleb128 0x1
 338 0011 10       		.uleb128 0x10
 339 0012 06       		.uleb128 0x6
 340 0013 00       		.byte	0
 341 0014 00       		.byte	0
 342 0015 02       		.uleb128 0x2
 343 0016 24       		.uleb128 0x24
 344 0017 00       		.byte	0
 345 0018 0B       		.uleb128 0xb
 346 0019 0B       		.uleb128 0xb
 347 001a 3E       		.uleb128 0x3e
 348 001b 0B       		.uleb128 0xb
 349 001c 03       		.uleb128 0x3
 350 001d 08       		.uleb128 0x8
 351 001e 00       		.byte	0
 352 001f 00       		.byte	0
 353 0020 03       		.uleb128 0x3
 354 0021 24       		.uleb128 0x24
 355 0022 00       		.byte	0
 356 0023 0B       		.uleb128 0xb
 357 0024 0B       		.uleb128 0xb
 358 0025 3E       		.uleb128 0x3e
 359 0026 0B       		.uleb128 0xb
 360 0027 03       		.uleb128 0x3
 361 0028 0E       		.uleb128 0xe
 362 0029 00       		.byte	0
 363 002a 00       		.byte	0
 364 002b 04       		.uleb128 0x4
 365 002c 16       		.uleb128 0x16
 366 002d 00       		.byte	0
 367 002e 03       		.uleb128 0x3
 368 002f 0E       		.uleb128 0xe
 369 0030 3A       		.uleb128 0x3a
 370 0031 0B       		.uleb128 0xb
 371 0032 3B       		.uleb128 0x3b
 372 0033 0B       		.uleb128 0xb
 373 0034 49       		.uleb128 0x49
 374 0035 13       		.uleb128 0x13
 375 0036 00       		.byte	0
 376 0037 00       		.byte	0
 377 0038 05       		.uleb128 0x5
 378 0039 35       		.uleb128 0x35
 379 003a 00       		.byte	0
 380 003b 49       		.uleb128 0x49
 381 003c 13       		.uleb128 0x13
 382 003d 00       		.byte	0
 383 003e 00       		.byte	0
 384 003f 06       		.uleb128 0x6
 385 0040 13       		.uleb128 0x13
 386 0041 01       		.byte	0x1
 387 0042 0B       		.uleb128 0xb
 388 0043 0B       		.uleb128 0xb
 389 0044 3A       		.uleb128 0x3a
 390 0045 0B       		.uleb128 0xb
ARM GAS  /var/folders/dt/0wfd0knj7gs46m8vwfzktm600000gn/T//ccwcq5Ch.s 			page 8


 391 0046 3B       		.uleb128 0x3b
 392 0047 0B       		.uleb128 0xb
 393 0048 01       		.uleb128 0x1
 394 0049 13       		.uleb128 0x13
 395 004a 00       		.byte	0
 396 004b 00       		.byte	0
 397 004c 07       		.uleb128 0x7
 398 004d 0D       		.uleb128 0xd
 399 004e 00       		.byte	0
 400 004f 03       		.uleb128 0x3
 401 0050 08       		.uleb128 0x8
 402 0051 3A       		.uleb128 0x3a
 403 0052 0B       		.uleb128 0xb
 404 0053 3B       		.uleb128 0x3b
 405 0054 0B       		.uleb128 0xb
 406 0055 49       		.uleb128 0x49
 407 0056 13       		.uleb128 0x13
 408 0057 38       		.uleb128 0x38
 409 0058 0A       		.uleb128 0xa
 410 0059 00       		.byte	0
 411 005a 00       		.byte	0
 412 005b 08       		.uleb128 0x8
 413 005c 0D       		.uleb128 0xd
 414 005d 00       		.byte	0
 415 005e 03       		.uleb128 0x3
 416 005f 0E       		.uleb128 0xe
 417 0060 3A       		.uleb128 0x3a
 418 0061 0B       		.uleb128 0xb
 419 0062 3B       		.uleb128 0x3b
 420 0063 0B       		.uleb128 0xb
 421 0064 49       		.uleb128 0x49
 422 0065 13       		.uleb128 0x13
 423 0066 38       		.uleb128 0x38
 424 0067 0A       		.uleb128 0xa
 425 0068 00       		.byte	0
 426 0069 00       		.byte	0
 427 006a 09       		.uleb128 0x9
 428 006b 2E       		.uleb128 0x2e
 429 006c 01       		.byte	0x1
 430 006d 3F       		.uleb128 0x3f
 431 006e 0C       		.uleb128 0xc
 432 006f 03       		.uleb128 0x3
 433 0070 0E       		.uleb128 0xe
 434 0071 3A       		.uleb128 0x3a
 435 0072 0B       		.uleb128 0xb
 436 0073 3B       		.uleb128 0x3b
 437 0074 0B       		.uleb128 0xb
 438 0075 27       		.uleb128 0x27
 439 0076 0C       		.uleb128 0xc
 440 0077 11       		.uleb128 0x11
 441 0078 01       		.uleb128 0x1
 442 0079 12       		.uleb128 0x12
 443 007a 01       		.uleb128 0x1
 444 007b 40       		.uleb128 0x40
 445 007c 0A       		.uleb128 0xa
 446 007d 9742     		.uleb128 0x2117
 447 007f 0C       		.uleb128 0xc
ARM GAS  /var/folders/dt/0wfd0knj7gs46m8vwfzktm600000gn/T//ccwcq5Ch.s 			page 9


 448 0080 01       		.uleb128 0x1
 449 0081 13       		.uleb128 0x13
 450 0082 00       		.byte	0
 451 0083 00       		.byte	0
 452 0084 0A       		.uleb128 0xa
 453 0085 898201   		.uleb128 0x4109
 454 0088 00       		.byte	0
 455 0089 11       		.uleb128 0x11
 456 008a 01       		.uleb128 0x1
 457 008b 9542     		.uleb128 0x2115
 458 008d 0C       		.uleb128 0xc
 459 008e 31       		.uleb128 0x31
 460 008f 13       		.uleb128 0x13
 461 0090 00       		.byte	0
 462 0091 00       		.byte	0
 463 0092 0B       		.uleb128 0xb
 464 0093 2E       		.uleb128 0x2e
 465 0094 00       		.byte	0
 466 0095 3F       		.uleb128 0x3f
 467 0096 0C       		.uleb128 0xc
 468 0097 03       		.uleb128 0x3
 469 0098 0E       		.uleb128 0xe
 470 0099 3A       		.uleb128 0x3a
 471 009a 0B       		.uleb128 0xb
 472 009b 3B       		.uleb128 0x3b
 473 009c 0B       		.uleb128 0xb
 474 009d 27       		.uleb128 0x27
 475 009e 0C       		.uleb128 0xc
 476 009f 11       		.uleb128 0x11
 477 00a0 01       		.uleb128 0x1
 478 00a1 12       		.uleb128 0x12
 479 00a2 01       		.uleb128 0x1
 480 00a3 40       		.uleb128 0x40
 481 00a4 0A       		.uleb128 0xa
 482 00a5 9742     		.uleb128 0x2117
 483 00a7 0C       		.uleb128 0xc
 484 00a8 00       		.byte	0
 485 00a9 00       		.byte	0
 486 00aa 0C       		.uleb128 0xc
 487 00ab 34       		.uleb128 0x34
 488 00ac 00       		.byte	0
 489 00ad 03       		.uleb128 0x3
 490 00ae 0E       		.uleb128 0xe
 491 00af 3A       		.uleb128 0x3a
 492 00b0 0B       		.uleb128 0xb
 493 00b1 3B       		.uleb128 0x3b
 494 00b2 05       		.uleb128 0x5
 495 00b3 49       		.uleb128 0x49
 496 00b4 13       		.uleb128 0x13
 497 00b5 3F       		.uleb128 0x3f
 498 00b6 0C       		.uleb128 0xc
 499 00b7 3C       		.uleb128 0x3c
 500 00b8 0C       		.uleb128 0xc
 501 00b9 00       		.byte	0
 502 00ba 00       		.byte	0
 503 00bb 0D       		.uleb128 0xd
 504 00bc 34       		.uleb128 0x34
ARM GAS  /var/folders/dt/0wfd0knj7gs46m8vwfzktm600000gn/T//ccwcq5Ch.s 			page 10


 505 00bd 00       		.byte	0
 506 00be 03       		.uleb128 0x3
 507 00bf 0E       		.uleb128 0xe
 508 00c0 3A       		.uleb128 0x3a
 509 00c1 0B       		.uleb128 0xb
 510 00c2 3B       		.uleb128 0x3b
 511 00c3 0B       		.uleb128 0xb
 512 00c4 49       		.uleb128 0x49
 513 00c5 13       		.uleb128 0x13
 514 00c6 3F       		.uleb128 0x3f
 515 00c7 0C       		.uleb128 0xc
 516 00c8 02       		.uleb128 0x2
 517 00c9 0A       		.uleb128 0xa
 518 00ca 00       		.byte	0
 519 00cb 00       		.byte	0
 520 00cc 0E       		.uleb128 0xe
 521 00cd 26       		.uleb128 0x26
 522 00ce 00       		.byte	0
 523 00cf 49       		.uleb128 0x49
 524 00d0 13       		.uleb128 0x13
 525 00d1 00       		.byte	0
 526 00d2 00       		.byte	0
 527 00d3 0F       		.uleb128 0xf
 528 00d4 2E       		.uleb128 0x2e
 529 00d5 00       		.byte	0
 530 00d6 3F       		.uleb128 0x3f
 531 00d7 0C       		.uleb128 0xc
 532 00d8 03       		.uleb128 0x3
 533 00d9 0E       		.uleb128 0xe
 534 00da 3A       		.uleb128 0x3a
 535 00db 0B       		.uleb128 0xb
 536 00dc 3B       		.uleb128 0x3b
 537 00dd 05       		.uleb128 0x5
 538 00de 27       		.uleb128 0x27
 539 00df 0C       		.uleb128 0xc
 540 00e0 3C       		.uleb128 0x3c
 541 00e1 0C       		.uleb128 0xc
 542 00e2 00       		.byte	0
 543 00e3 00       		.byte	0
 544 00e4 00       		.byte	0
 545              		.section	.debug_aranges,"",%progbits
 546 0000 24000000 		.4byte	0x24
 547 0004 0200     		.2byte	0x2
 548 0006 00000000 		.4byte	.Ldebug_info0
 549 000a 04       		.byte	0x4
 550 000b 00       		.byte	0
 551 000c 0000     		.2byte	0
 552 000e 0000     		.2byte	0
 553 0010 00000000 		.4byte	.LFB62
 554 0014 04000000 		.4byte	.LFE62-.LFB62
 555 0018 00000000 		.4byte	.LFB63
 556 001c 02000000 		.4byte	.LFE63-.LFB63
 557 0020 00000000 		.4byte	0
 558 0024 00000000 		.4byte	0
 559              		.section	.debug_ranges,"",%progbits
 560              	.Ldebug_ranges0:
 561 0000 00000000 		.4byte	.LFB62
ARM GAS  /var/folders/dt/0wfd0knj7gs46m8vwfzktm600000gn/T//ccwcq5Ch.s 			page 11


 562 0004 04000000 		.4byte	.LFE62
 563 0008 00000000 		.4byte	.LFB63
 564 000c 02000000 		.4byte	.LFE63
 565 0010 00000000 		.4byte	0
 566 0014 00000000 		.4byte	0
 567              		.section	.debug_line,"",%progbits
 568              	.Ldebug_line0:
 569 0000 7D010000 		.section	.debug_str,"MS",%progbits,1
 569      02005701 
 569      00000201 
 569      FB0E0D00 
 569      01010101 
 570              	.LASF17:
 571 0000 50444461 		.ascii	"PDData\000"
 571      746100
 572              	.LASF0:
 573 0007 756E7369 		.ascii	"unsigned int\000"
 573      676E6564 
 573      20696E74 
 573      00
 574              	.LASF10:
 575 0014 6C6F6E67 		.ascii	"long long unsigned int\000"
 575      206C6F6E 
 575      6720756E 
 575      7369676E 
 575      65642069 
 576              	.LASF18:
 577 002b 50454461 		.ascii	"PEData\000"
 577      746100
 578              	.LASF2:
 579 0032 756E7369 		.ascii	"unsigned char\000"
 579      676E6564 
 579      20636861 
 579      7200
 580              	.LASF13:
 581 0040 73746D33 		.ascii	"stm32_gpio_setup_t\000"
 581      325F6770 
 581      696F5F73 
 581      65747570 
 581      5F7400
 582              	.LASF29:
 583 0053 73746D33 		.ascii	"stm32_clock_init\000"
 583      325F636C 
 583      6F636B5F 
 583      696E6974 
 583      00
 584              	.LASF8:
 585 0064 6C6F6E67 		.ascii	"long unsigned int\000"
 585      20756E73 
 585      69676E65 
 585      6420696E 
 585      7400
 586              	.LASF4:
 587 0076 73686F72 		.ascii	"short unsigned int\000"
 587      7420756E 
 587      7369676E 
 587      65642069 
ARM GAS  /var/folders/dt/0wfd0knj7gs46m8vwfzktm600000gn/T//ccwcq5Ch.s 			page 12


 587      6E7400
 588              	.LASF7:
 589 0089 75696E74 		.ascii	"uint32_t\000"
 589      33325F74 
 589      00
 590              	.LASF27:
 591 0092 5F5F6561 		.ascii	"__early_init\000"
 591      726C795F 
 591      696E6974 
 591      00
 592              	.LASF22:
 593 009f 49544D5F 		.ascii	"ITM_RxBuffer\000"
 593      52784275 
 593      66666572 
 593      00
 594              	.LASF21:
 595 00ac 50414C43 		.ascii	"PALConfig\000"
 595      6F6E6669 
 595      6700
 596              	.LASF23:
 597 00b6 70616C5F 		.ascii	"pal_default_config\000"
 597      64656661 
 597      756C745F 
 597      636F6E66 
 597      696700
 598              	.LASF19:
 599 00c9 50464461 		.ascii	"PFData\000"
 599      746100
 600              	.LASF25:
 601 00d0 2E2E2F2E 		.ascii	"../../boards/MLAB_STM32F10xRxT01A/board.c\000"
 601      2E2F626F 
 601      61726473 
 601      2F4D4C41 
 601      425F5354 
 602              	.LASF15:
 603 00fa 50424461 		.ascii	"PBData\000"
 603      746100
 604              	.LASF12:
 605 0101 63686172 		.ascii	"char\000"
 605      00
 606              	.LASF28:
 607 0106 626F6172 		.ascii	"boardInit\000"
 607      64496E69 
 607      7400
 608              	.LASF26:
 609 0110 2F557365 		.ascii	"/Users/toxygen/Projects/UAV/Control_sytem/sw/autopi"
 609      72732F74 
 609      6F787967 
 609      656E2F50 
 609      726F6A65 
 610 0143 6C6F742F 		.ascii	"lot/2.4.3/demos/test2\000"
 610      322E342E 
 610      332F6465 
 610      6D6F732F 
 610      74657374 
 611              	.LASF6:
 612 0159 696E7433 		.ascii	"int32_t\000"
ARM GAS  /var/folders/dt/0wfd0knj7gs46m8vwfzktm600000gn/T//ccwcq5Ch.s 			page 13


 612      325F7400 
 613              	.LASF11:
 614 0161 73697A65 		.ascii	"sizetype\000"
 614      74797065 
 614      00
 615              	.LASF9:
 616 016a 6C6F6E67 		.ascii	"long long int\000"
 616      206C6F6E 
 616      6720696E 
 616      7400
 617              	.LASF24:
 618 0178 474E5520 		.ascii	"GNU C 4.7.2\000"
 618      4320342E 
 618      372E3200 
 619              	.LASF20:
 620 0184 50474461 		.ascii	"PGData\000"
 620      746100
 621              	.LASF3:
 622 018b 73686F72 		.ascii	"short int\000"
 622      7420696E 
 622      7400
 623              	.LASF16:
 624 0195 50434461 		.ascii	"PCData\000"
 624      746100
 625              	.LASF14:
 626 019c 50414461 		.ascii	"PAData\000"
 626      746100
 627              	.LASF5:
 628 01a3 6C6F6E67 		.ascii	"long int\000"
 628      20696E74 
 628      00
 629              	.LASF1:
 630 01ac 7369676E 		.ascii	"signed char\000"
 630      65642063 
 630      68617200 
 631              		.ident	"GCC: (GNU) 4.7.2"
ARM GAS  /var/folders/dt/0wfd0knj7gs46m8vwfzktm600000gn/T//ccwcq5Ch.s 			page 14


DEFINED SYMBOLS
                            *ABS*:0000000000000000 board.c
/var/folders/dt/0wfd0knj7gs46m8vwfzktm600000gn/T//ccwcq5Ch.s:19     .text.__early_init:0000000000000000 $t
/var/folders/dt/0wfd0knj7gs46m8vwfzktm600000gn/T//ccwcq5Ch.s:25     .text.__early_init:0000000000000000 __early_init
/var/folders/dt/0wfd0knj7gs46m8vwfzktm600000gn/T//ccwcq5Ch.s:41     .text.boardInit:0000000000000000 $t
/var/folders/dt/0wfd0knj7gs46m8vwfzktm600000gn/T//ccwcq5Ch.s:47     .text.boardInit:0000000000000000 boardInit
/var/folders/dt/0wfd0knj7gs46m8vwfzktm600000gn/T//ccwcq5Ch.s:63     .rodata.pal_default_config:0000000000000000 pal_default_config
/var/folders/dt/0wfd0knj7gs46m8vwfzktm600000gn/T//ccwcq5Ch.s:60     .rodata.pal_default_config:0000000000000000 $d
                     .debug_frame:0000000000000010 $d

UNDEFINED SYMBOLS
stm32_clock_init
