ARM GAS  /var/folders/dt/0wfd0knj7gs46m8vwfzktm600000gn/T//ccGsw6uk.s 			page 1


   1              		.syntax unified
   2              		.cpu cortex-m3
   3              		.fpu softvfp
   4              		.eabi_attribute 20, 1
   5              		.eabi_attribute 21, 1
   6              		.eabi_attribute 23, 3
   7              		.eabi_attribute 24, 1
   8              		.eabi_attribute 25, 1
   9              		.eabi_attribute 26, 1
  10              		.eabi_attribute 30, 2
  11              		.eabi_attribute 34, 1
  12              		.eabi_attribute 18, 4
  13              		.thumb
  14              		.file	"chdynamic.c"
  15              		.text
  16              	.Ltext0:
  17              		.cfi_sections	.debug_frame
  18              		.section	.text.chThdAddRef,"ax",%progbits
  19              		.align	2
  20              		.p2align 4,,15
  21              		.global	chThdAddRef
  22              		.thumb
  23              		.thumb_func
  24              		.type	chThdAddRef, %function
  25              	chThdAddRef:
  26              	.LFB7:
  27              		.file 1 "../../os/kernel/src/chdynamic.c"
  28              		.loc 1 52 0
  29              		.cfi_startproc
  30              		@ args = 0, pretend = 0, frame = 0
  31              		@ frame_needed = 0, uses_anonymous_args = 0
  32              		@ link register save eliminated.
  33              	.LVL0:
  34              	.LBB2:
  35              		.loc 1 54 0
  36 0000 2023     		movs	r3, #32
  37              	.LVL1:
  38              	@ 54 "../../os/kernel/src/chdynamic.c" 1
  39 0002 83F31188 		msr     BASEPRI, r3
  40              	@ 0 "" 2
  41              	.LVL2:
  42              		.thumb
  43              	.LBE2:
  44              		.loc 1 56 0
  45 0006 817F     		ldrb	r1, [r0, #30]	@ zero_extendqisi2
  46              	.LBB3:
  47              		.loc 1 57 0
  48 0008 0023     		movs	r3, #0
  49              	.LVL3:
  50              	.LBE3:
  51              		.loc 1 56 0
  52 000a 0131     		adds	r1, r1, #1
  53 000c 8177     		strb	r1, [r0, #30]
  54              	.LBB4:
  55              		.loc 1 57 0
  56              	@ 57 "../../os/kernel/src/chdynamic.c" 1
  57 000e 83F31188 		msr     BASEPRI, r3
ARM GAS  /var/folders/dt/0wfd0knj7gs46m8vwfzktm600000gn/T//ccGsw6uk.s 			page 2


  58              	@ 0 "" 2
  59              	.LVL4:
  60              		.thumb
  61              	.LBE4:
  62              		.loc 1 59 0
  63 0012 7047     		bx	lr
  64              		.cfi_endproc
  65              	.LFE7:
  66              		.size	chThdAddRef, .-chThdAddRef
  67 0014 AFF30080 		.section	.text.chThdRelease,"ax",%progbits
  67      AFF30080 
  67      AFF30080 
  68              		.align	2
  69              		.p2align 4,,15
  70              		.global	chThdRelease
  71              		.thumb
  72              		.thumb_func
  73              		.type	chThdRelease, %function
  74              	chThdRelease:
  75              	.LFB8:
  76              		.loc 1 74 0
  77              		.cfi_startproc
  78              		@ args = 0, pretend = 0, frame = 0
  79              		@ frame_needed = 0, uses_anonymous_args = 0
  80              		@ link register save eliminated.
  81              	.LVL5:
  82              		.loc 1 74 0
  83 0000 0146     		mov	r1, r0
  84              	.LBB5:
  85              		.loc 1 77 0
  86 0002 2023     		movs	r3, #32
  87              	.LVL6:
  88              	@ 77 "../../os/kernel/src/chdynamic.c" 1
  89 0004 83F31188 		msr     BASEPRI, r3
  90              	@ 0 "" 2
  91              	.LVL7:
  92              		.thumb
  93              	.LBE5:
  94              		.loc 1 79 0
  95 0008 827F     		ldrb	r2, [r0, #30]	@ zero_extendqisi2
  96              	.LBB6:
  97              		.loc 1 80 0
  98 000a 0023     		movs	r3, #0
  99              	.LVL8:
 100              	.LBE6:
 101              		.loc 1 79 0
 102 000c 013A     		subs	r2, r2, #1
 103 000e D2B2     		uxtb	r2, r2
 104 0010 8277     		strb	r2, [r0, #30]
 105              	.LVL9:
 106              	.LBB7:
 107              		.loc 1 80 0
 108              	@ 80 "../../os/kernel/src/chdynamic.c" 1
 109 0012 83F31188 		msr     BASEPRI, r3
 110              	@ 0 "" 2
 111              	.LVL10:
 112              		.thumb
ARM GAS  /var/folders/dt/0wfd0knj7gs46m8vwfzktm600000gn/T//ccGsw6uk.s 			page 3


 113              	.LBE7:
 114              		.loc 1 85 0
 115 0016 12B9     		cbnz	r2, .L2
 116              		.loc 1 85 0 is_stmt 0 discriminator 1
 117 0018 037F     		ldrb	r3, [r0, #28]	@ zero_extendqisi2
 118              	.LVL11:
 119 001a 0E2B     		cmp	r3, #14
 120 001c 00D0     		beq	.L7
 121              	.LVL12:
 122              	.L2:
 123 001e 7047     		bx	lr
 124              	.LVL13:
 125              	.L7:
 126              		.loc 1 86 0 is_stmt 1
 127 0020 437F     		ldrb	r3, [r0, #29]	@ zero_extendqisi2
 128 0022 03F00303 		and	r3, r3, #3
 129 0026 012B     		cmp	r3, #1
 130 0028 09D0     		beq	.L4
 131 002a 022B     		cmp	r3, #2
 132 002c F7D1     		bne	.L2
 133              		.loc 1 98 0
 134 002e 4369     		ldr	r3, [r0, #20]
 135 0030 0269     		ldr	r2, [r0, #16]
 136              	.LVL14:
 137              		.loc 1 100 0
 138 0032 406C     		ldr	r0, [r0, #68]
 139              	.LVL15:
 140              		.loc 1 98 0
 141 0034 1A61     		str	r2, [r3, #16]
 142 0036 0A69     		ldr	r2, [r1, #16]
 143 0038 5361     		str	r3, [r2, #20]
 144              		.loc 1 105 0
 145              		.loc 1 100 0
 146 003a FFF7FEBF 		b	chPoolFree
 147              	.LVL16:
 148              	.L4:
 149              		.loc 1 90 0
 150 003e 4369     		ldr	r3, [r0, #20]
 151 0040 0269     		ldr	r2, [r0, #16]
 152              	.LVL17:
 153 0042 1A61     		str	r2, [r3, #16]
 154 0044 0269     		ldr	r2, [r0, #16]
 155 0046 5361     		str	r3, [r2, #20]
 156              		.loc 1 105 0
 157              		.loc 1 92 0
 158 0048 FFF7FEBF 		b	chHeapFree
 159              	.LVL18:
 160              		.cfi_endproc
 161              	.LFE8:
 162              		.size	chThdRelease, .-chThdRelease
 163 004c AFF30080 		.section	.text.chThdCreateFromHeap,"ax",%progbits
 164              		.align	2
 165              		.p2align 4,,15
 166              		.global	chThdCreateFromHeap
 167              		.thumb
 168              		.thumb_func
 169              		.type	chThdCreateFromHeap, %function
ARM GAS  /var/folders/dt/0wfd0knj7gs46m8vwfzktm600000gn/T//ccGsw6uk.s 			page 4


 170              	chThdCreateFromHeap:
 171              	.LFB9:
 172              		.loc 1 131 0
 173              		.cfi_startproc
 174              		@ args = 4, pretend = 0, frame = 0
 175              		@ frame_needed = 0, uses_anonymous_args = 0
 176              	.LVL19:
 177 0000 F0B5     		push	{r4, r5, r6, r7, lr}
 178              	.LCFI0:
 179              		.cfi_def_cfa_offset 20
 180              		.cfi_offset 4, -20
 181              		.cfi_offset 5, -16
 182              		.cfi_offset 6, -12
 183              		.cfi_offset 7, -8
 184              		.cfi_offset 14, -4
 185 0002 83B0     		sub	sp, sp, #12
 186              	.LCFI1:
 187              		.cfi_def_cfa_offset 32
 188              		.loc 1 131 0
 189 0004 0D46     		mov	r5, r1
 190 0006 1746     		mov	r7, r2
 191 0008 1E46     		mov	r6, r3
 192              		.loc 1 135 0
 193 000a FFF7FEFF 		bl	chHeapAlloc
 194              	.LVL20:
 195              		.loc 1 136 0
 196 000e 0446     		mov	r4, r0
 197 0010 90B1     		cbz	r0, .L9
 198              	.LBB8:
 199              		.loc 1 148 0
 200 0012 2023     		movs	r3, #32
 201              	.LVL21:
 202              	@ 148 "../../os/kernel/src/chdynamic.c" 1
 203 0014 83F31188 		msr     BASEPRI, r3
 204              	@ 0 "" 2
 205              	.LVL22:
 206              		.thumb
 207              	.LBE8:
 208              		.loc 1 149 0
 209 0018 089C     		ldr	r4, [sp, #32]
 210 001a 3346     		mov	r3, r6
 211              	.LVL23:
 212 001c 2946     		mov	r1, r5
 213 001e 3A46     		mov	r2, r7
 214 0020 0094     		str	r4, [sp, #0]
 215 0022 FFF7FEFF 		bl	chThdCreateI
 216              	.LVL24:
 217              		.loc 1 150 0
 218 0026 0123     		movs	r3, #1
 219 0028 4377     		strb	r3, [r0, #29]
 220              		.loc 1 151 0
 221 002a 0021     		movs	r1, #0
 222              		.loc 1 149 0
 223 002c 0446     		mov	r4, r0
 224              	.LVL25:
 225              		.loc 1 151 0
 226 002e FFF7FEFF 		bl	chSchWakeupS
ARM GAS  /var/folders/dt/0wfd0knj7gs46m8vwfzktm600000gn/T//ccGsw6uk.s 			page 5


 227              	.LVL26:
 228              	.LBB9:
 229              		.loc 1 152 0
 230 0032 0023     		movs	r3, #0
 231              	.LVL27:
 232              	@ 152 "../../os/kernel/src/chdynamic.c" 1
 233 0034 83F31188 		msr     BASEPRI, r3
 234              	@ 0 "" 2
 235              	.LVL28:
 236              		.thumb
 237              	.L9:
 238              	.LBE9:
 239              		.loc 1 154 0
 240 0038 2046     		mov	r0, r4
 241 003a 03B0     		add	sp, sp, #12
 242 003c F0BD     		pop	{r4, r5, r6, r7, pc}
 243              		.cfi_endproc
 244              	.LFE9:
 245              		.size	chThdCreateFromHeap, .-chThdCreateFromHeap
 246 003e 00BF     		.section	.text.chThdCreateFromMemoryPool,"ax",%progbits
 247              		.align	2
 248              		.p2align 4,,15
 249              		.global	chThdCreateFromMemoryPool
 250              		.thumb
 251              		.thumb_func
 252              		.type	chThdCreateFromMemoryPool, %function
 253              	chThdCreateFromMemoryPool:
 254              	.LFB10:
 255              		.loc 1 180 0
 256              		.cfi_startproc
 257              		@ args = 0, pretend = 0, frame = 0
 258              		@ frame_needed = 0, uses_anonymous_args = 0
 259              	.LVL29:
 260 0000 2DE9F041 		push	{r4, r5, r6, r7, r8, lr}
 261              	.LCFI2:
 262              		.cfi_def_cfa_offset 24
 263              		.cfi_offset 4, -24
 264              		.cfi_offset 5, -20
 265              		.cfi_offset 6, -16
 266              		.cfi_offset 7, -12
 267              		.cfi_offset 8, -8
 268              		.cfi_offset 14, -4
 269 0004 82B0     		sub	sp, sp, #8
 270              	.LCFI3:
 271              		.cfi_def_cfa_offset 32
 272              		.loc 1 180 0
 273 0006 0546     		mov	r5, r0
 274 0008 0F46     		mov	r7, r1
 275 000a 9046     		mov	r8, r2
 276 000c 1E46     		mov	r6, r3
 277              		.loc 1 186 0
 278 000e FFF7FEFF 		bl	chPoolAlloc
 279              	.LVL30:
 280              		.loc 1 187 0
 281 0012 0446     		mov	r4, r0
 282 0014 90B1     		cbz	r0, .L12
 283              	.LBB10:
ARM GAS  /var/folders/dt/0wfd0knj7gs46m8vwfzktm600000gn/T//ccGsw6uk.s 			page 6


 284              		.loc 1 199 0
 285 0016 2023     		movs	r3, #32
 286              	.LVL31:
 287              	@ 199 "../../os/kernel/src/chdynamic.c" 1
 288 0018 83F31188 		msr     BASEPRI, r3
 289              	@ 0 "" 2
 290              	.LVL32:
 291              		.thumb
 292              	.LBE10:
 293              		.loc 1 200 0
 294 001c 6968     		ldr	r1, [r5, #4]
 295 001e 4346     		mov	r3, r8
 296              	.LVL33:
 297 0020 3A46     		mov	r2, r7
 298 0022 0096     		str	r6, [sp, #0]
 299 0024 FFF7FEFF 		bl	chThdCreateI
 300              	.LVL34:
 301              		.loc 1 201 0
 302 0028 0223     		movs	r3, #2
 303 002a 4377     		strb	r3, [r0, #29]
 304              		.loc 1 202 0
 305 002c 4564     		str	r5, [r0, #68]
 306              		.loc 1 203 0
 307 002e 0021     		movs	r1, #0
 308              		.loc 1 200 0
 309 0030 0446     		mov	r4, r0
 310              	.LVL35:
 311              		.loc 1 203 0
 312 0032 FFF7FEFF 		bl	chSchWakeupS
 313              	.LVL36:
 314              	.LBB11:
 315              		.loc 1 204 0
 316 0036 0023     		movs	r3, #0
 317              	.LVL37:
 318              	@ 204 "../../os/kernel/src/chdynamic.c" 1
 319 0038 83F31188 		msr     BASEPRI, r3
 320              	@ 0 "" 2
 321              	.LVL38:
 322              		.thumb
 323              	.L12:
 324              	.LBE11:
 325              		.loc 1 206 0
 326 003c 2046     		mov	r0, r4
 327 003e 02B0     		add	sp, sp, #8
 328 0040 BDE8F081 		pop	{r4, r5, r6, r7, r8, pc}
 329              		.cfi_endproc
 330              	.LFE10:
 331              		.size	chThdCreateFromMemoryPool, .-chThdCreateFromMemoryPool
 332 0044 AFF30080 		.text
 332      AFF30080 
 332      AFF30080 
 333              	.Letext0:
 334              		.file 2 "/Users/toxygen/Applications/yagarto-4.7.2/bin/../lib/gcc/arm-none-eabi/4.7.2/include/stdd
 335              		.file 3 "/Users/toxygen/Applications/yagarto-4.7.2/bin/../lib/gcc/arm-none-eabi/4.7.2/../../../../
 336              		.file 4 "../../os/ports/GCC/ARMCMx/chtypes.h"
 337              		.file 5 "../../os/kernel/include/chlists.h"
 338              		.file 6 "../../os/kernel/include/chthreads.h"
ARM GAS  /var/folders/dt/0wfd0knj7gs46m8vwfzktm600000gn/T//ccGsw6uk.s 			page 7


 339              		.file 7 "../../os/ports/GCC/ARMCMx/chcore_v7m.h"
 340              		.file 8 "../../os/kernel/include/chmtx.h"
 341              		.file 9 "../../os/kernel/include/chmemcore.h"
 342              		.file 10 "../../os/kernel/include/chheap.h"
 343              		.file 11 "../../os/kernel/include/chmempools.h"
 344              		.file 12 "../../os/kernel/include/chschd.h"
 345              		.section	.debug_info,"",%progbits
 346              	.Ldebug_info0:
 347 0000 D6080000 		.4byte	0x8d6
 348 0004 0200     		.2byte	0x2
 349 0006 00000000 		.4byte	.Ldebug_abbrev0
 350 000a 04       		.byte	0x4
 351 000b 01       		.uleb128 0x1
 352 000c 41020000 		.4byte	.LASF85
 353 0010 01       		.byte	0x1
 354 0011 0E000000 		.4byte	.LASF86
 355 0015 0C010000 		.4byte	.LASF87
 356 0019 30000000 		.4byte	.Ldebug_ranges0+0x30
 357 001d 00000000 		.4byte	0
 358 0021 00000000 		.4byte	0
 359 0025 00000000 		.4byte	.Ldebug_line0
 360 0029 02       		.uleb128 0x2
 361 002a 04       		.byte	0x4
 362 002b 05       		.byte	0x5
 363 002c 696E7400 		.ascii	"int\000"
 364 0030 03       		.uleb128 0x3
 365 0031 2E000000 		.4byte	.LASF2
 366 0035 02       		.byte	0x2
 367 0036 D5       		.byte	0xd5
 368 0037 3B000000 		.4byte	0x3b
 369 003b 04       		.uleb128 0x4
 370 003c 04       		.byte	0x4
 371 003d 07       		.byte	0x7
 372 003e 92010000 		.4byte	.LASF0
 373 0042 04       		.uleb128 0x4
 374 0043 01       		.byte	0x1
 375 0044 06       		.byte	0x6
 376 0045 A4000000 		.4byte	.LASF1
 377 0049 03       		.uleb128 0x3
 378 004a 73030000 		.4byte	.LASF3
 379 004e 03       		.byte	0x3
 380 004f 2A       		.byte	0x2a
 381 0050 54000000 		.4byte	0x54
 382 0054 04       		.uleb128 0x4
 383 0055 01       		.byte	0x1
 384 0056 08       		.byte	0x8
 385 0057 89020000 		.4byte	.LASF4
 386 005b 04       		.uleb128 0x4
 387 005c 02       		.byte	0x2
 388 005d 05       		.byte	0x5
 389 005e AC020000 		.4byte	.LASF5
 390 0062 04       		.uleb128 0x4
 391 0063 02       		.byte	0x2
 392 0064 07       		.byte	0x7
 393 0065 BE010000 		.4byte	.LASF6
 394 0069 03       		.uleb128 0x3
 395 006a 81020000 		.4byte	.LASF7
ARM GAS  /var/folders/dt/0wfd0knj7gs46m8vwfzktm600000gn/T//ccGsw6uk.s 			page 8


 396 006e 03       		.byte	0x3
 397 006f 4F       		.byte	0x4f
 398 0070 74000000 		.4byte	0x74
 399 0074 04       		.uleb128 0x4
 400 0075 04       		.byte	0x4
 401 0076 05       		.byte	0x5
 402 0077 DE000000 		.4byte	.LASF8
 403 007b 03       		.uleb128 0x3
 404 007c 0B030000 		.4byte	.LASF9
 405 0080 03       		.byte	0x3
 406 0081 50       		.byte	0x50
 407 0082 86000000 		.4byte	0x86
 408 0086 04       		.uleb128 0x4
 409 0087 04       		.byte	0x4
 410 0088 07       		.byte	0x7
 411 0089 9F010000 		.4byte	.LASF10
 412 008d 04       		.uleb128 0x4
 413 008e 08       		.byte	0x8
 414 008f 05       		.byte	0x5
 415 0090 96000000 		.4byte	.LASF11
 416 0094 03       		.uleb128 0x3
 417 0095 3C000000 		.4byte	.LASF12
 418 0099 03       		.byte	0x3
 419 009a 78       		.byte	0x78
 420 009b 9F000000 		.4byte	0x9f
 421 009f 04       		.uleb128 0x4
 422 00a0 08       		.byte	0x8
 423 00a1 07       		.byte	0x7
 424 00a2 5D000000 		.4byte	.LASF13
 425 00a6 03       		.uleb128 0x3
 426 00a7 D7010000 		.4byte	.LASF14
 427 00ab 04       		.byte	0x4
 428 00ac 2F       		.byte	0x2f
 429 00ad 49000000 		.4byte	0x49
 430 00b1 03       		.uleb128 0x3
 431 00b2 FB000000 		.4byte	.LASF15
 432 00b6 04       		.byte	0x4
 433 00b7 30       		.byte	0x30
 434 00b8 49000000 		.4byte	0x49
 435 00bc 03       		.uleb128 0x3
 436 00bd 65020000 		.4byte	.LASF16
 437 00c1 04       		.byte	0x4
 438 00c2 31       		.byte	0x31
 439 00c3 49000000 		.4byte	0x49
 440 00c7 03       		.uleb128 0x3
 441 00c8 79020000 		.4byte	.LASF17
 442 00cc 04       		.byte	0x4
 443 00cd 32       		.byte	0x32
 444 00ce 7B000000 		.4byte	0x7b
 445 00d2 03       		.uleb128 0x3
 446 00d3 D1010000 		.4byte	.LASF18
 447 00d7 04       		.byte	0x4
 448 00d8 33       		.byte	0x33
 449 00d9 69000000 		.4byte	0x69
 450 00dd 03       		.uleb128 0x3
 451 00de EB010000 		.4byte	.LASF19
 452 00e2 04       		.byte	0x4
ARM GAS  /var/folders/dt/0wfd0knj7gs46m8vwfzktm600000gn/T//ccGsw6uk.s 			page 9


 453 00e3 35       		.byte	0x35
 454 00e4 7B000000 		.4byte	0x7b
 455 00e8 03       		.uleb128 0x3
 456 00e9 25030000 		.4byte	.LASF20
 457 00ed 04       		.byte	0x4
 458 00ee 36       		.byte	0x36
 459 00ef 7B000000 		.4byte	0x7b
 460 00f3 03       		.uleb128 0x3
 461 00f4 ED020000 		.4byte	.LASF21
 462 00f8 05       		.byte	0x5
 463 00f9 2A       		.byte	0x2a
 464 00fa FE000000 		.4byte	0xfe
 465 00fe 05       		.uleb128 0x5
 466 00ff ED020000 		.4byte	.LASF21
 467 0103 48       		.byte	0x48
 468 0104 06       		.byte	0x6
 469 0105 5E       		.byte	0x5e
 470 0106 15020000 		.4byte	0x215
 471 010a 06       		.uleb128 0x6
 472 010b D1020000 		.4byte	.LASF22
 473 010f 06       		.byte	0x6
 474 0110 5F       		.byte	0x5f
 475 0111 3A020000 		.4byte	0x23a
 476 0115 02       		.byte	0x2
 477 0116 23       		.byte	0x23
 478 0117 00       		.uleb128 0
 479 0118 06       		.uleb128 0x6
 480 0119 72020000 		.4byte	.LASF23
 481 011d 06       		.byte	0x6
 482 011e 61       		.byte	0x61
 483 011f 3A020000 		.4byte	0x23a
 484 0123 02       		.byte	0x2
 485 0124 23       		.byte	0x23
 486 0125 04       		.uleb128 0x4
 487 0126 06       		.uleb128 0x6
 488 0127 8F000000 		.4byte	.LASF24
 489 012b 06       		.byte	0x6
 490 012c 63       		.byte	0x63
 491 012d C7000000 		.4byte	0xc7
 492 0131 02       		.byte	0x2
 493 0132 23       		.byte	0x23
 494 0133 08       		.uleb128 0x8
 495 0134 06       		.uleb128 0x6
 496 0135 A8030000 		.4byte	.LASF25
 497 0139 06       		.byte	0x6
 498 013a 64       		.byte	0x64
 499 013b 12030000 		.4byte	0x312
 500 013f 02       		.byte	0x2
 501 0140 23       		.byte	0x23
 502 0141 0C       		.uleb128 0xc
 503 0142 06       		.uleb128 0x6
 504 0143 55010000 		.4byte	.LASF26
 505 0147 06       		.byte	0x6
 506 0148 66       		.byte	0x66
 507 0149 3A020000 		.4byte	0x23a
 508 014d 02       		.byte	0x2
 509 014e 23       		.byte	0x23
ARM GAS  /var/folders/dt/0wfd0knj7gs46m8vwfzktm600000gn/T//ccGsw6uk.s 			page 10


 510 014f 10       		.uleb128 0x10
 511 0150 06       		.uleb128 0x6
 512 0151 1D020000 		.4byte	.LASF27
 513 0155 06       		.byte	0x6
 514 0156 67       		.byte	0x67
 515 0157 3A020000 		.4byte	0x23a
 516 015b 02       		.byte	0x2
 517 015c 23       		.byte	0x23
 518 015d 14       		.uleb128 0x14
 519 015e 06       		.uleb128 0x6
 520 015f 99030000 		.4byte	.LASF28
 521 0163 06       		.byte	0x6
 522 0164 6E       		.byte	0x6e
 523 0165 EF040000 		.4byte	0x4ef
 524 0169 02       		.byte	0x2
 525 016a 23       		.byte	0x23
 526 016b 18       		.uleb128 0x18
 527 016c 06       		.uleb128 0x6
 528 016d B6020000 		.4byte	.LASF29
 529 0171 06       		.byte	0x6
 530 0172 79       		.byte	0x79
 531 0173 B1000000 		.4byte	0xb1
 532 0177 02       		.byte	0x2
 533 0178 23       		.byte	0x23
 534 0179 1C       		.uleb128 0x1c
 535 017a 06       		.uleb128 0x6
 536 017b D8020000 		.4byte	.LASF30
 537 017f 06       		.byte	0x6
 538 0180 7D       		.byte	0x7d
 539 0181 A6000000 		.4byte	0xa6
 540 0185 02       		.byte	0x2
 541 0186 23       		.byte	0x23
 542 0187 1D       		.uleb128 0x1d
 543 0188 06       		.uleb128 0x6
 544 0189 6C030000 		.4byte	.LASF31
 545 018d 06       		.byte	0x6
 546 018e 82       		.byte	0x82
 547 018f BC000000 		.4byte	0xbc
 548 0193 02       		.byte	0x2
 549 0194 23       		.byte	0x23
 550 0195 1E       		.uleb128 0x1e
 551 0196 06       		.uleb128 0x6
 552 0197 3A030000 		.4byte	.LASF32
 553 019b 06       		.byte	0x6
 554 019c 89       		.byte	0x89
 555 019d 3C030000 		.4byte	0x33c
 556 01a1 02       		.byte	0x2
 557 01a2 23       		.byte	0x23
 558 01a3 20       		.uleb128 0x20
 559 01a4 07       		.uleb128 0x7
 560 01a5 705F7500 		.ascii	"p_u\000"
 561 01a9 06       		.byte	0x6
 562 01aa AE       		.byte	0xae
 563 01ab BA040000 		.4byte	0x4ba
 564 01af 02       		.byte	0x2
 565 01b0 23       		.byte	0x23
 566 01b1 24       		.uleb128 0x24
ARM GAS  /var/folders/dt/0wfd0knj7gs46m8vwfzktm600000gn/T//ccGsw6uk.s 			page 11


 567 01b2 06       		.uleb128 0x6
 568 01b3 AE030000 		.4byte	.LASF33
 569 01b7 06       		.byte	0x6
 570 01b8 B3       		.byte	0xb3
 571 01b9 62020000 		.4byte	0x262
 572 01bd 02       		.byte	0x2
 573 01be 23       		.byte	0x23
 574 01bf 28       		.uleb128 0x28
 575 01c0 06       		.uleb128 0x6
 576 01c1 48030000 		.4byte	.LASF34
 577 01c5 06       		.byte	0x6
 578 01c6 B9       		.byte	0xb9
 579 01c7 40020000 		.4byte	0x240
 580 01cb 02       		.byte	0x2
 581 01cc 23       		.byte	0x23
 582 01cd 2C       		.uleb128 0x2c
 583 01ce 06       		.uleb128 0x6
 584 01cf 08000000 		.4byte	.LASF35
 585 01d3 06       		.byte	0x6
 586 01d4 BD       		.byte	0xbd
 587 01d5 D2000000 		.4byte	0xd2
 588 01d9 02       		.byte	0x2
 589 01da 23       		.byte	0x23
 590 01db 34       		.uleb128 0x34
 591 01dc 06       		.uleb128 0x6
 592 01dd 00030000 		.4byte	.LASF36
 593 01e1 06       		.byte	0x6
 594 01e2 C3       		.byte	0xc3
 595 01e3 DD000000 		.4byte	0xdd
 596 01e7 02       		.byte	0x2
 597 01e8 23       		.byte	0x23
 598 01e9 38       		.uleb128 0x38
 599 01ea 06       		.uleb128 0x6
 600 01eb A2020000 		.4byte	.LASF37
 601 01ef 06       		.byte	0x6
 602 01f0 CA       		.byte	0xca
 603 01f1 01050000 		.4byte	0x501
 604 01f5 02       		.byte	0x2
 605 01f6 23       		.byte	0x23
 606 01f7 3C       		.uleb128 0x3c
 607 01f8 06       		.uleb128 0x6
 608 01f9 2F030000 		.4byte	.LASF38
 609 01fd 06       		.byte	0x6
 610 01fe CE       		.byte	0xce
 611 01ff C7000000 		.4byte	0xc7
 612 0203 02       		.byte	0x2
 613 0204 23       		.byte	0x23
 614 0205 40       		.uleb128 0x40
 615 0206 06       		.uleb128 0x6
 616 0207 B6000000 		.4byte	.LASF39
 617 020b 06       		.byte	0x6
 618 020c D4       		.byte	0xd4
 619 020d 78020000 		.4byte	0x278
 620 0211 02       		.byte	0x2
 621 0212 23       		.byte	0x23
 622 0213 44       		.uleb128 0x44
 623 0214 00       		.byte	0
ARM GAS  /var/folders/dt/0wfd0knj7gs46m8vwfzktm600000gn/T//ccGsw6uk.s 			page 12


 624 0215 08       		.uleb128 0x8
 625 0216 08       		.byte	0x8
 626 0217 05       		.byte	0x5
 627 0218 61       		.byte	0x61
 628 0219 3A020000 		.4byte	0x23a
 629 021d 06       		.uleb128 0x6
 630 021e D1020000 		.4byte	.LASF22
 631 0222 05       		.byte	0x5
 632 0223 62       		.byte	0x62
 633 0224 3A020000 		.4byte	0x23a
 634 0228 02       		.byte	0x2
 635 0229 23       		.byte	0x23
 636 022a 00       		.uleb128 0
 637 022b 06       		.uleb128 0x6
 638 022c 72020000 		.4byte	.LASF23
 639 0230 05       		.byte	0x5
 640 0231 64       		.byte	0x64
 641 0232 3A020000 		.4byte	0x23a
 642 0236 02       		.byte	0x2
 643 0237 23       		.byte	0x23
 644 0238 04       		.uleb128 0x4
 645 0239 00       		.byte	0
 646 023a 09       		.uleb128 0x9
 647 023b 04       		.byte	0x4
 648 023c F3000000 		.4byte	0xf3
 649 0240 03       		.uleb128 0x3
 650 0241 25020000 		.4byte	.LASF40
 651 0245 05       		.byte	0x5
 652 0246 66       		.byte	0x66
 653 0247 15020000 		.4byte	0x215
 654 024b 08       		.uleb128 0x8
 655 024c 04       		.byte	0x4
 656 024d 05       		.byte	0x5
 657 024e 6B       		.byte	0x6b
 658 024f 62020000 		.4byte	0x262
 659 0253 06       		.uleb128 0x6
 660 0254 D1020000 		.4byte	.LASF22
 661 0258 05       		.byte	0x5
 662 0259 6D       		.byte	0x6d
 663 025a 3A020000 		.4byte	0x23a
 664 025e 02       		.byte	0x2
 665 025f 23       		.byte	0x23
 666 0260 00       		.uleb128 0
 667 0261 00       		.byte	0
 668 0262 03       		.uleb128 0x3
 669 0263 DF010000 		.4byte	.LASF41
 670 0267 05       		.byte	0x5
 671 0268 70       		.byte	0x70
 672 0269 4B020000 		.4byte	0x24b
 673 026d 03       		.uleb128 0x3
 674 026e 83010000 		.4byte	.LASF42
 675 0272 07       		.byte	0x7
 676 0273 D7       		.byte	0xd7
 677 0274 78020000 		.4byte	0x278
 678 0278 0A       		.uleb128 0xa
 679 0279 04       		.byte	0x4
 680 027a 03       		.uleb128 0x3
ARM GAS  /var/folders/dt/0wfd0knj7gs46m8vwfzktm600000gn/T//ccGsw6uk.s 			page 13


 681 027b 09020000 		.4byte	.LASF43
 682 027f 07       		.byte	0x7
 683 0280 DD       		.byte	0xdd
 684 0281 94000000 		.4byte	0x94
 685 0285 05       		.uleb128 0x5
 686 0286 41030000 		.4byte	.LASF44
 687 028a 24       		.byte	0x24
 688 028b 07       		.byte	0x7
 689 028c FE       		.byte	0xfe
 690 028d 12030000 		.4byte	0x312
 691 0291 0B       		.uleb128 0xb
 692 0292 723400   		.ascii	"r4\000"
 693 0295 07       		.byte	0x7
 694 0296 1101     		.2byte	0x111
 695 0298 6D020000 		.4byte	0x26d
 696 029c 02       		.byte	0x2
 697 029d 23       		.byte	0x23
 698 029e 00       		.uleb128 0
 699 029f 0B       		.uleb128 0xb
 700 02a0 723500   		.ascii	"r5\000"
 701 02a3 07       		.byte	0x7
 702 02a4 1201     		.2byte	0x112
 703 02a6 6D020000 		.4byte	0x26d
 704 02aa 02       		.byte	0x2
 705 02ab 23       		.byte	0x23
 706 02ac 04       		.uleb128 0x4
 707 02ad 0B       		.uleb128 0xb
 708 02ae 723600   		.ascii	"r6\000"
 709 02b1 07       		.byte	0x7
 710 02b2 1301     		.2byte	0x113
 711 02b4 6D020000 		.4byte	0x26d
 712 02b8 02       		.byte	0x2
 713 02b9 23       		.byte	0x23
 714 02ba 08       		.uleb128 0x8
 715 02bb 0B       		.uleb128 0xb
 716 02bc 723700   		.ascii	"r7\000"
 717 02bf 07       		.byte	0x7
 718 02c0 1401     		.2byte	0x114
 719 02c2 6D020000 		.4byte	0x26d
 720 02c6 02       		.byte	0x2
 721 02c7 23       		.byte	0x23
 722 02c8 0C       		.uleb128 0xc
 723 02c9 0B       		.uleb128 0xb
 724 02ca 723800   		.ascii	"r8\000"
 725 02cd 07       		.byte	0x7
 726 02ce 1501     		.2byte	0x115
 727 02d0 6D020000 		.4byte	0x26d
 728 02d4 02       		.byte	0x2
 729 02d5 23       		.byte	0x23
 730 02d6 10       		.uleb128 0x10
 731 02d7 0B       		.uleb128 0xb
 732 02d8 723900   		.ascii	"r9\000"
 733 02db 07       		.byte	0x7
 734 02dc 1601     		.2byte	0x116
 735 02de 6D020000 		.4byte	0x26d
 736 02e2 02       		.byte	0x2
 737 02e3 23       		.byte	0x23
ARM GAS  /var/folders/dt/0wfd0knj7gs46m8vwfzktm600000gn/T//ccGsw6uk.s 			page 14


 738 02e4 14       		.uleb128 0x14
 739 02e5 0B       		.uleb128 0xb
 740 02e6 72313000 		.ascii	"r10\000"
 741 02ea 07       		.byte	0x7
 742 02eb 1701     		.2byte	0x117
 743 02ed 6D020000 		.4byte	0x26d
 744 02f1 02       		.byte	0x2
 745 02f2 23       		.byte	0x23
 746 02f3 18       		.uleb128 0x18
 747 02f4 0B       		.uleb128 0xb
 748 02f5 72313100 		.ascii	"r11\000"
 749 02f9 07       		.byte	0x7
 750 02fa 1801     		.2byte	0x118
 751 02fc 6D020000 		.4byte	0x26d
 752 0300 02       		.byte	0x2
 753 0301 23       		.byte	0x23
 754 0302 1C       		.uleb128 0x1c
 755 0303 0B       		.uleb128 0xb
 756 0304 6C7200   		.ascii	"lr\000"
 757 0307 07       		.byte	0x7
 758 0308 1901     		.2byte	0x119
 759 030a 6D020000 		.4byte	0x26d
 760 030e 02       		.byte	0x2
 761 030f 23       		.byte	0x23
 762 0310 20       		.uleb128 0x20
 763 0311 00       		.byte	0
 764 0312 0C       		.uleb128 0xc
 765 0313 B1010000 		.4byte	.LASF45
 766 0317 04       		.byte	0x4
 767 0318 07       		.byte	0x7
 768 0319 2301     		.2byte	0x123
 769 031b 2F030000 		.4byte	0x32f
 770 031f 0B       		.uleb128 0xb
 771 0320 72313300 		.ascii	"r13\000"
 772 0324 07       		.byte	0x7
 773 0325 2401     		.2byte	0x124
 774 0327 2F030000 		.4byte	0x32f
 775 032b 02       		.byte	0x2
 776 032c 23       		.byte	0x23
 777 032d 00       		.uleb128 0
 778 032e 00       		.byte	0
 779 032f 09       		.uleb128 0x9
 780 0330 04       		.byte	0x4
 781 0331 85020000 		.4byte	0x285
 782 0335 04       		.uleb128 0x4
 783 0336 04       		.byte	0x4
 784 0337 07       		.byte	0x7
 785 0338 14020000 		.4byte	.LASF46
 786 033c 0D       		.uleb128 0xd
 787 033d E8000000 		.4byte	0xe8
 788 0341 05       		.uleb128 0x5
 789 0342 F7010000 		.4byte	.LASF47
 790 0346 10       		.byte	0x10
 791 0347 08       		.byte	0x8
 792 0348 2C       		.byte	0x2c
 793 0349 78030000 		.4byte	0x378
 794 034d 06       		.uleb128 0x6
ARM GAS  /var/folders/dt/0wfd0knj7gs46m8vwfzktm600000gn/T//ccGsw6uk.s 			page 15


 795 034e BE000000 		.4byte	.LASF48
 796 0352 08       		.byte	0x8
 797 0353 2D       		.byte	0x2d
 798 0354 40020000 		.4byte	0x240
 799 0358 02       		.byte	0x2
 800 0359 23       		.byte	0x23
 801 035a 00       		.uleb128 0
 802 035b 06       		.uleb128 0x6
 803 035c A0030000 		.4byte	.LASF49
 804 0360 08       		.byte	0x8
 805 0361 2F       		.byte	0x2f
 806 0362 3A020000 		.4byte	0x23a
 807 0366 02       		.byte	0x2
 808 0367 23       		.byte	0x23
 809 0368 08       		.uleb128 0x8
 810 0369 06       		.uleb128 0x6
 811 036a 1E030000 		.4byte	.LASF50
 812 036e 08       		.byte	0x8
 813 036f 31       		.byte	0x31
 814 0370 78030000 		.4byte	0x378
 815 0374 02       		.byte	0x2
 816 0375 23       		.byte	0x23
 817 0376 0C       		.uleb128 0xc
 818 0377 00       		.byte	0
 819 0378 09       		.uleb128 0x9
 820 0379 04       		.byte	0x4
 821 037a 41030000 		.4byte	0x341
 822 037e 03       		.uleb128 0x3
 823 037f F7010000 		.4byte	.LASF47
 824 0383 08       		.byte	0x8
 825 0384 33       		.byte	0x33
 826 0385 41030000 		.4byte	0x341
 827 0389 03       		.uleb128 0x3
 828 038a 50000000 		.4byte	.LASF51
 829 038e 09       		.byte	0x9
 830 038f 2C       		.byte	0x2c
 831 0390 94030000 		.4byte	0x394
 832 0394 09       		.uleb128 0x9
 833 0395 04       		.byte	0x4
 834 0396 9A030000 		.4byte	0x39a
 835 039a 0E       		.uleb128 0xe
 836 039b 01       		.byte	0x1
 837 039c 78020000 		.4byte	0x278
 838 03a0 AA030000 		.4byte	0x3aa
 839 03a4 0F       		.uleb128 0xf
 840 03a5 30000000 		.4byte	0x30
 841 03a9 00       		.byte	0
 842 03aa 03       		.uleb128 0x3
 843 03ab 52020000 		.4byte	.LASF52
 844 03af 0A       		.byte	0xa
 845 03b0 34       		.byte	0x34
 846 03b1 B5030000 		.4byte	0x3b5
 847 03b5 05       		.uleb128 0x5
 848 03b6 B8030000 		.4byte	.LASF53
 849 03ba 20       		.byte	0x20
 850 03bb 0A       		.byte	0xa
 851 03bc 47       		.byte	0x47
ARM GAS  /var/folders/dt/0wfd0knj7gs46m8vwfzktm600000gn/T//ccGsw6uk.s 			page 16


 852 03bd EC030000 		.4byte	0x3ec
 853 03c1 06       		.uleb128 0x6
 854 03c2 97020000 		.4byte	.LASF54
 855 03c6 0A       		.byte	0xa
 856 03c7 48       		.byte	0x48
 857 03c8 89030000 		.4byte	0x389
 858 03cc 02       		.byte	0x2
 859 03cd 23       		.byte	0x23
 860 03ce 00       		.uleb128 0
 861 03cf 06       		.uleb128 0x6
 862 03d0 7D000000 		.4byte	.LASF55
 863 03d4 0A       		.byte	0xa
 864 03d5 4A       		.byte	0x4a
 865 03d6 0B040000 		.4byte	0x40b
 866 03da 02       		.byte	0x2
 867 03db 23       		.byte	0x23
 868 03dc 08       		.uleb128 0x8
 869 03dd 06       		.uleb128 0x6
 870 03de B0000000 		.4byte	.LASF56
 871 03e2 0A       		.byte	0xa
 872 03e3 4C       		.byte	0x4c
 873 03e4 7E030000 		.4byte	0x37e
 874 03e8 02       		.byte	0x2
 875 03e9 23       		.byte	0x23
 876 03ea 10       		.uleb128 0x10
 877 03eb 00       		.byte	0
 878 03ec 10       		.uleb128 0x10
 879 03ed 04       		.byte	0x4
 880 03ee 0A       		.byte	0xa
 881 03ef 3C       		.byte	0x3c
 882 03f0 0B040000 		.4byte	0x40b
 883 03f4 11       		.uleb128 0x11
 884 03f5 8A000000 		.4byte	.LASF57
 885 03f9 0A       		.byte	0xa
 886 03fa 3D       		.byte	0x3d
 887 03fb 2C040000 		.4byte	0x42c
 888 03ff 11       		.uleb128 0x11
 889 0400 14030000 		.4byte	.LASF58
 890 0404 0A       		.byte	0xa
 891 0405 3E       		.byte	0x3e
 892 0406 32040000 		.4byte	0x432
 893 040a 00       		.byte	0
 894 040b 12       		.uleb128 0x12
 895 040c BE020000 		.4byte	.LASF88
 896 0410 08       		.byte	0x8
 897 0411 0A       		.byte	0xa
 898 0412 39       		.byte	0x39
 899 0413 2C040000 		.4byte	0x42c
 900 0417 11       		.uleb128 0x11
 901 0418 8C010000 		.4byte	.LASF59
 902 041c 0A       		.byte	0xa
 903 041d 3A       		.byte	0x3a
 904 041e 7A020000 		.4byte	0x27a
 905 0422 13       		.uleb128 0x13
 906 0423 6800     		.ascii	"h\000"
 907 0425 0A       		.byte	0xa
 908 0426 41       		.byte	0x41
ARM GAS  /var/folders/dt/0wfd0knj7gs46m8vwfzktm600000gn/T//ccGsw6uk.s 			page 17


 909 0427 38040000 		.4byte	0x438
 910 042b 00       		.byte	0
 911 042c 09       		.uleb128 0x9
 912 042d 04       		.byte	0x4
 913 042e 0B040000 		.4byte	0x40b
 914 0432 09       		.uleb128 0x9
 915 0433 04       		.byte	0x4
 916 0434 AA030000 		.4byte	0x3aa
 917 0438 08       		.uleb128 0x8
 918 0439 08       		.byte	0x8
 919 043a 0A       		.byte	0xa
 920 043b 3B       		.byte	0x3b
 921 043c 5B040000 		.4byte	0x45b
 922 0440 07       		.uleb128 0x7
 923 0441 7500     		.ascii	"u\000"
 924 0443 0A       		.byte	0xa
 925 0444 3F       		.byte	0x3f
 926 0445 EC030000 		.4byte	0x3ec
 927 0449 02       		.byte	0x2
 928 044a 23       		.byte	0x23
 929 044b 00       		.uleb128 0
 930 044c 06       		.uleb128 0x6
 931 044d B9010000 		.4byte	.LASF60
 932 0451 0A       		.byte	0xa
 933 0452 40       		.byte	0x40
 934 0453 30000000 		.4byte	0x30
 935 0457 02       		.byte	0x2
 936 0458 23       		.byte	0x23
 937 0459 04       		.uleb128 0x4
 938 045a 00       		.byte	0
 939 045b 05       		.uleb128 0x5
 940 045c 60030000 		.4byte	.LASF61
 941 0460 04       		.byte	0x4
 942 0461 0B       		.byte	0xb
 943 0462 2C       		.byte	0x2c
 944 0463 76040000 		.4byte	0x476
 945 0467 06       		.uleb128 0x6
 946 0468 5D020000 		.4byte	.LASF62
 947 046c 0B       		.byte	0xb
 948 046d 2D       		.byte	0x2d
 949 046e 76040000 		.4byte	0x476
 950 0472 02       		.byte	0x2
 951 0473 23       		.byte	0x23
 952 0474 00       		.uleb128 0
 953 0475 00       		.byte	0
 954 0476 09       		.uleb128 0x9
 955 0477 04       		.byte	0x4
 956 0478 5B040000 		.4byte	0x45b
 957 047c 08       		.uleb128 0x8
 958 047d 0C       		.byte	0xc
 959 047e 0B       		.byte	0xb
 960 047f 34       		.byte	0x34
 961 0480 AF040000 		.4byte	0x4af
 962 0484 06       		.uleb128 0x6
 963 0485 04010000 		.4byte	.LASF63
 964 0489 0B       		.byte	0xb
 965 048a 35       		.byte	0x35
ARM GAS  /var/folders/dt/0wfd0knj7gs46m8vwfzktm600000gn/T//ccGsw6uk.s 			page 18


 966 048b 76040000 		.4byte	0x476
 967 048f 02       		.byte	0x2
 968 0490 23       		.byte	0x23
 969 0491 00       		.uleb128 0
 970 0492 06       		.uleb128 0x6
 971 0493 32020000 		.4byte	.LASF64
 972 0497 0B       		.byte	0xb
 973 0498 36       		.byte	0x36
 974 0499 30000000 		.4byte	0x30
 975 049d 02       		.byte	0x2
 976 049e 23       		.byte	0x23
 977 049f 04       		.uleb128 0x4
 978 04a0 06       		.uleb128 0x6
 979 04a1 77010000 		.4byte	.LASF65
 980 04a5 0B       		.byte	0xb
 981 04a6 38       		.byte	0x38
 982 04a7 89030000 		.4byte	0x389
 983 04ab 02       		.byte	0x2
 984 04ac 23       		.byte	0x23
 985 04ad 08       		.uleb128 0x8
 986 04ae 00       		.byte	0
 987 04af 03       		.uleb128 0x3
 988 04b0 45000000 		.4byte	.LASF66
 989 04b4 0B       		.byte	0xb
 990 04b5 3A       		.byte	0x3a
 991 04b6 7C040000 		.4byte	0x47c
 992 04ba 10       		.uleb128 0x10
 993 04bb 04       		.byte	0x4
 994 04bc 06       		.byte	0x6
 995 04bd 90       		.byte	0x90
 996 04be EF040000 		.4byte	0x4ef
 997 04c2 11       		.uleb128 0x11
 998 04c3 35000000 		.4byte	.LASF67
 999 04c7 06       		.byte	0x6
 1000 04c8 97       		.byte	0x97
 1001 04c9 D2000000 		.4byte	0xd2
 1002 04cd 11       		.uleb128 0x11
 1003 04ce 74000000 		.4byte	.LASF68
 1004 04d2 06       		.byte	0x6
 1005 04d3 9E       		.byte	0x9e
 1006 04d4 D2000000 		.4byte	0xd2
 1007 04d8 11       		.uleb128 0x11
 1008 04d9 92030000 		.4byte	.LASF69
 1009 04dd 06       		.byte	0x6
 1010 04de A5       		.byte	0xa5
 1011 04df 78020000 		.4byte	0x278
 1012 04e3 11       		.uleb128 0x11
 1013 04e4 CA020000 		.4byte	.LASF70
 1014 04e8 06       		.byte	0x6
 1015 04e9 AC       		.byte	0xac
 1016 04ea DD000000 		.4byte	0xdd
 1017 04ee 00       		.byte	0
 1018 04ef 09       		.uleb128 0x9
 1019 04f0 04       		.byte	0x4
 1020 04f1 F5040000 		.4byte	0x4f5
 1021 04f5 14       		.uleb128 0x14
 1022 04f6 FA040000 		.4byte	0x4fa
ARM GAS  /var/folders/dt/0wfd0knj7gs46m8vwfzktm600000gn/T//ccGsw6uk.s 			page 19


 1023 04fa 04       		.uleb128 0x4
 1024 04fb 01       		.byte	0x1
 1025 04fc 08       		.byte	0x8
 1026 04fd 19030000 		.4byte	.LASF71
 1027 0501 09       		.uleb128 0x9
 1028 0502 04       		.byte	0x4
 1029 0503 7E030000 		.4byte	0x37e
 1030 0507 03       		.uleb128 0x3
 1031 0508 00000000 		.4byte	.LASF72
 1032 050c 06       		.byte	0x6
 1033 050d DF       		.byte	0xdf
 1034 050e 12050000 		.4byte	0x512
 1035 0512 09       		.uleb128 0x9
 1036 0513 04       		.byte	0x4
 1037 0514 18050000 		.4byte	0x518
 1038 0518 0E       		.uleb128 0xe
 1039 0519 01       		.byte	0x1
 1040 051a D2000000 		.4byte	0xd2
 1041 051e 28050000 		.4byte	0x528
 1042 0522 0F       		.uleb128 0xf
 1043 0523 78020000 		.4byte	0x278
 1044 0527 00       		.byte	0
 1045 0528 15       		.uleb128 0x15
 1046 0529 01       		.byte	0x1
 1047 052a FD010000 		.4byte	.LASF74
 1048 052e 01       		.byte	0x1
 1049 052f 34       		.byte	0x34
 1050 0530 01       		.byte	0x1
 1051 0531 3A020000 		.4byte	0x23a
 1052 0535 00000000 		.4byte	.LFB7
 1053 0539 14000000 		.4byte	.LFE7
 1054 053d 02       		.byte	0x2
 1055 053e 7D       		.byte	0x7d
 1056 053f 00       		.sleb128 0
 1057 0540 01       		.byte	0x1
 1058 0541 84050000 		.4byte	0x584
 1059 0545 16       		.uleb128 0x16
 1060 0546 747000   		.ascii	"tp\000"
 1061 0549 01       		.byte	0x1
 1062 054a 34       		.byte	0x34
 1063 054b 3A020000 		.4byte	0x23a
 1064 054f 01       		.byte	0x1
 1065 0550 50       		.byte	0x50
 1066 0551 17       		.uleb128 0x17
 1067 0552 00000000 		.4byte	.LBB2
 1068 0556 06000000 		.4byte	.LBE2
 1069 055a 6E050000 		.4byte	0x56e
 1070 055e 18       		.uleb128 0x18
 1071 055f 746D7000 		.ascii	"tmp\000"
 1072 0563 01       		.byte	0x1
 1073 0564 36       		.byte	0x36
 1074 0565 7B000000 		.4byte	0x7b
 1075 0569 00000000 		.4byte	.LLST0
 1076 056d 00       		.byte	0
 1077 056e 19       		.uleb128 0x19
 1078 056f 00000000 		.4byte	.Ldebug_ranges0+0
 1079 0573 18       		.uleb128 0x18
ARM GAS  /var/folders/dt/0wfd0knj7gs46m8vwfzktm600000gn/T//ccGsw6uk.s 			page 20


 1080 0574 746D7000 		.ascii	"tmp\000"
 1081 0578 01       		.byte	0x1
 1082 0579 39       		.byte	0x39
 1083 057a 7B000000 		.4byte	0x7b
 1084 057e 13000000 		.4byte	.LLST1
 1085 0582 00       		.byte	0
 1086 0583 00       		.byte	0
 1087 0584 1A       		.uleb128 0x1a
 1088 0585 01       		.byte	0x1
 1089 0586 E0020000 		.4byte	.LASF89
 1090 058a 01       		.byte	0x1
 1091 058b 4A       		.byte	0x4a
 1092 058c 01       		.byte	0x1
 1093 058d 00000000 		.4byte	.LFB8
 1094 0591 4C000000 		.4byte	.LFE8
 1095 0595 02       		.byte	0x2
 1096 0596 7D       		.byte	0x7d
 1097 0597 00       		.sleb128 0
 1098 0598 01       		.byte	0x1
 1099 0599 19060000 		.4byte	0x619
 1100 059d 1B       		.uleb128 0x1b
 1101 059e 747000   		.ascii	"tp\000"
 1102 05a1 01       		.byte	0x1
 1103 05a2 4A       		.byte	0x4a
 1104 05a3 3A020000 		.4byte	0x23a
 1105 05a7 26000000 		.4byte	.LLST2
 1106 05ab 1C       		.uleb128 0x1c
 1107 05ac 6D020000 		.4byte	.LASF73
 1108 05b0 01       		.byte	0x1
 1109 05b1 4B       		.byte	0x4b
 1110 05b2 BC000000 		.4byte	0xbc
 1111 05b6 6B000000 		.4byte	.LLST3
 1112 05ba 17       		.uleb128 0x17
 1113 05bb 02000000 		.4byte	.LBB5
 1114 05bf 08000000 		.4byte	.LBE5
 1115 05c3 D7050000 		.4byte	0x5d7
 1116 05c7 18       		.uleb128 0x18
 1117 05c8 746D7000 		.ascii	"tmp\000"
 1118 05cc 01       		.byte	0x1
 1119 05cd 4D       		.byte	0x4d
 1120 05ce 7B000000 		.4byte	0x7b
 1121 05d2 C5000000 		.4byte	.LLST4
 1122 05d6 00       		.byte	0
 1123 05d7 1D       		.uleb128 0x1d
 1124 05d8 18000000 		.4byte	.Ldebug_ranges0+0x18
 1125 05dc F0050000 		.4byte	0x5f0
 1126 05e0 18       		.uleb128 0x18
 1127 05e1 746D7000 		.ascii	"tmp\000"
 1128 05e5 01       		.byte	0x1
 1129 05e6 50       		.byte	0x50
 1130 05e7 7B000000 		.4byte	0x7b
 1131 05eb D8000000 		.4byte	.LLST5
 1132 05ef 00       		.byte	0
 1133 05f0 1E       		.uleb128 0x1e
 1134 05f1 3E000000 		.4byte	.LVL16
 1135 05f5 01       		.byte	0x1
 1136 05f6 35080000 		.4byte	0x835
ARM GAS  /var/folders/dt/0wfd0knj7gs46m8vwfzktm600000gn/T//ccGsw6uk.s 			page 21


 1137 05fa 06060000 		.4byte	0x606
 1138 05fe 1F       		.uleb128 0x1f
 1139 05ff 01       		.byte	0x1
 1140 0600 51       		.byte	0x51
 1141 0601 03       		.byte	0x3
 1142 0602 F3       		.byte	0xf3
 1143 0603 01       		.uleb128 0x1
 1144 0604 50       		.byte	0x50
 1145 0605 00       		.byte	0
 1146 0606 20       		.uleb128 0x20
 1147 0607 4C000000 		.4byte	.LVL18
 1148 060b 01       		.byte	0x1
 1149 060c 4E080000 		.4byte	0x84e
 1150 0610 1F       		.uleb128 0x1f
 1151 0611 01       		.byte	0x1
 1152 0612 50       		.byte	0x50
 1153 0613 03       		.byte	0x3
 1154 0614 F3       		.byte	0xf3
 1155 0615 01       		.uleb128 0x1
 1156 0616 50       		.byte	0x50
 1157 0617 00       		.byte	0
 1158 0618 00       		.byte	0
 1159 0619 21       		.uleb128 0x21
 1160 061a 01       		.byte	0x1
 1161 061b E7000000 		.4byte	.LASF75
 1162 061f 01       		.byte	0x1
 1163 0620 82       		.byte	0x82
 1164 0621 01       		.byte	0x1
 1165 0622 3A020000 		.4byte	0x23a
 1166 0626 00000000 		.4byte	.LFB9
 1167 062a 3E000000 		.4byte	.LFE9
 1168 062e F6000000 		.4byte	.LLST6
 1169 0632 01       		.byte	0x1
 1170 0633 2F070000 		.4byte	0x72f
 1171 0637 22       		.uleb128 0x22
 1172 0638 84000000 		.4byte	.LASF76
 1173 063c 01       		.byte	0x1
 1174 063d 82       		.byte	0x82
 1175 063e 32040000 		.4byte	0x432
 1176 0642 22010000 		.4byte	.LLST7
 1177 0646 22       		.uleb128 0x22
 1178 0647 B9010000 		.4byte	.LASF60
 1179 064b 01       		.byte	0x1
 1180 064c 82       		.byte	0x82
 1181 064d 30000000 		.4byte	0x30
 1182 0651 43010000 		.4byte	.LLST8
 1183 0655 22       		.uleb128 0x22
 1184 0656 4D020000 		.4byte	.LASF77
 1185 065a 01       		.byte	0x1
 1186 065b 83       		.byte	0x83
 1187 065c C7000000 		.4byte	0xc7
 1188 0660 61010000 		.4byte	.LLST9
 1189 0664 1B       		.uleb128 0x1b
 1190 0665 706600   		.ascii	"pf\000"
 1191 0668 01       		.byte	0x1
 1192 0669 83       		.byte	0x83
 1193 066a 07050000 		.4byte	0x507
ARM GAS  /var/folders/dt/0wfd0knj7gs46m8vwfzktm600000gn/T//ccGsw6uk.s 			page 22


 1194 066e 7F010000 		.4byte	.LLST10
 1195 0672 16       		.uleb128 0x16
 1196 0673 61726700 		.ascii	"arg\000"
 1197 0677 01       		.byte	0x1
 1198 0678 83       		.byte	0x83
 1199 0679 78020000 		.4byte	0x278
 1200 067d 02       		.byte	0x2
 1201 067e 91       		.byte	0x91
 1202 067f 00       		.sleb128 0
 1203 0680 18       		.uleb128 0x18
 1204 0681 77737000 		.ascii	"wsp\000"
 1205 0685 01       		.byte	0x1
 1206 0686 84       		.byte	0x84
 1207 0687 78020000 		.4byte	0x278
 1208 068b 9D010000 		.4byte	.LLST11
 1209 068f 18       		.uleb128 0x18
 1210 0690 747000   		.ascii	"tp\000"
 1211 0693 01       		.byte	0x1
 1212 0694 85       		.byte	0x85
 1213 0695 3A020000 		.4byte	0x23a
 1214 0699 B0010000 		.4byte	.LLST12
 1215 069d 17       		.uleb128 0x17
 1216 069e 12000000 		.4byte	.LBB8
 1217 06a2 18000000 		.4byte	.LBE8
 1218 06a6 BA060000 		.4byte	0x6ba
 1219 06aa 18       		.uleb128 0x18
 1220 06ab 746D7000 		.ascii	"tmp\000"
 1221 06af 01       		.byte	0x1
 1222 06b0 94       		.byte	0x94
 1223 06b1 7B000000 		.4byte	0x7b
 1224 06b5 CE010000 		.4byte	.LLST13
 1225 06b9 00       		.byte	0
 1226 06ba 17       		.uleb128 0x17
 1227 06bb 32000000 		.4byte	.LBB9
 1228 06bf 38000000 		.4byte	.LBE9
 1229 06c3 D7060000 		.4byte	0x6d7
 1230 06c7 18       		.uleb128 0x18
 1231 06c8 746D7000 		.ascii	"tmp\000"
 1232 06cc 01       		.byte	0x1
 1233 06cd 98       		.byte	0x98
 1234 06ce 7B000000 		.4byte	0x7b
 1235 06d2 E1010000 		.4byte	.LLST14
 1236 06d6 00       		.byte	0
 1237 06d7 23       		.uleb128 0x23
 1238 06d8 0E000000 		.4byte	.LVL20
 1239 06dc 62080000 		.4byte	0x862
 1240 06e0 F2060000 		.4byte	0x6f2
 1241 06e4 1F       		.uleb128 0x1f
 1242 06e5 01       		.byte	0x1
 1243 06e6 51       		.byte	0x51
 1244 06e7 02       		.byte	0x2
 1245 06e8 75       		.byte	0x75
 1246 06e9 00       		.sleb128 0
 1247 06ea 1F       		.uleb128 0x1f
 1248 06eb 01       		.byte	0x1
 1249 06ec 50       		.byte	0x50
 1250 06ed 03       		.byte	0x3
ARM GAS  /var/folders/dt/0wfd0knj7gs46m8vwfzktm600000gn/T//ccGsw6uk.s 			page 23


 1251 06ee F3       		.byte	0xf3
 1252 06ef 01       		.uleb128 0x1
 1253 06f0 50       		.byte	0x50
 1254 06f1 00       		.byte	0
 1255 06f2 23       		.uleb128 0x23
 1256 06f3 26000000 		.4byte	.LVL24
 1257 06f7 7F080000 		.4byte	0x87f
 1258 06fb 19070000 		.4byte	0x719
 1259 06ff 1F       		.uleb128 0x1f
 1260 0700 01       		.byte	0x1
 1261 0701 53       		.byte	0x53
 1262 0702 02       		.byte	0x2
 1263 0703 76       		.byte	0x76
 1264 0704 00       		.sleb128 0
 1265 0705 1F       		.uleb128 0x1f
 1266 0706 01       		.byte	0x1
 1267 0707 52       		.byte	0x52
 1268 0708 02       		.byte	0x2
 1269 0709 77       		.byte	0x77
 1270 070a 00       		.sleb128 0
 1271 070b 1F       		.uleb128 0x1f
 1272 070c 01       		.byte	0x1
 1273 070d 51       		.byte	0x51
 1274 070e 02       		.byte	0x2
 1275 070f 75       		.byte	0x75
 1276 0710 00       		.sleb128 0
 1277 0711 1F       		.uleb128 0x1f
 1278 0712 02       		.byte	0x2
 1279 0713 7D       		.byte	0x7d
 1280 0714 00       		.sleb128 0
 1281 0715 02       		.byte	0x2
 1282 0716 74       		.byte	0x74
 1283 0717 00       		.sleb128 0
 1284 0718 00       		.byte	0
 1285 0719 24       		.uleb128 0x24
 1286 071a 32000000 		.4byte	.LVL26
 1287 071e AC080000 		.4byte	0x8ac
 1288 0722 1F       		.uleb128 0x1f
 1289 0723 01       		.byte	0x1
 1290 0724 51       		.byte	0x51
 1291 0725 01       		.byte	0x1
 1292 0726 30       		.byte	0x30
 1293 0727 1F       		.uleb128 0x1f
 1294 0728 01       		.byte	0x1
 1295 0729 50       		.byte	0x50
 1296 072a 02       		.byte	0x2
 1297 072b 74       		.byte	0x74
 1298 072c 00       		.sleb128 0
 1299 072d 00       		.byte	0
 1300 072e 00       		.byte	0
 1301 072f 21       		.uleb128 0x21
 1302 0730 01       		.byte	0x1
 1303 0731 5D010000 		.4byte	.LASF78
 1304 0735 01       		.byte	0x1
 1305 0736 B3       		.byte	0xb3
 1306 0737 01       		.byte	0x1
 1307 0738 3A020000 		.4byte	0x23a
ARM GAS  /var/folders/dt/0wfd0knj7gs46m8vwfzktm600000gn/T//ccGsw6uk.s 			page 24


 1308 073c 00000000 		.4byte	.LFB10
 1309 0740 44000000 		.4byte	.LFE10
 1310 0744 F4010000 		.4byte	.LLST15
 1311 0748 01       		.byte	0x1
 1312 0749 2F080000 		.4byte	0x82f
 1313 074d 1B       		.uleb128 0x1b
 1314 074e 6D7000   		.ascii	"mp\000"
 1315 0751 01       		.byte	0x1
 1316 0752 B3       		.byte	0xb3
 1317 0753 2F080000 		.4byte	0x82f
 1318 0757 20020000 		.4byte	.LLST16
 1319 075b 22       		.uleb128 0x22
 1320 075c 4D020000 		.4byte	.LASF77
 1321 0760 01       		.byte	0x1
 1322 0761 B3       		.byte	0xb3
 1323 0762 C7000000 		.4byte	0xc7
 1324 0766 3E020000 		.4byte	.LLST17
 1325 076a 1B       		.uleb128 0x1b
 1326 076b 706600   		.ascii	"pf\000"
 1327 076e 01       		.byte	0x1
 1328 076f B4       		.byte	0xb4
 1329 0770 07050000 		.4byte	0x507
 1330 0774 5C020000 		.4byte	.LLST18
 1331 0778 1B       		.uleb128 0x1b
 1332 0779 61726700 		.ascii	"arg\000"
 1333 077d 01       		.byte	0x1
 1334 077e B4       		.byte	0xb4
 1335 077f 78020000 		.4byte	0x278
 1336 0783 7A020000 		.4byte	.LLST19
 1337 0787 18       		.uleb128 0x18
 1338 0788 77737000 		.ascii	"wsp\000"
 1339 078c 01       		.byte	0x1
 1340 078d B5       		.byte	0xb5
 1341 078e 78020000 		.4byte	0x278
 1342 0792 98020000 		.4byte	.LLST20
 1343 0796 18       		.uleb128 0x18
 1344 0797 747000   		.ascii	"tp\000"
 1345 079a 01       		.byte	0x1
 1346 079b B6       		.byte	0xb6
 1347 079c 3A020000 		.4byte	0x23a
 1348 07a0 B6020000 		.4byte	.LLST21
 1349 07a4 17       		.uleb128 0x17
 1350 07a5 16000000 		.4byte	.LBB10
 1351 07a9 1C000000 		.4byte	.LBE10
 1352 07ad C1070000 		.4byte	0x7c1
 1353 07b1 18       		.uleb128 0x18
 1354 07b2 746D7000 		.ascii	"tmp\000"
 1355 07b6 01       		.byte	0x1
 1356 07b7 C7       		.byte	0xc7
 1357 07b8 7B000000 		.4byte	0x7b
 1358 07bc D4020000 		.4byte	.LLST22
 1359 07c0 00       		.byte	0
 1360 07c1 17       		.uleb128 0x17
 1361 07c2 36000000 		.4byte	.LBB11
 1362 07c6 3C000000 		.4byte	.LBE11
 1363 07ca DE070000 		.4byte	0x7de
 1364 07ce 18       		.uleb128 0x18
ARM GAS  /var/folders/dt/0wfd0knj7gs46m8vwfzktm600000gn/T//ccGsw6uk.s 			page 25


 1365 07cf 746D7000 		.ascii	"tmp\000"
 1366 07d3 01       		.byte	0x1
 1367 07d4 CC       		.byte	0xcc
 1368 07d5 7B000000 		.4byte	0x7b
 1369 07d9 E7020000 		.4byte	.LLST23
 1370 07dd 00       		.byte	0
 1371 07de 23       		.uleb128 0x23
 1372 07df 12000000 		.4byte	.LVL30
 1373 07e3 C5080000 		.4byte	0x8c5
 1374 07e7 F2070000 		.4byte	0x7f2
 1375 07eb 1F       		.uleb128 0x1f
 1376 07ec 01       		.byte	0x1
 1377 07ed 50       		.byte	0x50
 1378 07ee 02       		.byte	0x2
 1379 07ef 75       		.byte	0x75
 1380 07f0 00       		.sleb128 0
 1381 07f1 00       		.byte	0
 1382 07f2 23       		.uleb128 0x23
 1383 07f3 28000000 		.4byte	.LVL34
 1384 07f7 7F080000 		.4byte	0x87f
 1385 07fb 19080000 		.4byte	0x819
 1386 07ff 1F       		.uleb128 0x1f
 1387 0800 01       		.byte	0x1
 1388 0801 53       		.byte	0x53
 1389 0802 02       		.byte	0x2
 1390 0803 78       		.byte	0x78
 1391 0804 00       		.sleb128 0
 1392 0805 1F       		.uleb128 0x1f
 1393 0806 01       		.byte	0x1
 1394 0807 52       		.byte	0x52
 1395 0808 02       		.byte	0x2
 1396 0809 77       		.byte	0x77
 1397 080a 00       		.sleb128 0
 1398 080b 1F       		.uleb128 0x1f
 1399 080c 01       		.byte	0x1
 1400 080d 50       		.byte	0x50
 1401 080e 02       		.byte	0x2
 1402 080f 74       		.byte	0x74
 1403 0810 00       		.sleb128 0
 1404 0811 1F       		.uleb128 0x1f
 1405 0812 02       		.byte	0x2
 1406 0813 7D       		.byte	0x7d
 1407 0814 00       		.sleb128 0
 1408 0815 02       		.byte	0x2
 1409 0816 76       		.byte	0x76
 1410 0817 00       		.sleb128 0
 1411 0818 00       		.byte	0
 1412 0819 24       		.uleb128 0x24
 1413 081a 36000000 		.4byte	.LVL36
 1414 081e AC080000 		.4byte	0x8ac
 1415 0822 1F       		.uleb128 0x1f
 1416 0823 01       		.byte	0x1
 1417 0824 51       		.byte	0x51
 1418 0825 01       		.byte	0x1
 1419 0826 30       		.byte	0x30
 1420 0827 1F       		.uleb128 0x1f
 1421 0828 01       		.byte	0x1
ARM GAS  /var/folders/dt/0wfd0knj7gs46m8vwfzktm600000gn/T//ccGsw6uk.s 			page 26


 1422 0829 50       		.byte	0x50
 1423 082a 02       		.byte	0x2
 1424 082b 74       		.byte	0x74
 1425 082c 00       		.sleb128 0
 1426 082d 00       		.byte	0
 1427 082e 00       		.byte	0
 1428 082f 09       		.uleb128 0x9
 1429 0830 04       		.byte	0x4
 1430 0831 AF040000 		.4byte	0x4af
 1431 0835 25       		.uleb128 0x25
 1432 0836 01       		.byte	0x1
 1433 0837 87030000 		.4byte	.LASF79
 1434 083b 0B       		.byte	0xb
 1435 083c 5C       		.byte	0x5c
 1436 083d 01       		.byte	0x1
 1437 083e 01       		.byte	0x1
 1438 083f 4E080000 		.4byte	0x84e
 1439 0843 0F       		.uleb128 0xf
 1440 0844 2F080000 		.4byte	0x82f
 1441 0848 0F       		.uleb128 0xf
 1442 0849 78020000 		.4byte	0x278
 1443 084d 00       		.byte	0
 1444 084e 25       		.uleb128 0x25
 1445 084f 01       		.byte	0x1
 1446 0850 C6000000 		.4byte	.LASF80
 1447 0854 0A       		.byte	0xa
 1448 0855 5A       		.byte	0x5a
 1449 0856 01       		.byte	0x1
 1450 0857 01       		.byte	0x1
 1451 0858 62080000 		.4byte	0x862
 1452 085c 0F       		.uleb128 0xf
 1453 085d 78020000 		.4byte	0x278
 1454 0861 00       		.byte	0
 1455 0862 26       		.uleb128 0x26
 1456 0863 01       		.byte	0x1
 1457 0864 F4020000 		.4byte	.LASF81
 1458 0868 0A       		.byte	0xa
 1459 0869 59       		.byte	0x59
 1460 086a 01       		.byte	0x1
 1461 086b 78020000 		.4byte	0x278
 1462 086f 01       		.byte	0x1
 1463 0870 7F080000 		.4byte	0x87f
 1464 0874 0F       		.uleb128 0xf
 1465 0875 32040000 		.4byte	0x432
 1466 0879 0F       		.uleb128 0xf
 1467 087a 30000000 		.4byte	0x30
 1468 087e 00       		.byte	0
 1469 087f 27       		.uleb128 0x27
 1470 0880 01       		.byte	0x1
 1471 0881 D1000000 		.4byte	.LASF82
 1472 0885 06       		.byte	0x6
 1473 0886 6201     		.2byte	0x162
 1474 0888 01       		.byte	0x1
 1475 0889 3A020000 		.4byte	0x23a
 1476 088d 01       		.byte	0x1
 1477 088e AC080000 		.4byte	0x8ac
 1478 0892 0F       		.uleb128 0xf
ARM GAS  /var/folders/dt/0wfd0knj7gs46m8vwfzktm600000gn/T//ccGsw6uk.s 			page 27


 1479 0893 78020000 		.4byte	0x278
 1480 0897 0F       		.uleb128 0xf
 1481 0898 30000000 		.4byte	0x30
 1482 089c 0F       		.uleb128 0xf
 1483 089d C7000000 		.4byte	0xc7
 1484 08a1 0F       		.uleb128 0xf
 1485 08a2 07050000 		.4byte	0x507
 1486 08a6 0F       		.uleb128 0xf
 1487 08a7 78020000 		.4byte	0x278
 1488 08ab 00       		.byte	0
 1489 08ac 25       		.uleb128 0x25
 1490 08ad 01       		.byte	0x1
 1491 08ae 53030000 		.4byte	.LASF83
 1492 08b2 0C       		.byte	0xc
 1493 08b3 9C       		.byte	0x9c
 1494 08b4 01       		.byte	0x1
 1495 08b5 01       		.byte	0x1
 1496 08b6 C5080000 		.4byte	0x8c5
 1497 08ba 0F       		.uleb128 0xf
 1498 08bb 3A020000 		.4byte	0x23a
 1499 08bf 0F       		.uleb128 0xf
 1500 08c0 D2000000 		.4byte	0xd2
 1501 08c4 00       		.byte	0
 1502 08c5 28       		.uleb128 0x28
 1503 08c6 01       		.byte	0x1
 1504 08c7 7B030000 		.4byte	.LASF84
 1505 08cb 0B       		.byte	0xb
 1506 08cc 5A       		.byte	0x5a
 1507 08cd 01       		.byte	0x1
 1508 08ce 78020000 		.4byte	0x278
 1509 08d2 01       		.byte	0x1
 1510 08d3 0F       		.uleb128 0xf
 1511 08d4 2F080000 		.4byte	0x82f
 1512 08d8 00       		.byte	0
 1513 08d9 00       		.byte	0
 1514              		.section	.debug_abbrev,"",%progbits
 1515              	.Ldebug_abbrev0:
 1516 0000 01       		.uleb128 0x1
 1517 0001 11       		.uleb128 0x11
 1518 0002 01       		.byte	0x1
 1519 0003 25       		.uleb128 0x25
 1520 0004 0E       		.uleb128 0xe
 1521 0005 13       		.uleb128 0x13
 1522 0006 0B       		.uleb128 0xb
 1523 0007 03       		.uleb128 0x3
 1524 0008 0E       		.uleb128 0xe
 1525 0009 1B       		.uleb128 0x1b
 1526 000a 0E       		.uleb128 0xe
 1527 000b 55       		.uleb128 0x55
 1528 000c 06       		.uleb128 0x6
 1529 000d 11       		.uleb128 0x11
 1530 000e 01       		.uleb128 0x1
 1531 000f 52       		.uleb128 0x52
 1532 0010 01       		.uleb128 0x1
 1533 0011 10       		.uleb128 0x10
 1534 0012 06       		.uleb128 0x6
 1535 0013 00       		.byte	0
ARM GAS  /var/folders/dt/0wfd0knj7gs46m8vwfzktm600000gn/T//ccGsw6uk.s 			page 28


 1536 0014 00       		.byte	0
 1537 0015 02       		.uleb128 0x2
 1538 0016 24       		.uleb128 0x24
 1539 0017 00       		.byte	0
 1540 0018 0B       		.uleb128 0xb
 1541 0019 0B       		.uleb128 0xb
 1542 001a 3E       		.uleb128 0x3e
 1543 001b 0B       		.uleb128 0xb
 1544 001c 03       		.uleb128 0x3
 1545 001d 08       		.uleb128 0x8
 1546 001e 00       		.byte	0
 1547 001f 00       		.byte	0
 1548 0020 03       		.uleb128 0x3
 1549 0021 16       		.uleb128 0x16
 1550 0022 00       		.byte	0
 1551 0023 03       		.uleb128 0x3
 1552 0024 0E       		.uleb128 0xe
 1553 0025 3A       		.uleb128 0x3a
 1554 0026 0B       		.uleb128 0xb
 1555 0027 3B       		.uleb128 0x3b
 1556 0028 0B       		.uleb128 0xb
 1557 0029 49       		.uleb128 0x49
 1558 002a 13       		.uleb128 0x13
 1559 002b 00       		.byte	0
 1560 002c 00       		.byte	0
 1561 002d 04       		.uleb128 0x4
 1562 002e 24       		.uleb128 0x24
 1563 002f 00       		.byte	0
 1564 0030 0B       		.uleb128 0xb
 1565 0031 0B       		.uleb128 0xb
 1566 0032 3E       		.uleb128 0x3e
 1567 0033 0B       		.uleb128 0xb
 1568 0034 03       		.uleb128 0x3
 1569 0035 0E       		.uleb128 0xe
 1570 0036 00       		.byte	0
 1571 0037 00       		.byte	0
 1572 0038 05       		.uleb128 0x5
 1573 0039 13       		.uleb128 0x13
 1574 003a 01       		.byte	0x1
 1575 003b 03       		.uleb128 0x3
 1576 003c 0E       		.uleb128 0xe
 1577 003d 0B       		.uleb128 0xb
 1578 003e 0B       		.uleb128 0xb
 1579 003f 3A       		.uleb128 0x3a
 1580 0040 0B       		.uleb128 0xb
 1581 0041 3B       		.uleb128 0x3b
 1582 0042 0B       		.uleb128 0xb
 1583 0043 01       		.uleb128 0x1
 1584 0044 13       		.uleb128 0x13
 1585 0045 00       		.byte	0
 1586 0046 00       		.byte	0
 1587 0047 06       		.uleb128 0x6
 1588 0048 0D       		.uleb128 0xd
 1589 0049 00       		.byte	0
 1590 004a 03       		.uleb128 0x3
 1591 004b 0E       		.uleb128 0xe
 1592 004c 3A       		.uleb128 0x3a
ARM GAS  /var/folders/dt/0wfd0knj7gs46m8vwfzktm600000gn/T//ccGsw6uk.s 			page 29


 1593 004d 0B       		.uleb128 0xb
 1594 004e 3B       		.uleb128 0x3b
 1595 004f 0B       		.uleb128 0xb
 1596 0050 49       		.uleb128 0x49
 1597 0051 13       		.uleb128 0x13
 1598 0052 38       		.uleb128 0x38
 1599 0053 0A       		.uleb128 0xa
 1600 0054 00       		.byte	0
 1601 0055 00       		.byte	0
 1602 0056 07       		.uleb128 0x7
 1603 0057 0D       		.uleb128 0xd
 1604 0058 00       		.byte	0
 1605 0059 03       		.uleb128 0x3
 1606 005a 08       		.uleb128 0x8
 1607 005b 3A       		.uleb128 0x3a
 1608 005c 0B       		.uleb128 0xb
 1609 005d 3B       		.uleb128 0x3b
 1610 005e 0B       		.uleb128 0xb
 1611 005f 49       		.uleb128 0x49
 1612 0060 13       		.uleb128 0x13
 1613 0061 38       		.uleb128 0x38
 1614 0062 0A       		.uleb128 0xa
 1615 0063 00       		.byte	0
 1616 0064 00       		.byte	0
 1617 0065 08       		.uleb128 0x8
 1618 0066 13       		.uleb128 0x13
 1619 0067 01       		.byte	0x1
 1620 0068 0B       		.uleb128 0xb
 1621 0069 0B       		.uleb128 0xb
 1622 006a 3A       		.uleb128 0x3a
 1623 006b 0B       		.uleb128 0xb
 1624 006c 3B       		.uleb128 0x3b
 1625 006d 0B       		.uleb128 0xb
 1626 006e 01       		.uleb128 0x1
 1627 006f 13       		.uleb128 0x13
 1628 0070 00       		.byte	0
 1629 0071 00       		.byte	0
 1630 0072 09       		.uleb128 0x9
 1631 0073 0F       		.uleb128 0xf
 1632 0074 00       		.byte	0
 1633 0075 0B       		.uleb128 0xb
 1634 0076 0B       		.uleb128 0xb
 1635 0077 49       		.uleb128 0x49
 1636 0078 13       		.uleb128 0x13
 1637 0079 00       		.byte	0
 1638 007a 00       		.byte	0
 1639 007b 0A       		.uleb128 0xa
 1640 007c 0F       		.uleb128 0xf
 1641 007d 00       		.byte	0
 1642 007e 0B       		.uleb128 0xb
 1643 007f 0B       		.uleb128 0xb
 1644 0080 00       		.byte	0
 1645 0081 00       		.byte	0
 1646 0082 0B       		.uleb128 0xb
 1647 0083 0D       		.uleb128 0xd
 1648 0084 00       		.byte	0
 1649 0085 03       		.uleb128 0x3
ARM GAS  /var/folders/dt/0wfd0knj7gs46m8vwfzktm600000gn/T//ccGsw6uk.s 			page 30


 1650 0086 08       		.uleb128 0x8
 1651 0087 3A       		.uleb128 0x3a
 1652 0088 0B       		.uleb128 0xb
 1653 0089 3B       		.uleb128 0x3b
 1654 008a 05       		.uleb128 0x5
 1655 008b 49       		.uleb128 0x49
 1656 008c 13       		.uleb128 0x13
 1657 008d 38       		.uleb128 0x38
 1658 008e 0A       		.uleb128 0xa
 1659 008f 00       		.byte	0
 1660 0090 00       		.byte	0
 1661 0091 0C       		.uleb128 0xc
 1662 0092 13       		.uleb128 0x13
 1663 0093 01       		.byte	0x1
 1664 0094 03       		.uleb128 0x3
 1665 0095 0E       		.uleb128 0xe
 1666 0096 0B       		.uleb128 0xb
 1667 0097 0B       		.uleb128 0xb
 1668 0098 3A       		.uleb128 0x3a
 1669 0099 0B       		.uleb128 0xb
 1670 009a 3B       		.uleb128 0x3b
 1671 009b 05       		.uleb128 0x5
 1672 009c 01       		.uleb128 0x1
 1673 009d 13       		.uleb128 0x13
 1674 009e 00       		.byte	0
 1675 009f 00       		.byte	0
 1676 00a0 0D       		.uleb128 0xd
 1677 00a1 35       		.uleb128 0x35
 1678 00a2 00       		.byte	0
 1679 00a3 49       		.uleb128 0x49
 1680 00a4 13       		.uleb128 0x13
 1681 00a5 00       		.byte	0
 1682 00a6 00       		.byte	0
 1683 00a7 0E       		.uleb128 0xe
 1684 00a8 15       		.uleb128 0x15
 1685 00a9 01       		.byte	0x1
 1686 00aa 27       		.uleb128 0x27
 1687 00ab 0C       		.uleb128 0xc
 1688 00ac 49       		.uleb128 0x49
 1689 00ad 13       		.uleb128 0x13
 1690 00ae 01       		.uleb128 0x1
 1691 00af 13       		.uleb128 0x13
 1692 00b0 00       		.byte	0
 1693 00b1 00       		.byte	0
 1694 00b2 0F       		.uleb128 0xf
 1695 00b3 05       		.uleb128 0x5
 1696 00b4 00       		.byte	0
 1697 00b5 49       		.uleb128 0x49
 1698 00b6 13       		.uleb128 0x13
 1699 00b7 00       		.byte	0
 1700 00b8 00       		.byte	0
 1701 00b9 10       		.uleb128 0x10
 1702 00ba 17       		.uleb128 0x17
 1703 00bb 01       		.byte	0x1
 1704 00bc 0B       		.uleb128 0xb
 1705 00bd 0B       		.uleb128 0xb
 1706 00be 3A       		.uleb128 0x3a
ARM GAS  /var/folders/dt/0wfd0knj7gs46m8vwfzktm600000gn/T//ccGsw6uk.s 			page 31


 1707 00bf 0B       		.uleb128 0xb
 1708 00c0 3B       		.uleb128 0x3b
 1709 00c1 0B       		.uleb128 0xb
 1710 00c2 01       		.uleb128 0x1
 1711 00c3 13       		.uleb128 0x13
 1712 00c4 00       		.byte	0
 1713 00c5 00       		.byte	0
 1714 00c6 11       		.uleb128 0x11
 1715 00c7 0D       		.uleb128 0xd
 1716 00c8 00       		.byte	0
 1717 00c9 03       		.uleb128 0x3
 1718 00ca 0E       		.uleb128 0xe
 1719 00cb 3A       		.uleb128 0x3a
 1720 00cc 0B       		.uleb128 0xb
 1721 00cd 3B       		.uleb128 0x3b
 1722 00ce 0B       		.uleb128 0xb
 1723 00cf 49       		.uleb128 0x49
 1724 00d0 13       		.uleb128 0x13
 1725 00d1 00       		.byte	0
 1726 00d2 00       		.byte	0
 1727 00d3 12       		.uleb128 0x12
 1728 00d4 17       		.uleb128 0x17
 1729 00d5 01       		.byte	0x1
 1730 00d6 03       		.uleb128 0x3
 1731 00d7 0E       		.uleb128 0xe
 1732 00d8 0B       		.uleb128 0xb
 1733 00d9 0B       		.uleb128 0xb
 1734 00da 3A       		.uleb128 0x3a
 1735 00db 0B       		.uleb128 0xb
 1736 00dc 3B       		.uleb128 0x3b
 1737 00dd 0B       		.uleb128 0xb
 1738 00de 01       		.uleb128 0x1
 1739 00df 13       		.uleb128 0x13
 1740 00e0 00       		.byte	0
 1741 00e1 00       		.byte	0
 1742 00e2 13       		.uleb128 0x13
 1743 00e3 0D       		.uleb128 0xd
 1744 00e4 00       		.byte	0
 1745 00e5 03       		.uleb128 0x3
 1746 00e6 08       		.uleb128 0x8
 1747 00e7 3A       		.uleb128 0x3a
 1748 00e8 0B       		.uleb128 0xb
 1749 00e9 3B       		.uleb128 0x3b
 1750 00ea 0B       		.uleb128 0xb
 1751 00eb 49       		.uleb128 0x49
 1752 00ec 13       		.uleb128 0x13
 1753 00ed 00       		.byte	0
 1754 00ee 00       		.byte	0
 1755 00ef 14       		.uleb128 0x14
 1756 00f0 26       		.uleb128 0x26
 1757 00f1 00       		.byte	0
 1758 00f2 49       		.uleb128 0x49
 1759 00f3 13       		.uleb128 0x13
 1760 00f4 00       		.byte	0
 1761 00f5 00       		.byte	0
 1762 00f6 15       		.uleb128 0x15
 1763 00f7 2E       		.uleb128 0x2e
ARM GAS  /var/folders/dt/0wfd0knj7gs46m8vwfzktm600000gn/T//ccGsw6uk.s 			page 32


 1764 00f8 01       		.byte	0x1
 1765 00f9 3F       		.uleb128 0x3f
 1766 00fa 0C       		.uleb128 0xc
 1767 00fb 03       		.uleb128 0x3
 1768 00fc 0E       		.uleb128 0xe
 1769 00fd 3A       		.uleb128 0x3a
 1770 00fe 0B       		.uleb128 0xb
 1771 00ff 3B       		.uleb128 0x3b
 1772 0100 0B       		.uleb128 0xb
 1773 0101 27       		.uleb128 0x27
 1774 0102 0C       		.uleb128 0xc
 1775 0103 49       		.uleb128 0x49
 1776 0104 13       		.uleb128 0x13
 1777 0105 11       		.uleb128 0x11
 1778 0106 01       		.uleb128 0x1
 1779 0107 12       		.uleb128 0x12
 1780 0108 01       		.uleb128 0x1
 1781 0109 40       		.uleb128 0x40
 1782 010a 0A       		.uleb128 0xa
 1783 010b 9742     		.uleb128 0x2117
 1784 010d 0C       		.uleb128 0xc
 1785 010e 01       		.uleb128 0x1
 1786 010f 13       		.uleb128 0x13
 1787 0110 00       		.byte	0
 1788 0111 00       		.byte	0
 1789 0112 16       		.uleb128 0x16
 1790 0113 05       		.uleb128 0x5
 1791 0114 00       		.byte	0
 1792 0115 03       		.uleb128 0x3
 1793 0116 08       		.uleb128 0x8
 1794 0117 3A       		.uleb128 0x3a
 1795 0118 0B       		.uleb128 0xb
 1796 0119 3B       		.uleb128 0x3b
 1797 011a 0B       		.uleb128 0xb
 1798 011b 49       		.uleb128 0x49
 1799 011c 13       		.uleb128 0x13
 1800 011d 02       		.uleb128 0x2
 1801 011e 0A       		.uleb128 0xa
 1802 011f 00       		.byte	0
 1803 0120 00       		.byte	0
 1804 0121 17       		.uleb128 0x17
 1805 0122 0B       		.uleb128 0xb
 1806 0123 01       		.byte	0x1
 1807 0124 11       		.uleb128 0x11
 1808 0125 01       		.uleb128 0x1
 1809 0126 12       		.uleb128 0x12
 1810 0127 01       		.uleb128 0x1
 1811 0128 01       		.uleb128 0x1
 1812 0129 13       		.uleb128 0x13
 1813 012a 00       		.byte	0
 1814 012b 00       		.byte	0
 1815 012c 18       		.uleb128 0x18
 1816 012d 34       		.uleb128 0x34
 1817 012e 00       		.byte	0
 1818 012f 03       		.uleb128 0x3
 1819 0130 08       		.uleb128 0x8
 1820 0131 3A       		.uleb128 0x3a
ARM GAS  /var/folders/dt/0wfd0knj7gs46m8vwfzktm600000gn/T//ccGsw6uk.s 			page 33


 1821 0132 0B       		.uleb128 0xb
 1822 0133 3B       		.uleb128 0x3b
 1823 0134 0B       		.uleb128 0xb
 1824 0135 49       		.uleb128 0x49
 1825 0136 13       		.uleb128 0x13
 1826 0137 02       		.uleb128 0x2
 1827 0138 06       		.uleb128 0x6
 1828 0139 00       		.byte	0
 1829 013a 00       		.byte	0
 1830 013b 19       		.uleb128 0x19
 1831 013c 0B       		.uleb128 0xb
 1832 013d 01       		.byte	0x1
 1833 013e 55       		.uleb128 0x55
 1834 013f 06       		.uleb128 0x6
 1835 0140 00       		.byte	0
 1836 0141 00       		.byte	0
 1837 0142 1A       		.uleb128 0x1a
 1838 0143 2E       		.uleb128 0x2e
 1839 0144 01       		.byte	0x1
 1840 0145 3F       		.uleb128 0x3f
 1841 0146 0C       		.uleb128 0xc
 1842 0147 03       		.uleb128 0x3
 1843 0148 0E       		.uleb128 0xe
 1844 0149 3A       		.uleb128 0x3a
 1845 014a 0B       		.uleb128 0xb
 1846 014b 3B       		.uleb128 0x3b
 1847 014c 0B       		.uleb128 0xb
 1848 014d 27       		.uleb128 0x27
 1849 014e 0C       		.uleb128 0xc
 1850 014f 11       		.uleb128 0x11
 1851 0150 01       		.uleb128 0x1
 1852 0151 12       		.uleb128 0x12
 1853 0152 01       		.uleb128 0x1
 1854 0153 40       		.uleb128 0x40
 1855 0154 0A       		.uleb128 0xa
 1856 0155 9742     		.uleb128 0x2117
 1857 0157 0C       		.uleb128 0xc
 1858 0158 01       		.uleb128 0x1
 1859 0159 13       		.uleb128 0x13
 1860 015a 00       		.byte	0
 1861 015b 00       		.byte	0
 1862 015c 1B       		.uleb128 0x1b
 1863 015d 05       		.uleb128 0x5
 1864 015e 00       		.byte	0
 1865 015f 03       		.uleb128 0x3
 1866 0160 08       		.uleb128 0x8
 1867 0161 3A       		.uleb128 0x3a
 1868 0162 0B       		.uleb128 0xb
 1869 0163 3B       		.uleb128 0x3b
 1870 0164 0B       		.uleb128 0xb
 1871 0165 49       		.uleb128 0x49
 1872 0166 13       		.uleb128 0x13
 1873 0167 02       		.uleb128 0x2
 1874 0168 06       		.uleb128 0x6
 1875 0169 00       		.byte	0
 1876 016a 00       		.byte	0
 1877 016b 1C       		.uleb128 0x1c
ARM GAS  /var/folders/dt/0wfd0knj7gs46m8vwfzktm600000gn/T//ccGsw6uk.s 			page 34


 1878 016c 34       		.uleb128 0x34
 1879 016d 00       		.byte	0
 1880 016e 03       		.uleb128 0x3
 1881 016f 0E       		.uleb128 0xe
 1882 0170 3A       		.uleb128 0x3a
 1883 0171 0B       		.uleb128 0xb
 1884 0172 3B       		.uleb128 0x3b
 1885 0173 0B       		.uleb128 0xb
 1886 0174 49       		.uleb128 0x49
 1887 0175 13       		.uleb128 0x13
 1888 0176 02       		.uleb128 0x2
 1889 0177 06       		.uleb128 0x6
 1890 0178 00       		.byte	0
 1891 0179 00       		.byte	0
 1892 017a 1D       		.uleb128 0x1d
 1893 017b 0B       		.uleb128 0xb
 1894 017c 01       		.byte	0x1
 1895 017d 55       		.uleb128 0x55
 1896 017e 06       		.uleb128 0x6
 1897 017f 01       		.uleb128 0x1
 1898 0180 13       		.uleb128 0x13
 1899 0181 00       		.byte	0
 1900 0182 00       		.byte	0
 1901 0183 1E       		.uleb128 0x1e
 1902 0184 898201   		.uleb128 0x4109
 1903 0187 01       		.byte	0x1
 1904 0188 11       		.uleb128 0x11
 1905 0189 01       		.uleb128 0x1
 1906 018a 9542     		.uleb128 0x2115
 1907 018c 0C       		.uleb128 0xc
 1908 018d 31       		.uleb128 0x31
 1909 018e 13       		.uleb128 0x13
 1910 018f 01       		.uleb128 0x1
 1911 0190 13       		.uleb128 0x13
 1912 0191 00       		.byte	0
 1913 0192 00       		.byte	0
 1914 0193 1F       		.uleb128 0x1f
 1915 0194 8A8201   		.uleb128 0x410a
 1916 0197 00       		.byte	0
 1917 0198 02       		.uleb128 0x2
 1918 0199 0A       		.uleb128 0xa
 1919 019a 9142     		.uleb128 0x2111
 1920 019c 0A       		.uleb128 0xa
 1921 019d 00       		.byte	0
 1922 019e 00       		.byte	0
 1923 019f 20       		.uleb128 0x20
 1924 01a0 898201   		.uleb128 0x4109
 1925 01a3 01       		.byte	0x1
 1926 01a4 11       		.uleb128 0x11
 1927 01a5 01       		.uleb128 0x1
 1928 01a6 9542     		.uleb128 0x2115
 1929 01a8 0C       		.uleb128 0xc
 1930 01a9 31       		.uleb128 0x31
 1931 01aa 13       		.uleb128 0x13
 1932 01ab 00       		.byte	0
 1933 01ac 00       		.byte	0
 1934 01ad 21       		.uleb128 0x21
ARM GAS  /var/folders/dt/0wfd0knj7gs46m8vwfzktm600000gn/T//ccGsw6uk.s 			page 35


 1935 01ae 2E       		.uleb128 0x2e
 1936 01af 01       		.byte	0x1
 1937 01b0 3F       		.uleb128 0x3f
 1938 01b1 0C       		.uleb128 0xc
 1939 01b2 03       		.uleb128 0x3
 1940 01b3 0E       		.uleb128 0xe
 1941 01b4 3A       		.uleb128 0x3a
 1942 01b5 0B       		.uleb128 0xb
 1943 01b6 3B       		.uleb128 0x3b
 1944 01b7 0B       		.uleb128 0xb
 1945 01b8 27       		.uleb128 0x27
 1946 01b9 0C       		.uleb128 0xc
 1947 01ba 49       		.uleb128 0x49
 1948 01bb 13       		.uleb128 0x13
 1949 01bc 11       		.uleb128 0x11
 1950 01bd 01       		.uleb128 0x1
 1951 01be 12       		.uleb128 0x12
 1952 01bf 01       		.uleb128 0x1
 1953 01c0 40       		.uleb128 0x40
 1954 01c1 06       		.uleb128 0x6
 1955 01c2 9742     		.uleb128 0x2117
 1956 01c4 0C       		.uleb128 0xc
 1957 01c5 01       		.uleb128 0x1
 1958 01c6 13       		.uleb128 0x13
 1959 01c7 00       		.byte	0
 1960 01c8 00       		.byte	0
 1961 01c9 22       		.uleb128 0x22
 1962 01ca 05       		.uleb128 0x5
 1963 01cb 00       		.byte	0
 1964 01cc 03       		.uleb128 0x3
 1965 01cd 0E       		.uleb128 0xe
 1966 01ce 3A       		.uleb128 0x3a
 1967 01cf 0B       		.uleb128 0xb
 1968 01d0 3B       		.uleb128 0x3b
 1969 01d1 0B       		.uleb128 0xb
 1970 01d2 49       		.uleb128 0x49
 1971 01d3 13       		.uleb128 0x13
 1972 01d4 02       		.uleb128 0x2
 1973 01d5 06       		.uleb128 0x6
 1974 01d6 00       		.byte	0
 1975 01d7 00       		.byte	0
 1976 01d8 23       		.uleb128 0x23
 1977 01d9 898201   		.uleb128 0x4109
 1978 01dc 01       		.byte	0x1
 1979 01dd 11       		.uleb128 0x11
 1980 01de 01       		.uleb128 0x1
 1981 01df 31       		.uleb128 0x31
 1982 01e0 13       		.uleb128 0x13
 1983 01e1 01       		.uleb128 0x1
 1984 01e2 13       		.uleb128 0x13
 1985 01e3 00       		.byte	0
 1986 01e4 00       		.byte	0
 1987 01e5 24       		.uleb128 0x24
 1988 01e6 898201   		.uleb128 0x4109
 1989 01e9 01       		.byte	0x1
 1990 01ea 11       		.uleb128 0x11
 1991 01eb 01       		.uleb128 0x1
ARM GAS  /var/folders/dt/0wfd0knj7gs46m8vwfzktm600000gn/T//ccGsw6uk.s 			page 36


 1992 01ec 31       		.uleb128 0x31
 1993 01ed 13       		.uleb128 0x13
 1994 01ee 00       		.byte	0
 1995 01ef 00       		.byte	0
 1996 01f0 25       		.uleb128 0x25
 1997 01f1 2E       		.uleb128 0x2e
 1998 01f2 01       		.byte	0x1
 1999 01f3 3F       		.uleb128 0x3f
 2000 01f4 0C       		.uleb128 0xc
 2001 01f5 03       		.uleb128 0x3
 2002 01f6 0E       		.uleb128 0xe
 2003 01f7 3A       		.uleb128 0x3a
 2004 01f8 0B       		.uleb128 0xb
 2005 01f9 3B       		.uleb128 0x3b
 2006 01fa 0B       		.uleb128 0xb
 2007 01fb 27       		.uleb128 0x27
 2008 01fc 0C       		.uleb128 0xc
 2009 01fd 3C       		.uleb128 0x3c
 2010 01fe 0C       		.uleb128 0xc
 2011 01ff 01       		.uleb128 0x1
 2012 0200 13       		.uleb128 0x13
 2013 0201 00       		.byte	0
 2014 0202 00       		.byte	0
 2015 0203 26       		.uleb128 0x26
 2016 0204 2E       		.uleb128 0x2e
 2017 0205 01       		.byte	0x1
 2018 0206 3F       		.uleb128 0x3f
 2019 0207 0C       		.uleb128 0xc
 2020 0208 03       		.uleb128 0x3
 2021 0209 0E       		.uleb128 0xe
 2022 020a 3A       		.uleb128 0x3a
 2023 020b 0B       		.uleb128 0xb
 2024 020c 3B       		.uleb128 0x3b
 2025 020d 0B       		.uleb128 0xb
 2026 020e 27       		.uleb128 0x27
 2027 020f 0C       		.uleb128 0xc
 2028 0210 49       		.uleb128 0x49
 2029 0211 13       		.uleb128 0x13
 2030 0212 3C       		.uleb128 0x3c
 2031 0213 0C       		.uleb128 0xc
 2032 0214 01       		.uleb128 0x1
 2033 0215 13       		.uleb128 0x13
 2034 0216 00       		.byte	0
 2035 0217 00       		.byte	0
 2036 0218 27       		.uleb128 0x27
 2037 0219 2E       		.uleb128 0x2e
 2038 021a 01       		.byte	0x1
 2039 021b 3F       		.uleb128 0x3f
 2040 021c 0C       		.uleb128 0xc
 2041 021d 03       		.uleb128 0x3
 2042 021e 0E       		.uleb128 0xe
 2043 021f 3A       		.uleb128 0x3a
 2044 0220 0B       		.uleb128 0xb
 2045 0221 3B       		.uleb128 0x3b
 2046 0222 05       		.uleb128 0x5
 2047 0223 27       		.uleb128 0x27
 2048 0224 0C       		.uleb128 0xc
ARM GAS  /var/folders/dt/0wfd0knj7gs46m8vwfzktm600000gn/T//ccGsw6uk.s 			page 37


 2049 0225 49       		.uleb128 0x49
 2050 0226 13       		.uleb128 0x13
 2051 0227 3C       		.uleb128 0x3c
 2052 0228 0C       		.uleb128 0xc
 2053 0229 01       		.uleb128 0x1
 2054 022a 13       		.uleb128 0x13
 2055 022b 00       		.byte	0
 2056 022c 00       		.byte	0
 2057 022d 28       		.uleb128 0x28
 2058 022e 2E       		.uleb128 0x2e
 2059 022f 01       		.byte	0x1
 2060 0230 3F       		.uleb128 0x3f
 2061 0231 0C       		.uleb128 0xc
 2062 0232 03       		.uleb128 0x3
 2063 0233 0E       		.uleb128 0xe
 2064 0234 3A       		.uleb128 0x3a
 2065 0235 0B       		.uleb128 0xb
 2066 0236 3B       		.uleb128 0x3b
 2067 0237 0B       		.uleb128 0xb
 2068 0238 27       		.uleb128 0x27
 2069 0239 0C       		.uleb128 0xc
 2070 023a 49       		.uleb128 0x49
 2071 023b 13       		.uleb128 0x13
 2072 023c 3C       		.uleb128 0x3c
 2073 023d 0C       		.uleb128 0xc
 2074 023e 00       		.byte	0
 2075 023f 00       		.byte	0
 2076 0240 00       		.byte	0
 2077              		.section	.debug_loc,"",%progbits
 2078              	.Ldebug_loc0:
 2079              	.LLST0:
 2080 0000 06000000 		.4byte	.LVL2
 2081 0004 0A000000 		.4byte	.LVL3
 2082 0008 0100     		.2byte	0x1
 2083 000a 53       		.byte	0x53
 2084 000b 00000000 		.4byte	0
 2085 000f 00000000 		.4byte	0
 2086              	.LLST1:
 2087 0013 12000000 		.4byte	.LVL4
 2088 0017 14000000 		.4byte	.LFE7
 2089 001b 0100     		.2byte	0x1
 2090 001d 53       		.byte	0x53
 2091 001e 00000000 		.4byte	0
 2092 0022 00000000 		.4byte	0
 2093              	.LLST2:
 2094 0026 00000000 		.4byte	.LVL5
 2095 002a 34000000 		.4byte	.LVL15
 2096 002e 0100     		.2byte	0x1
 2097 0030 50       		.byte	0x50
 2098 0031 34000000 		.4byte	.LVL15
 2099 0035 3D000000 		.4byte	.LVL16-1
 2100 0039 0100     		.2byte	0x1
 2101 003b 51       		.byte	0x51
 2102 003c 3D000000 		.4byte	.LVL16-1
 2103 0040 3E000000 		.4byte	.LVL16
 2104 0044 0400     		.2byte	0x4
 2105 0046 F3       		.byte	0xf3
ARM GAS  /var/folders/dt/0wfd0knj7gs46m8vwfzktm600000gn/T//ccGsw6uk.s 			page 38


 2106 0047 01       		.uleb128 0x1
 2107 0048 50       		.byte	0x50
 2108 0049 9F       		.byte	0x9f
 2109 004a 3E000000 		.4byte	.LVL16
 2110 004e 4B000000 		.4byte	.LVL18-1
 2111 0052 0100     		.2byte	0x1
 2112 0054 50       		.byte	0x50
 2113 0055 4B000000 		.4byte	.LVL18-1
 2114 0059 4C000000 		.4byte	.LFE8
 2115 005d 0400     		.2byte	0x4
 2116 005f F3       		.byte	0xf3
 2117 0060 01       		.uleb128 0x1
 2118 0061 50       		.byte	0x50
 2119 0062 9F       		.byte	0x9f
 2120 0063 00000000 		.4byte	0
 2121 0067 00000000 		.4byte	0
 2122              	.LLST3:
 2123 006b 12000000 		.4byte	.LVL9
 2124 006f 32000000 		.4byte	.LVL14
 2125 0073 0100     		.2byte	0x1
 2126 0075 52       		.byte	0x52
 2127 0076 32000000 		.4byte	.LVL14
 2128 007a 34000000 		.4byte	.LVL15
 2129 007e 0A00     		.2byte	0xa
 2130 0080 70       		.byte	0x70
 2131 0081 1E       		.sleb128 30
 2132 0082 94       		.byte	0x94
 2133 0083 01       		.byte	0x1
 2134 0084 08       		.byte	0x8
 2135 0085 FF       		.byte	0xff
 2136 0086 1A       		.byte	0x1a
 2137 0087 31       		.byte	0x31
 2138 0088 1C       		.byte	0x1c
 2139 0089 9F       		.byte	0x9f
 2140 008a 34000000 		.4byte	.LVL15
 2141 008e 3D000000 		.4byte	.LVL16-1
 2142 0092 0A00     		.2byte	0xa
 2143 0094 71       		.byte	0x71
 2144 0095 1E       		.sleb128 30
 2145 0096 94       		.byte	0x94
 2146 0097 01       		.byte	0x1
 2147 0098 08       		.byte	0x8
 2148 0099 FF       		.byte	0xff
 2149 009a 1A       		.byte	0x1a
 2150 009b 31       		.byte	0x31
 2151 009c 1C       		.byte	0x1c
 2152 009d 9F       		.byte	0x9f
 2153 009e 3E000000 		.4byte	.LVL16
 2154 00a2 42000000 		.4byte	.LVL17
 2155 00a6 0100     		.2byte	0x1
 2156 00a8 52       		.byte	0x52
 2157 00a9 42000000 		.4byte	.LVL17
 2158 00ad 4B000000 		.4byte	.LVL18-1
 2159 00b1 0A00     		.2byte	0xa
 2160 00b3 70       		.byte	0x70
 2161 00b4 1E       		.sleb128 30
 2162 00b5 94       		.byte	0x94
ARM GAS  /var/folders/dt/0wfd0knj7gs46m8vwfzktm600000gn/T//ccGsw6uk.s 			page 39


 2163 00b6 01       		.byte	0x1
 2164 00b7 08       		.byte	0x8
 2165 00b8 FF       		.byte	0xff
 2166 00b9 1A       		.byte	0x1a
 2167 00ba 31       		.byte	0x31
 2168 00bb 1C       		.byte	0x1c
 2169 00bc 9F       		.byte	0x9f
 2170 00bd 00000000 		.4byte	0
 2171 00c1 00000000 		.4byte	0
 2172              	.LLST4:
 2173 00c5 08000000 		.4byte	.LVL7
 2174 00c9 0C000000 		.4byte	.LVL8
 2175 00cd 0100     		.2byte	0x1
 2176 00cf 53       		.byte	0x53
 2177 00d0 00000000 		.4byte	0
 2178 00d4 00000000 		.4byte	0
 2179              	.LLST5:
 2180 00d8 16000000 		.4byte	.LVL10
 2181 00dc 1A000000 		.4byte	.LVL11
 2182 00e0 0100     		.2byte	0x1
 2183 00e2 53       		.byte	0x53
 2184 00e3 1E000000 		.4byte	.LVL12
 2185 00e7 20000000 		.4byte	.LVL13
 2186 00eb 0100     		.2byte	0x1
 2187 00ed 53       		.byte	0x53
 2188 00ee 00000000 		.4byte	0
 2189 00f2 00000000 		.4byte	0
 2190              	.LLST6:
 2191 00f6 00000000 		.4byte	.LFB9
 2192 00fa 02000000 		.4byte	.LCFI0
 2193 00fe 0200     		.2byte	0x2
 2194 0100 7D       		.byte	0x7d
 2195 0101 00       		.sleb128 0
 2196 0102 02000000 		.4byte	.LCFI0
 2197 0106 04000000 		.4byte	.LCFI1
 2198 010a 0200     		.2byte	0x2
 2199 010c 7D       		.byte	0x7d
 2200 010d 14       		.sleb128 20
 2201 010e 04000000 		.4byte	.LCFI1
 2202 0112 3E000000 		.4byte	.LFE9
 2203 0116 0200     		.2byte	0x2
 2204 0118 7D       		.byte	0x7d
 2205 0119 20       		.sleb128 32
 2206 011a 00000000 		.4byte	0
 2207 011e 00000000 		.4byte	0
 2208              	.LLST7:
 2209 0122 00000000 		.4byte	.LVL19
 2210 0126 0D000000 		.4byte	.LVL20-1
 2211 012a 0100     		.2byte	0x1
 2212 012c 50       		.byte	0x50
 2213 012d 0D000000 		.4byte	.LVL20-1
 2214 0131 3E000000 		.4byte	.LFE9
 2215 0135 0400     		.2byte	0x4
 2216 0137 F3       		.byte	0xf3
 2217 0138 01       		.uleb128 0x1
 2218 0139 50       		.byte	0x50
 2219 013a 9F       		.byte	0x9f
ARM GAS  /var/folders/dt/0wfd0knj7gs46m8vwfzktm600000gn/T//ccGsw6uk.s 			page 40


 2220 013b 00000000 		.4byte	0
 2221 013f 00000000 		.4byte	0
 2222              	.LLST8:
 2223 0143 00000000 		.4byte	.LVL19
 2224 0147 0D000000 		.4byte	.LVL20-1
 2225 014b 0100     		.2byte	0x1
 2226 014d 51       		.byte	0x51
 2227 014e 0D000000 		.4byte	.LVL20-1
 2228 0152 3E000000 		.4byte	.LFE9
 2229 0156 0100     		.2byte	0x1
 2230 0158 55       		.byte	0x55
 2231 0159 00000000 		.4byte	0
 2232 015d 00000000 		.4byte	0
 2233              	.LLST9:
 2234 0161 00000000 		.4byte	.LVL19
 2235 0165 0D000000 		.4byte	.LVL20-1
 2236 0169 0100     		.2byte	0x1
 2237 016b 52       		.byte	0x52
 2238 016c 0D000000 		.4byte	.LVL20-1
 2239 0170 3E000000 		.4byte	.LFE9
 2240 0174 0100     		.2byte	0x1
 2241 0176 57       		.byte	0x57
 2242 0177 00000000 		.4byte	0
 2243 017b 00000000 		.4byte	0
 2244              	.LLST10:
 2245 017f 00000000 		.4byte	.LVL19
 2246 0183 0D000000 		.4byte	.LVL20-1
 2247 0187 0100     		.2byte	0x1
 2248 0189 53       		.byte	0x53
 2249 018a 0D000000 		.4byte	.LVL20-1
 2250 018e 3E000000 		.4byte	.LFE9
 2251 0192 0100     		.2byte	0x1
 2252 0194 56       		.byte	0x56
 2253 0195 00000000 		.4byte	0
 2254 0199 00000000 		.4byte	0
 2255              	.LLST11:
 2256 019d 0E000000 		.4byte	.LVL20
 2257 01a1 25000000 		.4byte	.LVL24-1
 2258 01a5 0100     		.2byte	0x1
 2259 01a7 50       		.byte	0x50
 2260 01a8 00000000 		.4byte	0
 2261 01ac 00000000 		.4byte	0
 2262              	.LLST12:
 2263 01b0 2E000000 		.4byte	.LVL25
 2264 01b4 31000000 		.4byte	.LVL26-1
 2265 01b8 0100     		.2byte	0x1
 2266 01ba 50       		.byte	0x50
 2267 01bb 31000000 		.4byte	.LVL26-1
 2268 01bf 38000000 		.4byte	.LVL28
 2269 01c3 0100     		.2byte	0x1
 2270 01c5 54       		.byte	0x54
 2271 01c6 00000000 		.4byte	0
 2272 01ca 00000000 		.4byte	0
 2273              	.LLST13:
 2274 01ce 18000000 		.4byte	.LVL22
 2275 01d2 1C000000 		.4byte	.LVL23
 2276 01d6 0100     		.2byte	0x1
ARM GAS  /var/folders/dt/0wfd0knj7gs46m8vwfzktm600000gn/T//ccGsw6uk.s 			page 41


 2277 01d8 53       		.byte	0x53
 2278 01d9 00000000 		.4byte	0
 2279 01dd 00000000 		.4byte	0
 2280              	.LLST14:
 2281 01e1 38000000 		.4byte	.LVL28
 2282 01e5 3E000000 		.4byte	.LFE9
 2283 01e9 0100     		.2byte	0x1
 2284 01eb 53       		.byte	0x53
 2285 01ec 00000000 		.4byte	0
 2286 01f0 00000000 		.4byte	0
 2287              	.LLST15:
 2288 01f4 00000000 		.4byte	.LFB10
 2289 01f8 04000000 		.4byte	.LCFI2
 2290 01fc 0200     		.2byte	0x2
 2291 01fe 7D       		.byte	0x7d
 2292 01ff 00       		.sleb128 0
 2293 0200 04000000 		.4byte	.LCFI2
 2294 0204 06000000 		.4byte	.LCFI3
 2295 0208 0200     		.2byte	0x2
 2296 020a 7D       		.byte	0x7d
 2297 020b 18       		.sleb128 24
 2298 020c 06000000 		.4byte	.LCFI3
 2299 0210 44000000 		.4byte	.LFE10
 2300 0214 0200     		.2byte	0x2
 2301 0216 7D       		.byte	0x7d
 2302 0217 20       		.sleb128 32
 2303 0218 00000000 		.4byte	0
 2304 021c 00000000 		.4byte	0
 2305              	.LLST16:
 2306 0220 00000000 		.4byte	.LVL29
 2307 0224 11000000 		.4byte	.LVL30-1
 2308 0228 0100     		.2byte	0x1
 2309 022a 50       		.byte	0x50
 2310 022b 11000000 		.4byte	.LVL30-1
 2311 022f 44000000 		.4byte	.LFE10
 2312 0233 0100     		.2byte	0x1
 2313 0235 55       		.byte	0x55
 2314 0236 00000000 		.4byte	0
 2315 023a 00000000 		.4byte	0
 2316              	.LLST17:
 2317 023e 00000000 		.4byte	.LVL29
 2318 0242 11000000 		.4byte	.LVL30-1
 2319 0246 0100     		.2byte	0x1
 2320 0248 51       		.byte	0x51
 2321 0249 11000000 		.4byte	.LVL30-1
 2322 024d 44000000 		.4byte	.LFE10
 2323 0251 0100     		.2byte	0x1
 2324 0253 57       		.byte	0x57
 2325 0254 00000000 		.4byte	0
 2326 0258 00000000 		.4byte	0
 2327              	.LLST18:
 2328 025c 00000000 		.4byte	.LVL29
 2329 0260 11000000 		.4byte	.LVL30-1
 2330 0264 0100     		.2byte	0x1
 2331 0266 52       		.byte	0x52
 2332 0267 11000000 		.4byte	.LVL30-1
 2333 026b 44000000 		.4byte	.LFE10
ARM GAS  /var/folders/dt/0wfd0knj7gs46m8vwfzktm600000gn/T//ccGsw6uk.s 			page 42


 2334 026f 0100     		.2byte	0x1
 2335 0271 58       		.byte	0x58
 2336 0272 00000000 		.4byte	0
 2337 0276 00000000 		.4byte	0
 2338              	.LLST19:
 2339 027a 00000000 		.4byte	.LVL29
 2340 027e 11000000 		.4byte	.LVL30-1
 2341 0282 0100     		.2byte	0x1
 2342 0284 53       		.byte	0x53
 2343 0285 11000000 		.4byte	.LVL30-1
 2344 0289 44000000 		.4byte	.LFE10
 2345 028d 0100     		.2byte	0x1
 2346 028f 56       		.byte	0x56
 2347 0290 00000000 		.4byte	0
 2348 0294 00000000 		.4byte	0
 2349              	.LLST20:
 2350 0298 12000000 		.4byte	.LVL30
 2351 029c 27000000 		.4byte	.LVL34-1
 2352 02a0 0100     		.2byte	0x1
 2353 02a2 50       		.byte	0x50
 2354 02a3 27000000 		.4byte	.LVL34-1
 2355 02a7 32000000 		.4byte	.LVL35
 2356 02ab 0100     		.2byte	0x1
 2357 02ad 54       		.byte	0x54
 2358 02ae 00000000 		.4byte	0
 2359 02b2 00000000 		.4byte	0
 2360              	.LLST21:
 2361 02b6 32000000 		.4byte	.LVL35
 2362 02ba 35000000 		.4byte	.LVL36-1
 2363 02be 0100     		.2byte	0x1
 2364 02c0 50       		.byte	0x50
 2365 02c1 35000000 		.4byte	.LVL36-1
 2366 02c5 3C000000 		.4byte	.LVL38
 2367 02c9 0100     		.2byte	0x1
 2368 02cb 54       		.byte	0x54
 2369 02cc 00000000 		.4byte	0
 2370 02d0 00000000 		.4byte	0
 2371              	.LLST22:
 2372 02d4 1C000000 		.4byte	.LVL32
 2373 02d8 20000000 		.4byte	.LVL33
 2374 02dc 0100     		.2byte	0x1
 2375 02de 53       		.byte	0x53
 2376 02df 00000000 		.4byte	0
 2377 02e3 00000000 		.4byte	0
 2378              	.LLST23:
 2379 02e7 3C000000 		.4byte	.LVL38
 2380 02eb 44000000 		.4byte	.LFE10
 2381 02ef 0100     		.2byte	0x1
 2382 02f1 53       		.byte	0x53
 2383 02f2 00000000 		.4byte	0
 2384 02f6 00000000 		.4byte	0
 2385              		.section	.debug_aranges,"",%progbits
 2386 0000 34000000 		.4byte	0x34
 2387 0004 0200     		.2byte	0x2
 2388 0006 00000000 		.4byte	.Ldebug_info0
 2389 000a 04       		.byte	0x4
 2390 000b 00       		.byte	0
ARM GAS  /var/folders/dt/0wfd0knj7gs46m8vwfzktm600000gn/T//ccGsw6uk.s 			page 43


 2391 000c 0000     		.2byte	0
 2392 000e 0000     		.2byte	0
 2393 0010 00000000 		.4byte	.LFB7
 2394 0014 14000000 		.4byte	.LFE7-.LFB7
 2395 0018 00000000 		.4byte	.LFB8
 2396 001c 4C000000 		.4byte	.LFE8-.LFB8
 2397 0020 00000000 		.4byte	.LFB9
 2398 0024 3E000000 		.4byte	.LFE9-.LFB9
 2399 0028 00000000 		.4byte	.LFB10
 2400 002c 44000000 		.4byte	.LFE10-.LFB10
 2401 0030 00000000 		.4byte	0
 2402 0034 00000000 		.4byte	0
 2403              		.section	.debug_ranges,"",%progbits
 2404              	.Ldebug_ranges0:
 2405 0000 08000000 		.4byte	.LBB3
 2406 0004 0A000000 		.4byte	.LBE3
 2407 0008 0E000000 		.4byte	.LBB4
 2408 000c 12000000 		.4byte	.LBE4
 2409 0010 00000000 		.4byte	0
 2410 0014 00000000 		.4byte	0
 2411 0018 0A000000 		.4byte	.LBB6
 2412 001c 0C000000 		.4byte	.LBE6
 2413 0020 12000000 		.4byte	.LBB7
 2414 0024 16000000 		.4byte	.LBE7
 2415 0028 00000000 		.4byte	0
 2416 002c 00000000 		.4byte	0
 2417 0030 00000000 		.4byte	.LFB7
 2418 0034 14000000 		.4byte	.LFE7
 2419 0038 00000000 		.4byte	.LFB8
 2420 003c 4C000000 		.4byte	.LFE8
 2421 0040 00000000 		.4byte	.LFB9
 2422 0044 3E000000 		.4byte	.LFE9
 2423 0048 00000000 		.4byte	.LFB10
 2424 004c 44000000 		.4byte	.LFE10
 2425 0050 00000000 		.4byte	0
 2426 0054 00000000 		.4byte	0
 2427              		.section	.debug_line,"",%progbits
 2428              	.Ldebug_line0:
 2429 0000 48020000 		.section	.debug_str,"MS",%progbits,1
 2429      0200C301 
 2429      00000201 
 2429      FB0E0D00 
 2429      01010101 
 2430              	.LASF72:
 2431 0000 7466756E 		.ascii	"tfunc_t\000"
 2431      635F7400 
 2432              	.LASF35:
 2433 0008 705F6D73 		.ascii	"p_msg\000"
 2433      6700
 2434              	.LASF86:
 2435 000e 2E2E2F2E 		.ascii	"../../os/kernel/src/chdynamic.c\000"
 2435      2E2F6F73 
 2435      2F6B6572 
 2435      6E656C2F 
 2435      7372632F 
 2436              	.LASF2:
 2437 002e 73697A65 		.ascii	"size_t\000"
ARM GAS  /var/folders/dt/0wfd0knj7gs46m8vwfzktm600000gn/T//ccGsw6uk.s 			page 44


 2437      5F7400
 2438              	.LASF67:
 2439 0035 7264796D 		.ascii	"rdymsg\000"
 2439      736700
 2440              	.LASF12:
 2441 003c 75696E74 		.ascii	"uint64_t\000"
 2441      36345F74 
 2441      00
 2442              	.LASF66:
 2443 0045 4D656D6F 		.ascii	"MemoryPool\000"
 2443      7279506F 
 2443      6F6C00
 2444              	.LASF51:
 2445 0050 6D656D67 		.ascii	"memgetfunc_t\000"
 2445      65746675 
 2445      6E635F74 
 2445      00
 2446              	.LASF13:
 2447 005d 6C6F6E67 		.ascii	"long long unsigned int\000"
 2447      206C6F6E 
 2447      6720756E 
 2447      7369676E 
 2447      65642069 
 2448              	.LASF68:
 2449 0074 65786974 		.ascii	"exitcode\000"
 2449      636F6465 
 2449      00
 2450              	.LASF55:
 2451 007d 685F6672 		.ascii	"h_free\000"
 2451      656500
 2452              	.LASF76:
 2453 0084 68656170 		.ascii	"heapp\000"
 2453      7000
 2454              	.LASF57:
 2455 008a 6E657874 		.ascii	"next\000"
 2455      00
 2456              	.LASF24:
 2457 008f 705F7072 		.ascii	"p_prio\000"
 2457      696F00
 2458              	.LASF11:
 2459 0096 6C6F6E67 		.ascii	"long long int\000"
 2459      206C6F6E 
 2459      6720696E 
 2459      7400
 2460              	.LASF1:
 2461 00a4 7369676E 		.ascii	"signed char\000"
 2461      65642063 
 2461      68617200 
 2462              	.LASF56:
 2463 00b0 685F6D74 		.ascii	"h_mtx\000"
 2463      7800
 2464              	.LASF39:
 2465 00b6 705F6D70 		.ascii	"p_mpool\000"
 2465      6F6F6C00 
 2466              	.LASF48:
 2467 00be 6D5F7175 		.ascii	"m_queue\000"
 2467      65756500 
ARM GAS  /var/folders/dt/0wfd0knj7gs46m8vwfzktm600000gn/T//ccGsw6uk.s 			page 45


 2468              	.LASF80:
 2469 00c6 63684865 		.ascii	"chHeapFree\000"
 2469      61704672 
 2469      656500
 2470              	.LASF82:
 2471 00d1 63685468 		.ascii	"chThdCreateI\000"
 2471      64437265 
 2471      61746549 
 2471      00
 2472              	.LASF8:
 2473 00de 6C6F6E67 		.ascii	"long int\000"
 2473      20696E74 
 2473      00
 2474              	.LASF75:
 2475 00e7 63685468 		.ascii	"chThdCreateFromHeap\000"
 2475      64437265 
 2475      61746546 
 2475      726F6D48 
 2475      65617000 
 2476              	.LASF15:
 2477 00fb 74737461 		.ascii	"tstate_t\000"
 2477      74655F74 
 2477      00
 2478              	.LASF63:
 2479 0104 6D705F6E 		.ascii	"mp_next\000"
 2479      65787400 
 2480              	.LASF87:
 2481 010c 2F557365 		.ascii	"/Users/toxygen/Projects/UAV/Control_sytem/sw/autopi"
 2481      72732F74 
 2481      6F787967 
 2481      656E2F50 
 2481      726F6A65 
 2482 013f 6C6F742F 		.ascii	"lot/2.4.3/demos/test2\000"
 2482      322E342E 
 2482      332F6465 
 2482      6D6F732F 
 2482      74657374 
 2483              	.LASF26:
 2484 0155 705F6E65 		.ascii	"p_newer\000"
 2484      77657200 
 2485              	.LASF78:
 2486 015d 63685468 		.ascii	"chThdCreateFromMemoryPool\000"
 2486      64437265 
 2486      61746546 
 2486      726F6D4D 
 2486      656D6F72 
 2487              	.LASF65:
 2488 0177 6D705F70 		.ascii	"mp_provider\000"
 2488      726F7669 
 2488      64657200 
 2489              	.LASF42:
 2490 0183 72656761 		.ascii	"regarm_t\000"
 2490      726D5F74 
 2490      00
 2491              	.LASF59:
 2492 018c 616C6967 		.ascii	"align\000"
 2492      6E00
ARM GAS  /var/folders/dt/0wfd0knj7gs46m8vwfzktm600000gn/T//ccGsw6uk.s 			page 46


 2493              	.LASF0:
 2494 0192 756E7369 		.ascii	"unsigned int\000"
 2494      676E6564 
 2494      20696E74 
 2494      00
 2495              	.LASF10:
 2496 019f 6C6F6E67 		.ascii	"long unsigned int\000"
 2496      20756E73 
 2496      69676E65 
 2496      6420696E 
 2496      7400
 2497              	.LASF45:
 2498 01b1 636F6E74 		.ascii	"context\000"
 2498      65787400 
 2499              	.LASF60:
 2500 01b9 73697A65 		.ascii	"size\000"
 2500      00
 2501              	.LASF6:
 2502 01be 73686F72 		.ascii	"short unsigned int\000"
 2502      7420756E 
 2502      7369676E 
 2502      65642069 
 2502      6E7400
 2503              	.LASF18:
 2504 01d1 6D73675F 		.ascii	"msg_t\000"
 2504      7400
 2505              	.LASF14:
 2506 01d7 746D6F64 		.ascii	"tmode_t\000"
 2506      655F7400 
 2507              	.LASF41:
 2508 01df 54687265 		.ascii	"ThreadsList\000"
 2508      6164734C 
 2508      69737400 
 2509              	.LASF19:
 2510 01eb 6576656E 		.ascii	"eventmask_t\000"
 2510      746D6173 
 2510      6B5F7400 
 2511              	.LASF47:
 2512 01f7 4D757465 		.ascii	"Mutex\000"
 2512      7800
 2513              	.LASF74:
 2514 01fd 63685468 		.ascii	"chThdAddRef\000"
 2514      64416464 
 2514      52656600 
 2515              	.LASF43:
 2516 0209 73746B61 		.ascii	"stkalign_t\000"
 2516      6C69676E 
 2516      5F7400
 2517              	.LASF46:
 2518 0214 73697A65 		.ascii	"sizetype\000"
 2518      74797065 
 2518      00
 2519              	.LASF27:
 2520 021d 705F6F6C 		.ascii	"p_older\000"
 2520      64657200 
 2521              	.LASF40:
 2522 0225 54687265 		.ascii	"ThreadsQueue\000"
ARM GAS  /var/folders/dt/0wfd0knj7gs46m8vwfzktm600000gn/T//ccGsw6uk.s 			page 47


 2522      61647351 
 2522      75657565 
 2522      00
 2523              	.LASF64:
 2524 0232 6D705F6F 		.ascii	"mp_object_size\000"
 2524      626A6563 
 2524      745F7369 
 2524      7A6500
 2525              	.LASF85:
 2526 0241 474E5520 		.ascii	"GNU C 4.7.2\000"
 2526      4320342E 
 2526      372E3200 
 2527              	.LASF77:
 2528 024d 7072696F 		.ascii	"prio\000"
 2528      00
 2529              	.LASF52:
 2530 0252 4D656D6F 		.ascii	"MemoryHeap\000"
 2530      72794865 
 2530      617000
 2531              	.LASF62:
 2532 025d 70685F6E 		.ascii	"ph_next\000"
 2532      65787400 
 2533              	.LASF16:
 2534 0265 74726566 		.ascii	"trefs_t\000"
 2534      735F7400 
 2535              	.LASF73:
 2536 026d 72656673 		.ascii	"refs\000"
 2536      00
 2537              	.LASF23:
 2538 0272 705F7072 		.ascii	"p_prev\000"
 2538      657600
 2539              	.LASF17:
 2540 0279 74707269 		.ascii	"tprio_t\000"
 2540      6F5F7400 
 2541              	.LASF7:
 2542 0281 696E7433 		.ascii	"int32_t\000"
 2542      325F7400 
 2543              	.LASF4:
 2544 0289 756E7369 		.ascii	"unsigned char\000"
 2544      676E6564 
 2544      20636861 
 2544      7200
 2545              	.LASF54:
 2546 0297 685F7072 		.ascii	"h_provider\000"
 2546      6F766964 
 2546      657200
 2547              	.LASF37:
 2548 02a2 705F6D74 		.ascii	"p_mtxlist\000"
 2548      786C6973 
 2548      7400
 2549              	.LASF5:
 2550 02ac 73686F72 		.ascii	"short int\000"
 2550      7420696E 
 2550      7400
 2551              	.LASF29:
 2552 02b6 705F7374 		.ascii	"p_state\000"
 2552      61746500 
ARM GAS  /var/folders/dt/0wfd0knj7gs46m8vwfzktm600000gn/T//ccGsw6uk.s 			page 48


 2553              	.LASF88:
 2554 02be 68656170 		.ascii	"heap_header\000"
 2554      5F686561 
 2554      64657200 
 2555              	.LASF70:
 2556 02ca 65776D61 		.ascii	"ewmask\000"
 2556      736B00
 2557              	.LASF22:
 2558 02d1 705F6E65 		.ascii	"p_next\000"
 2558      787400
 2559              	.LASF30:
 2560 02d8 705F666C 		.ascii	"p_flags\000"
 2560      61677300 
 2561              	.LASF89:
 2562 02e0 63685468 		.ascii	"chThdRelease\000"
 2562      6452656C 
 2562      65617365 
 2562      00
 2563              	.LASF21:
 2564 02ed 54687265 		.ascii	"Thread\000"
 2564      616400
 2565              	.LASF81:
 2566 02f4 63684865 		.ascii	"chHeapAlloc\000"
 2566      6170416C 
 2566      6C6F6300 
 2567              	.LASF36:
 2568 0300 705F6570 		.ascii	"p_epending\000"
 2568      656E6469 
 2568      6E6700
 2569              	.LASF9:
 2570 030b 75696E74 		.ascii	"uint32_t\000"
 2570      33325F74 
 2570      00
 2571              	.LASF58:
 2572 0314 68656170 		.ascii	"heap\000"
 2572      00
 2573              	.LASF71:
 2574 0319 63686172 		.ascii	"char\000"
 2574      00
 2575              	.LASF50:
 2576 031e 6D5F6E65 		.ascii	"m_next\000"
 2576      787400
 2577              	.LASF20:
 2578 0325 73797374 		.ascii	"systime_t\000"
 2578      696D655F 
 2578      7400
 2579              	.LASF38:
 2580 032f 705F7265 		.ascii	"p_realprio\000"
 2580      616C7072 
 2580      696F00
 2581              	.LASF32:
 2582 033a 705F7469 		.ascii	"p_time\000"
 2582      6D6500
 2583              	.LASF44:
 2584 0341 696E7463 		.ascii	"intctx\000"
 2584      747800
 2585              	.LASF34:
ARM GAS  /var/folders/dt/0wfd0knj7gs46m8vwfzktm600000gn/T//ccGsw6uk.s 			page 49


 2586 0348 705F6D73 		.ascii	"p_msgqueue\000"
 2586      67717565 
 2586      756500
 2587              	.LASF83:
 2588 0353 63685363 		.ascii	"chSchWakeupS\000"
 2588      6857616B 
 2588      65757053 
 2588      00
 2589              	.LASF61:
 2590 0360 706F6F6C 		.ascii	"pool_header\000"
 2590      5F686561 
 2590      64657200 
 2591              	.LASF31:
 2592 036c 705F7265 		.ascii	"p_refs\000"
 2592      667300
 2593              	.LASF3:
 2594 0373 75696E74 		.ascii	"uint8_t\000"
 2594      385F7400 
 2595              	.LASF84:
 2596 037b 6368506F 		.ascii	"chPoolAlloc\000"
 2596      6F6C416C 
 2596      6C6F6300 
 2597              	.LASF79:
 2598 0387 6368506F 		.ascii	"chPoolFree\000"
 2598      6F6C4672 
 2598      656500
 2599              	.LASF69:
 2600 0392 77746F62 		.ascii	"wtobjp\000"
 2600      6A7000
 2601              	.LASF28:
 2602 0399 705F6E61 		.ascii	"p_name\000"
 2602      6D6500
 2603              	.LASF49:
 2604 03a0 6D5F6F77 		.ascii	"m_owner\000"
 2604      6E657200 
 2605              	.LASF25:
 2606 03a8 705F6374 		.ascii	"p_ctx\000"
 2606      7800
 2607              	.LASF33:
 2608 03ae 705F7761 		.ascii	"p_waiting\000"
 2608      6974696E 
 2608      6700
 2609              	.LASF53:
 2610 03b8 6D656D6F 		.ascii	"memory_heap\000"
 2610      72795F68 
 2610      65617000 
 2611              		.ident	"GCC: (GNU) 4.7.2"
ARM GAS  /var/folders/dt/0wfd0knj7gs46m8vwfzktm600000gn/T//ccGsw6uk.s 			page 50


DEFINED SYMBOLS
                            *ABS*:0000000000000000 chdynamic.c
/var/folders/dt/0wfd0knj7gs46m8vwfzktm600000gn/T//ccGsw6uk.s:19     .text.chThdAddRef:0000000000000000 $t
/var/folders/dt/0wfd0knj7gs46m8vwfzktm600000gn/T//ccGsw6uk.s:25     .text.chThdAddRef:0000000000000000 chThdAddRef
/var/folders/dt/0wfd0knj7gs46m8vwfzktm600000gn/T//ccGsw6uk.s:68     .text.chThdRelease:0000000000000000 $t
/var/folders/dt/0wfd0knj7gs46m8vwfzktm600000gn/T//ccGsw6uk.s:74     .text.chThdRelease:0000000000000000 chThdRelease
/var/folders/dt/0wfd0knj7gs46m8vwfzktm600000gn/T//ccGsw6uk.s:164    .text.chThdCreateFromHeap:0000000000000000 $t
/var/folders/dt/0wfd0knj7gs46m8vwfzktm600000gn/T//ccGsw6uk.s:170    .text.chThdCreateFromHeap:0000000000000000 chThdCreateFromHeap
/var/folders/dt/0wfd0knj7gs46m8vwfzktm600000gn/T//ccGsw6uk.s:247    .text.chThdCreateFromMemoryPool:0000000000000000 $t
/var/folders/dt/0wfd0knj7gs46m8vwfzktm600000gn/T//ccGsw6uk.s:253    .text.chThdCreateFromMemoryPool:0000000000000000 chThdCreateFromMemoryPool
                     .debug_frame:0000000000000010 $d

UNDEFINED SYMBOLS
chPoolFree
chHeapFree
chHeapAlloc
chThdCreateI
chSchWakeupS
chPoolAlloc
