ARM GAS  /var/folders/dt/0wfd0knj7gs46m8vwfzktm600000gn/T//ccV3Yl1Y.s 			page 1


   1              		.syntax unified
   2              		.cpu cortex-m3
   3              		.fpu softvfp
   4              		.eabi_attribute 20, 1
   5              		.eabi_attribute 21, 1
   6              		.eabi_attribute 23, 3
   7              		.eabi_attribute 24, 1
   8              		.eabi_attribute 25, 1
   9              		.eabi_attribute 26, 1
  10              		.eabi_attribute 30, 2
  11              		.eabi_attribute 34, 1
  12              		.eabi_attribute 18, 4
  13              		.thumb
  14              		.file	"chheap.c"
  15              		.text
  16              	.Ltext0:
  17              		.cfi_sections	.debug_frame
  18              		.section	.text._heap_init,"ax",%progbits
  19              		.align	2
  20              		.p2align 4,,15
  21              		.global	_heap_init
  22              		.thumb
  23              		.thumb_func
  24              		.type	_heap_init, %function
  25              	_heap_init:
  26              	.LFB7:
  27              		.file 1 "../../os/kernel/src/chheap.c"
  28              		.loc 1 75 0
  29              		.cfi_startproc
  30              		@ args = 0, pretend = 0, frame = 0
  31              		@ frame_needed = 0, uses_anonymous_args = 0
  32              		@ link register save eliminated.
  33              		.loc 1 76 0
  34 0000 40F20003 		movw	r3, #:lower16:.LANCHOR0
  35 0004 C0F20003 		movt	r3, #:upper16:.LANCHOR0
  36 0008 40F20001 		movw	r1, #:lower16:chCoreAlloc
  37              		.loc 1 77 0
  38 000c 0022     		movs	r2, #0
  39              		.loc 1 76 0
  40 000e C0F20001 		movt	r1, #:upper16:chCoreAlloc
  41              		.loc 1 80 0
  42 0012 03F11000 		add	r0, r3, #16
  43              		.loc 1 76 0
  44 0016 1960     		str	r1, [r3, #0]
  45              		.loc 1 77 0
  46 0018 9A60     		str	r2, [r3, #8]
  47              		.loc 1 78 0
  48 001a DA60     		str	r2, [r3, #12]
  49              		.loc 1 84 0
  50              		.loc 1 80 0
  51 001c FFF7FEBF 		b	chMtxInit
  52              	.LVL0:
  53              		.cfi_endproc
  54              	.LFE7:
  55              		.size	_heap_init, .-_heap_init
  56              		.section	.text.chHeapInit,"ax",%progbits
  57              		.align	2
ARM GAS  /var/folders/dt/0wfd0knj7gs46m8vwfzktm600000gn/T//ccV3Yl1Y.s 			page 2


  58              		.p2align 4,,15
  59              		.global	chHeapInit
  60              		.thumb
  61              		.thumb_func
  62              		.type	chHeapInit, %function
  63              	chHeapInit:
  64              	.LFB8:
  65              		.loc 1 99 0
  66              		.cfi_startproc
  67              		@ args = 0, pretend = 0, frame = 0
  68              		@ frame_needed = 0, uses_anonymous_args = 0
  69              		@ link register save eliminated.
  70              	.LVL1:
  71              		.loc 1 104 0
  72 0000 0023     		movs	r3, #0
  73 0002 0360     		str	r3, [r0, #0]
  74              	.LVL2:
  75              		.loc 1 105 0
  76 0004 8160     		str	r1, [r0, #8]
  77              		.loc 1 106 0
  78 0006 C360     		str	r3, [r0, #12]
  79              		.loc 1 108 0
  80 0008 083A     		subs	r2, r2, #8
  81              	.LVL3:
  82              		.loc 1 110 0
  83 000a 1030     		adds	r0, r0, #16
  84              	.LVL4:
  85              		.loc 1 107 0
  86 000c 0B60     		str	r3, [r1, #0]
  87              		.loc 1 108 0
  88 000e 4A60     		str	r2, [r1, #4]
  89              		.loc 1 114 0
  90              		.loc 1 110 0
  91 0010 FFF7FEBF 		b	chMtxInit
  92              	.LVL5:
  93              		.cfi_endproc
  94              	.LFE8:
  95              		.size	chHeapInit, .-chHeapInit
  96 0014 AFF30080 		.section	.text.chHeapAlloc,"ax",%progbits
  96      AFF30080 
  96      AFF30080 
  97              		.align	2
  98              		.p2align 4,,15
  99              		.global	chHeapAlloc
 100              		.thumb
 101              		.thumb_func
 102              		.type	chHeapAlloc, %function
 103              	chHeapAlloc:
 104              	.LFB9:
 105              		.loc 1 132 0
 106              		.cfi_startproc
 107              		@ args = 0, pretend = 0, frame = 0
 108              		@ frame_needed = 0, uses_anonymous_args = 0
 109              	.LVL6:
 110 0000 F8B5     		push	{r3, r4, r5, r6, r7, lr}
 111              	.LCFI0:
 112              		.cfi_def_cfa_offset 24
ARM GAS  /var/folders/dt/0wfd0knj7gs46m8vwfzktm600000gn/T//ccV3Yl1Y.s 			page 3


 113              		.cfi_offset 3, -24
 114              		.cfi_offset 4, -20
 115              		.cfi_offset 5, -16
 116              		.cfi_offset 6, -12
 117              		.cfi_offset 7, -8
 118              		.cfi_offset 14, -4
 119              		.loc 1 136 0
 120 0002 1F4E     		ldr	r6, .L20
 121              		.loc 1 138 0
 122 0004 0731     		adds	r1, r1, #7
 123              	.LVL7:
 124              		.loc 1 136 0
 125 0006 0028     		cmp	r0, #0
 126 0008 18BF     		it	ne
 127 000a 0646     		movne	r6, r0
 128              	.LVL8:
 129              		.loc 1 140 0
 130 000c 06F11000 		add	r0, r6, #16
 131              		.loc 1 138 0
 132 0010 21F00705 		bic	r5, r1, #7
 133              	.LVL9:
 134              		.loc 1 139 0
 135 0014 06F10804 		add	r4, r6, #8
 136              	.LVL10:
 137              		.loc 1 140 0
 138 0018 FFF7FEFF 		bl	chMtxLock
 139              	.LVL11:
 140              		.loc 1 142 0
 141 001c 00E0     		b	.L5
 142              	.LVL12:
 143              	.L13:
 144              		.loc 1 144 0
 145 001e 1C46     		mov	r4, r3
 146              	.LVL13:
 147              	.L5:
 148              		.loc 1 142 0 discriminator 1
 149 0020 2368     		ldr	r3, [r4, #0]
 150              	.LVL14:
 151 0022 E3B1     		cbz	r3, .L18
 152              		.loc 1 144 0
 153 0024 5A68     		ldr	r2, [r3, #4]
 154 0026 9542     		cmp	r5, r2
 155 0028 F9D8     		bhi	.L13
 156              		.loc 1 145 0
 157 002a 05F10801 		add	r1, r5, #8
 158 002e 9142     		cmp	r1, r2
 159 0030 12D8     		bhi	.L19
 160              		.loc 1 155 0
 161 0032 4FF6F870 		movw	r0, #65528
 162 0036 CFF6FF70 		movt	r0, 65535
 163 003a 401B     		subs	r0, r0, r5
 164 003c 8218     		adds	r2, r0, r2
 165              		.loc 1 154 0
 166 003e 1868     		ldr	r0, [r3, #0]
 167              		.loc 1 153 0
 168 0040 5F18     		adds	r7, r3, r1
 169              	.LVL15:
ARM GAS  /var/folders/dt/0wfd0knj7gs46m8vwfzktm600000gn/T//ccV3Yl1Y.s 			page 4


 170              		.loc 1 154 0
 171 0042 5850     		str	r0, [r3, r1]
 172              		.loc 1 155 0
 173 0044 7A60     		str	r2, [r7, #4]
 174              		.loc 1 156 0
 175 0046 2760     		str	r7, [r4, #0]
 176              		.loc 1 157 0
 177 0048 5D60     		str	r5, [r3, #4]
 178              	.LVL16:
 179              	.L7:
 180              		.loc 1 159 0
 181 004a 1C46     		mov	r4, r3
 182              	.LVL17:
 183 004c 44F8086B 		str	r6, [r4], #8
 184              		.loc 1 161 0
 185 0050 FFF7FEFF 		bl	chMtxUnlock
 186              	.LVL18:
 187              	.L8:
 188              		.loc 1 181 0
 189 0054 2046     		mov	r0, r4
 190 0056 F8BD     		pop	{r3, r4, r5, r6, r7, pc}
 191              	.LVL19:
 192              	.L19:
 193              		.loc 1 149 0
 194 0058 1A68     		ldr	r2, [r3, #0]
 195 005a 2260     		str	r2, [r4, #0]
 196 005c F5E7     		b	.L7
 197              	.L18:
 198              		.loc 1 167 0
 199 005e FFF7FEFF 		bl	chMtxUnlock
 200              	.LVL20:
 201              		.loc 1 171 0
 202 0062 3368     		ldr	r3, [r6, #0]
 203 0064 4BB1     		cbz	r3, .L11
 204              		.loc 1 172 0
 205 0066 05F10800 		add	r0, r5, #8
 206 006a 9847     		blx	r3
 207              	.LVL21:
 208              		.loc 1 173 0
 209 006c 28B1     		cbz	r0, .L11
 210              		.loc 1 177 0
 211 006e 00F10804 		add	r4, r0, #8
 212              	.LVL22:
 213              		.loc 1 174 0
 214 0072 0660     		str	r6, [r0, #0]
 215              		.loc 1 175 0
 216 0074 4560     		str	r5, [r0, #4]
 217              	.LVL23:
 218              		.loc 1 181 0
 219 0076 2046     		mov	r0, r4
 220 0078 F8BD     		pop	{r3, r4, r5, r6, r7, pc}
 221              	.LVL24:
 222              	.L11:
 223              		.loc 1 180 0
 224 007a 0024     		movs	r4, #0
 225              	.LVL25:
 226 007c EAE7     		b	.L8
ARM GAS  /var/folders/dt/0wfd0knj7gs46m8vwfzktm600000gn/T//ccV3Yl1Y.s 			page 5


 227              	.L21:
 228 007e 00BF     		.align	2
 229              	.L20:
 230 0080 00000000 		.word	.LANCHOR0
 231              		.cfi_endproc
 232              	.LFE9:
 233              		.size	chHeapAlloc, .-chHeapAlloc
 234 0084 AFF30080 		.section	.text.chHeapFree,"ax",%progbits
 234      AFF30080 
 234      AFF30080 
 235              		.align	2
 236              		.p2align 4,,15
 237              		.global	chHeapFree
 238              		.thumb
 239              		.thumb_func
 240              		.type	chHeapFree, %function
 241              	chHeapFree:
 242              	.LFB10:
 243              		.loc 1 194 0
 244              		.cfi_startproc
 245              		@ args = 0, pretend = 0, frame = 0
 246              		@ frame_needed = 0, uses_anonymous_args = 0
 247              	.LVL26:
 248 0000 70B5     		push	{r4, r5, r6, lr}
 249              	.LCFI1:
 250              		.cfi_def_cfa_offset 16
 251              		.cfi_offset 4, -16
 252              		.cfi_offset 5, -12
 253              		.cfi_offset 6, -8
 254              		.cfi_offset 14, -4
 255              		.loc 1 194 0
 256 0002 0646     		mov	r6, r0
 257              		.loc 1 201 0
 258 0004 50F8080C 		ldr	r0, [r0, #-8]
 259              	.LVL27:
 260              		.loc 1 200 0
 261 0008 A6F10804 		sub	r4, r6, #8
 262              	.LVL28:
 263              		.loc 1 202 0
 264 000c 00F10805 		add	r5, r0, #8
 265              	.LVL29:
 266              		.loc 1 203 0
 267 0010 1030     		adds	r0, r0, #16
 268              	.LVL30:
 269 0012 FFF7FEFF 		bl	chMtxLock
 270              	.LVL31:
 271              		.loc 1 202 0
 272 0016 2B46     		mov	r3, r5
 273              	.LVL32:
 274              	.L29:
 275              		.loc 1 210 0
 276 0018 AB42     		cmp	r3, r5
 277              		.loc 1 211 0
 278 001a 1A68     		ldr	r2, [r3, #0]
 279              		.loc 1 210 0
 280 001c 01D0     		beq	.L23
 281              		.loc 1 210 0 is_stmt 0 discriminator 2
ARM GAS  /var/folders/dt/0wfd0knj7gs46m8vwfzktm600000gn/T//ccV3Yl1Y.s 			page 6


 282 001e A342     		cmp	r3, r4
 283 0020 02D2     		bcs	.L26
 284              	.L23:
 285              		.loc 1 210 0 discriminator 1
 286 0022 1AB1     		cbz	r2, .L25
 287              		.loc 1 211 0 is_stmt 1
 288 0024 9442     		cmp	r4, r2
 289 0026 01D3     		bcc	.L25
 290              	.L26:
 291              	.LVL33:
 292              		.loc 1 228 0
 293 0028 1346     		mov	r3, r2
 294              		.loc 1 229 0
 295 002a F5E7     		b	.L29
 296              	.LVL34:
 297              	.L25:
 298              		.loc 1 216 0
 299 002c 56F8041C 		ldr	r1, [r6, #-4]
 300              		.loc 1 213 0
 301 0030 46F8082C 		str	r2, [r6, #-8]
 302              		.loc 1 214 0
 303 0034 1C60     		str	r4, [r3, #0]
 304              		.loc 1 216 0
 305 0036 01F10802 		add	r2, r1, #8
 306 003a 56F8085C 		ldr	r5, [r6, #-8]
 307              	.LVL35:
 308 003e A018     		adds	r0, r4, r2
 309 0040 A842     		cmp	r0, r5
 310 0042 09D0     		beq	.L33
 311              		.loc 1 221 0
 312 0044 5A68     		ldr	r2, [r3, #4]
 313 0046 02F10801 		add	r1, r2, #8
 314 004a 5918     		adds	r1, r3, r1
 315 004c 8C42     		cmp	r4, r1
 316 004e 11D0     		beq	.L34
 317              	.L28:
 318              		.loc 1 233 0
 319 0050 BDE87040 		pop	{r4, r5, r6, lr}
 320              		.loc 1 231 0
 321 0054 FFF7FEBF 		b	chMtxUnlock
 322              	.LVL36:
 323              	.L33:
 324              		.loc 1 218 0
 325 0058 4068     		ldr	r0, [r0, #4]
 326              		.loc 1 219 0
 327 005a A258     		ldr	r2, [r4, r2]
 328              		.loc 1 218 0
 329 005c 0918     		adds	r1, r1, r0
 330 005e 0831     		adds	r1, r1, #8
 331 0060 46F8041C 		str	r1, [r6, #-4]
 332              		.loc 1 219 0
 333 0064 46F8082C 		str	r2, [r6, #-8]
 334              		.loc 1 221 0
 335 0068 5A68     		ldr	r2, [r3, #4]
 336 006a 02F10801 		add	r1, r2, #8
 337 006e 5918     		adds	r1, r3, r1
 338 0070 8C42     		cmp	r4, r1
ARM GAS  /var/folders/dt/0wfd0knj7gs46m8vwfzktm600000gn/T//ccV3Yl1Y.s 			page 7


 339 0072 EDD1     		bne	.L28
 340              	.L34:
 341              		.loc 1 223 0
 342 0074 56F8040C 		ldr	r0, [r6, #-4]
 343              		.loc 1 224 0
 344 0078 56F8081C 		ldr	r1, [r6, #-8]
 345              		.loc 1 223 0
 346 007c 1218     		adds	r2, r2, r0
 347 007e 0832     		adds	r2, r2, #8
 348              		.loc 1 224 0
 349 0080 83E80600 		stmia	r3, {r1, r2}
 350 0084 E4E7     		b	.L28
 351              		.cfi_endproc
 352              	.LFE10:
 353              		.size	chHeapFree, .-chHeapFree
 354 0086 00BFAFF3 		.section	.text.chHeapStatus,"ax",%progbits
 354      0080AFF3 
 354      0080
 355              		.align	2
 356              		.p2align 4,,15
 357              		.global	chHeapStatus
 358              		.thumb
 359              		.thumb_func
 360              		.type	chHeapStatus, %function
 361              	chHeapStatus:
 362              	.LFB11:
 363              		.loc 1 250 0
 364              		.cfi_startproc
 365              		@ args = 0, pretend = 0, frame = 0
 366              		@ frame_needed = 0, uses_anonymous_args = 0
 367              	.LVL37:
 368 0000 38B5     		push	{r3, r4, r5, lr}
 369              	.LCFI2:
 370              		.cfi_def_cfa_offset 16
 371              		.cfi_offset 3, -16
 372              		.cfi_offset 4, -12
 373              		.cfi_offset 5, -8
 374              		.cfi_offset 14, -4
 375              		.loc 1 255 0
 376 0002 0E4C     		ldr	r4, .L46
 377              		.loc 1 250 0
 378 0004 0D46     		mov	r5, r1
 379              		.loc 1 255 0
 380 0006 0028     		cmp	r0, #0
 381 0008 18BF     		it	ne
 382 000a 0446     		movne	r4, r0
 383              	.LVL38:
 384              		.loc 1 257 0
 385 000c 04F11000 		add	r0, r4, #16
 386 0010 FFF7FEFF 		bl	chMtxLock
 387              	.LVL39:
 388              		.loc 1 260 0
 389 0014 A368     		ldr	r3, [r4, #8]
 390 0016 6BB1     		cbz	r3, .L41
 391 0018 0022     		movs	r2, #0
 392 001a 1446     		mov	r4, r2
 393              	.LVL40:
ARM GAS  /var/folders/dt/0wfd0knj7gs46m8vwfzktm600000gn/T//ccV3Yl1Y.s 			page 8


 394              	.L38:
 395              		.loc 1 261 0 discriminator 2
 396 001c 5868     		ldr	r0, [r3, #4]
 397              		.loc 1 260 0 discriminator 2
 398 001e 1B68     		ldr	r3, [r3, #0]
 399              		.loc 1 261 0 discriminator 2
 400 0020 1218     		adds	r2, r2, r0
 401              	.LVL41:
 402              		.loc 1 260 0 discriminator 2
 403 0022 0134     		adds	r4, r4, #1
 404              	.LVL42:
 405 0024 002B     		cmp	r3, #0
 406 0026 F9D1     		bne	.L38
 407              	.LVL43:
 408              	.L37:
 409              		.loc 1 262 0
 410 0028 05B1     		cbz	r5, .L39
 411              		.loc 1 263 0
 412 002a 2A60     		str	r2, [r5, #0]
 413              	.L39:
 414              		.loc 1 265 0
 415 002c FFF7FEFF 		bl	chMtxUnlock
 416              	.LVL44:
 417              		.loc 1 267 0
 418 0030 2046     		mov	r0, r4
 419 0032 38BD     		pop	{r3, r4, r5, pc}
 420              	.LVL45:
 421              	.L41:
 422              		.loc 1 259 0
 423 0034 1A46     		mov	r2, r3
 424              		.loc 1 260 0
 425 0036 1C46     		mov	r4, r3
 426              	.LVL46:
 427 0038 F6E7     		b	.L37
 428              	.L47:
 429 003a 00BF     		.align	2
 430              	.L46:
 431 003c 00000000 		.word	.LANCHOR0
 432              		.cfi_endproc
 433              	.LFE11:
 434              		.size	chHeapStatus, .-chHeapStatus
 435              		.section	.bss.default_heap,"aw",%nobits
 436              		.align	3
 437              		.set	.LANCHOR0,. + 0
 438              		.type	default_heap, %object
 439              		.size	default_heap, 32
 440              	default_heap:
 441 0000 00000000 		.space	32
 441      00000000 
 441      00000000 
 441      00000000 
 441      00000000 
 442              		.text
 443              	.Letext0:
 444              		.file 2 "/Users/toxygen/Applications/yagarto-4.7.2/bin/../lib/gcc/arm-none-eabi/4.7.2/include/stdd
 445              		.file 3 "/Users/toxygen/Applications/yagarto-4.7.2/bin/../lib/gcc/arm-none-eabi/4.7.2/../../../../
 446              		.file 4 "../../os/ports/GCC/ARMCMx/chtypes.h"
ARM GAS  /var/folders/dt/0wfd0knj7gs46m8vwfzktm600000gn/T//ccV3Yl1Y.s 			page 9


 447              		.file 5 "../../os/kernel/include/chlists.h"
 448              		.file 6 "../../os/kernel/include/chthreads.h"
 449              		.file 7 "../../os/ports/GCC/ARMCMx/chcore_v7m.h"
 450              		.file 8 "../../os/kernel/include/chmtx.h"
 451              		.file 9 "../../os/kernel/include/chmemcore.h"
 452              		.file 10 "../../os/kernel/include/chheap.h"
 453              		.section	.debug_info,"",%progbits
 454              	.Ldebug_info0:
 455 0000 14070000 		.4byte	0x714
 456 0004 0200     		.2byte	0x2
 457 0006 00000000 		.4byte	.Ldebug_abbrev0
 458 000a 04       		.byte	0x4
 459 000b 01       		.uleb128 0x1
 460 000c E2010000 		.4byte	.LASF76
 461 0010 01       		.byte	0x1
 462 0011 BE000000 		.4byte	.LASF77
 463 0015 E4000000 		.4byte	.LASF78
 464 0019 00000000 		.4byte	.Ldebug_ranges0+0
 465 001d 00000000 		.4byte	0
 466 0021 00000000 		.4byte	0
 467 0025 00000000 		.4byte	.Ldebug_line0
 468 0029 02       		.uleb128 0x2
 469 002a 04       		.byte	0x4
 470 002b 05       		.byte	0x5
 471 002c 696E7400 		.ascii	"int\000"
 472 0030 03       		.uleb128 0x3
 473 0031 06000000 		.4byte	.LASF2
 474 0035 02       		.byte	0x2
 475 0036 D5       		.byte	0xd5
 476 0037 3B000000 		.4byte	0x3b
 477 003b 04       		.uleb128 0x4
 478 003c 04       		.byte	0x4
 479 003d 07       		.byte	0x7
 480 003e 44010000 		.4byte	.LASF0
 481 0042 04       		.uleb128 0x4
 482 0043 01       		.byte	0x1
 483 0044 06       		.byte	0x6
 484 0045 88000000 		.4byte	.LASF1
 485 0049 03       		.uleb128 0x3
 486 004a 00030000 		.4byte	.LASF3
 487 004e 03       		.byte	0x3
 488 004f 2A       		.byte	0x2a
 489 0050 54000000 		.4byte	0x54
 490 0054 04       		.uleb128 0x4
 491 0055 01       		.byte	0x1
 492 0056 08       		.byte	0x8
 493 0057 18020000 		.4byte	.LASF4
 494 005b 04       		.uleb128 0x4
 495 005c 02       		.byte	0x2
 496 005d 05       		.byte	0x5
 497 005e 3B020000 		.4byte	.LASF5
 498 0062 04       		.uleb128 0x4
 499 0063 02       		.byte	0x2
 500 0064 07       		.byte	0x7
 501 0065 70010000 		.4byte	.LASF6
 502 0069 03       		.uleb128 0x3
 503 006a 10020000 		.4byte	.LASF7
ARM GAS  /var/folders/dt/0wfd0knj7gs46m8vwfzktm600000gn/T//ccV3Yl1Y.s 			page 10


 504 006e 03       		.byte	0x3
 505 006f 4F       		.byte	0x4f
 506 0070 74000000 		.4byte	0x74
 507 0074 04       		.uleb128 0x4
 508 0075 04       		.byte	0x4
 509 0076 05       		.byte	0x5
 510 0077 B5000000 		.4byte	.LASF8
 511 007b 03       		.uleb128 0x3
 512 007c 8D020000 		.4byte	.LASF9
 513 0080 03       		.byte	0x3
 514 0081 50       		.byte	0x50
 515 0082 86000000 		.4byte	0x86
 516 0086 04       		.uleb128 0x4
 517 0087 04       		.byte	0x4
 518 0088 07       		.byte	0x7
 519 0089 51010000 		.4byte	.LASF10
 520 008d 04       		.uleb128 0x4
 521 008e 08       		.byte	0x8
 522 008f 05       		.byte	0x5
 523 0090 7A000000 		.4byte	.LASF11
 524 0094 03       		.uleb128 0x3
 525 0095 14000000 		.4byte	.LASF12
 526 0099 03       		.byte	0x3
 527 009a 78       		.byte	0x78
 528 009b 9F000000 		.4byte	0x9f
 529 009f 04       		.uleb128 0x4
 530 00a0 08       		.byte	0x8
 531 00a1 07       		.byte	0x7
 532 00a2 2A000000 		.4byte	.LASF13
 533 00a6 03       		.uleb128 0x3
 534 00a7 89010000 		.4byte	.LASF14
 535 00ab 04       		.byte	0x4
 536 00ac 2F       		.byte	0x2f
 537 00ad 49000000 		.4byte	0x49
 538 00b1 03       		.uleb128 0x3
 539 00b2 DB000000 		.4byte	.LASF15
 540 00b6 04       		.byte	0x4
 541 00b7 30       		.byte	0x30
 542 00b8 49000000 		.4byte	0x49
 543 00bc 03       		.uleb128 0x3
 544 00bd F9010000 		.4byte	.LASF16
 545 00c1 04       		.byte	0x4
 546 00c2 31       		.byte	0x31
 547 00c3 49000000 		.4byte	0x49
 548 00c7 03       		.uleb128 0x3
 549 00c8 08020000 		.4byte	.LASF17
 550 00cc 04       		.byte	0x4
 551 00cd 32       		.byte	0x32
 552 00ce 7B000000 		.4byte	0x7b
 553 00d2 03       		.uleb128 0x3
 554 00d3 83010000 		.4byte	.LASF18
 555 00d7 04       		.byte	0x4
 556 00d8 33       		.byte	0x33
 557 00d9 69000000 		.4byte	0x69
 558 00dd 03       		.uleb128 0x3
 559 00de 9D010000 		.4byte	.LASF19
 560 00e2 04       		.byte	0x4
ARM GAS  /var/folders/dt/0wfd0knj7gs46m8vwfzktm600000gn/T//ccV3Yl1Y.s 			page 11


 561 00e3 35       		.byte	0x35
 562 00e4 7B000000 		.4byte	0x7b
 563 00e8 03       		.uleb128 0x3
 564 00e9 C1020000 		.4byte	.LASF20
 565 00ed 04       		.byte	0x4
 566 00ee 36       		.byte	0x36
 567 00ef 7B000000 		.4byte	0x7b
 568 00f3 03       		.uleb128 0x3
 569 00f4 6F020000 		.4byte	.LASF21
 570 00f8 05       		.byte	0x5
 571 00f9 2A       		.byte	0x2a
 572 00fa FE000000 		.4byte	0xfe
 573 00fe 05       		.uleb128 0x5
 574 00ff 6F020000 		.4byte	.LASF21
 575 0103 48       		.byte	0x48
 576 0104 06       		.byte	0x6
 577 0105 5E       		.byte	0x5e
 578 0106 15020000 		.4byte	0x215
 579 010a 06       		.uleb128 0x6
 580 010b 60020000 		.4byte	.LASF22
 581 010f 06       		.byte	0x6
 582 0110 5F       		.byte	0x5f
 583 0111 3A020000 		.4byte	0x23a
 584 0115 02       		.byte	0x2
 585 0116 23       		.byte	0x23
 586 0117 00       		.uleb128 0
 587 0118 06       		.uleb128 0x6
 588 0119 01020000 		.4byte	.LASF23
 589 011d 06       		.byte	0x6
 590 011e 61       		.byte	0x61
 591 011f 3A020000 		.4byte	0x23a
 592 0123 02       		.byte	0x2
 593 0124 23       		.byte	0x23
 594 0125 04       		.uleb128 0x4
 595 0126 06       		.uleb128 0x6
 596 0127 73000000 		.4byte	.LASF24
 597 012b 06       		.byte	0x6
 598 012c 63       		.byte	0x63
 599 012d C7000000 		.4byte	0xc7
 600 0131 02       		.byte	0x2
 601 0132 23       		.byte	0x23
 602 0133 08       		.uleb128 0x8
 603 0134 06       		.uleb128 0x6
 604 0135 2F030000 		.4byte	.LASF25
 605 0139 06       		.byte	0x6
 606 013a 64       		.byte	0x64
 607 013b 12030000 		.4byte	0x312
 608 013f 02       		.byte	0x2
 609 0140 23       		.byte	0x23
 610 0141 0C       		.uleb128 0xc
 611 0142 06       		.uleb128 0x6
 612 0143 2D010000 		.4byte	.LASF26
 613 0147 06       		.byte	0x6
 614 0148 66       		.byte	0x66
 615 0149 3A020000 		.4byte	0x23a
 616 014d 02       		.byte	0x2
 617 014e 23       		.byte	0x23
ARM GAS  /var/folders/dt/0wfd0knj7gs46m8vwfzktm600000gn/T//ccV3Yl1Y.s 			page 12


 618 014f 10       		.uleb128 0x10
 619 0150 06       		.uleb128 0x6
 620 0151 CD010000 		.4byte	.LASF27
 621 0155 06       		.byte	0x6
 622 0156 67       		.byte	0x67
 623 0157 3A020000 		.4byte	0x23a
 624 015b 02       		.byte	0x2
 625 015c 23       		.byte	0x23
 626 015d 14       		.uleb128 0x14
 627 015e 06       		.uleb128 0x6
 628 015f 15030000 		.4byte	.LASF28
 629 0163 06       		.byte	0x6
 630 0164 6E       		.byte	0x6e
 631 0165 90040000 		.4byte	0x490
 632 0169 02       		.byte	0x2
 633 016a 23       		.byte	0x23
 634 016b 18       		.uleb128 0x18
 635 016c 06       		.uleb128 0x6
 636 016d 45020000 		.4byte	.LASF29
 637 0171 06       		.byte	0x6
 638 0172 79       		.byte	0x79
 639 0173 B1000000 		.4byte	0xb1
 640 0177 02       		.byte	0x2
 641 0178 23       		.byte	0x23
 642 0179 1C       		.uleb128 0x1c
 643 017a 06       		.uleb128 0x6
 644 017b 67020000 		.4byte	.LASF30
 645 017f 06       		.byte	0x6
 646 0180 7D       		.byte	0x7d
 647 0181 A6000000 		.4byte	0xa6
 648 0185 02       		.byte	0x2
 649 0186 23       		.byte	0x23
 650 0187 1D       		.uleb128 0x1d
 651 0188 06       		.uleb128 0x6
 652 0189 F9020000 		.4byte	.LASF31
 653 018d 06       		.byte	0x6
 654 018e 82       		.byte	0x82
 655 018f BC000000 		.4byte	0xbc
 656 0193 02       		.byte	0x2
 657 0194 23       		.byte	0x23
 658 0195 1E       		.uleb128 0x1e
 659 0196 06       		.uleb128 0x6
 660 0197 D6020000 		.4byte	.LASF32
 661 019b 06       		.byte	0x6
 662 019c 89       		.byte	0x89
 663 019d 3C030000 		.4byte	0x33c
 664 01a1 02       		.byte	0x2
 665 01a2 23       		.byte	0x23
 666 01a3 20       		.uleb128 0x20
 667 01a4 07       		.uleb128 0x7
 668 01a5 705F7500 		.ascii	"p_u\000"
 669 01a9 06       		.byte	0x6
 670 01aa AE       		.byte	0xae
 671 01ab 5B040000 		.4byte	0x45b
 672 01af 02       		.byte	0x2
 673 01b0 23       		.byte	0x23
 674 01b1 24       		.uleb128 0x24
ARM GAS  /var/folders/dt/0wfd0knj7gs46m8vwfzktm600000gn/T//ccV3Yl1Y.s 			page 13


 675 01b2 06       		.uleb128 0x6
 676 01b3 35030000 		.4byte	.LASF33
 677 01b7 06       		.byte	0x6
 678 01b8 B3       		.byte	0xb3
 679 01b9 62020000 		.4byte	0x262
 680 01bd 02       		.byte	0x2
 681 01be 23       		.byte	0x23
 682 01bf 28       		.uleb128 0x28
 683 01c0 06       		.uleb128 0x6
 684 01c1 E4020000 		.4byte	.LASF34
 685 01c5 06       		.byte	0x6
 686 01c6 B9       		.byte	0xb9
 687 01c7 40020000 		.4byte	0x240
 688 01cb 02       		.byte	0x2
 689 01cc 23       		.byte	0x23
 690 01cd 2C       		.uleb128 0x2c
 691 01ce 06       		.uleb128 0x6
 692 01cf 00000000 		.4byte	.LASF35
 693 01d3 06       		.byte	0x6
 694 01d4 BD       		.byte	0xbd
 695 01d5 D2000000 		.4byte	0xd2
 696 01d9 02       		.byte	0x2
 697 01da 23       		.byte	0x23
 698 01db 34       		.uleb128 0x34
 699 01dc 06       		.uleb128 0x6
 700 01dd 82020000 		.4byte	.LASF36
 701 01e1 06       		.byte	0x6
 702 01e2 C3       		.byte	0xc3
 703 01e3 DD000000 		.4byte	0xdd
 704 01e7 02       		.byte	0x2
 705 01e8 23       		.byte	0x23
 706 01e9 38       		.uleb128 0x38
 707 01ea 06       		.uleb128 0x6
 708 01eb 31020000 		.4byte	.LASF37
 709 01ef 06       		.byte	0x6
 710 01f0 CA       		.byte	0xca
 711 01f1 A2040000 		.4byte	0x4a2
 712 01f5 02       		.byte	0x2
 713 01f6 23       		.byte	0x23
 714 01f7 3C       		.uleb128 0x3c
 715 01f8 06       		.uleb128 0x6
 716 01f9 CB020000 		.4byte	.LASF38
 717 01fd 06       		.byte	0x6
 718 01fe CE       		.byte	0xce
 719 01ff C7000000 		.4byte	0xc7
 720 0203 02       		.byte	0x2
 721 0204 23       		.byte	0x23
 722 0205 40       		.uleb128 0x40
 723 0206 06       		.uleb128 0x6
 724 0207 9A000000 		.4byte	.LASF39
 725 020b 06       		.byte	0x6
 726 020c D4       		.byte	0xd4
 727 020d 78020000 		.4byte	0x278
 728 0211 02       		.byte	0x2
 729 0212 23       		.byte	0x23
 730 0213 44       		.uleb128 0x44
 731 0214 00       		.byte	0
ARM GAS  /var/folders/dt/0wfd0knj7gs46m8vwfzktm600000gn/T//ccV3Yl1Y.s 			page 14


 732 0215 08       		.uleb128 0x8
 733 0216 08       		.byte	0x8
 734 0217 05       		.byte	0x5
 735 0218 61       		.byte	0x61
 736 0219 3A020000 		.4byte	0x23a
 737 021d 06       		.uleb128 0x6
 738 021e 60020000 		.4byte	.LASF22
 739 0222 05       		.byte	0x5
 740 0223 62       		.byte	0x62
 741 0224 3A020000 		.4byte	0x23a
 742 0228 02       		.byte	0x2
 743 0229 23       		.byte	0x23
 744 022a 00       		.uleb128 0
 745 022b 06       		.uleb128 0x6
 746 022c 01020000 		.4byte	.LASF23
 747 0230 05       		.byte	0x5
 748 0231 64       		.byte	0x64
 749 0232 3A020000 		.4byte	0x23a
 750 0236 02       		.byte	0x2
 751 0237 23       		.byte	0x23
 752 0238 04       		.uleb128 0x4
 753 0239 00       		.byte	0
 754 023a 09       		.uleb128 0x9
 755 023b 04       		.byte	0x4
 756 023c F3000000 		.4byte	0xf3
 757 0240 03       		.uleb128 0x3
 758 0241 D5010000 		.4byte	.LASF40
 759 0245 05       		.byte	0x5
 760 0246 66       		.byte	0x66
 761 0247 15020000 		.4byte	0x215
 762 024b 08       		.uleb128 0x8
 763 024c 04       		.byte	0x4
 764 024d 05       		.byte	0x5
 765 024e 6B       		.byte	0x6b
 766 024f 62020000 		.4byte	0x262
 767 0253 06       		.uleb128 0x6
 768 0254 60020000 		.4byte	.LASF22
 769 0258 05       		.byte	0x5
 770 0259 6D       		.byte	0x6d
 771 025a 3A020000 		.4byte	0x23a
 772 025e 02       		.byte	0x2
 773 025f 23       		.byte	0x23
 774 0260 00       		.uleb128 0
 775 0261 00       		.byte	0
 776 0262 03       		.uleb128 0x3
 777 0263 91010000 		.4byte	.LASF41
 778 0267 05       		.byte	0x5
 779 0268 70       		.byte	0x70
 780 0269 4B020000 		.4byte	0x24b
 781 026d 03       		.uleb128 0x3
 782 026e 35010000 		.4byte	.LASF42
 783 0272 07       		.byte	0x7
 784 0273 D7       		.byte	0xd7
 785 0274 78020000 		.4byte	0x278
 786 0278 0A       		.uleb128 0xa
 787 0279 04       		.byte	0x4
 788 027a 03       		.uleb128 0x3
ARM GAS  /var/folders/dt/0wfd0knj7gs46m8vwfzktm600000gn/T//ccV3Yl1Y.s 			page 15


 789 027b AF010000 		.4byte	.LASF43
 790 027f 07       		.byte	0x7
 791 0280 DD       		.byte	0xdd
 792 0281 94000000 		.4byte	0x94
 793 0285 05       		.uleb128 0x5
 794 0286 DD020000 		.4byte	.LASF44
 795 028a 24       		.byte	0x24
 796 028b 07       		.byte	0x7
 797 028c FE       		.byte	0xfe
 798 028d 12030000 		.4byte	0x312
 799 0291 0B       		.uleb128 0xb
 800 0292 723400   		.ascii	"r4\000"
 801 0295 07       		.byte	0x7
 802 0296 1101     		.2byte	0x111
 803 0298 6D020000 		.4byte	0x26d
 804 029c 02       		.byte	0x2
 805 029d 23       		.byte	0x23
 806 029e 00       		.uleb128 0
 807 029f 0B       		.uleb128 0xb
 808 02a0 723500   		.ascii	"r5\000"
 809 02a3 07       		.byte	0x7
 810 02a4 1201     		.2byte	0x112
 811 02a6 6D020000 		.4byte	0x26d
 812 02aa 02       		.byte	0x2
 813 02ab 23       		.byte	0x23
 814 02ac 04       		.uleb128 0x4
 815 02ad 0B       		.uleb128 0xb
 816 02ae 723600   		.ascii	"r6\000"
 817 02b1 07       		.byte	0x7
 818 02b2 1301     		.2byte	0x113
 819 02b4 6D020000 		.4byte	0x26d
 820 02b8 02       		.byte	0x2
 821 02b9 23       		.byte	0x23
 822 02ba 08       		.uleb128 0x8
 823 02bb 0B       		.uleb128 0xb
 824 02bc 723700   		.ascii	"r7\000"
 825 02bf 07       		.byte	0x7
 826 02c0 1401     		.2byte	0x114
 827 02c2 6D020000 		.4byte	0x26d
 828 02c6 02       		.byte	0x2
 829 02c7 23       		.byte	0x23
 830 02c8 0C       		.uleb128 0xc
 831 02c9 0B       		.uleb128 0xb
 832 02ca 723800   		.ascii	"r8\000"
 833 02cd 07       		.byte	0x7
 834 02ce 1501     		.2byte	0x115
 835 02d0 6D020000 		.4byte	0x26d
 836 02d4 02       		.byte	0x2
 837 02d5 23       		.byte	0x23
 838 02d6 10       		.uleb128 0x10
 839 02d7 0B       		.uleb128 0xb
 840 02d8 723900   		.ascii	"r9\000"
 841 02db 07       		.byte	0x7
 842 02dc 1601     		.2byte	0x116
 843 02de 6D020000 		.4byte	0x26d
 844 02e2 02       		.byte	0x2
 845 02e3 23       		.byte	0x23
ARM GAS  /var/folders/dt/0wfd0knj7gs46m8vwfzktm600000gn/T//ccV3Yl1Y.s 			page 16


 846 02e4 14       		.uleb128 0x14
 847 02e5 0B       		.uleb128 0xb
 848 02e6 72313000 		.ascii	"r10\000"
 849 02ea 07       		.byte	0x7
 850 02eb 1701     		.2byte	0x117
 851 02ed 6D020000 		.4byte	0x26d
 852 02f1 02       		.byte	0x2
 853 02f2 23       		.byte	0x23
 854 02f3 18       		.uleb128 0x18
 855 02f4 0B       		.uleb128 0xb
 856 02f5 72313100 		.ascii	"r11\000"
 857 02f9 07       		.byte	0x7
 858 02fa 1801     		.2byte	0x118
 859 02fc 6D020000 		.4byte	0x26d
 860 0300 02       		.byte	0x2
 861 0301 23       		.byte	0x23
 862 0302 1C       		.uleb128 0x1c
 863 0303 0B       		.uleb128 0xb
 864 0304 6C7200   		.ascii	"lr\000"
 865 0307 07       		.byte	0x7
 866 0308 1901     		.2byte	0x119
 867 030a 6D020000 		.4byte	0x26d
 868 030e 02       		.byte	0x2
 869 030f 23       		.byte	0x23
 870 0310 20       		.uleb128 0x20
 871 0311 00       		.byte	0
 872 0312 0C       		.uleb128 0xc
 873 0313 63010000 		.4byte	.LASF45
 874 0317 04       		.byte	0x4
 875 0318 07       		.byte	0x7
 876 0319 2301     		.2byte	0x123
 877 031b 2F030000 		.4byte	0x32f
 878 031f 0B       		.uleb128 0xb
 879 0320 72313300 		.ascii	"r13\000"
 880 0324 07       		.byte	0x7
 881 0325 2401     		.2byte	0x124
 882 0327 2F030000 		.4byte	0x32f
 883 032b 02       		.byte	0x2
 884 032c 23       		.byte	0x23
 885 032d 00       		.uleb128 0
 886 032e 00       		.byte	0
 887 032f 09       		.uleb128 0x9
 888 0330 04       		.byte	0x4
 889 0331 85020000 		.4byte	0x285
 890 0335 04       		.uleb128 0x4
 891 0336 04       		.byte	0x4
 892 0337 07       		.byte	0x7
 893 0338 BA010000 		.4byte	.LASF46
 894 033c 0D       		.uleb128 0xd
 895 033d E8000000 		.4byte	0xe8
 896 0341 05       		.uleb128 0x5
 897 0342 A9010000 		.4byte	.LASF47
 898 0346 10       		.byte	0x10
 899 0347 08       		.byte	0x8
 900 0348 2C       		.byte	0x2c
 901 0349 78030000 		.4byte	0x378
 902 034d 06       		.uleb128 0x6
ARM GAS  /var/folders/dt/0wfd0knj7gs46m8vwfzktm600000gn/T//ccV3Yl1Y.s 			page 17


 903 034e A2000000 		.4byte	.LASF48
 904 0352 08       		.byte	0x8
 905 0353 2D       		.byte	0x2d
 906 0354 40020000 		.4byte	0x240
 907 0358 02       		.byte	0x2
 908 0359 23       		.byte	0x23
 909 035a 00       		.uleb128 0
 910 035b 06       		.uleb128 0x6
 911 035c 27030000 		.4byte	.LASF49
 912 0360 08       		.byte	0x8
 913 0361 2F       		.byte	0x2f
 914 0362 3A020000 		.4byte	0x23a
 915 0366 02       		.byte	0x2
 916 0367 23       		.byte	0x23
 917 0368 08       		.uleb128 0x8
 918 0369 06       		.uleb128 0x6
 919 036a BA020000 		.4byte	.LASF50
 920 036e 08       		.byte	0x8
 921 036f 31       		.byte	0x31
 922 0370 78030000 		.4byte	0x378
 923 0374 02       		.byte	0x2
 924 0375 23       		.byte	0x23
 925 0376 0C       		.uleb128 0xc
 926 0377 00       		.byte	0
 927 0378 09       		.uleb128 0x9
 928 0379 04       		.byte	0x4
 929 037a 41030000 		.4byte	0x341
 930 037e 03       		.uleb128 0x3
 931 037f A9010000 		.4byte	.LASF47
 932 0383 08       		.byte	0x8
 933 0384 33       		.byte	0x33
 934 0385 41030000 		.4byte	0x341
 935 0389 03       		.uleb128 0x3
 936 038a 1D000000 		.4byte	.LASF51
 937 038e 09       		.byte	0x9
 938 038f 2C       		.byte	0x2c
 939 0390 94030000 		.4byte	0x394
 940 0394 09       		.uleb128 0x9
 941 0395 04       		.byte	0x4
 942 0396 9A030000 		.4byte	0x39a
 943 039a 0E       		.uleb128 0xe
 944 039b 01       		.byte	0x1
 945 039c 78020000 		.4byte	0x278
 946 03a0 AA030000 		.4byte	0x3aa
 947 03a4 0F       		.uleb128 0xf
 948 03a5 30000000 		.4byte	0x30
 949 03a9 00       		.byte	0
 950 03aa 03       		.uleb128 0x3
 951 03ab EE010000 		.4byte	.LASF52
 952 03af 0A       		.byte	0xa
 953 03b0 34       		.byte	0x34
 954 03b1 B5030000 		.4byte	0x3b5
 955 03b5 05       		.uleb128 0x5
 956 03b6 3F030000 		.4byte	.LASF53
 957 03ba 20       		.byte	0x20
 958 03bb 0A       		.byte	0xa
 959 03bc 47       		.byte	0x47
ARM GAS  /var/folders/dt/0wfd0knj7gs46m8vwfzktm600000gn/T//ccV3Yl1Y.s 			page 18


 960 03bd EC030000 		.4byte	0x3ec
 961 03c1 06       		.uleb128 0x6
 962 03c2 26020000 		.4byte	.LASF54
 963 03c6 0A       		.byte	0xa
 964 03c7 48       		.byte	0x48
 965 03c8 89030000 		.4byte	0x389
 966 03cc 02       		.byte	0x2
 967 03cd 23       		.byte	0x23
 968 03ce 00       		.uleb128 0
 969 03cf 06       		.uleb128 0x6
 970 03d0 4A000000 		.4byte	.LASF55
 971 03d4 0A       		.byte	0xa
 972 03d5 4A       		.byte	0x4a
 973 03d6 0B040000 		.4byte	0x40b
 974 03da 02       		.byte	0x2
 975 03db 23       		.byte	0x23
 976 03dc 08       		.uleb128 0x8
 977 03dd 06       		.uleb128 0x6
 978 03de 94000000 		.4byte	.LASF56
 979 03e2 0A       		.byte	0xa
 980 03e3 4C       		.byte	0x4c
 981 03e4 7E030000 		.4byte	0x37e
 982 03e8 02       		.byte	0x2
 983 03e9 23       		.byte	0x23
 984 03ea 10       		.uleb128 0x10
 985 03eb 00       		.byte	0
 986 03ec 10       		.uleb128 0x10
 987 03ed 04       		.byte	0x4
 988 03ee 0A       		.byte	0xa
 989 03ef 3C       		.byte	0x3c
 990 03f0 0B040000 		.4byte	0x40b
 991 03f4 11       		.uleb128 0x11
 992 03f5 6E000000 		.4byte	.LASF57
 993 03f9 0A       		.byte	0xa
 994 03fa 3D       		.byte	0x3d
 995 03fb 2C040000 		.4byte	0x42c
 996 03ff 11       		.uleb128 0x11
 997 0400 96020000 		.4byte	.LASF58
 998 0404 0A       		.byte	0xa
 999 0405 3E       		.byte	0x3e
 1000 0406 32040000 		.4byte	0x432
 1001 040a 00       		.byte	0
 1002 040b 12       		.uleb128 0x12
 1003 040c 4D020000 		.4byte	.LASF79
 1004 0410 08       		.byte	0x8
 1005 0411 0A       		.byte	0xa
 1006 0412 39       		.byte	0x39
 1007 0413 2C040000 		.4byte	0x42c
 1008 0417 11       		.uleb128 0x11
 1009 0418 3E010000 		.4byte	.LASF59
 1010 041c 0A       		.byte	0xa
 1011 041d 3A       		.byte	0x3a
 1012 041e 7A020000 		.4byte	0x27a
 1013 0422 13       		.uleb128 0x13
 1014 0423 6800     		.ascii	"h\000"
 1015 0425 0A       		.byte	0xa
 1016 0426 41       		.byte	0x41
ARM GAS  /var/folders/dt/0wfd0knj7gs46m8vwfzktm600000gn/T//ccV3Yl1Y.s 			page 19


 1017 0427 38040000 		.4byte	0x438
 1018 042b 00       		.byte	0
 1019 042c 09       		.uleb128 0x9
 1020 042d 04       		.byte	0x4
 1021 042e 0B040000 		.4byte	0x40b
 1022 0432 09       		.uleb128 0x9
 1023 0433 04       		.byte	0x4
 1024 0434 AA030000 		.4byte	0x3aa
 1025 0438 08       		.uleb128 0x8
 1026 0439 08       		.byte	0x8
 1027 043a 0A       		.byte	0xa
 1028 043b 3B       		.byte	0x3b
 1029 043c 5B040000 		.4byte	0x45b
 1030 0440 07       		.uleb128 0x7
 1031 0441 7500     		.ascii	"u\000"
 1032 0443 0A       		.byte	0xa
 1033 0444 3F       		.byte	0x3f
 1034 0445 EC030000 		.4byte	0x3ec
 1035 0449 02       		.byte	0x2
 1036 044a 23       		.byte	0x23
 1037 044b 00       		.uleb128 0
 1038 044c 06       		.uleb128 0x6
 1039 044d 6B010000 		.4byte	.LASF60
 1040 0451 0A       		.byte	0xa
 1041 0452 40       		.byte	0x40
 1042 0453 30000000 		.4byte	0x30
 1043 0457 02       		.byte	0x2
 1044 0458 23       		.byte	0x23
 1045 0459 04       		.uleb128 0x4
 1046 045a 00       		.byte	0
 1047 045b 10       		.uleb128 0x10
 1048 045c 04       		.byte	0x4
 1049 045d 06       		.byte	0x6
 1050 045e 90       		.byte	0x90
 1051 045f 90040000 		.4byte	0x490
 1052 0463 11       		.uleb128 0x11
 1053 0464 0D000000 		.4byte	.LASF61
 1054 0468 06       		.byte	0x6
 1055 0469 97       		.byte	0x97
 1056 046a D2000000 		.4byte	0xd2
 1057 046e 11       		.uleb128 0x11
 1058 046f 41000000 		.4byte	.LASF62
 1059 0473 06       		.byte	0x6
 1060 0474 9E       		.byte	0x9e
 1061 0475 D2000000 		.4byte	0xd2
 1062 0479 11       		.uleb128 0x11
 1063 047a 08030000 		.4byte	.LASF63
 1064 047e 06       		.byte	0x6
 1065 047f A5       		.byte	0xa5
 1066 0480 78020000 		.4byte	0x278
 1067 0484 11       		.uleb128 0x11
 1068 0485 59020000 		.4byte	.LASF64
 1069 0489 06       		.byte	0x6
 1070 048a AC       		.byte	0xac
 1071 048b DD000000 		.4byte	0xdd
 1072 048f 00       		.byte	0
 1073 0490 09       		.uleb128 0x9
ARM GAS  /var/folders/dt/0wfd0knj7gs46m8vwfzktm600000gn/T//ccV3Yl1Y.s 			page 20


 1074 0491 04       		.byte	0x4
 1075 0492 96040000 		.4byte	0x496
 1076 0496 14       		.uleb128 0x14
 1077 0497 9B040000 		.4byte	0x49b
 1078 049b 04       		.uleb128 0x4
 1079 049c 01       		.byte	0x1
 1080 049d 08       		.byte	0x8
 1081 049e A8020000 		.4byte	.LASF65
 1082 04a2 09       		.uleb128 0x9
 1083 04a3 04       		.byte	0x4
 1084 04a4 7E030000 		.4byte	0x37e
 1085 04a8 15       		.uleb128 0x15
 1086 04a9 01       		.byte	0x1
 1087 04aa 1C030000 		.4byte	.LASF66
 1088 04ae 01       		.byte	0x1
 1089 04af 4B       		.byte	0x4b
 1090 04b0 01       		.byte	0x1
 1091 04b1 00000000 		.4byte	.LFB7
 1092 04b5 20000000 		.4byte	.LFE7
 1093 04b9 02       		.byte	0x2
 1094 04ba 7D       		.byte	0x7d
 1095 04bb 00       		.sleb128 0
 1096 04bc 01       		.byte	0x1
 1097 04bd D6040000 		.4byte	0x4d6
 1098 04c1 16       		.uleb128 0x16
 1099 04c2 20000000 		.4byte	.LVL0
 1100 04c6 01       		.byte	0x1
 1101 04c7 E1060000 		.4byte	0x6e1
 1102 04cb 17       		.uleb128 0x17
 1103 04cc 01       		.byte	0x1
 1104 04cd 50       		.byte	0x50
 1105 04ce 05       		.byte	0x5
 1106 04cf 03       		.byte	0x3
 1107 04d0 10000000 		.4byte	.LANCHOR0+16
 1108 04d4 00       		.byte	0
 1109 04d5 00       		.byte	0
 1110 04d6 15       		.uleb128 0x15
 1111 04d7 01       		.byte	0x1
 1112 04d8 63000000 		.4byte	.LASF67
 1113 04dc 01       		.byte	0x1
 1114 04dd 63       		.byte	0x63
 1115 04de 01       		.byte	0x1
 1116 04df 00000000 		.4byte	.LFB8
 1117 04e3 14000000 		.4byte	.LFE8
 1118 04e7 02       		.byte	0x2
 1119 04e8 7D       		.byte	0x7d
 1120 04e9 00       		.sleb128 0
 1121 04ea 01       		.byte	0x1
 1122 04eb 3F050000 		.4byte	0x53f
 1123 04ef 18       		.uleb128 0x18
 1124 04f0 51000000 		.4byte	.LASF68
 1125 04f4 01       		.byte	0x1
 1126 04f5 63       		.byte	0x63
 1127 04f6 32040000 		.4byte	0x432
 1128 04fa 00000000 		.4byte	.LLST0
 1129 04fe 19       		.uleb128 0x19
 1130 04ff 62756600 		.ascii	"buf\000"
ARM GAS  /var/folders/dt/0wfd0knj7gs46m8vwfzktm600000gn/T//ccV3Yl1Y.s 			page 21


 1131 0503 01       		.byte	0x1
 1132 0504 63       		.byte	0x63
 1133 0505 78020000 		.4byte	0x278
 1134 0509 2E000000 		.4byte	.LLST1
 1135 050d 18       		.uleb128 0x18
 1136 050e 6B010000 		.4byte	.LASF60
 1137 0512 01       		.byte	0x1
 1138 0513 63       		.byte	0x63
 1139 0514 30000000 		.4byte	0x30
 1140 0518 4F000000 		.4byte	.LLST2
 1141 051c 1A       		.uleb128 0x1a
 1142 051d 687000   		.ascii	"hp\000"
 1143 0520 01       		.byte	0x1
 1144 0521 64       		.byte	0x64
 1145 0522 2C040000 		.4byte	0x42c
 1146 0526 7D000000 		.4byte	.LLST3
 1147 052a 16       		.uleb128 0x16
 1148 052b 14000000 		.4byte	.LVL5
 1149 052f 01       		.byte	0x1
 1150 0530 E1060000 		.4byte	0x6e1
 1151 0534 17       		.uleb128 0x17
 1152 0535 01       		.byte	0x1
 1153 0536 50       		.byte	0x50
 1154 0537 05       		.byte	0x5
 1155 0538 F3       		.byte	0xf3
 1156 0539 01       		.uleb128 0x1
 1157 053a 50       		.byte	0x50
 1158 053b 23       		.byte	0x23
 1159 053c 10       		.uleb128 0x10
 1160 053d 00       		.byte	0
 1161 053e 00       		.byte	0
 1162 053f 1B       		.uleb128 0x1b
 1163 0540 01       		.byte	0x1
 1164 0541 76020000 		.4byte	.LASF70
 1165 0545 01       		.byte	0x1
 1166 0546 84       		.byte	0x84
 1167 0547 01       		.byte	0x1
 1168 0548 78020000 		.4byte	0x278
 1169 054c 00000000 		.4byte	.LFB9
 1170 0550 84000000 		.4byte	.LFE9
 1171 0554 9E000000 		.4byte	.LLST4
 1172 0558 01       		.byte	0x1
 1173 0559 D8050000 		.4byte	0x5d8
 1174 055d 18       		.uleb128 0x18
 1175 055e 51000000 		.4byte	.LASF68
 1176 0562 01       		.byte	0x1
 1177 0563 84       		.byte	0x84
 1178 0564 32040000 		.4byte	0x432
 1179 0568 BE000000 		.4byte	.LLST5
 1180 056c 18       		.uleb128 0x18
 1181 056d 6B010000 		.4byte	.LASF60
 1182 0571 01       		.byte	0x1
 1183 0572 84       		.byte	0x84
 1184 0573 30000000 		.4byte	0x30
 1185 0577 DC000000 		.4byte	.LLST6
 1186 057b 1A       		.uleb128 0x1a
 1187 057c 717000   		.ascii	"qp\000"
ARM GAS  /var/folders/dt/0wfd0knj7gs46m8vwfzktm600000gn/T//ccV3Yl1Y.s 			page 22


 1188 057f 01       		.byte	0x1
 1189 0580 85       		.byte	0x85
 1190 0581 2C040000 		.4byte	0x42c
 1191 0585 07010000 		.4byte	.LLST7
 1192 0589 1A       		.uleb128 0x1a
 1193 058a 687000   		.ascii	"hp\000"
 1194 058d 01       		.byte	0x1
 1195 058e 85       		.byte	0x85
 1196 058f 2C040000 		.4byte	0x42c
 1197 0593 30010000 		.4byte	.LLST8
 1198 0597 1A       		.uleb128 0x1a
 1199 0598 667000   		.ascii	"fp\000"
 1200 059b 01       		.byte	0x1
 1201 059c 85       		.byte	0x85
 1202 059d 2C040000 		.4byte	0x42c
 1203 05a1 7C010000 		.4byte	.LLST9
 1204 05a5 1C       		.uleb128 0x1c
 1205 05a6 1C000000 		.4byte	.LVL11
 1206 05aa F5060000 		.4byte	0x6f5
 1207 05ae B9050000 		.4byte	0x5b9
 1208 05b2 17       		.uleb128 0x17
 1209 05b3 01       		.byte	0x1
 1210 05b4 50       		.byte	0x50
 1211 05b5 02       		.byte	0x2
 1212 05b6 76       		.byte	0x76
 1213 05b7 10       		.sleb128 16
 1214 05b8 00       		.byte	0
 1215 05b9 1D       		.uleb128 0x1d
 1216 05ba 54000000 		.4byte	.LVL18
 1217 05be 09070000 		.4byte	0x709
 1218 05c2 1D       		.uleb128 0x1d
 1219 05c3 62000000 		.4byte	.LVL20
 1220 05c7 09070000 		.4byte	0x709
 1221 05cb 1E       		.uleb128 0x1e
 1222 05cc 6C000000 		.4byte	.LVL21
 1223 05d0 17       		.uleb128 0x17
 1224 05d1 01       		.byte	0x1
 1225 05d2 50       		.byte	0x50
 1226 05d3 02       		.byte	0x2
 1227 05d4 75       		.byte	0x75
 1228 05d5 08       		.sleb128 8
 1229 05d6 00       		.byte	0
 1230 05d7 00       		.byte	0
 1231 05d8 1F       		.uleb128 0x1f
 1232 05d9 01       		.byte	0x1
 1233 05da AA000000 		.4byte	.LASF69
 1234 05de 01       		.byte	0x1
 1235 05df C2       		.byte	0xc2
 1236 05e0 01       		.byte	0x1
 1237 05e1 00000000 		.4byte	.LFB10
 1238 05e5 86000000 		.4byte	.LFE10
 1239 05e9 8F010000 		.4byte	.LLST10
 1240 05ed 01       		.byte	0x1
 1241 05ee 47060000 		.4byte	0x647
 1242 05f2 19       		.uleb128 0x19
 1243 05f3 7000     		.ascii	"p\000"
 1244 05f5 01       		.byte	0x1
ARM GAS  /var/folders/dt/0wfd0knj7gs46m8vwfzktm600000gn/T//ccV3Yl1Y.s 			page 23


 1245 05f6 C2       		.byte	0xc2
 1246 05f7 78020000 		.4byte	0x278
 1247 05fb AF010000 		.4byte	.LLST11
 1248 05ff 1A       		.uleb128 0x1a
 1249 0600 717000   		.ascii	"qp\000"
 1250 0603 01       		.byte	0x1
 1251 0604 C3       		.byte	0xc3
 1252 0605 2C040000 		.4byte	0x42c
 1253 0609 CD010000 		.4byte	.LLST12
 1254 060d 20       		.uleb128 0x20
 1255 060e 687000   		.ascii	"hp\000"
 1256 0611 01       		.byte	0x1
 1257 0612 C3       		.byte	0xc3
 1258 0613 2C040000 		.4byte	0x42c
 1259 0617 01       		.byte	0x1
 1260 0618 54       		.byte	0x54
 1261 0619 21       		.uleb128 0x21
 1262 061a 51000000 		.4byte	.LASF68
 1263 061e 01       		.byte	0x1
 1264 061f C4       		.byte	0xc4
 1265 0620 32040000 		.4byte	0x432
 1266 0624 0C020000 		.4byte	.LLST13
 1267 0628 1C       		.uleb128 0x1c
 1268 0629 16000000 		.4byte	.LVL31
 1269 062d F5060000 		.4byte	0x6f5
 1270 0631 3C060000 		.4byte	0x63c
 1271 0635 17       		.uleb128 0x17
 1272 0636 01       		.byte	0x1
 1273 0637 50       		.byte	0x50
 1274 0638 02       		.byte	0x2
 1275 0639 75       		.byte	0x75
 1276 063a 08       		.sleb128 8
 1277 063b 00       		.byte	0
 1278 063c 22       		.uleb128 0x22
 1279 063d 58000000 		.4byte	.LVL36
 1280 0641 01       		.byte	0x1
 1281 0642 09070000 		.4byte	0x709
 1282 0646 00       		.byte	0
 1283 0647 1B       		.uleb128 0x1b
 1284 0648 01       		.byte	0x1
 1285 0649 AD020000 		.4byte	.LASF71
 1286 064d 01       		.byte	0x1
 1287 064e FA       		.byte	0xfa
 1288 064f 01       		.byte	0x1
 1289 0650 30000000 		.4byte	0x30
 1290 0654 00000000 		.4byte	.LFB11
 1291 0658 40000000 		.4byte	.LFE11
 1292 065c 38020000 		.4byte	.LLST14
 1293 0660 01       		.byte	0x1
 1294 0661 CA060000 		.4byte	0x6ca
 1295 0665 18       		.uleb128 0x18
 1296 0666 51000000 		.4byte	.LASF68
 1297 066a 01       		.byte	0x1
 1298 066b FA       		.byte	0xfa
 1299 066c 32040000 		.4byte	0x432
 1300 0670 58020000 		.4byte	.LLST15
 1301 0674 18       		.uleb128 0x18
ARM GAS  /var/folders/dt/0wfd0knj7gs46m8vwfzktm600000gn/T//ccV3Yl1Y.s 			page 24


 1302 0675 0F030000 		.4byte	.LASF72
 1303 0679 01       		.byte	0x1
 1304 067a FA       		.byte	0xfa
 1305 067b CA060000 		.4byte	0x6ca
 1306 067f BB020000 		.4byte	.LLST16
 1307 0683 1A       		.uleb128 0x1a
 1308 0684 717000   		.ascii	"qp\000"
 1309 0687 01       		.byte	0x1
 1310 0688 FB       		.byte	0xfb
 1311 0689 2C040000 		.4byte	0x42c
 1312 068d D9020000 		.4byte	.LLST17
 1313 0691 1A       		.uleb128 0x1a
 1314 0692 6E00     		.ascii	"n\000"
 1315 0694 01       		.byte	0x1
 1316 0695 FC       		.byte	0xfc
 1317 0696 30000000 		.4byte	0x30
 1318 069a 1A030000 		.4byte	.LLST18
 1319 069e 1A       		.uleb128 0x1a
 1320 069f 737A00   		.ascii	"sz\000"
 1321 06a2 01       		.byte	0x1
 1322 06a3 FC       		.byte	0xfc
 1323 06a4 30000000 		.4byte	0x30
 1324 06a8 45030000 		.4byte	.LLST19
 1325 06ac 1C       		.uleb128 0x1c
 1326 06ad 14000000 		.4byte	.LVL39
 1327 06b1 F5060000 		.4byte	0x6f5
 1328 06b5 C0060000 		.4byte	0x6c0
 1329 06b9 17       		.uleb128 0x17
 1330 06ba 01       		.byte	0x1
 1331 06bb 50       		.byte	0x50
 1332 06bc 02       		.byte	0x2
 1333 06bd 74       		.byte	0x74
 1334 06be 10       		.sleb128 16
 1335 06bf 00       		.byte	0
 1336 06c0 1D       		.uleb128 0x1d
 1337 06c1 30000000 		.4byte	.LVL44
 1338 06c5 09070000 		.4byte	0x709
 1339 06c9 00       		.byte	0
 1340 06ca 09       		.uleb128 0x9
 1341 06cb 04       		.byte	0x4
 1342 06cc 30000000 		.4byte	0x30
 1343 06d0 23       		.uleb128 0x23
 1344 06d1 9B020000 		.4byte	.LASF73
 1345 06d5 01       		.byte	0x1
 1346 06d6 44       		.byte	0x44
 1347 06d7 AA030000 		.4byte	0x3aa
 1348 06db 05       		.byte	0x5
 1349 06dc 03       		.byte	0x3
 1350 06dd 00000000 		.4byte	default_heap
 1351 06e1 24       		.uleb128 0x24
 1352 06e2 01       		.byte	0x1
 1353 06e3 EF020000 		.4byte	.LASF74
 1354 06e7 08       		.byte	0x8
 1355 06e8 38       		.byte	0x38
 1356 06e9 01       		.byte	0x1
 1357 06ea 01       		.byte	0x1
 1358 06eb F5060000 		.4byte	0x6f5
ARM GAS  /var/folders/dt/0wfd0knj7gs46m8vwfzktm600000gn/T//ccV3Yl1Y.s 			page 25


 1359 06ef 0F       		.uleb128 0xf
 1360 06f0 A2040000 		.4byte	0x4a2
 1361 06f4 00       		.byte	0
 1362 06f5 24       		.uleb128 0x24
 1363 06f6 01       		.byte	0x1
 1364 06f7 C3010000 		.4byte	.LASF75
 1365 06fb 08       		.byte	0x8
 1366 06fc 39       		.byte	0x39
 1367 06fd 01       		.byte	0x1
 1368 06fe 01       		.byte	0x1
 1369 06ff 09070000 		.4byte	0x709
 1370 0703 0F       		.uleb128 0xf
 1371 0704 A2040000 		.4byte	0x4a2
 1372 0708 00       		.byte	0
 1373 0709 25       		.uleb128 0x25
 1374 070a 01       		.byte	0x1
 1375 070b 57000000 		.4byte	.LASF80
 1376 070f 08       		.byte	0x8
 1377 0710 3D       		.byte	0x3d
 1378 0711 01       		.byte	0x1
 1379 0712 A2040000 		.4byte	0x4a2
 1380 0716 01       		.byte	0x1
 1381 0717 00       		.byte	0
 1382              		.section	.debug_abbrev,"",%progbits
 1383              	.Ldebug_abbrev0:
 1384 0000 01       		.uleb128 0x1
 1385 0001 11       		.uleb128 0x11
 1386 0002 01       		.byte	0x1
 1387 0003 25       		.uleb128 0x25
 1388 0004 0E       		.uleb128 0xe
 1389 0005 13       		.uleb128 0x13
 1390 0006 0B       		.uleb128 0xb
 1391 0007 03       		.uleb128 0x3
 1392 0008 0E       		.uleb128 0xe
 1393 0009 1B       		.uleb128 0x1b
 1394 000a 0E       		.uleb128 0xe
 1395 000b 55       		.uleb128 0x55
 1396 000c 06       		.uleb128 0x6
 1397 000d 11       		.uleb128 0x11
 1398 000e 01       		.uleb128 0x1
 1399 000f 52       		.uleb128 0x52
 1400 0010 01       		.uleb128 0x1
 1401 0011 10       		.uleb128 0x10
 1402 0012 06       		.uleb128 0x6
 1403 0013 00       		.byte	0
 1404 0014 00       		.byte	0
 1405 0015 02       		.uleb128 0x2
 1406 0016 24       		.uleb128 0x24
 1407 0017 00       		.byte	0
 1408 0018 0B       		.uleb128 0xb
 1409 0019 0B       		.uleb128 0xb
 1410 001a 3E       		.uleb128 0x3e
 1411 001b 0B       		.uleb128 0xb
 1412 001c 03       		.uleb128 0x3
 1413 001d 08       		.uleb128 0x8
 1414 001e 00       		.byte	0
 1415 001f 00       		.byte	0
ARM GAS  /var/folders/dt/0wfd0knj7gs46m8vwfzktm600000gn/T//ccV3Yl1Y.s 			page 26


 1416 0020 03       		.uleb128 0x3
 1417 0021 16       		.uleb128 0x16
 1418 0022 00       		.byte	0
 1419 0023 03       		.uleb128 0x3
 1420 0024 0E       		.uleb128 0xe
 1421 0025 3A       		.uleb128 0x3a
 1422 0026 0B       		.uleb128 0xb
 1423 0027 3B       		.uleb128 0x3b
 1424 0028 0B       		.uleb128 0xb
 1425 0029 49       		.uleb128 0x49
 1426 002a 13       		.uleb128 0x13
 1427 002b 00       		.byte	0
 1428 002c 00       		.byte	0
 1429 002d 04       		.uleb128 0x4
 1430 002e 24       		.uleb128 0x24
 1431 002f 00       		.byte	0
 1432 0030 0B       		.uleb128 0xb
 1433 0031 0B       		.uleb128 0xb
 1434 0032 3E       		.uleb128 0x3e
 1435 0033 0B       		.uleb128 0xb
 1436 0034 03       		.uleb128 0x3
 1437 0035 0E       		.uleb128 0xe
 1438 0036 00       		.byte	0
 1439 0037 00       		.byte	0
 1440 0038 05       		.uleb128 0x5
 1441 0039 13       		.uleb128 0x13
 1442 003a 01       		.byte	0x1
 1443 003b 03       		.uleb128 0x3
 1444 003c 0E       		.uleb128 0xe
 1445 003d 0B       		.uleb128 0xb
 1446 003e 0B       		.uleb128 0xb
 1447 003f 3A       		.uleb128 0x3a
 1448 0040 0B       		.uleb128 0xb
 1449 0041 3B       		.uleb128 0x3b
 1450 0042 0B       		.uleb128 0xb
 1451 0043 01       		.uleb128 0x1
 1452 0044 13       		.uleb128 0x13
 1453 0045 00       		.byte	0
 1454 0046 00       		.byte	0
 1455 0047 06       		.uleb128 0x6
 1456 0048 0D       		.uleb128 0xd
 1457 0049 00       		.byte	0
 1458 004a 03       		.uleb128 0x3
 1459 004b 0E       		.uleb128 0xe
 1460 004c 3A       		.uleb128 0x3a
 1461 004d 0B       		.uleb128 0xb
 1462 004e 3B       		.uleb128 0x3b
 1463 004f 0B       		.uleb128 0xb
 1464 0050 49       		.uleb128 0x49
 1465 0051 13       		.uleb128 0x13
 1466 0052 38       		.uleb128 0x38
 1467 0053 0A       		.uleb128 0xa
 1468 0054 00       		.byte	0
 1469 0055 00       		.byte	0
 1470 0056 07       		.uleb128 0x7
 1471 0057 0D       		.uleb128 0xd
 1472 0058 00       		.byte	0
ARM GAS  /var/folders/dt/0wfd0knj7gs46m8vwfzktm600000gn/T//ccV3Yl1Y.s 			page 27


 1473 0059 03       		.uleb128 0x3
 1474 005a 08       		.uleb128 0x8
 1475 005b 3A       		.uleb128 0x3a
 1476 005c 0B       		.uleb128 0xb
 1477 005d 3B       		.uleb128 0x3b
 1478 005e 0B       		.uleb128 0xb
 1479 005f 49       		.uleb128 0x49
 1480 0060 13       		.uleb128 0x13
 1481 0061 38       		.uleb128 0x38
 1482 0062 0A       		.uleb128 0xa
 1483 0063 00       		.byte	0
 1484 0064 00       		.byte	0
 1485 0065 08       		.uleb128 0x8
 1486 0066 13       		.uleb128 0x13
 1487 0067 01       		.byte	0x1
 1488 0068 0B       		.uleb128 0xb
 1489 0069 0B       		.uleb128 0xb
 1490 006a 3A       		.uleb128 0x3a
 1491 006b 0B       		.uleb128 0xb
 1492 006c 3B       		.uleb128 0x3b
 1493 006d 0B       		.uleb128 0xb
 1494 006e 01       		.uleb128 0x1
 1495 006f 13       		.uleb128 0x13
 1496 0070 00       		.byte	0
 1497 0071 00       		.byte	0
 1498 0072 09       		.uleb128 0x9
 1499 0073 0F       		.uleb128 0xf
 1500 0074 00       		.byte	0
 1501 0075 0B       		.uleb128 0xb
 1502 0076 0B       		.uleb128 0xb
 1503 0077 49       		.uleb128 0x49
 1504 0078 13       		.uleb128 0x13
 1505 0079 00       		.byte	0
 1506 007a 00       		.byte	0
 1507 007b 0A       		.uleb128 0xa
 1508 007c 0F       		.uleb128 0xf
 1509 007d 00       		.byte	0
 1510 007e 0B       		.uleb128 0xb
 1511 007f 0B       		.uleb128 0xb
 1512 0080 00       		.byte	0
 1513 0081 00       		.byte	0
 1514 0082 0B       		.uleb128 0xb
 1515 0083 0D       		.uleb128 0xd
 1516 0084 00       		.byte	0
 1517 0085 03       		.uleb128 0x3
 1518 0086 08       		.uleb128 0x8
 1519 0087 3A       		.uleb128 0x3a
 1520 0088 0B       		.uleb128 0xb
 1521 0089 3B       		.uleb128 0x3b
 1522 008a 05       		.uleb128 0x5
 1523 008b 49       		.uleb128 0x49
 1524 008c 13       		.uleb128 0x13
 1525 008d 38       		.uleb128 0x38
 1526 008e 0A       		.uleb128 0xa
 1527 008f 00       		.byte	0
 1528 0090 00       		.byte	0
 1529 0091 0C       		.uleb128 0xc
ARM GAS  /var/folders/dt/0wfd0knj7gs46m8vwfzktm600000gn/T//ccV3Yl1Y.s 			page 28


 1530 0092 13       		.uleb128 0x13
 1531 0093 01       		.byte	0x1
 1532 0094 03       		.uleb128 0x3
 1533 0095 0E       		.uleb128 0xe
 1534 0096 0B       		.uleb128 0xb
 1535 0097 0B       		.uleb128 0xb
 1536 0098 3A       		.uleb128 0x3a
 1537 0099 0B       		.uleb128 0xb
 1538 009a 3B       		.uleb128 0x3b
 1539 009b 05       		.uleb128 0x5
 1540 009c 01       		.uleb128 0x1
 1541 009d 13       		.uleb128 0x13
 1542 009e 00       		.byte	0
 1543 009f 00       		.byte	0
 1544 00a0 0D       		.uleb128 0xd
 1545 00a1 35       		.uleb128 0x35
 1546 00a2 00       		.byte	0
 1547 00a3 49       		.uleb128 0x49
 1548 00a4 13       		.uleb128 0x13
 1549 00a5 00       		.byte	0
 1550 00a6 00       		.byte	0
 1551 00a7 0E       		.uleb128 0xe
 1552 00a8 15       		.uleb128 0x15
 1553 00a9 01       		.byte	0x1
 1554 00aa 27       		.uleb128 0x27
 1555 00ab 0C       		.uleb128 0xc
 1556 00ac 49       		.uleb128 0x49
 1557 00ad 13       		.uleb128 0x13
 1558 00ae 01       		.uleb128 0x1
 1559 00af 13       		.uleb128 0x13
 1560 00b0 00       		.byte	0
 1561 00b1 00       		.byte	0
 1562 00b2 0F       		.uleb128 0xf
 1563 00b3 05       		.uleb128 0x5
 1564 00b4 00       		.byte	0
 1565 00b5 49       		.uleb128 0x49
 1566 00b6 13       		.uleb128 0x13
 1567 00b7 00       		.byte	0
 1568 00b8 00       		.byte	0
 1569 00b9 10       		.uleb128 0x10
 1570 00ba 17       		.uleb128 0x17
 1571 00bb 01       		.byte	0x1
 1572 00bc 0B       		.uleb128 0xb
 1573 00bd 0B       		.uleb128 0xb
 1574 00be 3A       		.uleb128 0x3a
 1575 00bf 0B       		.uleb128 0xb
 1576 00c0 3B       		.uleb128 0x3b
 1577 00c1 0B       		.uleb128 0xb
 1578 00c2 01       		.uleb128 0x1
 1579 00c3 13       		.uleb128 0x13
 1580 00c4 00       		.byte	0
 1581 00c5 00       		.byte	0
 1582 00c6 11       		.uleb128 0x11
 1583 00c7 0D       		.uleb128 0xd
 1584 00c8 00       		.byte	0
 1585 00c9 03       		.uleb128 0x3
 1586 00ca 0E       		.uleb128 0xe
ARM GAS  /var/folders/dt/0wfd0knj7gs46m8vwfzktm600000gn/T//ccV3Yl1Y.s 			page 29


 1587 00cb 3A       		.uleb128 0x3a
 1588 00cc 0B       		.uleb128 0xb
 1589 00cd 3B       		.uleb128 0x3b
 1590 00ce 0B       		.uleb128 0xb
 1591 00cf 49       		.uleb128 0x49
 1592 00d0 13       		.uleb128 0x13
 1593 00d1 00       		.byte	0
 1594 00d2 00       		.byte	0
 1595 00d3 12       		.uleb128 0x12
 1596 00d4 17       		.uleb128 0x17
 1597 00d5 01       		.byte	0x1
 1598 00d6 03       		.uleb128 0x3
 1599 00d7 0E       		.uleb128 0xe
 1600 00d8 0B       		.uleb128 0xb
 1601 00d9 0B       		.uleb128 0xb
 1602 00da 3A       		.uleb128 0x3a
 1603 00db 0B       		.uleb128 0xb
 1604 00dc 3B       		.uleb128 0x3b
 1605 00dd 0B       		.uleb128 0xb
 1606 00de 01       		.uleb128 0x1
 1607 00df 13       		.uleb128 0x13
 1608 00e0 00       		.byte	0
 1609 00e1 00       		.byte	0
 1610 00e2 13       		.uleb128 0x13
 1611 00e3 0D       		.uleb128 0xd
 1612 00e4 00       		.byte	0
 1613 00e5 03       		.uleb128 0x3
 1614 00e6 08       		.uleb128 0x8
 1615 00e7 3A       		.uleb128 0x3a
 1616 00e8 0B       		.uleb128 0xb
 1617 00e9 3B       		.uleb128 0x3b
 1618 00ea 0B       		.uleb128 0xb
 1619 00eb 49       		.uleb128 0x49
 1620 00ec 13       		.uleb128 0x13
 1621 00ed 00       		.byte	0
 1622 00ee 00       		.byte	0
 1623 00ef 14       		.uleb128 0x14
 1624 00f0 26       		.uleb128 0x26
 1625 00f1 00       		.byte	0
 1626 00f2 49       		.uleb128 0x49
 1627 00f3 13       		.uleb128 0x13
 1628 00f4 00       		.byte	0
 1629 00f5 00       		.byte	0
 1630 00f6 15       		.uleb128 0x15
 1631 00f7 2E       		.uleb128 0x2e
 1632 00f8 01       		.byte	0x1
 1633 00f9 3F       		.uleb128 0x3f
 1634 00fa 0C       		.uleb128 0xc
 1635 00fb 03       		.uleb128 0x3
 1636 00fc 0E       		.uleb128 0xe
 1637 00fd 3A       		.uleb128 0x3a
 1638 00fe 0B       		.uleb128 0xb
 1639 00ff 3B       		.uleb128 0x3b
 1640 0100 0B       		.uleb128 0xb
 1641 0101 27       		.uleb128 0x27
 1642 0102 0C       		.uleb128 0xc
 1643 0103 11       		.uleb128 0x11
ARM GAS  /var/folders/dt/0wfd0knj7gs46m8vwfzktm600000gn/T//ccV3Yl1Y.s 			page 30


 1644 0104 01       		.uleb128 0x1
 1645 0105 12       		.uleb128 0x12
 1646 0106 01       		.uleb128 0x1
 1647 0107 40       		.uleb128 0x40
 1648 0108 0A       		.uleb128 0xa
 1649 0109 9742     		.uleb128 0x2117
 1650 010b 0C       		.uleb128 0xc
 1651 010c 01       		.uleb128 0x1
 1652 010d 13       		.uleb128 0x13
 1653 010e 00       		.byte	0
 1654 010f 00       		.byte	0
 1655 0110 16       		.uleb128 0x16
 1656 0111 898201   		.uleb128 0x4109
 1657 0114 01       		.byte	0x1
 1658 0115 11       		.uleb128 0x11
 1659 0116 01       		.uleb128 0x1
 1660 0117 9542     		.uleb128 0x2115
 1661 0119 0C       		.uleb128 0xc
 1662 011a 31       		.uleb128 0x31
 1663 011b 13       		.uleb128 0x13
 1664 011c 00       		.byte	0
 1665 011d 00       		.byte	0
 1666 011e 17       		.uleb128 0x17
 1667 011f 8A8201   		.uleb128 0x410a
 1668 0122 00       		.byte	0
 1669 0123 02       		.uleb128 0x2
 1670 0124 0A       		.uleb128 0xa
 1671 0125 9142     		.uleb128 0x2111
 1672 0127 0A       		.uleb128 0xa
 1673 0128 00       		.byte	0
 1674 0129 00       		.byte	0
 1675 012a 18       		.uleb128 0x18
 1676 012b 05       		.uleb128 0x5
 1677 012c 00       		.byte	0
 1678 012d 03       		.uleb128 0x3
 1679 012e 0E       		.uleb128 0xe
 1680 012f 3A       		.uleb128 0x3a
 1681 0130 0B       		.uleb128 0xb
 1682 0131 3B       		.uleb128 0x3b
 1683 0132 0B       		.uleb128 0xb
 1684 0133 49       		.uleb128 0x49
 1685 0134 13       		.uleb128 0x13
 1686 0135 02       		.uleb128 0x2
 1687 0136 06       		.uleb128 0x6
 1688 0137 00       		.byte	0
 1689 0138 00       		.byte	0
 1690 0139 19       		.uleb128 0x19
 1691 013a 05       		.uleb128 0x5
 1692 013b 00       		.byte	0
 1693 013c 03       		.uleb128 0x3
 1694 013d 08       		.uleb128 0x8
 1695 013e 3A       		.uleb128 0x3a
 1696 013f 0B       		.uleb128 0xb
 1697 0140 3B       		.uleb128 0x3b
 1698 0141 0B       		.uleb128 0xb
 1699 0142 49       		.uleb128 0x49
 1700 0143 13       		.uleb128 0x13
ARM GAS  /var/folders/dt/0wfd0knj7gs46m8vwfzktm600000gn/T//ccV3Yl1Y.s 			page 31


 1701 0144 02       		.uleb128 0x2
 1702 0145 06       		.uleb128 0x6
 1703 0146 00       		.byte	0
 1704 0147 00       		.byte	0
 1705 0148 1A       		.uleb128 0x1a
 1706 0149 34       		.uleb128 0x34
 1707 014a 00       		.byte	0
 1708 014b 03       		.uleb128 0x3
 1709 014c 08       		.uleb128 0x8
 1710 014d 3A       		.uleb128 0x3a
 1711 014e 0B       		.uleb128 0xb
 1712 014f 3B       		.uleb128 0x3b
 1713 0150 0B       		.uleb128 0xb
 1714 0151 49       		.uleb128 0x49
 1715 0152 13       		.uleb128 0x13
 1716 0153 02       		.uleb128 0x2
 1717 0154 06       		.uleb128 0x6
 1718 0155 00       		.byte	0
 1719 0156 00       		.byte	0
 1720 0157 1B       		.uleb128 0x1b
 1721 0158 2E       		.uleb128 0x2e
 1722 0159 01       		.byte	0x1
 1723 015a 3F       		.uleb128 0x3f
 1724 015b 0C       		.uleb128 0xc
 1725 015c 03       		.uleb128 0x3
 1726 015d 0E       		.uleb128 0xe
 1727 015e 3A       		.uleb128 0x3a
 1728 015f 0B       		.uleb128 0xb
 1729 0160 3B       		.uleb128 0x3b
 1730 0161 0B       		.uleb128 0xb
 1731 0162 27       		.uleb128 0x27
 1732 0163 0C       		.uleb128 0xc
 1733 0164 49       		.uleb128 0x49
 1734 0165 13       		.uleb128 0x13
 1735 0166 11       		.uleb128 0x11
 1736 0167 01       		.uleb128 0x1
 1737 0168 12       		.uleb128 0x12
 1738 0169 01       		.uleb128 0x1
 1739 016a 40       		.uleb128 0x40
 1740 016b 06       		.uleb128 0x6
 1741 016c 9742     		.uleb128 0x2117
 1742 016e 0C       		.uleb128 0xc
 1743 016f 01       		.uleb128 0x1
 1744 0170 13       		.uleb128 0x13
 1745 0171 00       		.byte	0
 1746 0172 00       		.byte	0
 1747 0173 1C       		.uleb128 0x1c
 1748 0174 898201   		.uleb128 0x4109
 1749 0177 01       		.byte	0x1
 1750 0178 11       		.uleb128 0x11
 1751 0179 01       		.uleb128 0x1
 1752 017a 31       		.uleb128 0x31
 1753 017b 13       		.uleb128 0x13
 1754 017c 01       		.uleb128 0x1
 1755 017d 13       		.uleb128 0x13
 1756 017e 00       		.byte	0
 1757 017f 00       		.byte	0
ARM GAS  /var/folders/dt/0wfd0knj7gs46m8vwfzktm600000gn/T//ccV3Yl1Y.s 			page 32


 1758 0180 1D       		.uleb128 0x1d
 1759 0181 898201   		.uleb128 0x4109
 1760 0184 00       		.byte	0
 1761 0185 11       		.uleb128 0x11
 1762 0186 01       		.uleb128 0x1
 1763 0187 31       		.uleb128 0x31
 1764 0188 13       		.uleb128 0x13
 1765 0189 00       		.byte	0
 1766 018a 00       		.byte	0
 1767 018b 1E       		.uleb128 0x1e
 1768 018c 898201   		.uleb128 0x4109
 1769 018f 01       		.byte	0x1
 1770 0190 11       		.uleb128 0x11
 1771 0191 01       		.uleb128 0x1
 1772 0192 00       		.byte	0
 1773 0193 00       		.byte	0
 1774 0194 1F       		.uleb128 0x1f
 1775 0195 2E       		.uleb128 0x2e
 1776 0196 01       		.byte	0x1
 1777 0197 3F       		.uleb128 0x3f
 1778 0198 0C       		.uleb128 0xc
 1779 0199 03       		.uleb128 0x3
 1780 019a 0E       		.uleb128 0xe
 1781 019b 3A       		.uleb128 0x3a
 1782 019c 0B       		.uleb128 0xb
 1783 019d 3B       		.uleb128 0x3b
 1784 019e 0B       		.uleb128 0xb
 1785 019f 27       		.uleb128 0x27
 1786 01a0 0C       		.uleb128 0xc
 1787 01a1 11       		.uleb128 0x11
 1788 01a2 01       		.uleb128 0x1
 1789 01a3 12       		.uleb128 0x12
 1790 01a4 01       		.uleb128 0x1
 1791 01a5 40       		.uleb128 0x40
 1792 01a6 06       		.uleb128 0x6
 1793 01a7 9742     		.uleb128 0x2117
 1794 01a9 0C       		.uleb128 0xc
 1795 01aa 01       		.uleb128 0x1
 1796 01ab 13       		.uleb128 0x13
 1797 01ac 00       		.byte	0
 1798 01ad 00       		.byte	0
 1799 01ae 20       		.uleb128 0x20
 1800 01af 34       		.uleb128 0x34
 1801 01b0 00       		.byte	0
 1802 01b1 03       		.uleb128 0x3
 1803 01b2 08       		.uleb128 0x8
 1804 01b3 3A       		.uleb128 0x3a
 1805 01b4 0B       		.uleb128 0xb
 1806 01b5 3B       		.uleb128 0x3b
 1807 01b6 0B       		.uleb128 0xb
 1808 01b7 49       		.uleb128 0x49
 1809 01b8 13       		.uleb128 0x13
 1810 01b9 02       		.uleb128 0x2
 1811 01ba 0A       		.uleb128 0xa
 1812 01bb 00       		.byte	0
 1813 01bc 00       		.byte	0
 1814 01bd 21       		.uleb128 0x21
ARM GAS  /var/folders/dt/0wfd0knj7gs46m8vwfzktm600000gn/T//ccV3Yl1Y.s 			page 33


 1815 01be 34       		.uleb128 0x34
 1816 01bf 00       		.byte	0
 1817 01c0 03       		.uleb128 0x3
 1818 01c1 0E       		.uleb128 0xe
 1819 01c2 3A       		.uleb128 0x3a
 1820 01c3 0B       		.uleb128 0xb
 1821 01c4 3B       		.uleb128 0x3b
 1822 01c5 0B       		.uleb128 0xb
 1823 01c6 49       		.uleb128 0x49
 1824 01c7 13       		.uleb128 0x13
 1825 01c8 02       		.uleb128 0x2
 1826 01c9 06       		.uleb128 0x6
 1827 01ca 00       		.byte	0
 1828 01cb 00       		.byte	0
 1829 01cc 22       		.uleb128 0x22
 1830 01cd 898201   		.uleb128 0x4109
 1831 01d0 00       		.byte	0
 1832 01d1 11       		.uleb128 0x11
 1833 01d2 01       		.uleb128 0x1
 1834 01d3 9542     		.uleb128 0x2115
 1835 01d5 0C       		.uleb128 0xc
 1836 01d6 31       		.uleb128 0x31
 1837 01d7 13       		.uleb128 0x13
 1838 01d8 00       		.byte	0
 1839 01d9 00       		.byte	0
 1840 01da 23       		.uleb128 0x23
 1841 01db 34       		.uleb128 0x34
 1842 01dc 00       		.byte	0
 1843 01dd 03       		.uleb128 0x3
 1844 01de 0E       		.uleb128 0xe
 1845 01df 3A       		.uleb128 0x3a
 1846 01e0 0B       		.uleb128 0xb
 1847 01e1 3B       		.uleb128 0x3b
 1848 01e2 0B       		.uleb128 0xb
 1849 01e3 49       		.uleb128 0x49
 1850 01e4 13       		.uleb128 0x13
 1851 01e5 02       		.uleb128 0x2
 1852 01e6 0A       		.uleb128 0xa
 1853 01e7 00       		.byte	0
 1854 01e8 00       		.byte	0
 1855 01e9 24       		.uleb128 0x24
 1856 01ea 2E       		.uleb128 0x2e
 1857 01eb 01       		.byte	0x1
 1858 01ec 3F       		.uleb128 0x3f
 1859 01ed 0C       		.uleb128 0xc
 1860 01ee 03       		.uleb128 0x3
 1861 01ef 0E       		.uleb128 0xe
 1862 01f0 3A       		.uleb128 0x3a
 1863 01f1 0B       		.uleb128 0xb
 1864 01f2 3B       		.uleb128 0x3b
 1865 01f3 0B       		.uleb128 0xb
 1866 01f4 27       		.uleb128 0x27
 1867 01f5 0C       		.uleb128 0xc
 1868 01f6 3C       		.uleb128 0x3c
 1869 01f7 0C       		.uleb128 0xc
 1870 01f8 01       		.uleb128 0x1
 1871 01f9 13       		.uleb128 0x13
ARM GAS  /var/folders/dt/0wfd0knj7gs46m8vwfzktm600000gn/T//ccV3Yl1Y.s 			page 34


 1872 01fa 00       		.byte	0
 1873 01fb 00       		.byte	0
 1874 01fc 25       		.uleb128 0x25
 1875 01fd 2E       		.uleb128 0x2e
 1876 01fe 00       		.byte	0
 1877 01ff 3F       		.uleb128 0x3f
 1878 0200 0C       		.uleb128 0xc
 1879 0201 03       		.uleb128 0x3
 1880 0202 0E       		.uleb128 0xe
 1881 0203 3A       		.uleb128 0x3a
 1882 0204 0B       		.uleb128 0xb
 1883 0205 3B       		.uleb128 0x3b
 1884 0206 0B       		.uleb128 0xb
 1885 0207 27       		.uleb128 0x27
 1886 0208 0C       		.uleb128 0xc
 1887 0209 49       		.uleb128 0x49
 1888 020a 13       		.uleb128 0x13
 1889 020b 3C       		.uleb128 0x3c
 1890 020c 0C       		.uleb128 0xc
 1891 020d 00       		.byte	0
 1892 020e 00       		.byte	0
 1893 020f 00       		.byte	0
 1894              		.section	.debug_loc,"",%progbits
 1895              	.Ldebug_loc0:
 1896              	.LLST0:
 1897 0000 00000000 		.4byte	.LVL1
 1898 0004 0C000000 		.4byte	.LVL4
 1899 0008 0100     		.2byte	0x1
 1900 000a 50       		.byte	0x50
 1901 000b 0C000000 		.4byte	.LVL4
 1902 000f 13000000 		.4byte	.LVL5-1
 1903 0013 0300     		.2byte	0x3
 1904 0015 70       		.byte	0x70
 1905 0016 70       		.sleb128 -16
 1906 0017 9F       		.byte	0x9f
 1907 0018 13000000 		.4byte	.LVL5-1
 1908 001c 14000000 		.4byte	.LFE8
 1909 0020 0400     		.2byte	0x4
 1910 0022 F3       		.byte	0xf3
 1911 0023 01       		.uleb128 0x1
 1912 0024 50       		.byte	0x50
 1913 0025 9F       		.byte	0x9f
 1914 0026 00000000 		.4byte	0
 1915 002a 00000000 		.4byte	0
 1916              	.LLST1:
 1917 002e 00000000 		.4byte	.LVL1
 1918 0032 13000000 		.4byte	.LVL5-1
 1919 0036 0100     		.2byte	0x1
 1920 0038 51       		.byte	0x51
 1921 0039 13000000 		.4byte	.LVL5-1
 1922 003d 14000000 		.4byte	.LFE8
 1923 0041 0400     		.2byte	0x4
 1924 0043 F3       		.byte	0xf3
 1925 0044 01       		.uleb128 0x1
 1926 0045 51       		.byte	0x51
 1927 0046 9F       		.byte	0x9f
 1928 0047 00000000 		.4byte	0
ARM GAS  /var/folders/dt/0wfd0knj7gs46m8vwfzktm600000gn/T//ccV3Yl1Y.s 			page 35


 1929 004b 00000000 		.4byte	0
 1930              	.LLST2:
 1931 004f 00000000 		.4byte	.LVL1
 1932 0053 0A000000 		.4byte	.LVL3
 1933 0057 0100     		.2byte	0x1
 1934 0059 52       		.byte	0x52
 1935 005a 0A000000 		.4byte	.LVL3
 1936 005e 13000000 		.4byte	.LVL5-1
 1937 0062 0300     		.2byte	0x3
 1938 0064 72       		.byte	0x72
 1939 0065 08       		.sleb128 8
 1940 0066 9F       		.byte	0x9f
 1941 0067 13000000 		.4byte	.LVL5-1
 1942 006b 14000000 		.4byte	.LFE8
 1943 006f 0400     		.2byte	0x4
 1944 0071 F3       		.byte	0xf3
 1945 0072 01       		.uleb128 0x1
 1946 0073 52       		.byte	0x52
 1947 0074 9F       		.byte	0x9f
 1948 0075 00000000 		.4byte	0
 1949 0079 00000000 		.4byte	0
 1950              	.LLST3:
 1951 007d 04000000 		.4byte	.LVL2
 1952 0081 13000000 		.4byte	.LVL5-1
 1953 0085 0100     		.2byte	0x1
 1954 0087 51       		.byte	0x51
 1955 0088 13000000 		.4byte	.LVL5-1
 1956 008c 14000000 		.4byte	.LFE8
 1957 0090 0400     		.2byte	0x4
 1958 0092 F3       		.byte	0xf3
 1959 0093 01       		.uleb128 0x1
 1960 0094 51       		.byte	0x51
 1961 0095 9F       		.byte	0x9f
 1962 0096 00000000 		.4byte	0
 1963 009a 00000000 		.4byte	0
 1964              	.LLST4:
 1965 009e 00000000 		.4byte	.LFB9
 1966 00a2 02000000 		.4byte	.LCFI0
 1967 00a6 0200     		.2byte	0x2
 1968 00a8 7D       		.byte	0x7d
 1969 00a9 00       		.sleb128 0
 1970 00aa 02000000 		.4byte	.LCFI0
 1971 00ae 84000000 		.4byte	.LFE9
 1972 00b2 0200     		.2byte	0x2
 1973 00b4 7D       		.byte	0x7d
 1974 00b5 18       		.sleb128 24
 1975 00b6 00000000 		.4byte	0
 1976 00ba 00000000 		.4byte	0
 1977              	.LLST5:
 1978 00be 00000000 		.4byte	.LVL6
 1979 00c2 0C000000 		.4byte	.LVL8
 1980 00c6 0100     		.2byte	0x1
 1981 00c8 50       		.byte	0x50
 1982 00c9 0C000000 		.4byte	.LVL8
 1983 00cd 84000000 		.4byte	.LFE9
 1984 00d1 0100     		.2byte	0x1
 1985 00d3 56       		.byte	0x56
ARM GAS  /var/folders/dt/0wfd0knj7gs46m8vwfzktm600000gn/T//ccV3Yl1Y.s 			page 36


 1986 00d4 00000000 		.4byte	0
 1987 00d8 00000000 		.4byte	0
 1988              	.LLST6:
 1989 00dc 00000000 		.4byte	.LVL6
 1990 00e0 06000000 		.4byte	.LVL7
 1991 00e4 0100     		.2byte	0x1
 1992 00e6 51       		.byte	0x51
 1993 00e7 06000000 		.4byte	.LVL7
 1994 00eb 14000000 		.4byte	.LVL9
 1995 00ef 0300     		.2byte	0x3
 1996 00f1 71       		.byte	0x71
 1997 00f2 79       		.sleb128 -7
 1998 00f3 9F       		.byte	0x9f
 1999 00f4 14000000 		.4byte	.LVL9
 2000 00f8 84000000 		.4byte	.LFE9
 2001 00fc 0100     		.2byte	0x1
 2002 00fe 55       		.byte	0x55
 2003 00ff 00000000 		.4byte	0
 2004 0103 00000000 		.4byte	0
 2005              	.LLST7:
 2006 0107 18000000 		.4byte	.LVL10
 2007 010b 4C000000 		.4byte	.LVL17
 2008 010f 0100     		.2byte	0x1
 2009 0111 54       		.byte	0x54
 2010 0112 58000000 		.4byte	.LVL19
 2011 0116 72000000 		.4byte	.LVL22
 2012 011a 0100     		.2byte	0x1
 2013 011c 54       		.byte	0x54
 2014 011d 7A000000 		.4byte	.LVL24
 2015 0121 7C000000 		.4byte	.LVL25
 2016 0125 0100     		.2byte	0x1
 2017 0127 54       		.byte	0x54
 2018 0128 00000000 		.4byte	0
 2019 012c 00000000 		.4byte	0
 2020              	.LLST8:
 2021 0130 1E000000 		.4byte	.LVL12
 2022 0134 20000000 		.4byte	.LVL13
 2023 0138 0100     		.2byte	0x1
 2024 013a 53       		.byte	0x53
 2025 013b 22000000 		.4byte	.LVL14
 2026 013f 53000000 		.4byte	.LVL18-1
 2027 0143 0100     		.2byte	0x1
 2028 0145 53       		.byte	0x53
 2029 0146 53000000 		.4byte	.LVL18-1
 2030 014a 54000000 		.4byte	.LVL18
 2031 014e 0300     		.2byte	0x3
 2032 0150 74       		.byte	0x74
 2033 0151 78       		.sleb128 -8
 2034 0152 9F       		.byte	0x9f
 2035 0153 58000000 		.4byte	.LVL19
 2036 0157 61000000 		.4byte	.LVL20-1
 2037 015b 0100     		.2byte	0x1
 2038 015d 53       		.byte	0x53
 2039 015e 6C000000 		.4byte	.LVL21
 2040 0162 76000000 		.4byte	.LVL23
 2041 0166 0100     		.2byte	0x1
 2042 0168 50       		.byte	0x50
ARM GAS  /var/folders/dt/0wfd0knj7gs46m8vwfzktm600000gn/T//ccV3Yl1Y.s 			page 37


 2043 0169 76000000 		.4byte	.LVL23
 2044 016d 7A000000 		.4byte	.LVL24
 2045 0171 0100     		.2byte	0x1
 2046 0173 54       		.byte	0x54
 2047 0174 00000000 		.4byte	0
 2048 0178 00000000 		.4byte	0
 2049              	.LLST9:
 2050 017c 42000000 		.4byte	.LVL15
 2051 0180 4A000000 		.4byte	.LVL16
 2052 0184 0100     		.2byte	0x1
 2053 0186 57       		.byte	0x57
 2054 0187 00000000 		.4byte	0
 2055 018b 00000000 		.4byte	0
 2056              	.LLST10:
 2057 018f 00000000 		.4byte	.LFB10
 2058 0193 02000000 		.4byte	.LCFI1
 2059 0197 0200     		.2byte	0x2
 2060 0199 7D       		.byte	0x7d
 2061 019a 00       		.sleb128 0
 2062 019b 02000000 		.4byte	.LCFI1
 2063 019f 86000000 		.4byte	.LFE10
 2064 01a3 0200     		.2byte	0x2
 2065 01a5 7D       		.byte	0x7d
 2066 01a6 10       		.sleb128 16
 2067 01a7 00000000 		.4byte	0
 2068 01ab 00000000 		.4byte	0
 2069              	.LLST11:
 2070 01af 00000000 		.4byte	.LVL26
 2071 01b3 08000000 		.4byte	.LVL27
 2072 01b7 0100     		.2byte	0x1
 2073 01b9 50       		.byte	0x50
 2074 01ba 08000000 		.4byte	.LVL27
 2075 01be 86000000 		.4byte	.LFE10
 2076 01c2 0100     		.2byte	0x1
 2077 01c4 56       		.byte	0x56
 2078 01c5 00000000 		.4byte	0
 2079 01c9 00000000 		.4byte	0
 2080              	.LLST12:
 2081 01cd 10000000 		.4byte	.LVL29
 2082 01d1 18000000 		.4byte	.LVL32
 2083 01d5 0100     		.2byte	0x1
 2084 01d7 55       		.byte	0x55
 2085 01d8 18000000 		.4byte	.LVL32
 2086 01dc 28000000 		.4byte	.LVL33
 2087 01e0 0100     		.2byte	0x1
 2088 01e2 53       		.byte	0x53
 2089 01e3 28000000 		.4byte	.LVL33
 2090 01e7 2C000000 		.4byte	.LVL34
 2091 01eb 0100     		.2byte	0x1
 2092 01ed 52       		.byte	0x52
 2093 01ee 2C000000 		.4byte	.LVL34
 2094 01f2 57000000 		.4byte	.LVL36-1
 2095 01f6 0100     		.2byte	0x1
 2096 01f8 53       		.byte	0x53
 2097 01f9 58000000 		.4byte	.LVL36
 2098 01fd 86000000 		.4byte	.LFE10
 2099 0201 0100     		.2byte	0x1
ARM GAS  /var/folders/dt/0wfd0knj7gs46m8vwfzktm600000gn/T//ccV3Yl1Y.s 			page 38


 2100 0203 53       		.byte	0x53
 2101 0204 00000000 		.4byte	0
 2102 0208 00000000 		.4byte	0
 2103              	.LLST13:
 2104 020c 0C000000 		.4byte	.LVL28
 2105 0210 12000000 		.4byte	.LVL30
 2106 0214 0100     		.2byte	0x1
 2107 0216 50       		.byte	0x50
 2108 0217 12000000 		.4byte	.LVL30
 2109 021b 15000000 		.4byte	.LVL31-1
 2110 021f 0200     		.2byte	0x2
 2111 0221 74       		.byte	0x74
 2112 0222 00       		.sleb128 0
 2113 0223 15000000 		.4byte	.LVL31-1
 2114 0227 3E000000 		.4byte	.LVL35
 2115 022b 0300     		.2byte	0x3
 2116 022d 75       		.byte	0x75
 2117 022e 78       		.sleb128 -8
 2118 022f 9F       		.byte	0x9f
 2119 0230 00000000 		.4byte	0
 2120 0234 00000000 		.4byte	0
 2121              	.LLST14:
 2122 0238 00000000 		.4byte	.LFB11
 2123 023c 02000000 		.4byte	.LCFI2
 2124 0240 0200     		.2byte	0x2
 2125 0242 7D       		.byte	0x7d
 2126 0243 00       		.sleb128 0
 2127 0244 02000000 		.4byte	.LCFI2
 2128 0248 40000000 		.4byte	.LFE11
 2129 024c 0200     		.2byte	0x2
 2130 024e 7D       		.byte	0x7d
 2131 024f 10       		.sleb128 16
 2132 0250 00000000 		.4byte	0
 2133 0254 00000000 		.4byte	0
 2134              	.LLST15:
 2135 0258 00000000 		.4byte	.LVL37
 2136 025c 0C000000 		.4byte	.LVL38
 2137 0260 0100     		.2byte	0x1
 2138 0262 50       		.byte	0x50
 2139 0263 0C000000 		.4byte	.LVL38
 2140 0267 1C000000 		.4byte	.LVL40
 2141 026b 0100     		.2byte	0x1
 2142 026d 54       		.byte	0x54
 2143 026e 1C000000 		.4byte	.LVL40
 2144 0272 34000000 		.4byte	.LVL45
 2145 0276 1300     		.2byte	0x13
 2146 0278 F3       		.byte	0xf3
 2147 0279 01       		.uleb128 0x1
 2148 027a 50       		.byte	0x50
 2149 027b 03       		.byte	0x3
 2150 027c 00000000 		.4byte	.LANCHOR0
 2151 0280 F3       		.byte	0xf3
 2152 0281 01       		.uleb128 0x1
 2153 0282 50       		.byte	0x50
 2154 0283 30       		.byte	0x30
 2155 0284 2E       		.byte	0x2e
 2156 0285 28       		.byte	0x28
ARM GAS  /var/folders/dt/0wfd0knj7gs46m8vwfzktm600000gn/T//ccV3Yl1Y.s 			page 39


 2157 0286 0100     		.2byte	0x1
 2158 0288 16       		.byte	0x16
 2159 0289 13       		.byte	0x13
 2160 028a 9F       		.byte	0x9f
 2161 028b 34000000 		.4byte	.LVL45
 2162 028f 38000000 		.4byte	.LVL46
 2163 0293 0100     		.2byte	0x1
 2164 0295 54       		.byte	0x54
 2165 0296 38000000 		.4byte	.LVL46
 2166 029a 40000000 		.4byte	.LFE11
 2167 029e 1300     		.2byte	0x13
 2168 02a0 F3       		.byte	0xf3
 2169 02a1 01       		.uleb128 0x1
 2170 02a2 50       		.byte	0x50
 2171 02a3 03       		.byte	0x3
 2172 02a4 00000000 		.4byte	.LANCHOR0
 2173 02a8 F3       		.byte	0xf3
 2174 02a9 01       		.uleb128 0x1
 2175 02aa 50       		.byte	0x50
 2176 02ab 30       		.byte	0x30
 2177 02ac 2E       		.byte	0x2e
 2178 02ad 28       		.byte	0x28
 2179 02ae 0100     		.2byte	0x1
 2180 02b0 16       		.byte	0x16
 2181 02b1 13       		.byte	0x13
 2182 02b2 9F       		.byte	0x9f
 2183 02b3 00000000 		.4byte	0
 2184 02b7 00000000 		.4byte	0
 2185              	.LLST16:
 2186 02bb 00000000 		.4byte	.LVL37
 2187 02bf 13000000 		.4byte	.LVL39-1
 2188 02c3 0100     		.2byte	0x1
 2189 02c5 51       		.byte	0x51
 2190 02c6 13000000 		.4byte	.LVL39-1
 2191 02ca 40000000 		.4byte	.LFE11
 2192 02ce 0100     		.2byte	0x1
 2193 02d0 55       		.byte	0x55
 2194 02d1 00000000 		.4byte	0
 2195 02d5 00000000 		.4byte	0
 2196              	.LLST17:
 2197 02d9 14000000 		.4byte	.LVL39
 2198 02dd 1C000000 		.4byte	.LVL40
 2199 02e1 0300     		.2byte	0x3
 2200 02e3 74       		.byte	0x74
 2201 02e4 08       		.sleb128 8
 2202 02e5 9F       		.byte	0x9f
 2203 02e6 34000000 		.4byte	.LVL45
 2204 02ea 38000000 		.4byte	.LVL46
 2205 02ee 0300     		.2byte	0x3
 2206 02f0 74       		.byte	0x74
 2207 02f1 08       		.sleb128 8
 2208 02f2 9F       		.byte	0x9f
 2209 02f3 38000000 		.4byte	.LVL46
 2210 02f7 40000000 		.4byte	.LFE11
 2211 02fb 1500     		.2byte	0x15
 2212 02fd F3       		.byte	0xf3
 2213 02fe 01       		.uleb128 0x1
ARM GAS  /var/folders/dt/0wfd0knj7gs46m8vwfzktm600000gn/T//ccV3Yl1Y.s 			page 40


 2214 02ff 50       		.byte	0x50
 2215 0300 03       		.byte	0x3
 2216 0301 00000000 		.4byte	.LANCHOR0
 2217 0305 F3       		.byte	0xf3
 2218 0306 01       		.uleb128 0x1
 2219 0307 50       		.byte	0x50
 2220 0308 30       		.byte	0x30
 2221 0309 2E       		.byte	0x2e
 2222 030a 28       		.byte	0x28
 2223 030b 0100     		.2byte	0x1
 2224 030d 16       		.byte	0x16
 2225 030e 13       		.byte	0x13
 2226 030f 23       		.byte	0x23
 2227 0310 08       		.uleb128 0x8
 2228 0311 9F       		.byte	0x9f
 2229 0312 00000000 		.4byte	0
 2230 0316 00000000 		.4byte	0
 2231              	.LLST18:
 2232 031a 14000000 		.4byte	.LVL39
 2233 031e 1C000000 		.4byte	.LVL40
 2234 0322 0200     		.2byte	0x2
 2235 0324 30       		.byte	0x30
 2236 0325 9F       		.byte	0x9f
 2237 0326 24000000 		.4byte	.LVL42
 2238 032a 28000000 		.4byte	.LVL43
 2239 032e 0100     		.2byte	0x1
 2240 0330 54       		.byte	0x54
 2241 0331 34000000 		.4byte	.LVL45
 2242 0335 40000000 		.4byte	.LFE11
 2243 0339 0200     		.2byte	0x2
 2244 033b 30       		.byte	0x30
 2245 033c 9F       		.byte	0x9f
 2246 033d 00000000 		.4byte	0
 2247 0341 00000000 		.4byte	0
 2248              	.LLST19:
 2249 0345 14000000 		.4byte	.LVL39
 2250 0349 1C000000 		.4byte	.LVL40
 2251 034d 0200     		.2byte	0x2
 2252 034f 30       		.byte	0x30
 2253 0350 9F       		.byte	0x9f
 2254 0351 22000000 		.4byte	.LVL41
 2255 0355 28000000 		.4byte	.LVL43
 2256 0359 0100     		.2byte	0x1
 2257 035b 52       		.byte	0x52
 2258 035c 34000000 		.4byte	.LVL45
 2259 0360 40000000 		.4byte	.LFE11
 2260 0364 0200     		.2byte	0x2
 2261 0366 30       		.byte	0x30
 2262 0367 9F       		.byte	0x9f
 2263 0368 00000000 		.4byte	0
 2264 036c 00000000 		.4byte	0
 2265              		.section	.debug_aranges,"",%progbits
 2266 0000 3C000000 		.4byte	0x3c
 2267 0004 0200     		.2byte	0x2
 2268 0006 00000000 		.4byte	.Ldebug_info0
 2269 000a 04       		.byte	0x4
 2270 000b 00       		.byte	0
ARM GAS  /var/folders/dt/0wfd0knj7gs46m8vwfzktm600000gn/T//ccV3Yl1Y.s 			page 41


 2271 000c 0000     		.2byte	0
 2272 000e 0000     		.2byte	0
 2273 0010 00000000 		.4byte	.LFB7
 2274 0014 20000000 		.4byte	.LFE7-.LFB7
 2275 0018 00000000 		.4byte	.LFB8
 2276 001c 14000000 		.4byte	.LFE8-.LFB8
 2277 0020 00000000 		.4byte	.LFB9
 2278 0024 84000000 		.4byte	.LFE9-.LFB9
 2279 0028 00000000 		.4byte	.LFB10
 2280 002c 86000000 		.4byte	.LFE10-.LFB10
 2281 0030 00000000 		.4byte	.LFB11
 2282 0034 40000000 		.4byte	.LFE11-.LFB11
 2283 0038 00000000 		.4byte	0
 2284 003c 00000000 		.4byte	0
 2285              		.section	.debug_ranges,"",%progbits
 2286              	.Ldebug_ranges0:
 2287 0000 00000000 		.4byte	.LFB7
 2288 0004 20000000 		.4byte	.LFE7
 2289 0008 00000000 		.4byte	.LFB8
 2290 000c 14000000 		.4byte	.LFE8
 2291 0010 00000000 		.4byte	.LFB9
 2292 0014 84000000 		.4byte	.LFE9
 2293 0018 00000000 		.4byte	.LFB10
 2294 001c 86000000 		.4byte	.LFE10
 2295 0020 00000000 		.4byte	.LFB11
 2296 0024 40000000 		.4byte	.LFE11
 2297 0028 00000000 		.4byte	0
 2298 002c 00000000 		.4byte	0
 2299              		.section	.debug_line,"",%progbits
 2300              	.Ldebug_line0:
 2301 0000 89020000 		.section	.debug_str,"MS",%progbits,1
 2301      0200A401 
 2301      00000201 
 2301      FB0E0D00 
 2301      01010101 
 2302              	.LASF35:
 2303 0000 705F6D73 		.ascii	"p_msg\000"
 2303      6700
 2304              	.LASF2:
 2305 0006 73697A65 		.ascii	"size_t\000"
 2305      5F7400
 2306              	.LASF61:
 2307 000d 7264796D 		.ascii	"rdymsg\000"
 2307      736700
 2308              	.LASF12:
 2309 0014 75696E74 		.ascii	"uint64_t\000"
 2309      36345F74 
 2309      00
 2310              	.LASF51:
 2311 001d 6D656D67 		.ascii	"memgetfunc_t\000"
 2311      65746675 
 2311      6E635F74 
 2311      00
 2312              	.LASF13:
 2313 002a 6C6F6E67 		.ascii	"long long unsigned int\000"
 2313      206C6F6E 
 2313      6720756E 
ARM GAS  /var/folders/dt/0wfd0knj7gs46m8vwfzktm600000gn/T//ccV3Yl1Y.s 			page 42


 2313      7369676E 
 2313      65642069 
 2314              	.LASF62:
 2315 0041 65786974 		.ascii	"exitcode\000"
 2315      636F6465 
 2315      00
 2316              	.LASF55:
 2317 004a 685F6672 		.ascii	"h_free\000"
 2317      656500
 2318              	.LASF68:
 2319 0051 68656170 		.ascii	"heapp\000"
 2319      7000
 2320              	.LASF80:
 2321 0057 63684D74 		.ascii	"chMtxUnlock\000"
 2321      78556E6C 
 2321      6F636B00 
 2322              	.LASF67:
 2323 0063 63684865 		.ascii	"chHeapInit\000"
 2323      6170496E 
 2323      697400
 2324              	.LASF57:
 2325 006e 6E657874 		.ascii	"next\000"
 2325      00
 2326              	.LASF24:
 2327 0073 705F7072 		.ascii	"p_prio\000"
 2327      696F00
 2328              	.LASF11:
 2329 007a 6C6F6E67 		.ascii	"long long int\000"
 2329      206C6F6E 
 2329      6720696E 
 2329      7400
 2330              	.LASF1:
 2331 0088 7369676E 		.ascii	"signed char\000"
 2331      65642063 
 2331      68617200 
 2332              	.LASF56:
 2333 0094 685F6D74 		.ascii	"h_mtx\000"
 2333      7800
 2334              	.LASF39:
 2335 009a 705F6D70 		.ascii	"p_mpool\000"
 2335      6F6F6C00 
 2336              	.LASF48:
 2337 00a2 6D5F7175 		.ascii	"m_queue\000"
 2337      65756500 
 2338              	.LASF69:
 2339 00aa 63684865 		.ascii	"chHeapFree\000"
 2339      61704672 
 2339      656500
 2340              	.LASF8:
 2341 00b5 6C6F6E67 		.ascii	"long int\000"
 2341      20696E74 
 2341      00
 2342              	.LASF77:
 2343 00be 2E2E2F2E 		.ascii	"../../os/kernel/src/chheap.c\000"
 2343      2E2F6F73 
 2343      2F6B6572 
 2343      6E656C2F 
ARM GAS  /var/folders/dt/0wfd0knj7gs46m8vwfzktm600000gn/T//ccV3Yl1Y.s 			page 43


 2343      7372632F 
 2344              	.LASF15:
 2345 00db 74737461 		.ascii	"tstate_t\000"
 2345      74655F74 
 2345      00
 2346              	.LASF78:
 2347 00e4 2F557365 		.ascii	"/Users/toxygen/Projects/UAV/Control_sytem/sw/autopi"
 2347      72732F74 
 2347      6F787967 
 2347      656E2F50 
 2347      726F6A65 
 2348 0117 6C6F742F 		.ascii	"lot/2.4.3/demos/test2\000"
 2348      322E342E 
 2348      332F6465 
 2348      6D6F732F 
 2348      74657374 
 2349              	.LASF26:
 2350 012d 705F6E65 		.ascii	"p_newer\000"
 2350      77657200 
 2351              	.LASF42:
 2352 0135 72656761 		.ascii	"regarm_t\000"
 2352      726D5F74 
 2352      00
 2353              	.LASF59:
 2354 013e 616C6967 		.ascii	"align\000"
 2354      6E00
 2355              	.LASF0:
 2356 0144 756E7369 		.ascii	"unsigned int\000"
 2356      676E6564 
 2356      20696E74 
 2356      00
 2357              	.LASF10:
 2358 0151 6C6F6E67 		.ascii	"long unsigned int\000"
 2358      20756E73 
 2358      69676E65 
 2358      6420696E 
 2358      7400
 2359              	.LASF45:
 2360 0163 636F6E74 		.ascii	"context\000"
 2360      65787400 
 2361              	.LASF60:
 2362 016b 73697A65 		.ascii	"size\000"
 2362      00
 2363              	.LASF6:
 2364 0170 73686F72 		.ascii	"short unsigned int\000"
 2364      7420756E 
 2364      7369676E 
 2364      65642069 
 2364      6E7400
 2365              	.LASF18:
 2366 0183 6D73675F 		.ascii	"msg_t\000"
 2366      7400
 2367              	.LASF14:
 2368 0189 746D6F64 		.ascii	"tmode_t\000"
 2368      655F7400 
 2369              	.LASF41:
 2370 0191 54687265 		.ascii	"ThreadsList\000"
ARM GAS  /var/folders/dt/0wfd0knj7gs46m8vwfzktm600000gn/T//ccV3Yl1Y.s 			page 44


 2370      6164734C 
 2370      69737400 
 2371              	.LASF19:
 2372 019d 6576656E 		.ascii	"eventmask_t\000"
 2372      746D6173 
 2372      6B5F7400 
 2373              	.LASF47:
 2374 01a9 4D757465 		.ascii	"Mutex\000"
 2374      7800
 2375              	.LASF43:
 2376 01af 73746B61 		.ascii	"stkalign_t\000"
 2376      6C69676E 
 2376      5F7400
 2377              	.LASF46:
 2378 01ba 73697A65 		.ascii	"sizetype\000"
 2378      74797065 
 2378      00
 2379              	.LASF75:
 2380 01c3 63684D74 		.ascii	"chMtxLock\000"
 2380      784C6F63 
 2380      6B00
 2381              	.LASF27:
 2382 01cd 705F6F6C 		.ascii	"p_older\000"
 2382      64657200 
 2383              	.LASF40:
 2384 01d5 54687265 		.ascii	"ThreadsQueue\000"
 2384      61647351 
 2384      75657565 
 2384      00
 2385              	.LASF76:
 2386 01e2 474E5520 		.ascii	"GNU C 4.7.2\000"
 2386      4320342E 
 2386      372E3200 
 2387              	.LASF52:
 2388 01ee 4D656D6F 		.ascii	"MemoryHeap\000"
 2388      72794865 
 2388      617000
 2389              	.LASF16:
 2390 01f9 74726566 		.ascii	"trefs_t\000"
 2390      735F7400 
 2391              	.LASF23:
 2392 0201 705F7072 		.ascii	"p_prev\000"
 2392      657600
 2393              	.LASF17:
 2394 0208 74707269 		.ascii	"tprio_t\000"
 2394      6F5F7400 
 2395              	.LASF7:
 2396 0210 696E7433 		.ascii	"int32_t\000"
 2396      325F7400 
 2397              	.LASF4:
 2398 0218 756E7369 		.ascii	"unsigned char\000"
 2398      676E6564 
 2398      20636861 
 2398      7200
 2399              	.LASF54:
 2400 0226 685F7072 		.ascii	"h_provider\000"
 2400      6F766964 
ARM GAS  /var/folders/dt/0wfd0knj7gs46m8vwfzktm600000gn/T//ccV3Yl1Y.s 			page 45


 2400      657200
 2401              	.LASF37:
 2402 0231 705F6D74 		.ascii	"p_mtxlist\000"
 2402      786C6973 
 2402      7400
 2403              	.LASF5:
 2404 023b 73686F72 		.ascii	"short int\000"
 2404      7420696E 
 2404      7400
 2405              	.LASF29:
 2406 0245 705F7374 		.ascii	"p_state\000"
 2406      61746500 
 2407              	.LASF79:
 2408 024d 68656170 		.ascii	"heap_header\000"
 2408      5F686561 
 2408      64657200 
 2409              	.LASF64:
 2410 0259 65776D61 		.ascii	"ewmask\000"
 2410      736B00
 2411              	.LASF22:
 2412 0260 705F6E65 		.ascii	"p_next\000"
 2412      787400
 2413              	.LASF30:
 2414 0267 705F666C 		.ascii	"p_flags\000"
 2414      61677300 
 2415              	.LASF21:
 2416 026f 54687265 		.ascii	"Thread\000"
 2416      616400
 2417              	.LASF70:
 2418 0276 63684865 		.ascii	"chHeapAlloc\000"
 2418      6170416C 
 2418      6C6F6300 
 2419              	.LASF36:
 2420 0282 705F6570 		.ascii	"p_epending\000"
 2420      656E6469 
 2420      6E6700
 2421              	.LASF9:
 2422 028d 75696E74 		.ascii	"uint32_t\000"
 2422      33325F74 
 2422      00
 2423              	.LASF58:
 2424 0296 68656170 		.ascii	"heap\000"
 2424      00
 2425              	.LASF73:
 2426 029b 64656661 		.ascii	"default_heap\000"
 2426      756C745F 
 2426      68656170 
 2426      00
 2427              	.LASF65:
 2428 02a8 63686172 		.ascii	"char\000"
 2428      00
 2429              	.LASF71:
 2430 02ad 63684865 		.ascii	"chHeapStatus\000"
 2430      61705374 
 2430      61747573 
 2430      00
 2431              	.LASF50:
ARM GAS  /var/folders/dt/0wfd0knj7gs46m8vwfzktm600000gn/T//ccV3Yl1Y.s 			page 46


 2432 02ba 6D5F6E65 		.ascii	"m_next\000"
 2432      787400
 2433              	.LASF20:
 2434 02c1 73797374 		.ascii	"systime_t\000"
 2434      696D655F 
 2434      7400
 2435              	.LASF38:
 2436 02cb 705F7265 		.ascii	"p_realprio\000"
 2436      616C7072 
 2436      696F00
 2437              	.LASF32:
 2438 02d6 705F7469 		.ascii	"p_time\000"
 2438      6D6500
 2439              	.LASF44:
 2440 02dd 696E7463 		.ascii	"intctx\000"
 2440      747800
 2441              	.LASF34:
 2442 02e4 705F6D73 		.ascii	"p_msgqueue\000"
 2442      67717565 
 2442      756500
 2443              	.LASF74:
 2444 02ef 63684D74 		.ascii	"chMtxInit\000"
 2444      78496E69 
 2444      7400
 2445              	.LASF31:
 2446 02f9 705F7265 		.ascii	"p_refs\000"
 2446      667300
 2447              	.LASF3:
 2448 0300 75696E74 		.ascii	"uint8_t\000"
 2448      385F7400 
 2449              	.LASF63:
 2450 0308 77746F62 		.ascii	"wtobjp\000"
 2450      6A7000
 2451              	.LASF72:
 2452 030f 73697A65 		.ascii	"sizep\000"
 2452      7000
 2453              	.LASF28:
 2454 0315 705F6E61 		.ascii	"p_name\000"
 2454      6D6500
 2455              	.LASF66:
 2456 031c 5F686561 		.ascii	"_heap_init\000"
 2456      705F696E 
 2456      697400
 2457              	.LASF49:
 2458 0327 6D5F6F77 		.ascii	"m_owner\000"
 2458      6E657200 
 2459              	.LASF25:
 2460 032f 705F6374 		.ascii	"p_ctx\000"
 2460      7800
 2461              	.LASF33:
 2462 0335 705F7761 		.ascii	"p_waiting\000"
 2462      6974696E 
 2462      6700
 2463              	.LASF53:
 2464 033f 6D656D6F 		.ascii	"memory_heap\000"
 2464      72795F68 
 2464      65617000 
ARM GAS  /var/folders/dt/0wfd0knj7gs46m8vwfzktm600000gn/T//ccV3Yl1Y.s 			page 47


 2465              		.ident	"GCC: (GNU) 4.7.2"
ARM GAS  /var/folders/dt/0wfd0knj7gs46m8vwfzktm600000gn/T//ccV3Yl1Y.s 			page 48


DEFINED SYMBOLS
                            *ABS*:0000000000000000 chheap.c
/var/folders/dt/0wfd0knj7gs46m8vwfzktm600000gn/T//ccV3Yl1Y.s:19     .text._heap_init:0000000000000000 $t
/var/folders/dt/0wfd0knj7gs46m8vwfzktm600000gn/T//ccV3Yl1Y.s:25     .text._heap_init:0000000000000000 _heap_init
/var/folders/dt/0wfd0knj7gs46m8vwfzktm600000gn/T//ccV3Yl1Y.s:437    .bss.default_heap:0000000000000000 .LANCHOR0
/var/folders/dt/0wfd0knj7gs46m8vwfzktm600000gn/T//ccV3Yl1Y.s:57     .text.chHeapInit:0000000000000000 $t
/var/folders/dt/0wfd0knj7gs46m8vwfzktm600000gn/T//ccV3Yl1Y.s:63     .text.chHeapInit:0000000000000000 chHeapInit
/var/folders/dt/0wfd0knj7gs46m8vwfzktm600000gn/T//ccV3Yl1Y.s:97     .text.chHeapAlloc:0000000000000000 $t
/var/folders/dt/0wfd0knj7gs46m8vwfzktm600000gn/T//ccV3Yl1Y.s:103    .text.chHeapAlloc:0000000000000000 chHeapAlloc
/var/folders/dt/0wfd0knj7gs46m8vwfzktm600000gn/T//ccV3Yl1Y.s:230    .text.chHeapAlloc:0000000000000080 $d
/var/folders/dt/0wfd0knj7gs46m8vwfzktm600000gn/T//ccV3Yl1Y.s:235    .text.chHeapFree:0000000000000000 $t
/var/folders/dt/0wfd0knj7gs46m8vwfzktm600000gn/T//ccV3Yl1Y.s:241    .text.chHeapFree:0000000000000000 chHeapFree
/var/folders/dt/0wfd0knj7gs46m8vwfzktm600000gn/T//ccV3Yl1Y.s:355    .text.chHeapStatus:0000000000000000 $t
/var/folders/dt/0wfd0knj7gs46m8vwfzktm600000gn/T//ccV3Yl1Y.s:361    .text.chHeapStatus:0000000000000000 chHeapStatus
/var/folders/dt/0wfd0knj7gs46m8vwfzktm600000gn/T//ccV3Yl1Y.s:431    .text.chHeapStatus:000000000000003c $d
/var/folders/dt/0wfd0knj7gs46m8vwfzktm600000gn/T//ccV3Yl1Y.s:436    .bss.default_heap:0000000000000000 $d
/var/folders/dt/0wfd0knj7gs46m8vwfzktm600000gn/T//ccV3Yl1Y.s:440    .bss.default_heap:0000000000000000 default_heap
                     .debug_frame:0000000000000010 $d
/var/folders/dt/0wfd0knj7gs46m8vwfzktm600000gn/T//ccV3Yl1Y.s:234    .text.chHeapAlloc:0000000000000084 $t

UNDEFINED SYMBOLS
chCoreAlloc
chMtxInit
chMtxLock
chMtxUnlock
