ARM GAS  /var/folders/dt/0wfd0knj7gs46m8vwfzktm600000gn/T//ccBVcHuR.s 			page 1


   1              		.syntax unified
   2              		.cpu cortex-m3
   3              		.fpu softvfp
   4              		.eabi_attribute 20, 1
   5              		.eabi_attribute 21, 1
   6              		.eabi_attribute 23, 3
   7              		.eabi_attribute 24, 1
   8              		.eabi_attribute 25, 1
   9              		.eabi_attribute 26, 1
  10              		.eabi_attribute 30, 2
  11              		.eabi_attribute 34, 1
  12              		.eabi_attribute 18, 4
  13              		.thumb
  14              		.file	"chsys.c"
  15              		.text
  16              	.Ltext0:
  17              		.cfi_sections	.debug_frame
  18              		.section	.text._idle_thread,"ax",%progbits
  19              		.align	2
  20              		.p2align 4,,15
  21              		.global	_idle_thread
  22              		.thumb
  23              		.thumb_func
  24              		.type	_idle_thread, %function
  25              	_idle_thread:
  26              	.LFB7:
  27              		.file 1 "../../os/kernel/src/chsys.c"
  28              		.loc 1 61 0
  29              		.cfi_startproc
  30              		@ args = 0, pretend = 0, frame = 0
  31              		@ frame_needed = 0, uses_anonymous_args = 0
  32              		@ link register save eliminated.
  33              	.LVL0:
  34              		.loc 1 64 0
  35 0000 024B     		ldr	r3, .L4
  36 0002 034A     		ldr	r2, .L4+4
  37 0004 DB69     		ldr	r3, [r3, #28]
  38 0006 9A61     		str	r2, [r3, #24]
  39              	.L2:
  40 0008 FEE7     		b	.L2
  41              	.L5:
  42 000a 00BF     		.align	2
  43              	.L4:
  44 000c 00000000 		.word	rlist
  45 0010 00000000 		.word	.LC0
  46              		.cfi_endproc
  47              	.LFE7:
  48              		.size	_idle_thread, .-_idle_thread
  49 0014 AFF30080 		.section	.text.chSysInit,"ax",%progbits
  49      AFF30080 
  49      AFF30080 
  50              		.align	2
  51              		.p2align 4,,15
  52              		.global	chSysInit
  53              		.thumb
  54              		.thumb_func
  55              		.type	chSysInit, %function
ARM GAS  /var/folders/dt/0wfd0knj7gs46m8vwfzktm600000gn/T//ccBVcHuR.s 			page 2


  56              	chSysInit:
  57              	.LFB8:
  58              		.loc 1 84 0
  59              		.cfi_startproc
  60              		@ args = 0, pretend = 0, frame = 0
  61              		@ frame_needed = 0, uses_anonymous_args = 0
  62 0000 00B5     		push	{lr}
  63              	.LCFI0:
  64              		.cfi_def_cfa_offset 4
  65              		.cfi_offset 14, -4
  66 0002 83B0     		sub	sp, sp, #12
  67              	.LCFI1:
  68              		.cfi_def_cfa_offset 16
  69              		.loc 1 90 0
  70 0004 FFF7FEFF 		bl	_port_init
  71              	.LVL1:
  72              		.loc 1 91 0
  73 0008 FFF7FEFF 		bl	_scheduler_init
  74              	.LVL2:
  75              		.loc 1 92 0
  76 000c FFF7FEFF 		bl	_vt_init
  77              	.LVL3:
  78              		.loc 1 94 0
  79 0010 FFF7FEFF 		bl	_core_init
  80              	.LVL4:
  81              		.loc 1 97 0
  82 0014 FFF7FEFF 		bl	_heap_init
  83              	.LVL5:
  84              		.loc 1 104 0
  85 0018 40F20000 		movw	r0, #:lower16:.LANCHOR0
  86 001c 4021     		movs	r1, #64
  87 001e C0F20000 		movt	r0, #:upper16:.LANCHOR0
  88 0022 FFF7FEFF 		bl	_thread_init
  89              	.LVL6:
  90 0026 40F20001 		movw	r1, #:lower16:rlist
  91 002a C0F20001 		movt	r1, #:upper16:rlist
  92              		.loc 1 105 0
  93 002e 0122     		movs	r2, #1
  94              		.loc 1 104 0
  95 0030 C861     		str	r0, [r1, #28]
  96              		.loc 1 105 0
  97 0032 0277     		strb	r2, [r0, #28]
  98              	.LBB2:
  99              		.loc 1 111 0
 100 0034 0023     		movs	r3, #0
 101              	.LVL7:
 102              	@ 111 "../../os/kernel/src/chsys.c" 1
 103 0036 83F31188 		msr     BASEPRI, r3                    
 104 003a 62B6     		cpsie   i
 105              	@ 0 "" 2
 106              	.LVL8:
 107              		.thumb
 108              	.LBE2:
 109              		.loc 1 115 0
 110 003c 40F20000 		movw	r0, #:lower16:ch_debug
 111 0040 C969     		ldr	r1, [r1, #28]
 112 0042 C0F20000 		movt	r0, #:upper16:ch_debug
ARM GAS  /var/folders/dt/0wfd0knj7gs46m8vwfzktm600000gn/T//ccBVcHuR.s 			page 3


 113 0046 8861     		str	r0, [r1, #24]
 114              		.loc 1 121 0
 115 0048 0093     		str	r3, [sp, #0]
 116 004a 40F20000 		movw	r0, #:lower16:.LANCHOR1
 117 004e 40F20003 		movw	r3, #:lower16:_idle_thread
 118              	.LVL9:
 119 0052 C021     		movs	r1, #192
 120 0054 C0F20003 		movt	r3, #:upper16:_idle_thread
 121 0058 C0F20000 		movt	r0, #:upper16:.LANCHOR1
 122 005c FFF7FEFF 		bl	chThdCreateStatic
 123              	.LVL10:
 124              		.loc 1 124 0
 125 0060 03B0     		add	sp, sp, #12
 126 0062 00BD     		pop	{pc}
 127              		.cfi_endproc
 128              	.LFE8:
 129              		.size	chSysInit, .-chSysInit
 130 0064 AFF30080 		.section	.text.chSysTimerHandlerI,"ax",%progbits
 130      AFF30080 
 130      AFF30080 
 131              		.align	2
 132              		.p2align 4,,15
 133              		.global	chSysTimerHandlerI
 134              		.thumb
 135              		.thumb_func
 136              		.type	chSysTimerHandlerI, %function
 137              	chSysTimerHandlerI:
 138              	.LFB9:
 139              		.loc 1 137 0
 140              		.cfi_startproc
 141              		@ args = 0, pretend = 0, frame = 0
 142              		@ frame_needed = 0, uses_anonymous_args = 0
 143 0000 38B5     		push	{r3, r4, r5, lr}
 144              	.LCFI2:
 145              		.cfi_def_cfa_offset 16
 146              		.cfi_offset 3, -16
 147              		.cfi_offset 4, -12
 148              		.cfi_offset 5, -8
 149              		.cfi_offset 14, -4
 150              		.loc 1 143 0
 151 0002 104B     		ldr	r3, .L17
 152 0004 9A69     		ldr	r2, [r3, #24]
 153 0006 002A     		cmp	r2, #0
 154 0008 01DD     		ble	.L8
 155              		.loc 1 145 0
 156 000a 013A     		subs	r2, r2, #1
 157 000c 9A61     		str	r2, [r3, #24]
 158              	.L8:
 159              		.loc 1 148 0
 160 000e DA69     		ldr	r2, [r3, #28]
 161              		.loc 1 150 0
 162 0010 0D4C     		ldr	r4, .L17+4
 163              		.loc 1 148 0
 164 0012 116A     		ldr	r1, [r2, #32]
 165              		.loc 1 150 0
 166 0014 2368     		ldr	r3, [r4, #0]
 167              		.loc 1 148 0
ARM GAS  /var/folders/dt/0wfd0knj7gs46m8vwfzktm600000gn/T//ccBVcHuR.s 			page 4


 168 0016 0131     		adds	r1, r1, #1
 169 0018 1162     		str	r1, [r2, #32]
 170              		.loc 1 150 0
 171 001a E268     		ldr	r2, [r4, #12]
 172 001c 0132     		adds	r2, r2, #1
 173 001e A342     		cmp	r3, r4
 174 0020 E260     		str	r2, [r4, #12]
 175 0022 0ED0     		beq	.L7
 176              	.LBB3:
 177              		.loc 1 150 0 is_stmt 0 discriminator 1
 178 0024 9D68     		ldr	r5, [r3, #8]
 179 0026 013D     		subs	r5, r5, #1
 180 0028 9D60     		str	r5, [r3, #8]
 181              	.LVL11:
 182 002a 55B9     		cbnz	r5, .L7
 183              	.L14:
 184              	.LBB4:
 185              		.loc 1 150 0 discriminator 3
 186 002c 1A68     		ldr	r2, [r3, #0]
 187 002e D968     		ldr	r1, [r3, #12]
 188              	.LVL12:
 189 0030 1869     		ldr	r0, [r3, #16]
 190 0032 DD60     		str	r5, [r3, #12]
 191 0034 5460     		str	r4, [r2, #4]
 192 0036 2260     		str	r2, [r4, #0]
 193 0038 8847     		blx	r1
 194              	.LVL13:
 195              	.LBE4:
 196 003a 2368     		ldr	r3, [r4, #0]
 197              	.LVL14:
 198 003c 9A68     		ldr	r2, [r3, #8]
 199 003e 002A     		cmp	r2, #0
 200 0040 F4D0     		beq	.L14
 201              	.LVL15:
 202              	.L7:
 203 0042 38BD     		pop	{r3, r4, r5, pc}
 204              	.L18:
 205              		.align	2
 206              	.L17:
 207 0044 00000000 		.word	rlist
 208 0048 00000000 		.word	vtlist
 209              	.LBE3:
 210              		.cfi_endproc
 211              	.LFE9:
 212              		.size	chSysTimerHandlerI, .-chSysTimerHandlerI
 213              		.global	_idle_thread_wa
 214 004c AFF30080 		.section	.bss.mainthread.4815,"aw",%nobits
 215              		.align	2
 216              		.set	.LANCHOR0,. + 0
 217              		.type	mainthread.4815, %object
 218              		.size	mainthread.4815, 72
 219              	mainthread.4815:
 220 0000 00000000 		.space	72
 220      00000000 
 220      00000000 
 220      00000000 
 220      00000000 
ARM GAS  /var/folders/dt/0wfd0knj7gs46m8vwfzktm600000gn/T//ccBVcHuR.s 			page 5


 221              		.section	.rodata.str1.4,"aMS",%progbits,1
 222              		.align	2
 223              	.LC0:
 224 0000 69646C65 		.ascii	"idle\000"
 224      00
 225 0005 000000   		.section	.bss._idle_thread_wa,"aw",%nobits
 226              		.align	3
 227              		.set	.LANCHOR1,. + 0
 228              		.type	_idle_thread_wa, %object
 229              		.size	_idle_thread_wa, 192
 230              	_idle_thread_wa:
 231 0000 00000000 		.space	192
 231      00000000 
 231      00000000 
 231      00000000 
 231      00000000 
 232              		.text
 233              	.Letext0:
 234              		.file 2 "/Users/toxygen/Applications/yagarto-4.7.2/bin/../lib/gcc/arm-none-eabi/4.7.2/include/stdd
 235              		.file 3 "/Users/toxygen/Applications/yagarto-4.7.2/bin/../lib/gcc/arm-none-eabi/4.7.2/../../../../
 236              		.file 4 "../../os/ports/GCC/ARMCMx/chtypes.h"
 237              		.file 5 "../../os/kernel/include/chlists.h"
 238              		.file 6 "../../os/kernel/include/chthreads.h"
 239              		.file 7 "../../os/ports/GCC/ARMCMx/chcore_v7m.h"
 240              		.file 8 "../../os/kernel/include/chvt.h"
 241              		.file 9 "../../os/kernel/include/chschd.h"
 242              		.file 10 "../../os/kernel/include/chmtx.h"
 243              		.file 11 "../../os/kernel/include/chregistry.h"
 244              		.file 12 "../../os/kernel/include/chmemcore.h"
 245              		.file 13 "../../os/kernel/include/chheap.h"
 246              		.section	.debug_info,"",%progbits
 247              	.Ldebug_info0:
 248 0000 66080000 		.4byte	0x866
 249 0004 0200     		.2byte	0x2
 250 0006 00000000 		.4byte	.Ldebug_abbrev0
 251 000a 04       		.byte	0x4
 252 000b 01       		.uleb128 0x1
 253 000c C1020000 		.4byte	.LASF108
 254 0010 01       		.byte	0x1
 255 0011 41040000 		.4byte	.LASF109
 256 0015 19010000 		.4byte	.LASF110
 257 0019 00000000 		.4byte	.Ldebug_ranges0+0
 258 001d 00000000 		.4byte	0
 259 0021 00000000 		.4byte	0
 260 0025 00000000 		.4byte	.Ldebug_line0
 261 0029 02       		.uleb128 0x2
 262 002a 04       		.byte	0x4
 263 002b 05       		.byte	0x5
 264 002c 696E7400 		.ascii	"int\000"
 265 0030 03       		.uleb128 0x3
 266 0031 1B000000 		.4byte	.LASF2
 267 0035 02       		.byte	0x2
 268 0036 D5       		.byte	0xd5
 269 0037 3B000000 		.4byte	0x3b
 270 003b 04       		.uleb128 0x4
 271 003c 04       		.byte	0x4
 272 003d 07       		.byte	0x7
ARM GAS  /var/folders/dt/0wfd0knj7gs46m8vwfzktm600000gn/T//ccBVcHuR.s 			page 6


 273 003e B8010000 		.4byte	.LASF0
 274 0042 04       		.uleb128 0x4
 275 0043 01       		.byte	0x1
 276 0044 06       		.byte	0x6
 277 0045 B7000000 		.4byte	.LASF1
 278 0049 03       		.uleb128 0x3
 279 004a 5D040000 		.4byte	.LASF3
 280 004e 03       		.byte	0x3
 281 004f 2A       		.byte	0x2a
 282 0050 54000000 		.4byte	0x54
 283 0054 04       		.uleb128 0x4
 284 0055 01       		.byte	0x1
 285 0056 08       		.byte	0x8
 286 0057 16030000 		.4byte	.LASF4
 287 005b 04       		.uleb128 0x4
 288 005c 02       		.byte	0x2
 289 005d 05       		.byte	0x5
 290 005e 39030000 		.4byte	.LASF5
 291 0062 03       		.uleb128 0x3
 292 0063 10010000 		.4byte	.LASF6
 293 0067 03       		.byte	0x3
 294 0068 36       		.byte	0x36
 295 0069 6D000000 		.4byte	0x6d
 296 006d 04       		.uleb128 0x4
 297 006e 02       		.byte	0x2
 298 006f 07       		.byte	0x7
 299 0070 FD010000 		.4byte	.LASF7
 300 0074 03       		.uleb128 0x3
 301 0075 0E030000 		.4byte	.LASF8
 302 0079 03       		.byte	0x3
 303 007a 4F       		.byte	0x4f
 304 007b 7F000000 		.4byte	0x7f
 305 007f 04       		.uleb128 0x4
 306 0080 04       		.byte	0x4
 307 0081 05       		.byte	0x5
 308 0082 FE000000 		.4byte	.LASF9
 309 0086 03       		.uleb128 0x3
 310 0087 A2030000 		.4byte	.LASF10
 311 008b 03       		.byte	0x3
 312 008c 50       		.byte	0x50
 313 008d 91000000 		.4byte	0x91
 314 0091 04       		.uleb128 0x4
 315 0092 04       		.byte	0x4
 316 0093 07       		.byte	0x7
 317 0094 DA010000 		.4byte	.LASF11
 318 0098 04       		.uleb128 0x4
 319 0099 08       		.byte	0x8
 320 009a 05       		.byte	0x5
 321 009b A9000000 		.4byte	.LASF12
 322 009f 03       		.uleb128 0x3
 323 00a0 29000000 		.4byte	.LASF13
 324 00a4 03       		.byte	0x3
 325 00a5 78       		.byte	0x78
 326 00a6 AA000000 		.4byte	0xaa
 327 00aa 04       		.uleb128 0x4
 328 00ab 08       		.byte	0x8
 329 00ac 07       		.byte	0x7
ARM GAS  /var/folders/dt/0wfd0knj7gs46m8vwfzktm600000gn/T//ccBVcHuR.s 			page 7


 330 00ad 4C000000 		.4byte	.LASF14
 331 00b1 03       		.uleb128 0x3
 332 00b2 16020000 		.4byte	.LASF15
 333 00b6 04       		.byte	0x4
 334 00b7 2F       		.byte	0x2f
 335 00b8 49000000 		.4byte	0x49
 336 00bc 03       		.uleb128 0x3
 337 00bd 07010000 		.4byte	.LASF16
 338 00c1 04       		.byte	0x4
 339 00c2 30       		.byte	0x30
 340 00c3 49000000 		.4byte	0x49
 341 00c7 03       		.uleb128 0x3
 342 00c8 EC020000 		.4byte	.LASF17
 343 00cc 04       		.byte	0x4
 344 00cd 31       		.byte	0x31
 345 00ce 49000000 		.4byte	0x49
 346 00d2 03       		.uleb128 0x3
 347 00d3 06030000 		.4byte	.LASF18
 348 00d7 04       		.byte	0x4
 349 00d8 32       		.byte	0x32
 350 00d9 86000000 		.4byte	0x86
 351 00dd 03       		.uleb128 0x3
 352 00de 10020000 		.4byte	.LASF19
 353 00e2 04       		.byte	0x4
 354 00e3 33       		.byte	0x33
 355 00e4 74000000 		.4byte	0x74
 356 00e8 03       		.uleb128 0x3
 357 00e9 2A020000 		.4byte	.LASF20
 358 00ed 04       		.byte	0x4
 359 00ee 35       		.byte	0x35
 360 00ef 86000000 		.4byte	0x86
 361 00f3 03       		.uleb128 0x3
 362 00f4 D8030000 		.4byte	.LASF21
 363 00f8 04       		.byte	0x4
 364 00f9 36       		.byte	0x36
 365 00fa 86000000 		.4byte	0x86
 366 00fe 03       		.uleb128 0x3
 367 00ff B2010000 		.4byte	.LASF22
 368 0103 04       		.byte	0x4
 369 0104 37       		.byte	0x37
 370 0105 74000000 		.4byte	0x74
 371 0109 03       		.uleb128 0x3
 372 010a 83030000 		.4byte	.LASF23
 373 010e 05       		.byte	0x5
 374 010f 2A       		.byte	0x2a
 375 0110 14010000 		.4byte	0x114
 376 0114 05       		.uleb128 0x5
 377 0115 83030000 		.4byte	.LASF23
 378 0119 48       		.byte	0x48
 379 011a 06       		.byte	0x6
 380 011b 5E       		.byte	0x5e
 381 011c 2B020000 		.4byte	0x22b
 382 0120 06       		.uleb128 0x6
 383 0121 65030000 		.4byte	.LASF24
 384 0125 06       		.byte	0x6
 385 0126 5F       		.byte	0x5f
 386 0127 50020000 		.4byte	0x250
ARM GAS  /var/folders/dt/0wfd0knj7gs46m8vwfzktm600000gn/T//ccBVcHuR.s 			page 8


 387 012b 02       		.byte	0x2
 388 012c 23       		.byte	0x23
 389 012d 00       		.uleb128 0
 390 012e 06       		.uleb128 0x6
 391 012f FF020000 		.4byte	.LASF25
 392 0133 06       		.byte	0x6
 393 0134 61       		.byte	0x61
 394 0135 50020000 		.4byte	0x250
 395 0139 02       		.byte	0x2
 396 013a 23       		.byte	0x23
 397 013b 04       		.uleb128 0x4
 398 013c 06       		.uleb128 0x6
 399 013d 85000000 		.4byte	.LASF26
 400 0141 06       		.byte	0x6
 401 0142 63       		.byte	0x63
 402 0143 D2000000 		.4byte	0xd2
 403 0147 02       		.byte	0x2
 404 0148 23       		.byte	0x23
 405 0149 08       		.uleb128 0x8
 406 014a 06       		.uleb128 0x6
 407 014b AD040000 		.4byte	.LASF27
 408 014f 06       		.byte	0x6
 409 0150 64       		.byte	0x64
 410 0151 28030000 		.4byte	0x328
 411 0155 02       		.byte	0x2
 412 0156 23       		.byte	0x23
 413 0157 0C       		.uleb128 0xc
 414 0158 06       		.uleb128 0x6
 415 0159 6C010000 		.4byte	.LASF28
 416 015d 06       		.byte	0x6
 417 015e 66       		.byte	0x66
 418 015f 50020000 		.4byte	0x250
 419 0163 02       		.byte	0x2
 420 0164 23       		.byte	0x23
 421 0165 10       		.uleb128 0x10
 422 0166 06       		.uleb128 0x6
 423 0167 9E020000 		.4byte	.LASF29
 424 016b 06       		.byte	0x6
 425 016c 67       		.byte	0x67
 426 016d 50020000 		.4byte	0x250
 427 0171 02       		.byte	0x2
 428 0172 23       		.byte	0x23
 429 0173 14       		.uleb128 0x14
 430 0174 06       		.uleb128 0x6
 431 0175 77040000 		.4byte	.LASF30
 432 0179 06       		.byte	0x6
 433 017a 6E       		.byte	0x6e
 434 017b 17050000 		.4byte	0x517
 435 017f 02       		.byte	0x2
 436 0180 23       		.byte	0x23
 437 0181 18       		.uleb128 0x18
 438 0182 06       		.uleb128 0x6
 439 0183 43030000 		.4byte	.LASF31
 440 0187 06       		.byte	0x6
 441 0188 79       		.byte	0x79
 442 0189 BC000000 		.4byte	0xbc
 443 018d 02       		.byte	0x2
ARM GAS  /var/folders/dt/0wfd0knj7gs46m8vwfzktm600000gn/T//ccBVcHuR.s 			page 9


 444 018e 23       		.byte	0x23
 445 018f 1C       		.uleb128 0x1c
 446 0190 06       		.uleb128 0x6
 447 0191 7B030000 		.4byte	.LASF32
 448 0195 06       		.byte	0x6
 449 0196 7D       		.byte	0x7d
 450 0197 B1000000 		.4byte	0xb1
 451 019b 02       		.byte	0x2
 452 019c 23       		.byte	0x23
 453 019d 1D       		.uleb128 0x1d
 454 019e 06       		.uleb128 0x6
 455 019f 2A040000 		.4byte	.LASF33
 456 01a3 06       		.byte	0x6
 457 01a4 82       		.byte	0x82
 458 01a5 C7000000 		.4byte	0xc7
 459 01a9 02       		.byte	0x2
 460 01aa 23       		.byte	0x23
 461 01ab 1E       		.uleb128 0x1e
 462 01ac 06       		.uleb128 0x6
 463 01ad FF030000 		.4byte	.LASF34
 464 01b1 06       		.byte	0x6
 465 01b2 89       		.byte	0x89
 466 01b3 14040000 		.4byte	0x414
 467 01b7 02       		.byte	0x2
 468 01b8 23       		.byte	0x23
 469 01b9 20       		.uleb128 0x20
 470 01ba 07       		.uleb128 0x7
 471 01bb 705F7500 		.ascii	"p_u\000"
 472 01bf 06       		.byte	0x6
 473 01c0 AE       		.byte	0xae
 474 01c1 E2040000 		.4byte	0x4e2
 475 01c5 02       		.byte	0x2
 476 01c6 23       		.byte	0x23
 477 01c7 24       		.uleb128 0x24
 478 01c8 06       		.uleb128 0x6
 479 01c9 B3040000 		.4byte	.LASF35
 480 01cd 06       		.byte	0x6
 481 01ce B3       		.byte	0xb3
 482 01cf 78020000 		.4byte	0x278
 483 01d3 02       		.byte	0x2
 484 01d4 23       		.byte	0x23
 485 01d5 28       		.uleb128 0x28
 486 01d6 06       		.uleb128 0x6
 487 01d7 0D040000 		.4byte	.LASF36
 488 01db 06       		.byte	0x6
 489 01dc B9       		.byte	0xb9
 490 01dd 56020000 		.4byte	0x256
 491 01e1 02       		.byte	0x2
 492 01e2 23       		.byte	0x23
 493 01e3 2C       		.uleb128 0x2c
 494 01e4 06       		.uleb128 0x6
 495 01e5 15000000 		.4byte	.LASF37
 496 01e9 06       		.byte	0x6
 497 01ea BD       		.byte	0xbd
 498 01eb DD000000 		.4byte	0xdd
 499 01ef 02       		.byte	0x2
 500 01f0 23       		.byte	0x23
ARM GAS  /var/folders/dt/0wfd0knj7gs46m8vwfzktm600000gn/T//ccBVcHuR.s 			page 10


 501 01f1 34       		.uleb128 0x34
 502 01f2 06       		.uleb128 0x6
 503 01f3 97030000 		.4byte	.LASF38
 504 01f7 06       		.byte	0x6
 505 01f8 C3       		.byte	0xc3
 506 01f9 E8000000 		.4byte	0xe8
 507 01fd 02       		.byte	0x2
 508 01fe 23       		.byte	0x23
 509 01ff 38       		.uleb128 0x38
 510 0200 06       		.uleb128 0x6
 511 0201 2F030000 		.4byte	.LASF39
 512 0205 06       		.byte	0x6
 513 0206 CA       		.byte	0xca
 514 0207 29050000 		.4byte	0x529
 515 020b 02       		.byte	0x2
 516 020c 23       		.byte	0x23
 517 020d 3C       		.uleb128 0x3c
 518 020e 06       		.uleb128 0x6
 519 020f E2030000 		.4byte	.LASF40
 520 0213 06       		.byte	0x6
 521 0214 CE       		.byte	0xce
 522 0215 D2000000 		.4byte	0xd2
 523 0219 02       		.byte	0x2
 524 021a 23       		.byte	0x23
 525 021b 40       		.uleb128 0x40
 526 021c 06       		.uleb128 0x6
 527 021d E0000000 		.4byte	.LASF41
 528 0221 06       		.byte	0x6
 529 0222 D4       		.byte	0xd4
 530 0223 8E020000 		.4byte	0x28e
 531 0227 02       		.byte	0x2
 532 0228 23       		.byte	0x23
 533 0229 44       		.uleb128 0x44
 534 022a 00       		.byte	0
 535 022b 08       		.uleb128 0x8
 536 022c 08       		.byte	0x8
 537 022d 05       		.byte	0x5
 538 022e 61       		.byte	0x61
 539 022f 50020000 		.4byte	0x250
 540 0233 06       		.uleb128 0x6
 541 0234 65030000 		.4byte	.LASF24
 542 0238 05       		.byte	0x5
 543 0239 62       		.byte	0x62
 544 023a 50020000 		.4byte	0x250
 545 023e 02       		.byte	0x2
 546 023f 23       		.byte	0x23
 547 0240 00       		.uleb128 0
 548 0241 06       		.uleb128 0x6
 549 0242 FF020000 		.4byte	.LASF25
 550 0246 05       		.byte	0x5
 551 0247 64       		.byte	0x64
 552 0248 50020000 		.4byte	0x250
 553 024c 02       		.byte	0x2
 554 024d 23       		.byte	0x23
 555 024e 04       		.uleb128 0x4
 556 024f 00       		.byte	0
 557 0250 09       		.uleb128 0x9
ARM GAS  /var/folders/dt/0wfd0knj7gs46m8vwfzktm600000gn/T//ccBVcHuR.s 			page 11


 558 0251 04       		.byte	0x4
 559 0252 09010000 		.4byte	0x109
 560 0256 03       		.uleb128 0x3
 561 0257 AC020000 		.4byte	.LASF42
 562 025b 05       		.byte	0x5
 563 025c 66       		.byte	0x66
 564 025d 2B020000 		.4byte	0x22b
 565 0261 08       		.uleb128 0x8
 566 0262 04       		.byte	0x4
 567 0263 05       		.byte	0x5
 568 0264 6B       		.byte	0x6b
 569 0265 78020000 		.4byte	0x278
 570 0269 06       		.uleb128 0x6
 571 026a 65030000 		.4byte	.LASF24
 572 026e 05       		.byte	0x5
 573 026f 6D       		.byte	0x6d
 574 0270 50020000 		.4byte	0x250
 575 0274 02       		.byte	0x2
 576 0275 23       		.byte	0x23
 577 0276 00       		.uleb128 0
 578 0277 00       		.byte	0
 579 0278 03       		.uleb128 0x3
 580 0279 1E020000 		.4byte	.LASF43
 581 027d 05       		.byte	0x5
 582 027e 70       		.byte	0x70
 583 027f 61020000 		.4byte	0x261
 584 0283 03       		.uleb128 0x3
 585 0284 8C010000 		.4byte	.LASF44
 586 0288 07       		.byte	0x7
 587 0289 D7       		.byte	0xd7
 588 028a 8E020000 		.4byte	0x28e
 589 028e 0A       		.uleb128 0xa
 590 028f 04       		.byte	0x4
 591 0290 03       		.uleb128 0x3
 592 0291 3C020000 		.4byte	.LASF45
 593 0295 07       		.byte	0x7
 594 0296 DD       		.byte	0xdd
 595 0297 9F000000 		.4byte	0x9f
 596 029b 05       		.uleb128 0x5
 597 029c 06040000 		.4byte	.LASF46
 598 02a0 24       		.byte	0x24
 599 02a1 07       		.byte	0x7
 600 02a2 FE       		.byte	0xfe
 601 02a3 28030000 		.4byte	0x328
 602 02a7 0B       		.uleb128 0xb
 603 02a8 723400   		.ascii	"r4\000"
 604 02ab 07       		.byte	0x7
 605 02ac 1101     		.2byte	0x111
 606 02ae 83020000 		.4byte	0x283
 607 02b2 02       		.byte	0x2
 608 02b3 23       		.byte	0x23
 609 02b4 00       		.uleb128 0
 610 02b5 0B       		.uleb128 0xb
 611 02b6 723500   		.ascii	"r5\000"
 612 02b9 07       		.byte	0x7
 613 02ba 1201     		.2byte	0x112
 614 02bc 83020000 		.4byte	0x283
ARM GAS  /var/folders/dt/0wfd0knj7gs46m8vwfzktm600000gn/T//ccBVcHuR.s 			page 12


 615 02c0 02       		.byte	0x2
 616 02c1 23       		.byte	0x23
 617 02c2 04       		.uleb128 0x4
 618 02c3 0B       		.uleb128 0xb
 619 02c4 723600   		.ascii	"r6\000"
 620 02c7 07       		.byte	0x7
 621 02c8 1301     		.2byte	0x113
 622 02ca 83020000 		.4byte	0x283
 623 02ce 02       		.byte	0x2
 624 02cf 23       		.byte	0x23
 625 02d0 08       		.uleb128 0x8
 626 02d1 0B       		.uleb128 0xb
 627 02d2 723700   		.ascii	"r7\000"
 628 02d5 07       		.byte	0x7
 629 02d6 1401     		.2byte	0x114
 630 02d8 83020000 		.4byte	0x283
 631 02dc 02       		.byte	0x2
 632 02dd 23       		.byte	0x23
 633 02de 0C       		.uleb128 0xc
 634 02df 0B       		.uleb128 0xb
 635 02e0 723800   		.ascii	"r8\000"
 636 02e3 07       		.byte	0x7
 637 02e4 1501     		.2byte	0x115
 638 02e6 83020000 		.4byte	0x283
 639 02ea 02       		.byte	0x2
 640 02eb 23       		.byte	0x23
 641 02ec 10       		.uleb128 0x10
 642 02ed 0B       		.uleb128 0xb
 643 02ee 723900   		.ascii	"r9\000"
 644 02f1 07       		.byte	0x7
 645 02f2 1601     		.2byte	0x116
 646 02f4 83020000 		.4byte	0x283
 647 02f8 02       		.byte	0x2
 648 02f9 23       		.byte	0x23
 649 02fa 14       		.uleb128 0x14
 650 02fb 0B       		.uleb128 0xb
 651 02fc 72313000 		.ascii	"r10\000"
 652 0300 07       		.byte	0x7
 653 0301 1701     		.2byte	0x117
 654 0303 83020000 		.4byte	0x283
 655 0307 02       		.byte	0x2
 656 0308 23       		.byte	0x23
 657 0309 18       		.uleb128 0x18
 658 030a 0B       		.uleb128 0xb
 659 030b 72313100 		.ascii	"r11\000"
 660 030f 07       		.byte	0x7
 661 0310 1801     		.2byte	0x118
 662 0312 83020000 		.4byte	0x283
 663 0316 02       		.byte	0x2
 664 0317 23       		.byte	0x23
 665 0318 1C       		.uleb128 0x1c
 666 0319 0B       		.uleb128 0xb
 667 031a 6C7200   		.ascii	"lr\000"
 668 031d 07       		.byte	0x7
 669 031e 1901     		.2byte	0x119
 670 0320 83020000 		.4byte	0x283
 671 0324 02       		.byte	0x2
ARM GAS  /var/folders/dt/0wfd0knj7gs46m8vwfzktm600000gn/T//ccBVcHuR.s 			page 13


 672 0325 23       		.byte	0x23
 673 0326 20       		.uleb128 0x20
 674 0327 00       		.byte	0
 675 0328 0C       		.uleb128 0xc
 676 0329 F5010000 		.4byte	.LASF47
 677 032d 04       		.byte	0x4
 678 032e 07       		.byte	0x7
 679 032f 2301     		.2byte	0x123
 680 0331 45030000 		.4byte	0x345
 681 0335 0B       		.uleb128 0xb
 682 0336 72313300 		.ascii	"r13\000"
 683 033a 07       		.byte	0x7
 684 033b 2401     		.2byte	0x124
 685 033d 45030000 		.4byte	0x345
 686 0341 02       		.byte	0x2
 687 0342 23       		.byte	0x23
 688 0343 00       		.uleb128 0
 689 0344 00       		.byte	0
 690 0345 09       		.uleb128 0x9
 691 0346 04       		.byte	0x4
 692 0347 9B020000 		.4byte	0x29b
 693 034b 04       		.uleb128 0x4
 694 034c 04       		.byte	0x4
 695 034d 07       		.byte	0x7
 696 034e 75020000 		.4byte	.LASF48
 697 0352 03       		.uleb128 0x3
 698 0353 ED030000 		.4byte	.LASF49
 699 0357 08       		.byte	0x8
 700 0358 53       		.byte	0x53
 701 0359 5D030000 		.4byte	0x35d
 702 035d 09       		.uleb128 0x9
 703 035e 04       		.byte	0x4
 704 035f 63030000 		.4byte	0x363
 705 0363 0D       		.uleb128 0xd
 706 0364 01       		.byte	0x1
 707 0365 6F030000 		.4byte	0x36f
 708 0369 0E       		.uleb128 0xe
 709 036a 8E020000 		.4byte	0x28e
 710 036e 00       		.byte	0
 711 036f 03       		.uleb128 0x3
 712 0370 BF030000 		.4byte	.LASF50
 713 0374 08       		.byte	0x8
 714 0375 58       		.byte	0x58
 715 0376 7A030000 		.4byte	0x37a
 716 037a 05       		.uleb128 0x5
 717 037b BF030000 		.4byte	.LASF50
 718 037f 14       		.byte	0x14
 719 0380 08       		.byte	0x8
 720 0381 5F       		.byte	0x5f
 721 0382 CD030000 		.4byte	0x3cd
 722 0386 06       		.uleb128 0x6
 723 0387 D2010000 		.4byte	.LASF51
 724 038b 08       		.byte	0x8
 725 038c 60       		.byte	0x60
 726 038d CD030000 		.4byte	0x3cd
 727 0391 02       		.byte	0x2
 728 0392 23       		.byte	0x23
ARM GAS  /var/folders/dt/0wfd0knj7gs46m8vwfzktm600000gn/T//ccBVcHuR.s 			page 14


 729 0393 00       		.uleb128 0
 730 0394 06       		.uleb128 0x6
 731 0395 95010000 		.4byte	.LASF52
 732 0399 08       		.byte	0x8
 733 039a 62       		.byte	0x62
 734 039b CD030000 		.4byte	0x3cd
 735 039f 02       		.byte	0x2
 736 03a0 23       		.byte	0x23
 737 03a1 04       		.uleb128 0x4
 738 03a2 06       		.uleb128 0x6
 739 03a3 6D020000 		.4byte	.LASF53
 740 03a7 08       		.byte	0x8
 741 03a8 64       		.byte	0x64
 742 03a9 F3000000 		.4byte	0xf3
 743 03ad 02       		.byte	0x2
 744 03ae 23       		.byte	0x23
 745 03af 08       		.uleb128 0x8
 746 03b0 06       		.uleb128 0x6
 747 03b1 7E020000 		.4byte	.LASF54
 748 03b5 08       		.byte	0x8
 749 03b6 65       		.byte	0x65
 750 03b7 52030000 		.4byte	0x352
 751 03bb 02       		.byte	0x2
 752 03bc 23       		.byte	0x23
 753 03bd 0C       		.uleb128 0xc
 754 03be 06       		.uleb128 0x6
 755 03bf 18040000 		.4byte	.LASF55
 756 03c3 08       		.byte	0x8
 757 03c4 67       		.byte	0x67
 758 03c5 8E020000 		.4byte	0x28e
 759 03c9 02       		.byte	0x2
 760 03ca 23       		.byte	0x23
 761 03cb 10       		.uleb128 0x10
 762 03cc 00       		.byte	0
 763 03cd 09       		.uleb128 0x9
 764 03ce 04       		.byte	0x4
 765 03cf 6F030000 		.4byte	0x36f
 766 03d3 08       		.uleb128 0x8
 767 03d4 10       		.byte	0x10
 768 03d5 08       		.byte	0x8
 769 03d6 71       		.byte	0x71
 770 03d7 14040000 		.4byte	0x414
 771 03db 06       		.uleb128 0x6
 772 03dc D2010000 		.4byte	.LASF51
 773 03e0 08       		.byte	0x8
 774 03e1 72       		.byte	0x72
 775 03e2 CD030000 		.4byte	0x3cd
 776 03e6 02       		.byte	0x2
 777 03e7 23       		.byte	0x23
 778 03e8 00       		.uleb128 0
 779 03e9 06       		.uleb128 0x6
 780 03ea 95010000 		.4byte	.LASF52
 781 03ee 08       		.byte	0x8
 782 03ef 74       		.byte	0x74
 783 03f0 CD030000 		.4byte	0x3cd
 784 03f4 02       		.byte	0x2
 785 03f5 23       		.byte	0x23
ARM GAS  /var/folders/dt/0wfd0knj7gs46m8vwfzktm600000gn/T//ccBVcHuR.s 			page 15


 786 03f6 04       		.uleb128 0x4
 787 03f7 06       		.uleb128 0x6
 788 03f8 6D020000 		.4byte	.LASF53
 789 03fc 08       		.byte	0x8
 790 03fd 76       		.byte	0x76
 791 03fe F3000000 		.4byte	0xf3
 792 0402 02       		.byte	0x2
 793 0403 23       		.byte	0x23
 794 0404 08       		.uleb128 0x8
 795 0405 06       		.uleb128 0x6
 796 0406 7E040000 		.4byte	.LASF56
 797 040a 08       		.byte	0x8
 798 040b 77       		.byte	0x77
 799 040c 14040000 		.4byte	0x414
 800 0410 02       		.byte	0x2
 801 0411 23       		.byte	0x23
 802 0412 0C       		.uleb128 0xc
 803 0413 00       		.byte	0
 804 0414 0F       		.uleb128 0xf
 805 0415 F3000000 		.4byte	0xf3
 806 0419 03       		.uleb128 0x3
 807 041a 94040000 		.4byte	.LASF57
 808 041e 08       		.byte	0x8
 809 041f 78       		.byte	0x78
 810 0420 D3030000 		.4byte	0x3d3
 811 0424 08       		.uleb128 0x8
 812 0425 20       		.byte	0x20
 813 0426 09       		.byte	0x9
 814 0427 5E       		.byte	0x5e
 815 0428 8F040000 		.4byte	0x48f
 816 042c 06       		.uleb128 0x6
 817 042d B7030000 		.4byte	.LASF58
 818 0431 09       		.byte	0x9
 819 0432 5F       		.byte	0x5f
 820 0433 56020000 		.4byte	0x256
 821 0437 02       		.byte	0x2
 822 0438 23       		.byte	0x23
 823 0439 00       		.uleb128 0
 824 043a 06       		.uleb128 0x6
 825 043b 57030000 		.4byte	.LASF59
 826 043f 09       		.byte	0x9
 827 0440 60       		.byte	0x60
 828 0441 D2000000 		.4byte	0xd2
 829 0445 02       		.byte	0x2
 830 0446 23       		.byte	0x23
 831 0447 08       		.uleb128 0x8
 832 0448 06       		.uleb128 0x6
 833 0449 A6020000 		.4byte	.LASF60
 834 044d 09       		.byte	0x9
 835 044e 62       		.byte	0x62
 836 044f 28030000 		.4byte	0x328
 837 0453 02       		.byte	0x2
 838 0454 23       		.byte	0x23
 839 0455 0C       		.uleb128 0xc
 840 0456 06       		.uleb128 0x6
 841 0457 84010000 		.4byte	.LASF61
 842 045b 09       		.byte	0x9
ARM GAS  /var/folders/dt/0wfd0knj7gs46m8vwfzktm600000gn/T//ccBVcHuR.s 			page 16


 843 045c 65       		.byte	0x65
 844 045d 50020000 		.4byte	0x250
 845 0461 02       		.byte	0x2
 846 0462 23       		.byte	0x23
 847 0463 10       		.uleb128 0x10
 848 0464 06       		.uleb128 0x6
 849 0465 D7020000 		.4byte	.LASF62
 850 0469 09       		.byte	0x9
 851 046a 66       		.byte	0x66
 852 046b 50020000 		.4byte	0x250
 853 046f 02       		.byte	0x2
 854 0470 23       		.byte	0x23
 855 0471 14       		.uleb128 0x14
 856 0472 06       		.uleb128 0x6
 857 0473 9B040000 		.4byte	.LASF63
 858 0477 09       		.byte	0x9
 859 0478 6A       		.byte	0x6a
 860 0479 FE000000 		.4byte	0xfe
 861 047d 02       		.byte	0x2
 862 047e 23       		.byte	0x23
 863 047f 18       		.uleb128 0x18
 864 0480 06       		.uleb128 0x6
 865 0481 CD020000 		.4byte	.LASF64
 866 0485 09       		.byte	0x9
 867 0486 6C       		.byte	0x6c
 868 0487 50020000 		.4byte	0x250
 869 048b 02       		.byte	0x2
 870 048c 23       		.byte	0x23
 871 048d 1C       		.uleb128 0x1c
 872 048e 00       		.byte	0
 873 048f 03       		.uleb128 0x3
 874 0490 31040000 		.4byte	.LASF65
 875 0494 09       		.byte	0x9
 876 0495 6E       		.byte	0x6e
 877 0496 24040000 		.4byte	0x424
 878 049a 05       		.uleb128 0x5
 879 049b 36020000 		.4byte	.LASF66
 880 049f 10       		.byte	0x10
 881 04a0 0A       		.byte	0xa
 882 04a1 2C       		.byte	0x2c
 883 04a2 D1040000 		.4byte	0x4d1
 884 04a6 06       		.uleb128 0x6
 885 04a7 E8000000 		.4byte	.LASF67
 886 04ab 0A       		.byte	0xa
 887 04ac 2D       		.byte	0x2d
 888 04ad 56020000 		.4byte	0x256
 889 04b1 02       		.byte	0x2
 890 04b2 23       		.byte	0x23
 891 04b3 00       		.uleb128 0
 892 04b4 06       		.uleb128 0x6
 893 04b5 A5040000 		.4byte	.LASF68
 894 04b9 0A       		.byte	0xa
 895 04ba 2F       		.byte	0x2f
 896 04bb 50020000 		.4byte	0x250
 897 04bf 02       		.byte	0x2
 898 04c0 23       		.byte	0x23
 899 04c1 08       		.uleb128 0x8
ARM GAS  /var/folders/dt/0wfd0knj7gs46m8vwfzktm600000gn/T//ccBVcHuR.s 			page 17


 900 04c2 06       		.uleb128 0x6
 901 04c3 D1030000 		.4byte	.LASF69
 902 04c7 0A       		.byte	0xa
 903 04c8 31       		.byte	0x31
 904 04c9 D1040000 		.4byte	0x4d1
 905 04cd 02       		.byte	0x2
 906 04ce 23       		.byte	0x23
 907 04cf 0C       		.uleb128 0xc
 908 04d0 00       		.byte	0
 909 04d1 09       		.uleb128 0x9
 910 04d2 04       		.byte	0x4
 911 04d3 9A040000 		.4byte	0x49a
 912 04d7 03       		.uleb128 0x3
 913 04d8 36020000 		.4byte	.LASF66
 914 04dc 0A       		.byte	0xa
 915 04dd 33       		.byte	0x33
 916 04de 9A040000 		.4byte	0x49a
 917 04e2 10       		.uleb128 0x10
 918 04e3 04       		.byte	0x4
 919 04e4 06       		.byte	0x6
 920 04e5 90       		.byte	0x90
 921 04e6 17050000 		.4byte	0x517
 922 04ea 11       		.uleb128 0x11
 923 04eb 22000000 		.4byte	.LASF70
 924 04ef 06       		.byte	0x6
 925 04f0 97       		.byte	0x97
 926 04f1 DD000000 		.4byte	0xdd
 927 04f5 11       		.uleb128 0x11
 928 04f6 71000000 		.4byte	.LASF71
 929 04fa 06       		.byte	0x6
 930 04fb 9E       		.byte	0x9e
 931 04fc DD000000 		.4byte	0xdd
 932 0500 11       		.uleb128 0x11
 933 0501 70040000 		.4byte	.LASF72
 934 0505 06       		.byte	0x6
 935 0506 A5       		.byte	0xa5
 936 0507 8E020000 		.4byte	0x28e
 937 050b 11       		.uleb128 0x11
 938 050c 5E030000 		.4byte	.LASF73
 939 0510 06       		.byte	0x6
 940 0511 AC       		.byte	0xac
 941 0512 E8000000 		.4byte	0xe8
 942 0516 00       		.byte	0
 943 0517 09       		.uleb128 0x9
 944 0518 04       		.byte	0x4
 945 0519 1D050000 		.4byte	0x51d
 946 051d 12       		.uleb128 0x12
 947 051e 22050000 		.4byte	0x522
 948 0522 04       		.uleb128 0x4
 949 0523 01       		.byte	0x1
 950 0524 08       		.byte	0x8
 951 0525 CC030000 		.4byte	.LASF74
 952 0529 09       		.uleb128 0x9
 953 052a 04       		.byte	0x4
 954 052b D7040000 		.4byte	0x4d7
 955 052f 03       		.uleb128 0x3
 956 0530 00000000 		.4byte	.LASF75
ARM GAS  /var/folders/dt/0wfd0knj7gs46m8vwfzktm600000gn/T//ccBVcHuR.s 			page 18


 957 0534 06       		.byte	0x6
 958 0535 DF       		.byte	0xdf
 959 0536 3A050000 		.4byte	0x53a
 960 053a 09       		.uleb128 0x9
 961 053b 04       		.byte	0x4
 962 053c 40050000 		.4byte	0x540
 963 0540 13       		.uleb128 0x13
 964 0541 01       		.byte	0x1
 965 0542 DD000000 		.4byte	0xdd
 966 0546 50050000 		.4byte	0x550
 967 054a 0E       		.uleb128 0xe
 968 054b 8E020000 		.4byte	0x28e
 969 054f 00       		.byte	0
 970 0550 08       		.uleb128 0x8
 971 0551 16       		.byte	0x16
 972 0552 0B       		.byte	0xb
 973 0553 2C       		.byte	0x2c
 974 0554 55060000 		.4byte	0x655
 975 0558 06       		.uleb128 0x6
 976 0559 F0000000 		.4byte	.LASF76
 977 055d 0B       		.byte	0xb
 978 055e 2D       		.byte	0x2d
 979 055f 55060000 		.4byte	0x655
 980 0563 02       		.byte	0x2
 981 0564 23       		.byte	0x23
 982 0565 00       		.uleb128 0
 983 0566 06       		.uleb128 0x6
 984 0567 59020000 		.4byte	.LASF77
 985 056b 0B       		.byte	0xb
 986 056c 2E       		.byte	0x2e
 987 056d 49000000 		.4byte	0x49
 988 0571 02       		.byte	0x2
 989 0572 23       		.byte	0x23
 990 0573 04       		.uleb128 0x4
 991 0574 06       		.uleb128 0x6
 992 0575 B9020000 		.4byte	.LASF78
 993 0579 0B       		.byte	0xb
 994 057a 2F       		.byte	0x2f
 995 057b 49000000 		.4byte	0x49
 996 057f 02       		.byte	0x2
 997 0580 23       		.byte	0x23
 998 0581 05       		.uleb128 0x5
 999 0582 06       		.uleb128 0x6
 1000 0583 89040000 		.4byte	.LASF79
 1001 0587 0B       		.byte	0xb
 1002 0588 30       		.byte	0x30
 1003 0589 62000000 		.4byte	0x62
 1004 058d 02       		.byte	0x2
 1005 058e 23       		.byte	0x23
 1006 058f 06       		.uleb128 0x6
 1007 0590 06       		.uleb128 0x6
 1008 0591 F4020000 		.4byte	.LASF80
 1009 0595 0B       		.byte	0xb
 1010 0596 31       		.byte	0x31
 1011 0597 49000000 		.4byte	0x49
 1012 059b 02       		.byte	0x2
 1013 059c 23       		.byte	0x23
ARM GAS  /var/folders/dt/0wfd0knj7gs46m8vwfzktm600000gn/T//ccBVcHuR.s 			page 19


 1014 059d 08       		.uleb128 0x8
 1015 059e 06       		.uleb128 0x6
 1016 059f 86020000 		.4byte	.LASF81
 1017 05a3 0B       		.byte	0xb
 1018 05a4 32       		.byte	0x32
 1019 05a5 49000000 		.4byte	0x49
 1020 05a9 02       		.byte	0x2
 1021 05aa 23       		.byte	0x23
 1022 05ab 09       		.uleb128 0x9
 1023 05ac 06       		.uleb128 0x6
 1024 05ad 63000000 		.4byte	.LASF82
 1025 05b1 0B       		.byte	0xb
 1026 05b2 33       		.byte	0x33
 1027 05b3 49000000 		.4byte	0x49
 1028 05b7 02       		.byte	0x2
 1029 05b8 23       		.byte	0x23
 1030 05b9 0A       		.uleb128 0xa
 1031 05ba 06       		.uleb128 0x6
 1032 05bb AB030000 		.4byte	.LASF83
 1033 05bf 0B       		.byte	0xb
 1034 05c0 34       		.byte	0x34
 1035 05c1 49000000 		.4byte	0x49
 1036 05c5 02       		.byte	0x2
 1037 05c6 23       		.byte	0x23
 1038 05c7 0B       		.uleb128 0xb
 1039 05c8 06       		.uleb128 0x6
 1040 05c9 1F040000 		.4byte	.LASF84
 1041 05cd 0B       		.byte	0xb
 1042 05ce 35       		.byte	0x35
 1043 05cf 49000000 		.4byte	0x49
 1044 05d3 02       		.byte	0x2
 1045 05d4 23       		.byte	0x23
 1046 05d5 0C       		.uleb128 0xc
 1047 05d6 06       		.uleb128 0x6
 1048 05d7 8A030000 		.4byte	.LASF85
 1049 05db 0B       		.byte	0xb
 1050 05dc 36       		.byte	0x36
 1051 05dd 49000000 		.4byte	0x49
 1052 05e1 02       		.byte	0x2
 1053 05e2 23       		.byte	0x23
 1054 05e3 0D       		.uleb128 0xd
 1055 05e4 06       		.uleb128 0x6
 1056 05e5 08000000 		.4byte	.LASF86
 1057 05e9 0B       		.byte	0xb
 1058 05ea 37       		.byte	0x37
 1059 05eb 49000000 		.4byte	0x49
 1060 05ef 02       		.byte	0x2
 1061 05f0 23       		.byte	0x23
 1062 05f1 0E       		.uleb128 0xe
 1063 05f2 06       		.uleb128 0x6
 1064 05f3 92020000 		.4byte	.LASF87
 1065 05f7 0B       		.byte	0xb
 1066 05f8 38       		.byte	0x38
 1067 05f9 49000000 		.4byte	0x49
 1068 05fd 02       		.byte	0x2
 1069 05fe 23       		.byte	0x23
 1070 05ff 0F       		.uleb128 0xf
ARM GAS  /var/folders/dt/0wfd0knj7gs46m8vwfzktm600000gn/T//ccBVcHuR.s 			page 20


 1071 0600 06       		.uleb128 0x6
 1072 0601 C3000000 		.4byte	.LASF88
 1073 0605 0B       		.byte	0xb
 1074 0606 39       		.byte	0x39
 1075 0607 49000000 		.4byte	0x49
 1076 060b 02       		.byte	0x2
 1077 060c 23       		.byte	0x23
 1078 060d 10       		.uleb128 0x10
 1079 060e 06       		.uleb128 0x6
 1080 060f 8C000000 		.4byte	.LASF89
 1081 0613 0B       		.byte	0xb
 1082 0614 3B       		.byte	0x3b
 1083 0615 49000000 		.4byte	0x49
 1084 0619 02       		.byte	0x2
 1085 061a 23       		.byte	0x23
 1086 061b 11       		.uleb128 0x11
 1087 061c 06       		.uleb128 0x6
 1088 061d D3000000 		.4byte	.LASF90
 1089 0621 0B       		.byte	0xb
 1090 0622 3C       		.byte	0x3c
 1091 0623 49000000 		.4byte	0x49
 1092 0627 02       		.byte	0x2
 1093 0628 23       		.byte	0x23
 1094 0629 12       		.uleb128 0x12
 1095 062a 06       		.uleb128 0x6
 1096 062b 61020000 		.4byte	.LASF91
 1097 062f 0B       		.byte	0xb
 1098 0630 3D       		.byte	0x3d
 1099 0631 49000000 		.4byte	0x49
 1100 0635 02       		.byte	0x2
 1101 0636 23       		.byte	0x23
 1102 0637 13       		.uleb128 0x13
 1103 0638 06       		.uleb128 0x6
 1104 0639 6C030000 		.4byte	.LASF92
 1105 063d 0B       		.byte	0xb
 1106 063e 3E       		.byte	0x3e
 1107 063f 49000000 		.4byte	0x49
 1108 0643 02       		.byte	0x2
 1109 0644 23       		.byte	0x23
 1110 0645 14       		.uleb128 0x14
 1111 0646 06       		.uleb128 0x6
 1112 0647 4B030000 		.4byte	.LASF93
 1113 064b 0B       		.byte	0xb
 1114 064c 40       		.byte	0x40
 1115 064d 49000000 		.4byte	0x49
 1116 0651 02       		.byte	0x2
 1117 0652 23       		.byte	0x23
 1118 0653 15       		.uleb128 0x15
 1119 0654 00       		.byte	0
 1120 0655 14       		.uleb128 0x14
 1121 0656 22050000 		.4byte	0x522
 1122 065a 65060000 		.4byte	0x665
 1123 065e 15       		.uleb128 0x15
 1124 065f 4B030000 		.4byte	0x34b
 1125 0663 03       		.byte	0x3
 1126 0664 00       		.byte	0
 1127 0665 03       		.uleb128 0x3
ARM GAS  /var/folders/dt/0wfd0knj7gs46m8vwfzktm600000gn/T//ccBVcHuR.s 			page 21


 1128 0666 62010000 		.4byte	.LASF94
 1129 066a 0B       		.byte	0xb
 1130 066b 41       		.byte	0x41
 1131 066c 50050000 		.4byte	0x550
 1132 0670 16       		.uleb128 0x16
 1133 0671 01       		.byte	0x1
 1134 0672 DF020000 		.4byte	.LASF95
 1135 0676 01       		.byte	0x1
 1136 0677 3D       		.byte	0x3d
 1137 0678 01       		.byte	0x1
 1138 0679 00000000 		.4byte	.LFB7
 1139 067d 14000000 		.4byte	.LFE7
 1140 0681 02       		.byte	0x2
 1141 0682 7D       		.byte	0x7d
 1142 0683 00       		.sleb128 0
 1143 0684 01       		.byte	0x1
 1144 0685 95060000 		.4byte	0x695
 1145 0689 17       		.uleb128 0x17
 1146 068a 7000     		.ascii	"p\000"
 1147 068c 01       		.byte	0x1
 1148 068d 3D       		.byte	0x3d
 1149 068e 8E020000 		.4byte	0x28e
 1150 0692 01       		.byte	0x1
 1151 0693 50       		.byte	0x50
 1152 0694 00       		.byte	0
 1153 0695 18       		.uleb128 0x18
 1154 0696 01       		.byte	0x1
 1155 0697 9D010000 		.4byte	.LASF96
 1156 069b 01       		.byte	0x1
 1157 069c 54       		.byte	0x54
 1158 069d 01       		.byte	0x1
 1159 069e 00000000 		.4byte	.LFB8
 1160 06a2 64000000 		.4byte	.LFE8
 1161 06a6 00000000 		.4byte	.LLST0
 1162 06aa 01       		.byte	0x1
 1163 06ab 55070000 		.4byte	0x755
 1164 06af 19       		.uleb128 0x19
 1165 06b0 7A000000 		.4byte	.LASF97
 1166 06b4 01       		.byte	0x1
 1167 06b5 55       		.byte	0x55
 1168 06b6 09010000 		.4byte	0x109
 1169 06ba 05       		.byte	0x5
 1170 06bb 03       		.byte	0x3
 1171 06bc 00000000 		.4byte	mainthread.4815
 1172 06c0 1A       		.uleb128 0x1a
 1173 06c1 34000000 		.4byte	.LBB2
 1174 06c5 3C000000 		.4byte	.LBE2
 1175 06c9 DD060000 		.4byte	0x6dd
 1176 06cd 1B       		.uleb128 0x1b
 1177 06ce 746D7000 		.ascii	"tmp\000"
 1178 06d2 01       		.byte	0x1
 1179 06d3 6F       		.byte	0x6f
 1180 06d4 86000000 		.4byte	0x86
 1181 06d8 2C000000 		.4byte	.LLST1
 1182 06dc 00       		.byte	0
 1183 06dd 1C       		.uleb128 0x1c
 1184 06de 08000000 		.4byte	.LVL1
ARM GAS  /var/folders/dt/0wfd0knj7gs46m8vwfzktm600000gn/T//ccBVcHuR.s 			page 22


 1185 06e2 EF070000 		.4byte	0x7ef
 1186 06e6 1C       		.uleb128 0x1c
 1187 06e7 0C000000 		.4byte	.LVL2
 1188 06eb FA070000 		.4byte	0x7fa
 1189 06ef 1C       		.uleb128 0x1c
 1190 06f0 10000000 		.4byte	.LVL3
 1191 06f4 04080000 		.4byte	0x804
 1192 06f8 1C       		.uleb128 0x1c
 1193 06f9 14000000 		.4byte	.LVL4
 1194 06fd 0E080000 		.4byte	0x80e
 1195 0701 1C       		.uleb128 0x1c
 1196 0702 18000000 		.4byte	.LVL5
 1197 0706 18080000 		.4byte	0x818
 1198 070a 1D       		.uleb128 0x1d
 1199 070b 26000000 		.4byte	.LVL6
 1200 070f 22080000 		.4byte	0x822
 1201 0713 27070000 		.4byte	0x727
 1202 0717 1E       		.uleb128 0x1e
 1203 0718 01       		.byte	0x1
 1204 0719 51       		.byte	0x51
 1205 071a 02       		.byte	0x2
 1206 071b 08       		.byte	0x8
 1207 071c 40       		.byte	0x40
 1208 071d 1E       		.uleb128 0x1e
 1209 071e 01       		.byte	0x1
 1210 071f 50       		.byte	0x50
 1211 0720 05       		.byte	0x5
 1212 0721 03       		.byte	0x3
 1213 0722 00000000 		.4byte	.LANCHOR0
 1214 0726 00       		.byte	0
 1215 0727 1F       		.uleb128 0x1f
 1216 0728 60000000 		.4byte	.LVL10
 1217 072c 40080000 		.4byte	0x840
 1218 0730 1E       		.uleb128 0x1e
 1219 0731 01       		.byte	0x1
 1220 0732 53       		.byte	0x53
 1221 0733 05       		.byte	0x5
 1222 0734 03       		.byte	0x3
 1223 0735 00000000 		.4byte	_idle_thread
 1224 0739 1E       		.uleb128 0x1e
 1225 073a 01       		.byte	0x1
 1226 073b 52       		.byte	0x52
 1227 073c 01       		.byte	0x1
 1228 073d 31       		.byte	0x31
 1229 073e 1E       		.uleb128 0x1e
 1230 073f 01       		.byte	0x1
 1231 0740 51       		.byte	0x51
 1232 0741 02       		.byte	0x2
 1233 0742 08       		.byte	0x8
 1234 0743 C0       		.byte	0xc0
 1235 0744 1E       		.uleb128 0x1e
 1236 0745 01       		.byte	0x1
 1237 0746 50       		.byte	0x50
 1238 0747 05       		.byte	0x5
 1239 0748 03       		.byte	0x3
 1240 0749 00000000 		.4byte	.LANCHOR1
 1241 074d 1E       		.uleb128 0x1e
ARM GAS  /var/folders/dt/0wfd0knj7gs46m8vwfzktm600000gn/T//ccBVcHuR.s 			page 23


 1242 074e 02       		.byte	0x2
 1243 074f 7D       		.byte	0x7d
 1244 0750 00       		.sleb128 0
 1245 0751 01       		.byte	0x1
 1246 0752 30       		.byte	0x30
 1247 0753 00       		.byte	0
 1248 0754 00       		.byte	0
 1249 0755 20       		.uleb128 0x20
 1250 0756 01       		.byte	0x1
 1251 0757 39000000 		.4byte	.LASF98
 1252 075b 01       		.byte	0x1
 1253 075c 89       		.byte	0x89
 1254 075d 01       		.byte	0x1
 1255 075e 00000000 		.4byte	.LFB9
 1256 0762 4C000000 		.4byte	.LFE9
 1257 0766 3F000000 		.4byte	.LLST2
 1258 076a 01       		.byte	0x1
 1259 076b A1070000 		.4byte	0x7a1
 1260 076f 21       		.uleb128 0x21
 1261 0770 24000000 		.4byte	.LBB3
 1262 0774 4C000000 		.4byte	.LBE3
 1263 0778 1B       		.uleb128 0x1b
 1264 0779 76747000 		.ascii	"vtp\000"
 1265 077d 01       		.byte	0x1
 1266 077e 96       		.byte	0x96
 1267 077f CD030000 		.4byte	0x3cd
 1268 0783 5F000000 		.4byte	.LLST3
 1269 0787 21       		.uleb128 0x21
 1270 0788 2C000000 		.4byte	.LBB4
 1271 078c 3A000000 		.4byte	.LBE4
 1272 0790 1B       		.uleb128 0x1b
 1273 0791 666E00   		.ascii	"fn\000"
 1274 0794 01       		.byte	0x1
 1275 0795 96       		.byte	0x96
 1276 0796 52030000 		.4byte	0x352
 1277 079a 7D000000 		.4byte	.LLST4
 1278 079e 00       		.byte	0
 1279 079f 00       		.byte	0
 1280 07a0 00       		.byte	0
 1281 07a1 22       		.uleb128 0x22
 1282 07a2 32000000 		.4byte	.LASF99
 1283 07a6 08       		.byte	0x8
 1284 07a7 7A       		.byte	0x7a
 1285 07a8 19040000 		.4byte	0x419
 1286 07ac 01       		.byte	0x1
 1287 07ad 01       		.byte	0x1
 1288 07ae 22       		.uleb128 0x22
 1289 07af 3B040000 		.4byte	.LASF100
 1290 07b3 09       		.byte	0x9
 1291 07b4 72       		.byte	0x72
 1292 07b5 8F040000 		.4byte	0x48f
 1293 07b9 01       		.byte	0x1
 1294 07ba 01       		.byte	0x1
 1295 07bb 22       		.uleb128 0x22
 1296 07bc EC010000 		.4byte	.LASF101
 1297 07c0 0B       		.byte	0xb
 1298 07c1 7E       		.byte	0x7e
ARM GAS  /var/folders/dt/0wfd0knj7gs46m8vwfzktm600000gn/T//ccBVcHuR.s 			page 24


 1299 07c2 C8070000 		.4byte	0x7c8
 1300 07c6 01       		.byte	0x1
 1301 07c7 01       		.byte	0x1
 1302 07c8 12       		.uleb128 0x12
 1303 07c9 65060000 		.4byte	0x665
 1304 07cd 14       		.uleb128 0x14
 1305 07ce 90020000 		.4byte	0x290
 1306 07d2 DD070000 		.4byte	0x7dd
 1307 07d6 15       		.uleb128 0x15
 1308 07d7 4B030000 		.4byte	0x34b
 1309 07db 17       		.byte	0x17
 1310 07dc 00       		.byte	0
 1311 07dd 23       		.uleb128 0x23
 1312 07de 74010000 		.4byte	.LASF102
 1313 07e2 01       		.byte	0x1
 1314 07e3 31       		.byte	0x31
 1315 07e4 CD070000 		.4byte	0x7cd
 1316 07e8 01       		.byte	0x1
 1317 07e9 05       		.byte	0x5
 1318 07ea 03       		.byte	0x3
 1319 07eb 00000000 		.4byte	_idle_thread_wa
 1320 07ef 24       		.uleb128 0x24
 1321 07f0 01       		.byte	0x1
 1322 07f1 65040000 		.4byte	.LASF103
 1323 07f5 07       		.byte	0x7
 1324 07f6 F401     		.2byte	0x1f4
 1325 07f8 01       		.byte	0x1
 1326 07f9 01       		.byte	0x1
 1327 07fa 25       		.uleb128 0x25
 1328 07fb 01       		.byte	0x1
 1329 07fc 99000000 		.4byte	.LASF104
 1330 0800 09       		.byte	0x9
 1331 0801 91       		.byte	0x91
 1332 0802 01       		.byte	0x1
 1333 0803 01       		.byte	0x1
 1334 0804 25       		.uleb128 0x25
 1335 0805 01       		.byte	0x1
 1336 0806 F6030000 		.4byte	.LASF105
 1337 080a 08       		.byte	0x8
 1338 080b B0       		.byte	0xb0
 1339 080c 01       		.byte	0x1
 1340 080d 01       		.byte	0x1
 1341 080e 25       		.uleb128 0x25
 1342 080f 01       		.byte	0x1
 1343 0810 24030000 		.4byte	.LASF106
 1344 0814 0C       		.byte	0xc
 1345 0815 51       		.byte	0x51
 1346 0816 01       		.byte	0x1
 1347 0817 01       		.byte	0x1
 1348 0818 25       		.uleb128 0x25
 1349 0819 01       		.byte	0x1
 1350 081a A7010000 		.4byte	.LASF107
 1351 081e 0D       		.byte	0xd
 1352 081f 55       		.byte	0x55
 1353 0820 01       		.byte	0x1
 1354 0821 01       		.byte	0x1
 1355 0822 26       		.uleb128 0x26
ARM GAS  /var/folders/dt/0wfd0knj7gs46m8vwfzktm600000gn/T//ccBVcHuR.s 			page 25


 1356 0823 01       		.byte	0x1
 1357 0824 C5010000 		.4byte	.LASF111
 1358 0828 06       		.byte	0x6
 1359 0829 5E01     		.2byte	0x15e
 1360 082b 01       		.byte	0x1
 1361 082c 50020000 		.4byte	0x250
 1362 0830 01       		.byte	0x1
 1363 0831 40080000 		.4byte	0x840
 1364 0835 0E       		.uleb128 0xe
 1365 0836 50020000 		.4byte	0x250
 1366 083a 0E       		.uleb128 0xe
 1367 083b D2000000 		.4byte	0xd2
 1368 083f 00       		.byte	0
 1369 0840 27       		.uleb128 0x27
 1370 0841 01       		.byte	0x1
 1371 0842 47020000 		.4byte	.LASF112
 1372 0846 06       		.byte	0x6
 1373 0847 6401     		.2byte	0x164
 1374 0849 01       		.byte	0x1
 1375 084a 50020000 		.4byte	0x250
 1376 084e 01       		.byte	0x1
 1377 084f 0E       		.uleb128 0xe
 1378 0850 8E020000 		.4byte	0x28e
 1379 0854 0E       		.uleb128 0xe
 1380 0855 30000000 		.4byte	0x30
 1381 0859 0E       		.uleb128 0xe
 1382 085a D2000000 		.4byte	0xd2
 1383 085e 0E       		.uleb128 0xe
 1384 085f 2F050000 		.4byte	0x52f
 1385 0863 0E       		.uleb128 0xe
 1386 0864 8E020000 		.4byte	0x28e
 1387 0868 00       		.byte	0
 1388 0869 00       		.byte	0
 1389              		.section	.debug_abbrev,"",%progbits
 1390              	.Ldebug_abbrev0:
 1391 0000 01       		.uleb128 0x1
 1392 0001 11       		.uleb128 0x11
 1393 0002 01       		.byte	0x1
 1394 0003 25       		.uleb128 0x25
 1395 0004 0E       		.uleb128 0xe
 1396 0005 13       		.uleb128 0x13
 1397 0006 0B       		.uleb128 0xb
 1398 0007 03       		.uleb128 0x3
 1399 0008 0E       		.uleb128 0xe
 1400 0009 1B       		.uleb128 0x1b
 1401 000a 0E       		.uleb128 0xe
 1402 000b 55       		.uleb128 0x55
 1403 000c 06       		.uleb128 0x6
 1404 000d 11       		.uleb128 0x11
 1405 000e 01       		.uleb128 0x1
 1406 000f 52       		.uleb128 0x52
 1407 0010 01       		.uleb128 0x1
 1408 0011 10       		.uleb128 0x10
 1409 0012 06       		.uleb128 0x6
 1410 0013 00       		.byte	0
 1411 0014 00       		.byte	0
 1412 0015 02       		.uleb128 0x2
ARM GAS  /var/folders/dt/0wfd0knj7gs46m8vwfzktm600000gn/T//ccBVcHuR.s 			page 26


 1413 0016 24       		.uleb128 0x24
 1414 0017 00       		.byte	0
 1415 0018 0B       		.uleb128 0xb
 1416 0019 0B       		.uleb128 0xb
 1417 001a 3E       		.uleb128 0x3e
 1418 001b 0B       		.uleb128 0xb
 1419 001c 03       		.uleb128 0x3
 1420 001d 08       		.uleb128 0x8
 1421 001e 00       		.byte	0
 1422 001f 00       		.byte	0
 1423 0020 03       		.uleb128 0x3
 1424 0021 16       		.uleb128 0x16
 1425 0022 00       		.byte	0
 1426 0023 03       		.uleb128 0x3
 1427 0024 0E       		.uleb128 0xe
 1428 0025 3A       		.uleb128 0x3a
 1429 0026 0B       		.uleb128 0xb
 1430 0027 3B       		.uleb128 0x3b
 1431 0028 0B       		.uleb128 0xb
 1432 0029 49       		.uleb128 0x49
 1433 002a 13       		.uleb128 0x13
 1434 002b 00       		.byte	0
 1435 002c 00       		.byte	0
 1436 002d 04       		.uleb128 0x4
 1437 002e 24       		.uleb128 0x24
 1438 002f 00       		.byte	0
 1439 0030 0B       		.uleb128 0xb
 1440 0031 0B       		.uleb128 0xb
 1441 0032 3E       		.uleb128 0x3e
 1442 0033 0B       		.uleb128 0xb
 1443 0034 03       		.uleb128 0x3
 1444 0035 0E       		.uleb128 0xe
 1445 0036 00       		.byte	0
 1446 0037 00       		.byte	0
 1447 0038 05       		.uleb128 0x5
 1448 0039 13       		.uleb128 0x13
 1449 003a 01       		.byte	0x1
 1450 003b 03       		.uleb128 0x3
 1451 003c 0E       		.uleb128 0xe
 1452 003d 0B       		.uleb128 0xb
 1453 003e 0B       		.uleb128 0xb
 1454 003f 3A       		.uleb128 0x3a
 1455 0040 0B       		.uleb128 0xb
 1456 0041 3B       		.uleb128 0x3b
 1457 0042 0B       		.uleb128 0xb
 1458 0043 01       		.uleb128 0x1
 1459 0044 13       		.uleb128 0x13
 1460 0045 00       		.byte	0
 1461 0046 00       		.byte	0
 1462 0047 06       		.uleb128 0x6
 1463 0048 0D       		.uleb128 0xd
 1464 0049 00       		.byte	0
 1465 004a 03       		.uleb128 0x3
 1466 004b 0E       		.uleb128 0xe
 1467 004c 3A       		.uleb128 0x3a
 1468 004d 0B       		.uleb128 0xb
 1469 004e 3B       		.uleb128 0x3b
ARM GAS  /var/folders/dt/0wfd0knj7gs46m8vwfzktm600000gn/T//ccBVcHuR.s 			page 27


 1470 004f 0B       		.uleb128 0xb
 1471 0050 49       		.uleb128 0x49
 1472 0051 13       		.uleb128 0x13
 1473 0052 38       		.uleb128 0x38
 1474 0053 0A       		.uleb128 0xa
 1475 0054 00       		.byte	0
 1476 0055 00       		.byte	0
 1477 0056 07       		.uleb128 0x7
 1478 0057 0D       		.uleb128 0xd
 1479 0058 00       		.byte	0
 1480 0059 03       		.uleb128 0x3
 1481 005a 08       		.uleb128 0x8
 1482 005b 3A       		.uleb128 0x3a
 1483 005c 0B       		.uleb128 0xb
 1484 005d 3B       		.uleb128 0x3b
 1485 005e 0B       		.uleb128 0xb
 1486 005f 49       		.uleb128 0x49
 1487 0060 13       		.uleb128 0x13
 1488 0061 38       		.uleb128 0x38
 1489 0062 0A       		.uleb128 0xa
 1490 0063 00       		.byte	0
 1491 0064 00       		.byte	0
 1492 0065 08       		.uleb128 0x8
 1493 0066 13       		.uleb128 0x13
 1494 0067 01       		.byte	0x1
 1495 0068 0B       		.uleb128 0xb
 1496 0069 0B       		.uleb128 0xb
 1497 006a 3A       		.uleb128 0x3a
 1498 006b 0B       		.uleb128 0xb
 1499 006c 3B       		.uleb128 0x3b
 1500 006d 0B       		.uleb128 0xb
 1501 006e 01       		.uleb128 0x1
 1502 006f 13       		.uleb128 0x13
 1503 0070 00       		.byte	0
 1504 0071 00       		.byte	0
 1505 0072 09       		.uleb128 0x9
 1506 0073 0F       		.uleb128 0xf
 1507 0074 00       		.byte	0
 1508 0075 0B       		.uleb128 0xb
 1509 0076 0B       		.uleb128 0xb
 1510 0077 49       		.uleb128 0x49
 1511 0078 13       		.uleb128 0x13
 1512 0079 00       		.byte	0
 1513 007a 00       		.byte	0
 1514 007b 0A       		.uleb128 0xa
 1515 007c 0F       		.uleb128 0xf
 1516 007d 00       		.byte	0
 1517 007e 0B       		.uleb128 0xb
 1518 007f 0B       		.uleb128 0xb
 1519 0080 00       		.byte	0
 1520 0081 00       		.byte	0
 1521 0082 0B       		.uleb128 0xb
 1522 0083 0D       		.uleb128 0xd
 1523 0084 00       		.byte	0
 1524 0085 03       		.uleb128 0x3
 1525 0086 08       		.uleb128 0x8
 1526 0087 3A       		.uleb128 0x3a
ARM GAS  /var/folders/dt/0wfd0knj7gs46m8vwfzktm600000gn/T//ccBVcHuR.s 			page 28


 1527 0088 0B       		.uleb128 0xb
 1528 0089 3B       		.uleb128 0x3b
 1529 008a 05       		.uleb128 0x5
 1530 008b 49       		.uleb128 0x49
 1531 008c 13       		.uleb128 0x13
 1532 008d 38       		.uleb128 0x38
 1533 008e 0A       		.uleb128 0xa
 1534 008f 00       		.byte	0
 1535 0090 00       		.byte	0
 1536 0091 0C       		.uleb128 0xc
 1537 0092 13       		.uleb128 0x13
 1538 0093 01       		.byte	0x1
 1539 0094 03       		.uleb128 0x3
 1540 0095 0E       		.uleb128 0xe
 1541 0096 0B       		.uleb128 0xb
 1542 0097 0B       		.uleb128 0xb
 1543 0098 3A       		.uleb128 0x3a
 1544 0099 0B       		.uleb128 0xb
 1545 009a 3B       		.uleb128 0x3b
 1546 009b 05       		.uleb128 0x5
 1547 009c 01       		.uleb128 0x1
 1548 009d 13       		.uleb128 0x13
 1549 009e 00       		.byte	0
 1550 009f 00       		.byte	0
 1551 00a0 0D       		.uleb128 0xd
 1552 00a1 15       		.uleb128 0x15
 1553 00a2 01       		.byte	0x1
 1554 00a3 27       		.uleb128 0x27
 1555 00a4 0C       		.uleb128 0xc
 1556 00a5 01       		.uleb128 0x1
 1557 00a6 13       		.uleb128 0x13
 1558 00a7 00       		.byte	0
 1559 00a8 00       		.byte	0
 1560 00a9 0E       		.uleb128 0xe
 1561 00aa 05       		.uleb128 0x5
 1562 00ab 00       		.byte	0
 1563 00ac 49       		.uleb128 0x49
 1564 00ad 13       		.uleb128 0x13
 1565 00ae 00       		.byte	0
 1566 00af 00       		.byte	0
 1567 00b0 0F       		.uleb128 0xf
 1568 00b1 35       		.uleb128 0x35
 1569 00b2 00       		.byte	0
 1570 00b3 49       		.uleb128 0x49
 1571 00b4 13       		.uleb128 0x13
 1572 00b5 00       		.byte	0
 1573 00b6 00       		.byte	0
 1574 00b7 10       		.uleb128 0x10
 1575 00b8 17       		.uleb128 0x17
 1576 00b9 01       		.byte	0x1
 1577 00ba 0B       		.uleb128 0xb
 1578 00bb 0B       		.uleb128 0xb
 1579 00bc 3A       		.uleb128 0x3a
 1580 00bd 0B       		.uleb128 0xb
 1581 00be 3B       		.uleb128 0x3b
 1582 00bf 0B       		.uleb128 0xb
 1583 00c0 01       		.uleb128 0x1
ARM GAS  /var/folders/dt/0wfd0knj7gs46m8vwfzktm600000gn/T//ccBVcHuR.s 			page 29


 1584 00c1 13       		.uleb128 0x13
 1585 00c2 00       		.byte	0
 1586 00c3 00       		.byte	0
 1587 00c4 11       		.uleb128 0x11
 1588 00c5 0D       		.uleb128 0xd
 1589 00c6 00       		.byte	0
 1590 00c7 03       		.uleb128 0x3
 1591 00c8 0E       		.uleb128 0xe
 1592 00c9 3A       		.uleb128 0x3a
 1593 00ca 0B       		.uleb128 0xb
 1594 00cb 3B       		.uleb128 0x3b
 1595 00cc 0B       		.uleb128 0xb
 1596 00cd 49       		.uleb128 0x49
 1597 00ce 13       		.uleb128 0x13
 1598 00cf 00       		.byte	0
 1599 00d0 00       		.byte	0
 1600 00d1 12       		.uleb128 0x12
 1601 00d2 26       		.uleb128 0x26
 1602 00d3 00       		.byte	0
 1603 00d4 49       		.uleb128 0x49
 1604 00d5 13       		.uleb128 0x13
 1605 00d6 00       		.byte	0
 1606 00d7 00       		.byte	0
 1607 00d8 13       		.uleb128 0x13
 1608 00d9 15       		.uleb128 0x15
 1609 00da 01       		.byte	0x1
 1610 00db 27       		.uleb128 0x27
 1611 00dc 0C       		.uleb128 0xc
 1612 00dd 49       		.uleb128 0x49
 1613 00de 13       		.uleb128 0x13
 1614 00df 01       		.uleb128 0x1
 1615 00e0 13       		.uleb128 0x13
 1616 00e1 00       		.byte	0
 1617 00e2 00       		.byte	0
 1618 00e3 14       		.uleb128 0x14
 1619 00e4 01       		.uleb128 0x1
 1620 00e5 01       		.byte	0x1
 1621 00e6 49       		.uleb128 0x49
 1622 00e7 13       		.uleb128 0x13
 1623 00e8 01       		.uleb128 0x1
 1624 00e9 13       		.uleb128 0x13
 1625 00ea 00       		.byte	0
 1626 00eb 00       		.byte	0
 1627 00ec 15       		.uleb128 0x15
 1628 00ed 21       		.uleb128 0x21
 1629 00ee 00       		.byte	0
 1630 00ef 49       		.uleb128 0x49
 1631 00f0 13       		.uleb128 0x13
 1632 00f1 2F       		.uleb128 0x2f
 1633 00f2 0B       		.uleb128 0xb
 1634 00f3 00       		.byte	0
 1635 00f4 00       		.byte	0
 1636 00f5 16       		.uleb128 0x16
 1637 00f6 2E       		.uleb128 0x2e
 1638 00f7 01       		.byte	0x1
 1639 00f8 3F       		.uleb128 0x3f
 1640 00f9 0C       		.uleb128 0xc
ARM GAS  /var/folders/dt/0wfd0knj7gs46m8vwfzktm600000gn/T//ccBVcHuR.s 			page 30


 1641 00fa 03       		.uleb128 0x3
 1642 00fb 0E       		.uleb128 0xe
 1643 00fc 3A       		.uleb128 0x3a
 1644 00fd 0B       		.uleb128 0xb
 1645 00fe 3B       		.uleb128 0x3b
 1646 00ff 0B       		.uleb128 0xb
 1647 0100 27       		.uleb128 0x27
 1648 0101 0C       		.uleb128 0xc
 1649 0102 11       		.uleb128 0x11
 1650 0103 01       		.uleb128 0x1
 1651 0104 12       		.uleb128 0x12
 1652 0105 01       		.uleb128 0x1
 1653 0106 40       		.uleb128 0x40
 1654 0107 0A       		.uleb128 0xa
 1655 0108 9742     		.uleb128 0x2117
 1656 010a 0C       		.uleb128 0xc
 1657 010b 01       		.uleb128 0x1
 1658 010c 13       		.uleb128 0x13
 1659 010d 00       		.byte	0
 1660 010e 00       		.byte	0
 1661 010f 17       		.uleb128 0x17
 1662 0110 05       		.uleb128 0x5
 1663 0111 00       		.byte	0
 1664 0112 03       		.uleb128 0x3
 1665 0113 08       		.uleb128 0x8
 1666 0114 3A       		.uleb128 0x3a
 1667 0115 0B       		.uleb128 0xb
 1668 0116 3B       		.uleb128 0x3b
 1669 0117 0B       		.uleb128 0xb
 1670 0118 49       		.uleb128 0x49
 1671 0119 13       		.uleb128 0x13
 1672 011a 02       		.uleb128 0x2
 1673 011b 0A       		.uleb128 0xa
 1674 011c 00       		.byte	0
 1675 011d 00       		.byte	0
 1676 011e 18       		.uleb128 0x18
 1677 011f 2E       		.uleb128 0x2e
 1678 0120 01       		.byte	0x1
 1679 0121 3F       		.uleb128 0x3f
 1680 0122 0C       		.uleb128 0xc
 1681 0123 03       		.uleb128 0x3
 1682 0124 0E       		.uleb128 0xe
 1683 0125 3A       		.uleb128 0x3a
 1684 0126 0B       		.uleb128 0xb
 1685 0127 3B       		.uleb128 0x3b
 1686 0128 0B       		.uleb128 0xb
 1687 0129 27       		.uleb128 0x27
 1688 012a 0C       		.uleb128 0xc
 1689 012b 11       		.uleb128 0x11
 1690 012c 01       		.uleb128 0x1
 1691 012d 12       		.uleb128 0x12
 1692 012e 01       		.uleb128 0x1
 1693 012f 40       		.uleb128 0x40
 1694 0130 06       		.uleb128 0x6
 1695 0131 9742     		.uleb128 0x2117
 1696 0133 0C       		.uleb128 0xc
 1697 0134 01       		.uleb128 0x1
ARM GAS  /var/folders/dt/0wfd0knj7gs46m8vwfzktm600000gn/T//ccBVcHuR.s 			page 31


 1698 0135 13       		.uleb128 0x13
 1699 0136 00       		.byte	0
 1700 0137 00       		.byte	0
 1701 0138 19       		.uleb128 0x19
 1702 0139 34       		.uleb128 0x34
 1703 013a 00       		.byte	0
 1704 013b 03       		.uleb128 0x3
 1705 013c 0E       		.uleb128 0xe
 1706 013d 3A       		.uleb128 0x3a
 1707 013e 0B       		.uleb128 0xb
 1708 013f 3B       		.uleb128 0x3b
 1709 0140 0B       		.uleb128 0xb
 1710 0141 49       		.uleb128 0x49
 1711 0142 13       		.uleb128 0x13
 1712 0143 02       		.uleb128 0x2
 1713 0144 0A       		.uleb128 0xa
 1714 0145 00       		.byte	0
 1715 0146 00       		.byte	0
 1716 0147 1A       		.uleb128 0x1a
 1717 0148 0B       		.uleb128 0xb
 1718 0149 01       		.byte	0x1
 1719 014a 11       		.uleb128 0x11
 1720 014b 01       		.uleb128 0x1
 1721 014c 12       		.uleb128 0x12
 1722 014d 01       		.uleb128 0x1
 1723 014e 01       		.uleb128 0x1
 1724 014f 13       		.uleb128 0x13
 1725 0150 00       		.byte	0
 1726 0151 00       		.byte	0
 1727 0152 1B       		.uleb128 0x1b
 1728 0153 34       		.uleb128 0x34
 1729 0154 00       		.byte	0
 1730 0155 03       		.uleb128 0x3
 1731 0156 08       		.uleb128 0x8
 1732 0157 3A       		.uleb128 0x3a
 1733 0158 0B       		.uleb128 0xb
 1734 0159 3B       		.uleb128 0x3b
 1735 015a 0B       		.uleb128 0xb
 1736 015b 49       		.uleb128 0x49
 1737 015c 13       		.uleb128 0x13
 1738 015d 02       		.uleb128 0x2
 1739 015e 06       		.uleb128 0x6
 1740 015f 00       		.byte	0
 1741 0160 00       		.byte	0
 1742 0161 1C       		.uleb128 0x1c
 1743 0162 898201   		.uleb128 0x4109
 1744 0165 00       		.byte	0
 1745 0166 11       		.uleb128 0x11
 1746 0167 01       		.uleb128 0x1
 1747 0168 31       		.uleb128 0x31
 1748 0169 13       		.uleb128 0x13
 1749 016a 00       		.byte	0
 1750 016b 00       		.byte	0
 1751 016c 1D       		.uleb128 0x1d
 1752 016d 898201   		.uleb128 0x4109
 1753 0170 01       		.byte	0x1
 1754 0171 11       		.uleb128 0x11
ARM GAS  /var/folders/dt/0wfd0knj7gs46m8vwfzktm600000gn/T//ccBVcHuR.s 			page 32


 1755 0172 01       		.uleb128 0x1
 1756 0173 31       		.uleb128 0x31
 1757 0174 13       		.uleb128 0x13
 1758 0175 01       		.uleb128 0x1
 1759 0176 13       		.uleb128 0x13
 1760 0177 00       		.byte	0
 1761 0178 00       		.byte	0
 1762 0179 1E       		.uleb128 0x1e
 1763 017a 8A8201   		.uleb128 0x410a
 1764 017d 00       		.byte	0
 1765 017e 02       		.uleb128 0x2
 1766 017f 0A       		.uleb128 0xa
 1767 0180 9142     		.uleb128 0x2111
 1768 0182 0A       		.uleb128 0xa
 1769 0183 00       		.byte	0
 1770 0184 00       		.byte	0
 1771 0185 1F       		.uleb128 0x1f
 1772 0186 898201   		.uleb128 0x4109
 1773 0189 01       		.byte	0x1
 1774 018a 11       		.uleb128 0x11
 1775 018b 01       		.uleb128 0x1
 1776 018c 31       		.uleb128 0x31
 1777 018d 13       		.uleb128 0x13
 1778 018e 00       		.byte	0
 1779 018f 00       		.byte	0
 1780 0190 20       		.uleb128 0x20
 1781 0191 2E       		.uleb128 0x2e
 1782 0192 01       		.byte	0x1
 1783 0193 3F       		.uleb128 0x3f
 1784 0194 0C       		.uleb128 0xc
 1785 0195 03       		.uleb128 0x3
 1786 0196 0E       		.uleb128 0xe
 1787 0197 3A       		.uleb128 0x3a
 1788 0198 0B       		.uleb128 0xb
 1789 0199 3B       		.uleb128 0x3b
 1790 019a 0B       		.uleb128 0xb
 1791 019b 27       		.uleb128 0x27
 1792 019c 0C       		.uleb128 0xc
 1793 019d 11       		.uleb128 0x11
 1794 019e 01       		.uleb128 0x1
 1795 019f 12       		.uleb128 0x12
 1796 01a0 01       		.uleb128 0x1
 1797 01a1 40       		.uleb128 0x40
 1798 01a2 06       		.uleb128 0x6
 1799 01a3 9642     		.uleb128 0x2116
 1800 01a5 0C       		.uleb128 0xc
 1801 01a6 01       		.uleb128 0x1
 1802 01a7 13       		.uleb128 0x13
 1803 01a8 00       		.byte	0
 1804 01a9 00       		.byte	0
 1805 01aa 21       		.uleb128 0x21
 1806 01ab 0B       		.uleb128 0xb
 1807 01ac 01       		.byte	0x1
 1808 01ad 11       		.uleb128 0x11
 1809 01ae 01       		.uleb128 0x1
 1810 01af 12       		.uleb128 0x12
 1811 01b0 01       		.uleb128 0x1
ARM GAS  /var/folders/dt/0wfd0knj7gs46m8vwfzktm600000gn/T//ccBVcHuR.s 			page 33


 1812 01b1 00       		.byte	0
 1813 01b2 00       		.byte	0
 1814 01b3 22       		.uleb128 0x22
 1815 01b4 34       		.uleb128 0x34
 1816 01b5 00       		.byte	0
 1817 01b6 03       		.uleb128 0x3
 1818 01b7 0E       		.uleb128 0xe
 1819 01b8 3A       		.uleb128 0x3a
 1820 01b9 0B       		.uleb128 0xb
 1821 01ba 3B       		.uleb128 0x3b
 1822 01bb 0B       		.uleb128 0xb
 1823 01bc 49       		.uleb128 0x49
 1824 01bd 13       		.uleb128 0x13
 1825 01be 3F       		.uleb128 0x3f
 1826 01bf 0C       		.uleb128 0xc
 1827 01c0 3C       		.uleb128 0x3c
 1828 01c1 0C       		.uleb128 0xc
 1829 01c2 00       		.byte	0
 1830 01c3 00       		.byte	0
 1831 01c4 23       		.uleb128 0x23
 1832 01c5 34       		.uleb128 0x34
 1833 01c6 00       		.byte	0
 1834 01c7 03       		.uleb128 0x3
 1835 01c8 0E       		.uleb128 0xe
 1836 01c9 3A       		.uleb128 0x3a
 1837 01ca 0B       		.uleb128 0xb
 1838 01cb 3B       		.uleb128 0x3b
 1839 01cc 0B       		.uleb128 0xb
 1840 01cd 49       		.uleb128 0x49
 1841 01ce 13       		.uleb128 0x13
 1842 01cf 3F       		.uleb128 0x3f
 1843 01d0 0C       		.uleb128 0xc
 1844 01d1 02       		.uleb128 0x2
 1845 01d2 0A       		.uleb128 0xa
 1846 01d3 00       		.byte	0
 1847 01d4 00       		.byte	0
 1848 01d5 24       		.uleb128 0x24
 1849 01d6 2E       		.uleb128 0x2e
 1850 01d7 00       		.byte	0
 1851 01d8 3F       		.uleb128 0x3f
 1852 01d9 0C       		.uleb128 0xc
 1853 01da 03       		.uleb128 0x3
 1854 01db 0E       		.uleb128 0xe
 1855 01dc 3A       		.uleb128 0x3a
 1856 01dd 0B       		.uleb128 0xb
 1857 01de 3B       		.uleb128 0x3b
 1858 01df 05       		.uleb128 0x5
 1859 01e0 27       		.uleb128 0x27
 1860 01e1 0C       		.uleb128 0xc
 1861 01e2 3C       		.uleb128 0x3c
 1862 01e3 0C       		.uleb128 0xc
 1863 01e4 00       		.byte	0
 1864 01e5 00       		.byte	0
 1865 01e6 25       		.uleb128 0x25
 1866 01e7 2E       		.uleb128 0x2e
 1867 01e8 00       		.byte	0
 1868 01e9 3F       		.uleb128 0x3f
ARM GAS  /var/folders/dt/0wfd0knj7gs46m8vwfzktm600000gn/T//ccBVcHuR.s 			page 34


 1869 01ea 0C       		.uleb128 0xc
 1870 01eb 03       		.uleb128 0x3
 1871 01ec 0E       		.uleb128 0xe
 1872 01ed 3A       		.uleb128 0x3a
 1873 01ee 0B       		.uleb128 0xb
 1874 01ef 3B       		.uleb128 0x3b
 1875 01f0 0B       		.uleb128 0xb
 1876 01f1 27       		.uleb128 0x27
 1877 01f2 0C       		.uleb128 0xc
 1878 01f3 3C       		.uleb128 0x3c
 1879 01f4 0C       		.uleb128 0xc
 1880 01f5 00       		.byte	0
 1881 01f6 00       		.byte	0
 1882 01f7 26       		.uleb128 0x26
 1883 01f8 2E       		.uleb128 0x2e
 1884 01f9 01       		.byte	0x1
 1885 01fa 3F       		.uleb128 0x3f
 1886 01fb 0C       		.uleb128 0xc
 1887 01fc 03       		.uleb128 0x3
 1888 01fd 0E       		.uleb128 0xe
 1889 01fe 3A       		.uleb128 0x3a
 1890 01ff 0B       		.uleb128 0xb
 1891 0200 3B       		.uleb128 0x3b
 1892 0201 05       		.uleb128 0x5
 1893 0202 27       		.uleb128 0x27
 1894 0203 0C       		.uleb128 0xc
 1895 0204 49       		.uleb128 0x49
 1896 0205 13       		.uleb128 0x13
 1897 0206 3C       		.uleb128 0x3c
 1898 0207 0C       		.uleb128 0xc
 1899 0208 01       		.uleb128 0x1
 1900 0209 13       		.uleb128 0x13
 1901 020a 00       		.byte	0
 1902 020b 00       		.byte	0
 1903 020c 27       		.uleb128 0x27
 1904 020d 2E       		.uleb128 0x2e
 1905 020e 01       		.byte	0x1
 1906 020f 3F       		.uleb128 0x3f
 1907 0210 0C       		.uleb128 0xc
 1908 0211 03       		.uleb128 0x3
 1909 0212 0E       		.uleb128 0xe
 1910 0213 3A       		.uleb128 0x3a
 1911 0214 0B       		.uleb128 0xb
 1912 0215 3B       		.uleb128 0x3b
 1913 0216 05       		.uleb128 0x5
 1914 0217 27       		.uleb128 0x27
 1915 0218 0C       		.uleb128 0xc
 1916 0219 49       		.uleb128 0x49
 1917 021a 13       		.uleb128 0x13
 1918 021b 3C       		.uleb128 0x3c
 1919 021c 0C       		.uleb128 0xc
 1920 021d 00       		.byte	0
 1921 021e 00       		.byte	0
 1922 021f 00       		.byte	0
 1923              		.section	.debug_loc,"",%progbits
 1924              	.Ldebug_loc0:
 1925              	.LLST0:
ARM GAS  /var/folders/dt/0wfd0knj7gs46m8vwfzktm600000gn/T//ccBVcHuR.s 			page 35


 1926 0000 00000000 		.4byte	.LFB8
 1927 0004 02000000 		.4byte	.LCFI0
 1928 0008 0200     		.2byte	0x2
 1929 000a 7D       		.byte	0x7d
 1930 000b 00       		.sleb128 0
 1931 000c 02000000 		.4byte	.LCFI0
 1932 0010 04000000 		.4byte	.LCFI1
 1933 0014 0200     		.2byte	0x2
 1934 0016 7D       		.byte	0x7d
 1935 0017 04       		.sleb128 4
 1936 0018 04000000 		.4byte	.LCFI1
 1937 001c 64000000 		.4byte	.LFE8
 1938 0020 0200     		.2byte	0x2
 1939 0022 7D       		.byte	0x7d
 1940 0023 10       		.sleb128 16
 1941 0024 00000000 		.4byte	0
 1942 0028 00000000 		.4byte	0
 1943              	.LLST1:
 1944 002c 3C000000 		.4byte	.LVL8
 1945 0030 52000000 		.4byte	.LVL9
 1946 0034 0100     		.2byte	0x1
 1947 0036 53       		.byte	0x53
 1948 0037 00000000 		.4byte	0
 1949 003b 00000000 		.4byte	0
 1950              	.LLST2:
 1951 003f 00000000 		.4byte	.LFB9
 1952 0043 02000000 		.4byte	.LCFI2
 1953 0047 0200     		.2byte	0x2
 1954 0049 7D       		.byte	0x7d
 1955 004a 00       		.sleb128 0
 1956 004b 02000000 		.4byte	.LCFI2
 1957 004f 4C000000 		.4byte	.LFE9
 1958 0053 0200     		.2byte	0x2
 1959 0055 7D       		.byte	0x7d
 1960 0056 10       		.sleb128 16
 1961 0057 00000000 		.4byte	0
 1962 005b 00000000 		.4byte	0
 1963              	.LLST3:
 1964 005f 2A000000 		.4byte	.LVL11
 1965 0063 39000000 		.4byte	.LVL13-1
 1966 0067 0100     		.2byte	0x1
 1967 0069 53       		.byte	0x53
 1968 006a 3C000000 		.4byte	.LVL14
 1969 006e 42000000 		.4byte	.LVL15
 1970 0072 0100     		.2byte	0x1
 1971 0074 53       		.byte	0x53
 1972 0075 00000000 		.4byte	0
 1973 0079 00000000 		.4byte	0
 1974              	.LLST4:
 1975 007d 30000000 		.4byte	.LVL12
 1976 0081 39000000 		.4byte	.LVL13-1
 1977 0085 0100     		.2byte	0x1
 1978 0087 51       		.byte	0x51
 1979 0088 00000000 		.4byte	0
 1980 008c 00000000 		.4byte	0
 1981              		.section	.debug_aranges,"",%progbits
 1982 0000 2C000000 		.4byte	0x2c
ARM GAS  /var/folders/dt/0wfd0knj7gs46m8vwfzktm600000gn/T//ccBVcHuR.s 			page 36


 1983 0004 0200     		.2byte	0x2
 1984 0006 00000000 		.4byte	.Ldebug_info0
 1985 000a 04       		.byte	0x4
 1986 000b 00       		.byte	0
 1987 000c 0000     		.2byte	0
 1988 000e 0000     		.2byte	0
 1989 0010 00000000 		.4byte	.LFB7
 1990 0014 14000000 		.4byte	.LFE7-.LFB7
 1991 0018 00000000 		.4byte	.LFB8
 1992 001c 64000000 		.4byte	.LFE8-.LFB8
 1993 0020 00000000 		.4byte	.LFB9
 1994 0024 4C000000 		.4byte	.LFE9-.LFB9
 1995 0028 00000000 		.4byte	0
 1996 002c 00000000 		.4byte	0
 1997              		.section	.debug_ranges,"",%progbits
 1998              	.Ldebug_ranges0:
 1999 0000 00000000 		.4byte	.LFB7
 2000 0004 14000000 		.4byte	.LFE7
 2001 0008 00000000 		.4byte	.LFB8
 2002 000c 64000000 		.4byte	.LFE8
 2003 0010 00000000 		.4byte	.LFB9
 2004 0014 4C000000 		.4byte	.LFE9
 2005 0018 00000000 		.4byte	0
 2006 001c 00000000 		.4byte	0
 2007              		.section	.debug_line,"",%progbits
 2008              	.Ldebug_line0:
 2009 0000 1F020000 		.section	.debug_str,"MS",%progbits,1
 2009      0200C901 
 2009      00000201 
 2009      FB0E0D00 
 2009      01010101 
 2010              	.LASF75:
 2011 0000 7466756E 		.ascii	"tfunc_t\000"
 2011      635F7400 
 2012              	.LASF86:
 2013 0008 63665F6F 		.ascii	"cf_off_older\000"
 2013      66665F6F 
 2013      6C646572 
 2013      00
 2014              	.LASF37:
 2015 0015 705F6D73 		.ascii	"p_msg\000"
 2015      6700
 2016              	.LASF2:
 2017 001b 73697A65 		.ascii	"size_t\000"
 2017      5F7400
 2018              	.LASF70:
 2019 0022 7264796D 		.ascii	"rdymsg\000"
 2019      736700
 2020              	.LASF13:
 2021 0029 75696E74 		.ascii	"uint64_t\000"
 2021      36345F74 
 2021      00
 2022              	.LASF99:
 2023 0032 76746C69 		.ascii	"vtlist\000"
 2023      737400
 2024              	.LASF98:
 2025 0039 63685379 		.ascii	"chSysTimerHandlerI\000"
ARM GAS  /var/folders/dt/0wfd0knj7gs46m8vwfzktm600000gn/T//ccBVcHuR.s 			page 37


 2025      7354696D 
 2025      65724861 
 2025      6E646C65 
 2025      724900
 2026              	.LASF14:
 2027 004c 6C6F6E67 		.ascii	"long long unsigned int\000"
 2027      206C6F6E 
 2027      6720756E 
 2027      7369676E 
 2027      65642069 
 2028              	.LASF82:
 2029 0063 63685F74 		.ascii	"ch_threadsize\000"
 2029      68726561 
 2029      6473697A 
 2029      6500
 2030              	.LASF71:
 2031 0071 65786974 		.ascii	"exitcode\000"
 2031      636F6465 
 2031      00
 2032              	.LASF97:
 2033 007a 6D61696E 		.ascii	"mainthread\000"
 2033      74687265 
 2033      616400
 2034              	.LASF26:
 2035 0085 705F7072 		.ascii	"p_prio\000"
 2035      696F00
 2036              	.LASF89:
 2037 008c 63665F6F 		.ascii	"cf_off_state\000"
 2037      66665F73 
 2037      74617465 
 2037      00
 2038              	.LASF104:
 2039 0099 5F736368 		.ascii	"_scheduler_init\000"
 2039      6564756C 
 2039      65725F69 
 2039      6E697400 
 2040              	.LASF12:
 2041 00a9 6C6F6E67 		.ascii	"long long int\000"
 2041      206C6F6E 
 2041      6720696E 
 2041      7400
 2042              	.LASF1:
 2043 00b7 7369676E 		.ascii	"signed char\000"
 2043      65642063 
 2043      68617200 
 2044              	.LASF88:
 2045 00c3 63665F6F 		.ascii	"cf_off_stklimit\000"
 2045      66665F73 
 2045      746B6C69 
 2045      6D697400 
 2046              	.LASF90:
 2047 00d3 63665F6F 		.ascii	"cf_off_flags\000"
 2047      66665F66 
 2047      6C616773 
 2047      00
 2048              	.LASF41:
 2049 00e0 705F6D70 		.ascii	"p_mpool\000"
ARM GAS  /var/folders/dt/0wfd0knj7gs46m8vwfzktm600000gn/T//ccBVcHuR.s 			page 38


 2049      6F6F6C00 
 2050              	.LASF67:
 2051 00e8 6D5F7175 		.ascii	"m_queue\000"
 2051      65756500 
 2052              	.LASF76:
 2053 00f0 63685F69 		.ascii	"ch_identifier\000"
 2053      64656E74 
 2053      69666965 
 2053      7200
 2054              	.LASF9:
 2055 00fe 6C6F6E67 		.ascii	"long int\000"
 2055      20696E74 
 2055      00
 2056              	.LASF16:
 2057 0107 74737461 		.ascii	"tstate_t\000"
 2057      74655F74 
 2057      00
 2058              	.LASF6:
 2059 0110 75696E74 		.ascii	"uint16_t\000"
 2059      31365F74 
 2059      00
 2060              	.LASF110:
 2061 0119 2F557365 		.ascii	"/Users/toxygen/Projects/UAV/Control_sytem/sw/autopi"
 2061      72732F74 
 2061      6F787967 
 2061      656E2F50 
 2061      726F6A65 
 2062 014c 6C6F742F 		.ascii	"lot/2.4.3/demos/test2\000"
 2062      322E342E 
 2062      332F6465 
 2062      6D6F732F 
 2062      74657374 
 2063              	.LASF94:
 2064 0162 63686465 		.ascii	"chdebug_t\000"
 2064      6275675F 
 2064      7400
 2065              	.LASF28:
 2066 016c 705F6E65 		.ascii	"p_newer\000"
 2066      77657200 
 2067              	.LASF102:
 2068 0174 5F69646C 		.ascii	"_idle_thread_wa\000"
 2068      655F7468 
 2068      72656164 
 2068      5F776100 
 2069              	.LASF61:
 2070 0184 725F6E65 		.ascii	"r_newer\000"
 2070      77657200 
 2071              	.LASF44:
 2072 018c 72656761 		.ascii	"regarm_t\000"
 2072      726D5F74 
 2072      00
 2073              	.LASF52:
 2074 0195 76745F70 		.ascii	"vt_prev\000"
 2074      72657600 
 2075              	.LASF96:
 2076 019d 63685379 		.ascii	"chSysInit\000"
 2076      73496E69 
ARM GAS  /var/folders/dt/0wfd0knj7gs46m8vwfzktm600000gn/T//ccBVcHuR.s 			page 39


 2076      7400
 2077              	.LASF107:
 2078 01a7 5F686561 		.ascii	"_heap_init\000"
 2078      705F696E 
 2078      697400
 2079              	.LASF22:
 2080 01b2 636E745F 		.ascii	"cnt_t\000"
 2080      7400
 2081              	.LASF0:
 2082 01b8 756E7369 		.ascii	"unsigned int\000"
 2082      676E6564 
 2082      20696E74 
 2082      00
 2083              	.LASF111:
 2084 01c5 5F746872 		.ascii	"_thread_init\000"
 2084      6561645F 
 2084      696E6974 
 2084      00
 2085              	.LASF51:
 2086 01d2 76745F6E 		.ascii	"vt_next\000"
 2086      65787400 
 2087              	.LASF11:
 2088 01da 6C6F6E67 		.ascii	"long unsigned int\000"
 2088      20756E73 
 2088      69676E65 
 2088      6420696E 
 2088      7400
 2089              	.LASF101:
 2090 01ec 63685F64 		.ascii	"ch_debug\000"
 2090      65627567 
 2090      00
 2091              	.LASF47:
 2092 01f5 636F6E74 		.ascii	"context\000"
 2092      65787400 
 2093              	.LASF7:
 2094 01fd 73686F72 		.ascii	"short unsigned int\000"
 2094      7420756E 
 2094      7369676E 
 2094      65642069 
 2094      6E7400
 2095              	.LASF19:
 2096 0210 6D73675F 		.ascii	"msg_t\000"
 2096      7400
 2097              	.LASF15:
 2098 0216 746D6F64 		.ascii	"tmode_t\000"
 2098      655F7400 
 2099              	.LASF43:
 2100 021e 54687265 		.ascii	"ThreadsList\000"
 2100      6164734C 
 2100      69737400 
 2101              	.LASF20:
 2102 022a 6576656E 		.ascii	"eventmask_t\000"
 2102      746D6173 
 2102      6B5F7400 
 2103              	.LASF66:
 2104 0236 4D757465 		.ascii	"Mutex\000"
 2104      7800
ARM GAS  /var/folders/dt/0wfd0knj7gs46m8vwfzktm600000gn/T//ccBVcHuR.s 			page 40


 2105              	.LASF45:
 2106 023c 73746B61 		.ascii	"stkalign_t\000"
 2106      6C69676E 
 2106      5F7400
 2107              	.LASF112:
 2108 0247 63685468 		.ascii	"chThdCreateStatic\000"
 2108      64437265 
 2108      61746553 
 2108      74617469 
 2108      6300
 2109              	.LASF77:
 2110 0259 63685F7A 		.ascii	"ch_zero\000"
 2110      65726F00 
 2111              	.LASF91:
 2112 0261 63665F6F 		.ascii	"cf_off_refs\000"
 2112      66665F72 
 2112      65667300 
 2113              	.LASF53:
 2114 026d 76745F74 		.ascii	"vt_time\000"
 2114      696D6500 
 2115              	.LASF48:
 2116 0275 73697A65 		.ascii	"sizetype\000"
 2116      74797065 
 2116      00
 2117              	.LASF54:
 2118 027e 76745F66 		.ascii	"vt_func\000"
 2118      756E6300 
 2119              	.LASF81:
 2120 0286 63685F74 		.ascii	"ch_timesize\000"
 2120      696D6573 
 2120      697A6500 
 2121              	.LASF87:
 2122 0292 63665F6F 		.ascii	"cf_off_name\000"
 2122      66665F6E 
 2122      616D6500 
 2123              	.LASF29:
 2124 029e 705F6F6C 		.ascii	"p_older\000"
 2124      64657200 
 2125              	.LASF60:
 2126 02a6 725F6374 		.ascii	"r_ctx\000"
 2126      7800
 2127              	.LASF42:
 2128 02ac 54687265 		.ascii	"ThreadsQueue\000"
 2128      61647351 
 2128      75657565 
 2128      00
 2129              	.LASF78:
 2130 02b9 63685F73 		.ascii	"ch_size\000"
 2130      697A6500 
 2131              	.LASF108:
 2132 02c1 474E5520 		.ascii	"GNU C 4.7.2\000"
 2132      4320342E 
 2132      372E3200 
 2133              	.LASF64:
 2134 02cd 725F6375 		.ascii	"r_current\000"
 2134      7272656E 
 2134      7400
ARM GAS  /var/folders/dt/0wfd0knj7gs46m8vwfzktm600000gn/T//ccBVcHuR.s 			page 41


 2135              	.LASF62:
 2136 02d7 725F6F6C 		.ascii	"r_older\000"
 2136      64657200 
 2137              	.LASF95:
 2138 02df 5F69646C 		.ascii	"_idle_thread\000"
 2138      655F7468 
 2138      72656164 
 2138      00
 2139              	.LASF17:
 2140 02ec 74726566 		.ascii	"trefs_t\000"
 2140      735F7400 
 2141              	.LASF80:
 2142 02f4 63685F70 		.ascii	"ch_ptrsize\000"
 2142      74727369 
 2142      7A6500
 2143              	.LASF25:
 2144 02ff 705F7072 		.ascii	"p_prev\000"
 2144      657600
 2145              	.LASF18:
 2146 0306 74707269 		.ascii	"tprio_t\000"
 2146      6F5F7400 
 2147              	.LASF8:
 2148 030e 696E7433 		.ascii	"int32_t\000"
 2148      325F7400 
 2149              	.LASF4:
 2150 0316 756E7369 		.ascii	"unsigned char\000"
 2150      676E6564 
 2150      20636861 
 2150      7200
 2151              	.LASF106:
 2152 0324 5F636F72 		.ascii	"_core_init\000"
 2152      655F696E 
 2152      697400
 2153              	.LASF39:
 2154 032f 705F6D74 		.ascii	"p_mtxlist\000"
 2154      786C6973 
 2154      7400
 2155              	.LASF5:
 2156 0339 73686F72 		.ascii	"short int\000"
 2156      7420696E 
 2156      7400
 2157              	.LASF31:
 2158 0343 705F7374 		.ascii	"p_state\000"
 2158      61746500 
 2159              	.LASF93:
 2160 034b 63665F6F 		.ascii	"cf_off_time\000"
 2160      66665F74 
 2160      696D6500 
 2161              	.LASF59:
 2162 0357 725F7072 		.ascii	"r_prio\000"
 2162      696F00
 2163              	.LASF73:
 2164 035e 65776D61 		.ascii	"ewmask\000"
 2164      736B00
 2165              	.LASF24:
 2166 0365 705F6E65 		.ascii	"p_next\000"
 2166      787400
ARM GAS  /var/folders/dt/0wfd0knj7gs46m8vwfzktm600000gn/T//ccBVcHuR.s 			page 42


 2167              	.LASF92:
 2168 036c 63665F6F 		.ascii	"cf_off_preempt\000"
 2168      66665F70 
 2168      7265656D 
 2168      707400
 2169              	.LASF32:
 2170 037b 705F666C 		.ascii	"p_flags\000"
 2170      61677300 
 2171              	.LASF23:
 2172 0383 54687265 		.ascii	"Thread\000"
 2172      616400
 2173              	.LASF85:
 2174 038a 63665F6F 		.ascii	"cf_off_newer\000"
 2174      66665F6E 
 2174      65776572 
 2174      00
 2175              	.LASF38:
 2176 0397 705F6570 		.ascii	"p_epending\000"
 2176      656E6469 
 2176      6E6700
 2177              	.LASF10:
 2178 03a2 75696E74 		.ascii	"uint32_t\000"
 2178      33325F74 
 2178      00
 2179              	.LASF83:
 2180 03ab 63665F6F 		.ascii	"cf_off_prio\000"
 2180      66665F70 
 2180      72696F00 
 2181              	.LASF58:
 2182 03b7 725F7175 		.ascii	"r_queue\000"
 2182      65756500 
 2183              	.LASF50:
 2184 03bf 56697274 		.ascii	"VirtualTimer\000"
 2184      75616C54 
 2184      696D6572 
 2184      00
 2185              	.LASF74:
 2186 03cc 63686172 		.ascii	"char\000"
 2186      00
 2187              	.LASF69:
 2188 03d1 6D5F6E65 		.ascii	"m_next\000"
 2188      787400
 2189              	.LASF21:
 2190 03d8 73797374 		.ascii	"systime_t\000"
 2190      696D655F 
 2190      7400
 2191              	.LASF40:
 2192 03e2 705F7265 		.ascii	"p_realprio\000"
 2192      616C7072 
 2192      696F00
 2193              	.LASF49:
 2194 03ed 76746675 		.ascii	"vtfunc_t\000"
 2194      6E635F74 
 2194      00
 2195              	.LASF105:
 2196 03f6 5F76745F 		.ascii	"_vt_init\000"
 2196      696E6974 
ARM GAS  /var/folders/dt/0wfd0knj7gs46m8vwfzktm600000gn/T//ccBVcHuR.s 			page 43


 2196      00
 2197              	.LASF34:
 2198 03ff 705F7469 		.ascii	"p_time\000"
 2198      6D6500
 2199              	.LASF46:
 2200 0406 696E7463 		.ascii	"intctx\000"
 2200      747800
 2201              	.LASF36:
 2202 040d 705F6D73 		.ascii	"p_msgqueue\000"
 2202      67717565 
 2202      756500
 2203              	.LASF55:
 2204 0418 76745F70 		.ascii	"vt_par\000"
 2204      617200
 2205              	.LASF84:
 2206 041f 63665F6F 		.ascii	"cf_off_ctx\000"
 2206      66665F63 
 2206      747800
 2207              	.LASF33:
 2208 042a 705F7265 		.ascii	"p_refs\000"
 2208      667300
 2209              	.LASF65:
 2210 0431 52656164 		.ascii	"ReadyList\000"
 2210      794C6973 
 2210      7400
 2211              	.LASF100:
 2212 043b 726C6973 		.ascii	"rlist\000"
 2212      7400
 2213              	.LASF109:
 2214 0441 2E2E2F2E 		.ascii	"../../os/kernel/src/chsys.c\000"
 2214      2E2F6F73 
 2214      2F6B6572 
 2214      6E656C2F 
 2214      7372632F 
 2215              	.LASF3:
 2216 045d 75696E74 		.ascii	"uint8_t\000"
 2216      385F7400 
 2217              	.LASF103:
 2218 0465 5F706F72 		.ascii	"_port_init\000"
 2218      745F696E 
 2218      697400
 2219              	.LASF72:
 2220 0470 77746F62 		.ascii	"wtobjp\000"
 2220      6A7000
 2221              	.LASF30:
 2222 0477 705F6E61 		.ascii	"p_name\000"
 2222      6D6500
 2223              	.LASF56:
 2224 047e 76745F73 		.ascii	"vt_systime\000"
 2224      79737469 
 2224      6D6500
 2225              	.LASF79:
 2226 0489 63685F76 		.ascii	"ch_version\000"
 2226      65727369 
 2226      6F6E00
 2227              	.LASF57:
 2228 0494 56544C69 		.ascii	"VTList\000"
ARM GAS  /var/folders/dt/0wfd0knj7gs46m8vwfzktm600000gn/T//ccBVcHuR.s 			page 44


 2228      737400
 2229              	.LASF63:
 2230 049b 725F7072 		.ascii	"r_preempt\000"
 2230      65656D70 
 2230      7400
 2231              	.LASF68:
 2232 04a5 6D5F6F77 		.ascii	"m_owner\000"
 2232      6E657200 
 2233              	.LASF27:
 2234 04ad 705F6374 		.ascii	"p_ctx\000"
 2234      7800
 2235              	.LASF35:
 2236 04b3 705F7761 		.ascii	"p_waiting\000"
 2236      6974696E 
 2236      6700
 2237              		.ident	"GCC: (GNU) 4.7.2"
ARM GAS  /var/folders/dt/0wfd0knj7gs46m8vwfzktm600000gn/T//ccBVcHuR.s 			page 45


DEFINED SYMBOLS
                            *ABS*:0000000000000000 chsys.c
/var/folders/dt/0wfd0knj7gs46m8vwfzktm600000gn/T//ccBVcHuR.s:19     .text._idle_thread:0000000000000000 $t
/var/folders/dt/0wfd0knj7gs46m8vwfzktm600000gn/T//ccBVcHuR.s:25     .text._idle_thread:0000000000000000 _idle_thread
/var/folders/dt/0wfd0knj7gs46m8vwfzktm600000gn/T//ccBVcHuR.s:44     .text._idle_thread:000000000000000c $d
/var/folders/dt/0wfd0knj7gs46m8vwfzktm600000gn/T//ccBVcHuR.s:50     .text.chSysInit:0000000000000000 $t
/var/folders/dt/0wfd0knj7gs46m8vwfzktm600000gn/T//ccBVcHuR.s:56     .text.chSysInit:0000000000000000 chSysInit
/var/folders/dt/0wfd0knj7gs46m8vwfzktm600000gn/T//ccBVcHuR.s:216    .bss.mainthread.4815:0000000000000000 .LANCHOR0
/var/folders/dt/0wfd0knj7gs46m8vwfzktm600000gn/T//ccBVcHuR.s:227    .bss._idle_thread_wa:0000000000000000 .LANCHOR1
/var/folders/dt/0wfd0knj7gs46m8vwfzktm600000gn/T//ccBVcHuR.s:131    .text.chSysTimerHandlerI:0000000000000000 $t
/var/folders/dt/0wfd0knj7gs46m8vwfzktm600000gn/T//ccBVcHuR.s:137    .text.chSysTimerHandlerI:0000000000000000 chSysTimerHandlerI
/var/folders/dt/0wfd0knj7gs46m8vwfzktm600000gn/T//ccBVcHuR.s:207    .text.chSysTimerHandlerI:0000000000000044 $d
/var/folders/dt/0wfd0knj7gs46m8vwfzktm600000gn/T//ccBVcHuR.s:230    .bss._idle_thread_wa:0000000000000000 _idle_thread_wa
/var/folders/dt/0wfd0knj7gs46m8vwfzktm600000gn/T//ccBVcHuR.s:215    .bss.mainthread.4815:0000000000000000 $d
/var/folders/dt/0wfd0knj7gs46m8vwfzktm600000gn/T//ccBVcHuR.s:219    .bss.mainthread.4815:0000000000000000 mainthread.4815
/var/folders/dt/0wfd0knj7gs46m8vwfzktm600000gn/T//ccBVcHuR.s:222    .rodata.str1.4:0000000000000000 $d
/var/folders/dt/0wfd0knj7gs46m8vwfzktm600000gn/T//ccBVcHuR.s:226    .bss._idle_thread_wa:0000000000000000 $d
                     .debug_frame:0000000000000010 $d
/var/folders/dt/0wfd0knj7gs46m8vwfzktm600000gn/T//ccBVcHuR.s:49     .text._idle_thread:0000000000000014 $t
/var/folders/dt/0wfd0knj7gs46m8vwfzktm600000gn/T//ccBVcHuR.s:214    .text.chSysTimerHandlerI:000000000000004c $t

UNDEFINED SYMBOLS
rlist
_port_init
_scheduler_init
_vt_init
_core_init
_heap_init
_thread_init
ch_debug
chThdCreateStatic
vtlist
