ARM GAS  /var/folders/dt/0wfd0knj7gs46m8vwfzktm600000gn/T//cclP38ac.s 			page 1


   1              		.syntax unified
   2              		.cpu cortex-m3
   3              		.fpu softvfp
   4              		.eabi_attribute 20, 1
   5              		.eabi_attribute 21, 1
   6              		.eabi_attribute 23, 3
   7              		.eabi_attribute 24, 1
   8              		.eabi_attribute 25, 1
   9              		.eabi_attribute 26, 1
  10              		.eabi_attribute 30, 2
  11              		.eabi_attribute 34, 1
  12              		.eabi_attribute 18, 4
  13              		.thumb
  14              		.file	"diskio.c"
  15              		.text
  16              	.Ltext0:
  17              		.cfi_sections	.debug_frame
  18              		.section	.text.disk_initialize,"ax",%progbits
  19              		.align	2
  20              		.p2align 4,,15
  21              		.global	disk_initialize
  22              		.thumb
  23              		.thumb_func
  24              		.type	disk_initialize, %function
  25              	disk_initialize:
  26              	.LFB62:
  27              		.file 1 "../../ext/fatfs/src/diskio.c"
  28              		.loc 1 39 0
  29              		.cfi_startproc
  30              		@ args = 0, pretend = 0, frame = 0
  31              		@ frame_needed = 0, uses_anonymous_args = 0
  32              	.LVL0:
  33 0000 10B5     		push	{r4, lr}
  34              	.LCFI0:
  35              		.cfi_def_cfa_offset 8
  36              		.cfi_offset 4, -8
  37              		.cfi_offset 14, -4
  38              		.loc 1 63 0
  39 0002 0224     		movs	r4, #2
  40              		.loc 1 42 0
  41 0004 50B9     		cbnz	r0, .L2
  42              	.LVL1:
  43              		.loc 1 56 0
  44 0006 0648     		ldr	r0, .L10
  45              	.LVL2:
  46 0008 0478     		ldrb	r4, [r0, #0]	@ zero_extendqisi2
  47              		.loc 1 54 0
  48 000a 053C     		subs	r4, r4, #5
  49 000c 18BF     		it	ne
  50 000e 0124     		movne	r4, #1
  51              	.LVL3:
  52              		.loc 1 58 0
  53 0010 FFF7FEFF 		bl	sdc_lld_is_write_protected
  54              	.LVL4:
  55 0014 10B1     		cbz	r0, .L2
  56              		.loc 1 59 0
  57 0016 44F00404 		orr	r4, r4, #4
ARM GAS  /var/folders/dt/0wfd0knj7gs46m8vwfzktm600000gn/T//cclP38ac.s 			page 2


  58 001a E4B2     		uxtb	r4, r4
  59              	.LVL5:
  60              	.L2:
  61              		.loc 1 64 0
  62 001c 2046     		mov	r0, r4
  63 001e 10BD     		pop	{r4, pc}
  64              	.L11:
  65              		.align	2
  66              	.L10:
  67 0020 00000000 		.word	SDCD1
  68              		.cfi_endproc
  69              	.LFE62:
  70              		.size	disk_initialize, .-disk_initialize
  71 0024 AFF30080 		.section	.text.disk_status,"ax",%progbits
  71      AFF30080 
  71      AFF30080 
  72              		.align	2
  73              		.p2align 4,,15
  74              		.global	disk_status
  75              		.thumb
  76              		.thumb_func
  77              		.type	disk_status, %function
  78              	disk_status:
  79              	.LFB63:
  80              		.loc 1 74 0
  81              		.cfi_startproc
  82              		@ args = 0, pretend = 0, frame = 0
  83              		@ frame_needed = 0, uses_anonymous_args = 0
  84              	.LVL6:
  85 0000 10B5     		push	{r4, lr}
  86              	.LCFI1:
  87              		.cfi_def_cfa_offset 8
  88              		.cfi_offset 4, -8
  89              		.cfi_offset 14, -4
  90              		.loc 1 98 0
  91 0002 0224     		movs	r4, #2
  92              		.loc 1 77 0
  93 0004 50B9     		cbnz	r0, .L13
  94              	.LVL7:
  95              		.loc 1 91 0
  96 0006 0648     		ldr	r0, .L20
  97              	.LVL8:
  98 0008 0478     		ldrb	r4, [r0, #0]	@ zero_extendqisi2
  99              		.loc 1 89 0
 100 000a 053C     		subs	r4, r4, #5
 101 000c 18BF     		it	ne
 102 000e 0124     		movne	r4, #1
 103              	.LVL9:
 104              		.loc 1 93 0
 105 0010 FFF7FEFF 		bl	sdc_lld_is_write_protected
 106              	.LVL10:
 107 0014 10B1     		cbz	r0, .L13
 108              		.loc 1 94 0
 109 0016 44F00404 		orr	r4, r4, #4
 110 001a E4B2     		uxtb	r4, r4
 111              	.LVL11:
 112              	.L13:
ARM GAS  /var/folders/dt/0wfd0knj7gs46m8vwfzktm600000gn/T//cclP38ac.s 			page 3


 113              		.loc 1 99 0
 114 001c 2046     		mov	r0, r4
 115 001e 10BD     		pop	{r4, pc}
 116              	.L21:
 117              		.align	2
 118              	.L20:
 119 0020 00000000 		.word	SDCD1
 120              		.cfi_endproc
 121              	.LFE63:
 122              		.size	disk_status, .-disk_status
 123 0024 AFF30080 		.section	.text.disk_read,"ax",%progbits
 123      AFF30080 
 123      AFF30080 
 124              		.align	2
 125              		.p2align 4,,15
 126              		.global	disk_read
 127              		.thumb
 128              		.thumb_func
 129              		.type	disk_read, %function
 130              	disk_read:
 131              	.LFB64:
 132              		.loc 1 112 0
 133              		.cfi_startproc
 134              		@ args = 0, pretend = 0, frame = 0
 135              		@ frame_needed = 0, uses_anonymous_args = 0
 136              	.LVL12:
 137 0000 10B5     		push	{r4, lr}
 138              	.LCFI2:
 139              		.cfi_def_cfa_offset 8
 140              		.cfi_offset 4, -8
 141              		.cfi_offset 14, -4
 142              		.loc 1 112 0
 143 0002 0C46     		mov	r4, r1
 144              		.loc 1 113 0
 145 0004 28B9     		cbnz	r0, .L27
 146              		.loc 1 131 0
 147 0006 0848     		ldr	r0, .L29
 148              	.LVL13:
 149 0008 0178     		ldrb	r1, [r0, #0]	@ zero_extendqisi2
 150              	.LVL14:
 151 000a 0529     		cmp	r1, #5
 152 000c 03D0     		beq	.L28
 153              		.loc 1 132 0
 154 000e 0320     		movs	r0, #3
 155              		.loc 1 139 0
 156 0010 10BD     		pop	{r4, pc}
 157              	.LVL15:
 158              	.L27:
 159              		.loc 1 138 0
 160 0012 0420     		movs	r0, #4
 161              	.LVL16:
 162 0014 10BD     		pop	{r4, pc}
 163              	.LVL17:
 164              	.L28:
 165              		.loc 1 133 0
 166 0016 1146     		mov	r1, r2
 167 0018 2246     		mov	r2, r4
ARM GAS  /var/folders/dt/0wfd0knj7gs46m8vwfzktm600000gn/T//cclP38ac.s 			page 4


 168              	.LVL18:
 169 001a FFF7FEFF 		bl	sdcRead
 170              	.LVL19:
 171              		.loc 1 132 0
 172 001e 0030     		adds	r0, r0, #0
 173 0020 18BF     		it	ne
 174 0022 0120     		movne	r0, #1
 175 0024 10BD     		pop	{r4, pc}
 176              	.L30:
 177 0026 00BF     		.align	2
 178              	.L29:
 179 0028 00000000 		.word	SDCD1
 180              		.cfi_endproc
 181              	.LFE64:
 182              		.size	disk_read, .-disk_read
 183 002c AFF30080 		.section	.text.disk_write,"ax",%progbits
 184              		.align	2
 185              		.p2align 4,,15
 186              		.global	disk_write
 187              		.thumb
 188              		.thumb_func
 189              		.type	disk_write, %function
 190              	disk_write:
 191              	.LFB65:
 192              		.loc 1 153 0
 193              		.cfi_startproc
 194              		@ args = 0, pretend = 0, frame = 0
 195              		@ frame_needed = 0, uses_anonymous_args = 0
 196              	.LVL20:
 197 0000 10B5     		push	{r4, lr}
 198              	.LCFI3:
 199              		.cfi_def_cfa_offset 8
 200              		.cfi_offset 4, -8
 201              		.cfi_offset 14, -4
 202              		.loc 1 153 0
 203 0002 0C46     		mov	r4, r1
 204              		.loc 1 154 0
 205 0004 28B9     		cbnz	r0, .L36
 206              		.loc 1 174 0
 207 0006 0848     		ldr	r0, .L38
 208              	.LVL21:
 209 0008 0178     		ldrb	r1, [r0, #0]	@ zero_extendqisi2
 210              	.LVL22:
 211 000a 0529     		cmp	r1, #5
 212 000c 03D0     		beq	.L37
 213              		.loc 1 175 0
 214 000e 0320     		movs	r0, #3
 215              		.loc 1 182 0
 216 0010 10BD     		pop	{r4, pc}
 217              	.LVL23:
 218              	.L36:
 219              		.loc 1 181 0
 220 0012 0420     		movs	r0, #4
 221              	.LVL24:
 222 0014 10BD     		pop	{r4, pc}
 223              	.LVL25:
 224              	.L37:
ARM GAS  /var/folders/dt/0wfd0knj7gs46m8vwfzktm600000gn/T//cclP38ac.s 			page 5


 225              		.loc 1 176 0
 226 0016 1146     		mov	r1, r2
 227 0018 2246     		mov	r2, r4
 228              	.LVL26:
 229 001a FFF7FEFF 		bl	sdcWrite
 230              	.LVL27:
 231              		.loc 1 175 0
 232 001e 0030     		adds	r0, r0, #0
 233 0020 18BF     		it	ne
 234 0022 0120     		movne	r0, #1
 235 0024 10BD     		pop	{r4, pc}
 236              	.L39:
 237 0026 00BF     		.align	2
 238              	.L38:
 239 0028 00000000 		.word	SDCD1
 240              		.cfi_endproc
 241              	.LFE65:
 242              		.size	disk_write, .-disk_write
 243 002c AFF30080 		.section	.text.disk_ioctl,"ax",%progbits
 244              		.align	2
 245              		.p2align 4,,15
 246              		.global	disk_ioctl
 247              		.thumb
 248              		.thumb_func
 249              		.type	disk_ioctl, %function
 250              	disk_ioctl:
 251              	.LFB66:
 252              		.loc 1 195 0
 253              		.cfi_startproc
 254              		@ args = 0, pretend = 0, frame = 0
 255              		@ frame_needed = 0, uses_anonymous_args = 0
 256              		@ link register save eliminated.
 257              	.LVL28:
 258              		.loc 1 196 0
 259 0000 20B9     		cbnz	r0, .L48
 260              		.loc 1 210 0
 261 0002 09B9     		cbnz	r1, .L49
 262              		.loc 1 212 0
 263 0004 0846     		mov	r0, r1
 264              	.LVL29:
 265 0006 7047     		bx	lr
 266              	.LVL30:
 267              	.L49:
 268              		.loc 1 210 0
 269 0008 0229     		cmp	r1, #2
 270 000a 01D0     		beq	.L50
 271              	.L48:
 272              		.loc 1 217 0
 273 000c 0420     		movs	r0, #4
 274              	.LVL31:
 275              		.loc 1 222 0
 276 000e 7047     		bx	lr
 277              	.LVL32:
 278              	.L50:
 279              		.loc 1 214 0
 280 0010 4FF40073 		mov	r3, #512
 281 0014 1380     		strh	r3, [r2, #0]	@ movhi
ARM GAS  /var/folders/dt/0wfd0knj7gs46m8vwfzktm600000gn/T//cclP38ac.s 			page 6


 282              		.loc 1 215 0
 283 0016 7047     		bx	lr
 284              		.cfi_endproc
 285              	.LFE66:
 286              		.size	disk_ioctl, .-disk_ioctl
 287 0018 AFF30080 		.section	.text.get_fattime,"ax",%progbits
 287      AFF30080 
 288              		.align	2
 289              		.p2align 4,,15
 290              		.global	get_fattime
 291              		.thumb
 292              		.thumb_func
 293              		.type	get_fattime, %function
 294              	get_fattime:
 295              	.LFB67:
 296              		.loc 1 224 0
 297              		.cfi_startproc
 298              		@ args = 0, pretend = 0, frame = 0
 299              		@ frame_needed = 0, uses_anonymous_args = 0
 300              		@ link register save eliminated.
 301              		.loc 1 227 0
 302 0000 0020     		movs	r0, #0
 303 0002 7047     		bx	lr
 304              		.cfi_endproc
 305              	.LFE67:
 306              		.size	get_fattime, .-get_fattime
 307 0004 AFF30080 		.text
 307      AFF30080 
 307      AFF30080 
 308              	.Letext0:
 309              		.file 2 "/Users/toxygen/Applications/yagarto-4.7.2/bin/../lib/gcc/arm-none-eabi/4.7.2/../../../../
 310              		.file 3 "../../os/ports/GCC/ARMCMx/chtypes.h"
 311              		.file 4 "../../os/kernel/include/chlists.h"
 312              		.file 5 "../../os/kernel/include/chthreads.h"
 313              		.file 6 "../../os/ports/GCC/ARMCMx/chcore_v7m.h"
 314              		.file 7 "../../os/kernel/include/chmtx.h"
 315              		.file 8 "../../os/hal/include/sdc.h"
 316              		.file 9 "../../os/hal/platforms/STM32/sdc_lld.h"
 317              		.file 10 "../../ext/fatfs/src/integer.h"
 318              		.file 11 "../../ext/fatfs/src/diskio.h"
 319              		.file 12 "../../os/ports/common/ARMCMx/CMSIS/include/core_cm3.h"
 320              		.section	.debug_info,"",%progbits
 321              	.Ldebug_info0:
 322 0000 9B070000 		.4byte	0x79b
 323 0004 0200     		.2byte	0x2
 324 0006 00000000 		.4byte	.Ldebug_abbrev0
 325 000a 04       		.byte	0x4
 326 000b 01       		.uleb128 0x1
 327 000c 21020000 		.4byte	.LASF95
 328 0010 01       		.byte	0x1
 329 0011 35000000 		.4byte	.LASF96
 330 0015 9C000000 		.4byte	.LASF97
 331 0019 00000000 		.4byte	.Ldebug_ranges0+0
 332 001d 00000000 		.4byte	0
 333 0021 00000000 		.4byte	0
 334 0025 00000000 		.4byte	.Ldebug_line0
 335 0029 02       		.uleb128 0x2
ARM GAS  /var/folders/dt/0wfd0knj7gs46m8vwfzktm600000gn/T//cclP38ac.s 			page 7


 336 002a 04       		.byte	0x4
 337 002b 05       		.byte	0x5
 338 002c 696E7400 		.ascii	"int\000"
 339 0030 03       		.uleb128 0x3
 340 0031 04       		.byte	0x4
 341 0032 07       		.byte	0x7
 342 0033 0A020000 		.4byte	.LASF0
 343 0037 03       		.uleb128 0x3
 344 0038 01       		.byte	0x1
 345 0039 06       		.byte	0x6
 346 003a D4010000 		.4byte	.LASF1
 347 003e 04       		.uleb128 0x4
 348 003f 05010000 		.4byte	.LASF5
 349 0043 02       		.byte	0x2
 350 0044 2A       		.byte	0x2a
 351 0045 49000000 		.4byte	0x49
 352 0049 03       		.uleb128 0x3
 353 004a 01       		.byte	0x1
 354 004b 08       		.byte	0x8
 355 004c BF010000 		.4byte	.LASF2
 356 0050 03       		.uleb128 0x3
 357 0051 02       		.byte	0x2
 358 0052 05       		.byte	0x5
 359 0053 23010000 		.4byte	.LASF3
 360 0057 03       		.uleb128 0x3
 361 0058 02       		.byte	0x2
 362 0059 07       		.byte	0x7
 363 005a 51020000 		.4byte	.LASF4
 364 005e 04       		.uleb128 0x4
 365 005f A0020000 		.4byte	.LASF6
 366 0063 02       		.byte	0x2
 367 0064 4F       		.byte	0x4f
 368 0065 69000000 		.4byte	0x69
 369 0069 03       		.uleb128 0x3
 370 006a 04       		.byte	0x4
 371 006b 05       		.byte	0x5
 372 006c 60010000 		.4byte	.LASF7
 373 0070 04       		.uleb128 0x4
 374 0071 00000000 		.4byte	.LASF8
 375 0075 02       		.byte	0x2
 376 0076 50       		.byte	0x50
 377 0077 7B000000 		.4byte	0x7b
 378 007b 03       		.uleb128 0x3
 379 007c 04       		.byte	0x4
 380 007d 07       		.byte	0x7
 381 007e 3E030000 		.4byte	.LASF9
 382 0082 03       		.uleb128 0x3
 383 0083 08       		.byte	0x8
 384 0084 05       		.byte	0x5
 385 0085 3F010000 		.4byte	.LASF10
 386 0089 03       		.uleb128 0x3
 387 008a 08       		.byte	0x8
 388 008b 07       		.byte	0x7
 389 008c E8010000 		.4byte	.LASF11
 390 0090 04       		.uleb128 0x4
 391 0091 AD020000 		.4byte	.LASF12
 392 0095 03       		.byte	0x3
ARM GAS  /var/folders/dt/0wfd0knj7gs46m8vwfzktm600000gn/T//cclP38ac.s 			page 8


 393 0096 2E       		.byte	0x2e
 394 0097 5E000000 		.4byte	0x5e
 395 009b 04       		.uleb128 0x4
 396 009c 37010000 		.4byte	.LASF13
 397 00a0 03       		.byte	0x3
 398 00a1 2F       		.byte	0x2f
 399 00a2 3E000000 		.4byte	0x3e
 400 00a6 04       		.uleb128 0x4
 401 00a7 97030000 		.4byte	.LASF14
 402 00ab 03       		.byte	0x3
 403 00ac 30       		.byte	0x30
 404 00ad 3E000000 		.4byte	0x3e
 405 00b1 04       		.uleb128 0x4
 406 00b2 09000000 		.4byte	.LASF15
 407 00b6 03       		.byte	0x3
 408 00b7 31       		.byte	0x31
 409 00b8 3E000000 		.4byte	0x3e
 410 00bc 04       		.uleb128 0x4
 411 00bd 4D010000 		.4byte	.LASF16
 412 00c1 03       		.byte	0x3
 413 00c2 32       		.byte	0x32
 414 00c3 70000000 		.4byte	0x70
 415 00c7 04       		.uleb128 0x4
 416 00c8 03040000 		.4byte	.LASF17
 417 00cc 03       		.byte	0x3
 418 00cd 33       		.byte	0x33
 419 00ce 5E000000 		.4byte	0x5e
 420 00d2 04       		.uleb128 0x4
 421 00d3 72000000 		.4byte	.LASF18
 422 00d7 03       		.byte	0x3
 423 00d8 35       		.byte	0x35
 424 00d9 70000000 		.4byte	0x70
 425 00dd 04       		.uleb128 0x4
 426 00de 8A020000 		.4byte	.LASF19
 427 00e2 03       		.byte	0x3
 428 00e3 36       		.byte	0x36
 429 00e4 70000000 		.4byte	0x70
 430 00e8 04       		.uleb128 0x4
 431 00e9 84030000 		.4byte	.LASF20
 432 00ed 04       		.byte	0x4
 433 00ee 2A       		.byte	0x2a
 434 00ef F3000000 		.4byte	0xf3
 435 00f3 05       		.uleb128 0x5
 436 00f4 84030000 		.4byte	.LASF20
 437 00f8 48       		.byte	0x48
 438 00f9 05       		.byte	0x5
 439 00fa 5E       		.byte	0x5e
 440 00fb 0A020000 		.4byte	0x20a
 441 00ff 06       		.uleb128 0x6
 442 0100 95000000 		.4byte	.LASF21
 443 0104 05       		.byte	0x5
 444 0105 5F       		.byte	0x5f
 445 0106 2F020000 		.4byte	0x22f
 446 010a 02       		.byte	0x2
 447 010b 23       		.byte	0x23
 448 010c 00       		.uleb128 0
 449 010d 06       		.uleb128 0x6
ARM GAS  /var/folders/dt/0wfd0knj7gs46m8vwfzktm600000gn/T//cclP38ac.s 			page 9


 450 010e 62000000 		.4byte	.LASF22
 451 0112 05       		.byte	0x5
 452 0113 61       		.byte	0x61
 453 0114 2F020000 		.4byte	0x22f
 454 0118 02       		.byte	0x2
 455 0119 23       		.byte	0x23
 456 011a 04       		.uleb128 0x4
 457 011b 06       		.uleb128 0x6
 458 011c 89000000 		.4byte	.LASF23
 459 0120 05       		.byte	0x5
 460 0121 63       		.byte	0x63
 461 0122 BC000000 		.4byte	0xbc
 462 0126 02       		.byte	0x2
 463 0127 23       		.byte	0x23
 464 0128 08       		.uleb128 0x8
 465 0129 06       		.uleb128 0x6
 466 012a D6030000 		.4byte	.LASF24
 467 012e 05       		.byte	0x5
 468 012f 64       		.byte	0x64
 469 0130 FC020000 		.4byte	0x2fc
 470 0134 02       		.byte	0x2
 471 0135 23       		.byte	0x23
 472 0136 0C       		.uleb128 0xc
 473 0137 06       		.uleb128 0x6
 474 0138 E0010000 		.4byte	.LASF25
 475 013c 05       		.byte	0x5
 476 013d 66       		.byte	0x66
 477 013e 2F020000 		.4byte	0x22f
 478 0142 02       		.byte	0x2
 479 0143 23       		.byte	0x23
 480 0144 10       		.uleb128 0x10
 481 0145 06       		.uleb128 0x6
 482 0146 B8030000 		.4byte	.LASF26
 483 014a 05       		.byte	0x5
 484 014b 67       		.byte	0x67
 485 014c 2F020000 		.4byte	0x22f
 486 0150 02       		.byte	0x2
 487 0151 23       		.byte	0x23
 488 0152 14       		.uleb128 0x14
 489 0153 06       		.uleb128 0x6
 490 0154 99020000 		.4byte	.LASF27
 491 0158 05       		.byte	0x5
 492 0159 6E       		.byte	0x6e
 493 015a A8030000 		.4byte	0x3a8
 494 015e 02       		.byte	0x2
 495 015f 23       		.byte	0x23
 496 0160 18       		.uleb128 0x18
 497 0161 06       		.uleb128 0x6
 498 0162 BF020000 		.4byte	.LASF28
 499 0166 05       		.byte	0x5
 500 0167 79       		.byte	0x79
 501 0168 A6000000 		.4byte	0xa6
 502 016c 02       		.byte	0x2
 503 016d 23       		.byte	0x23
 504 016e 1C       		.uleb128 0x1c
 505 016f 06       		.uleb128 0x6
 506 0170 B7010000 		.4byte	.LASF29
ARM GAS  /var/folders/dt/0wfd0knj7gs46m8vwfzktm600000gn/T//cclP38ac.s 			page 10


 507 0174 05       		.byte	0x5
 508 0175 7D       		.byte	0x7d
 509 0176 9B000000 		.4byte	0x9b
 510 017a 02       		.byte	0x2
 511 017b 23       		.byte	0x23
 512 017c 1D       		.uleb128 0x1d
 513 017d 06       		.uleb128 0x6
 514 017e CF030000 		.4byte	.LASF30
 515 0182 05       		.byte	0x5
 516 0183 82       		.byte	0x82
 517 0184 B1000000 		.4byte	0xb1
 518 0188 02       		.byte	0x2
 519 0189 23       		.byte	0x23
 520 018a 1E       		.uleb128 0x1e
 521 018b 06       		.uleb128 0x6
 522 018c 14010000 		.4byte	.LASF31
 523 0190 05       		.byte	0x5
 524 0191 89       		.byte	0x89
 525 0192 26030000 		.4byte	0x326
 526 0196 02       		.byte	0x2
 527 0197 23       		.byte	0x23
 528 0198 20       		.uleb128 0x20
 529 0199 07       		.uleb128 0x7
 530 019a 705F7500 		.ascii	"p_u\000"
 531 019e 05       		.byte	0x5
 532 019f AE       		.byte	0xae
 533 01a0 73030000 		.4byte	0x373
 534 01a4 02       		.byte	0x2
 535 01a5 23       		.byte	0x23
 536 01a6 24       		.uleb128 0x24
 537 01a7 06       		.uleb128 0x6
 538 01a8 ED020000 		.4byte	.LASF32
 539 01ac 05       		.byte	0x5
 540 01ad B3       		.byte	0xb3
 541 01ae 57020000 		.4byte	0x257
 542 01b2 02       		.byte	0x2
 543 01b3 23       		.byte	0x23
 544 01b4 28       		.uleb128 0x28
 545 01b5 06       		.uleb128 0x6
 546 01b6 7E000000 		.4byte	.LASF33
 547 01ba 05       		.byte	0x5
 548 01bb B9       		.byte	0xb9
 549 01bc 35020000 		.4byte	0x235
 550 01c0 02       		.byte	0x2
 551 01c1 23       		.byte	0x23
 552 01c2 2C       		.uleb128 0x2c
 553 01c3 06       		.uleb128 0x6
 554 01c4 A3010000 		.4byte	.LASF34
 555 01c8 05       		.byte	0x5
 556 01c9 BD       		.byte	0xbd
 557 01ca C7000000 		.4byte	0xc7
 558 01ce 02       		.byte	0x2
 559 01cf 23       		.byte	0x23
 560 01d0 34       		.uleb128 0x34
 561 01d1 06       		.uleb128 0x6
 562 01d2 E5000000 		.4byte	.LASF35
 563 01d6 05       		.byte	0x5
ARM GAS  /var/folders/dt/0wfd0knj7gs46m8vwfzktm600000gn/T//cclP38ac.s 			page 11


 564 01d7 C3       		.byte	0xc3
 565 01d8 D2000000 		.4byte	0xd2
 566 01dc 02       		.byte	0x2
 567 01dd 23       		.byte	0x23
 568 01de 38       		.uleb128 0x38
 569 01df 06       		.uleb128 0x6
 570 01e0 F7020000 		.4byte	.LASF36
 571 01e4 05       		.byte	0x5
 572 01e5 CA       		.byte	0xca
 573 01e6 BA030000 		.4byte	0x3ba
 574 01ea 02       		.byte	0x2
 575 01eb 23       		.byte	0x23
 576 01ec 3C       		.uleb128 0x3c
 577 01ed 06       		.uleb128 0x6
 578 01ee FF010000 		.4byte	.LASF37
 579 01f2 05       		.byte	0x5
 580 01f3 CE       		.byte	0xce
 581 01f4 BC000000 		.4byte	0xbc
 582 01f8 02       		.byte	0x2
 583 01f9 23       		.byte	0x23
 584 01fa 40       		.uleb128 0x40
 585 01fb 06       		.uleb128 0x6
 586 01fc 38020000 		.4byte	.LASF38
 587 0200 05       		.byte	0x5
 588 0201 D4       		.byte	0xd4
 589 0202 6D020000 		.4byte	0x26d
 590 0206 02       		.byte	0x2
 591 0207 23       		.byte	0x23
 592 0208 44       		.uleb128 0x44
 593 0209 00       		.byte	0
 594 020a 08       		.uleb128 0x8
 595 020b 08       		.byte	0x8
 596 020c 04       		.byte	0x4
 597 020d 61       		.byte	0x61
 598 020e 2F020000 		.4byte	0x22f
 599 0212 06       		.uleb128 0x6
 600 0213 95000000 		.4byte	.LASF21
 601 0217 04       		.byte	0x4
 602 0218 62       		.byte	0x62
 603 0219 2F020000 		.4byte	0x22f
 604 021d 02       		.byte	0x2
 605 021e 23       		.byte	0x23
 606 021f 00       		.uleb128 0
 607 0220 06       		.uleb128 0x6
 608 0221 62000000 		.4byte	.LASF22
 609 0225 04       		.byte	0x4
 610 0226 64       		.byte	0x64
 611 0227 2F020000 		.4byte	0x22f
 612 022b 02       		.byte	0x2
 613 022c 23       		.byte	0x23
 614 022d 04       		.uleb128 0x4
 615 022e 00       		.byte	0
 616 022f 09       		.uleb128 0x9
 617 0230 04       		.byte	0x4
 618 0231 E8000000 		.4byte	0xe8
 619 0235 04       		.uleb128 0x4
 620 0236 C7020000 		.4byte	.LASF39
ARM GAS  /var/folders/dt/0wfd0knj7gs46m8vwfzktm600000gn/T//cclP38ac.s 			page 12


 621 023a 04       		.byte	0x4
 622 023b 66       		.byte	0x66
 623 023c 0A020000 		.4byte	0x20a
 624 0240 08       		.uleb128 0x8
 625 0241 04       		.byte	0x4
 626 0242 04       		.byte	0x4
 627 0243 6B       		.byte	0x6b
 628 0244 57020000 		.4byte	0x257
 629 0248 06       		.uleb128 0x6
 630 0249 95000000 		.4byte	.LASF21
 631 024d 04       		.byte	0x4
 632 024e 6D       		.byte	0x6d
 633 024f 2F020000 		.4byte	0x22f
 634 0253 02       		.byte	0x2
 635 0254 23       		.byte	0x23
 636 0255 00       		.uleb128 0
 637 0256 00       		.byte	0
 638 0257 04       		.uleb128 0x4
 639 0258 6B030000 		.4byte	.LASF40
 640 025c 04       		.byte	0x4
 641 025d 70       		.byte	0x70
 642 025e 40020000 		.4byte	0x240
 643 0262 04       		.uleb128 0x4
 644 0263 F7000000 		.4byte	.LASF41
 645 0267 06       		.byte	0x6
 646 0268 D7       		.byte	0xd7
 647 0269 6D020000 		.4byte	0x26d
 648 026d 0A       		.uleb128 0xa
 649 026e 04       		.byte	0x4
 650 026f 05       		.uleb128 0x5
 651 0270 10030000 		.4byte	.LASF42
 652 0274 24       		.byte	0x24
 653 0275 06       		.byte	0x6
 654 0276 FE       		.byte	0xfe
 655 0277 FC020000 		.4byte	0x2fc
 656 027b 0B       		.uleb128 0xb
 657 027c 723400   		.ascii	"r4\000"
 658 027f 06       		.byte	0x6
 659 0280 1101     		.2byte	0x111
 660 0282 62020000 		.4byte	0x262
 661 0286 02       		.byte	0x2
 662 0287 23       		.byte	0x23
 663 0288 00       		.uleb128 0
 664 0289 0B       		.uleb128 0xb
 665 028a 723500   		.ascii	"r5\000"
 666 028d 06       		.byte	0x6
 667 028e 1201     		.2byte	0x112
 668 0290 62020000 		.4byte	0x262
 669 0294 02       		.byte	0x2
 670 0295 23       		.byte	0x23
 671 0296 04       		.uleb128 0x4
 672 0297 0B       		.uleb128 0xb
 673 0298 723600   		.ascii	"r6\000"
 674 029b 06       		.byte	0x6
 675 029c 1301     		.2byte	0x113
 676 029e 62020000 		.4byte	0x262
 677 02a2 02       		.byte	0x2
ARM GAS  /var/folders/dt/0wfd0knj7gs46m8vwfzktm600000gn/T//cclP38ac.s 			page 13


 678 02a3 23       		.byte	0x23
 679 02a4 08       		.uleb128 0x8
 680 02a5 0B       		.uleb128 0xb
 681 02a6 723700   		.ascii	"r7\000"
 682 02a9 06       		.byte	0x6
 683 02aa 1401     		.2byte	0x114
 684 02ac 62020000 		.4byte	0x262
 685 02b0 02       		.byte	0x2
 686 02b1 23       		.byte	0x23
 687 02b2 0C       		.uleb128 0xc
 688 02b3 0B       		.uleb128 0xb
 689 02b4 723800   		.ascii	"r8\000"
 690 02b7 06       		.byte	0x6
 691 02b8 1501     		.2byte	0x115
 692 02ba 62020000 		.4byte	0x262
 693 02be 02       		.byte	0x2
 694 02bf 23       		.byte	0x23
 695 02c0 10       		.uleb128 0x10
 696 02c1 0B       		.uleb128 0xb
 697 02c2 723900   		.ascii	"r9\000"
 698 02c5 06       		.byte	0x6
 699 02c6 1601     		.2byte	0x116
 700 02c8 62020000 		.4byte	0x262
 701 02cc 02       		.byte	0x2
 702 02cd 23       		.byte	0x23
 703 02ce 14       		.uleb128 0x14
 704 02cf 0B       		.uleb128 0xb
 705 02d0 72313000 		.ascii	"r10\000"
 706 02d4 06       		.byte	0x6
 707 02d5 1701     		.2byte	0x117
 708 02d7 62020000 		.4byte	0x262
 709 02db 02       		.byte	0x2
 710 02dc 23       		.byte	0x23
 711 02dd 18       		.uleb128 0x18
 712 02de 0B       		.uleb128 0xb
 713 02df 72313100 		.ascii	"r11\000"
 714 02e3 06       		.byte	0x6
 715 02e4 1801     		.2byte	0x118
 716 02e6 62020000 		.4byte	0x262
 717 02ea 02       		.byte	0x2
 718 02eb 23       		.byte	0x23
 719 02ec 1C       		.uleb128 0x1c
 720 02ed 0B       		.uleb128 0xb
 721 02ee 6C7200   		.ascii	"lr\000"
 722 02f1 06       		.byte	0x6
 723 02f2 1901     		.2byte	0x119
 724 02f4 62020000 		.4byte	0x262
 725 02f8 02       		.byte	0x2
 726 02f9 23       		.byte	0x23
 727 02fa 20       		.uleb128 0x20
 728 02fb 00       		.byte	0
 729 02fc 0C       		.uleb128 0xc
 730 02fd 91010000 		.4byte	.LASF43
 731 0301 04       		.byte	0x4
 732 0302 06       		.byte	0x6
 733 0303 2301     		.2byte	0x123
 734 0305 19030000 		.4byte	0x319
ARM GAS  /var/folders/dt/0wfd0knj7gs46m8vwfzktm600000gn/T//cclP38ac.s 			page 14


 735 0309 0B       		.uleb128 0xb
 736 030a 72313300 		.ascii	"r13\000"
 737 030e 06       		.byte	0x6
 738 030f 2401     		.2byte	0x124
 739 0311 19030000 		.4byte	0x319
 740 0315 02       		.byte	0x2
 741 0316 23       		.byte	0x23
 742 0317 00       		.uleb128 0
 743 0318 00       		.byte	0
 744 0319 09       		.uleb128 0x9
 745 031a 04       		.byte	0x4
 746 031b 6F020000 		.4byte	0x26f
 747 031f 03       		.uleb128 0x3
 748 0320 04       		.byte	0x4
 749 0321 07       		.byte	0x7
 750 0322 59000000 		.4byte	.LASF44
 751 0326 0D       		.uleb128 0xd
 752 0327 DD000000 		.4byte	0xdd
 753 032b 05       		.uleb128 0x5
 754 032c 69010000 		.4byte	.LASF45
 755 0330 10       		.byte	0x10
 756 0331 07       		.byte	0x7
 757 0332 2C       		.byte	0x2c
 758 0333 62030000 		.4byte	0x362
 759 0337 06       		.uleb128 0x6
 760 0338 89010000 		.4byte	.LASF46
 761 033c 07       		.byte	0x7
 762 033d 2D       		.byte	0x2d
 763 033e 35020000 		.4byte	0x235
 764 0342 02       		.byte	0x2
 765 0343 23       		.byte	0x23
 766 0344 00       		.uleb128 0
 767 0345 06       		.uleb128 0x6
 768 0346 F4030000 		.4byte	.LASF47
 769 034a 07       		.byte	0x7
 770 034b 2F       		.byte	0x2f
 771 034c 2F020000 		.4byte	0x22f
 772 0350 02       		.byte	0x2
 773 0351 23       		.byte	0x23
 774 0352 08       		.uleb128 0x8
 775 0353 06       		.uleb128 0x6
 776 0354 52000000 		.4byte	.LASF48
 777 0358 07       		.byte	0x7
 778 0359 31       		.byte	0x31
 779 035a 62030000 		.4byte	0x362
 780 035e 02       		.byte	0x2
 781 035f 23       		.byte	0x23
 782 0360 0C       		.uleb128 0xc
 783 0361 00       		.byte	0
 784 0362 09       		.uleb128 0x9
 785 0363 04       		.byte	0x4
 786 0364 2B030000 		.4byte	0x32b
 787 0368 04       		.uleb128 0x4
 788 0369 69010000 		.4byte	.LASF45
 789 036d 07       		.byte	0x7
 790 036e 33       		.byte	0x33
 791 036f 2B030000 		.4byte	0x32b
ARM GAS  /var/folders/dt/0wfd0knj7gs46m8vwfzktm600000gn/T//cclP38ac.s 			page 15


 792 0373 0E       		.uleb128 0xe
 793 0374 04       		.byte	0x4
 794 0375 05       		.byte	0x5
 795 0376 90       		.byte	0x90
 796 0377 A8030000 		.4byte	0x3a8
 797 037b 0F       		.uleb128 0xf
 798 037c FC030000 		.4byte	.LASF49
 799 0380 05       		.byte	0x5
 800 0381 97       		.byte	0x97
 801 0382 C7000000 		.4byte	0xc7
 802 0386 0F       		.uleb128 0xf
 803 0387 A6030000 		.4byte	.LASF50
 804 038b 05       		.byte	0x5
 805 038c 9E       		.byte	0x9e
 806 038d C7000000 		.4byte	0xc7
 807 0391 0F       		.uleb128 0xf
 808 0392 7D030000 		.4byte	.LASF51
 809 0396 05       		.byte	0x5
 810 0397 A5       		.byte	0xa5
 811 0398 6D020000 		.4byte	0x26d
 812 039c 0F       		.uleb128 0xf
 813 039d CD010000 		.4byte	.LASF52
 814 03a1 05       		.byte	0x5
 815 03a2 AC       		.byte	0xac
 816 03a3 D2000000 		.4byte	0xd2
 817 03a7 00       		.byte	0
 818 03a8 09       		.uleb128 0x9
 819 03a9 04       		.byte	0x4
 820 03aa AE030000 		.4byte	0x3ae
 821 03ae 10       		.uleb128 0x10
 822 03af B3030000 		.4byte	0x3b3
 823 03b3 03       		.uleb128 0x3
 824 03b4 01       		.byte	0x1
 825 03b5 08       		.byte	0x8
 826 03b6 94020000 		.4byte	.LASF53
 827 03ba 09       		.uleb128 0x9
 828 03bb 04       		.byte	0x4
 829 03bc 68030000 		.4byte	0x368
 830 03c0 09       		.uleb128 0x9
 831 03c1 04       		.byte	0x4
 832 03c2 3E000000 		.4byte	0x3e
 833 03c6 09       		.uleb128 0x9
 834 03c7 04       		.byte	0x4
 835 03c8 CC030000 		.4byte	0x3cc
 836 03cc 10       		.uleb128 0x10
 837 03cd 3E000000 		.4byte	0x3e
 838 03d1 11       		.uleb128 0x11
 839 03d2 70000000 		.4byte	0x70
 840 03d6 E1030000 		.4byte	0x3e1
 841 03da 12       		.uleb128 0x12
 842 03db 1F030000 		.4byte	0x31f
 843 03df 03       		.byte	0x3
 844 03e0 00       		.byte	0
 845 03e1 0D       		.uleb128 0xd
 846 03e2 5E000000 		.4byte	0x5e
 847 03e6 13       		.uleb128 0x13
 848 03e7 01       		.byte	0x1
ARM GAS  /var/folders/dt/0wfd0knj7gs46m8vwfzktm600000gn/T//cclP38ac.s 			page 16


 849 03e8 08       		.byte	0x8
 850 03e9 91       		.byte	0x91
 851 03ea 1F040000 		.4byte	0x41f
 852 03ee 14       		.uleb128 0x14
 853 03ef 11000000 		.4byte	.LASF54
 854 03f3 00       		.sleb128 0
 855 03f4 14       		.uleb128 0x14
 856 03f5 69000000 		.4byte	.LASF55
 857 03f9 01       		.sleb128 1
 858 03fa 14       		.uleb128 0x14
 859 03fb 61030000 		.4byte	.LASF56
 860 03ff 02       		.sleb128 2
 861 0400 14       		.uleb128 0x14
 862 0401 01030000 		.4byte	.LASF57
 863 0405 03       		.sleb128 3
 864 0406 14       		.uleb128 0x14
 865 0407 6D020000 		.4byte	.LASF58
 866 040b 04       		.sleb128 4
 867 040c 14       		.uleb128 0x14
 868 040d D4020000 		.4byte	.LASF59
 869 0411 05       		.sleb128 5
 870 0412 14       		.uleb128 0x14
 871 0413 29000000 		.4byte	.LASF60
 872 0417 06       		.sleb128 6
 873 0418 14       		.uleb128 0x14
 874 0419 55030000 		.4byte	.LASF61
 875 041d 07       		.sleb128 7
 876 041e 00       		.byte	0
 877 041f 04       		.uleb128 0x4
 878 0420 55010000 		.4byte	.LASF62
 879 0424 08       		.byte	0x8
 880 0425 9A       		.byte	0x9a
 881 0426 E6030000 		.4byte	0x3e6
 882 042a 04       		.uleb128 0x4
 883 042b 17020000 		.4byte	.LASF63
 884 042f 09       		.byte	0x9
 885 0430 7A       		.byte	0x7a
 886 0431 70000000 		.4byte	0x70
 887 0435 04       		.uleb128 0x4
 888 0436 2D010000 		.4byte	.LASF64
 889 043a 09       		.byte	0x9
 890 043b 7F       		.byte	0x7f
 891 043c 40040000 		.4byte	0x440
 892 0440 05       		.uleb128 0x5
 893 0441 2D010000 		.4byte	.LASF64
 894 0445 34       		.byte	0x34
 895 0446 09       		.byte	0x9
 896 0447 8C       		.byte	0x8c
 897 0448 AF040000 		.4byte	0x4af
 898 044c 06       		.uleb128 0x6
 899 044d 1C000000 		.4byte	.LASF65
 900 0451 09       		.byte	0x9
 901 0452 90       		.byte	0x90
 902 0453 1F040000 		.4byte	0x41f
 903 0457 02       		.byte	0x2
 904 0458 23       		.byte	0x23
 905 0459 00       		.uleb128 0
ARM GAS  /var/folders/dt/0wfd0knj7gs46m8vwfzktm600000gn/T//cclP38ac.s 			page 17


 906 045a 06       		.uleb128 0x6
 907 045b F0000000 		.4byte	.LASF66
 908 045f 09       		.byte	0x9
 909 0460 94       		.byte	0x94
 910 0461 D1040000 		.4byte	0x4d1
 911 0465 02       		.byte	0x2
 912 0466 23       		.byte	0x23
 913 0467 04       		.uleb128 0x4
 914 0468 06       		.uleb128 0x6
 915 0469 64020000 		.4byte	.LASF67
 916 046d 09       		.byte	0x9
 917 046e 98       		.byte	0x98
 918 046f 2A040000 		.4byte	0x42a
 919 0473 02       		.byte	0x2
 920 0474 23       		.byte	0x23
 921 0475 08       		.uleb128 0x8
 922 0476 07       		.uleb128 0x7
 923 0477 63696400 		.ascii	"cid\000"
 924 047b 09       		.byte	0x9
 925 047c 9C       		.byte	0x9c
 926 047d D1030000 		.4byte	0x3d1
 927 0481 02       		.byte	0x2
 928 0482 23       		.byte	0x23
 929 0483 0C       		.uleb128 0xc
 930 0484 07       		.uleb128 0x7
 931 0485 63736400 		.ascii	"csd\000"
 932 0489 09       		.byte	0x9
 933 048a A0       		.byte	0xa0
 934 048b D1030000 		.4byte	0x3d1
 935 048f 02       		.byte	0x2
 936 0490 23       		.byte	0x23
 937 0491 1C       		.uleb128 0x1c
 938 0492 07       		.uleb128 0x7
 939 0493 72636100 		.ascii	"rca\000"
 940 0497 09       		.byte	0x9
 941 0498 A4       		.byte	0xa4
 942 0499 70000000 		.4byte	0x70
 943 049d 02       		.byte	0x2
 944 049e 23       		.byte	0x23
 945 049f 2C       		.uleb128 0x2c
 946 04a0 06       		.uleb128 0x6
 947 04a1 4A020000 		.4byte	.LASF68
 948 04a5 09       		.byte	0x9
 949 04a6 A9       		.byte	0xa9
 950 04a7 2F020000 		.4byte	0x22f
 951 04ab 02       		.byte	0x2
 952 04ac 23       		.byte	0x23
 953 04ad 30       		.uleb128 0x30
 954 04ae 00       		.byte	0
 955 04af 08       		.uleb128 0x8
 956 04b0 04       		.byte	0x4
 957 04b1 09       		.byte	0x9
 958 04b2 85       		.byte	0x85
 959 04b3 C6040000 		.4byte	0x4c6
 960 04b7 06       		.uleb128 0x6
 961 04b8 A0030000 		.4byte	.LASF69
 962 04bc 09       		.byte	0x9
ARM GAS  /var/folders/dt/0wfd0knj7gs46m8vwfzktm600000gn/T//cclP38ac.s 			page 18


 963 04bd 86       		.byte	0x86
 964 04be 70000000 		.4byte	0x70
 965 04c2 02       		.byte	0x2
 966 04c3 23       		.byte	0x23
 967 04c4 00       		.uleb128 0
 968 04c5 00       		.byte	0
 969 04c6 04       		.uleb128 0x4
 970 04c7 40020000 		.4byte	.LASF70
 971 04cb 09       		.byte	0x9
 972 04cc 87       		.byte	0x87
 973 04cd AF040000 		.4byte	0x4af
 974 04d1 09       		.uleb128 0x9
 975 04d2 04       		.byte	0x4
 976 04d3 D7040000 		.4byte	0x4d7
 977 04d7 10       		.uleb128 0x10
 978 04d8 C6040000 		.4byte	0x4c6
 979 04dc 04       		.uleb128 0x4
 980 04dd 90000000 		.4byte	.LASF71
 981 04e1 0A       		.byte	0xa
 982 04e2 16       		.byte	0x16
 983 04e3 49000000 		.4byte	0x49
 984 04e7 04       		.uleb128 0x4
 985 04e8 00010000 		.4byte	.LASF72
 986 04ec 0A       		.byte	0xa
 987 04ed 1B       		.byte	0x1b
 988 04ee 57000000 		.4byte	0x57
 989 04f2 04       		.uleb128 0x4
 990 04f3 B1010000 		.4byte	.LASF73
 991 04f7 0A       		.byte	0xa
 992 04f8 21       		.byte	0x21
 993 04f9 7B000000 		.4byte	0x7b
 994 04fd 04       		.uleb128 0x4
 995 04fe A9010000 		.4byte	.LASF74
 996 0502 0B       		.byte	0xb
 997 0503 0E       		.byte	0xe
 998 0504 DC040000 		.4byte	0x4dc
 999 0508 13       		.uleb128 0x13
 1000 0509 01       		.byte	0x1
 1001 050a 0B       		.byte	0xb
 1002 050b 11       		.byte	0x11
 1003 050c 2F050000 		.4byte	0x52f
 1004 0510 14       		.uleb128 0x14
 1005 0511 22000000 		.4byte	.LASF75
 1006 0515 00       		.sleb128 0
 1007 0516 14       		.uleb128 0x14
 1008 0517 C0030000 		.4byte	.LASF76
 1009 051b 01       		.sleb128 1
 1010 051c 14       		.uleb128 0x14
 1011 051d 6F010000 		.4byte	.LASF77
 1012 0521 02       		.sleb128 2
 1013 0522 14       		.uleb128 0x14
 1014 0523 B4020000 		.4byte	.LASF78
 1015 0527 03       		.sleb128 3
 1016 0528 14       		.uleb128 0x14
 1017 0529 E9030000 		.4byte	.LASF79
 1018 052d 04       		.sleb128 4
 1019 052e 00       		.byte	0
ARM GAS  /var/folders/dt/0wfd0knj7gs46m8vwfzktm600000gn/T//cclP38ac.s 			page 19


 1020 052f 04       		.uleb128 0x4
 1021 0530 DF020000 		.4byte	.LASF80
 1022 0534 0B       		.byte	0xb
 1023 0535 17       		.byte	0x17
 1024 0536 08050000 		.4byte	0x508
 1025 053a 15       		.uleb128 0x15
 1026 053b 01       		.byte	0x1
 1027 053c 79010000 		.4byte	.LASF81
 1028 0540 01       		.byte	0x1
 1029 0541 24       		.byte	0x24
 1030 0542 01       		.byte	0x1
 1031 0543 FD040000 		.4byte	0x4fd
 1032 0547 00000000 		.4byte	.LFB62
 1033 054b 24000000 		.4byte	.LFE62
 1034 054f 00000000 		.4byte	.LLST0
 1035 0553 01       		.byte	0x1
 1036 0554 80050000 		.4byte	0x580
 1037 0558 16       		.uleb128 0x16
 1038 0559 64727600 		.ascii	"drv\000"
 1039 055d 01       		.byte	0x1
 1040 055e 25       		.byte	0x25
 1041 055f DC040000 		.4byte	0x4dc
 1042 0563 20000000 		.4byte	.LLST1
 1043 0567 17       		.uleb128 0x17
 1044 0568 CA030000 		.4byte	.LASF83
 1045 056c 01       		.byte	0x1
 1046 056d 28       		.byte	0x28
 1047 056e FD040000 		.4byte	0x4fd
 1048 0572 41000000 		.4byte	.LLST2
 1049 0576 18       		.uleb128 0x18
 1050 0577 14000000 		.4byte	.LVL4
 1051 057b 36070000 		.4byte	0x736
 1052 057f 00       		.byte	0
 1053 0580 15       		.uleb128 0x15
 1054 0581 01       		.byte	0x1
 1055 0582 17030000 		.4byte	.LASF82
 1056 0586 01       		.byte	0x1
 1057 0587 47       		.byte	0x47
 1058 0588 01       		.byte	0x1
 1059 0589 FD040000 		.4byte	0x4fd
 1060 058d 00000000 		.4byte	.LFB63
 1061 0591 24000000 		.4byte	.LFE63
 1062 0595 69000000 		.4byte	.LLST3
 1063 0599 01       		.byte	0x1
 1064 059a C6050000 		.4byte	0x5c6
 1065 059e 16       		.uleb128 0x16
 1066 059f 64727600 		.ascii	"drv\000"
 1067 05a3 01       		.byte	0x1
 1068 05a4 48       		.byte	0x48
 1069 05a5 DC040000 		.4byte	0x4dc
 1070 05a9 89000000 		.4byte	.LLST4
 1071 05ad 17       		.uleb128 0x17
 1072 05ae CA030000 		.4byte	.LASF83
 1073 05b2 01       		.byte	0x1
 1074 05b3 4B       		.byte	0x4b
 1075 05b4 FD040000 		.4byte	0x4fd
 1076 05b8 AA000000 		.4byte	.LLST5
ARM GAS  /var/folders/dt/0wfd0knj7gs46m8vwfzktm600000gn/T//cclP38ac.s 			page 20


 1077 05bc 18       		.uleb128 0x18
 1078 05bd 14000000 		.4byte	.LVL10
 1079 05c1 36070000 		.4byte	0x736
 1080 05c5 00       		.byte	0
 1081 05c6 15       		.uleb128 0x15
 1082 05c7 01       		.byte	0x1
 1083 05c8 99010000 		.4byte	.LASF84
 1084 05cc 01       		.byte	0x1
 1085 05cd 6A       		.byte	0x6a
 1086 05ce 01       		.byte	0x1
 1087 05cf 2F050000 		.4byte	0x52f
 1088 05d3 00000000 		.4byte	.LFB64
 1089 05d7 2C000000 		.4byte	.LFE64
 1090 05db D2000000 		.4byte	.LLST6
 1091 05df 01       		.byte	0x1
 1092 05e0 38060000 		.4byte	0x638
 1093 05e4 16       		.uleb128 0x16
 1094 05e5 64727600 		.ascii	"drv\000"
 1095 05e9 01       		.byte	0x1
 1096 05ea 6B       		.byte	0x6b
 1097 05eb DC040000 		.4byte	0x4dc
 1098 05ef F2000000 		.4byte	.LLST7
 1099 05f3 19       		.uleb128 0x19
 1100 05f4 A8020000 		.4byte	.LASF85
 1101 05f8 01       		.byte	0x1
 1102 05f9 6C       		.byte	0x6c
 1103 05fa 38060000 		.4byte	0x638
 1104 05fe 2C010000 		.4byte	.LLST8
 1105 0602 19       		.uleb128 0x19
 1106 0603 0D010000 		.4byte	.LASF86
 1107 0607 01       		.byte	0x1
 1108 0608 6D       		.byte	0x6d
 1109 0609 F2040000 		.4byte	0x4f2
 1110 060d 60010000 		.4byte	.LLST9
 1111 0611 19       		.uleb128 0x19
 1112 0612 77030000 		.4byte	.LASF87
 1113 0616 01       		.byte	0x1
 1114 0617 6E       		.byte	0x6e
 1115 0618 DC040000 		.4byte	0x4dc
 1116 061c 8C010000 		.4byte	.LLST10
 1117 0620 1A       		.uleb128 0x1a
 1118 0621 1E000000 		.4byte	.LVL19
 1119 0625 54070000 		.4byte	0x754
 1120 0629 1B       		.uleb128 0x1b
 1121 062a 01       		.byte	0x1
 1122 062b 52       		.byte	0x52
 1123 062c 02       		.byte	0x2
 1124 062d 74       		.byte	0x74
 1125 062e 00       		.sleb128 0
 1126 062f 1B       		.uleb128 0x1b
 1127 0630 01       		.byte	0x1
 1128 0631 51       		.byte	0x51
 1129 0632 03       		.byte	0x3
 1130 0633 F3       		.byte	0xf3
 1131 0634 01       		.uleb128 0x1
 1132 0635 52       		.byte	0x52
 1133 0636 00       		.byte	0
ARM GAS  /var/folders/dt/0wfd0knj7gs46m8vwfzktm600000gn/T//cclP38ac.s 			page 21


 1134 0637 00       		.byte	0
 1135 0638 09       		.uleb128 0x9
 1136 0639 04       		.byte	0x4
 1137 063a DC040000 		.4byte	0x4dc
 1138 063e 15       		.uleb128 0x15
 1139 063f 01       		.byte	0x1
 1140 0640 2D020000 		.4byte	.LASF88
 1141 0644 01       		.byte	0x1
 1142 0645 93       		.byte	0x93
 1143 0646 01       		.byte	0x1
 1144 0647 2F050000 		.4byte	0x52f
 1145 064b 00000000 		.4byte	.LFB65
 1146 064f 2C000000 		.4byte	.LFE65
 1147 0653 AD010000 		.4byte	.LLST11
 1148 0657 01       		.byte	0x1
 1149 0658 B0060000 		.4byte	0x6b0
 1150 065c 16       		.uleb128 0x16
 1151 065d 64727600 		.ascii	"drv\000"
 1152 0661 01       		.byte	0x1
 1153 0662 94       		.byte	0x94
 1154 0663 DC040000 		.4byte	0x4dc
 1155 0667 CD010000 		.4byte	.LLST12
 1156 066b 19       		.uleb128 0x19
 1157 066c A8020000 		.4byte	.LASF85
 1158 0670 01       		.byte	0x1
 1159 0671 95       		.byte	0x95
 1160 0672 B0060000 		.4byte	0x6b0
 1161 0676 07020000 		.4byte	.LLST13
 1162 067a 19       		.uleb128 0x19
 1163 067b 0D010000 		.4byte	.LASF86
 1164 067f 01       		.byte	0x1
 1165 0680 96       		.byte	0x96
 1166 0681 F2040000 		.4byte	0x4f2
 1167 0685 3B020000 		.4byte	.LLST14
 1168 0689 19       		.uleb128 0x19
 1169 068a 77030000 		.4byte	.LASF87
 1170 068e 01       		.byte	0x1
 1171 068f 97       		.byte	0x97
 1172 0690 DC040000 		.4byte	0x4dc
 1173 0694 67020000 		.4byte	.LLST15
 1174 0698 1A       		.uleb128 0x1a
 1175 0699 1E000000 		.4byte	.LVL27
 1176 069d 7B070000 		.4byte	0x77b
 1177 06a1 1B       		.uleb128 0x1b
 1178 06a2 01       		.byte	0x1
 1179 06a3 52       		.byte	0x52
 1180 06a4 02       		.byte	0x2
 1181 06a5 74       		.byte	0x74
 1182 06a6 00       		.sleb128 0
 1183 06a7 1B       		.uleb128 0x1b
 1184 06a8 01       		.byte	0x1
 1185 06a9 51       		.byte	0x51
 1186 06aa 03       		.byte	0x3
 1187 06ab F3       		.byte	0xf3
 1188 06ac 01       		.uleb128 0x1
 1189 06ad 52       		.byte	0x52
 1190 06ae 00       		.byte	0
ARM GAS  /var/folders/dt/0wfd0knj7gs46m8vwfzktm600000gn/T//cclP38ac.s 			page 22


 1191 06af 00       		.byte	0
 1192 06b0 09       		.uleb128 0x9
 1193 06b1 04       		.byte	0x4
 1194 06b2 B6060000 		.4byte	0x6b6
 1195 06b6 10       		.uleb128 0x10
 1196 06b7 DC040000 		.4byte	0x4dc
 1197 06bb 1C       		.uleb128 0x1c
 1198 06bc 01       		.byte	0x1
 1199 06bd 7F020000 		.4byte	.LASF89
 1200 06c1 01       		.byte	0x1
 1201 06c2 BE       		.byte	0xbe
 1202 06c3 01       		.byte	0x1
 1203 06c4 2F050000 		.4byte	0x52f
 1204 06c8 00000000 		.4byte	.LFB66
 1205 06cc 18000000 		.4byte	.LFE66
 1206 06d0 02       		.byte	0x2
 1207 06d1 7D       		.byte	0x7d
 1208 06d2 00       		.sleb128 0
 1209 06d3 01       		.byte	0x1
 1210 06d4 02070000 		.4byte	0x702
 1211 06d8 16       		.uleb128 0x16
 1212 06d9 64727600 		.ascii	"drv\000"
 1213 06dd 01       		.byte	0x1
 1214 06de BF       		.byte	0xbf
 1215 06df DC040000 		.4byte	0x4dc
 1216 06e3 88020000 		.4byte	.LLST16
 1217 06e7 1D       		.uleb128 0x1d
 1218 06e8 50030000 		.4byte	.LASF90
 1219 06ec 01       		.byte	0x1
 1220 06ed C0       		.byte	0xc0
 1221 06ee DC040000 		.4byte	0x4dc
 1222 06f2 01       		.byte	0x1
 1223 06f3 51       		.byte	0x51
 1224 06f4 1D       		.uleb128 0x1d
 1225 06f5 A8020000 		.4byte	.LASF85
 1226 06f9 01       		.byte	0x1
 1227 06fa C1       		.byte	0xc1
 1228 06fb 6D020000 		.4byte	0x26d
 1229 06ff 01       		.byte	0x1
 1230 0700 52       		.byte	0x52
 1231 0701 00       		.byte	0
 1232 0702 1E       		.uleb128 0x1e
 1233 0703 01       		.byte	0x1
 1234 0704 8B030000 		.4byte	.LASF98
 1235 0708 01       		.byte	0x1
 1236 0709 E0       		.byte	0xe0
 1237 070a 01       		.byte	0x1
 1238 070b F2040000 		.4byte	0x4f2
 1239 070f 00000000 		.4byte	.LFB67
 1240 0713 04000000 		.4byte	.LFE67
 1241 0717 02       		.byte	0x2
 1242 0718 7D       		.byte	0x7d
 1243 0719 00       		.sleb128 0
 1244 071a 01       		.byte	0x1
 1245 071b 1F       		.uleb128 0x1f
 1246 071c DC030000 		.4byte	.LASF91
 1247 0720 0C       		.byte	0xc
ARM GAS  /var/folders/dt/0wfd0knj7gs46m8vwfzktm600000gn/T//cclP38ac.s 			page 23


 1248 0721 9404     		.2byte	0x494
 1249 0723 E1030000 		.4byte	0x3e1
 1250 0727 01       		.byte	0x1
 1251 0728 01       		.byte	0x1
 1252 0729 20       		.uleb128 0x20
 1253 072a E7020000 		.4byte	.LASF92
 1254 072e 01       		.byte	0x1
 1255 072f 14       		.byte	0x14
 1256 0730 35040000 		.4byte	0x435
 1257 0734 01       		.byte	0x1
 1258 0735 01       		.byte	0x1
 1259 0736 21       		.uleb128 0x21
 1260 0737 01       		.byte	0x1
 1261 0738 23030000 		.4byte	.LASF93
 1262 073c 09       		.byte	0x9
 1263 073d CE       		.byte	0xce
 1264 073e 01       		.byte	0x1
 1265 073f 90000000 		.4byte	0x90
 1266 0743 01       		.byte	0x1
 1267 0744 4E070000 		.4byte	0x74e
 1268 0748 22       		.uleb128 0x22
 1269 0749 4E070000 		.4byte	0x74e
 1270 074d 00       		.byte	0
 1271 074e 09       		.uleb128 0x9
 1272 074f 04       		.byte	0x4
 1273 0750 35040000 		.4byte	0x435
 1274 0754 21       		.uleb128 0x21
 1275 0755 01       		.byte	0x1
 1276 0756 1B010000 		.4byte	.LASF94
 1277 075a 08       		.byte	0x8
 1278 075b F8       		.byte	0xf8
 1279 075c 01       		.byte	0x1
 1280 075d 90000000 		.4byte	0x90
 1281 0761 01       		.byte	0x1
 1282 0762 7B070000 		.4byte	0x77b
 1283 0766 22       		.uleb128 0x22
 1284 0767 4E070000 		.4byte	0x74e
 1285 076b 22       		.uleb128 0x22
 1286 076c 70000000 		.4byte	0x70
 1287 0770 22       		.uleb128 0x22
 1288 0771 C0030000 		.4byte	0x3c0
 1289 0775 22       		.uleb128 0x22
 1290 0776 70000000 		.4byte	0x70
 1291 077a 00       		.byte	0
 1292 077b 23       		.uleb128 0x23
 1293 077c 01       		.byte	0x1
 1294 077d AF030000 		.4byte	.LASF99
 1295 0781 08       		.byte	0x8
 1296 0782 FA       		.byte	0xfa
 1297 0783 01       		.byte	0x1
 1298 0784 90000000 		.4byte	0x90
 1299 0788 01       		.byte	0x1
 1300 0789 22       		.uleb128 0x22
 1301 078a 4E070000 		.4byte	0x74e
 1302 078e 22       		.uleb128 0x22
 1303 078f 70000000 		.4byte	0x70
 1304 0793 22       		.uleb128 0x22
ARM GAS  /var/folders/dt/0wfd0knj7gs46m8vwfzktm600000gn/T//cclP38ac.s 			page 24


 1305 0794 C6030000 		.4byte	0x3c6
 1306 0798 22       		.uleb128 0x22
 1307 0799 70000000 		.4byte	0x70
 1308 079d 00       		.byte	0
 1309 079e 00       		.byte	0
 1310              		.section	.debug_abbrev,"",%progbits
 1311              	.Ldebug_abbrev0:
 1312 0000 01       		.uleb128 0x1
 1313 0001 11       		.uleb128 0x11
 1314 0002 01       		.byte	0x1
 1315 0003 25       		.uleb128 0x25
 1316 0004 0E       		.uleb128 0xe
 1317 0005 13       		.uleb128 0x13
 1318 0006 0B       		.uleb128 0xb
 1319 0007 03       		.uleb128 0x3
 1320 0008 0E       		.uleb128 0xe
 1321 0009 1B       		.uleb128 0x1b
 1322 000a 0E       		.uleb128 0xe
 1323 000b 55       		.uleb128 0x55
 1324 000c 06       		.uleb128 0x6
 1325 000d 11       		.uleb128 0x11
 1326 000e 01       		.uleb128 0x1
 1327 000f 52       		.uleb128 0x52
 1328 0010 01       		.uleb128 0x1
 1329 0011 10       		.uleb128 0x10
 1330 0012 06       		.uleb128 0x6
 1331 0013 00       		.byte	0
 1332 0014 00       		.byte	0
 1333 0015 02       		.uleb128 0x2
 1334 0016 24       		.uleb128 0x24
 1335 0017 00       		.byte	0
 1336 0018 0B       		.uleb128 0xb
 1337 0019 0B       		.uleb128 0xb
 1338 001a 3E       		.uleb128 0x3e
 1339 001b 0B       		.uleb128 0xb
 1340 001c 03       		.uleb128 0x3
 1341 001d 08       		.uleb128 0x8
 1342 001e 00       		.byte	0
 1343 001f 00       		.byte	0
 1344 0020 03       		.uleb128 0x3
 1345 0021 24       		.uleb128 0x24
 1346 0022 00       		.byte	0
 1347 0023 0B       		.uleb128 0xb
 1348 0024 0B       		.uleb128 0xb
 1349 0025 3E       		.uleb128 0x3e
 1350 0026 0B       		.uleb128 0xb
 1351 0027 03       		.uleb128 0x3
 1352 0028 0E       		.uleb128 0xe
 1353 0029 00       		.byte	0
 1354 002a 00       		.byte	0
 1355 002b 04       		.uleb128 0x4
 1356 002c 16       		.uleb128 0x16
 1357 002d 00       		.byte	0
 1358 002e 03       		.uleb128 0x3
 1359 002f 0E       		.uleb128 0xe
 1360 0030 3A       		.uleb128 0x3a
 1361 0031 0B       		.uleb128 0xb
ARM GAS  /var/folders/dt/0wfd0knj7gs46m8vwfzktm600000gn/T//cclP38ac.s 			page 25


 1362 0032 3B       		.uleb128 0x3b
 1363 0033 0B       		.uleb128 0xb
 1364 0034 49       		.uleb128 0x49
 1365 0035 13       		.uleb128 0x13
 1366 0036 00       		.byte	0
 1367 0037 00       		.byte	0
 1368 0038 05       		.uleb128 0x5
 1369 0039 13       		.uleb128 0x13
 1370 003a 01       		.byte	0x1
 1371 003b 03       		.uleb128 0x3
 1372 003c 0E       		.uleb128 0xe
 1373 003d 0B       		.uleb128 0xb
 1374 003e 0B       		.uleb128 0xb
 1375 003f 3A       		.uleb128 0x3a
 1376 0040 0B       		.uleb128 0xb
 1377 0041 3B       		.uleb128 0x3b
 1378 0042 0B       		.uleb128 0xb
 1379 0043 01       		.uleb128 0x1
 1380 0044 13       		.uleb128 0x13
 1381 0045 00       		.byte	0
 1382 0046 00       		.byte	0
 1383 0047 06       		.uleb128 0x6
 1384 0048 0D       		.uleb128 0xd
 1385 0049 00       		.byte	0
 1386 004a 03       		.uleb128 0x3
 1387 004b 0E       		.uleb128 0xe
 1388 004c 3A       		.uleb128 0x3a
 1389 004d 0B       		.uleb128 0xb
 1390 004e 3B       		.uleb128 0x3b
 1391 004f 0B       		.uleb128 0xb
 1392 0050 49       		.uleb128 0x49
 1393 0051 13       		.uleb128 0x13
 1394 0052 38       		.uleb128 0x38
 1395 0053 0A       		.uleb128 0xa
 1396 0054 00       		.byte	0
 1397 0055 00       		.byte	0
 1398 0056 07       		.uleb128 0x7
 1399 0057 0D       		.uleb128 0xd
 1400 0058 00       		.byte	0
 1401 0059 03       		.uleb128 0x3
 1402 005a 08       		.uleb128 0x8
 1403 005b 3A       		.uleb128 0x3a
 1404 005c 0B       		.uleb128 0xb
 1405 005d 3B       		.uleb128 0x3b
 1406 005e 0B       		.uleb128 0xb
 1407 005f 49       		.uleb128 0x49
 1408 0060 13       		.uleb128 0x13
 1409 0061 38       		.uleb128 0x38
 1410 0062 0A       		.uleb128 0xa
 1411 0063 00       		.byte	0
 1412 0064 00       		.byte	0
 1413 0065 08       		.uleb128 0x8
 1414 0066 13       		.uleb128 0x13
 1415 0067 01       		.byte	0x1
 1416 0068 0B       		.uleb128 0xb
 1417 0069 0B       		.uleb128 0xb
 1418 006a 3A       		.uleb128 0x3a
ARM GAS  /var/folders/dt/0wfd0knj7gs46m8vwfzktm600000gn/T//cclP38ac.s 			page 26


 1419 006b 0B       		.uleb128 0xb
 1420 006c 3B       		.uleb128 0x3b
 1421 006d 0B       		.uleb128 0xb
 1422 006e 01       		.uleb128 0x1
 1423 006f 13       		.uleb128 0x13
 1424 0070 00       		.byte	0
 1425 0071 00       		.byte	0
 1426 0072 09       		.uleb128 0x9
 1427 0073 0F       		.uleb128 0xf
 1428 0074 00       		.byte	0
 1429 0075 0B       		.uleb128 0xb
 1430 0076 0B       		.uleb128 0xb
 1431 0077 49       		.uleb128 0x49
 1432 0078 13       		.uleb128 0x13
 1433 0079 00       		.byte	0
 1434 007a 00       		.byte	0
 1435 007b 0A       		.uleb128 0xa
 1436 007c 0F       		.uleb128 0xf
 1437 007d 00       		.byte	0
 1438 007e 0B       		.uleb128 0xb
 1439 007f 0B       		.uleb128 0xb
 1440 0080 00       		.byte	0
 1441 0081 00       		.byte	0
 1442 0082 0B       		.uleb128 0xb
 1443 0083 0D       		.uleb128 0xd
 1444 0084 00       		.byte	0
 1445 0085 03       		.uleb128 0x3
 1446 0086 08       		.uleb128 0x8
 1447 0087 3A       		.uleb128 0x3a
 1448 0088 0B       		.uleb128 0xb
 1449 0089 3B       		.uleb128 0x3b
 1450 008a 05       		.uleb128 0x5
 1451 008b 49       		.uleb128 0x49
 1452 008c 13       		.uleb128 0x13
 1453 008d 38       		.uleb128 0x38
 1454 008e 0A       		.uleb128 0xa
 1455 008f 00       		.byte	0
 1456 0090 00       		.byte	0
 1457 0091 0C       		.uleb128 0xc
 1458 0092 13       		.uleb128 0x13
 1459 0093 01       		.byte	0x1
 1460 0094 03       		.uleb128 0x3
 1461 0095 0E       		.uleb128 0xe
 1462 0096 0B       		.uleb128 0xb
 1463 0097 0B       		.uleb128 0xb
 1464 0098 3A       		.uleb128 0x3a
 1465 0099 0B       		.uleb128 0xb
 1466 009a 3B       		.uleb128 0x3b
 1467 009b 05       		.uleb128 0x5
 1468 009c 01       		.uleb128 0x1
 1469 009d 13       		.uleb128 0x13
 1470 009e 00       		.byte	0
 1471 009f 00       		.byte	0
 1472 00a0 0D       		.uleb128 0xd
 1473 00a1 35       		.uleb128 0x35
 1474 00a2 00       		.byte	0
 1475 00a3 49       		.uleb128 0x49
ARM GAS  /var/folders/dt/0wfd0knj7gs46m8vwfzktm600000gn/T//cclP38ac.s 			page 27


 1476 00a4 13       		.uleb128 0x13
 1477 00a5 00       		.byte	0
 1478 00a6 00       		.byte	0
 1479 00a7 0E       		.uleb128 0xe
 1480 00a8 17       		.uleb128 0x17
 1481 00a9 01       		.byte	0x1
 1482 00aa 0B       		.uleb128 0xb
 1483 00ab 0B       		.uleb128 0xb
 1484 00ac 3A       		.uleb128 0x3a
 1485 00ad 0B       		.uleb128 0xb
 1486 00ae 3B       		.uleb128 0x3b
 1487 00af 0B       		.uleb128 0xb
 1488 00b0 01       		.uleb128 0x1
 1489 00b1 13       		.uleb128 0x13
 1490 00b2 00       		.byte	0
 1491 00b3 00       		.byte	0
 1492 00b4 0F       		.uleb128 0xf
 1493 00b5 0D       		.uleb128 0xd
 1494 00b6 00       		.byte	0
 1495 00b7 03       		.uleb128 0x3
 1496 00b8 0E       		.uleb128 0xe
 1497 00b9 3A       		.uleb128 0x3a
 1498 00ba 0B       		.uleb128 0xb
 1499 00bb 3B       		.uleb128 0x3b
 1500 00bc 0B       		.uleb128 0xb
 1501 00bd 49       		.uleb128 0x49
 1502 00be 13       		.uleb128 0x13
 1503 00bf 00       		.byte	0
 1504 00c0 00       		.byte	0
 1505 00c1 10       		.uleb128 0x10
 1506 00c2 26       		.uleb128 0x26
 1507 00c3 00       		.byte	0
 1508 00c4 49       		.uleb128 0x49
 1509 00c5 13       		.uleb128 0x13
 1510 00c6 00       		.byte	0
 1511 00c7 00       		.byte	0
 1512 00c8 11       		.uleb128 0x11
 1513 00c9 01       		.uleb128 0x1
 1514 00ca 01       		.byte	0x1
 1515 00cb 49       		.uleb128 0x49
 1516 00cc 13       		.uleb128 0x13
 1517 00cd 01       		.uleb128 0x1
 1518 00ce 13       		.uleb128 0x13
 1519 00cf 00       		.byte	0
 1520 00d0 00       		.byte	0
 1521 00d1 12       		.uleb128 0x12
 1522 00d2 21       		.uleb128 0x21
 1523 00d3 00       		.byte	0
 1524 00d4 49       		.uleb128 0x49
 1525 00d5 13       		.uleb128 0x13
 1526 00d6 2F       		.uleb128 0x2f
 1527 00d7 0B       		.uleb128 0xb
 1528 00d8 00       		.byte	0
 1529 00d9 00       		.byte	0
 1530 00da 13       		.uleb128 0x13
 1531 00db 04       		.uleb128 0x4
 1532 00dc 01       		.byte	0x1
ARM GAS  /var/folders/dt/0wfd0knj7gs46m8vwfzktm600000gn/T//cclP38ac.s 			page 28


 1533 00dd 0B       		.uleb128 0xb
 1534 00de 0B       		.uleb128 0xb
 1535 00df 3A       		.uleb128 0x3a
 1536 00e0 0B       		.uleb128 0xb
 1537 00e1 3B       		.uleb128 0x3b
 1538 00e2 0B       		.uleb128 0xb
 1539 00e3 01       		.uleb128 0x1
 1540 00e4 13       		.uleb128 0x13
 1541 00e5 00       		.byte	0
 1542 00e6 00       		.byte	0
 1543 00e7 14       		.uleb128 0x14
 1544 00e8 28       		.uleb128 0x28
 1545 00e9 00       		.byte	0
 1546 00ea 03       		.uleb128 0x3
 1547 00eb 0E       		.uleb128 0xe
 1548 00ec 1C       		.uleb128 0x1c
 1549 00ed 0D       		.uleb128 0xd
 1550 00ee 00       		.byte	0
 1551 00ef 00       		.byte	0
 1552 00f0 15       		.uleb128 0x15
 1553 00f1 2E       		.uleb128 0x2e
 1554 00f2 01       		.byte	0x1
 1555 00f3 3F       		.uleb128 0x3f
 1556 00f4 0C       		.uleb128 0xc
 1557 00f5 03       		.uleb128 0x3
 1558 00f6 0E       		.uleb128 0xe
 1559 00f7 3A       		.uleb128 0x3a
 1560 00f8 0B       		.uleb128 0xb
 1561 00f9 3B       		.uleb128 0x3b
 1562 00fa 0B       		.uleb128 0xb
 1563 00fb 27       		.uleb128 0x27
 1564 00fc 0C       		.uleb128 0xc
 1565 00fd 49       		.uleb128 0x49
 1566 00fe 13       		.uleb128 0x13
 1567 00ff 11       		.uleb128 0x11
 1568 0100 01       		.uleb128 0x1
 1569 0101 12       		.uleb128 0x12
 1570 0102 01       		.uleb128 0x1
 1571 0103 40       		.uleb128 0x40
 1572 0104 06       		.uleb128 0x6
 1573 0105 9742     		.uleb128 0x2117
 1574 0107 0C       		.uleb128 0xc
 1575 0108 01       		.uleb128 0x1
 1576 0109 13       		.uleb128 0x13
 1577 010a 00       		.byte	0
 1578 010b 00       		.byte	0
 1579 010c 16       		.uleb128 0x16
 1580 010d 05       		.uleb128 0x5
 1581 010e 00       		.byte	0
 1582 010f 03       		.uleb128 0x3
 1583 0110 08       		.uleb128 0x8
 1584 0111 3A       		.uleb128 0x3a
 1585 0112 0B       		.uleb128 0xb
 1586 0113 3B       		.uleb128 0x3b
 1587 0114 0B       		.uleb128 0xb
 1588 0115 49       		.uleb128 0x49
 1589 0116 13       		.uleb128 0x13
ARM GAS  /var/folders/dt/0wfd0knj7gs46m8vwfzktm600000gn/T//cclP38ac.s 			page 29


 1590 0117 02       		.uleb128 0x2
 1591 0118 06       		.uleb128 0x6
 1592 0119 00       		.byte	0
 1593 011a 00       		.byte	0
 1594 011b 17       		.uleb128 0x17
 1595 011c 34       		.uleb128 0x34
 1596 011d 00       		.byte	0
 1597 011e 03       		.uleb128 0x3
 1598 011f 0E       		.uleb128 0xe
 1599 0120 3A       		.uleb128 0x3a
 1600 0121 0B       		.uleb128 0xb
 1601 0122 3B       		.uleb128 0x3b
 1602 0123 0B       		.uleb128 0xb
 1603 0124 49       		.uleb128 0x49
 1604 0125 13       		.uleb128 0x13
 1605 0126 02       		.uleb128 0x2
 1606 0127 06       		.uleb128 0x6
 1607 0128 00       		.byte	0
 1608 0129 00       		.byte	0
 1609 012a 18       		.uleb128 0x18
 1610 012b 898201   		.uleb128 0x4109
 1611 012e 00       		.byte	0
 1612 012f 11       		.uleb128 0x11
 1613 0130 01       		.uleb128 0x1
 1614 0131 31       		.uleb128 0x31
 1615 0132 13       		.uleb128 0x13
 1616 0133 00       		.byte	0
 1617 0134 00       		.byte	0
 1618 0135 19       		.uleb128 0x19
 1619 0136 05       		.uleb128 0x5
 1620 0137 00       		.byte	0
 1621 0138 03       		.uleb128 0x3
 1622 0139 0E       		.uleb128 0xe
 1623 013a 3A       		.uleb128 0x3a
 1624 013b 0B       		.uleb128 0xb
 1625 013c 3B       		.uleb128 0x3b
 1626 013d 0B       		.uleb128 0xb
 1627 013e 49       		.uleb128 0x49
 1628 013f 13       		.uleb128 0x13
 1629 0140 02       		.uleb128 0x2
 1630 0141 06       		.uleb128 0x6
 1631 0142 00       		.byte	0
 1632 0143 00       		.byte	0
 1633 0144 1A       		.uleb128 0x1a
 1634 0145 898201   		.uleb128 0x4109
 1635 0148 01       		.byte	0x1
 1636 0149 11       		.uleb128 0x11
 1637 014a 01       		.uleb128 0x1
 1638 014b 31       		.uleb128 0x31
 1639 014c 13       		.uleb128 0x13
 1640 014d 00       		.byte	0
 1641 014e 00       		.byte	0
 1642 014f 1B       		.uleb128 0x1b
 1643 0150 8A8201   		.uleb128 0x410a
 1644 0153 00       		.byte	0
 1645 0154 02       		.uleb128 0x2
 1646 0155 0A       		.uleb128 0xa
ARM GAS  /var/folders/dt/0wfd0knj7gs46m8vwfzktm600000gn/T//cclP38ac.s 			page 30


 1647 0156 9142     		.uleb128 0x2111
 1648 0158 0A       		.uleb128 0xa
 1649 0159 00       		.byte	0
 1650 015a 00       		.byte	0
 1651 015b 1C       		.uleb128 0x1c
 1652 015c 2E       		.uleb128 0x2e
 1653 015d 01       		.byte	0x1
 1654 015e 3F       		.uleb128 0x3f
 1655 015f 0C       		.uleb128 0xc
 1656 0160 03       		.uleb128 0x3
 1657 0161 0E       		.uleb128 0xe
 1658 0162 3A       		.uleb128 0x3a
 1659 0163 0B       		.uleb128 0xb
 1660 0164 3B       		.uleb128 0x3b
 1661 0165 0B       		.uleb128 0xb
 1662 0166 27       		.uleb128 0x27
 1663 0167 0C       		.uleb128 0xc
 1664 0168 49       		.uleb128 0x49
 1665 0169 13       		.uleb128 0x13
 1666 016a 11       		.uleb128 0x11
 1667 016b 01       		.uleb128 0x1
 1668 016c 12       		.uleb128 0x12
 1669 016d 01       		.uleb128 0x1
 1670 016e 40       		.uleb128 0x40
 1671 016f 0A       		.uleb128 0xa
 1672 0170 9742     		.uleb128 0x2117
 1673 0172 0C       		.uleb128 0xc
 1674 0173 01       		.uleb128 0x1
 1675 0174 13       		.uleb128 0x13
 1676 0175 00       		.byte	0
 1677 0176 00       		.byte	0
 1678 0177 1D       		.uleb128 0x1d
 1679 0178 05       		.uleb128 0x5
 1680 0179 00       		.byte	0
 1681 017a 03       		.uleb128 0x3
 1682 017b 0E       		.uleb128 0xe
 1683 017c 3A       		.uleb128 0x3a
 1684 017d 0B       		.uleb128 0xb
 1685 017e 3B       		.uleb128 0x3b
 1686 017f 0B       		.uleb128 0xb
 1687 0180 49       		.uleb128 0x49
 1688 0181 13       		.uleb128 0x13
 1689 0182 02       		.uleb128 0x2
 1690 0183 0A       		.uleb128 0xa
 1691 0184 00       		.byte	0
 1692 0185 00       		.byte	0
 1693 0186 1E       		.uleb128 0x1e
 1694 0187 2E       		.uleb128 0x2e
 1695 0188 00       		.byte	0
 1696 0189 3F       		.uleb128 0x3f
 1697 018a 0C       		.uleb128 0xc
 1698 018b 03       		.uleb128 0x3
 1699 018c 0E       		.uleb128 0xe
 1700 018d 3A       		.uleb128 0x3a
 1701 018e 0B       		.uleb128 0xb
 1702 018f 3B       		.uleb128 0x3b
 1703 0190 0B       		.uleb128 0xb
ARM GAS  /var/folders/dt/0wfd0knj7gs46m8vwfzktm600000gn/T//cclP38ac.s 			page 31


 1704 0191 27       		.uleb128 0x27
 1705 0192 0C       		.uleb128 0xc
 1706 0193 49       		.uleb128 0x49
 1707 0194 13       		.uleb128 0x13
 1708 0195 11       		.uleb128 0x11
 1709 0196 01       		.uleb128 0x1
 1710 0197 12       		.uleb128 0x12
 1711 0198 01       		.uleb128 0x1
 1712 0199 40       		.uleb128 0x40
 1713 019a 0A       		.uleb128 0xa
 1714 019b 9742     		.uleb128 0x2117
 1715 019d 0C       		.uleb128 0xc
 1716 019e 00       		.byte	0
 1717 019f 00       		.byte	0
 1718 01a0 1F       		.uleb128 0x1f
 1719 01a1 34       		.uleb128 0x34
 1720 01a2 00       		.byte	0
 1721 01a3 03       		.uleb128 0x3
 1722 01a4 0E       		.uleb128 0xe
 1723 01a5 3A       		.uleb128 0x3a
 1724 01a6 0B       		.uleb128 0xb
 1725 01a7 3B       		.uleb128 0x3b
 1726 01a8 05       		.uleb128 0x5
 1727 01a9 49       		.uleb128 0x49
 1728 01aa 13       		.uleb128 0x13
 1729 01ab 3F       		.uleb128 0x3f
 1730 01ac 0C       		.uleb128 0xc
 1731 01ad 3C       		.uleb128 0x3c
 1732 01ae 0C       		.uleb128 0xc
 1733 01af 00       		.byte	0
 1734 01b0 00       		.byte	0
 1735 01b1 20       		.uleb128 0x20
 1736 01b2 34       		.uleb128 0x34
 1737 01b3 00       		.byte	0
 1738 01b4 03       		.uleb128 0x3
 1739 01b5 0E       		.uleb128 0xe
 1740 01b6 3A       		.uleb128 0x3a
 1741 01b7 0B       		.uleb128 0xb
 1742 01b8 3B       		.uleb128 0x3b
 1743 01b9 0B       		.uleb128 0xb
 1744 01ba 49       		.uleb128 0x49
 1745 01bb 13       		.uleb128 0x13
 1746 01bc 3F       		.uleb128 0x3f
 1747 01bd 0C       		.uleb128 0xc
 1748 01be 3C       		.uleb128 0x3c
 1749 01bf 0C       		.uleb128 0xc
 1750 01c0 00       		.byte	0
 1751 01c1 00       		.byte	0
 1752 01c2 21       		.uleb128 0x21
 1753 01c3 2E       		.uleb128 0x2e
 1754 01c4 01       		.byte	0x1
 1755 01c5 3F       		.uleb128 0x3f
 1756 01c6 0C       		.uleb128 0xc
 1757 01c7 03       		.uleb128 0x3
 1758 01c8 0E       		.uleb128 0xe
 1759 01c9 3A       		.uleb128 0x3a
 1760 01ca 0B       		.uleb128 0xb
ARM GAS  /var/folders/dt/0wfd0knj7gs46m8vwfzktm600000gn/T//cclP38ac.s 			page 32


 1761 01cb 3B       		.uleb128 0x3b
 1762 01cc 0B       		.uleb128 0xb
 1763 01cd 27       		.uleb128 0x27
 1764 01ce 0C       		.uleb128 0xc
 1765 01cf 49       		.uleb128 0x49
 1766 01d0 13       		.uleb128 0x13
 1767 01d1 3C       		.uleb128 0x3c
 1768 01d2 0C       		.uleb128 0xc
 1769 01d3 01       		.uleb128 0x1
 1770 01d4 13       		.uleb128 0x13
 1771 01d5 00       		.byte	0
 1772 01d6 00       		.byte	0
 1773 01d7 22       		.uleb128 0x22
 1774 01d8 05       		.uleb128 0x5
 1775 01d9 00       		.byte	0
 1776 01da 49       		.uleb128 0x49
 1777 01db 13       		.uleb128 0x13
 1778 01dc 00       		.byte	0
 1779 01dd 00       		.byte	0
 1780 01de 23       		.uleb128 0x23
 1781 01df 2E       		.uleb128 0x2e
 1782 01e0 01       		.byte	0x1
 1783 01e1 3F       		.uleb128 0x3f
 1784 01e2 0C       		.uleb128 0xc
 1785 01e3 03       		.uleb128 0x3
 1786 01e4 0E       		.uleb128 0xe
 1787 01e5 3A       		.uleb128 0x3a
 1788 01e6 0B       		.uleb128 0xb
 1789 01e7 3B       		.uleb128 0x3b
 1790 01e8 0B       		.uleb128 0xb
 1791 01e9 27       		.uleb128 0x27
 1792 01ea 0C       		.uleb128 0xc
 1793 01eb 49       		.uleb128 0x49
 1794 01ec 13       		.uleb128 0x13
 1795 01ed 3C       		.uleb128 0x3c
 1796 01ee 0C       		.uleb128 0xc
 1797 01ef 00       		.byte	0
 1798 01f0 00       		.byte	0
 1799 01f1 00       		.byte	0
 1800              		.section	.debug_loc,"",%progbits
 1801              	.Ldebug_loc0:
 1802              	.LLST0:
 1803 0000 00000000 		.4byte	.LFB62
 1804 0004 02000000 		.4byte	.LCFI0
 1805 0008 0200     		.2byte	0x2
 1806 000a 7D       		.byte	0x7d
 1807 000b 00       		.sleb128 0
 1808 000c 02000000 		.4byte	.LCFI0
 1809 0010 24000000 		.4byte	.LFE62
 1810 0014 0200     		.2byte	0x2
 1811 0016 7D       		.byte	0x7d
 1812 0017 08       		.sleb128 8
 1813 0018 00000000 		.4byte	0
 1814 001c 00000000 		.4byte	0
 1815              	.LLST1:
 1816 0020 00000000 		.4byte	.LVL0
 1817 0024 08000000 		.4byte	.LVL2
ARM GAS  /var/folders/dt/0wfd0knj7gs46m8vwfzktm600000gn/T//cclP38ac.s 			page 33


 1818 0028 0100     		.2byte	0x1
 1819 002a 50       		.byte	0x50
 1820 002b 08000000 		.4byte	.LVL2
 1821 002f 24000000 		.4byte	.LFE62
 1822 0033 0400     		.2byte	0x4
 1823 0035 F3       		.byte	0xf3
 1824 0036 01       		.uleb128 0x1
 1825 0037 50       		.byte	0x50
 1826 0038 9F       		.byte	0x9f
 1827 0039 00000000 		.4byte	0
 1828 003d 00000000 		.4byte	0
 1829              	.LLST2:
 1830 0041 06000000 		.4byte	.LVL1
 1831 0045 10000000 		.4byte	.LVL3
 1832 0049 0200     		.2byte	0x2
 1833 004b 30       		.byte	0x30
 1834 004c 9F       		.byte	0x9f
 1835 004d 10000000 		.4byte	.LVL3
 1836 0051 13000000 		.4byte	.LVL4-1
 1837 0055 0A00     		.2byte	0xa
 1838 0057 70       		.byte	0x70
 1839 0058 00       		.sleb128 0
 1840 0059 94       		.byte	0x94
 1841 005a 01       		.byte	0x1
 1842 005b 08       		.byte	0x8
 1843 005c FF       		.byte	0xff
 1844 005d 1A       		.byte	0x1a
 1845 005e 35       		.byte	0x35
 1846 005f 2E       		.byte	0x2e
 1847 0060 9F       		.byte	0x9f
 1848 0061 00000000 		.4byte	0
 1849 0065 00000000 		.4byte	0
 1850              	.LLST3:
 1851 0069 00000000 		.4byte	.LFB63
 1852 006d 02000000 		.4byte	.LCFI1
 1853 0071 0200     		.2byte	0x2
 1854 0073 7D       		.byte	0x7d
 1855 0074 00       		.sleb128 0
 1856 0075 02000000 		.4byte	.LCFI1
 1857 0079 24000000 		.4byte	.LFE63
 1858 007d 0200     		.2byte	0x2
 1859 007f 7D       		.byte	0x7d
 1860 0080 08       		.sleb128 8
 1861 0081 00000000 		.4byte	0
 1862 0085 00000000 		.4byte	0
 1863              	.LLST4:
 1864 0089 00000000 		.4byte	.LVL6
 1865 008d 08000000 		.4byte	.LVL8
 1866 0091 0100     		.2byte	0x1
 1867 0093 50       		.byte	0x50
 1868 0094 08000000 		.4byte	.LVL8
 1869 0098 24000000 		.4byte	.LFE63
 1870 009c 0400     		.2byte	0x4
 1871 009e F3       		.byte	0xf3
 1872 009f 01       		.uleb128 0x1
 1873 00a0 50       		.byte	0x50
 1874 00a1 9F       		.byte	0x9f
ARM GAS  /var/folders/dt/0wfd0knj7gs46m8vwfzktm600000gn/T//cclP38ac.s 			page 34


 1875 00a2 00000000 		.4byte	0
 1876 00a6 00000000 		.4byte	0
 1877              	.LLST5:
 1878 00aa 06000000 		.4byte	.LVL7
 1879 00ae 10000000 		.4byte	.LVL9
 1880 00b2 0200     		.2byte	0x2
 1881 00b4 30       		.byte	0x30
 1882 00b5 9F       		.byte	0x9f
 1883 00b6 10000000 		.4byte	.LVL9
 1884 00ba 13000000 		.4byte	.LVL10-1
 1885 00be 0A00     		.2byte	0xa
 1886 00c0 70       		.byte	0x70
 1887 00c1 00       		.sleb128 0
 1888 00c2 94       		.byte	0x94
 1889 00c3 01       		.byte	0x1
 1890 00c4 08       		.byte	0x8
 1891 00c5 FF       		.byte	0xff
 1892 00c6 1A       		.byte	0x1a
 1893 00c7 35       		.byte	0x35
 1894 00c8 2E       		.byte	0x2e
 1895 00c9 9F       		.byte	0x9f
 1896 00ca 00000000 		.4byte	0
 1897 00ce 00000000 		.4byte	0
 1898              	.LLST6:
 1899 00d2 00000000 		.4byte	.LFB64
 1900 00d6 02000000 		.4byte	.LCFI2
 1901 00da 0200     		.2byte	0x2
 1902 00dc 7D       		.byte	0x7d
 1903 00dd 00       		.sleb128 0
 1904 00de 02000000 		.4byte	.LCFI2
 1905 00e2 2C000000 		.4byte	.LFE64
 1906 00e6 0200     		.2byte	0x2
 1907 00e8 7D       		.byte	0x7d
 1908 00e9 08       		.sleb128 8
 1909 00ea 00000000 		.4byte	0
 1910 00ee 00000000 		.4byte	0
 1911              	.LLST7:
 1912 00f2 00000000 		.4byte	.LVL12
 1913 00f6 08000000 		.4byte	.LVL13
 1914 00fa 0100     		.2byte	0x1
 1915 00fc 50       		.byte	0x50
 1916 00fd 08000000 		.4byte	.LVL13
 1917 0101 12000000 		.4byte	.LVL15
 1918 0105 0400     		.2byte	0x4
 1919 0107 F3       		.byte	0xf3
 1920 0108 01       		.uleb128 0x1
 1921 0109 50       		.byte	0x50
 1922 010a 9F       		.byte	0x9f
 1923 010b 12000000 		.4byte	.LVL15
 1924 010f 14000000 		.4byte	.LVL16
 1925 0113 0100     		.2byte	0x1
 1926 0115 50       		.byte	0x50
 1927 0116 14000000 		.4byte	.LVL16
 1928 011a 2C000000 		.4byte	.LFE64
 1929 011e 0400     		.2byte	0x4
 1930 0120 F3       		.byte	0xf3
 1931 0121 01       		.uleb128 0x1
ARM GAS  /var/folders/dt/0wfd0knj7gs46m8vwfzktm600000gn/T//cclP38ac.s 			page 35


 1932 0122 50       		.byte	0x50
 1933 0123 9F       		.byte	0x9f
 1934 0124 00000000 		.4byte	0
 1935 0128 00000000 		.4byte	0
 1936              	.LLST8:
 1937 012c 00000000 		.4byte	.LVL12
 1938 0130 0A000000 		.4byte	.LVL14
 1939 0134 0100     		.2byte	0x1
 1940 0136 51       		.byte	0x51
 1941 0137 0A000000 		.4byte	.LVL14
 1942 013b 12000000 		.4byte	.LVL15
 1943 013f 0100     		.2byte	0x1
 1944 0141 54       		.byte	0x54
 1945 0142 12000000 		.4byte	.LVL15
 1946 0146 16000000 		.4byte	.LVL17
 1947 014a 0100     		.2byte	0x1
 1948 014c 51       		.byte	0x51
 1949 014d 16000000 		.4byte	.LVL17
 1950 0151 2C000000 		.4byte	.LFE64
 1951 0155 0100     		.2byte	0x1
 1952 0157 54       		.byte	0x54
 1953 0158 00000000 		.4byte	0
 1954 015c 00000000 		.4byte	0
 1955              	.LLST9:
 1956 0160 00000000 		.4byte	.LVL12
 1957 0164 1A000000 		.4byte	.LVL18
 1958 0168 0100     		.2byte	0x1
 1959 016a 52       		.byte	0x52
 1960 016b 1A000000 		.4byte	.LVL18
 1961 016f 1D000000 		.4byte	.LVL19-1
 1962 0173 0100     		.2byte	0x1
 1963 0175 51       		.byte	0x51
 1964 0176 1D000000 		.4byte	.LVL19-1
 1965 017a 2C000000 		.4byte	.LFE64
 1966 017e 0400     		.2byte	0x4
 1967 0180 F3       		.byte	0xf3
 1968 0181 01       		.uleb128 0x1
 1969 0182 52       		.byte	0x52
 1970 0183 9F       		.byte	0x9f
 1971 0184 00000000 		.4byte	0
 1972 0188 00000000 		.4byte	0
 1973              	.LLST10:
 1974 018c 00000000 		.4byte	.LVL12
 1975 0190 1D000000 		.4byte	.LVL19-1
 1976 0194 0100     		.2byte	0x1
 1977 0196 53       		.byte	0x53
 1978 0197 1D000000 		.4byte	.LVL19-1
 1979 019b 2C000000 		.4byte	.LFE64
 1980 019f 0400     		.2byte	0x4
 1981 01a1 F3       		.byte	0xf3
 1982 01a2 01       		.uleb128 0x1
 1983 01a3 53       		.byte	0x53
 1984 01a4 9F       		.byte	0x9f
 1985 01a5 00000000 		.4byte	0
 1986 01a9 00000000 		.4byte	0
 1987              	.LLST11:
 1988 01ad 00000000 		.4byte	.LFB65
ARM GAS  /var/folders/dt/0wfd0knj7gs46m8vwfzktm600000gn/T//cclP38ac.s 			page 36


 1989 01b1 02000000 		.4byte	.LCFI3
 1990 01b5 0200     		.2byte	0x2
 1991 01b7 7D       		.byte	0x7d
 1992 01b8 00       		.sleb128 0
 1993 01b9 02000000 		.4byte	.LCFI3
 1994 01bd 2C000000 		.4byte	.LFE65
 1995 01c1 0200     		.2byte	0x2
 1996 01c3 7D       		.byte	0x7d
 1997 01c4 08       		.sleb128 8
 1998 01c5 00000000 		.4byte	0
 1999 01c9 00000000 		.4byte	0
 2000              	.LLST12:
 2001 01cd 00000000 		.4byte	.LVL20
 2002 01d1 08000000 		.4byte	.LVL21
 2003 01d5 0100     		.2byte	0x1
 2004 01d7 50       		.byte	0x50
 2005 01d8 08000000 		.4byte	.LVL21
 2006 01dc 12000000 		.4byte	.LVL23
 2007 01e0 0400     		.2byte	0x4
 2008 01e2 F3       		.byte	0xf3
 2009 01e3 01       		.uleb128 0x1
 2010 01e4 50       		.byte	0x50
 2011 01e5 9F       		.byte	0x9f
 2012 01e6 12000000 		.4byte	.LVL23
 2013 01ea 14000000 		.4byte	.LVL24
 2014 01ee 0100     		.2byte	0x1
 2015 01f0 50       		.byte	0x50
 2016 01f1 14000000 		.4byte	.LVL24
 2017 01f5 2C000000 		.4byte	.LFE65
 2018 01f9 0400     		.2byte	0x4
 2019 01fb F3       		.byte	0xf3
 2020 01fc 01       		.uleb128 0x1
 2021 01fd 50       		.byte	0x50
 2022 01fe 9F       		.byte	0x9f
 2023 01ff 00000000 		.4byte	0
 2024 0203 00000000 		.4byte	0
 2025              	.LLST13:
 2026 0207 00000000 		.4byte	.LVL20
 2027 020b 0A000000 		.4byte	.LVL22
 2028 020f 0100     		.2byte	0x1
 2029 0211 51       		.byte	0x51
 2030 0212 0A000000 		.4byte	.LVL22
 2031 0216 12000000 		.4byte	.LVL23
 2032 021a 0100     		.2byte	0x1
 2033 021c 54       		.byte	0x54
 2034 021d 12000000 		.4byte	.LVL23
 2035 0221 16000000 		.4byte	.LVL25
 2036 0225 0100     		.2byte	0x1
 2037 0227 51       		.byte	0x51
 2038 0228 16000000 		.4byte	.LVL25
 2039 022c 2C000000 		.4byte	.LFE65
 2040 0230 0100     		.2byte	0x1
 2041 0232 54       		.byte	0x54
 2042 0233 00000000 		.4byte	0
 2043 0237 00000000 		.4byte	0
 2044              	.LLST14:
 2045 023b 00000000 		.4byte	.LVL20
ARM GAS  /var/folders/dt/0wfd0knj7gs46m8vwfzktm600000gn/T//cclP38ac.s 			page 37


 2046 023f 1A000000 		.4byte	.LVL26
 2047 0243 0100     		.2byte	0x1
 2048 0245 52       		.byte	0x52
 2049 0246 1A000000 		.4byte	.LVL26
 2050 024a 1D000000 		.4byte	.LVL27-1
 2051 024e 0100     		.2byte	0x1
 2052 0250 51       		.byte	0x51
 2053 0251 1D000000 		.4byte	.LVL27-1
 2054 0255 2C000000 		.4byte	.LFE65
 2055 0259 0400     		.2byte	0x4
 2056 025b F3       		.byte	0xf3
 2057 025c 01       		.uleb128 0x1
 2058 025d 52       		.byte	0x52
 2059 025e 9F       		.byte	0x9f
 2060 025f 00000000 		.4byte	0
 2061 0263 00000000 		.4byte	0
 2062              	.LLST15:
 2063 0267 00000000 		.4byte	.LVL20
 2064 026b 1D000000 		.4byte	.LVL27-1
 2065 026f 0100     		.2byte	0x1
 2066 0271 53       		.byte	0x53
 2067 0272 1D000000 		.4byte	.LVL27-1
 2068 0276 2C000000 		.4byte	.LFE65
 2069 027a 0400     		.2byte	0x4
 2070 027c F3       		.byte	0xf3
 2071 027d 01       		.uleb128 0x1
 2072 027e 53       		.byte	0x53
 2073 027f 9F       		.byte	0x9f
 2074 0280 00000000 		.4byte	0
 2075 0284 00000000 		.4byte	0
 2076              	.LLST16:
 2077 0288 00000000 		.4byte	.LVL28
 2078 028c 06000000 		.4byte	.LVL29
 2079 0290 0100     		.2byte	0x1
 2080 0292 50       		.byte	0x50
 2081 0293 06000000 		.4byte	.LVL29
 2082 0297 08000000 		.4byte	.LVL30
 2083 029b 0400     		.2byte	0x4
 2084 029d F3       		.byte	0xf3
 2085 029e 01       		.uleb128 0x1
 2086 029f 50       		.byte	0x50
 2087 02a0 9F       		.byte	0x9f
 2088 02a1 08000000 		.4byte	.LVL30
 2089 02a5 0E000000 		.4byte	.LVL31
 2090 02a9 0100     		.2byte	0x1
 2091 02ab 50       		.byte	0x50
 2092 02ac 0E000000 		.4byte	.LVL31
 2093 02b0 10000000 		.4byte	.LVL32
 2094 02b4 0400     		.2byte	0x4
 2095 02b6 F3       		.byte	0xf3
 2096 02b7 01       		.uleb128 0x1
 2097 02b8 50       		.byte	0x50
 2098 02b9 9F       		.byte	0x9f
 2099 02ba 10000000 		.4byte	.LVL32
 2100 02be 18000000 		.4byte	.LFE66
 2101 02c2 0100     		.2byte	0x1
 2102 02c4 50       		.byte	0x50
ARM GAS  /var/folders/dt/0wfd0knj7gs46m8vwfzktm600000gn/T//cclP38ac.s 			page 38


 2103 02c5 00000000 		.4byte	0
 2104 02c9 00000000 		.4byte	0
 2105              		.section	.debug_aranges,"",%progbits
 2106 0000 44000000 		.4byte	0x44
 2107 0004 0200     		.2byte	0x2
 2108 0006 00000000 		.4byte	.Ldebug_info0
 2109 000a 04       		.byte	0x4
 2110 000b 00       		.byte	0
 2111 000c 0000     		.2byte	0
 2112 000e 0000     		.2byte	0
 2113 0010 00000000 		.4byte	.LFB62
 2114 0014 24000000 		.4byte	.LFE62-.LFB62
 2115 0018 00000000 		.4byte	.LFB63
 2116 001c 24000000 		.4byte	.LFE63-.LFB63
 2117 0020 00000000 		.4byte	.LFB64
 2118 0024 2C000000 		.4byte	.LFE64-.LFB64
 2119 0028 00000000 		.4byte	.LFB65
 2120 002c 2C000000 		.4byte	.LFE65-.LFB65
 2121 0030 00000000 		.4byte	.LFB66
 2122 0034 18000000 		.4byte	.LFE66-.LFB66
 2123 0038 00000000 		.4byte	.LFB67
 2124 003c 04000000 		.4byte	.LFE67-.LFB67
 2125 0040 00000000 		.4byte	0
 2126 0044 00000000 		.4byte	0
 2127              		.section	.debug_ranges,"",%progbits
 2128              	.Ldebug_ranges0:
 2129 0000 00000000 		.4byte	.LFB62
 2130 0004 24000000 		.4byte	.LFE62
 2131 0008 00000000 		.4byte	.LFB63
 2132 000c 24000000 		.4byte	.LFE63
 2133 0010 00000000 		.4byte	.LFB64
 2134 0014 2C000000 		.4byte	.LFE64
 2135 0018 00000000 		.4byte	.LFB65
 2136 001c 2C000000 		.4byte	.LFE65
 2137 0020 00000000 		.4byte	.LFB66
 2138 0024 18000000 		.4byte	.LFE66
 2139 0028 00000000 		.4byte	.LFB67
 2140 002c 04000000 		.4byte	.LFE67
 2141 0030 00000000 		.4byte	0
 2142 0034 00000000 		.4byte	0
 2143              		.section	.debug_line,"",%progbits
 2144              	.Ldebug_line0:
 2145 0000 62020000 		.section	.debug_str,"MS",%progbits,1
 2145      0200C201 
 2145      00000201 
 2145      FB0E0D00 
 2145      01010101 
 2146              	.LASF8:
 2147 0000 75696E74 		.ascii	"uint32_t\000"
 2147      33325F74 
 2147      00
 2148              	.LASF15:
 2149 0009 74726566 		.ascii	"trefs_t\000"
 2149      735F7400 
 2150              	.LASF54:
 2151 0011 5344435F 		.ascii	"SDC_UNINIT\000"
 2151      554E494E 
ARM GAS  /var/folders/dt/0wfd0knj7gs46m8vwfzktm600000gn/T//cclP38ac.s 			page 39


 2151      495400
 2152              	.LASF65:
 2153 001c 73746174 		.ascii	"state\000"
 2153      6500
 2154              	.LASF75:
 2155 0022 5245535F 		.ascii	"RES_OK\000"
 2155      4F4B00
 2156              	.LASF60:
 2157 0029 5344435F 		.ascii	"SDC_READING\000"
 2157      52454144 
 2157      494E4700 
 2158              	.LASF96:
 2159 0035 2E2E2F2E 		.ascii	"../../ext/fatfs/src/diskio.c\000"
 2159      2E2F6578 
 2159      742F6661 
 2159      7466732F 
 2159      7372632F 
 2160              	.LASF48:
 2161 0052 6D5F6E65 		.ascii	"m_next\000"
 2161      787400
 2162              	.LASF44:
 2163 0059 73697A65 		.ascii	"sizetype\000"
 2163      74797065 
 2163      00
 2164              	.LASF22:
 2165 0062 705F7072 		.ascii	"p_prev\000"
 2165      657600
 2166              	.LASF55:
 2167 0069 5344435F 		.ascii	"SDC_STOP\000"
 2167      53544F50 
 2167      00
 2168              	.LASF18:
 2169 0072 6576656E 		.ascii	"eventmask_t\000"
 2169      746D6173 
 2169      6B5F7400 
 2170              	.LASF33:
 2171 007e 705F6D73 		.ascii	"p_msgqueue\000"
 2171      67717565 
 2171      756500
 2172              	.LASF23:
 2173 0089 705F7072 		.ascii	"p_prio\000"
 2173      696F00
 2174              	.LASF71:
 2175 0090 42595445 		.ascii	"BYTE\000"
 2175      00
 2176              	.LASF21:
 2177 0095 705F6E65 		.ascii	"p_next\000"
 2177      787400
 2178              	.LASF97:
 2179 009c 2F557365 		.ascii	"/Users/toxygen/Projects/UAV/Control_sytem/sw/autopi"
 2179      72732F74 
 2179      6F787967 
 2179      656E2F50 
 2179      726F6A65 
 2180 00cf 6C6F742F 		.ascii	"lot/2.4.3/demos/test2\000"
 2180      322E342E 
 2180      332F6465 
ARM GAS  /var/folders/dt/0wfd0knj7gs46m8vwfzktm600000gn/T//cclP38ac.s 			page 40


 2180      6D6F732F 
 2180      74657374 
 2181              	.LASF35:
 2182 00e5 705F6570 		.ascii	"p_epending\000"
 2182      656E6469 
 2182      6E6700
 2183              	.LASF66:
 2184 00f0 636F6E66 		.ascii	"config\000"
 2184      696700
 2185              	.LASF41:
 2186 00f7 72656761 		.ascii	"regarm_t\000"
 2186      726D5F74 
 2186      00
 2187              	.LASF72:
 2188 0100 574F5244 		.ascii	"WORD\000"
 2188      00
 2189              	.LASF5:
 2190 0105 75696E74 		.ascii	"uint8_t\000"
 2190      385F7400 
 2191              	.LASF86:
 2192 010d 73656374 		.ascii	"sector\000"
 2192      6F7200
 2193              	.LASF31:
 2194 0114 705F7469 		.ascii	"p_time\000"
 2194      6D6500
 2195              	.LASF94:
 2196 011b 73646352 		.ascii	"sdcRead\000"
 2196      65616400 
 2197              	.LASF3:
 2198 0123 73686F72 		.ascii	"short int\000"
 2198      7420696E 
 2198      7400
 2199              	.LASF64:
 2200 012d 53444344 		.ascii	"SDCDriver\000"
 2200      72697665 
 2200      7200
 2201              	.LASF13:
 2202 0137 746D6F64 		.ascii	"tmode_t\000"
 2202      655F7400 
 2203              	.LASF10:
 2204 013f 6C6F6E67 		.ascii	"long long int\000"
 2204      206C6F6E 
 2204      6720696E 
 2204      7400
 2205              	.LASF16:
 2206 014d 74707269 		.ascii	"tprio_t\000"
 2206      6F5F7400 
 2207              	.LASF62:
 2208 0155 73646373 		.ascii	"sdcstate_t\000"
 2208      74617465 
 2208      5F7400
 2209              	.LASF7:
 2210 0160 6C6F6E67 		.ascii	"long int\000"
 2210      20696E74 
 2210      00
 2211              	.LASF45:
 2212 0169 4D757465 		.ascii	"Mutex\000"
ARM GAS  /var/folders/dt/0wfd0knj7gs46m8vwfzktm600000gn/T//cclP38ac.s 			page 41


 2212      7800
 2213              	.LASF77:
 2214 016f 5245535F 		.ascii	"RES_WRPRT\000"
 2214      57525052 
 2214      5400
 2215              	.LASF81:
 2216 0179 6469736B 		.ascii	"disk_initialize\000"
 2216      5F696E69 
 2216      7469616C 
 2216      697A6500 
 2217              	.LASF46:
 2218 0189 6D5F7175 		.ascii	"m_queue\000"
 2218      65756500 
 2219              	.LASF43:
 2220 0191 636F6E74 		.ascii	"context\000"
 2220      65787400 
 2221              	.LASF84:
 2222 0199 6469736B 		.ascii	"disk_read\000"
 2222      5F726561 
 2222      6400
 2223              	.LASF34:
 2224 01a3 705F6D73 		.ascii	"p_msg\000"
 2224      6700
 2225              	.LASF74:
 2226 01a9 44535441 		.ascii	"DSTATUS\000"
 2226      54555300 
 2227              	.LASF73:
 2228 01b1 44574F52 		.ascii	"DWORD\000"
 2228      4400
 2229              	.LASF29:
 2230 01b7 705F666C 		.ascii	"p_flags\000"
 2230      61677300 
 2231              	.LASF2:
 2232 01bf 756E7369 		.ascii	"unsigned char\000"
 2232      676E6564 
 2232      20636861 
 2232      7200
 2233              	.LASF52:
 2234 01cd 65776D61 		.ascii	"ewmask\000"
 2234      736B00
 2235              	.LASF1:
 2236 01d4 7369676E 		.ascii	"signed char\000"
 2236      65642063 
 2236      68617200 
 2237              	.LASF25:
 2238 01e0 705F6E65 		.ascii	"p_newer\000"
 2238      77657200 
 2239              	.LASF11:
 2240 01e8 6C6F6E67 		.ascii	"long long unsigned int\000"
 2240      206C6F6E 
 2240      6720756E 
 2240      7369676E 
 2240      65642069 
 2241              	.LASF37:
 2242 01ff 705F7265 		.ascii	"p_realprio\000"
 2242      616C7072 
 2242      696F00
ARM GAS  /var/folders/dt/0wfd0knj7gs46m8vwfzktm600000gn/T//cclP38ac.s 			page 42


 2243              	.LASF0:
 2244 020a 756E7369 		.ascii	"unsigned int\000"
 2244      676E6564 
 2244      20696E74 
 2244      00
 2245              	.LASF63:
 2246 0217 7364636D 		.ascii	"sdcmode_t\000"
 2246      6F64655F 
 2246      7400
 2247              	.LASF95:
 2248 0221 474E5520 		.ascii	"GNU C 4.7.2\000"
 2248      4320342E 
 2248      372E3200 
 2249              	.LASF88:
 2250 022d 6469736B 		.ascii	"disk_write\000"
 2250      5F777269 
 2250      746500
 2251              	.LASF38:
 2252 0238 705F6D70 		.ascii	"p_mpool\000"
 2252      6F6F6C00 
 2253              	.LASF70:
 2254 0240 53444343 		.ascii	"SDCConfig\000"
 2254      6F6E6669 
 2254      6700
 2255              	.LASF68:
 2256 024a 74687265 		.ascii	"thread\000"
 2256      616400
 2257              	.LASF4:
 2258 0251 73686F72 		.ascii	"short unsigned int\000"
 2258      7420756E 
 2258      7369676E 
 2258      65642069 
 2258      6E7400
 2259              	.LASF67:
 2260 0264 63617264 		.ascii	"cardmode\000"
 2260      6D6F6465 
 2260      00
 2261              	.LASF58:
 2262 026d 5344435F 		.ascii	"SDC_DISCONNECTING\000"
 2262      44495343 
 2262      4F4E4E45 
 2262      4354494E 
 2262      4700
 2263              	.LASF89:
 2264 027f 6469736B 		.ascii	"disk_ioctl\000"
 2264      5F696F63 
 2264      746C00
 2265              	.LASF19:
 2266 028a 73797374 		.ascii	"systime_t\000"
 2266      696D655F 
 2266      7400
 2267              	.LASF53:
 2268 0294 63686172 		.ascii	"char\000"
 2268      00
 2269              	.LASF27:
 2270 0299 705F6E61 		.ascii	"p_name\000"
 2270      6D6500
ARM GAS  /var/folders/dt/0wfd0knj7gs46m8vwfzktm600000gn/T//cclP38ac.s 			page 43


 2271              	.LASF6:
 2272 02a0 696E7433 		.ascii	"int32_t\000"
 2272      325F7400 
 2273              	.LASF85:
 2274 02a8 62756666 		.ascii	"buff\000"
 2274      00
 2275              	.LASF12:
 2276 02ad 626F6F6C 		.ascii	"bool_t\000"
 2276      5F7400
 2277              	.LASF78:
 2278 02b4 5245535F 		.ascii	"RES_NOTRDY\000"
 2278      4E4F5452 
 2278      445900
 2279              	.LASF28:
 2280 02bf 705F7374 		.ascii	"p_state\000"
 2280      61746500 
 2281              	.LASF39:
 2282 02c7 54687265 		.ascii	"ThreadsQueue\000"
 2282      61647351 
 2282      75657565 
 2282      00
 2283              	.LASF59:
 2284 02d4 5344435F 		.ascii	"SDC_ACTIVE\000"
 2284      41435449 
 2284      564500
 2285              	.LASF80:
 2286 02df 44524553 		.ascii	"DRESULT\000"
 2286      554C5400 
 2287              	.LASF92:
 2288 02e7 53444344 		.ascii	"SDCD1\000"
 2288      3100
 2289              	.LASF32:
 2290 02ed 705F7761 		.ascii	"p_waiting\000"
 2290      6974696E 
 2290      6700
 2291              	.LASF36:
 2292 02f7 705F6D74 		.ascii	"p_mtxlist\000"
 2292      786C6973 
 2292      7400
 2293              	.LASF57:
 2294 0301 5344435F 		.ascii	"SDC_CONNECTING\000"
 2294      434F4E4E 
 2294      45435449 
 2294      4E4700
 2295              	.LASF42:
 2296 0310 696E7463 		.ascii	"intctx\000"
 2296      747800
 2297              	.LASF82:
 2298 0317 6469736B 		.ascii	"disk_status\000"
 2298      5F737461 
 2298      74757300 
 2299              	.LASF93:
 2300 0323 7364635F 		.ascii	"sdc_lld_is_write_protected\000"
 2300      6C6C645F 
 2300      69735F77 
 2300      72697465 
 2300      5F70726F 
ARM GAS  /var/folders/dt/0wfd0knj7gs46m8vwfzktm600000gn/T//cclP38ac.s 			page 44


 2301              	.LASF9:
 2302 033e 6C6F6E67 		.ascii	"long unsigned int\000"
 2302      20756E73 
 2302      69676E65 
 2302      6420696E 
 2302      7400
 2303              	.LASF90:
 2304 0350 6374726C 		.ascii	"ctrl\000"
 2304      00
 2305              	.LASF61:
 2306 0355 5344435F 		.ascii	"SDC_WRITING\000"
 2306      57524954 
 2306      494E4700 
 2307              	.LASF56:
 2308 0361 5344435F 		.ascii	"SDC_READY\000"
 2308      52454144 
 2308      5900
 2309              	.LASF40:
 2310 036b 54687265 		.ascii	"ThreadsList\000"
 2310      6164734C 
 2310      69737400 
 2311              	.LASF87:
 2312 0377 636F756E 		.ascii	"count\000"
 2312      7400
 2313              	.LASF51:
 2314 037d 77746F62 		.ascii	"wtobjp\000"
 2314      6A7000
 2315              	.LASF20:
 2316 0384 54687265 		.ascii	"Thread\000"
 2316      616400
 2317              	.LASF98:
 2318 038b 6765745F 		.ascii	"get_fattime\000"
 2318      66617474 
 2318      696D6500 
 2319              	.LASF14:
 2320 0397 74737461 		.ascii	"tstate_t\000"
 2320      74655F74 
 2320      00
 2321              	.LASF69:
 2322 03a0 64756D6D 		.ascii	"dummy\000"
 2322      7900
 2323              	.LASF50:
 2324 03a6 65786974 		.ascii	"exitcode\000"
 2324      636F6465 
 2324      00
 2325              	.LASF99:
 2326 03af 73646357 		.ascii	"sdcWrite\000"
 2326      72697465 
 2326      00
 2327              	.LASF26:
 2328 03b8 705F6F6C 		.ascii	"p_older\000"
 2328      64657200 
 2329              	.LASF76:
 2330 03c0 5245535F 		.ascii	"RES_ERROR\000"
 2330      4552524F 
 2330      5200
 2331              	.LASF83:
ARM GAS  /var/folders/dt/0wfd0knj7gs46m8vwfzktm600000gn/T//cclP38ac.s 			page 45


 2332 03ca 73746174 		.ascii	"stat\000"
 2332      00
 2333              	.LASF30:
 2334 03cf 705F7265 		.ascii	"p_refs\000"
 2334      667300
 2335              	.LASF24:
 2336 03d6 705F6374 		.ascii	"p_ctx\000"
 2336      7800
 2337              	.LASF91:
 2338 03dc 49544D5F 		.ascii	"ITM_RxBuffer\000"
 2338      52784275 
 2338      66666572 
 2338      00
 2339              	.LASF79:
 2340 03e9 5245535F 		.ascii	"RES_PARERR\000"
 2340      50415245 
 2340      525200
 2341              	.LASF47:
 2342 03f4 6D5F6F77 		.ascii	"m_owner\000"
 2342      6E657200 
 2343              	.LASF49:
 2344 03fc 7264796D 		.ascii	"rdymsg\000"
 2344      736700
 2345              	.LASF17:
 2346 0403 6D73675F 		.ascii	"msg_t\000"
 2346      7400
 2347              		.ident	"GCC: (GNU) 4.7.2"
ARM GAS  /var/folders/dt/0wfd0knj7gs46m8vwfzktm600000gn/T//cclP38ac.s 			page 46


DEFINED SYMBOLS
                            *ABS*:0000000000000000 diskio.c
/var/folders/dt/0wfd0knj7gs46m8vwfzktm600000gn/T//cclP38ac.s:19     .text.disk_initialize:0000000000000000 $t
/var/folders/dt/0wfd0knj7gs46m8vwfzktm600000gn/T//cclP38ac.s:25     .text.disk_initialize:0000000000000000 disk_initialize
/var/folders/dt/0wfd0knj7gs46m8vwfzktm600000gn/T//cclP38ac.s:67     .text.disk_initialize:0000000000000020 $d
/var/folders/dt/0wfd0knj7gs46m8vwfzktm600000gn/T//cclP38ac.s:72     .text.disk_status:0000000000000000 $t
/var/folders/dt/0wfd0knj7gs46m8vwfzktm600000gn/T//cclP38ac.s:78     .text.disk_status:0000000000000000 disk_status
/var/folders/dt/0wfd0knj7gs46m8vwfzktm600000gn/T//cclP38ac.s:119    .text.disk_status:0000000000000020 $d
/var/folders/dt/0wfd0knj7gs46m8vwfzktm600000gn/T//cclP38ac.s:124    .text.disk_read:0000000000000000 $t
/var/folders/dt/0wfd0knj7gs46m8vwfzktm600000gn/T//cclP38ac.s:130    .text.disk_read:0000000000000000 disk_read
/var/folders/dt/0wfd0knj7gs46m8vwfzktm600000gn/T//cclP38ac.s:179    .text.disk_read:0000000000000028 $d
/var/folders/dt/0wfd0knj7gs46m8vwfzktm600000gn/T//cclP38ac.s:184    .text.disk_write:0000000000000000 $t
/var/folders/dt/0wfd0knj7gs46m8vwfzktm600000gn/T//cclP38ac.s:190    .text.disk_write:0000000000000000 disk_write
/var/folders/dt/0wfd0knj7gs46m8vwfzktm600000gn/T//cclP38ac.s:239    .text.disk_write:0000000000000028 $d
/var/folders/dt/0wfd0knj7gs46m8vwfzktm600000gn/T//cclP38ac.s:244    .text.disk_ioctl:0000000000000000 $t
/var/folders/dt/0wfd0knj7gs46m8vwfzktm600000gn/T//cclP38ac.s:250    .text.disk_ioctl:0000000000000000 disk_ioctl
/var/folders/dt/0wfd0knj7gs46m8vwfzktm600000gn/T//cclP38ac.s:288    .text.get_fattime:0000000000000000 $t
/var/folders/dt/0wfd0knj7gs46m8vwfzktm600000gn/T//cclP38ac.s:294    .text.get_fattime:0000000000000000 get_fattime
                     .debug_frame:0000000000000010 $d
/var/folders/dt/0wfd0knj7gs46m8vwfzktm600000gn/T//cclP38ac.s:71     .text.disk_initialize:0000000000000024 $t
/var/folders/dt/0wfd0knj7gs46m8vwfzktm600000gn/T//cclP38ac.s:123    .text.disk_status:0000000000000024 $t
/var/folders/dt/0wfd0knj7gs46m8vwfzktm600000gn/T//cclP38ac.s:183    .text.disk_read:000000000000002c $t
/var/folders/dt/0wfd0knj7gs46m8vwfzktm600000gn/T//cclP38ac.s:243    .text.disk_write:000000000000002c $t

UNDEFINED SYMBOLS
sdc_lld_is_write_protected
SDCD1
sdcRead
sdcWrite
