ARM GAS  /var/folders/dt/0wfd0knj7gs46m8vwfzktm600000gn/T//cceO7GPh.s 			page 1


   1              		.syntax unified
   2              		.cpu cortex-m3
   3              		.fpu softvfp
   4              		.eabi_attribute 20, 1
   5              		.eabi_attribute 21, 1
   6              		.eabi_attribute 23, 3
   7              		.eabi_attribute 24, 1
   8              		.eabi_attribute 25, 1
   9              		.eabi_attribute 26, 1
  10              		.eabi_attribute 30, 2
  11              		.eabi_attribute 34, 1
  12              		.eabi_attribute 18, 4
  13              		.thumb
  14              		.file	"evtimer.c"
  15              		.text
  16              	.Ltext0:
  17              		.cfi_sections	.debug_frame
  18              		.section	.text.tmrcb,"ax",%progbits
  19              		.align	2
  20              		.p2align 4,,15
  21              		.thumb
  22              		.thumb_func
  23              		.type	tmrcb, %function
  24              	tmrcb:
  25              	.LFB7:
  26              		.file 1 "../../os/various/evtimer.c"
  27              		.loc 1 39 0
  28              		.cfi_startproc
  29              		@ args = 0, pretend = 0, frame = 0
  30              		@ frame_needed = 0, uses_anonymous_args = 0
  31              	.LVL0:
  32 0000 10B5     		push	{r4, lr}
  33              	.LCFI0:
  34              		.cfi_def_cfa_offset 8
  35              		.cfi_offset 4, -8
  36              		.cfi_offset 14, -4
  37              		.loc 1 42 0
  38 0002 0021     		movs	r1, #0
  39              		.loc 1 39 0
  40 0004 0446     		mov	r4, r0
  41              	.LVL1:
  42              		.loc 1 42 0
  43 0006 00F11400 		add	r0, r0, #20
  44              	.LVL2:
  45 000a FFF7FEFF 		bl	chEvtBroadcastFlagsI
  46              	.LVL3:
  47              		.loc 1 43 0
  48 000e A169     		ldr	r1, [r4, #24]
  49 0010 40F20002 		movw	r2, #:lower16:tmrcb
  50 0014 2046     		mov	r0, r4
  51 0016 C0F20002 		movt	r2, #:upper16:tmrcb
  52 001a 2346     		mov	r3, r4
  53              		.loc 1 44 0
  54 001c BDE81040 		pop	{r4, lr}
  55              		.loc 1 43 0
  56 0020 FFF7FEBF 		b	chVTSetI
  57              	.LVL4:
ARM GAS  /var/folders/dt/0wfd0knj7gs46m8vwfzktm600000gn/T//cceO7GPh.s 			page 2


  58              		.cfi_endproc
  59              	.LFE7:
  60              		.size	tmrcb, .-tmrcb
  61 0024 AFF30080 		.section	.text.evtStart,"ax",%progbits
  61      AFF30080 
  61      AFF30080 
  62              		.align	2
  63              		.p2align 4,,15
  64              		.global	evtStart
  65              		.thumb
  66              		.thumb_func
  67              		.type	evtStart, %function
  68              	evtStart:
  69              	.LFB8:
  70              		.loc 1 52 0
  71              		.cfi_startproc
  72              		@ args = 0, pretend = 0, frame = 0
  73              		@ frame_needed = 0, uses_anonymous_args = 0
  74              	.LVL5:
  75 0000 10B5     		push	{r4, lr}
  76              	.LCFI1:
  77              		.cfi_def_cfa_offset 8
  78              		.cfi_offset 4, -8
  79              		.cfi_offset 14, -4
  80              	.LBB2:
  81              		.loc 1 54 0
  82 0002 2023     		movs	r3, #32
  83              	.LVL6:
  84              	.LBE2:
  85              		.loc 1 52 0
  86 0004 0446     		mov	r4, r0
  87              	.LBB3:
  88              		.loc 1 54 0
  89              	@ 54 "../../os/various/evtimer.c" 1
  90 0006 83F31188 		msr     BASEPRI, r3
  91              	@ 0 "" 2
  92              	.LVL7:
  93              		.thumb
  94              	.LBE3:
  95              		.loc 1 56 0
  96 000a C368     		ldr	r3, [r0, #12]
  97              	.LVL8:
  98 000c 1BB1     		cbz	r3, .L5
  99              	.LVL9:
 100              	.L3:
 101              	.LBB4:
 102              		.loc 1 59 0
 103 000e 0023     		movs	r3, #0
 104              	.LVL10:
 105              	@ 59 "../../os/various/evtimer.c" 1
 106 0010 83F31188 		msr     BASEPRI, r3
 107              	@ 0 "" 2
 108              	.LVL11:
 109              		.thumb
 110 0014 10BD     		pop	{r4, pc}
 111              	.LVL12:
 112              	.L5:
ARM GAS  /var/folders/dt/0wfd0knj7gs46m8vwfzktm600000gn/T//cceO7GPh.s 			page 3


 113              	.LBE4:
 114              		.loc 1 57 0
 115 0016 8169     		ldr	r1, [r0, #24]
 116 0018 024A     		ldr	r2, .L6
 117 001a 0346     		mov	r3, r0
 118 001c FFF7FEFF 		bl	chVTSetI
 119              	.LVL13:
 120 0020 F5E7     		b	.L3
 121              	.L7:
 122 0022 00BF     		.align	2
 123              	.L6:
 124 0024 00000000 		.word	tmrcb
 125              		.cfi_endproc
 126              	.LFE8:
 127              		.size	evtStart, .-evtStart
 128 0028 AFF30080 		.section	.text.evtStop,"ax",%progbits
 128      AFF30080 
 129              		.align	2
 130              		.p2align 4,,15
 131              		.global	evtStop
 132              		.thumb
 133              		.thumb_func
 134              		.type	evtStop, %function
 135              	evtStop:
 136              	.LFB9:
 137              		.loc 1 68 0
 138              		.cfi_startproc
 139              		@ args = 0, pretend = 0, frame = 0
 140              		@ frame_needed = 0, uses_anonymous_args = 0
 141              	.LVL14:
 142 0000 08B5     		push	{r3, lr}
 143              	.LCFI2:
 144              		.cfi_def_cfa_offset 8
 145              		.cfi_offset 3, -8
 146              		.cfi_offset 14, -4
 147              	.LBB5:
 148              		.loc 1 70 0
 149 0002 2023     		movs	r3, #32
 150              	.LVL15:
 151              	@ 70 "../../os/various/evtimer.c" 1
 152 0004 83F31188 		msr     BASEPRI, r3
 153              	@ 0 "" 2
 154              	.LVL16:
 155              		.thumb
 156              	.LBE5:
 157              		.loc 1 72 0
 158 0008 C368     		ldr	r3, [r0, #12]
 159              	.LVL17:
 160 000a 0BB1     		cbz	r3, .L9
 161              		.loc 1 73 0
 162 000c FFF7FEFF 		bl	chVTResetI
 163              	.LVL18:
 164              	.L9:
 165              	.LBB6:
 166              		.loc 1 75 0
 167 0010 0023     		movs	r3, #0
 168              	.LVL19:
ARM GAS  /var/folders/dt/0wfd0knj7gs46m8vwfzktm600000gn/T//cceO7GPh.s 			page 4


 169              	@ 75 "../../os/various/evtimer.c" 1
 170 0012 83F31188 		msr     BASEPRI, r3
 171              	@ 0 "" 2
 172              	.LVL20:
 173              		.thumb
 174 0016 08BD     		pop	{r3, pc}
 175              	.LBE6:
 176              		.cfi_endproc
 177              	.LFE9:
 178              		.size	evtStop, .-evtStop
 179 0018 AFF30080 		.text
 179      AFF30080 
 180              	.Letext0:
 181              		.file 2 "/Users/toxygen/Applications/yagarto-4.7.2/bin/../lib/gcc/arm-none-eabi/4.7.2/../../../../
 182              		.file 3 "../../os/ports/GCC/ARMCMx/chtypes.h"
 183              		.file 4 "../../os/kernel/include/chlists.h"
 184              		.file 5 "../../os/kernel/include/chthreads.h"
 185              		.file 6 "../../os/ports/GCC/ARMCMx/chcore_v7m.h"
 186              		.file 7 "../../os/kernel/include/chvt.h"
 187              		.file 8 "../../os/kernel/include/chmtx.h"
 188              		.file 9 "../../os/kernel/include/chevents.h"
 189              		.file 10 "../../os/various/evtimer.h"
 190              		.section	.debug_info,"",%progbits
 191              	.Ldebug_info0:
 192 0000 9A060000 		.4byte	0x69a
 193 0004 0200     		.2byte	0x2
 194 0006 00000000 		.4byte	.Ldebug_abbrev0
 195 000a 04       		.byte	0x4
 196 000b 01       		.uleb128 0x1
 197 000c C3010000 		.4byte	.LASF74
 198 0010 01       		.byte	0x1
 199 0011 1E030000 		.4byte	.LASF75
 200 0015 8D000000 		.4byte	.LASF76
 201 0019 18000000 		.4byte	.Ldebug_ranges0+0x18
 202 001d 00000000 		.4byte	0
 203 0021 00000000 		.4byte	0
 204 0025 00000000 		.4byte	.Ldebug_line0
 205 0029 02       		.uleb128 0x2
 206 002a 04       		.byte	0x4
 207 002b 05       		.byte	0x5
 208 002c 696E7400 		.ascii	"int\000"
 209 0030 03       		.uleb128 0x3
 210 0031 04       		.byte	0x4
 211 0032 07       		.byte	0x7
 212 0033 10010000 		.4byte	.LASF0
 213 0037 03       		.uleb128 0x3
 214 0038 01       		.byte	0x1
 215 0039 06       		.byte	0x6
 216 003a 57000000 		.4byte	.LASF1
 217 003e 04       		.uleb128 0x4
 218 003f D4020000 		.4byte	.LASF5
 219 0043 02       		.byte	0x2
 220 0044 2A       		.byte	0x2a
 221 0045 49000000 		.4byte	0x49
 222 0049 03       		.uleb128 0x3
 223 004a 01       		.byte	0x1
 224 004b 08       		.byte	0x8
ARM GAS  /var/folders/dt/0wfd0knj7gs46m8vwfzktm600000gn/T//cceO7GPh.s 			page 5


 225 004c F6010000 		.4byte	.LASF2
 226 0050 03       		.uleb128 0x3
 227 0051 02       		.byte	0x2
 228 0052 05       		.byte	0x5
 229 0053 1A020000 		.4byte	.LASF3
 230 0057 03       		.uleb128 0x3
 231 0058 02       		.byte	0x2
 232 0059 07       		.byte	0x7
 233 005a 3F010000 		.4byte	.LASF4
 234 005e 04       		.uleb128 0x4
 235 005f EE010000 		.4byte	.LASF6
 236 0063 02       		.byte	0x2
 237 0064 4F       		.byte	0x4f
 238 0065 69000000 		.4byte	0x69
 239 0069 03       		.uleb128 0x3
 240 006a 04       		.byte	0x4
 241 006b 05       		.byte	0x5
 242 006c 7B000000 		.4byte	.LASF7
 243 0070 04       		.uleb128 0x4
 244 0071 5F020000 		.4byte	.LASF8
 245 0075 02       		.byte	0x2
 246 0076 50       		.byte	0x50
 247 0077 7B000000 		.4byte	0x7b
 248 007b 03       		.uleb128 0x3
 249 007c 04       		.byte	0x4
 250 007d 07       		.byte	0x7
 251 007e 25010000 		.4byte	.LASF9
 252 0082 03       		.uleb128 0x3
 253 0083 08       		.byte	0x8
 254 0084 05       		.byte	0x5
 255 0085 49000000 		.4byte	.LASF10
 256 0089 03       		.uleb128 0x3
 257 008a 08       		.byte	0x8
 258 008b 07       		.byte	0x7
 259 008c 19000000 		.4byte	.LASF11
 260 0090 04       		.uleb128 0x4
 261 0091 60010000 		.4byte	.LASF12
 262 0095 03       		.byte	0x3
 263 0096 2F       		.byte	0x2f
 264 0097 3E000000 		.4byte	0x3e
 265 009b 04       		.uleb128 0x4
 266 009c 84000000 		.4byte	.LASF13
 267 00a0 03       		.byte	0x3
 268 00a1 30       		.byte	0x30
 269 00a2 3E000000 		.4byte	0x3e
 270 00a6 04       		.uleb128 0x4
 271 00a7 D7010000 		.4byte	.LASF14
 272 00ab 03       		.byte	0x3
 273 00ac 31       		.byte	0x31
 274 00ad 3E000000 		.4byte	0x3e
 275 00b1 04       		.uleb128 0x4
 276 00b2 E6010000 		.4byte	.LASF15
 277 00b6 03       		.byte	0x3
 278 00b7 32       		.byte	0x32
 279 00b8 70000000 		.4byte	0x70
 280 00bc 04       		.uleb128 0x4
 281 00bd 52010000 		.4byte	.LASF16
ARM GAS  /var/folders/dt/0wfd0knj7gs46m8vwfzktm600000gn/T//cceO7GPh.s 			page 6


 282 00c1 03       		.byte	0x3
 283 00c2 33       		.byte	0x33
 284 00c3 5E000000 		.4byte	0x5e
 285 00c7 04       		.uleb128 0x4
 286 00c8 74010000 		.4byte	.LASF17
 287 00cc 03       		.byte	0x3
 288 00cd 35       		.byte	0x35
 289 00ce 70000000 		.4byte	0x70
 290 00d2 04       		.uleb128 0x4
 291 00d3 87020000 		.4byte	.LASF18
 292 00d7 03       		.byte	0x3
 293 00d8 36       		.byte	0x36
 294 00d9 70000000 		.4byte	0x70
 295 00dd 04       		.uleb128 0x4
 296 00de 42020000 		.4byte	.LASF19
 297 00e2 04       		.byte	0x4
 298 00e3 2A       		.byte	0x2a
 299 00e4 E8000000 		.4byte	0xe8
 300 00e8 05       		.uleb128 0x5
 301 00e9 42020000 		.4byte	.LASF19
 302 00ed 48       		.byte	0x48
 303 00ee 05       		.byte	0x5
 304 00ef 5E       		.byte	0x5e
 305 00f0 FF010000 		.4byte	0x1ff
 306 00f4 06       		.uleb128 0x6
 307 00f5 33020000 		.4byte	.LASF20
 308 00f9 05       		.byte	0x5
 309 00fa 5F       		.byte	0x5f
 310 00fb 24020000 		.4byte	0x224
 311 00ff 02       		.byte	0x2
 312 0100 23       		.byte	0x23
 313 0101 00       		.uleb128 0
 314 0102 06       		.uleb128 0x6
 315 0103 DF010000 		.4byte	.LASF21
 316 0107 05       		.byte	0x5
 317 0108 61       		.byte	0x61
 318 0109 24020000 		.4byte	0x224
 319 010d 02       		.byte	0x2
 320 010e 23       		.byte	0x23
 321 010f 04       		.uleb128 0x4
 322 0110 06       		.uleb128 0x6
 323 0111 42000000 		.4byte	.LASF22
 324 0115 05       		.byte	0x5
 325 0116 63       		.byte	0x63
 326 0117 B1000000 		.4byte	0xb1
 327 011b 02       		.byte	0x2
 328 011c 23       		.byte	0x23
 329 011d 08       		.uleb128 0x8
 330 011e 06       		.uleb128 0x6
 331 011f 0E030000 		.4byte	.LASF23
 332 0123 05       		.byte	0x5
 333 0124 64       		.byte	0x64
 334 0125 F1020000 		.4byte	0x2f1
 335 0129 02       		.byte	0x2
 336 012a 23       		.byte	0x23
 337 012b 0C       		.uleb128 0xc
 338 012c 06       		.uleb128 0x6
ARM GAS  /var/folders/dt/0wfd0knj7gs46m8vwfzktm600000gn/T//cceO7GPh.s 			page 7


 339 012d EB000000 		.4byte	.LASF24
 340 0131 05       		.byte	0x5
 341 0132 66       		.byte	0x66
 342 0133 24020000 		.4byte	0x224
 343 0137 02       		.byte	0x2
 344 0138 23       		.byte	0x23
 345 0139 10       		.uleb128 0x10
 346 013a 06       		.uleb128 0x6
 347 013b AE010000 		.4byte	.LASF25
 348 013f 05       		.byte	0x5
 349 0140 67       		.byte	0x67
 350 0141 24020000 		.4byte	0x224
 351 0145 02       		.byte	0x2
 352 0146 23       		.byte	0x23
 353 0147 14       		.uleb128 0x14
 354 0148 06       		.uleb128 0x6
 355 0149 F1020000 		.4byte	.LASF26
 356 014d 05       		.byte	0x5
 357 014e 6E       		.byte	0x6e
 358 014f 8C040000 		.4byte	0x48c
 359 0153 02       		.byte	0x2
 360 0154 23       		.byte	0x23
 361 0155 18       		.uleb128 0x18
 362 0156 06       		.uleb128 0x6
 363 0157 24020000 		.4byte	.LASF27
 364 015b 05       		.byte	0x5
 365 015c 79       		.byte	0x79
 366 015d 9B000000 		.4byte	0x9b
 367 0161 02       		.byte	0x2
 368 0162 23       		.byte	0x23
 369 0163 1C       		.uleb128 0x1c
 370 0164 06       		.uleb128 0x6
 371 0165 3A020000 		.4byte	.LASF28
 372 0169 05       		.byte	0x5
 373 016a 7D       		.byte	0x7d
 374 016b 90000000 		.4byte	0x90
 375 016f 02       		.byte	0x2
 376 0170 23       		.byte	0x23
 377 0171 1D       		.uleb128 0x1d
 378 0172 06       		.uleb128 0x6
 379 0173 CD020000 		.4byte	.LASF29
 380 0177 05       		.byte	0x5
 381 0178 82       		.byte	0x82
 382 0179 A6000000 		.4byte	0xa6
 383 017d 02       		.byte	0x2
 384 017e 23       		.byte	0x23
 385 017f 1E       		.uleb128 0x1e
 386 0180 06       		.uleb128 0x6
 387 0181 AD020000 		.4byte	.LASF30
 388 0185 05       		.byte	0x5
 389 0186 89       		.byte	0x89
 390 0187 9C030000 		.4byte	0x39c
 391 018b 02       		.byte	0x2
 392 018c 23       		.byte	0x23
 393 018d 20       		.uleb128 0x20
 394 018e 07       		.uleb128 0x7
 395 018f 705F7500 		.ascii	"p_u\000"
ARM GAS  /var/folders/dt/0wfd0knj7gs46m8vwfzktm600000gn/T//cceO7GPh.s 			page 8


 396 0193 05       		.byte	0x5
 397 0194 AE       		.byte	0xae
 398 0195 57040000 		.4byte	0x457
 399 0199 02       		.byte	0x2
 400 019a 23       		.byte	0x23
 401 019b 24       		.uleb128 0x24
 402 019c 06       		.uleb128 0x6
 403 019d 14030000 		.4byte	.LASF31
 404 01a1 05       		.byte	0x5
 405 01a2 B3       		.byte	0xb3
 406 01a3 4C020000 		.4byte	0x24c
 407 01a7 02       		.byte	0x2
 408 01a8 23       		.byte	0x23
 409 01a9 28       		.uleb128 0x28
 410 01aa 06       		.uleb128 0x6
 411 01ab BB020000 		.4byte	.LASF32
 412 01af 05       		.byte	0x5
 413 01b0 B9       		.byte	0xb9
 414 01b1 2A020000 		.4byte	0x22a
 415 01b5 02       		.byte	0x2
 416 01b6 23       		.byte	0x23
 417 01b7 2C       		.uleb128 0x2c
 418 01b8 06       		.uleb128 0x6
 419 01b9 0C000000 		.4byte	.LASF33
 420 01bd 05       		.byte	0x5
 421 01be BD       		.byte	0xbd
 422 01bf BC000000 		.4byte	0xbc
 423 01c3 02       		.byte	0x2
 424 01c4 23       		.byte	0x23
 425 01c5 34       		.uleb128 0x34
 426 01c6 06       		.uleb128 0x6
 427 01c7 54020000 		.4byte	.LASF34
 428 01cb 05       		.byte	0x5
 429 01cc C3       		.byte	0xc3
 430 01cd C7000000 		.4byte	0xc7
 431 01d1 02       		.byte	0x2
 432 01d2 23       		.byte	0x23
 433 01d3 38       		.uleb128 0x38
 434 01d4 06       		.uleb128 0x6
 435 01d5 10020000 		.4byte	.LASF35
 436 01d9 05       		.byte	0x5
 437 01da CA       		.byte	0xca
 438 01db 9E040000 		.4byte	0x49e
 439 01df 02       		.byte	0x2
 440 01e0 23       		.byte	0x23
 441 01e1 3C       		.uleb128 0x3c
 442 01e2 06       		.uleb128 0x6
 443 01e3 91020000 		.4byte	.LASF36
 444 01e7 05       		.byte	0x5
 445 01e8 CE       		.byte	0xce
 446 01e9 B1000000 		.4byte	0xb1
 447 01ed 02       		.byte	0x2
 448 01ee 23       		.byte	0x23
 449 01ef 40       		.uleb128 0x40
 450 01f0 06       		.uleb128 0x6
 451 01f1 6B000000 		.4byte	.LASF37
 452 01f5 05       		.byte	0x5
ARM GAS  /var/folders/dt/0wfd0knj7gs46m8vwfzktm600000gn/T//cceO7GPh.s 			page 9


 453 01f6 D4       		.byte	0xd4
 454 01f7 62020000 		.4byte	0x262
 455 01fb 02       		.byte	0x2
 456 01fc 23       		.byte	0x23
 457 01fd 44       		.uleb128 0x44
 458 01fe 00       		.byte	0
 459 01ff 08       		.uleb128 0x8
 460 0200 08       		.byte	0x8
 461 0201 04       		.byte	0x4
 462 0202 61       		.byte	0x61
 463 0203 24020000 		.4byte	0x224
 464 0207 06       		.uleb128 0x6
 465 0208 33020000 		.4byte	.LASF20
 466 020c 04       		.byte	0x4
 467 020d 62       		.byte	0x62
 468 020e 24020000 		.4byte	0x224
 469 0212 02       		.byte	0x2
 470 0213 23       		.byte	0x23
 471 0214 00       		.uleb128 0
 472 0215 06       		.uleb128 0x6
 473 0216 DF010000 		.4byte	.LASF21
 474 021a 04       		.byte	0x4
 475 021b 64       		.byte	0x64
 476 021c 24020000 		.4byte	0x224
 477 0220 02       		.byte	0x2
 478 0221 23       		.byte	0x23
 479 0222 04       		.uleb128 0x4
 480 0223 00       		.byte	0
 481 0224 09       		.uleb128 0x9
 482 0225 04       		.byte	0x4
 483 0226 DD000000 		.4byte	0xdd
 484 022a 04       		.uleb128 0x4
 485 022b B6010000 		.4byte	.LASF38
 486 022f 04       		.byte	0x4
 487 0230 66       		.byte	0x66
 488 0231 FF010000 		.4byte	0x1ff
 489 0235 08       		.uleb128 0x8
 490 0236 04       		.byte	0x4
 491 0237 04       		.byte	0x4
 492 0238 6B       		.byte	0x6b
 493 0239 4C020000 		.4byte	0x24c
 494 023d 06       		.uleb128 0x6
 495 023e 33020000 		.4byte	.LASF20
 496 0242 04       		.byte	0x4
 497 0243 6D       		.byte	0x6d
 498 0244 24020000 		.4byte	0x224
 499 0248 02       		.byte	0x2
 500 0249 23       		.byte	0x23
 501 024a 00       		.uleb128 0
 502 024b 00       		.byte	0
 503 024c 04       		.uleb128 0x4
 504 024d 68010000 		.4byte	.LASF39
 505 0251 04       		.byte	0x4
 506 0252 70       		.byte	0x70
 507 0253 35020000 		.4byte	0x235
 508 0257 04       		.uleb128 0x4
 509 0258 F3000000 		.4byte	.LASF40
ARM GAS  /var/folders/dt/0wfd0knj7gs46m8vwfzktm600000gn/T//cceO7GPh.s 			page 10


 510 025c 06       		.byte	0x6
 511 025d D7       		.byte	0xd7
 512 025e 62020000 		.4byte	0x262
 513 0262 0A       		.uleb128 0xa
 514 0263 04       		.byte	0x4
 515 0264 05       		.uleb128 0x5
 516 0265 B4020000 		.4byte	.LASF41
 517 0269 24       		.byte	0x24
 518 026a 06       		.byte	0x6
 519 026b FE       		.byte	0xfe
 520 026c F1020000 		.4byte	0x2f1
 521 0270 0B       		.uleb128 0xb
 522 0271 723400   		.ascii	"r4\000"
 523 0274 06       		.byte	0x6
 524 0275 1101     		.2byte	0x111
 525 0277 57020000 		.4byte	0x257
 526 027b 02       		.byte	0x2
 527 027c 23       		.byte	0x23
 528 027d 00       		.uleb128 0
 529 027e 0B       		.uleb128 0xb
 530 027f 723500   		.ascii	"r5\000"
 531 0282 06       		.byte	0x6
 532 0283 1201     		.2byte	0x112
 533 0285 57020000 		.4byte	0x257
 534 0289 02       		.byte	0x2
 535 028a 23       		.byte	0x23
 536 028b 04       		.uleb128 0x4
 537 028c 0B       		.uleb128 0xb
 538 028d 723600   		.ascii	"r6\000"
 539 0290 06       		.byte	0x6
 540 0291 1301     		.2byte	0x113
 541 0293 57020000 		.4byte	0x257
 542 0297 02       		.byte	0x2
 543 0298 23       		.byte	0x23
 544 0299 08       		.uleb128 0x8
 545 029a 0B       		.uleb128 0xb
 546 029b 723700   		.ascii	"r7\000"
 547 029e 06       		.byte	0x6
 548 029f 1401     		.2byte	0x114
 549 02a1 57020000 		.4byte	0x257
 550 02a5 02       		.byte	0x2
 551 02a6 23       		.byte	0x23
 552 02a7 0C       		.uleb128 0xc
 553 02a8 0B       		.uleb128 0xb
 554 02a9 723800   		.ascii	"r8\000"
 555 02ac 06       		.byte	0x6
 556 02ad 1501     		.2byte	0x115
 557 02af 57020000 		.4byte	0x257
 558 02b3 02       		.byte	0x2
 559 02b4 23       		.byte	0x23
 560 02b5 10       		.uleb128 0x10
 561 02b6 0B       		.uleb128 0xb
 562 02b7 723900   		.ascii	"r9\000"
 563 02ba 06       		.byte	0x6
 564 02bb 1601     		.2byte	0x116
 565 02bd 57020000 		.4byte	0x257
 566 02c1 02       		.byte	0x2
ARM GAS  /var/folders/dt/0wfd0knj7gs46m8vwfzktm600000gn/T//cceO7GPh.s 			page 11


 567 02c2 23       		.byte	0x23
 568 02c3 14       		.uleb128 0x14
 569 02c4 0B       		.uleb128 0xb
 570 02c5 72313000 		.ascii	"r10\000"
 571 02c9 06       		.byte	0x6
 572 02ca 1701     		.2byte	0x117
 573 02cc 57020000 		.4byte	0x257
 574 02d0 02       		.byte	0x2
 575 02d1 23       		.byte	0x23
 576 02d2 18       		.uleb128 0x18
 577 02d3 0B       		.uleb128 0xb
 578 02d4 72313100 		.ascii	"r11\000"
 579 02d8 06       		.byte	0x6
 580 02d9 1801     		.2byte	0x118
 581 02db 57020000 		.4byte	0x257
 582 02df 02       		.byte	0x2
 583 02e0 23       		.byte	0x23
 584 02e1 1C       		.uleb128 0x1c
 585 02e2 0B       		.uleb128 0xb
 586 02e3 6C7200   		.ascii	"lr\000"
 587 02e6 06       		.byte	0x6
 588 02e7 1901     		.2byte	0x119
 589 02e9 57020000 		.4byte	0x257
 590 02ed 02       		.byte	0x2
 591 02ee 23       		.byte	0x23
 592 02ef 20       		.uleb128 0x20
 593 02f0 00       		.byte	0
 594 02f1 0C       		.uleb128 0xc
 595 02f2 37010000 		.4byte	.LASF42
 596 02f6 04       		.byte	0x4
 597 02f7 06       		.byte	0x6
 598 02f8 2301     		.2byte	0x123
 599 02fa 0E030000 		.4byte	0x30e
 600 02fe 0B       		.uleb128 0xb
 601 02ff 72313300 		.ascii	"r13\000"
 602 0303 06       		.byte	0x6
 603 0304 2401     		.2byte	0x124
 604 0306 0E030000 		.4byte	0x30e
 605 030a 02       		.byte	0x2
 606 030b 23       		.byte	0x23
 607 030c 00       		.uleb128 0
 608 030d 00       		.byte	0
 609 030e 09       		.uleb128 0x9
 610 030f 04       		.byte	0x4
 611 0310 64020000 		.4byte	0x264
 612 0314 03       		.uleb128 0x3
 613 0315 04       		.byte	0x4
 614 0316 07       		.byte	0x7
 615 0317 94010000 		.4byte	.LASF43
 616 031b 04       		.uleb128 0x4
 617 031c 9C020000 		.4byte	.LASF44
 618 0320 07       		.byte	0x7
 619 0321 53       		.byte	0x53
 620 0322 26030000 		.4byte	0x326
 621 0326 09       		.uleb128 0x9
 622 0327 04       		.byte	0x4
 623 0328 2C030000 		.4byte	0x32c
ARM GAS  /var/folders/dt/0wfd0knj7gs46m8vwfzktm600000gn/T//cceO7GPh.s 			page 12


 624 032c 0D       		.uleb128 0xd
 625 032d 01       		.byte	0x1
 626 032e 38030000 		.4byte	0x338
 627 0332 0E       		.uleb128 0xe
 628 0333 62020000 		.4byte	0x262
 629 0337 00       		.byte	0
 630 0338 04       		.uleb128 0x4
 631 0339 68020000 		.4byte	.LASF45
 632 033d 07       		.byte	0x7
 633 033e 58       		.byte	0x58
 634 033f 43030000 		.4byte	0x343
 635 0343 05       		.uleb128 0x5
 636 0344 68020000 		.4byte	.LASF45
 637 0348 14       		.byte	0x14
 638 0349 07       		.byte	0x7
 639 034a 5F       		.byte	0x5f
 640 034b 96030000 		.4byte	0x396
 641 034f 06       		.uleb128 0x6
 642 0350 1D010000 		.4byte	.LASF46
 643 0354 07       		.byte	0x7
 644 0355 60       		.byte	0x60
 645 0356 96030000 		.4byte	0x396
 646 035a 02       		.byte	0x2
 647 035b 23       		.byte	0x23
 648 035c 00       		.uleb128 0
 649 035d 06       		.uleb128 0x6
 650 035e FC000000 		.4byte	.LASF47
 651 0362 07       		.byte	0x7
 652 0363 62       		.byte	0x62
 653 0364 96030000 		.4byte	0x396
 654 0368 02       		.byte	0x2
 655 0369 23       		.byte	0x23
 656 036a 04       		.uleb128 0x4
 657 036b 06       		.uleb128 0x6
 658 036c 86010000 		.4byte	.LASF48
 659 0370 07       		.byte	0x7
 660 0371 64       		.byte	0x64
 661 0372 D2000000 		.4byte	0xd2
 662 0376 02       		.byte	0x2
 663 0377 23       		.byte	0x23
 664 0378 08       		.uleb128 0x8
 665 0379 06       		.uleb128 0x6
 666 037a 9D010000 		.4byte	.LASF49
 667 037e 07       		.byte	0x7
 668 037f 65       		.byte	0x65
 669 0380 1B030000 		.4byte	0x31b
 670 0384 02       		.byte	0x2
 671 0385 23       		.byte	0x23
 672 0386 0C       		.uleb128 0xc
 673 0387 06       		.uleb128 0x6
 674 0388 C6020000 		.4byte	.LASF50
 675 038c 07       		.byte	0x7
 676 038d 67       		.byte	0x67
 677 038e 62020000 		.4byte	0x262
 678 0392 02       		.byte	0x2
 679 0393 23       		.byte	0x23
 680 0394 10       		.uleb128 0x10
ARM GAS  /var/folders/dt/0wfd0knj7gs46m8vwfzktm600000gn/T//cceO7GPh.s 			page 13


 681 0395 00       		.byte	0
 682 0396 09       		.uleb128 0x9
 683 0397 04       		.byte	0x4
 684 0398 38030000 		.4byte	0x338
 685 039c 0F       		.uleb128 0xf
 686 039d D2000000 		.4byte	0xd2
 687 03a1 05       		.uleb128 0x5
 688 03a2 80010000 		.4byte	.LASF51
 689 03a6 10       		.byte	0x10
 690 03a7 08       		.byte	0x8
 691 03a8 2C       		.byte	0x2c
 692 03a9 D8030000 		.4byte	0x3d8
 693 03ad 06       		.uleb128 0x6
 694 03ae 73000000 		.4byte	.LASF52
 695 03b2 08       		.byte	0x8
 696 03b3 2D       		.byte	0x2d
 697 03b4 2A020000 		.4byte	0x22a
 698 03b8 02       		.byte	0x2
 699 03b9 23       		.byte	0x23
 700 03ba 00       		.uleb128 0
 701 03bb 06       		.uleb128 0x6
 702 03bc 06030000 		.4byte	.LASF53
 703 03c0 08       		.byte	0x8
 704 03c1 2F       		.byte	0x2f
 705 03c2 24020000 		.4byte	0x224
 706 03c6 02       		.byte	0x2
 707 03c7 23       		.byte	0x23
 708 03c8 08       		.uleb128 0x8
 709 03c9 06       		.uleb128 0x6
 710 03ca 80020000 		.4byte	.LASF54
 711 03ce 08       		.byte	0x8
 712 03cf 31       		.byte	0x31
 713 03d0 D8030000 		.4byte	0x3d8
 714 03d4 02       		.byte	0x2
 715 03d5 23       		.byte	0x23
 716 03d6 0C       		.uleb128 0xc
 717 03d7 00       		.byte	0
 718 03d8 09       		.uleb128 0x9
 719 03d9 04       		.byte	0x4
 720 03da A1030000 		.4byte	0x3a1
 721 03de 04       		.uleb128 0x4
 722 03df 80010000 		.4byte	.LASF51
 723 03e3 08       		.byte	0x8
 724 03e4 33       		.byte	0x33
 725 03e5 A1030000 		.4byte	0x3a1
 726 03e9 04       		.uleb128 0x4
 727 03ea DC020000 		.4byte	.LASF55
 728 03ee 09       		.byte	0x9
 729 03ef 29       		.byte	0x29
 730 03f0 F4030000 		.4byte	0x3f4
 731 03f4 05       		.uleb128 0x5
 732 03f5 DC020000 		.4byte	.LASF55
 733 03f9 0C       		.byte	0xc
 734 03fa 09       		.byte	0x9
 735 03fb 2E       		.byte	0x2e
 736 03fc 2B040000 		.4byte	0x42b
 737 0400 06       		.uleb128 0x6
ARM GAS  /var/folders/dt/0wfd0knj7gs46m8vwfzktm600000gn/T//cceO7GPh.s 			page 14


 738 0401 58010000 		.4byte	.LASF56
 739 0405 09       		.byte	0x9
 740 0406 2F       		.byte	0x2f
 741 0407 2B040000 		.4byte	0x42b
 742 040b 02       		.byte	0x2
 743 040c 23       		.byte	0x23
 744 040d 00       		.uleb128 0
 745 040e 06       		.uleb128 0x6
 746 040f 04020000 		.4byte	.LASF57
 747 0413 09       		.byte	0x9
 748 0414 32       		.byte	0x32
 749 0415 24020000 		.4byte	0x224
 750 0419 02       		.byte	0x2
 751 041a 23       		.byte	0x23
 752 041b 04       		.uleb128 0x4
 753 041c 06       		.uleb128 0x6
 754 041d CF010000 		.4byte	.LASF58
 755 0421 09       		.byte	0x9
 756 0422 34       		.byte	0x34
 757 0423 C7000000 		.4byte	0xc7
 758 0427 02       		.byte	0x2
 759 0428 23       		.byte	0x23
 760 0429 08       		.uleb128 0x8
 761 042a 00       		.byte	0
 762 042b 09       		.uleb128 0x9
 763 042c 04       		.byte	0x4
 764 042d E9030000 		.4byte	0x3e9
 765 0431 05       		.uleb128 0x5
 766 0432 04010000 		.4byte	.LASF59
 767 0436 04       		.byte	0x4
 768 0437 09       		.byte	0x9
 769 0438 3C       		.byte	0x3c
 770 0439 4C040000 		.4byte	0x44c
 771 043d 06       		.uleb128 0x6
 772 043e F8020000 		.4byte	.LASF60
 773 0442 09       		.byte	0x9
 774 0443 3D       		.byte	0x3d
 775 0444 2B040000 		.4byte	0x42b
 776 0448 02       		.byte	0x2
 777 0449 23       		.byte	0x23
 778 044a 00       		.uleb128 0
 779 044b 00       		.byte	0
 780 044c 04       		.uleb128 0x4
 781 044d 04010000 		.4byte	.LASF59
 782 0451 09       		.byte	0x9
 783 0452 40       		.byte	0x40
 784 0453 31040000 		.4byte	0x431
 785 0457 10       		.uleb128 0x10
 786 0458 04       		.byte	0x4
 787 0459 05       		.byte	0x5
 788 045a 90       		.byte	0x90
 789 045b 8C040000 		.4byte	0x48c
 790 045f 11       		.uleb128 0x11
 791 0460 12000000 		.4byte	.LASF61
 792 0464 05       		.byte	0x5
 793 0465 97       		.byte	0x97
 794 0466 BC000000 		.4byte	0xbc
ARM GAS  /var/folders/dt/0wfd0knj7gs46m8vwfzktm600000gn/T//cceO7GPh.s 			page 15


 795 046a 11       		.uleb128 0x11
 796 046b 30000000 		.4byte	.LASF62
 797 046f 05       		.byte	0x5
 798 0470 9E       		.byte	0x9e
 799 0471 BC000000 		.4byte	0xbc
 800 0475 11       		.uleb128 0x11
 801 0476 EA020000 		.4byte	.LASF63
 802 047a 05       		.byte	0x5
 803 047b A5       		.byte	0xa5
 804 047c 62020000 		.4byte	0x262
 805 0480 11       		.uleb128 0x11
 806 0481 2C020000 		.4byte	.LASF64
 807 0485 05       		.byte	0x5
 808 0486 AC       		.byte	0xac
 809 0487 C7000000 		.4byte	0xc7
 810 048b 00       		.byte	0
 811 048c 09       		.uleb128 0x9
 812 048d 04       		.byte	0x4
 813 048e 92040000 		.4byte	0x492
 814 0492 12       		.uleb128 0x12
 815 0493 97040000 		.4byte	0x497
 816 0497 03       		.uleb128 0x3
 817 0498 01       		.byte	0x1
 818 0499 08       		.byte	0x8
 819 049a 75020000 		.4byte	.LASF65
 820 049e 09       		.uleb128 0x9
 821 049f 04       		.byte	0x4
 822 04a0 DE030000 		.4byte	0x3de
 823 04a4 08       		.uleb128 0x8
 824 04a5 1C       		.byte	0x1c
 825 04a6 0A       		.byte	0xa
 826 04a7 2A       		.byte	0x2a
 827 04a8 D7040000 		.4byte	0x4d7
 828 04ac 06       		.uleb128 0x6
 829 04ad 00030000 		.4byte	.LASF66
 830 04b1 0A       		.byte	0xa
 831 04b2 2B       		.byte	0x2b
 832 04b3 38030000 		.4byte	0x338
 833 04b7 02       		.byte	0x2
 834 04b8 23       		.byte	0x23
 835 04b9 00       		.uleb128 0
 836 04ba 06       		.uleb128 0x6
 837 04bb 8E010000 		.4byte	.LASF67
 838 04bf 0A       		.byte	0xa
 839 04c0 2C       		.byte	0x2c
 840 04c1 4C040000 		.4byte	0x44c
 841 04c5 02       		.byte	0x2
 842 04c6 23       		.byte	0x23
 843 04c7 14       		.uleb128 0x14
 844 04c8 06       		.uleb128 0x6
 845 04c9 00000000 		.4byte	.LASF68
 846 04cd 0A       		.byte	0xa
 847 04ce 2D       		.byte	0x2d
 848 04cf D2000000 		.4byte	0xd2
 849 04d3 02       		.byte	0x2
 850 04d4 23       		.byte	0x23
 851 04d5 18       		.uleb128 0x18
ARM GAS  /var/folders/dt/0wfd0knj7gs46m8vwfzktm600000gn/T//cceO7GPh.s 			page 16


 852 04d6 00       		.byte	0
 853 04d7 04       		.uleb128 0x4
 854 04d8 63000000 		.4byte	.LASF69
 855 04dc 0A       		.byte	0xa
 856 04dd 2E       		.byte	0x2e
 857 04de A4040000 		.4byte	0x4a4
 858 04e2 13       		.uleb128 0x13
 859 04e3 7A020000 		.4byte	.LASF77
 860 04e7 01       		.byte	0x1
 861 04e8 27       		.byte	0x27
 862 04e9 01       		.byte	0x1
 863 04ea 00000000 		.4byte	.LFB7
 864 04ee 24000000 		.4byte	.LFE7
 865 04f2 00000000 		.4byte	.LLST0
 866 04f6 01       		.byte	0x1
 867 04f7 51050000 		.4byte	0x551
 868 04fb 14       		.uleb128 0x14
 869 04fc 7000     		.ascii	"p\000"
 870 04fe 01       		.byte	0x1
 871 04ff 27       		.byte	0x27
 872 0500 62020000 		.4byte	0x262
 873 0504 20000000 		.4byte	.LLST1
 874 0508 15       		.uleb128 0x15
 875 0509 65747000 		.ascii	"etp\000"
 876 050d 01       		.byte	0x1
 877 050e 28       		.byte	0x28
 878 050f 51050000 		.4byte	0x551
 879 0513 3E000000 		.4byte	.LLST2
 880 0517 16       		.uleb128 0x16
 881 0518 0E000000 		.4byte	.LVL3
 882 051c 4B060000 		.4byte	0x64b
 883 0520 30050000 		.4byte	0x530
 884 0524 17       		.uleb128 0x17
 885 0525 01       		.byte	0x1
 886 0526 51       		.byte	0x51
 887 0527 01       		.byte	0x1
 888 0528 30       		.byte	0x30
 889 0529 17       		.uleb128 0x17
 890 052a 01       		.byte	0x1
 891 052b 50       		.byte	0x50
 892 052c 02       		.byte	0x2
 893 052d 74       		.byte	0x74
 894 052e 14       		.sleb128 20
 895 052f 00       		.byte	0
 896 0530 18       		.uleb128 0x18
 897 0531 24000000 		.4byte	.LVL4
 898 0535 01       		.byte	0x1
 899 0536 6A060000 		.4byte	0x66a
 900 053a 17       		.uleb128 0x17
 901 053b 01       		.byte	0x1
 902 053c 53       		.byte	0x53
 903 053d 02       		.byte	0x2
 904 053e 74       		.byte	0x74
 905 053f 00       		.sleb128 0
 906 0540 17       		.uleb128 0x17
 907 0541 01       		.byte	0x1
 908 0542 52       		.byte	0x52
ARM GAS  /var/folders/dt/0wfd0knj7gs46m8vwfzktm600000gn/T//cceO7GPh.s 			page 17


 909 0543 05       		.byte	0x5
 910 0544 03       		.byte	0x3
 911 0545 00000000 		.4byte	tmrcb
 912 0549 17       		.uleb128 0x17
 913 054a 01       		.byte	0x1
 914 054b 50       		.byte	0x50
 915 054c 02       		.byte	0x2
 916 054d 74       		.byte	0x74
 917 054e 00       		.sleb128 0
 918 054f 00       		.byte	0
 919 0550 00       		.byte	0
 920 0551 09       		.uleb128 0x9
 921 0552 04       		.byte	0x4
 922 0553 D7040000 		.4byte	0x4d7
 923 0557 19       		.uleb128 0x19
 924 0558 01       		.byte	0x1
 925 0559 39000000 		.4byte	.LASF70
 926 055d 01       		.byte	0x1
 927 055e 34       		.byte	0x34
 928 055f 01       		.byte	0x1
 929 0560 00000000 		.4byte	.LFB8
 930 0564 28000000 		.4byte	.LFE8
 931 0568 5C000000 		.4byte	.LLST3
 932 056c 01       		.byte	0x1
 933 056d D6050000 		.4byte	0x5d6
 934 0571 14       		.uleb128 0x14
 935 0572 65747000 		.ascii	"etp\000"
 936 0576 01       		.byte	0x1
 937 0577 34       		.byte	0x34
 938 0578 51050000 		.4byte	0x551
 939 057c 7C000000 		.4byte	.LLST4
 940 0580 1A       		.uleb128 0x1a
 941 0581 00000000 		.4byte	.Ldebug_ranges0+0
 942 0585 99050000 		.4byte	0x599
 943 0589 15       		.uleb128 0x15
 944 058a 746D7000 		.ascii	"tmp\000"
 945 058e 01       		.byte	0x1
 946 058f 36       		.byte	0x36
 947 0590 70000000 		.4byte	0x70
 948 0594 B0000000 		.4byte	.LLST5
 949 0598 00       		.byte	0
 950 0599 1B       		.uleb128 0x1b
 951 059a 0E000000 		.4byte	.LBB4
 952 059e 16000000 		.4byte	.LBE4
 953 05a2 B6050000 		.4byte	0x5b6
 954 05a6 15       		.uleb128 0x15
 955 05a7 746D7000 		.ascii	"tmp\000"
 956 05ab 01       		.byte	0x1
 957 05ac 3B       		.byte	0x3b
 958 05ad 70000000 		.4byte	0x70
 959 05b1 C3000000 		.4byte	.LLST6
 960 05b5 00       		.byte	0
 961 05b6 1C       		.uleb128 0x1c
 962 05b7 20000000 		.4byte	.LVL13
 963 05bb 6A060000 		.4byte	0x66a
 964 05bf 17       		.uleb128 0x17
 965 05c0 01       		.byte	0x1
ARM GAS  /var/folders/dt/0wfd0knj7gs46m8vwfzktm600000gn/T//cceO7GPh.s 			page 18


 966 05c1 53       		.byte	0x53
 967 05c2 02       		.byte	0x2
 968 05c3 74       		.byte	0x74
 969 05c4 00       		.sleb128 0
 970 05c5 17       		.uleb128 0x17
 971 05c6 01       		.byte	0x1
 972 05c7 52       		.byte	0x52
 973 05c8 05       		.byte	0x5
 974 05c9 03       		.byte	0x3
 975 05ca 00000000 		.4byte	tmrcb
 976 05ce 17       		.uleb128 0x17
 977 05cf 01       		.byte	0x1
 978 05d0 50       		.byte	0x50
 979 05d1 02       		.byte	0x2
 980 05d2 74       		.byte	0x74
 981 05d3 00       		.sleb128 0
 982 05d4 00       		.byte	0
 983 05d5 00       		.byte	0
 984 05d6 19       		.uleb128 0x19
 985 05d7 01       		.byte	0x1
 986 05d8 A5020000 		.4byte	.LASF71
 987 05dc 01       		.byte	0x1
 988 05dd 44       		.byte	0x44
 989 05de 01       		.byte	0x1
 990 05df 00000000 		.4byte	.LFB9
 991 05e3 18000000 		.4byte	.LFE9
 992 05e7 D6000000 		.4byte	.LLST7
 993 05eb 01       		.byte	0x1
 994 05ec 4B060000 		.4byte	0x64b
 995 05f0 14       		.uleb128 0x14
 996 05f1 65747000 		.ascii	"etp\000"
 997 05f5 01       		.byte	0x1
 998 05f6 44       		.byte	0x44
 999 05f7 51050000 		.4byte	0x551
 1000 05fb F6000000 		.4byte	.LLST8
 1001 05ff 1B       		.uleb128 0x1b
 1002 0600 02000000 		.4byte	.LBB5
 1003 0604 08000000 		.4byte	.LBE5
 1004 0608 1C060000 		.4byte	0x61c
 1005 060c 15       		.uleb128 0x15
 1006 060d 746D7000 		.ascii	"tmp\000"
 1007 0611 01       		.byte	0x1
 1008 0612 46       		.byte	0x46
 1009 0613 70000000 		.4byte	0x70
 1010 0617 17010000 		.4byte	.LLST9
 1011 061b 00       		.byte	0
 1012 061c 1B       		.uleb128 0x1b
 1013 061d 10000000 		.4byte	.LBB6
 1014 0621 18000000 		.4byte	.LBE6
 1015 0625 39060000 		.4byte	0x639
 1016 0629 15       		.uleb128 0x15
 1017 062a 746D7000 		.ascii	"tmp\000"
 1018 062e 01       		.byte	0x1
 1019 062f 4B       		.byte	0x4b
 1020 0630 70000000 		.4byte	0x70
 1021 0634 2A010000 		.4byte	.LLST10
 1022 0638 00       		.byte	0
ARM GAS  /var/folders/dt/0wfd0knj7gs46m8vwfzktm600000gn/T//cceO7GPh.s 			page 19


 1023 0639 1C       		.uleb128 0x1c
 1024 063a 10000000 		.4byte	.LVL18
 1025 063e 8D060000 		.4byte	0x68d
 1026 0642 17       		.uleb128 0x17
 1027 0643 01       		.byte	0x1
 1028 0644 50       		.byte	0x50
 1029 0645 03       		.byte	0x3
 1030 0646 F3       		.byte	0xf3
 1031 0647 01       		.uleb128 0x1
 1032 0648 50       		.byte	0x50
 1033 0649 00       		.byte	0
 1034 064a 00       		.byte	0
 1035 064b 1D       		.uleb128 0x1d
 1036 064c 01       		.byte	0x1
 1037 064d D6000000 		.4byte	.LASF72
 1038 0651 09       		.byte	0x9
 1039 0652 B3       		.byte	0xb3
 1040 0653 01       		.byte	0x1
 1041 0654 01       		.byte	0x1
 1042 0655 64060000 		.4byte	0x664
 1043 0659 0E       		.uleb128 0xe
 1044 065a 64060000 		.4byte	0x664
 1045 065e 0E       		.uleb128 0xe
 1046 065f C7000000 		.4byte	0xc7
 1047 0663 00       		.byte	0
 1048 0664 09       		.uleb128 0x9
 1049 0665 04       		.byte	0x4
 1050 0666 4C040000 		.4byte	0x44c
 1051 066a 1D       		.uleb128 0x1d
 1052 066b 01       		.byte	0x1
 1053 066c A5010000 		.4byte	.LASF73
 1054 0670 07       		.byte	0x7
 1055 0671 B1       		.byte	0xb1
 1056 0672 01       		.byte	0x1
 1057 0673 01       		.byte	0x1
 1058 0674 8D060000 		.4byte	0x68d
 1059 0678 0E       		.uleb128 0xe
 1060 0679 96030000 		.4byte	0x396
 1061 067d 0E       		.uleb128 0xe
 1062 067e D2000000 		.4byte	0xd2
 1063 0682 0E       		.uleb128 0xe
 1064 0683 1B030000 		.4byte	0x31b
 1065 0687 0E       		.uleb128 0xe
 1066 0688 62020000 		.4byte	0x262
 1067 068c 00       		.byte	0
 1068 068d 1E       		.uleb128 0x1e
 1069 068e 01       		.byte	0x1
 1070 068f 49020000 		.4byte	.LASF78
 1071 0693 07       		.byte	0x7
 1072 0694 B2       		.byte	0xb2
 1073 0695 01       		.byte	0x1
 1074 0696 01       		.byte	0x1
 1075 0697 0E       		.uleb128 0xe
 1076 0698 96030000 		.4byte	0x396
 1077 069c 00       		.byte	0
 1078 069d 00       		.byte	0
 1079              		.section	.debug_abbrev,"",%progbits
ARM GAS  /var/folders/dt/0wfd0knj7gs46m8vwfzktm600000gn/T//cceO7GPh.s 			page 20


 1080              	.Ldebug_abbrev0:
 1081 0000 01       		.uleb128 0x1
 1082 0001 11       		.uleb128 0x11
 1083 0002 01       		.byte	0x1
 1084 0003 25       		.uleb128 0x25
 1085 0004 0E       		.uleb128 0xe
 1086 0005 13       		.uleb128 0x13
 1087 0006 0B       		.uleb128 0xb
 1088 0007 03       		.uleb128 0x3
 1089 0008 0E       		.uleb128 0xe
 1090 0009 1B       		.uleb128 0x1b
 1091 000a 0E       		.uleb128 0xe
 1092 000b 55       		.uleb128 0x55
 1093 000c 06       		.uleb128 0x6
 1094 000d 11       		.uleb128 0x11
 1095 000e 01       		.uleb128 0x1
 1096 000f 52       		.uleb128 0x52
 1097 0010 01       		.uleb128 0x1
 1098 0011 10       		.uleb128 0x10
 1099 0012 06       		.uleb128 0x6
 1100 0013 00       		.byte	0
 1101 0014 00       		.byte	0
 1102 0015 02       		.uleb128 0x2
 1103 0016 24       		.uleb128 0x24
 1104 0017 00       		.byte	0
 1105 0018 0B       		.uleb128 0xb
 1106 0019 0B       		.uleb128 0xb
 1107 001a 3E       		.uleb128 0x3e
 1108 001b 0B       		.uleb128 0xb
 1109 001c 03       		.uleb128 0x3
 1110 001d 08       		.uleb128 0x8
 1111 001e 00       		.byte	0
 1112 001f 00       		.byte	0
 1113 0020 03       		.uleb128 0x3
 1114 0021 24       		.uleb128 0x24
 1115 0022 00       		.byte	0
 1116 0023 0B       		.uleb128 0xb
 1117 0024 0B       		.uleb128 0xb
 1118 0025 3E       		.uleb128 0x3e
 1119 0026 0B       		.uleb128 0xb
 1120 0027 03       		.uleb128 0x3
 1121 0028 0E       		.uleb128 0xe
 1122 0029 00       		.byte	0
 1123 002a 00       		.byte	0
 1124 002b 04       		.uleb128 0x4
 1125 002c 16       		.uleb128 0x16
 1126 002d 00       		.byte	0
 1127 002e 03       		.uleb128 0x3
 1128 002f 0E       		.uleb128 0xe
 1129 0030 3A       		.uleb128 0x3a
 1130 0031 0B       		.uleb128 0xb
 1131 0032 3B       		.uleb128 0x3b
 1132 0033 0B       		.uleb128 0xb
 1133 0034 49       		.uleb128 0x49
 1134 0035 13       		.uleb128 0x13
 1135 0036 00       		.byte	0
 1136 0037 00       		.byte	0
ARM GAS  /var/folders/dt/0wfd0knj7gs46m8vwfzktm600000gn/T//cceO7GPh.s 			page 21


 1137 0038 05       		.uleb128 0x5
 1138 0039 13       		.uleb128 0x13
 1139 003a 01       		.byte	0x1
 1140 003b 03       		.uleb128 0x3
 1141 003c 0E       		.uleb128 0xe
 1142 003d 0B       		.uleb128 0xb
 1143 003e 0B       		.uleb128 0xb
 1144 003f 3A       		.uleb128 0x3a
 1145 0040 0B       		.uleb128 0xb
 1146 0041 3B       		.uleb128 0x3b
 1147 0042 0B       		.uleb128 0xb
 1148 0043 01       		.uleb128 0x1
 1149 0044 13       		.uleb128 0x13
 1150 0045 00       		.byte	0
 1151 0046 00       		.byte	0
 1152 0047 06       		.uleb128 0x6
 1153 0048 0D       		.uleb128 0xd
 1154 0049 00       		.byte	0
 1155 004a 03       		.uleb128 0x3
 1156 004b 0E       		.uleb128 0xe
 1157 004c 3A       		.uleb128 0x3a
 1158 004d 0B       		.uleb128 0xb
 1159 004e 3B       		.uleb128 0x3b
 1160 004f 0B       		.uleb128 0xb
 1161 0050 49       		.uleb128 0x49
 1162 0051 13       		.uleb128 0x13
 1163 0052 38       		.uleb128 0x38
 1164 0053 0A       		.uleb128 0xa
 1165 0054 00       		.byte	0
 1166 0055 00       		.byte	0
 1167 0056 07       		.uleb128 0x7
 1168 0057 0D       		.uleb128 0xd
 1169 0058 00       		.byte	0
 1170 0059 03       		.uleb128 0x3
 1171 005a 08       		.uleb128 0x8
 1172 005b 3A       		.uleb128 0x3a
 1173 005c 0B       		.uleb128 0xb
 1174 005d 3B       		.uleb128 0x3b
 1175 005e 0B       		.uleb128 0xb
 1176 005f 49       		.uleb128 0x49
 1177 0060 13       		.uleb128 0x13
 1178 0061 38       		.uleb128 0x38
 1179 0062 0A       		.uleb128 0xa
 1180 0063 00       		.byte	0
 1181 0064 00       		.byte	0
 1182 0065 08       		.uleb128 0x8
 1183 0066 13       		.uleb128 0x13
 1184 0067 01       		.byte	0x1
 1185 0068 0B       		.uleb128 0xb
 1186 0069 0B       		.uleb128 0xb
 1187 006a 3A       		.uleb128 0x3a
 1188 006b 0B       		.uleb128 0xb
 1189 006c 3B       		.uleb128 0x3b
 1190 006d 0B       		.uleb128 0xb
 1191 006e 01       		.uleb128 0x1
 1192 006f 13       		.uleb128 0x13
 1193 0070 00       		.byte	0
ARM GAS  /var/folders/dt/0wfd0knj7gs46m8vwfzktm600000gn/T//cceO7GPh.s 			page 22


 1194 0071 00       		.byte	0
 1195 0072 09       		.uleb128 0x9
 1196 0073 0F       		.uleb128 0xf
 1197 0074 00       		.byte	0
 1198 0075 0B       		.uleb128 0xb
 1199 0076 0B       		.uleb128 0xb
 1200 0077 49       		.uleb128 0x49
 1201 0078 13       		.uleb128 0x13
 1202 0079 00       		.byte	0
 1203 007a 00       		.byte	0
 1204 007b 0A       		.uleb128 0xa
 1205 007c 0F       		.uleb128 0xf
 1206 007d 00       		.byte	0
 1207 007e 0B       		.uleb128 0xb
 1208 007f 0B       		.uleb128 0xb
 1209 0080 00       		.byte	0
 1210 0081 00       		.byte	0
 1211 0082 0B       		.uleb128 0xb
 1212 0083 0D       		.uleb128 0xd
 1213 0084 00       		.byte	0
 1214 0085 03       		.uleb128 0x3
 1215 0086 08       		.uleb128 0x8
 1216 0087 3A       		.uleb128 0x3a
 1217 0088 0B       		.uleb128 0xb
 1218 0089 3B       		.uleb128 0x3b
 1219 008a 05       		.uleb128 0x5
 1220 008b 49       		.uleb128 0x49
 1221 008c 13       		.uleb128 0x13
 1222 008d 38       		.uleb128 0x38
 1223 008e 0A       		.uleb128 0xa
 1224 008f 00       		.byte	0
 1225 0090 00       		.byte	0
 1226 0091 0C       		.uleb128 0xc
 1227 0092 13       		.uleb128 0x13
 1228 0093 01       		.byte	0x1
 1229 0094 03       		.uleb128 0x3
 1230 0095 0E       		.uleb128 0xe
 1231 0096 0B       		.uleb128 0xb
 1232 0097 0B       		.uleb128 0xb
 1233 0098 3A       		.uleb128 0x3a
 1234 0099 0B       		.uleb128 0xb
 1235 009a 3B       		.uleb128 0x3b
 1236 009b 05       		.uleb128 0x5
 1237 009c 01       		.uleb128 0x1
 1238 009d 13       		.uleb128 0x13
 1239 009e 00       		.byte	0
 1240 009f 00       		.byte	0
 1241 00a0 0D       		.uleb128 0xd
 1242 00a1 15       		.uleb128 0x15
 1243 00a2 01       		.byte	0x1
 1244 00a3 27       		.uleb128 0x27
 1245 00a4 0C       		.uleb128 0xc
 1246 00a5 01       		.uleb128 0x1
 1247 00a6 13       		.uleb128 0x13
 1248 00a7 00       		.byte	0
 1249 00a8 00       		.byte	0
 1250 00a9 0E       		.uleb128 0xe
ARM GAS  /var/folders/dt/0wfd0knj7gs46m8vwfzktm600000gn/T//cceO7GPh.s 			page 23


 1251 00aa 05       		.uleb128 0x5
 1252 00ab 00       		.byte	0
 1253 00ac 49       		.uleb128 0x49
 1254 00ad 13       		.uleb128 0x13
 1255 00ae 00       		.byte	0
 1256 00af 00       		.byte	0
 1257 00b0 0F       		.uleb128 0xf
 1258 00b1 35       		.uleb128 0x35
 1259 00b2 00       		.byte	0
 1260 00b3 49       		.uleb128 0x49
 1261 00b4 13       		.uleb128 0x13
 1262 00b5 00       		.byte	0
 1263 00b6 00       		.byte	0
 1264 00b7 10       		.uleb128 0x10
 1265 00b8 17       		.uleb128 0x17
 1266 00b9 01       		.byte	0x1
 1267 00ba 0B       		.uleb128 0xb
 1268 00bb 0B       		.uleb128 0xb
 1269 00bc 3A       		.uleb128 0x3a
 1270 00bd 0B       		.uleb128 0xb
 1271 00be 3B       		.uleb128 0x3b
 1272 00bf 0B       		.uleb128 0xb
 1273 00c0 01       		.uleb128 0x1
 1274 00c1 13       		.uleb128 0x13
 1275 00c2 00       		.byte	0
 1276 00c3 00       		.byte	0
 1277 00c4 11       		.uleb128 0x11
 1278 00c5 0D       		.uleb128 0xd
 1279 00c6 00       		.byte	0
 1280 00c7 03       		.uleb128 0x3
 1281 00c8 0E       		.uleb128 0xe
 1282 00c9 3A       		.uleb128 0x3a
 1283 00ca 0B       		.uleb128 0xb
 1284 00cb 3B       		.uleb128 0x3b
 1285 00cc 0B       		.uleb128 0xb
 1286 00cd 49       		.uleb128 0x49
 1287 00ce 13       		.uleb128 0x13
 1288 00cf 00       		.byte	0
 1289 00d0 00       		.byte	0
 1290 00d1 12       		.uleb128 0x12
 1291 00d2 26       		.uleb128 0x26
 1292 00d3 00       		.byte	0
 1293 00d4 49       		.uleb128 0x49
 1294 00d5 13       		.uleb128 0x13
 1295 00d6 00       		.byte	0
 1296 00d7 00       		.byte	0
 1297 00d8 13       		.uleb128 0x13
 1298 00d9 2E       		.uleb128 0x2e
 1299 00da 01       		.byte	0x1
 1300 00db 03       		.uleb128 0x3
 1301 00dc 0E       		.uleb128 0xe
 1302 00dd 3A       		.uleb128 0x3a
 1303 00de 0B       		.uleb128 0xb
 1304 00df 3B       		.uleb128 0x3b
 1305 00e0 0B       		.uleb128 0xb
 1306 00e1 27       		.uleb128 0x27
 1307 00e2 0C       		.uleb128 0xc
ARM GAS  /var/folders/dt/0wfd0knj7gs46m8vwfzktm600000gn/T//cceO7GPh.s 			page 24


 1308 00e3 11       		.uleb128 0x11
 1309 00e4 01       		.uleb128 0x1
 1310 00e5 12       		.uleb128 0x12
 1311 00e6 01       		.uleb128 0x1
 1312 00e7 40       		.uleb128 0x40
 1313 00e8 06       		.uleb128 0x6
 1314 00e9 9742     		.uleb128 0x2117
 1315 00eb 0C       		.uleb128 0xc
 1316 00ec 01       		.uleb128 0x1
 1317 00ed 13       		.uleb128 0x13
 1318 00ee 00       		.byte	0
 1319 00ef 00       		.byte	0
 1320 00f0 14       		.uleb128 0x14
 1321 00f1 05       		.uleb128 0x5
 1322 00f2 00       		.byte	0
 1323 00f3 03       		.uleb128 0x3
 1324 00f4 08       		.uleb128 0x8
 1325 00f5 3A       		.uleb128 0x3a
 1326 00f6 0B       		.uleb128 0xb
 1327 00f7 3B       		.uleb128 0x3b
 1328 00f8 0B       		.uleb128 0xb
 1329 00f9 49       		.uleb128 0x49
 1330 00fa 13       		.uleb128 0x13
 1331 00fb 02       		.uleb128 0x2
 1332 00fc 06       		.uleb128 0x6
 1333 00fd 00       		.byte	0
 1334 00fe 00       		.byte	0
 1335 00ff 15       		.uleb128 0x15
 1336 0100 34       		.uleb128 0x34
 1337 0101 00       		.byte	0
 1338 0102 03       		.uleb128 0x3
 1339 0103 08       		.uleb128 0x8
 1340 0104 3A       		.uleb128 0x3a
 1341 0105 0B       		.uleb128 0xb
 1342 0106 3B       		.uleb128 0x3b
 1343 0107 0B       		.uleb128 0xb
 1344 0108 49       		.uleb128 0x49
 1345 0109 13       		.uleb128 0x13
 1346 010a 02       		.uleb128 0x2
 1347 010b 06       		.uleb128 0x6
 1348 010c 00       		.byte	0
 1349 010d 00       		.byte	0
 1350 010e 16       		.uleb128 0x16
 1351 010f 898201   		.uleb128 0x4109
 1352 0112 01       		.byte	0x1
 1353 0113 11       		.uleb128 0x11
 1354 0114 01       		.uleb128 0x1
 1355 0115 31       		.uleb128 0x31
 1356 0116 13       		.uleb128 0x13
 1357 0117 01       		.uleb128 0x1
 1358 0118 13       		.uleb128 0x13
 1359 0119 00       		.byte	0
 1360 011a 00       		.byte	0
 1361 011b 17       		.uleb128 0x17
 1362 011c 8A8201   		.uleb128 0x410a
 1363 011f 00       		.byte	0
 1364 0120 02       		.uleb128 0x2
ARM GAS  /var/folders/dt/0wfd0knj7gs46m8vwfzktm600000gn/T//cceO7GPh.s 			page 25


 1365 0121 0A       		.uleb128 0xa
 1366 0122 9142     		.uleb128 0x2111
 1367 0124 0A       		.uleb128 0xa
 1368 0125 00       		.byte	0
 1369 0126 00       		.byte	0
 1370 0127 18       		.uleb128 0x18
 1371 0128 898201   		.uleb128 0x4109
 1372 012b 01       		.byte	0x1
 1373 012c 11       		.uleb128 0x11
 1374 012d 01       		.uleb128 0x1
 1375 012e 9542     		.uleb128 0x2115
 1376 0130 0C       		.uleb128 0xc
 1377 0131 31       		.uleb128 0x31
 1378 0132 13       		.uleb128 0x13
 1379 0133 00       		.byte	0
 1380 0134 00       		.byte	0
 1381 0135 19       		.uleb128 0x19
 1382 0136 2E       		.uleb128 0x2e
 1383 0137 01       		.byte	0x1
 1384 0138 3F       		.uleb128 0x3f
 1385 0139 0C       		.uleb128 0xc
 1386 013a 03       		.uleb128 0x3
 1387 013b 0E       		.uleb128 0xe
 1388 013c 3A       		.uleb128 0x3a
 1389 013d 0B       		.uleb128 0xb
 1390 013e 3B       		.uleb128 0x3b
 1391 013f 0B       		.uleb128 0xb
 1392 0140 27       		.uleb128 0x27
 1393 0141 0C       		.uleb128 0xc
 1394 0142 11       		.uleb128 0x11
 1395 0143 01       		.uleb128 0x1
 1396 0144 12       		.uleb128 0x12
 1397 0145 01       		.uleb128 0x1
 1398 0146 40       		.uleb128 0x40
 1399 0147 06       		.uleb128 0x6
 1400 0148 9742     		.uleb128 0x2117
 1401 014a 0C       		.uleb128 0xc
 1402 014b 01       		.uleb128 0x1
 1403 014c 13       		.uleb128 0x13
 1404 014d 00       		.byte	0
 1405 014e 00       		.byte	0
 1406 014f 1A       		.uleb128 0x1a
 1407 0150 0B       		.uleb128 0xb
 1408 0151 01       		.byte	0x1
 1409 0152 55       		.uleb128 0x55
 1410 0153 06       		.uleb128 0x6
 1411 0154 01       		.uleb128 0x1
 1412 0155 13       		.uleb128 0x13
 1413 0156 00       		.byte	0
 1414 0157 00       		.byte	0
 1415 0158 1B       		.uleb128 0x1b
 1416 0159 0B       		.uleb128 0xb
 1417 015a 01       		.byte	0x1
 1418 015b 11       		.uleb128 0x11
 1419 015c 01       		.uleb128 0x1
 1420 015d 12       		.uleb128 0x12
 1421 015e 01       		.uleb128 0x1
ARM GAS  /var/folders/dt/0wfd0knj7gs46m8vwfzktm600000gn/T//cceO7GPh.s 			page 26


 1422 015f 01       		.uleb128 0x1
 1423 0160 13       		.uleb128 0x13
 1424 0161 00       		.byte	0
 1425 0162 00       		.byte	0
 1426 0163 1C       		.uleb128 0x1c
 1427 0164 898201   		.uleb128 0x4109
 1428 0167 01       		.byte	0x1
 1429 0168 11       		.uleb128 0x11
 1430 0169 01       		.uleb128 0x1
 1431 016a 31       		.uleb128 0x31
 1432 016b 13       		.uleb128 0x13
 1433 016c 00       		.byte	0
 1434 016d 00       		.byte	0
 1435 016e 1D       		.uleb128 0x1d
 1436 016f 2E       		.uleb128 0x2e
 1437 0170 01       		.byte	0x1
 1438 0171 3F       		.uleb128 0x3f
 1439 0172 0C       		.uleb128 0xc
 1440 0173 03       		.uleb128 0x3
 1441 0174 0E       		.uleb128 0xe
 1442 0175 3A       		.uleb128 0x3a
 1443 0176 0B       		.uleb128 0xb
 1444 0177 3B       		.uleb128 0x3b
 1445 0178 0B       		.uleb128 0xb
 1446 0179 27       		.uleb128 0x27
 1447 017a 0C       		.uleb128 0xc
 1448 017b 3C       		.uleb128 0x3c
 1449 017c 0C       		.uleb128 0xc
 1450 017d 01       		.uleb128 0x1
 1451 017e 13       		.uleb128 0x13
 1452 017f 00       		.byte	0
 1453 0180 00       		.byte	0
 1454 0181 1E       		.uleb128 0x1e
 1455 0182 2E       		.uleb128 0x2e
 1456 0183 01       		.byte	0x1
 1457 0184 3F       		.uleb128 0x3f
 1458 0185 0C       		.uleb128 0xc
 1459 0186 03       		.uleb128 0x3
 1460 0187 0E       		.uleb128 0xe
 1461 0188 3A       		.uleb128 0x3a
 1462 0189 0B       		.uleb128 0xb
 1463 018a 3B       		.uleb128 0x3b
 1464 018b 0B       		.uleb128 0xb
 1465 018c 27       		.uleb128 0x27
 1466 018d 0C       		.uleb128 0xc
 1467 018e 3C       		.uleb128 0x3c
 1468 018f 0C       		.uleb128 0xc
 1469 0190 00       		.byte	0
 1470 0191 00       		.byte	0
 1471 0192 00       		.byte	0
 1472              		.section	.debug_loc,"",%progbits
 1473              	.Ldebug_loc0:
 1474              	.LLST0:
 1475 0000 00000000 		.4byte	.LFB7
 1476 0004 02000000 		.4byte	.LCFI0
 1477 0008 0200     		.2byte	0x2
 1478 000a 7D       		.byte	0x7d
ARM GAS  /var/folders/dt/0wfd0knj7gs46m8vwfzktm600000gn/T//cceO7GPh.s 			page 27


 1479 000b 00       		.sleb128 0
 1480 000c 02000000 		.4byte	.LCFI0
 1481 0010 24000000 		.4byte	.LFE7
 1482 0014 0200     		.2byte	0x2
 1483 0016 7D       		.byte	0x7d
 1484 0017 08       		.sleb128 8
 1485 0018 00000000 		.4byte	0
 1486 001c 00000000 		.4byte	0
 1487              	.LLST1:
 1488 0020 00000000 		.4byte	.LVL0
 1489 0024 0A000000 		.4byte	.LVL2
 1490 0028 0100     		.2byte	0x1
 1491 002a 50       		.byte	0x50
 1492 002b 0A000000 		.4byte	.LVL2
 1493 002f 24000000 		.4byte	.LFE7
 1494 0033 0100     		.2byte	0x1
 1495 0035 54       		.byte	0x54
 1496 0036 00000000 		.4byte	0
 1497 003a 00000000 		.4byte	0
 1498              	.LLST2:
 1499 003e 06000000 		.4byte	.LVL1
 1500 0042 0A000000 		.4byte	.LVL2
 1501 0046 0100     		.2byte	0x1
 1502 0048 50       		.byte	0x50
 1503 0049 0A000000 		.4byte	.LVL2
 1504 004d 24000000 		.4byte	.LFE7
 1505 0051 0100     		.2byte	0x1
 1506 0053 54       		.byte	0x54
 1507 0054 00000000 		.4byte	0
 1508 0058 00000000 		.4byte	0
 1509              	.LLST3:
 1510 005c 00000000 		.4byte	.LFB8
 1511 0060 02000000 		.4byte	.LCFI1
 1512 0064 0200     		.2byte	0x2
 1513 0066 7D       		.byte	0x7d
 1514 0067 00       		.sleb128 0
 1515 0068 02000000 		.4byte	.LCFI1
 1516 006c 28000000 		.4byte	.LFE8
 1517 0070 0200     		.2byte	0x2
 1518 0072 7D       		.byte	0x7d
 1519 0073 08       		.sleb128 8
 1520 0074 00000000 		.4byte	0
 1521 0078 00000000 		.4byte	0
 1522              	.LLST4:
 1523 007c 00000000 		.4byte	.LVL5
 1524 0080 0E000000 		.4byte	.LVL9
 1525 0084 0100     		.2byte	0x1
 1526 0086 50       		.byte	0x50
 1527 0087 0E000000 		.4byte	.LVL9
 1528 008b 16000000 		.4byte	.LVL12
 1529 008f 0100     		.2byte	0x1
 1530 0091 54       		.byte	0x54
 1531 0092 16000000 		.4byte	.LVL12
 1532 0096 1F000000 		.4byte	.LVL13-1
 1533 009a 0100     		.2byte	0x1
 1534 009c 50       		.byte	0x50
 1535 009d 1F000000 		.4byte	.LVL13-1
ARM GAS  /var/folders/dt/0wfd0knj7gs46m8vwfzktm600000gn/T//cceO7GPh.s 			page 28


 1536 00a1 28000000 		.4byte	.LFE8
 1537 00a5 0100     		.2byte	0x1
 1538 00a7 54       		.byte	0x54
 1539 00a8 00000000 		.4byte	0
 1540 00ac 00000000 		.4byte	0
 1541              	.LLST5:
 1542 00b0 0A000000 		.4byte	.LVL7
 1543 00b4 0C000000 		.4byte	.LVL8
 1544 00b8 0100     		.2byte	0x1
 1545 00ba 53       		.byte	0x53
 1546 00bb 00000000 		.4byte	0
 1547 00bf 00000000 		.4byte	0
 1548              	.LLST6:
 1549 00c3 14000000 		.4byte	.LVL11
 1550 00c7 16000000 		.4byte	.LVL12
 1551 00cb 0100     		.2byte	0x1
 1552 00cd 53       		.byte	0x53
 1553 00ce 00000000 		.4byte	0
 1554 00d2 00000000 		.4byte	0
 1555              	.LLST7:
 1556 00d6 00000000 		.4byte	.LFB9
 1557 00da 02000000 		.4byte	.LCFI2
 1558 00de 0200     		.2byte	0x2
 1559 00e0 7D       		.byte	0x7d
 1560 00e1 00       		.sleb128 0
 1561 00e2 02000000 		.4byte	.LCFI2
 1562 00e6 18000000 		.4byte	.LFE9
 1563 00ea 0200     		.2byte	0x2
 1564 00ec 7D       		.byte	0x7d
 1565 00ed 08       		.sleb128 8
 1566 00ee 00000000 		.4byte	0
 1567 00f2 00000000 		.4byte	0
 1568              	.LLST8:
 1569 00f6 00000000 		.4byte	.LVL14
 1570 00fa 0F000000 		.4byte	.LVL18-1
 1571 00fe 0100     		.2byte	0x1
 1572 0100 50       		.byte	0x50
 1573 0101 0F000000 		.4byte	.LVL18-1
 1574 0105 18000000 		.4byte	.LFE9
 1575 0109 0400     		.2byte	0x4
 1576 010b F3       		.byte	0xf3
 1577 010c 01       		.uleb128 0x1
 1578 010d 50       		.byte	0x50
 1579 010e 9F       		.byte	0x9f
 1580 010f 00000000 		.4byte	0
 1581 0113 00000000 		.4byte	0
 1582              	.LLST9:
 1583 0117 08000000 		.4byte	.LVL16
 1584 011b 0A000000 		.4byte	.LVL17
 1585 011f 0100     		.2byte	0x1
 1586 0121 53       		.byte	0x53
 1587 0122 00000000 		.4byte	0
 1588 0126 00000000 		.4byte	0
 1589              	.LLST10:
 1590 012a 16000000 		.4byte	.LVL20
 1591 012e 18000000 		.4byte	.LFE9
 1592 0132 0100     		.2byte	0x1
ARM GAS  /var/folders/dt/0wfd0knj7gs46m8vwfzktm600000gn/T//cceO7GPh.s 			page 29


 1593 0134 53       		.byte	0x53
 1594 0135 00000000 		.4byte	0
 1595 0139 00000000 		.4byte	0
 1596              		.section	.debug_aranges,"",%progbits
 1597 0000 2C000000 		.4byte	0x2c
 1598 0004 0200     		.2byte	0x2
 1599 0006 00000000 		.4byte	.Ldebug_info0
 1600 000a 04       		.byte	0x4
 1601 000b 00       		.byte	0
 1602 000c 0000     		.2byte	0
 1603 000e 0000     		.2byte	0
 1604 0010 00000000 		.4byte	.LFB7
 1605 0014 24000000 		.4byte	.LFE7-.LFB7
 1606 0018 00000000 		.4byte	.LFB8
 1607 001c 28000000 		.4byte	.LFE8-.LFB8
 1608 0020 00000000 		.4byte	.LFB9
 1609 0024 18000000 		.4byte	.LFE9-.LFB9
 1610 0028 00000000 		.4byte	0
 1611 002c 00000000 		.4byte	0
 1612              		.section	.debug_ranges,"",%progbits
 1613              	.Ldebug_ranges0:
 1614 0000 02000000 		.4byte	.LBB2
 1615 0004 04000000 		.4byte	.LBE2
 1616 0008 06000000 		.4byte	.LBB3
 1617 000c 0A000000 		.4byte	.LBE3
 1618 0010 00000000 		.4byte	0
 1619 0014 00000000 		.4byte	0
 1620 0018 00000000 		.4byte	.LFB7
 1621 001c 24000000 		.4byte	.LFE7
 1622 0020 00000000 		.4byte	.LFB8
 1623 0024 28000000 		.4byte	.LFE8
 1624 0028 00000000 		.4byte	.LFB9
 1625 002c 18000000 		.4byte	.LFE9
 1626 0030 00000000 		.4byte	0
 1627 0034 00000000 		.4byte	0
 1628              		.section	.debug_line,"",%progbits
 1629              	.Ldebug_line0:
 1630 0000 8F010000 		.section	.debug_str,"MS",%progbits,1
 1630      02004B01 
 1630      00000201 
 1630      FB0E0D00 
 1630      01010101 
 1631              	.LASF68:
 1632 0000 65745F69 		.ascii	"et_interval\000"
 1632      6E746572 
 1632      76616C00 
 1633              	.LASF33:
 1634 000c 705F6D73 		.ascii	"p_msg\000"
 1634      6700
 1635              	.LASF61:
 1636 0012 7264796D 		.ascii	"rdymsg\000"
 1636      736700
 1637              	.LASF11:
 1638 0019 6C6F6E67 		.ascii	"long long unsigned int\000"
 1638      206C6F6E 
 1638      6720756E 
 1638      7369676E 
ARM GAS  /var/folders/dt/0wfd0knj7gs46m8vwfzktm600000gn/T//cceO7GPh.s 			page 30


 1638      65642069 
 1639              	.LASF62:
 1640 0030 65786974 		.ascii	"exitcode\000"
 1640      636F6465 
 1640      00
 1641              	.LASF70:
 1642 0039 65767453 		.ascii	"evtStart\000"
 1642      74617274 
 1642      00
 1643              	.LASF22:
 1644 0042 705F7072 		.ascii	"p_prio\000"
 1644      696F00
 1645              	.LASF10:
 1646 0049 6C6F6E67 		.ascii	"long long int\000"
 1646      206C6F6E 
 1646      6720696E 
 1646      7400
 1647              	.LASF1:
 1648 0057 7369676E 		.ascii	"signed char\000"
 1648      65642063 
 1648      68617200 
 1649              	.LASF69:
 1650 0063 45765469 		.ascii	"EvTimer\000"
 1650      6D657200 
 1651              	.LASF37:
 1652 006b 705F6D70 		.ascii	"p_mpool\000"
 1652      6F6F6C00 
 1653              	.LASF52:
 1654 0073 6D5F7175 		.ascii	"m_queue\000"
 1654      65756500 
 1655              	.LASF7:
 1656 007b 6C6F6E67 		.ascii	"long int\000"
 1656      20696E74 
 1656      00
 1657              	.LASF13:
 1658 0084 74737461 		.ascii	"tstate_t\000"
 1658      74655F74 
 1658      00
 1659              	.LASF76:
 1660 008d 2F557365 		.ascii	"/Users/toxygen/Projects/UAV/Control_sytem/sw/autopi"
 1660      72732F74 
 1660      6F787967 
 1660      656E2F50 
 1660      726F6A65 
 1661 00c0 6C6F742F 		.ascii	"lot/2.4.3/demos/test2\000"
 1661      322E342E 
 1661      332F6465 
 1661      6D6F732F 
 1661      74657374 
 1662              	.LASF72:
 1663 00d6 63684576 		.ascii	"chEvtBroadcastFlagsI\000"
 1663      7442726F 
 1663      61646361 
 1663      7374466C 
 1663      61677349 
 1664              	.LASF24:
 1665 00eb 705F6E65 		.ascii	"p_newer\000"
ARM GAS  /var/folders/dt/0wfd0knj7gs46m8vwfzktm600000gn/T//cceO7GPh.s 			page 31


 1665      77657200 
 1666              	.LASF40:
 1667 00f3 72656761 		.ascii	"regarm_t\000"
 1667      726D5F74 
 1667      00
 1668              	.LASF47:
 1669 00fc 76745F70 		.ascii	"vt_prev\000"
 1669      72657600 
 1670              	.LASF59:
 1671 0104 4576656E 		.ascii	"EventSource\000"
 1671      74536F75 
 1671      72636500 
 1672              	.LASF0:
 1673 0110 756E7369 		.ascii	"unsigned int\000"
 1673      676E6564 
 1673      20696E74 
 1673      00
 1674              	.LASF46:
 1675 011d 76745F6E 		.ascii	"vt_next\000"
 1675      65787400 
 1676              	.LASF9:
 1677 0125 6C6F6E67 		.ascii	"long unsigned int\000"
 1677      20756E73 
 1677      69676E65 
 1677      6420696E 
 1677      7400
 1678              	.LASF42:
 1679 0137 636F6E74 		.ascii	"context\000"
 1679      65787400 
 1680              	.LASF4:
 1681 013f 73686F72 		.ascii	"short unsigned int\000"
 1681      7420756E 
 1681      7369676E 
 1681      65642069 
 1681      6E7400
 1682              	.LASF16:
 1683 0152 6D73675F 		.ascii	"msg_t\000"
 1683      7400
 1684              	.LASF56:
 1685 0158 656C5F6E 		.ascii	"el_next\000"
 1685      65787400 
 1686              	.LASF12:
 1687 0160 746D6F64 		.ascii	"tmode_t\000"
 1687      655F7400 
 1688              	.LASF39:
 1689 0168 54687265 		.ascii	"ThreadsList\000"
 1689      6164734C 
 1689      69737400 
 1690              	.LASF17:
 1691 0174 6576656E 		.ascii	"eventmask_t\000"
 1691      746D6173 
 1691      6B5F7400 
 1692              	.LASF51:
 1693 0180 4D757465 		.ascii	"Mutex\000"
 1693      7800
 1694              	.LASF48:
 1695 0186 76745F74 		.ascii	"vt_time\000"
ARM GAS  /var/folders/dt/0wfd0knj7gs46m8vwfzktm600000gn/T//cceO7GPh.s 			page 32


 1695      696D6500 
 1696              	.LASF67:
 1697 018e 65745F65 		.ascii	"et_es\000"
 1697      7300
 1698              	.LASF43:
 1699 0194 73697A65 		.ascii	"sizetype\000"
 1699      74797065 
 1699      00
 1700              	.LASF49:
 1701 019d 76745F66 		.ascii	"vt_func\000"
 1701      756E6300 
 1702              	.LASF73:
 1703 01a5 63685654 		.ascii	"chVTSetI\000"
 1703      53657449 
 1703      00
 1704              	.LASF25:
 1705 01ae 705F6F6C 		.ascii	"p_older\000"
 1705      64657200 
 1706              	.LASF38:
 1707 01b6 54687265 		.ascii	"ThreadsQueue\000"
 1707      61647351 
 1707      75657565 
 1707      00
 1708              	.LASF74:
 1709 01c3 474E5520 		.ascii	"GNU C 4.7.2\000"
 1709      4320342E 
 1709      372E3200 
 1710              	.LASF58:
 1711 01cf 656C5F6D 		.ascii	"el_mask\000"
 1711      61736B00 
 1712              	.LASF14:
 1713 01d7 74726566 		.ascii	"trefs_t\000"
 1713      735F7400 
 1714              	.LASF21:
 1715 01df 705F7072 		.ascii	"p_prev\000"
 1715      657600
 1716              	.LASF15:
 1717 01e6 74707269 		.ascii	"tprio_t\000"
 1717      6F5F7400 
 1718              	.LASF6:
 1719 01ee 696E7433 		.ascii	"int32_t\000"
 1719      325F7400 
 1720              	.LASF2:
 1721 01f6 756E7369 		.ascii	"unsigned char\000"
 1721      676E6564 
 1721      20636861 
 1721      7200
 1722              	.LASF57:
 1723 0204 656C5F6C 		.ascii	"el_listener\000"
 1723      69737465 
 1723      6E657200 
 1724              	.LASF35:
 1725 0210 705F6D74 		.ascii	"p_mtxlist\000"
 1725      786C6973 
 1725      7400
 1726              	.LASF3:
 1727 021a 73686F72 		.ascii	"short int\000"
ARM GAS  /var/folders/dt/0wfd0knj7gs46m8vwfzktm600000gn/T//cceO7GPh.s 			page 33


 1727      7420696E 
 1727      7400
 1728              	.LASF27:
 1729 0224 705F7374 		.ascii	"p_state\000"
 1729      61746500 
 1730              	.LASF64:
 1731 022c 65776D61 		.ascii	"ewmask\000"
 1731      736B00
 1732              	.LASF20:
 1733 0233 705F6E65 		.ascii	"p_next\000"
 1733      787400
 1734              	.LASF28:
 1735 023a 705F666C 		.ascii	"p_flags\000"
 1735      61677300 
 1736              	.LASF19:
 1737 0242 54687265 		.ascii	"Thread\000"
 1737      616400
 1738              	.LASF78:
 1739 0249 63685654 		.ascii	"chVTResetI\000"
 1739      52657365 
 1739      744900
 1740              	.LASF34:
 1741 0254 705F6570 		.ascii	"p_epending\000"
 1741      656E6469 
 1741      6E6700
 1742              	.LASF8:
 1743 025f 75696E74 		.ascii	"uint32_t\000"
 1743      33325F74 
 1743      00
 1744              	.LASF45:
 1745 0268 56697274 		.ascii	"VirtualTimer\000"
 1745      75616C54 
 1745      696D6572 
 1745      00
 1746              	.LASF65:
 1747 0275 63686172 		.ascii	"char\000"
 1747      00
 1748              	.LASF77:
 1749 027a 746D7263 		.ascii	"tmrcb\000"
 1749      6200
 1750              	.LASF54:
 1751 0280 6D5F6E65 		.ascii	"m_next\000"
 1751      787400
 1752              	.LASF18:
 1753 0287 73797374 		.ascii	"systime_t\000"
 1753      696D655F 
 1753      7400
 1754              	.LASF36:
 1755 0291 705F7265 		.ascii	"p_realprio\000"
 1755      616C7072 
 1755      696F00
 1756              	.LASF44:
 1757 029c 76746675 		.ascii	"vtfunc_t\000"
 1757      6E635F74 
 1757      00
 1758              	.LASF71:
 1759 02a5 65767453 		.ascii	"evtStop\000"
ARM GAS  /var/folders/dt/0wfd0knj7gs46m8vwfzktm600000gn/T//cceO7GPh.s 			page 34


 1759      746F7000 
 1760              	.LASF30:
 1761 02ad 705F7469 		.ascii	"p_time\000"
 1761      6D6500
 1762              	.LASF41:
 1763 02b4 696E7463 		.ascii	"intctx\000"
 1763      747800
 1764              	.LASF32:
 1765 02bb 705F6D73 		.ascii	"p_msgqueue\000"
 1765      67717565 
 1765      756500
 1766              	.LASF50:
 1767 02c6 76745F70 		.ascii	"vt_par\000"
 1767      617200
 1768              	.LASF29:
 1769 02cd 705F7265 		.ascii	"p_refs\000"
 1769      667300
 1770              	.LASF5:
 1771 02d4 75696E74 		.ascii	"uint8_t\000"
 1771      385F7400 
 1772              	.LASF55:
 1773 02dc 4576656E 		.ascii	"EventListener\000"
 1773      744C6973 
 1773      74656E65 
 1773      7200
 1774              	.LASF63:
 1775 02ea 77746F62 		.ascii	"wtobjp\000"
 1775      6A7000
 1776              	.LASF26:
 1777 02f1 705F6E61 		.ascii	"p_name\000"
 1777      6D6500
 1778              	.LASF60:
 1779 02f8 65735F6E 		.ascii	"es_next\000"
 1779      65787400 
 1780              	.LASF66:
 1781 0300 65745F76 		.ascii	"et_vt\000"
 1781      7400
 1782              	.LASF53:
 1783 0306 6D5F6F77 		.ascii	"m_owner\000"
 1783      6E657200 
 1784              	.LASF23:
 1785 030e 705F6374 		.ascii	"p_ctx\000"
 1785      7800
 1786              	.LASF31:
 1787 0314 705F7761 		.ascii	"p_waiting\000"
 1787      6974696E 
 1787      6700
 1788              	.LASF75:
 1789 031e 2E2E2F2E 		.ascii	"../../os/various/evtimer.c\000"
 1789      2E2F6F73 
 1789      2F766172 
 1789      696F7573 
 1789      2F657674 
 1790              		.ident	"GCC: (GNU) 4.7.2"
ARM GAS  /var/folders/dt/0wfd0knj7gs46m8vwfzktm600000gn/T//cceO7GPh.s 			page 35


DEFINED SYMBOLS
                            *ABS*:0000000000000000 evtimer.c
/var/folders/dt/0wfd0knj7gs46m8vwfzktm600000gn/T//cceO7GPh.s:19     .text.tmrcb:0000000000000000 $t
/var/folders/dt/0wfd0knj7gs46m8vwfzktm600000gn/T//cceO7GPh.s:24     .text.tmrcb:0000000000000000 tmrcb
/var/folders/dt/0wfd0knj7gs46m8vwfzktm600000gn/T//cceO7GPh.s:62     .text.evtStart:0000000000000000 $t
/var/folders/dt/0wfd0knj7gs46m8vwfzktm600000gn/T//cceO7GPh.s:68     .text.evtStart:0000000000000000 evtStart
/var/folders/dt/0wfd0knj7gs46m8vwfzktm600000gn/T//cceO7GPh.s:124    .text.evtStart:0000000000000024 $d
/var/folders/dt/0wfd0knj7gs46m8vwfzktm600000gn/T//cceO7GPh.s:129    .text.evtStop:0000000000000000 $t
/var/folders/dt/0wfd0knj7gs46m8vwfzktm600000gn/T//cceO7GPh.s:135    .text.evtStop:0000000000000000 evtStop
                     .debug_frame:0000000000000010 $d
/var/folders/dt/0wfd0knj7gs46m8vwfzktm600000gn/T//cceO7GPh.s:128    .text.evtStart:0000000000000028 $t

UNDEFINED SYMBOLS
chEvtBroadcastFlagsI
chVTSetI
chVTResetI
