ARM GAS  /var/folders/dt/0wfd0knj7gs46m8vwfzktm600000gn/T//ccR6hb9P.s 			page 1


   1              		.syntax unified
   2              		.cpu cortex-m3
   3              		.fpu softvfp
   4              		.eabi_attribute 20, 1
   5              		.eabi_attribute 21, 1
   6              		.eabi_attribute 23, 3
   7              		.eabi_attribute 24, 1
   8              		.eabi_attribute 25, 1
   9              		.eabi_attribute 26, 1
  10              		.eabi_attribute 30, 2
  11              		.eabi_attribute 34, 1
  12              		.eabi_attribute 18, 4
  13              		.thumb
  14              		.file	"icu.c"
  15              		.text
  16              	.Ltext0:
  17              		.cfi_sections	.debug_frame
  18              	.Letext0:
  19              		.file 1 "/Users/toxygen/Applications/yagarto-4.7.2/bin/../lib/gcc/arm-none-eabi/4.7.2/../../../../
  20              		.file 2 "../../os/ports/common/ARMCMx/CMSIS/include/core_cm3.h"
  21              		.section	.debug_info,"",%progbits
  22              	.Ldebug_info0:
  23 0000 8C000000 		.4byte	0x8c
  24 0004 0200     		.2byte	0x2
  25 0006 00000000 		.4byte	.Ldebug_abbrev0
  26 000a 04       		.byte	0x4
  27 000b 01       		.uleb128 0x1
  28 000c 37000000 		.4byte	.LASF11
  29 0010 01       		.byte	0x1
  30 0011 00000000 		.4byte	.LASF12
  31 0015 6C000000 		.4byte	.LASF13
  32 0019 00000000 		.4byte	.Ldebug_line0
  33 001d 02       		.uleb128 0x2
  34 001e 04       		.byte	0x4
  35 001f 05       		.byte	0x5
  36 0020 696E7400 		.ascii	"int\000"
  37 0024 03       		.uleb128 0x3
  38 0025 04       		.byte	0x4
  39 0026 07       		.byte	0x7
  40 0027 2A000000 		.4byte	.LASF0
  41 002b 03       		.uleb128 0x3
  42 002c 01       		.byte	0x1
  43 002d 06       		.byte	0x6
  44 002e EC000000 		.4byte	.LASF1
  45 0032 03       		.uleb128 0x3
  46 0033 01       		.byte	0x1
  47 0034 08       		.byte	0x8
  48 0035 B5000000 		.4byte	.LASF2
  49 0039 03       		.uleb128 0x3
  50 003a 02       		.byte	0x2
  51 003b 05       		.byte	0x5
  52 003c F8000000 		.4byte	.LASF3
  53 0040 03       		.uleb128 0x3
  54 0041 02       		.byte	0x2
  55 0042 07       		.byte	0x7
  56 0043 17000000 		.4byte	.LASF4
  57 0047 04       		.uleb128 0x4
ARM GAS  /var/folders/dt/0wfd0knj7gs46m8vwfzktm600000gn/T//ccR6hb9P.s 			page 2


  58 0048 02010000 		.4byte	.LASF14
  59 004c 01       		.byte	0x1
  60 004d 4F       		.byte	0x4f
  61 004e 52000000 		.4byte	0x52
  62 0052 03       		.uleb128 0x3
  63 0053 04       		.byte	0x4
  64 0054 05       		.byte	0x5
  65 0055 C8000000 		.4byte	.LASF5
  66 0059 03       		.uleb128 0x3
  67 005a 04       		.byte	0x4
  68 005b 07       		.byte	0x7
  69 005c 43000000 		.4byte	.LASF6
  70 0060 03       		.uleb128 0x3
  71 0061 08       		.byte	0x8
  72 0062 05       		.byte	0x5
  73 0063 D1000000 		.4byte	.LASF7
  74 0067 03       		.uleb128 0x3
  75 0068 08       		.byte	0x8
  76 0069 07       		.byte	0x7
  77 006a 55000000 		.4byte	.LASF8
  78 006e 03       		.uleb128 0x3
  79 006f 04       		.byte	0x4
  80 0070 07       		.byte	0x7
  81 0071 0A010000 		.4byte	.LASF9
  82 0075 03       		.uleb128 0x3
  83 0076 01       		.byte	0x1
  84 0077 08       		.byte	0x8
  85 0078 C3000000 		.4byte	.LASF10
  86 007c 05       		.uleb128 0x5
  87 007d 47000000 		.4byte	0x47
  88 0081 06       		.uleb128 0x6
  89 0082 DF000000 		.4byte	.LASF15
  90 0086 02       		.byte	0x2
  91 0087 9404     		.2byte	0x494
  92 0089 7C000000 		.4byte	0x7c
  93 008d 01       		.byte	0x1
  94 008e 01       		.byte	0x1
  95 008f 00       		.byte	0
  96              		.section	.debug_abbrev,"",%progbits
  97              	.Ldebug_abbrev0:
  98 0000 01       		.uleb128 0x1
  99 0001 11       		.uleb128 0x11
 100 0002 01       		.byte	0x1
 101 0003 25       		.uleb128 0x25
 102 0004 0E       		.uleb128 0xe
 103 0005 13       		.uleb128 0x13
 104 0006 0B       		.uleb128 0xb
 105 0007 03       		.uleb128 0x3
 106 0008 0E       		.uleb128 0xe
 107 0009 1B       		.uleb128 0x1b
 108 000a 0E       		.uleb128 0xe
 109 000b 10       		.uleb128 0x10
 110 000c 06       		.uleb128 0x6
 111 000d 00       		.byte	0
 112 000e 00       		.byte	0
 113 000f 02       		.uleb128 0x2
 114 0010 24       		.uleb128 0x24
ARM GAS  /var/folders/dt/0wfd0knj7gs46m8vwfzktm600000gn/T//ccR6hb9P.s 			page 3


 115 0011 00       		.byte	0
 116 0012 0B       		.uleb128 0xb
 117 0013 0B       		.uleb128 0xb
 118 0014 3E       		.uleb128 0x3e
 119 0015 0B       		.uleb128 0xb
 120 0016 03       		.uleb128 0x3
 121 0017 08       		.uleb128 0x8
 122 0018 00       		.byte	0
 123 0019 00       		.byte	0
 124 001a 03       		.uleb128 0x3
 125 001b 24       		.uleb128 0x24
 126 001c 00       		.byte	0
 127 001d 0B       		.uleb128 0xb
 128 001e 0B       		.uleb128 0xb
 129 001f 3E       		.uleb128 0x3e
 130 0020 0B       		.uleb128 0xb
 131 0021 03       		.uleb128 0x3
 132 0022 0E       		.uleb128 0xe
 133 0023 00       		.byte	0
 134 0024 00       		.byte	0
 135 0025 04       		.uleb128 0x4
 136 0026 16       		.uleb128 0x16
 137 0027 00       		.byte	0
 138 0028 03       		.uleb128 0x3
 139 0029 0E       		.uleb128 0xe
 140 002a 3A       		.uleb128 0x3a
 141 002b 0B       		.uleb128 0xb
 142 002c 3B       		.uleb128 0x3b
 143 002d 0B       		.uleb128 0xb
 144 002e 49       		.uleb128 0x49
 145 002f 13       		.uleb128 0x13
 146 0030 00       		.byte	0
 147 0031 00       		.byte	0
 148 0032 05       		.uleb128 0x5
 149 0033 35       		.uleb128 0x35
 150 0034 00       		.byte	0
 151 0035 49       		.uleb128 0x49
 152 0036 13       		.uleb128 0x13
 153 0037 00       		.byte	0
 154 0038 00       		.byte	0
 155 0039 06       		.uleb128 0x6
 156 003a 34       		.uleb128 0x34
 157 003b 00       		.byte	0
 158 003c 03       		.uleb128 0x3
 159 003d 0E       		.uleb128 0xe
 160 003e 3A       		.uleb128 0x3a
 161 003f 0B       		.uleb128 0xb
 162 0040 3B       		.uleb128 0x3b
 163 0041 05       		.uleb128 0x5
 164 0042 49       		.uleb128 0x49
 165 0043 13       		.uleb128 0x13
 166 0044 3F       		.uleb128 0x3f
 167 0045 0C       		.uleb128 0xc
 168 0046 3C       		.uleb128 0x3c
 169 0047 0C       		.uleb128 0xc
 170 0048 00       		.byte	0
 171 0049 00       		.byte	0
ARM GAS  /var/folders/dt/0wfd0knj7gs46m8vwfzktm600000gn/T//ccR6hb9P.s 			page 4


 172 004a 00       		.byte	0
 173              		.section	.debug_aranges,"",%progbits
 174 0000 14000000 		.4byte	0x14
 175 0004 0200     		.2byte	0x2
 176 0006 00000000 		.4byte	.Ldebug_info0
 177 000a 04       		.byte	0x4
 178 000b 00       		.byte	0
 179 000c 0000     		.2byte	0
 180 000e 0000     		.2byte	0
 181 0010 00000000 		.4byte	0
 182 0014 00000000 		.4byte	0
 183              		.section	.debug_line,"",%progbits
 184              	.Ldebug_line0:
 185 0000 D1000000 		.section	.debug_str,"MS",%progbits,1
 185      0200CB00 
 185      00000201 
 185      FB0E0D00 
 185      01010101 
 186              	.LASF12:
 187 0000 2E2E2F2E 		.ascii	"../../os/hal/src/icu.c\000"
 187      2E2F6F73 
 187      2F68616C 
 187      2F737263 
 187      2F696375 
 188              	.LASF4:
 189 0017 73686F72 		.ascii	"short unsigned int\000"
 189      7420756E 
 189      7369676E 
 189      65642069 
 189      6E7400
 190              	.LASF0:
 191 002a 756E7369 		.ascii	"unsigned int\000"
 191      676E6564 
 191      20696E74 
 191      00
 192              	.LASF11:
 193 0037 474E5520 		.ascii	"GNU C 4.7.2\000"
 193      4320342E 
 193      372E3200 
 194              	.LASF6:
 195 0043 6C6F6E67 		.ascii	"long unsigned int\000"
 195      20756E73 
 195      69676E65 
 195      6420696E 
 195      7400
 196              	.LASF8:
 197 0055 6C6F6E67 		.ascii	"long long unsigned int\000"
 197      206C6F6E 
 197      6720756E 
 197      7369676E 
 197      65642069 
 198              	.LASF13:
 199 006c 2F557365 		.ascii	"/Users/toxygen/Projects/UAV/Control_sytem/sw/autopi"
 199      72732F74 
 199      6F787967 
 199      656E2F50 
 199      726F6A65 
ARM GAS  /var/folders/dt/0wfd0knj7gs46m8vwfzktm600000gn/T//ccR6hb9P.s 			page 5


 200 009f 6C6F742F 		.ascii	"lot/2.4.3/demos/test2\000"
 200      322E342E 
 200      332F6465 
 200      6D6F732F 
 200      74657374 
 201              	.LASF2:
 202 00b5 756E7369 		.ascii	"unsigned char\000"
 202      676E6564 
 202      20636861 
 202      7200
 203              	.LASF10:
 204 00c3 63686172 		.ascii	"char\000"
 204      00
 205              	.LASF5:
 206 00c8 6C6F6E67 		.ascii	"long int\000"
 206      20696E74 
 206      00
 207              	.LASF7:
 208 00d1 6C6F6E67 		.ascii	"long long int\000"
 208      206C6F6E 
 208      6720696E 
 208      7400
 209              	.LASF15:
 210 00df 49544D5F 		.ascii	"ITM_RxBuffer\000"
 210      52784275 
 210      66666572 
 210      00
 211              	.LASF1:
 212 00ec 7369676E 		.ascii	"signed char\000"
 212      65642063 
 212      68617200 
 213              	.LASF3:
 214 00f8 73686F72 		.ascii	"short int\000"
 214      7420696E 
 214      7400
 215              	.LASF14:
 216 0102 696E7433 		.ascii	"int32_t\000"
 216      325F7400 
 217              	.LASF9:
 218 010a 73697A65 		.ascii	"sizetype\000"
 218      74797065 
 218      00
 219              		.ident	"GCC: (GNU) 4.7.2"
ARM GAS  /var/folders/dt/0wfd0knj7gs46m8vwfzktm600000gn/T//ccR6hb9P.s 			page 6


DEFINED SYMBOLS
                            *ABS*:0000000000000000 icu.c

NO UNDEFINED SYMBOLS
