ARM GAS  /var/folders/dt/0wfd0knj7gs46m8vwfzktm600000gn/T//cc1rnlaO.s 			page 1


   1              		.syntax unified
   2              		.cpu cortex-m3
   3              		.fpu softvfp
   4              		.eabi_attribute 20, 1
   5              		.eabi_attribute 21, 1
   6              		.eabi_attribute 23, 3
   7              		.eabi_attribute 24, 1
   8              		.eabi_attribute 25, 1
   9              		.eabi_attribute 26, 1
  10              		.eabi_attribute 30, 2
  11              		.eabi_attribute 34, 1
  12              		.eabi_attribute 18, 4
  13              		.thumb
  14              		.file	"nvic.c"
  15              		.text
  16              	.Ltext0:
  17              		.cfi_sections	.debug_frame
  18              		.section	.text.nvicEnableVector,"ax",%progbits
  19              		.align	2
  20              		.p2align 4,,15
  21              		.global	nvicEnableVector
  22              		.thumb
  23              		.thumb_func
  24              		.type	nvicEnableVector, %function
  25              	nvicEnableVector:
  26              	.LFB7:
  27              		.file 1 "../../os/ports/common/ARMCMx/nvic.c"
  28              		.loc 1 46 0
  29              		.cfi_startproc
  30              		@ args = 0, pretend = 0, frame = 0
  31              		@ frame_needed = 0, uses_anonymous_args = 0
  32              		@ link register save eliminated.
  33              	.LVL0:
  34              		.loc 1 47 0
  35 0000 00F00303 		and	r3, r0, #3
  36              		.loc 1 46 0
  37 0004 70B4     		push	{r4, r5, r6}
  38              	.LCFI0:
  39              		.cfi_def_cfa_offset 12
  40              		.cfi_offset 4, -12
  41              		.cfi_offset 5, -8
  42              		.cfi_offset 6, -4
  43              		.loc 1 47 0
  44 0006 DB00     		lsls	r3, r3, #3
  45              	.LVL1:
  46              		.loc 1 49 0
  47 0008 FF25     		movs	r5, #255
  48 000a 05FA03F5 		lsl	r5, r5, r3
  49 000e 01FA03F1 		lsl	r1, r1, r3
  50              	.LVL2:
  51              		.loc 1 50 0
  52 0012 0122     		movs	r2, #1
  53 0014 00F01F03 		and	r3, r0, #31
  54              	.LVL3:
  55 0018 02FA03F2 		lsl	r2, r2, r3
  56              		.loc 1 49 0
  57 001c 8408     		lsrs	r4, r0, #2
ARM GAS  /var/folders/dt/0wfd0knj7gs46m8vwfzktm600000gn/T//cc1rnlaO.s 			page 2


  58 001e 4FF46143 		mov	r3, #57600
  59 0022 CEF20003 		movt	r3, 57344
  60 0026 C034     		adds	r4, r4, #192
  61 0028 53F82460 		ldr	r6, [r3, r4, lsl #2]
  62              		.loc 1 50 0
  63 002c 4009     		lsrs	r0, r0, #5
  64              	.LVL4:
  65              		.loc 1 49 0
  66 002e 26EA0505 		bic	r5, r6, r5
  67 0032 0D43     		orrs	r5, r5, r1
  68              		.loc 1 50 0
  69 0034 00F16006 		add	r6, r0, #96
  70              		.loc 1 49 0
  71 0038 43F82450 		str	r5, [r3, r4, lsl #2]
  72              		.loc 1 50 0
  73 003c 43F82620 		str	r2, [r3, r6, lsl #2]
  74              		.loc 1 51 0
  75 0040 43F82020 		str	r2, [r3, r0, lsl #2]
  76              		.loc 1 52 0
  77 0044 70BC     		pop	{r4, r5, r6}
  78 0046 7047     		bx	lr
  79              		.cfi_endproc
  80              	.LFE7:
  81              		.size	nvicEnableVector, .-nvicEnableVector
  82 0048 AFF30080 		.section	.text.nvicDisableVector,"ax",%progbits
  82      AFF30080 
  83              		.align	2
  84              		.p2align 4,,15
  85              		.global	nvicDisableVector
  86              		.thumb
  87              		.thumb_func
  88              		.type	nvicDisableVector, %function
  89              	nvicDisableVector:
  90              	.LFB8:
  91              		.loc 1 60 0
  92              		.cfi_startproc
  93              		@ args = 0, pretend = 0, frame = 0
  94              		@ frame_needed = 0, uses_anonymous_args = 0
  95              		@ link register save eliminated.
  96              	.LVL5:
  97 0000 10B4     		push	{r4}
  98              	.LCFI1:
  99              		.cfi_def_cfa_offset 4
 100              		.cfi_offset 4, -4
 101              		.loc 1 63 0
 102 0002 00F01F03 		and	r3, r0, #31
 103 0006 0124     		movs	r4, #1
 104 0008 04FA03F4 		lsl	r4, r4, r3
 105              		.loc 1 61 0
 106 000c 00F00302 		and	r2, r0, #3
 107              		.loc 1 64 0
 108 0010 FF23     		movs	r3, #255
 109              		.loc 1 61 0
 110 0012 D200     		lsls	r2, r2, #3
 111              	.LVL6:
 112              		.loc 1 64 0
 113 0014 03FA02F2 		lsl	r2, r3, r2
ARM GAS  /var/folders/dt/0wfd0knj7gs46m8vwfzktm600000gn/T//cc1rnlaO.s 			page 3


 114              	.LVL7:
 115              		.loc 1 63 0
 116 0018 4109     		lsrs	r1, r0, #5
 117 001a 4FF46143 		mov	r3, #57600
 118 001e CEF20003 		movt	r3, 57344
 119 0022 2031     		adds	r1, r1, #32
 120              		.loc 1 64 0
 121 0024 8008     		lsrs	r0, r0, #2
 122              	.LVL8:
 123              		.loc 1 63 0
 124 0026 43F82140 		str	r4, [r3, r1, lsl #2]
 125              		.loc 1 64 0
 126 002a C030     		adds	r0, r0, #192
 127 002c 53F82010 		ldr	r1, [r3, r0, lsl #2]
 128 0030 21EA0202 		bic	r2, r1, r2
 129 0034 43F82020 		str	r2, [r3, r0, lsl #2]
 130              		.loc 1 65 0
 131 0038 10BC     		pop	{r4}
 132 003a 7047     		bx	lr
 133              		.cfi_endproc
 134              	.LFE8:
 135              		.size	nvicDisableVector, .-nvicDisableVector
 136 003c AFF30080 		.section	.text.nvicSetSystemHandlerPriority,"ax",%progbits
 137              		.align	2
 138              		.p2align 4,,15
 139              		.global	nvicSetSystemHandlerPriority
 140              		.thumb
 141              		.thumb_func
 142              		.type	nvicSetSystemHandlerPriority, %function
 143              	nvicSetSystemHandlerPriority:
 144              	.LFB9:
 145              		.loc 1 74 0
 146              		.cfi_startproc
 147              		@ args = 0, pretend = 0, frame = 0
 148              		@ frame_needed = 0, uses_anonymous_args = 0
 149              		@ link register save eliminated.
 150              	.LVL9:
 151              		.loc 1 75 0
 152 0000 00F00303 		and	r3, r0, #3
 153 0004 DB00     		lsls	r3, r3, #3
 154              	.LVL10:
 155              		.loc 1 78 0
 156 0006 FF22     		movs	r2, #255
 157 0008 02FA03F2 		lsl	r2, r2, r3
 158 000c 01FA03F1 		lsl	r1, r1, r3
 159              	.LVL11:
 160              		.loc 1 77 0
 161 0010 8008     		lsrs	r0, r0, #2
 162              	.LVL12:
 163 0012 4FF46D43 		mov	r3, #60672
 164              	.LVL13:
 165 0016 CEF20003 		movt	r3, 57344
 166 001a 0630     		adds	r0, r0, #6
 167              		.loc 1 74 0
 168 001c 10B4     		push	{r4}
 169              	.LCFI2:
 170              		.cfi_def_cfa_offset 4
ARM GAS  /var/folders/dt/0wfd0knj7gs46m8vwfzktm600000gn/T//cc1rnlaO.s 			page 4


 171              		.cfi_offset 4, -4
 172              		.loc 1 77 0
 173 001e 53F82040 		ldr	r4, [r3, r0, lsl #2]
 174 0022 24EA0202 		bic	r2, r4, r2
 175              		.loc 1 78 0
 176 0026 0A43     		orrs	r2, r2, r1
 177              		.loc 1 77 0
 178 0028 43F82020 		str	r2, [r3, r0, lsl #2]
 179              		.loc 1 79 0
 180 002c 10BC     		pop	{r4}
 181 002e 7047     		bx	lr
 182              		.cfi_endproc
 183              	.LFE9:
 184              		.size	nvicSetSystemHandlerPriority, .-nvicSetSystemHandlerPriority
 185              		.text
 186              	.Letext0:
 187              		.file 2 "/Users/toxygen/Applications/yagarto-4.7.2/bin/../lib/gcc/arm-none-eabi/4.7.2/../../../../
 188              		.file 3 "../../os/ports/common/ARMCMx/nvic.h"
 189              		.section	.debug_info,"",%progbits
 190              	.Ldebug_info0:
 191 0000 4A040000 		.4byte	0x44a
 192 0004 0200     		.2byte	0x2
 193 0006 00000000 		.4byte	.Ldebug_abbrev0
 194 000a 04       		.byte	0x4
 195 000b 01       		.uleb128 0x1
 196 000c 9B010000 		.4byte	.LASF45
 197 0010 01       		.byte	0x1
 198 0011 0F000000 		.4byte	.LASF46
 199 0015 23010000 		.4byte	.LASF47
 200 0019 00000000 		.4byte	.Ldebug_ranges0+0
 201 001d 00000000 		.4byte	0
 202 0021 00000000 		.4byte	0
 203 0025 00000000 		.4byte	.Ldebug_line0
 204 0029 02       		.uleb128 0x2
 205 002a 04       		.byte	0x4
 206 002b 05       		.byte	0x5
 207 002c 696E7400 		.ascii	"int\000"
 208 0030 03       		.uleb128 0x3
 209 0031 04       		.byte	0x4
 210 0032 07       		.byte	0x7
 211 0033 E2000000 		.4byte	.LASF0
 212 0037 03       		.uleb128 0x3
 213 0038 01       		.byte	0x1
 214 0039 06       		.byte	0x6
 215 003a D4010000 		.4byte	.LASF1
 216 003e 03       		.uleb128 0x3
 217 003f 01       		.byte	0x1
 218 0040 08       		.byte	0x8
 219 0041 60000000 		.4byte	.LASF2
 220 0045 03       		.uleb128 0x3
 221 0046 02       		.byte	0x2
 222 0047 05       		.byte	0x5
 223 0048 D8000000 		.4byte	.LASF3
 224 004c 03       		.uleb128 0x3
 225 004d 02       		.byte	0x2
 226 004e 07       		.byte	0x7
 227 004f 9E000000 		.4byte	.LASF4
ARM GAS  /var/folders/dt/0wfd0knj7gs46m8vwfzktm600000gn/T//cc1rnlaO.s 			page 5


 228 0053 03       		.uleb128 0x3
 229 0054 04       		.byte	0x4
 230 0055 05       		.byte	0x5
 231 0056 C6010000 		.4byte	.LASF5
 232 005a 04       		.uleb128 0x4
 233 005b BD010000 		.4byte	.LASF9
 234 005f 02       		.byte	0x2
 235 0060 50       		.byte	0x50
 236 0061 65000000 		.4byte	0x65
 237 0065 03       		.uleb128 0x3
 238 0066 04       		.byte	0x4
 239 0067 07       		.byte	0x7
 240 0068 BB000000 		.4byte	.LASF6
 241 006c 03       		.uleb128 0x3
 242 006d 08       		.byte	0x8
 243 006e 05       		.byte	0x5
 244 006f 82010000 		.4byte	.LASF7
 245 0073 03       		.uleb128 0x3
 246 0074 08       		.byte	0x8
 247 0075 07       		.byte	0x7
 248 0076 F9000000 		.4byte	.LASF8
 249 007a 04       		.uleb128 0x4
 250 007b 58000000 		.4byte	.LASF10
 251 007f 03       		.byte	0x3
 252 0080 3A       		.byte	0x3a
 253 0081 85000000 		.4byte	0x85
 254 0085 05       		.uleb128 0x5
 255 0086 5A000000 		.4byte	0x5a
 256 008a 06       		.uleb128 0x6
 257 008b 040E     		.2byte	0xe04
 258 008d 03       		.byte	0x3
 259 008e 6A       		.byte	0x6a
 260 008f 55010000 		.4byte	0x155
 261 0093 07       		.uleb128 0x7
 262 0094 A7010000 		.4byte	.LASF11
 263 0098 03       		.byte	0x3
 264 0099 6B       		.byte	0x6b
 265 009a 6C010000 		.4byte	0x16c
 266 009e 02       		.byte	0x2
 267 009f 23       		.byte	0x23
 268 00a0 00       		.uleb128 0
 269 00a1 07       		.uleb128 0x7
 270 00a2 6E000000 		.4byte	.LASF12
 271 00a6 03       		.byte	0x3
 272 00a7 6C       		.byte	0x6c
 273 00a8 81010000 		.4byte	0x181
 274 00ac 02       		.byte	0x2
 275 00ad 23       		.byte	0x23
 276 00ae 20       		.uleb128 0x20
 277 00af 07       		.uleb128 0x7
 278 00b0 53000000 		.4byte	.LASF13
 279 00b4 03       		.byte	0x3
 280 00b5 6D       		.byte	0x6d
 281 00b6 86010000 		.4byte	0x186
 282 00ba 03       		.byte	0x3
 283 00bb 23       		.byte	0x23
 284 00bc 8001     		.uleb128 0x80
ARM GAS  /var/folders/dt/0wfd0knj7gs46m8vwfzktm600000gn/T//cc1rnlaO.s 			page 6


 285 00be 07       		.uleb128 0x7
 286 00bf 76000000 		.4byte	.LASF14
 287 00c3 03       		.byte	0x3
 288 00c4 6E       		.byte	0x6e
 289 00c5 8B010000 		.4byte	0x18b
 290 00c9 03       		.byte	0x3
 291 00ca 23       		.byte	0x23
 292 00cb A001     		.uleb128 0xa0
 293 00cd 07       		.uleb128 0x7
 294 00ce EF000000 		.4byte	.LASF15
 295 00d2 03       		.byte	0x3
 296 00d3 6F       		.byte	0x6f
 297 00d4 90010000 		.4byte	0x190
 298 00d8 03       		.byte	0x3
 299 00d9 23       		.byte	0x23
 300 00da 8002     		.uleb128 0x100
 301 00dc 07       		.uleb128 0x7
 302 00dd 7E000000 		.4byte	.LASF16
 303 00e1 03       		.byte	0x3
 304 00e2 70       		.byte	0x70
 305 00e3 95010000 		.4byte	0x195
 306 00e7 03       		.byte	0x3
 307 00e8 23       		.byte	0x23
 308 00e9 A002     		.uleb128 0x120
 309 00eb 07       		.uleb128 0x7
 310 00ec 05000000 		.4byte	.LASF17
 311 00f0 03       		.byte	0x3
 312 00f1 71       		.byte	0x71
 313 00f2 9A010000 		.4byte	0x19a
 314 00f6 03       		.byte	0x3
 315 00f7 23       		.byte	0x23
 316 00f8 8003     		.uleb128 0x180
 317 00fa 07       		.uleb128 0x7
 318 00fb 86000000 		.4byte	.LASF18
 319 00ff 03       		.byte	0x3
 320 0100 72       		.byte	0x72
 321 0101 9F010000 		.4byte	0x19f
 322 0105 03       		.byte	0x3
 323 0106 23       		.byte	0x23
 324 0107 A003     		.uleb128 0x1a0
 325 0109 07       		.uleb128 0x7
 326 010a FD010000 		.4byte	.LASF19
 327 010e 03       		.byte	0x3
 328 010f 73       		.byte	0x73
 329 0110 A4010000 		.4byte	0x1a4
 330 0114 03       		.byte	0x3
 331 0115 23       		.byte	0x23
 332 0116 8004     		.uleb128 0x200
 333 0118 07       		.uleb128 0x7
 334 0119 8E000000 		.4byte	.LASF20
 335 011d 03       		.byte	0x3
 336 011e 74       		.byte	0x74
 337 011f B9010000 		.4byte	0x1b9
 338 0123 03       		.byte	0x3
 339 0124 23       		.byte	0x23
 340 0125 A004     		.uleb128 0x220
 341 0127 08       		.uleb128 0x8
ARM GAS  /var/folders/dt/0wfd0knj7gs46m8vwfzktm600000gn/T//cc1rnlaO.s 			page 7


 342 0128 49505200 		.ascii	"IPR\000"
 343 012c 03       		.byte	0x3
 344 012d 75       		.byte	0x75
 345 012e CE010000 		.4byte	0x1ce
 346 0132 03       		.byte	0x3
 347 0133 23       		.byte	0x23
 348 0134 8006     		.uleb128 0x300
 349 0136 07       		.uleb128 0x7
 350 0137 96000000 		.4byte	.LASF21
 351 013b 03       		.byte	0x3
 352 013c 76       		.byte	0x76
 353 013d E4010000 		.4byte	0x1e4
 354 0141 03       		.byte	0x3
 355 0142 23       		.byte	0x23
 356 0143 F007     		.uleb128 0x3f0
 357 0145 07       		.uleb128 0x7
 358 0146 D3000000 		.4byte	.LASF22
 359 014a 03       		.byte	0x3
 360 014b 77       		.byte	0x77
 361 014c 7A000000 		.4byte	0x7a
 362 0150 03       		.byte	0x3
 363 0151 23       		.byte	0x23
 364 0152 801C     		.uleb128 0xe00
 365 0154 00       		.byte	0
 366 0155 09       		.uleb128 0x9
 367 0156 7A000000 		.4byte	0x7a
 368 015a 65010000 		.4byte	0x165
 369 015e 0A       		.uleb128 0xa
 370 015f 65010000 		.4byte	0x165
 371 0163 07       		.byte	0x7
 372 0164 00       		.byte	0
 373 0165 03       		.uleb128 0x3
 374 0166 04       		.byte	0x4
 375 0167 07       		.byte	0x7
 376 0168 79010000 		.4byte	.LASF23
 377 016c 05       		.uleb128 0x5
 378 016d 55010000 		.4byte	0x155
 379 0171 09       		.uleb128 0x9
 380 0172 7A000000 		.4byte	0x7a
 381 0176 81010000 		.4byte	0x181
 382 017a 0A       		.uleb128 0xa
 383 017b 65010000 		.4byte	0x165
 384 017f 17       		.byte	0x17
 385 0180 00       		.byte	0
 386 0181 05       		.uleb128 0x5
 387 0182 71010000 		.4byte	0x171
 388 0186 05       		.uleb128 0x5
 389 0187 55010000 		.4byte	0x155
 390 018b 05       		.uleb128 0x5
 391 018c 71010000 		.4byte	0x171
 392 0190 05       		.uleb128 0x5
 393 0191 55010000 		.4byte	0x155
 394 0195 05       		.uleb128 0x5
 395 0196 71010000 		.4byte	0x171
 396 019a 05       		.uleb128 0x5
 397 019b 55010000 		.4byte	0x155
 398 019f 05       		.uleb128 0x5
ARM GAS  /var/folders/dt/0wfd0knj7gs46m8vwfzktm600000gn/T//cc1rnlaO.s 			page 8


 399 01a0 71010000 		.4byte	0x171
 400 01a4 05       		.uleb128 0x5
 401 01a5 55010000 		.4byte	0x155
 402 01a9 09       		.uleb128 0x9
 403 01aa 7A000000 		.4byte	0x7a
 404 01ae B9010000 		.4byte	0x1b9
 405 01b2 0A       		.uleb128 0xa
 406 01b3 65010000 		.4byte	0x165
 407 01b7 37       		.byte	0x37
 408 01b8 00       		.byte	0
 409 01b9 05       		.uleb128 0x5
 410 01ba A9010000 		.4byte	0x1a9
 411 01be 09       		.uleb128 0x9
 412 01bf 7A000000 		.4byte	0x7a
 413 01c3 CE010000 		.4byte	0x1ce
 414 01c7 0A       		.uleb128 0xa
 415 01c8 65010000 		.4byte	0x165
 416 01cc 3B       		.byte	0x3b
 417 01cd 00       		.byte	0
 418 01ce 05       		.uleb128 0x5
 419 01cf BE010000 		.4byte	0x1be
 420 01d3 09       		.uleb128 0x9
 421 01d4 7A000000 		.4byte	0x7a
 422 01d8 E4010000 		.4byte	0x1e4
 423 01dc 0B       		.uleb128 0xb
 424 01dd 65010000 		.4byte	0x165
 425 01e1 8302     		.2byte	0x283
 426 01e3 00       		.byte	0
 427 01e4 05       		.uleb128 0x5
 428 01e5 D3010000 		.4byte	0x1d3
 429 01e9 04       		.uleb128 0x4
 430 01ea 45000000 		.4byte	.LASF24
 431 01ee 03       		.byte	0x3
 432 01ef 78       		.byte	0x78
 433 01f0 8A000000 		.4byte	0x8a
 434 01f4 0C       		.uleb128 0xc
 435 01f5 8C       		.byte	0x8c
 436 01f6 03       		.byte	0x3
 437 01f7 89       		.byte	0x89
 438 01f8 24030000 		.4byte	0x324
 439 01fc 07       		.uleb128 0x7
 440 01fd 90010000 		.4byte	.LASF25
 441 0201 03       		.byte	0x3
 442 0202 8A       		.byte	0x8a
 443 0203 7A000000 		.4byte	0x7a
 444 0207 02       		.byte	0x2
 445 0208 23       		.byte	0x23
 446 0209 00       		.uleb128 0
 447 020a 07       		.uleb128 0x7
 448 020b 10010000 		.4byte	.LASF26
 449 020f 03       		.byte	0x3
 450 0210 8B       		.byte	0x8b
 451 0211 7A000000 		.4byte	0x7a
 452 0215 02       		.byte	0x2
 453 0216 23       		.byte	0x23
 454 0217 04       		.uleb128 0x4
 455 0218 07       		.uleb128 0x7
ARM GAS  /var/folders/dt/0wfd0knj7gs46m8vwfzktm600000gn/T//cc1rnlaO.s 			page 9


 456 0219 4E000000 		.4byte	.LASF27
 457 021d 03       		.byte	0x3
 458 021e 8C       		.byte	0x8c
 459 021f 7A000000 		.4byte	0x7a
 460 0223 02       		.byte	0x2
 461 0224 23       		.byte	0x23
 462 0225 08       		.uleb128 0x8
 463 0226 07       		.uleb128 0x7
 464 0227 1D010000 		.4byte	.LASF28
 465 022b 03       		.byte	0x3
 466 022c 8D       		.byte	0x8d
 467 022d 7A000000 		.4byte	0x7a
 468 0231 02       		.byte	0x2
 469 0232 23       		.byte	0x23
 470 0233 0C       		.uleb128 0xc
 471 0234 08       		.uleb128 0x8
 472 0235 53435200 		.ascii	"SCR\000"
 473 0239 03       		.byte	0x3
 474 023a 8E       		.byte	0x8e
 475 023b 7A000000 		.4byte	0x7a
 476 023f 02       		.byte	0x2
 477 0240 23       		.byte	0x23
 478 0241 10       		.uleb128 0x10
 479 0242 08       		.uleb128 0x8
 480 0243 43435200 		.ascii	"CCR\000"
 481 0247 03       		.byte	0x3
 482 0248 8F       		.byte	0x8f
 483 0249 7A000000 		.4byte	0x7a
 484 024d 02       		.byte	0x2
 485 024e 23       		.byte	0x23
 486 024f 14       		.uleb128 0x14
 487 0250 07       		.uleb128 0x7
 488 0251 CF010000 		.4byte	.LASF29
 489 0255 03       		.byte	0x3
 490 0256 90       		.byte	0x90
 491 0257 34030000 		.4byte	0x334
 492 025b 02       		.byte	0x2
 493 025c 23       		.byte	0x23
 494 025d 18       		.uleb128 0x18
 495 025e 07       		.uleb128 0x7
 496 025f B7010000 		.4byte	.LASF30
 497 0263 03       		.byte	0x3
 498 0264 91       		.byte	0x91
 499 0265 7A000000 		.4byte	0x7a
 500 0269 02       		.byte	0x2
 501 026a 23       		.byte	0x23
 502 026b 24       		.uleb128 0x24
 503 026c 07       		.uleb128 0x7
 504 026d B1000000 		.4byte	.LASF31
 505 0271 03       		.byte	0x3
 506 0272 92       		.byte	0x92
 507 0273 7A000000 		.4byte	0x7a
 508 0277 02       		.byte	0x2
 509 0278 23       		.byte	0x23
 510 0279 28       		.uleb128 0x28
 511 027a 07       		.uleb128 0x7
 512 027b B6000000 		.4byte	.LASF32
ARM GAS  /var/folders/dt/0wfd0knj7gs46m8vwfzktm600000gn/T//cc1rnlaO.s 			page 10


 513 027f 03       		.byte	0x3
 514 0280 93       		.byte	0x93
 515 0281 7A000000 		.4byte	0x7a
 516 0285 02       		.byte	0x2
 517 0286 23       		.byte	0x23
 518 0287 2C       		.uleb128 0x2c
 519 0288 07       		.uleb128 0x7
 520 0289 F4000000 		.4byte	.LASF33
 521 028d 03       		.byte	0x3
 522 028e 94       		.byte	0x94
 523 028f 7A000000 		.4byte	0x7a
 524 0293 02       		.byte	0x2
 525 0294 23       		.byte	0x23
 526 0295 30       		.uleb128 0x30
 527 0296 07       		.uleb128 0x7
 528 0297 B1010000 		.4byte	.LASF34
 529 029b 03       		.byte	0x3
 530 029c 95       		.byte	0x95
 531 029d 7A000000 		.4byte	0x7a
 532 02a1 02       		.byte	0x2
 533 02a2 23       		.byte	0x23
 534 02a3 34       		.uleb128 0x34
 535 02a4 07       		.uleb128 0x7
 536 02a5 6C010000 		.4byte	.LASF35
 537 02a9 03       		.byte	0x3
 538 02aa 96       		.byte	0x96
 539 02ab 7A000000 		.4byte	0x7a
 540 02af 02       		.byte	0x2
 541 02b0 23       		.byte	0x23
 542 02b1 38       		.uleb128 0x38
 543 02b2 07       		.uleb128 0x7
 544 02b3 AC010000 		.4byte	.LASF36
 545 02b7 03       		.byte	0x3
 546 02b8 97       		.byte	0x97
 547 02b9 7A000000 		.4byte	0x7a
 548 02bd 02       		.byte	0x2
 549 02be 23       		.byte	0x23
 550 02bf 3C       		.uleb128 0x3c
 551 02c0 08       		.uleb128 0x8
 552 02c1 50465200 		.ascii	"PFR\000"
 553 02c5 03       		.byte	0x3
 554 02c6 98       		.byte	0x98
 555 02c7 49030000 		.4byte	0x349
 556 02cb 02       		.byte	0x2
 557 02cc 23       		.byte	0x23
 558 02cd 40       		.uleb128 0x40
 559 02ce 08       		.uleb128 0x8
 560 02cf 44465200 		.ascii	"DFR\000"
 561 02d3 03       		.byte	0x3
 562 02d4 99       		.byte	0x99
 563 02d5 7A000000 		.4byte	0x7a
 564 02d9 02       		.byte	0x2
 565 02da 23       		.byte	0x23
 566 02db 48       		.uleb128 0x48
 567 02dc 08       		.uleb128 0x8
 568 02dd 41445200 		.ascii	"ADR\000"
 569 02e1 03       		.byte	0x3
ARM GAS  /var/folders/dt/0wfd0knj7gs46m8vwfzktm600000gn/T//cc1rnlaO.s 			page 11


 570 02e2 9A       		.byte	0x9a
 571 02e3 7A000000 		.4byte	0x7a
 572 02e7 02       		.byte	0x2
 573 02e8 23       		.byte	0x23
 574 02e9 4C       		.uleb128 0x4c
 575 02ea 07       		.uleb128 0x7
 576 02eb 0A000000 		.4byte	.LASF37
 577 02ef 03       		.byte	0x3
 578 02f0 9B       		.byte	0x9b
 579 02f1 5E030000 		.4byte	0x35e
 580 02f5 02       		.byte	0x2
 581 02f6 23       		.byte	0x23
 582 02f7 50       		.uleb128 0x50
 583 02f8 08       		.uleb128 0x8
 584 02f9 53415200 		.ascii	"SAR\000"
 585 02fd 03       		.byte	0x3
 586 02fe 9C       		.byte	0x9c
 587 02ff 73030000 		.4byte	0x373
 588 0303 02       		.byte	0x2
 589 0304 23       		.byte	0x23
 590 0305 60       		.uleb128 0x60
 591 0306 07       		.uleb128 0x7
 592 0307 6E000000 		.4byte	.LASF12
 593 030b 03       		.byte	0x3
 594 030c 9D       		.byte	0x9d
 595 030d 78030000 		.4byte	0x378
 596 0311 02       		.byte	0x2
 597 0312 23       		.byte	0x23
 598 0313 74       		.uleb128 0x74
 599 0314 07       		.uleb128 0x7
 600 0315 CD000000 		.4byte	.LASF38
 601 0319 03       		.byte	0x3
 602 031a 9E       		.byte	0x9e
 603 031b 7A000000 		.4byte	0x7a
 604 031f 03       		.byte	0x3
 605 0320 23       		.byte	0x23
 606 0321 8801     		.uleb128 0x88
 607 0323 00       		.byte	0
 608 0324 09       		.uleb128 0x9
 609 0325 7A000000 		.4byte	0x7a
 610 0329 34030000 		.4byte	0x334
 611 032d 0A       		.uleb128 0xa
 612 032e 65010000 		.4byte	0x165
 613 0332 02       		.byte	0x2
 614 0333 00       		.byte	0
 615 0334 05       		.uleb128 0x5
 616 0335 24030000 		.4byte	0x324
 617 0339 09       		.uleb128 0x9
 618 033a 7A000000 		.4byte	0x7a
 619 033e 49030000 		.4byte	0x349
 620 0342 0A       		.uleb128 0xa
 621 0343 65010000 		.4byte	0x165
 622 0347 01       		.byte	0x1
 623 0348 00       		.byte	0
 624 0349 05       		.uleb128 0x5
 625 034a 39030000 		.4byte	0x339
 626 034e 09       		.uleb128 0x9
ARM GAS  /var/folders/dt/0wfd0knj7gs46m8vwfzktm600000gn/T//cc1rnlaO.s 			page 12


 627 034f 7A000000 		.4byte	0x7a
 628 0353 5E030000 		.4byte	0x35e
 629 0357 0A       		.uleb128 0xa
 630 0358 65010000 		.4byte	0x165
 631 035c 03       		.byte	0x3
 632 035d 00       		.byte	0
 633 035e 05       		.uleb128 0x5
 634 035f 4E030000 		.4byte	0x34e
 635 0363 09       		.uleb128 0x9
 636 0364 7A000000 		.4byte	0x7a
 637 0368 73030000 		.4byte	0x373
 638 036c 0A       		.uleb128 0xa
 639 036d 65010000 		.4byte	0x165
 640 0371 04       		.byte	0x4
 641 0372 00       		.byte	0
 642 0373 05       		.uleb128 0x5
 643 0374 63030000 		.4byte	0x363
 644 0378 05       		.uleb128 0x5
 645 0379 63030000 		.4byte	0x363
 646 037d 04       		.uleb128 0x4
 647 037e 15010000 		.4byte	.LASF39
 648 0382 03       		.byte	0x3
 649 0383 9F       		.byte	0x9f
 650 0384 F4010000 		.4byte	0x1f4
 651 0388 03       		.uleb128 0x3
 652 0389 01       		.byte	0x1
 653 038a 08       		.byte	0x8
 654 038b 96010000 		.4byte	.LASF40
 655 038f 0D       		.uleb128 0xd
 656 0390 01       		.byte	0x1
 657 0391 02020000 		.4byte	.LASF42
 658 0395 01       		.byte	0x1
 659 0396 2E       		.byte	0x2e
 660 0397 01       		.byte	0x1
 661 0398 00000000 		.4byte	.LFB7
 662 039c 48000000 		.4byte	.LFE7
 663 03a0 00000000 		.4byte	.LLST0
 664 03a4 01       		.byte	0x1
 665 03a5 D4030000 		.4byte	0x3d4
 666 03a9 0E       		.uleb128 0xe
 667 03aa 6E00     		.ascii	"n\000"
 668 03ac 01       		.byte	0x1
 669 03ad 2E       		.byte	0x2e
 670 03ae 5A000000 		.4byte	0x5a
 671 03b2 20000000 		.4byte	.LLST1
 672 03b6 0F       		.uleb128 0xf
 673 03b7 00000000 		.4byte	.LASF41
 674 03bb 01       		.byte	0x1
 675 03bc 2E       		.byte	0x2e
 676 03bd 5A000000 		.4byte	0x5a
 677 03c1 41000000 		.4byte	.LLST2
 678 03c5 10       		.uleb128 0x10
 679 03c6 736800   		.ascii	"sh\000"
 680 03c9 01       		.byte	0x1
 681 03ca 2F       		.byte	0x2f
 682 03cb 30000000 		.4byte	0x30
 683 03cf 62000000 		.4byte	.LLST3
ARM GAS  /var/folders/dt/0wfd0knj7gs46m8vwfzktm600000gn/T//cc1rnlaO.s 			page 13


 684 03d3 00       		.byte	0
 685 03d4 0D       		.uleb128 0xd
 686 03d5 01       		.byte	0x1
 687 03d6 33000000 		.4byte	.LASF43
 688 03da 01       		.byte	0x1
 689 03db 3C       		.byte	0x3c
 690 03dc 01       		.byte	0x1
 691 03dd 00000000 		.4byte	.LFB8
 692 03e1 3C000000 		.4byte	.LFE8
 693 03e5 A9000000 		.4byte	.LLST4
 694 03e9 01       		.byte	0x1
 695 03ea 0A040000 		.4byte	0x40a
 696 03ee 0E       		.uleb128 0xe
 697 03ef 6E00     		.ascii	"n\000"
 698 03f1 01       		.byte	0x1
 699 03f2 3C       		.byte	0x3c
 700 03f3 5A000000 		.4byte	0x5a
 701 03f7 C9000000 		.4byte	.LLST5
 702 03fb 10       		.uleb128 0x10
 703 03fc 736800   		.ascii	"sh\000"
 704 03ff 01       		.byte	0x1
 705 0400 3D       		.byte	0x3d
 706 0401 30000000 		.4byte	0x30
 707 0405 EA000000 		.4byte	.LLST6
 708 0409 00       		.byte	0
 709 040a 11       		.uleb128 0x11
 710 040b 01       		.byte	0x1
 711 040c E0010000 		.4byte	.LASF48
 712 0410 01       		.byte	0x1
 713 0411 4A       		.byte	0x4a
 714 0412 01       		.byte	0x1
 715 0413 00000000 		.4byte	.LFB9
 716 0417 30000000 		.4byte	.LFE9
 717 041b 31010000 		.4byte	.LLST7
 718 041f 01       		.byte	0x1
 719 0420 0F       		.uleb128 0xf
 720 0421 71010000 		.4byte	.LASF44
 721 0425 01       		.byte	0x1
 722 0426 4A       		.byte	0x4a
 723 0427 5A000000 		.4byte	0x5a
 724 042b 51010000 		.4byte	.LLST8
 725 042f 0F       		.uleb128 0xf
 726 0430 00000000 		.4byte	.LASF41
 727 0434 01       		.byte	0x1
 728 0435 4A       		.byte	0x4a
 729 0436 5A000000 		.4byte	0x5a
 730 043a 72010000 		.4byte	.LLST9
 731 043e 10       		.uleb128 0x10
 732 043f 736800   		.ascii	"sh\000"
 733 0442 01       		.byte	0x1
 734 0443 4B       		.byte	0x4b
 735 0444 30000000 		.4byte	0x30
 736 0448 93010000 		.4byte	.LLST10
 737 044c 00       		.byte	0
 738 044d 00       		.byte	0
 739              		.section	.debug_abbrev,"",%progbits
 740              	.Ldebug_abbrev0:
ARM GAS  /var/folders/dt/0wfd0knj7gs46m8vwfzktm600000gn/T//cc1rnlaO.s 			page 14


 741 0000 01       		.uleb128 0x1
 742 0001 11       		.uleb128 0x11
 743 0002 01       		.byte	0x1
 744 0003 25       		.uleb128 0x25
 745 0004 0E       		.uleb128 0xe
 746 0005 13       		.uleb128 0x13
 747 0006 0B       		.uleb128 0xb
 748 0007 03       		.uleb128 0x3
 749 0008 0E       		.uleb128 0xe
 750 0009 1B       		.uleb128 0x1b
 751 000a 0E       		.uleb128 0xe
 752 000b 55       		.uleb128 0x55
 753 000c 06       		.uleb128 0x6
 754 000d 11       		.uleb128 0x11
 755 000e 01       		.uleb128 0x1
 756 000f 52       		.uleb128 0x52
 757 0010 01       		.uleb128 0x1
 758 0011 10       		.uleb128 0x10
 759 0012 06       		.uleb128 0x6
 760 0013 00       		.byte	0
 761 0014 00       		.byte	0
 762 0015 02       		.uleb128 0x2
 763 0016 24       		.uleb128 0x24
 764 0017 00       		.byte	0
 765 0018 0B       		.uleb128 0xb
 766 0019 0B       		.uleb128 0xb
 767 001a 3E       		.uleb128 0x3e
 768 001b 0B       		.uleb128 0xb
 769 001c 03       		.uleb128 0x3
 770 001d 08       		.uleb128 0x8
 771 001e 00       		.byte	0
 772 001f 00       		.byte	0
 773 0020 03       		.uleb128 0x3
 774 0021 24       		.uleb128 0x24
 775 0022 00       		.byte	0
 776 0023 0B       		.uleb128 0xb
 777 0024 0B       		.uleb128 0xb
 778 0025 3E       		.uleb128 0x3e
 779 0026 0B       		.uleb128 0xb
 780 0027 03       		.uleb128 0x3
 781 0028 0E       		.uleb128 0xe
 782 0029 00       		.byte	0
 783 002a 00       		.byte	0
 784 002b 04       		.uleb128 0x4
 785 002c 16       		.uleb128 0x16
 786 002d 00       		.byte	0
 787 002e 03       		.uleb128 0x3
 788 002f 0E       		.uleb128 0xe
 789 0030 3A       		.uleb128 0x3a
 790 0031 0B       		.uleb128 0xb
 791 0032 3B       		.uleb128 0x3b
 792 0033 0B       		.uleb128 0xb
 793 0034 49       		.uleb128 0x49
 794 0035 13       		.uleb128 0x13
 795 0036 00       		.byte	0
 796 0037 00       		.byte	0
 797 0038 05       		.uleb128 0x5
ARM GAS  /var/folders/dt/0wfd0knj7gs46m8vwfzktm600000gn/T//cc1rnlaO.s 			page 15


 798 0039 35       		.uleb128 0x35
 799 003a 00       		.byte	0
 800 003b 49       		.uleb128 0x49
 801 003c 13       		.uleb128 0x13
 802 003d 00       		.byte	0
 803 003e 00       		.byte	0
 804 003f 06       		.uleb128 0x6
 805 0040 13       		.uleb128 0x13
 806 0041 01       		.byte	0x1
 807 0042 0B       		.uleb128 0xb
 808 0043 05       		.uleb128 0x5
 809 0044 3A       		.uleb128 0x3a
 810 0045 0B       		.uleb128 0xb
 811 0046 3B       		.uleb128 0x3b
 812 0047 0B       		.uleb128 0xb
 813 0048 01       		.uleb128 0x1
 814 0049 13       		.uleb128 0x13
 815 004a 00       		.byte	0
 816 004b 00       		.byte	0
 817 004c 07       		.uleb128 0x7
 818 004d 0D       		.uleb128 0xd
 819 004e 00       		.byte	0
 820 004f 03       		.uleb128 0x3
 821 0050 0E       		.uleb128 0xe
 822 0051 3A       		.uleb128 0x3a
 823 0052 0B       		.uleb128 0xb
 824 0053 3B       		.uleb128 0x3b
 825 0054 0B       		.uleb128 0xb
 826 0055 49       		.uleb128 0x49
 827 0056 13       		.uleb128 0x13
 828 0057 38       		.uleb128 0x38
 829 0058 0A       		.uleb128 0xa
 830 0059 00       		.byte	0
 831 005a 00       		.byte	0
 832 005b 08       		.uleb128 0x8
 833 005c 0D       		.uleb128 0xd
 834 005d 00       		.byte	0
 835 005e 03       		.uleb128 0x3
 836 005f 08       		.uleb128 0x8
 837 0060 3A       		.uleb128 0x3a
 838 0061 0B       		.uleb128 0xb
 839 0062 3B       		.uleb128 0x3b
 840 0063 0B       		.uleb128 0xb
 841 0064 49       		.uleb128 0x49
 842 0065 13       		.uleb128 0x13
 843 0066 38       		.uleb128 0x38
 844 0067 0A       		.uleb128 0xa
 845 0068 00       		.byte	0
 846 0069 00       		.byte	0
 847 006a 09       		.uleb128 0x9
 848 006b 01       		.uleb128 0x1
 849 006c 01       		.byte	0x1
 850 006d 49       		.uleb128 0x49
 851 006e 13       		.uleb128 0x13
 852 006f 01       		.uleb128 0x1
 853 0070 13       		.uleb128 0x13
 854 0071 00       		.byte	0
ARM GAS  /var/folders/dt/0wfd0knj7gs46m8vwfzktm600000gn/T//cc1rnlaO.s 			page 16


 855 0072 00       		.byte	0
 856 0073 0A       		.uleb128 0xa
 857 0074 21       		.uleb128 0x21
 858 0075 00       		.byte	0
 859 0076 49       		.uleb128 0x49
 860 0077 13       		.uleb128 0x13
 861 0078 2F       		.uleb128 0x2f
 862 0079 0B       		.uleb128 0xb
 863 007a 00       		.byte	0
 864 007b 00       		.byte	0
 865 007c 0B       		.uleb128 0xb
 866 007d 21       		.uleb128 0x21
 867 007e 00       		.byte	0
 868 007f 49       		.uleb128 0x49
 869 0080 13       		.uleb128 0x13
 870 0081 2F       		.uleb128 0x2f
 871 0082 05       		.uleb128 0x5
 872 0083 00       		.byte	0
 873 0084 00       		.byte	0
 874 0085 0C       		.uleb128 0xc
 875 0086 13       		.uleb128 0x13
 876 0087 01       		.byte	0x1
 877 0088 0B       		.uleb128 0xb
 878 0089 0B       		.uleb128 0xb
 879 008a 3A       		.uleb128 0x3a
 880 008b 0B       		.uleb128 0xb
 881 008c 3B       		.uleb128 0x3b
 882 008d 0B       		.uleb128 0xb
 883 008e 01       		.uleb128 0x1
 884 008f 13       		.uleb128 0x13
 885 0090 00       		.byte	0
 886 0091 00       		.byte	0
 887 0092 0D       		.uleb128 0xd
 888 0093 2E       		.uleb128 0x2e
 889 0094 01       		.byte	0x1
 890 0095 3F       		.uleb128 0x3f
 891 0096 0C       		.uleb128 0xc
 892 0097 03       		.uleb128 0x3
 893 0098 0E       		.uleb128 0xe
 894 0099 3A       		.uleb128 0x3a
 895 009a 0B       		.uleb128 0xb
 896 009b 3B       		.uleb128 0x3b
 897 009c 0B       		.uleb128 0xb
 898 009d 27       		.uleb128 0x27
 899 009e 0C       		.uleb128 0xc
 900 009f 11       		.uleb128 0x11
 901 00a0 01       		.uleb128 0x1
 902 00a1 12       		.uleb128 0x12
 903 00a2 01       		.uleb128 0x1
 904 00a3 40       		.uleb128 0x40
 905 00a4 06       		.uleb128 0x6
 906 00a5 9742     		.uleb128 0x2117
 907 00a7 0C       		.uleb128 0xc
 908 00a8 01       		.uleb128 0x1
 909 00a9 13       		.uleb128 0x13
 910 00aa 00       		.byte	0
 911 00ab 00       		.byte	0
ARM GAS  /var/folders/dt/0wfd0knj7gs46m8vwfzktm600000gn/T//cc1rnlaO.s 			page 17


 912 00ac 0E       		.uleb128 0xe
 913 00ad 05       		.uleb128 0x5
 914 00ae 00       		.byte	0
 915 00af 03       		.uleb128 0x3
 916 00b0 08       		.uleb128 0x8
 917 00b1 3A       		.uleb128 0x3a
 918 00b2 0B       		.uleb128 0xb
 919 00b3 3B       		.uleb128 0x3b
 920 00b4 0B       		.uleb128 0xb
 921 00b5 49       		.uleb128 0x49
 922 00b6 13       		.uleb128 0x13
 923 00b7 02       		.uleb128 0x2
 924 00b8 06       		.uleb128 0x6
 925 00b9 00       		.byte	0
 926 00ba 00       		.byte	0
 927 00bb 0F       		.uleb128 0xf
 928 00bc 05       		.uleb128 0x5
 929 00bd 00       		.byte	0
 930 00be 03       		.uleb128 0x3
 931 00bf 0E       		.uleb128 0xe
 932 00c0 3A       		.uleb128 0x3a
 933 00c1 0B       		.uleb128 0xb
 934 00c2 3B       		.uleb128 0x3b
 935 00c3 0B       		.uleb128 0xb
 936 00c4 49       		.uleb128 0x49
 937 00c5 13       		.uleb128 0x13
 938 00c6 02       		.uleb128 0x2
 939 00c7 06       		.uleb128 0x6
 940 00c8 00       		.byte	0
 941 00c9 00       		.byte	0
 942 00ca 10       		.uleb128 0x10
 943 00cb 34       		.uleb128 0x34
 944 00cc 00       		.byte	0
 945 00cd 03       		.uleb128 0x3
 946 00ce 08       		.uleb128 0x8
 947 00cf 3A       		.uleb128 0x3a
 948 00d0 0B       		.uleb128 0xb
 949 00d1 3B       		.uleb128 0x3b
 950 00d2 0B       		.uleb128 0xb
 951 00d3 49       		.uleb128 0x49
 952 00d4 13       		.uleb128 0x13
 953 00d5 02       		.uleb128 0x2
 954 00d6 06       		.uleb128 0x6
 955 00d7 00       		.byte	0
 956 00d8 00       		.byte	0
 957 00d9 11       		.uleb128 0x11
 958 00da 2E       		.uleb128 0x2e
 959 00db 01       		.byte	0x1
 960 00dc 3F       		.uleb128 0x3f
 961 00dd 0C       		.uleb128 0xc
 962 00de 03       		.uleb128 0x3
 963 00df 0E       		.uleb128 0xe
 964 00e0 3A       		.uleb128 0x3a
 965 00e1 0B       		.uleb128 0xb
 966 00e2 3B       		.uleb128 0x3b
 967 00e3 0B       		.uleb128 0xb
 968 00e4 27       		.uleb128 0x27
ARM GAS  /var/folders/dt/0wfd0knj7gs46m8vwfzktm600000gn/T//cc1rnlaO.s 			page 18


 969 00e5 0C       		.uleb128 0xc
 970 00e6 11       		.uleb128 0x11
 971 00e7 01       		.uleb128 0x1
 972 00e8 12       		.uleb128 0x12
 973 00e9 01       		.uleb128 0x1
 974 00ea 40       		.uleb128 0x40
 975 00eb 06       		.uleb128 0x6
 976 00ec 9742     		.uleb128 0x2117
 977 00ee 0C       		.uleb128 0xc
 978 00ef 00       		.byte	0
 979 00f0 00       		.byte	0
 980 00f1 00       		.byte	0
 981              		.section	.debug_loc,"",%progbits
 982              	.Ldebug_loc0:
 983              	.LLST0:
 984 0000 00000000 		.4byte	.LFB7
 985 0004 06000000 		.4byte	.LCFI0
 986 0008 0200     		.2byte	0x2
 987 000a 7D       		.byte	0x7d
 988 000b 00       		.sleb128 0
 989 000c 06000000 		.4byte	.LCFI0
 990 0010 48000000 		.4byte	.LFE7
 991 0014 0200     		.2byte	0x2
 992 0016 7D       		.byte	0x7d
 993 0017 0C       		.sleb128 12
 994 0018 00000000 		.4byte	0
 995 001c 00000000 		.4byte	0
 996              	.LLST1:
 997 0020 00000000 		.4byte	.LVL0
 998 0024 2E000000 		.4byte	.LVL4
 999 0028 0100     		.2byte	0x1
 1000 002a 50       		.byte	0x50
 1001 002b 2E000000 		.4byte	.LVL4
 1002 002f 48000000 		.4byte	.LFE7
 1003 0033 0400     		.2byte	0x4
 1004 0035 F3       		.byte	0xf3
 1005 0036 01       		.uleb128 0x1
 1006 0037 50       		.byte	0x50
 1007 0038 9F       		.byte	0x9f
 1008 0039 00000000 		.4byte	0
 1009 003d 00000000 		.4byte	0
 1010              	.LLST2:
 1011 0041 00000000 		.4byte	.LVL0
 1012 0045 12000000 		.4byte	.LVL2
 1013 0049 0100     		.2byte	0x1
 1014 004b 51       		.byte	0x51
 1015 004c 12000000 		.4byte	.LVL2
 1016 0050 48000000 		.4byte	.LFE7
 1017 0054 0400     		.2byte	0x4
 1018 0056 F3       		.byte	0xf3
 1019 0057 01       		.uleb128 0x1
 1020 0058 51       		.byte	0x51
 1021 0059 9F       		.byte	0x9f
 1022 005a 00000000 		.4byte	0
 1023 005e 00000000 		.4byte	0
 1024              	.LLST3:
 1025 0062 00000000 		.4byte	.LVL0
ARM GAS  /var/folders/dt/0wfd0knj7gs46m8vwfzktm600000gn/T//cc1rnlaO.s 			page 19


 1026 0066 08000000 		.4byte	.LVL1
 1027 006a 0700     		.2byte	0x7
 1028 006c 70       		.byte	0x70
 1029 006d 00       		.sleb128 0
 1030 006e 33       		.byte	0x33
 1031 006f 1A       		.byte	0x1a
 1032 0070 33       		.byte	0x33
 1033 0071 24       		.byte	0x24
 1034 0072 9F       		.byte	0x9f
 1035 0073 08000000 		.4byte	.LVL1
 1036 0077 18000000 		.4byte	.LVL3
 1037 007b 0100     		.2byte	0x1
 1038 007d 53       		.byte	0x53
 1039 007e 18000000 		.4byte	.LVL3
 1040 0082 2E000000 		.4byte	.LVL4
 1041 0086 0700     		.2byte	0x7
 1042 0088 70       		.byte	0x70
 1043 0089 00       		.sleb128 0
 1044 008a 33       		.byte	0x33
 1045 008b 1A       		.byte	0x1a
 1046 008c 33       		.byte	0x33
 1047 008d 24       		.byte	0x24
 1048 008e 9F       		.byte	0x9f
 1049 008f 2E000000 		.4byte	.LVL4
 1050 0093 48000000 		.4byte	.LFE7
 1051 0097 0800     		.2byte	0x8
 1052 0099 F3       		.byte	0xf3
 1053 009a 01       		.uleb128 0x1
 1054 009b 50       		.byte	0x50
 1055 009c 33       		.byte	0x33
 1056 009d 1A       		.byte	0x1a
 1057 009e 33       		.byte	0x33
 1058 009f 24       		.byte	0x24
 1059 00a0 9F       		.byte	0x9f
 1060 00a1 00000000 		.4byte	0
 1061 00a5 00000000 		.4byte	0
 1062              	.LLST4:
 1063 00a9 00000000 		.4byte	.LFB8
 1064 00ad 02000000 		.4byte	.LCFI1
 1065 00b1 0200     		.2byte	0x2
 1066 00b3 7D       		.byte	0x7d
 1067 00b4 00       		.sleb128 0
 1068 00b5 02000000 		.4byte	.LCFI1
 1069 00b9 3C000000 		.4byte	.LFE8
 1070 00bd 0200     		.2byte	0x2
 1071 00bf 7D       		.byte	0x7d
 1072 00c0 04       		.sleb128 4
 1073 00c1 00000000 		.4byte	0
 1074 00c5 00000000 		.4byte	0
 1075              	.LLST5:
 1076 00c9 00000000 		.4byte	.LVL5
 1077 00cd 26000000 		.4byte	.LVL8
 1078 00d1 0100     		.2byte	0x1
 1079 00d3 50       		.byte	0x50
 1080 00d4 26000000 		.4byte	.LVL8
 1081 00d8 3C000000 		.4byte	.LFE8
 1082 00dc 0400     		.2byte	0x4
ARM GAS  /var/folders/dt/0wfd0knj7gs46m8vwfzktm600000gn/T//cc1rnlaO.s 			page 20


 1083 00de F3       		.byte	0xf3
 1084 00df 01       		.uleb128 0x1
 1085 00e0 50       		.byte	0x50
 1086 00e1 9F       		.byte	0x9f
 1087 00e2 00000000 		.4byte	0
 1088 00e6 00000000 		.4byte	0
 1089              	.LLST6:
 1090 00ea 00000000 		.4byte	.LVL5
 1091 00ee 14000000 		.4byte	.LVL6
 1092 00f2 0700     		.2byte	0x7
 1093 00f4 70       		.byte	0x70
 1094 00f5 00       		.sleb128 0
 1095 00f6 33       		.byte	0x33
 1096 00f7 1A       		.byte	0x1a
 1097 00f8 33       		.byte	0x33
 1098 00f9 24       		.byte	0x24
 1099 00fa 9F       		.byte	0x9f
 1100 00fb 14000000 		.4byte	.LVL6
 1101 00ff 18000000 		.4byte	.LVL7
 1102 0103 0100     		.2byte	0x1
 1103 0105 52       		.byte	0x52
 1104 0106 18000000 		.4byte	.LVL7
 1105 010a 26000000 		.4byte	.LVL8
 1106 010e 0700     		.2byte	0x7
 1107 0110 70       		.byte	0x70
 1108 0111 00       		.sleb128 0
 1109 0112 33       		.byte	0x33
 1110 0113 1A       		.byte	0x1a
 1111 0114 33       		.byte	0x33
 1112 0115 24       		.byte	0x24
 1113 0116 9F       		.byte	0x9f
 1114 0117 26000000 		.4byte	.LVL8
 1115 011b 3C000000 		.4byte	.LFE8
 1116 011f 0800     		.2byte	0x8
 1117 0121 F3       		.byte	0xf3
 1118 0122 01       		.uleb128 0x1
 1119 0123 50       		.byte	0x50
 1120 0124 33       		.byte	0x33
 1121 0125 1A       		.byte	0x1a
 1122 0126 33       		.byte	0x33
 1123 0127 24       		.byte	0x24
 1124 0128 9F       		.byte	0x9f
 1125 0129 00000000 		.4byte	0
 1126 012d 00000000 		.4byte	0
 1127              	.LLST7:
 1128 0131 00000000 		.4byte	.LFB9
 1129 0135 1E000000 		.4byte	.LCFI2
 1130 0139 0200     		.2byte	0x2
 1131 013b 7D       		.byte	0x7d
 1132 013c 00       		.sleb128 0
 1133 013d 1E000000 		.4byte	.LCFI2
 1134 0141 30000000 		.4byte	.LFE9
 1135 0145 0200     		.2byte	0x2
 1136 0147 7D       		.byte	0x7d
 1137 0148 04       		.sleb128 4
 1138 0149 00000000 		.4byte	0
 1139 014d 00000000 		.4byte	0
ARM GAS  /var/folders/dt/0wfd0knj7gs46m8vwfzktm600000gn/T//cc1rnlaO.s 			page 21


 1140              	.LLST8:
 1141 0151 00000000 		.4byte	.LVL9
 1142 0155 12000000 		.4byte	.LVL12
 1143 0159 0100     		.2byte	0x1
 1144 015b 50       		.byte	0x50
 1145 015c 12000000 		.4byte	.LVL12
 1146 0160 30000000 		.4byte	.LFE9
 1147 0164 0400     		.2byte	0x4
 1148 0166 F3       		.byte	0xf3
 1149 0167 01       		.uleb128 0x1
 1150 0168 50       		.byte	0x50
 1151 0169 9F       		.byte	0x9f
 1152 016a 00000000 		.4byte	0
 1153 016e 00000000 		.4byte	0
 1154              	.LLST9:
 1155 0172 00000000 		.4byte	.LVL9
 1156 0176 10000000 		.4byte	.LVL11
 1157 017a 0100     		.2byte	0x1
 1158 017c 51       		.byte	0x51
 1159 017d 10000000 		.4byte	.LVL11
 1160 0181 30000000 		.4byte	.LFE9
 1161 0185 0400     		.2byte	0x4
 1162 0187 F3       		.byte	0xf3
 1163 0188 01       		.uleb128 0x1
 1164 0189 51       		.byte	0x51
 1165 018a 9F       		.byte	0x9f
 1166 018b 00000000 		.4byte	0
 1167 018f 00000000 		.4byte	0
 1168              	.LLST10:
 1169 0193 00000000 		.4byte	.LVL9
 1170 0197 06000000 		.4byte	.LVL10
 1171 019b 0700     		.2byte	0x7
 1172 019d 70       		.byte	0x70
 1173 019e 00       		.sleb128 0
 1174 019f 33       		.byte	0x33
 1175 01a0 1A       		.byte	0x1a
 1176 01a1 33       		.byte	0x33
 1177 01a2 24       		.byte	0x24
 1178 01a3 9F       		.byte	0x9f
 1179 01a4 06000000 		.4byte	.LVL10
 1180 01a8 16000000 		.4byte	.LVL13
 1181 01ac 0100     		.2byte	0x1
 1182 01ae 53       		.byte	0x53
 1183 01af 16000000 		.4byte	.LVL13
 1184 01b3 30000000 		.4byte	.LFE9
 1185 01b7 0800     		.2byte	0x8
 1186 01b9 F3       		.byte	0xf3
 1187 01ba 01       		.uleb128 0x1
 1188 01bb 50       		.byte	0x50
 1189 01bc 33       		.byte	0x33
 1190 01bd 1A       		.byte	0x1a
 1191 01be 33       		.byte	0x33
 1192 01bf 24       		.byte	0x24
 1193 01c0 9F       		.byte	0x9f
 1194 01c1 00000000 		.4byte	0
 1195 01c5 00000000 		.4byte	0
 1196              		.section	.debug_aranges,"",%progbits
ARM GAS  /var/folders/dt/0wfd0knj7gs46m8vwfzktm600000gn/T//cc1rnlaO.s 			page 22


 1197 0000 2C000000 		.4byte	0x2c
 1198 0004 0200     		.2byte	0x2
 1199 0006 00000000 		.4byte	.Ldebug_info0
 1200 000a 04       		.byte	0x4
 1201 000b 00       		.byte	0
 1202 000c 0000     		.2byte	0
 1203 000e 0000     		.2byte	0
 1204 0010 00000000 		.4byte	.LFB7
 1205 0014 48000000 		.4byte	.LFE7-.LFB7
 1206 0018 00000000 		.4byte	.LFB8
 1207 001c 3C000000 		.4byte	.LFE8-.LFB8
 1208 0020 00000000 		.4byte	.LFB9
 1209 0024 30000000 		.4byte	.LFE9-.LFB9
 1210 0028 00000000 		.4byte	0
 1211 002c 00000000 		.4byte	0
 1212              		.section	.debug_ranges,"",%progbits
 1213              	.Ldebug_ranges0:
 1214 0000 00000000 		.4byte	.LFB7
 1215 0004 48000000 		.4byte	.LFE7
 1216 0008 00000000 		.4byte	.LFB8
 1217 000c 3C000000 		.4byte	.LFE8
 1218 0010 00000000 		.4byte	.LFB9
 1219 0014 30000000 		.4byte	.LFE9
 1220 0018 00000000 		.4byte	0
 1221 001c 00000000 		.4byte	0
 1222              		.section	.debug_line,"",%progbits
 1223              	.Ldebug_line0:
 1224 0000 16010000 		.section	.debug_str,"MS",%progbits,1
 1224      0200C300 
 1224      00000201 
 1224      FB0E0D00 
 1224      01010101 
 1225              	.LASF41:
 1226 0000 7072696F 		.ascii	"prio\000"
 1226      00
 1227              	.LASF17:
 1228 0005 49435052 		.ascii	"ICPR\000"
 1228      00
 1229              	.LASF37:
 1230 000a 4D4D4652 		.ascii	"MMFR\000"
 1230      00
 1231              	.LASF46:
 1232 000f 2E2E2F2E 		.ascii	"../../os/ports/common/ARMCMx/nvic.c\000"
 1232      2E2F6F73 
 1232      2F706F72 
 1232      74732F63 
 1232      6F6D6D6F 
 1233              	.LASF43:
 1234 0033 6E766963 		.ascii	"nvicDisableVector\000"
 1234      44697361 
 1234      626C6556 
 1234      6563746F 
 1234      7200
 1235              	.LASF24:
 1236 0045 434D785F 		.ascii	"CMx_NVIC\000"
 1236      4E564943 
 1236      00
ARM GAS  /var/folders/dt/0wfd0knj7gs46m8vwfzktm600000gn/T//cc1rnlaO.s 			page 23


 1237              	.LASF27:
 1238 004e 56544F52 		.ascii	"VTOR\000"
 1238      00
 1239              	.LASF13:
 1240 0053 49434552 		.ascii	"ICER\000"
 1240      00
 1241              	.LASF10:
 1242 0058 494F5245 		.ascii	"IOREG32\000"
 1242      47333200 
 1243              	.LASF2:
 1244 0060 756E7369 		.ascii	"unsigned char\000"
 1244      676E6564 
 1244      20636861 
 1244      7200
 1245              	.LASF12:
 1246 006e 756E7573 		.ascii	"unused1\000"
 1246      65643100 
 1247              	.LASF14:
 1248 0076 756E7573 		.ascii	"unused2\000"
 1248      65643200 
 1249              	.LASF16:
 1250 007e 756E7573 		.ascii	"unused3\000"
 1250      65643300 
 1251              	.LASF18:
 1252 0086 756E7573 		.ascii	"unused4\000"
 1252      65643400 
 1253              	.LASF20:
 1254 008e 756E7573 		.ascii	"unused5\000"
 1254      65643500 
 1255              	.LASF21:
 1256 0096 756E7573 		.ascii	"unused6\000"
 1256      65643600 
 1257              	.LASF4:
 1258 009e 73686F72 		.ascii	"short unsigned int\000"
 1258      7420756E 
 1258      7369676E 
 1258      65642069 
 1258      6E7400
 1259              	.LASF31:
 1260 00b1 43465352 		.ascii	"CFSR\000"
 1260      00
 1261              	.LASF32:
 1262 00b6 48465352 		.ascii	"HFSR\000"
 1262      00
 1263              	.LASF6:
 1264 00bb 6C6F6E67 		.ascii	"long unsigned int\000"
 1264      20756E73 
 1264      69676E65 
 1264      6420696E 
 1264      7400
 1265              	.LASF38:
 1266 00cd 43504143 		.ascii	"CPACR\000"
 1266      5200
 1267              	.LASF22:
 1268 00d3 53544952 		.ascii	"STIR\000"
 1268      00
 1269              	.LASF3:
ARM GAS  /var/folders/dt/0wfd0knj7gs46m8vwfzktm600000gn/T//cc1rnlaO.s 			page 24


 1270 00d8 73686F72 		.ascii	"short int\000"
 1270      7420696E 
 1270      7400
 1271              	.LASF0:
 1272 00e2 756E7369 		.ascii	"unsigned int\000"
 1272      676E6564 
 1272      20696E74 
 1272      00
 1273              	.LASF15:
 1274 00ef 49535052 		.ascii	"ISPR\000"
 1274      00
 1275              	.LASF33:
 1276 00f4 44465352 		.ascii	"DFSR\000"
 1276      00
 1277              	.LASF8:
 1278 00f9 6C6F6E67 		.ascii	"long long unsigned int\000"
 1278      206C6F6E 
 1278      6720756E 
 1278      7369676E 
 1278      65642069 
 1279              	.LASF26:
 1280 0110 49435352 		.ascii	"ICSR\000"
 1280      00
 1281              	.LASF39:
 1282 0115 434D785F 		.ascii	"CMx_SCB\000"
 1282      53434200 
 1283              	.LASF28:
 1284 011d 41495243 		.ascii	"AIRCR\000"
 1284      5200
 1285              	.LASF47:
 1286 0123 2F557365 		.ascii	"/Users/toxygen/Projects/UAV/Control_sytem/sw/autopi"
 1286      72732F74 
 1286      6F787967 
 1286      656E2F50 
 1286      726F6A65 
 1287 0156 6C6F742F 		.ascii	"lot/2.4.3/demos/test2\000"
 1287      322E342E 
 1287      332F6465 
 1287      6D6F732F 
 1287      74657374 
 1288              	.LASF35:
 1289 016c 42464152 		.ascii	"BFAR\000"
 1289      00
 1290              	.LASF44:
 1291 0171 68616E64 		.ascii	"handler\000"
 1291      6C657200 
 1292              	.LASF23:
 1293 0179 73697A65 		.ascii	"sizetype\000"
 1293      74797065 
 1293      00
 1294              	.LASF7:
 1295 0182 6C6F6E67 		.ascii	"long long int\000"
 1295      206C6F6E 
 1295      6720696E 
 1295      7400
 1296              	.LASF25:
 1297 0190 43505549 		.ascii	"CPUID\000"
ARM GAS  /var/folders/dt/0wfd0knj7gs46m8vwfzktm600000gn/T//cc1rnlaO.s 			page 25


 1297      4400
 1298              	.LASF40:
 1299 0196 63686172 		.ascii	"char\000"
 1299      00
 1300              	.LASF45:
 1301 019b 474E5520 		.ascii	"GNU C 4.7.2\000"
 1301      4320342E 
 1301      372E3200 
 1302              	.LASF11:
 1303 01a7 49534552 		.ascii	"ISER\000"
 1303      00
 1304              	.LASF36:
 1305 01ac 41465352 		.ascii	"AFSR\000"
 1305      00
 1306              	.LASF34:
 1307 01b1 4D4D4641 		.ascii	"MMFAR\000"
 1307      5200
 1308              	.LASF30:
 1309 01b7 53484353 		.ascii	"SHCSR\000"
 1309      5200
 1310              	.LASF9:
 1311 01bd 75696E74 		.ascii	"uint32_t\000"
 1311      33325F74 
 1311      00
 1312              	.LASF5:
 1313 01c6 6C6F6E67 		.ascii	"long int\000"
 1313      20696E74 
 1313      00
 1314              	.LASF29:
 1315 01cf 53485052 		.ascii	"SHPR\000"
 1315      00
 1316              	.LASF1:
 1317 01d4 7369676E 		.ascii	"signed char\000"
 1317      65642063 
 1317      68617200 
 1318              	.LASF48:
 1319 01e0 6E766963 		.ascii	"nvicSetSystemHandlerPriority\000"
 1319      53657453 
 1319      79737465 
 1319      6D48616E 
 1319      646C6572 
 1320              	.LASF19:
 1321 01fd 49414252 		.ascii	"IABR\000"
 1321      00
 1322              	.LASF42:
 1323 0202 6E766963 		.ascii	"nvicEnableVector\000"
 1323      456E6162 
 1323      6C655665 
 1323      63746F72 
 1323      00
 1324              		.ident	"GCC: (GNU) 4.7.2"
ARM GAS  /var/folders/dt/0wfd0knj7gs46m8vwfzktm600000gn/T//cc1rnlaO.s 			page 26


DEFINED SYMBOLS
                            *ABS*:0000000000000000 nvic.c
/var/folders/dt/0wfd0knj7gs46m8vwfzktm600000gn/T//cc1rnlaO.s:19     .text.nvicEnableVector:0000000000000000 $t
/var/folders/dt/0wfd0knj7gs46m8vwfzktm600000gn/T//cc1rnlaO.s:25     .text.nvicEnableVector:0000000000000000 nvicEnableVector
/var/folders/dt/0wfd0knj7gs46m8vwfzktm600000gn/T//cc1rnlaO.s:83     .text.nvicDisableVector:0000000000000000 $t
/var/folders/dt/0wfd0knj7gs46m8vwfzktm600000gn/T//cc1rnlaO.s:89     .text.nvicDisableVector:0000000000000000 nvicDisableVector
/var/folders/dt/0wfd0knj7gs46m8vwfzktm600000gn/T//cc1rnlaO.s:137    .text.nvicSetSystemHandlerPriority:0000000000000000 $t
/var/folders/dt/0wfd0knj7gs46m8vwfzktm600000gn/T//cc1rnlaO.s:143    .text.nvicSetSystemHandlerPriority:0000000000000000 nvicSetSystemHandlerPriority
                     .debug_frame:0000000000000010 $d

NO UNDEFINED SYMBOLS
