ARM GAS  /var/folders/dt/0wfd0knj7gs46m8vwfzktm600000gn/T//cc6zI662.s 			page 1


   1              		.syntax unified
   2              		.cpu cortex-m3
   3              		.fpu softvfp
   4              		.eabi_attribute 20, 1
   5              		.eabi_attribute 21, 1
   6              		.eabi_attribute 23, 3
   7              		.eabi_attribute 24, 1
   8              		.eabi_attribute 25, 1
   9              		.eabi_attribute 26, 1
  10              		.eabi_attribute 30, 2
  11              		.eabi_attribute 34, 1
  12              		.eabi_attribute 18, 4
  13              		.thumb
  14              		.file	"pal_lld.c"
  15              		.text
  16              	.Ltext0:
  17              		.cfi_sections	.debug_frame
  18              		.section	.text._pal_lld_init,"ax",%progbits
  19              		.align	2
  20              		.p2align 4,,15
  21              		.global	_pal_lld_init
  22              		.thumb
  23              		.thumb_func
  24              		.type	_pal_lld_init, %function
  25              	_pal_lld_init:
  26              	.LFB62:
  27              		.file 1 "../../os/hal/platforms/STM32/GPIOv1/pal_lld.c"
  28              		.loc 1 84 0
  29              		.cfi_startproc
  30              		@ args = 0, pretend = 0, frame = 0
  31              		@ frame_needed = 0, uses_anonymous_args = 0
  32              		@ link register save eliminated.
  33              	.LVL0:
  34              		.loc 1 89 0
  35 0000 4FF48053 		mov	r3, #4096
  36 0004 C4F20203 		movt	r3, 16386
  37 0008 9A69     		ldr	r2, [r3, #24]
  38              		.loc 1 84 0
  39 000a 30B4     		push	{r4, r5}
  40              	.LCFI0:
  41              		.cfi_def_cfa_offset 8
  42              		.cfi_offset 4, -8
  43              		.cfi_offset 5, -4
  44              		.loc 1 89 0
  45 000c 42F4FE72 		orr	r2, r2, #508
  46 0010 42F00102 		orr	r2, r2, #1
  47 0014 9A61     		str	r2, [r3, #24]
  48              		.loc 1 94 0
  49 0016 0268     		ldr	r2, [r0, #0]
  50 0018 4FF40063 		mov	r3, #2048
  51 001c C4F20103 		movt	r3, 16385
  52 0020 DA60     		str	r2, [r3, #12]
  53              		.loc 1 95 0
  54 0022 8168     		ldr	r1, [r0, #8]
  55              		.loc 1 97 0
  56 0024 4FF44062 		mov	r2, #3072
  57              		.loc 1 95 0
ARM GAS  /var/folders/dt/0wfd0knj7gs46m8vwfzktm600000gn/T//cc6zI662.s 			page 2


  58 0028 5960     		str	r1, [r3, #4]
  59              		.loc 1 96 0
  60 002a 4168     		ldr	r1, [r0, #4]
  61              		.loc 1 97 0
  62 002c C4F20102 		movt	r2, 16385
  63              		.loc 1 96 0
  64 0030 1960     		str	r1, [r3, #0]
  65              		.loc 1 97 0
  66 0032 C168     		ldr	r1, [r0, #12]
  67              		.loc 1 100 0
  68 0034 4FF48053 		mov	r3, #4096
  69              		.loc 1 97 0
  70 0038 D160     		str	r1, [r2, #12]
  71              		.loc 1 98 0
  72 003a 4169     		ldr	r1, [r0, #20]
  73              		.loc 1 100 0
  74 003c C4F20103 		movt	r3, 16385
  75              		.loc 1 98 0
  76 0040 5160     		str	r1, [r2, #4]
  77              		.loc 1 99 0
  78 0042 0169     		ldr	r1, [r0, #16]
  79              		.loc 1 103 0
  80 0044 4FF4A054 		mov	r4, #5120
  81              		.loc 1 99 0
  82 0048 1160     		str	r1, [r2, #0]
  83              		.loc 1 100 0
  84 004a 8269     		ldr	r2, [r0, #24]
  85              		.loc 1 103 0
  86 004c C4F20104 		movt	r4, 16385
  87              		.loc 1 100 0
  88 0050 DA60     		str	r2, [r3, #12]
  89              		.loc 1 101 0
  90 0052 026A     		ldr	r2, [r0, #32]
  91              		.loc 1 107 0
  92 0054 4FF4C051 		mov	r1, #6144
  93              		.loc 1 101 0
  94 0058 5A60     		str	r2, [r3, #4]
  95              		.loc 1 102 0
  96 005a C269     		ldr	r2, [r0, #28]
  97              		.loc 1 107 0
  98 005c C4F20101 		movt	r1, 16385
  99              		.loc 1 102 0
 100 0060 1A60     		str	r2, [r3, #0]
 101              		.loc 1 103 0
 102 0062 436A     		ldr	r3, [r0, #36]
 103              		.loc 1 111 0
 104 0064 4FF4E052 		mov	r2, #7168
 105              		.loc 1 103 0
 106 0068 E360     		str	r3, [r4, #12]
 107              		.loc 1 104 0
 108 006a C36A     		ldr	r3, [r0, #44]
 109              		.loc 1 111 0
 110 006c C4F20102 		movt	r2, 16385
 111              		.loc 1 104 0
 112 0070 6360     		str	r3, [r4, #4]
 113              		.loc 1 105 0
 114 0072 856A     		ldr	r5, [r0, #40]
ARM GAS  /var/folders/dt/0wfd0knj7gs46m8vwfzktm600000gn/T//cc6zI662.s 			page 3


 115              		.loc 1 115 0
 116 0074 4FF40053 		mov	r3, #8192
 117              		.loc 1 105 0
 118 0078 2560     		str	r5, [r4, #0]
 119              		.loc 1 107 0
 120 007a 046B     		ldr	r4, [r0, #48]
 121              		.loc 1 115 0
 122 007c C4F20103 		movt	r3, 16385
 123              		.loc 1 107 0
 124 0080 CC60     		str	r4, [r1, #12]
 125              		.loc 1 108 0
 126 0082 846B     		ldr	r4, [r0, #56]
 127 0084 4C60     		str	r4, [r1, #4]
 128              		.loc 1 109 0
 129 0086 446B     		ldr	r4, [r0, #52]
 130 0088 0C60     		str	r4, [r1, #0]
 131              		.loc 1 111 0
 132 008a C16B     		ldr	r1, [r0, #60]
 133 008c D160     		str	r1, [r2, #12]
 134              		.loc 1 112 0
 135 008e 416C     		ldr	r1, [r0, #68]
 136 0090 5160     		str	r1, [r2, #4]
 137              		.loc 1 113 0
 138 0092 016C     		ldr	r1, [r0, #64]
 139 0094 1160     		str	r1, [r2, #0]
 140              		.loc 1 115 0
 141 0096 826C     		ldr	r2, [r0, #72]
 142 0098 DA60     		str	r2, [r3, #12]
 143              		.loc 1 116 0
 144 009a 026D     		ldr	r2, [r0, #80]
 145 009c 5A60     		str	r2, [r3, #4]
 146              		.loc 1 117 0
 147 009e C26C     		ldr	r2, [r0, #76]
 148 00a0 1A60     		str	r2, [r3, #0]
 149              		.loc 1 121 0
 150 00a2 30BC     		pop	{r4, r5}
 151 00a4 7047     		bx	lr
 152              		.cfi_endproc
 153              	.LFE62:
 154              		.size	_pal_lld_init, .-_pal_lld_init
 155 00a6 00BFAFF3 		.section	.text._pal_lld_setgroupmode,"ax",%progbits
 155      0080AFF3 
 155      0080
 156              		.align	2
 157              		.p2align 4,,15
 158              		.global	_pal_lld_setgroupmode
 159              		.thumb
 160              		.thumb_func
 161              		.type	_pal_lld_setgroupmode, %function
 162              	_pal_lld_setgroupmode:
 163              	.LFB63:
 164              		.loc 1 140 0
 165              		.cfi_startproc
 166              		@ args = 0, pretend = 0, frame = 0
 167              		@ frame_needed = 0, uses_anonymous_args = 0
 168              		@ link register save eliminated.
 169              	.LVL1:
ARM GAS  /var/folders/dt/0wfd0knj7gs46m8vwfzktm600000gn/T//cc6zI662.s 			page 4


 170              		.loc 1 164 0
 171 0000 032A     		cmp	r2, #3
 172              		.loc 1 140 0
 173 0002 F0B4     		push	{r4, r5, r6, r7}
 174              	.LCFI1:
 175              		.cfi_def_cfa_offset 16
 176              		.cfi_offset 4, -16
 177              		.cfi_offset 5, -12
 178              		.cfi_offset 6, -8
 179              		.cfi_offset 7, -4
 180              		.loc 1 165 0
 181 0004 08BF     		it	eq
 182 0006 0161     		streq	r1, [r0, #16]
 183              		.loc 1 164 0
 184 0008 02D0     		beq	.L4
 185              		.loc 1 166 0
 186 000a 042A     		cmp	r2, #4
 187              		.loc 1 167 0
 188 000c 08BF     		it	eq
 189 000e 4161     		streq	r1, [r0, #20]
 190              	.L4:
 191              		.loc 1 168 0
 192 0010 114C     		ldr	r4, .L12
 193              		.loc 1 169 0
 194 0012 0023     		movs	r3, #0
 195              		.loc 1 168 0
 196 0014 A75C     		ldrb	r7, [r4, r2]	@ zero_extendqisi2
 197              	.LVL2:
 198 0016 0826     		movs	r6, #8
 199              		.loc 1 169 0
 200 0018 1C46     		mov	r4, r3
 201 001a 1A46     		mov	r2, r3
 202              	.LVL3:
 203 001c 1D46     		mov	r5, r3
 204              	.LVL4:
 205              	.L9:
 206              		.loc 1 174 0
 207 001e 2401     		lsls	r4, r4, #4
 208              		.loc 1 171 0
 209 0020 1201     		lsls	r2, r2, #4
 210              	.LVL5:
 211              		.loc 1 172 0
 212 0022 2D01     		lsls	r5, r5, #4
 213              	.LVL6:
 214              		.loc 1 173 0
 215 0024 1B01     		lsls	r3, r3, #4
 216              	.LVL7:
 217              		.loc 1 175 0
 218 0026 11F0800F 		tst	r1, #128
 219              		.loc 1 176 0
 220 002a 0CBF     		ite	eq
 221 002c 42F00F02 		orreq	r2, r2, #15
 222              	.LVL8:
 223              		.loc 1 178 0
 224 0030 3B43     		orrne	r3, r3, r7
 225              	.LVL9:
 226              		.loc 1 179 0
ARM GAS  /var/folders/dt/0wfd0knj7gs46m8vwfzktm600000gn/T//cc6zI662.s 			page 5


 227 0032 11F4004F 		tst	r1, #32768
 228              		.loc 1 180 0
 229 0036 0CBF     		ite	eq
 230 0038 45F00F05 		orreq	r5, r5, #15
 231              	.LVL10:
 232              		.loc 1 182 0
 233 003c 3C43     		orrne	r4, r4, r7
 234              	.LVL11:
 235              		.loc 1 183 0
 236 003e 4900     		lsls	r1, r1, #1
 237              	.LVL12:
 238              		.loc 1 170 0
 239 0040 013E     		subs	r6, r6, #1
 240 0042 ECD1     		bne	.L9
 241              		.loc 1 185 0
 242 0044 4168     		ldr	r1, [r0, #4]
 243              	.LVL13:
 244 0046 0D40     		ands	r5, r5, r1
 245              	.LVL14:
 246 0048 2C43     		orrs	r4, r4, r5
 247              	.LVL15:
 248 004a 4460     		str	r4, [r0, #4]
 249              		.loc 1 186 0
 250 004c 0168     		ldr	r1, [r0, #0]
 251 004e 0A40     		ands	r2, r2, r1
 252              	.LVL16:
 253 0050 1343     		orrs	r3, r3, r2
 254              	.LVL17:
 255 0052 0360     		str	r3, [r0, #0]
 256              		.loc 1 187 0
 257 0054 F0BC     		pop	{r4, r5, r6, r7}
 258 0056 7047     		bx	lr
 259              	.L13:
 260              		.align	2
 261              	.L12:
 262 0058 00000000 		.word	.LANCHOR0
 263              		.cfi_endproc
 264              	.LFE63:
 265              		.size	_pal_lld_setgroupmode, .-_pal_lld_setgroupmode
 266 005c AFF30080 		.section	.rodata.cfgtab.6051,"a",%progbits
 267              		.align	2
 268              		.set	.LANCHOR0,. + 0
 269              		.type	cfgtab.6051, %object
 270              		.size	cfgtab.6051, 18
 271              	cfgtab.6051:
 272 0000 04       		.byte	4
 273 0001 02       		.byte	2
 274 0002 04       		.byte	4
 275 0003 08       		.byte	8
 276 0004 08       		.byte	8
 277 0005 00       		.byte	0
 278 0006 03       		.byte	3
 279 0007 07       		.byte	7
 280 0008 08       		.byte	8
 281 0009 08       		.byte	8
 282 000a 08       		.byte	8
 283 000b 08       		.byte	8
ARM GAS  /var/folders/dt/0wfd0knj7gs46m8vwfzktm600000gn/T//cc6zI662.s 			page 6


 284 000c 08       		.byte	8
 285 000d 08       		.byte	8
 286 000e 08       		.byte	8
 287 000f 08       		.byte	8
 288 0010 0B       		.byte	11
 289 0011 0F       		.byte	15
 290 0012 0000     		.text
 291              	.Letext0:
 292              		.file 2 "/Users/toxygen/Applications/yagarto-4.7.2/bin/../lib/gcc/arm-none-eabi/4.7.2/../../../../
 293              		.file 3 "../../os/hal/platforms/STM32F1xx/stm32f10x.h"
 294              		.file 4 "../../os/hal/platforms/STM32/GPIOv1/pal_lld.h"
 295              		.file 5 "../../os/ports/common/ARMCMx/CMSIS/include/core_cm3.h"
 296              		.section	.debug_info,"",%progbits
 297              	.Ldebug_info0:
 298 0000 AB030000 		.4byte	0x3ab
 299 0004 0200     		.2byte	0x2
 300 0006 00000000 		.4byte	.Ldebug_abbrev0
 301 000a 04       		.byte	0x4
 302 000b 01       		.uleb128 0x1
 303 000c B7010000 		.4byte	.LASF44
 304 0010 01       		.byte	0x1
 305 0011 44000000 		.4byte	.LASF45
 306 0015 A4000000 		.4byte	.LASF46
 307 0019 00000000 		.4byte	.Ldebug_ranges0+0
 308 001d 00000000 		.4byte	0
 309 0021 00000000 		.4byte	0
 310 0025 00000000 		.4byte	.Ldebug_line0
 311 0029 02       		.uleb128 0x2
 312 002a 04       		.byte	0x4
 313 002b 05       		.byte	0x5
 314 002c 696E7400 		.ascii	"int\000"
 315 0030 03       		.uleb128 0x3
 316 0031 04       		.byte	0x4
 317 0032 07       		.byte	0x7
 318 0033 AA010000 		.4byte	.LASF0
 319 0037 03       		.uleb128 0x3
 320 0038 01       		.byte	0x1
 321 0039 06       		.byte	0x6
 322 003a 1A010000 		.4byte	.LASF1
 323 003e 04       		.uleb128 0x4
 324 003f FD000000 		.4byte	.LASF5
 325 0043 02       		.byte	0x2
 326 0044 2A       		.byte	0x2a
 327 0045 49000000 		.4byte	0x49
 328 0049 03       		.uleb128 0x3
 329 004a 01       		.byte	0x1
 330 004b 08       		.byte	0x8
 331 004c 74010000 		.4byte	.LASF2
 332 0050 03       		.uleb128 0x3
 333 0051 02       		.byte	0x2
 334 0052 05       		.byte	0x5
 335 0053 79000000 		.4byte	.LASF3
 336 0057 03       		.uleb128 0x3
 337 0058 02       		.byte	0x2
 338 0059 07       		.byte	0x7
 339 005a D6010000 		.4byte	.LASF4
 340 005e 04       		.uleb128 0x4
ARM GAS  /var/folders/dt/0wfd0knj7gs46m8vwfzktm600000gn/T//cc6zI662.s 			page 7


 341 005f EE010000 		.4byte	.LASF6
 342 0063 02       		.byte	0x2
 343 0064 4F       		.byte	0x4f
 344 0065 69000000 		.4byte	0x69
 345 0069 03       		.uleb128 0x3
 346 006a 04       		.byte	0x4
 347 006b 05       		.byte	0x5
 348 006c 3B010000 		.4byte	.LASF7
 349 0070 04       		.uleb128 0x4
 350 0071 A1010000 		.4byte	.LASF8
 351 0075 02       		.byte	0x2
 352 0076 50       		.byte	0x50
 353 0077 7B000000 		.4byte	0x7b
 354 007b 03       		.uleb128 0x3
 355 007c 04       		.byte	0x4
 356 007d 07       		.byte	0x7
 357 007e 0C020000 		.4byte	.LASF9
 358 0082 03       		.uleb128 0x3
 359 0083 08       		.byte	0x8
 360 0084 05       		.byte	0x5
 361 0085 2D010000 		.4byte	.LASF10
 362 0089 03       		.uleb128 0x3
 363 008a 08       		.byte	0x8
 364 008b 07       		.byte	0x7
 365 008c 8A010000 		.4byte	.LASF11
 366 0090 05       		.uleb128 0x5
 367 0091 70000000 		.4byte	0x70
 368 0095 03       		.uleb128 0x3
 369 0096 04       		.byte	0x4
 370 0097 07       		.byte	0x7
 371 0098 83000000 		.4byte	.LASF12
 372 009c 03       		.uleb128 0x3
 373 009d 01       		.byte	0x1
 374 009e 08       		.byte	0x8
 375 009f E9010000 		.4byte	.LASF13
 376 00a3 05       		.uleb128 0x5
 377 00a4 5E000000 		.4byte	0x5e
 378 00a8 06       		.uleb128 0x6
 379 00a9 1C       		.byte	0x1c
 380 00aa 03       		.byte	0x3
 381 00ab F803     		.2byte	0x3f8
 382 00ad 1B010000 		.4byte	0x11b
 383 00b1 07       		.uleb128 0x7
 384 00b2 43524C00 		.ascii	"CRL\000"
 385 00b6 03       		.byte	0x3
 386 00b7 FA03     		.2byte	0x3fa
 387 00b9 90000000 		.4byte	0x90
 388 00bd 02       		.byte	0x2
 389 00be 23       		.byte	0x23
 390 00bf 00       		.uleb128 0
 391 00c0 07       		.uleb128 0x7
 392 00c1 43524800 		.ascii	"CRH\000"
 393 00c5 03       		.byte	0x3
 394 00c6 FB03     		.2byte	0x3fb
 395 00c8 90000000 		.4byte	0x90
 396 00cc 02       		.byte	0x2
 397 00cd 23       		.byte	0x23
ARM GAS  /var/folders/dt/0wfd0knj7gs46m8vwfzktm600000gn/T//cc6zI662.s 			page 8


 398 00ce 04       		.uleb128 0x4
 399 00cf 07       		.uleb128 0x7
 400 00d0 49445200 		.ascii	"IDR\000"
 401 00d4 03       		.byte	0x3
 402 00d5 FC03     		.2byte	0x3fc
 403 00d7 90000000 		.4byte	0x90
 404 00db 02       		.byte	0x2
 405 00dc 23       		.byte	0x23
 406 00dd 08       		.uleb128 0x8
 407 00de 07       		.uleb128 0x7
 408 00df 4F445200 		.ascii	"ODR\000"
 409 00e3 03       		.byte	0x3
 410 00e4 FD03     		.2byte	0x3fd
 411 00e6 90000000 		.4byte	0x90
 412 00ea 02       		.byte	0x2
 413 00eb 23       		.byte	0x23
 414 00ec 0C       		.uleb128 0xc
 415 00ed 08       		.uleb128 0x8
 416 00ee 9F000000 		.4byte	.LASF14
 417 00f2 03       		.byte	0x3
 418 00f3 FE03     		.2byte	0x3fe
 419 00f5 90000000 		.4byte	0x90
 420 00f9 02       		.byte	0x2
 421 00fa 23       		.byte	0x23
 422 00fb 10       		.uleb128 0x10
 423 00fc 07       		.uleb128 0x7
 424 00fd 42525200 		.ascii	"BRR\000"
 425 0101 03       		.byte	0x3
 426 0102 FF03     		.2byte	0x3ff
 427 0104 90000000 		.4byte	0x90
 428 0108 02       		.byte	0x2
 429 0109 23       		.byte	0x23
 430 010a 14       		.uleb128 0x14
 431 010b 08       		.uleb128 0x8
 432 010c 3C020000 		.4byte	.LASF15
 433 0110 03       		.byte	0x3
 434 0111 0004     		.2byte	0x400
 435 0113 90000000 		.4byte	0x90
 436 0117 02       		.byte	0x2
 437 0118 23       		.byte	0x23
 438 0119 18       		.uleb128 0x18
 439 011a 00       		.byte	0
 440 011b 09       		.uleb128 0x9
 441 011c 00000000 		.4byte	.LASF16
 442 0120 03       		.byte	0x3
 443 0121 0104     		.2byte	0x401
 444 0123 A8000000 		.4byte	0xa8
 445 0127 06       		.uleb128 0x6
 446 0128 28       		.byte	0x28
 447 0129 03       		.byte	0x3
 448 012a 4304     		.2byte	0x443
 449 012c C6010000 		.4byte	0x1c6
 450 0130 07       		.uleb128 0x7
 451 0131 435200   		.ascii	"CR\000"
 452 0134 03       		.byte	0x3
 453 0135 4504     		.2byte	0x445
 454 0137 90000000 		.4byte	0x90
ARM GAS  /var/folders/dt/0wfd0knj7gs46m8vwfzktm600000gn/T//cc6zI662.s 			page 9


 455 013b 02       		.byte	0x2
 456 013c 23       		.byte	0x23
 457 013d 00       		.uleb128 0
 458 013e 08       		.uleb128 0x8
 459 013f 37020000 		.4byte	.LASF17
 460 0143 03       		.byte	0x3
 461 0144 4604     		.2byte	0x446
 462 0146 90000000 		.4byte	0x90
 463 014a 02       		.byte	0x2
 464 014b 23       		.byte	0x23
 465 014c 04       		.uleb128 0x4
 466 014d 07       		.uleb128 0x7
 467 014e 43495200 		.ascii	"CIR\000"
 468 0152 03       		.byte	0x3
 469 0153 4704     		.2byte	0x447
 470 0155 90000000 		.4byte	0x90
 471 0159 02       		.byte	0x2
 472 015a 23       		.byte	0x23
 473 015b 08       		.uleb128 0x8
 474 015c 08       		.uleb128 0x8
 475 015d 52010000 		.4byte	.LASF18
 476 0161 03       		.byte	0x3
 477 0162 4804     		.2byte	0x448
 478 0164 90000000 		.4byte	0x90
 479 0168 02       		.byte	0x2
 480 0169 23       		.byte	0x23
 481 016a 0C       		.uleb128 0xc
 482 016b 08       		.uleb128 0x8
 483 016c 91000000 		.4byte	.LASF19
 484 0170 03       		.byte	0x3
 485 0171 4904     		.2byte	0x449
 486 0173 90000000 		.4byte	0x90
 487 0177 02       		.byte	0x2
 488 0178 23       		.byte	0x23
 489 0179 10       		.uleb128 0x10
 490 017a 08       		.uleb128 0x8
 491 017b 4B010000 		.4byte	.LASF20
 492 017f 03       		.byte	0x3
 493 0180 4A04     		.2byte	0x44a
 494 0182 90000000 		.4byte	0x90
 495 0186 02       		.byte	0x2
 496 0187 23       		.byte	0x23
 497 0188 14       		.uleb128 0x14
 498 0189 08       		.uleb128 0x8
 499 018a 82010000 		.4byte	.LASF21
 500 018e 03       		.byte	0x3
 501 018f 4B04     		.2byte	0x44b
 502 0191 90000000 		.4byte	0x90
 503 0195 02       		.byte	0x2
 504 0196 23       		.byte	0x23
 505 0197 18       		.uleb128 0x18
 506 0198 08       		.uleb128 0x8
 507 0199 05010000 		.4byte	.LASF22
 508 019d 03       		.byte	0x3
 509 019e 4C04     		.2byte	0x44c
 510 01a0 90000000 		.4byte	0x90
 511 01a4 02       		.byte	0x2
ARM GAS  /var/folders/dt/0wfd0knj7gs46m8vwfzktm600000gn/T//cc6zI662.s 			page 10


 512 01a5 23       		.byte	0x23
 513 01a6 1C       		.uleb128 0x1c
 514 01a7 08       		.uleb128 0x8
 515 01a8 8C000000 		.4byte	.LASF23
 516 01ac 03       		.byte	0x3
 517 01ad 4D04     		.2byte	0x44d
 518 01af 90000000 		.4byte	0x90
 519 01b3 02       		.byte	0x2
 520 01b4 23       		.byte	0x23
 521 01b5 20       		.uleb128 0x20
 522 01b6 07       		.uleb128 0x7
 523 01b7 43535200 		.ascii	"CSR\000"
 524 01bb 03       		.byte	0x3
 525 01bc 4E04     		.2byte	0x44e
 526 01be 90000000 		.4byte	0x90
 527 01c2 02       		.byte	0x2
 528 01c3 23       		.byte	0x23
 529 01c4 24       		.uleb128 0x24
 530 01c5 00       		.byte	0
 531 01c6 09       		.uleb128 0x9
 532 01c7 14000000 		.4byte	.LASF24
 533 01cb 03       		.byte	0x3
 534 01cc 5904     		.2byte	0x459
 535 01ce 27010000 		.4byte	0x127
 536 01d2 0A       		.uleb128 0xa
 537 01d3 0C       		.byte	0xc
 538 01d4 04       		.byte	0x4
 539 01d5 43       		.byte	0x43
 540 01d6 05020000 		.4byte	0x205
 541 01da 0B       		.uleb128 0xb
 542 01db 6F647200 		.ascii	"odr\000"
 543 01df 04       		.byte	0x4
 544 01e0 45       		.byte	0x45
 545 01e1 70000000 		.4byte	0x70
 546 01e5 02       		.byte	0x2
 547 01e6 23       		.byte	0x23
 548 01e7 00       		.uleb128 0
 549 01e8 0B       		.uleb128 0xb
 550 01e9 63726C00 		.ascii	"crl\000"
 551 01ed 04       		.byte	0x4
 552 01ee 47       		.byte	0x47
 553 01ef 70000000 		.4byte	0x70
 554 01f3 02       		.byte	0x2
 555 01f4 23       		.byte	0x23
 556 01f5 04       		.uleb128 0x4
 557 01f6 0B       		.uleb128 0xb
 558 01f7 63726800 		.ascii	"crh\000"
 559 01fb 04       		.byte	0x4
 560 01fc 49       		.byte	0x49
 561 01fd 70000000 		.4byte	0x70
 562 0201 02       		.byte	0x2
 563 0202 23       		.byte	0x23
 564 0203 08       		.uleb128 0x8
 565 0204 00       		.byte	0
 566 0205 04       		.uleb128 0x4
 567 0206 C3010000 		.4byte	.LASF25
 568 020a 04       		.byte	0x4
ARM GAS  /var/folders/dt/0wfd0knj7gs46m8vwfzktm600000gn/T//cc6zI662.s 			page 11


 569 020b 4A       		.byte	0x4a
 570 020c D2010000 		.4byte	0x1d2
 571 0210 0A       		.uleb128 0xa
 572 0211 54       		.byte	0x54
 573 0212 04       		.byte	0x4
 574 0213 53       		.byte	0x53
 575 0214 7B020000 		.4byte	0x27b
 576 0218 0C       		.uleb128 0xc
 577 0219 26010000 		.4byte	.LASF26
 578 021d 04       		.byte	0x4
 579 021e 55       		.byte	0x55
 580 021f 05020000 		.4byte	0x205
 581 0223 02       		.byte	0x2
 582 0224 23       		.byte	0x23
 583 0225 00       		.uleb128 0
 584 0226 0C       		.uleb128 0xc
 585 0227 30020000 		.4byte	.LASF27
 586 022b 04       		.byte	0x4
 587 022c 57       		.byte	0x57
 588 022d 05020000 		.4byte	0x205
 589 0231 02       		.byte	0x2
 590 0232 23       		.byte	0x23
 591 0233 0C       		.uleb128 0xc
 592 0234 0C       		.uleb128 0xc
 593 0235 0D000000 		.4byte	.LASF28
 594 0239 04       		.byte	0x4
 595 023a 59       		.byte	0x59
 596 023b 05020000 		.4byte	0x205
 597 023f 02       		.byte	0x2
 598 0240 23       		.byte	0x23
 599 0241 18       		.uleb128 0x18
 600 0242 0C       		.uleb128 0xc
 601 0243 44010000 		.4byte	.LASF29
 602 0247 04       		.byte	0x4
 603 0248 5B       		.byte	0x5b
 604 0249 05020000 		.4byte	0x205
 605 024d 02       		.byte	0x2
 606 024e 23       		.byte	0x23
 607 024f 24       		.uleb128 0x24
 608 0250 0C       		.uleb128 0xc
 609 0251 00020000 		.4byte	.LASF30
 610 0255 04       		.byte	0x4
 611 0256 5E       		.byte	0x5e
 612 0257 05020000 		.4byte	0x205
 613 025b 02       		.byte	0x2
 614 025c 23       		.byte	0x23
 615 025d 30       		.uleb128 0x30
 616 025e 0C       		.uleb128 0xc
 617 025f 72000000 		.4byte	.LASF31
 618 0263 04       		.byte	0x4
 619 0264 61       		.byte	0x61
 620 0265 05020000 		.4byte	0x205
 621 0269 02       		.byte	0x2
 622 026a 23       		.byte	0x23
 623 026b 3C       		.uleb128 0x3c
 624 026c 0C       		.uleb128 0xc
 625 026d 5B010000 		.4byte	.LASF32
ARM GAS  /var/folders/dt/0wfd0knj7gs46m8vwfzktm600000gn/T//cc6zI662.s 			page 12


 626 0271 04       		.byte	0x4
 627 0272 64       		.byte	0x64
 628 0273 05020000 		.4byte	0x205
 629 0277 02       		.byte	0x2
 630 0278 23       		.byte	0x23
 631 0279 48       		.uleb128 0x48
 632 027a 00       		.byte	0
 633 027b 04       		.uleb128 0x4
 634 027c F6010000 		.4byte	.LASF33
 635 0280 04       		.byte	0x4
 636 0281 68       		.byte	0x68
 637 0282 10020000 		.4byte	0x210
 638 0286 04       		.uleb128 0x4
 639 0287 0D010000 		.4byte	.LASF34
 640 028b 04       		.byte	0x4
 641 028c 78       		.byte	0x78
 642 028d 70000000 		.4byte	0x70
 643 0291 04       		.uleb128 0x4
 644 0292 F4000000 		.4byte	.LASF35
 645 0296 04       		.byte	0x4
 646 0297 7D       		.byte	0x7d
 647 0298 70000000 		.4byte	0x70
 648 029c 04       		.uleb128 0x4
 649 029d 62010000 		.4byte	.LASF36
 650 02a1 04       		.byte	0x4
 651 02a2 85       		.byte	0x85
 652 02a3 A7020000 		.4byte	0x2a7
 653 02a7 0D       		.uleb128 0xd
 654 02a8 04       		.byte	0x4
 655 02a9 1B010000 		.4byte	0x11b
 656 02ad 0E       		.uleb128 0xe
 657 02ae 01       		.byte	0x1
 658 02af 36000000 		.4byte	.LASF37
 659 02b3 01       		.byte	0x1
 660 02b4 54       		.byte	0x54
 661 02b5 01       		.byte	0x1
 662 02b6 00000000 		.4byte	.LFB62
 663 02ba A6000000 		.4byte	.LFE62
 664 02be 00000000 		.4byte	.LLST0
 665 02c2 01       		.byte	0x1
 666 02c3 D5020000 		.4byte	0x2d5
 667 02c7 0F       		.uleb128 0xf
 668 02c8 ED000000 		.4byte	.LASF39
 669 02cc 01       		.byte	0x1
 670 02cd 54       		.byte	0x54
 671 02ce D5020000 		.4byte	0x2d5
 672 02d2 01       		.byte	0x1
 673 02d3 50       		.byte	0x50
 674 02d4 00       		.byte	0
 675 02d5 0D       		.uleb128 0xd
 676 02d6 04       		.byte	0x4
 677 02d7 DB020000 		.4byte	0x2db
 678 02db 10       		.uleb128 0x10
 679 02dc 7B020000 		.4byte	0x27b
 680 02e0 0E       		.uleb128 0xe
 681 02e1 01       		.byte	0x1
 682 02e2 20000000 		.4byte	.LASF38
ARM GAS  /var/folders/dt/0wfd0knj7gs46m8vwfzktm600000gn/T//cc6zI662.s 			page 13


 683 02e6 01       		.byte	0x1
 684 02e7 8A       		.byte	0x8a
 685 02e8 01       		.byte	0x1
 686 02e9 00000000 		.4byte	.LFB63
 687 02ed 5C000000 		.4byte	.LFE63
 688 02f1 20000000 		.4byte	.LLST1
 689 02f5 01       		.byte	0x1
 690 02f6 8B030000 		.4byte	0x38b
 691 02fa 0F       		.uleb128 0xf
 692 02fb 07020000 		.4byte	.LASF40
 693 02ff 01       		.byte	0x1
 694 0300 8A       		.byte	0x8a
 695 0301 9C020000 		.4byte	0x29c
 696 0305 01       		.byte	0x1
 697 0306 50       		.byte	0x50
 698 0307 11       		.uleb128 0x11
 699 0308 1E020000 		.4byte	.LASF41
 700 030c 01       		.byte	0x1
 701 030d 8B       		.byte	0x8b
 702 030e 86020000 		.4byte	0x286
 703 0312 40000000 		.4byte	.LLST2
 704 0316 11       		.uleb128 0x11
 705 0317 9A000000 		.4byte	.LASF42
 706 031b 01       		.byte	0x1
 707 031c 8C       		.byte	0x8c
 708 031d 91020000 		.4byte	0x291
 709 0321 5E000000 		.4byte	.LLST3
 710 0325 12       		.uleb128 0x12
 711 0326 6D010000 		.4byte	.LASF43
 712 032a 01       		.byte	0x1
 713 032b 8D       		.byte	0x8d
 714 032c 9B030000 		.4byte	0x39b
 715 0330 05       		.byte	0x5
 716 0331 03       		.byte	0x3
 717 0332 00000000 		.4byte	cfgtab.6051
 718 0336 13       		.uleb128 0x13
 719 0337 6D6800   		.ascii	"mh\000"
 720 033a 01       		.byte	0x1
 721 033b A1       		.byte	0xa1
 722 033c 70000000 		.4byte	0x70
 723 0340 7F000000 		.4byte	.LLST4
 724 0344 13       		.uleb128 0x13
 725 0345 6D6C00   		.ascii	"ml\000"
 726 0348 01       		.byte	0x1
 727 0349 A1       		.byte	0xa1
 728 034a 70000000 		.4byte	0x70
 729 034e 9E000000 		.4byte	.LLST5
 730 0352 13       		.uleb128 0x13
 731 0353 63726800 		.ascii	"crh\000"
 732 0357 01       		.byte	0x1
 733 0358 A1       		.byte	0xa1
 734 0359 70000000 		.4byte	0x70
 735 035d BD000000 		.4byte	.LLST6
 736 0361 13       		.uleb128 0x13
 737 0362 63726C00 		.ascii	"crl\000"
 738 0366 01       		.byte	0x1
 739 0367 A1       		.byte	0xa1
ARM GAS  /var/folders/dt/0wfd0knj7gs46m8vwfzktm600000gn/T//cc6zI662.s 			page 14


 740 0368 70000000 		.4byte	0x70
 741 036c DC000000 		.4byte	.LLST7
 742 0370 14       		.uleb128 0x14
 743 0371 63666700 		.ascii	"cfg\000"
 744 0375 01       		.byte	0x1
 745 0376 A1       		.byte	0xa1
 746 0377 70000000 		.4byte	0x70
 747 037b 01       		.byte	0x1
 748 037c 57       		.byte	0x57
 749 037d 13       		.uleb128 0x13
 750 037e 6900     		.ascii	"i\000"
 751 0380 01       		.byte	0x1
 752 0381 A2       		.byte	0xa2
 753 0382 30000000 		.4byte	0x30
 754 0386 FB000000 		.4byte	.LLST8
 755 038a 00       		.byte	0
 756 038b 15       		.uleb128 0x15
 757 038c 3E000000 		.4byte	0x3e
 758 0390 9B030000 		.4byte	0x39b
 759 0394 16       		.uleb128 0x16
 760 0395 95000000 		.4byte	0x95
 761 0399 11       		.byte	0x11
 762 039a 00       		.byte	0
 763 039b 10       		.uleb128 0x10
 764 039c 8B030000 		.4byte	0x38b
 765 03a0 17       		.uleb128 0x17
 766 03a1 23020000 		.4byte	.LASF47
 767 03a5 05       		.byte	0x5
 768 03a6 9404     		.2byte	0x494
 769 03a8 A3000000 		.4byte	0xa3
 770 03ac 01       		.byte	0x1
 771 03ad 01       		.byte	0x1
 772 03ae 00       		.byte	0
 773              		.section	.debug_abbrev,"",%progbits
 774              	.Ldebug_abbrev0:
 775 0000 01       		.uleb128 0x1
 776 0001 11       		.uleb128 0x11
 777 0002 01       		.byte	0x1
 778 0003 25       		.uleb128 0x25
 779 0004 0E       		.uleb128 0xe
 780 0005 13       		.uleb128 0x13
 781 0006 0B       		.uleb128 0xb
 782 0007 03       		.uleb128 0x3
 783 0008 0E       		.uleb128 0xe
 784 0009 1B       		.uleb128 0x1b
 785 000a 0E       		.uleb128 0xe
 786 000b 55       		.uleb128 0x55
 787 000c 06       		.uleb128 0x6
 788 000d 11       		.uleb128 0x11
 789 000e 01       		.uleb128 0x1
 790 000f 52       		.uleb128 0x52
 791 0010 01       		.uleb128 0x1
 792 0011 10       		.uleb128 0x10
 793 0012 06       		.uleb128 0x6
 794 0013 00       		.byte	0
 795 0014 00       		.byte	0
 796 0015 02       		.uleb128 0x2
ARM GAS  /var/folders/dt/0wfd0knj7gs46m8vwfzktm600000gn/T//cc6zI662.s 			page 15


 797 0016 24       		.uleb128 0x24
 798 0017 00       		.byte	0
 799 0018 0B       		.uleb128 0xb
 800 0019 0B       		.uleb128 0xb
 801 001a 3E       		.uleb128 0x3e
 802 001b 0B       		.uleb128 0xb
 803 001c 03       		.uleb128 0x3
 804 001d 08       		.uleb128 0x8
 805 001e 00       		.byte	0
 806 001f 00       		.byte	0
 807 0020 03       		.uleb128 0x3
 808 0021 24       		.uleb128 0x24
 809 0022 00       		.byte	0
 810 0023 0B       		.uleb128 0xb
 811 0024 0B       		.uleb128 0xb
 812 0025 3E       		.uleb128 0x3e
 813 0026 0B       		.uleb128 0xb
 814 0027 03       		.uleb128 0x3
 815 0028 0E       		.uleb128 0xe
 816 0029 00       		.byte	0
 817 002a 00       		.byte	0
 818 002b 04       		.uleb128 0x4
 819 002c 16       		.uleb128 0x16
 820 002d 00       		.byte	0
 821 002e 03       		.uleb128 0x3
 822 002f 0E       		.uleb128 0xe
 823 0030 3A       		.uleb128 0x3a
 824 0031 0B       		.uleb128 0xb
 825 0032 3B       		.uleb128 0x3b
 826 0033 0B       		.uleb128 0xb
 827 0034 49       		.uleb128 0x49
 828 0035 13       		.uleb128 0x13
 829 0036 00       		.byte	0
 830 0037 00       		.byte	0
 831 0038 05       		.uleb128 0x5
 832 0039 35       		.uleb128 0x35
 833 003a 00       		.byte	0
 834 003b 49       		.uleb128 0x49
 835 003c 13       		.uleb128 0x13
 836 003d 00       		.byte	0
 837 003e 00       		.byte	0
 838 003f 06       		.uleb128 0x6
 839 0040 13       		.uleb128 0x13
 840 0041 01       		.byte	0x1
 841 0042 0B       		.uleb128 0xb
 842 0043 0B       		.uleb128 0xb
 843 0044 3A       		.uleb128 0x3a
 844 0045 0B       		.uleb128 0xb
 845 0046 3B       		.uleb128 0x3b
 846 0047 05       		.uleb128 0x5
 847 0048 01       		.uleb128 0x1
 848 0049 13       		.uleb128 0x13
 849 004a 00       		.byte	0
 850 004b 00       		.byte	0
 851 004c 07       		.uleb128 0x7
 852 004d 0D       		.uleb128 0xd
 853 004e 00       		.byte	0
ARM GAS  /var/folders/dt/0wfd0knj7gs46m8vwfzktm600000gn/T//cc6zI662.s 			page 16


 854 004f 03       		.uleb128 0x3
 855 0050 08       		.uleb128 0x8
 856 0051 3A       		.uleb128 0x3a
 857 0052 0B       		.uleb128 0xb
 858 0053 3B       		.uleb128 0x3b
 859 0054 05       		.uleb128 0x5
 860 0055 49       		.uleb128 0x49
 861 0056 13       		.uleb128 0x13
 862 0057 38       		.uleb128 0x38
 863 0058 0A       		.uleb128 0xa
 864 0059 00       		.byte	0
 865 005a 00       		.byte	0
 866 005b 08       		.uleb128 0x8
 867 005c 0D       		.uleb128 0xd
 868 005d 00       		.byte	0
 869 005e 03       		.uleb128 0x3
 870 005f 0E       		.uleb128 0xe
 871 0060 3A       		.uleb128 0x3a
 872 0061 0B       		.uleb128 0xb
 873 0062 3B       		.uleb128 0x3b
 874 0063 05       		.uleb128 0x5
 875 0064 49       		.uleb128 0x49
 876 0065 13       		.uleb128 0x13
 877 0066 38       		.uleb128 0x38
 878 0067 0A       		.uleb128 0xa
 879 0068 00       		.byte	0
 880 0069 00       		.byte	0
 881 006a 09       		.uleb128 0x9
 882 006b 16       		.uleb128 0x16
 883 006c 00       		.byte	0
 884 006d 03       		.uleb128 0x3
 885 006e 0E       		.uleb128 0xe
 886 006f 3A       		.uleb128 0x3a
 887 0070 0B       		.uleb128 0xb
 888 0071 3B       		.uleb128 0x3b
 889 0072 05       		.uleb128 0x5
 890 0073 49       		.uleb128 0x49
 891 0074 13       		.uleb128 0x13
 892 0075 00       		.byte	0
 893 0076 00       		.byte	0
 894 0077 0A       		.uleb128 0xa
 895 0078 13       		.uleb128 0x13
 896 0079 01       		.byte	0x1
 897 007a 0B       		.uleb128 0xb
 898 007b 0B       		.uleb128 0xb
 899 007c 3A       		.uleb128 0x3a
 900 007d 0B       		.uleb128 0xb
 901 007e 3B       		.uleb128 0x3b
 902 007f 0B       		.uleb128 0xb
 903 0080 01       		.uleb128 0x1
 904 0081 13       		.uleb128 0x13
 905 0082 00       		.byte	0
 906 0083 00       		.byte	0
 907 0084 0B       		.uleb128 0xb
 908 0085 0D       		.uleb128 0xd
 909 0086 00       		.byte	0
 910 0087 03       		.uleb128 0x3
ARM GAS  /var/folders/dt/0wfd0knj7gs46m8vwfzktm600000gn/T//cc6zI662.s 			page 17


 911 0088 08       		.uleb128 0x8
 912 0089 3A       		.uleb128 0x3a
 913 008a 0B       		.uleb128 0xb
 914 008b 3B       		.uleb128 0x3b
 915 008c 0B       		.uleb128 0xb
 916 008d 49       		.uleb128 0x49
 917 008e 13       		.uleb128 0x13
 918 008f 38       		.uleb128 0x38
 919 0090 0A       		.uleb128 0xa
 920 0091 00       		.byte	0
 921 0092 00       		.byte	0
 922 0093 0C       		.uleb128 0xc
 923 0094 0D       		.uleb128 0xd
 924 0095 00       		.byte	0
 925 0096 03       		.uleb128 0x3
 926 0097 0E       		.uleb128 0xe
 927 0098 3A       		.uleb128 0x3a
 928 0099 0B       		.uleb128 0xb
 929 009a 3B       		.uleb128 0x3b
 930 009b 0B       		.uleb128 0xb
 931 009c 49       		.uleb128 0x49
 932 009d 13       		.uleb128 0x13
 933 009e 38       		.uleb128 0x38
 934 009f 0A       		.uleb128 0xa
 935 00a0 00       		.byte	0
 936 00a1 00       		.byte	0
 937 00a2 0D       		.uleb128 0xd
 938 00a3 0F       		.uleb128 0xf
 939 00a4 00       		.byte	0
 940 00a5 0B       		.uleb128 0xb
 941 00a6 0B       		.uleb128 0xb
 942 00a7 49       		.uleb128 0x49
 943 00a8 13       		.uleb128 0x13
 944 00a9 00       		.byte	0
 945 00aa 00       		.byte	0
 946 00ab 0E       		.uleb128 0xe
 947 00ac 2E       		.uleb128 0x2e
 948 00ad 01       		.byte	0x1
 949 00ae 3F       		.uleb128 0x3f
 950 00af 0C       		.uleb128 0xc
 951 00b0 03       		.uleb128 0x3
 952 00b1 0E       		.uleb128 0xe
 953 00b2 3A       		.uleb128 0x3a
 954 00b3 0B       		.uleb128 0xb
 955 00b4 3B       		.uleb128 0x3b
 956 00b5 0B       		.uleb128 0xb
 957 00b6 27       		.uleb128 0x27
 958 00b7 0C       		.uleb128 0xc
 959 00b8 11       		.uleb128 0x11
 960 00b9 01       		.uleb128 0x1
 961 00ba 12       		.uleb128 0x12
 962 00bb 01       		.uleb128 0x1
 963 00bc 40       		.uleb128 0x40
 964 00bd 06       		.uleb128 0x6
 965 00be 9742     		.uleb128 0x2117
 966 00c0 0C       		.uleb128 0xc
 967 00c1 01       		.uleb128 0x1
ARM GAS  /var/folders/dt/0wfd0knj7gs46m8vwfzktm600000gn/T//cc6zI662.s 			page 18


 968 00c2 13       		.uleb128 0x13
 969 00c3 00       		.byte	0
 970 00c4 00       		.byte	0
 971 00c5 0F       		.uleb128 0xf
 972 00c6 05       		.uleb128 0x5
 973 00c7 00       		.byte	0
 974 00c8 03       		.uleb128 0x3
 975 00c9 0E       		.uleb128 0xe
 976 00ca 3A       		.uleb128 0x3a
 977 00cb 0B       		.uleb128 0xb
 978 00cc 3B       		.uleb128 0x3b
 979 00cd 0B       		.uleb128 0xb
 980 00ce 49       		.uleb128 0x49
 981 00cf 13       		.uleb128 0x13
 982 00d0 02       		.uleb128 0x2
 983 00d1 0A       		.uleb128 0xa
 984 00d2 00       		.byte	0
 985 00d3 00       		.byte	0
 986 00d4 10       		.uleb128 0x10
 987 00d5 26       		.uleb128 0x26
 988 00d6 00       		.byte	0
 989 00d7 49       		.uleb128 0x49
 990 00d8 13       		.uleb128 0x13
 991 00d9 00       		.byte	0
 992 00da 00       		.byte	0
 993 00db 11       		.uleb128 0x11
 994 00dc 05       		.uleb128 0x5
 995 00dd 00       		.byte	0
 996 00de 03       		.uleb128 0x3
 997 00df 0E       		.uleb128 0xe
 998 00e0 3A       		.uleb128 0x3a
 999 00e1 0B       		.uleb128 0xb
 1000 00e2 3B       		.uleb128 0x3b
 1001 00e3 0B       		.uleb128 0xb
 1002 00e4 49       		.uleb128 0x49
 1003 00e5 13       		.uleb128 0x13
 1004 00e6 02       		.uleb128 0x2
 1005 00e7 06       		.uleb128 0x6
 1006 00e8 00       		.byte	0
 1007 00e9 00       		.byte	0
 1008 00ea 12       		.uleb128 0x12
 1009 00eb 34       		.uleb128 0x34
 1010 00ec 00       		.byte	0
 1011 00ed 03       		.uleb128 0x3
 1012 00ee 0E       		.uleb128 0xe
 1013 00ef 3A       		.uleb128 0x3a
 1014 00f0 0B       		.uleb128 0xb
 1015 00f1 3B       		.uleb128 0x3b
 1016 00f2 0B       		.uleb128 0xb
 1017 00f3 49       		.uleb128 0x49
 1018 00f4 13       		.uleb128 0x13
 1019 00f5 02       		.uleb128 0x2
 1020 00f6 0A       		.uleb128 0xa
 1021 00f7 00       		.byte	0
 1022 00f8 00       		.byte	0
 1023 00f9 13       		.uleb128 0x13
 1024 00fa 34       		.uleb128 0x34
ARM GAS  /var/folders/dt/0wfd0knj7gs46m8vwfzktm600000gn/T//cc6zI662.s 			page 19


 1025 00fb 00       		.byte	0
 1026 00fc 03       		.uleb128 0x3
 1027 00fd 08       		.uleb128 0x8
 1028 00fe 3A       		.uleb128 0x3a
 1029 00ff 0B       		.uleb128 0xb
 1030 0100 3B       		.uleb128 0x3b
 1031 0101 0B       		.uleb128 0xb
 1032 0102 49       		.uleb128 0x49
 1033 0103 13       		.uleb128 0x13
 1034 0104 02       		.uleb128 0x2
 1035 0105 06       		.uleb128 0x6
 1036 0106 00       		.byte	0
 1037 0107 00       		.byte	0
 1038 0108 14       		.uleb128 0x14
 1039 0109 34       		.uleb128 0x34
 1040 010a 00       		.byte	0
 1041 010b 03       		.uleb128 0x3
 1042 010c 08       		.uleb128 0x8
 1043 010d 3A       		.uleb128 0x3a
 1044 010e 0B       		.uleb128 0xb
 1045 010f 3B       		.uleb128 0x3b
 1046 0110 0B       		.uleb128 0xb
 1047 0111 49       		.uleb128 0x49
 1048 0112 13       		.uleb128 0x13
 1049 0113 02       		.uleb128 0x2
 1050 0114 0A       		.uleb128 0xa
 1051 0115 00       		.byte	0
 1052 0116 00       		.byte	0
 1053 0117 15       		.uleb128 0x15
 1054 0118 01       		.uleb128 0x1
 1055 0119 01       		.byte	0x1
 1056 011a 49       		.uleb128 0x49
 1057 011b 13       		.uleb128 0x13
 1058 011c 01       		.uleb128 0x1
 1059 011d 13       		.uleb128 0x13
 1060 011e 00       		.byte	0
 1061 011f 00       		.byte	0
 1062 0120 16       		.uleb128 0x16
 1063 0121 21       		.uleb128 0x21
 1064 0122 00       		.byte	0
 1065 0123 49       		.uleb128 0x49
 1066 0124 13       		.uleb128 0x13
 1067 0125 2F       		.uleb128 0x2f
 1068 0126 0B       		.uleb128 0xb
 1069 0127 00       		.byte	0
 1070 0128 00       		.byte	0
 1071 0129 17       		.uleb128 0x17
 1072 012a 34       		.uleb128 0x34
 1073 012b 00       		.byte	0
 1074 012c 03       		.uleb128 0x3
 1075 012d 0E       		.uleb128 0xe
 1076 012e 3A       		.uleb128 0x3a
 1077 012f 0B       		.uleb128 0xb
 1078 0130 3B       		.uleb128 0x3b
 1079 0131 05       		.uleb128 0x5
 1080 0132 49       		.uleb128 0x49
 1081 0133 13       		.uleb128 0x13
ARM GAS  /var/folders/dt/0wfd0knj7gs46m8vwfzktm600000gn/T//cc6zI662.s 			page 20


 1082 0134 3F       		.uleb128 0x3f
 1083 0135 0C       		.uleb128 0xc
 1084 0136 3C       		.uleb128 0x3c
 1085 0137 0C       		.uleb128 0xc
 1086 0138 00       		.byte	0
 1087 0139 00       		.byte	0
 1088 013a 00       		.byte	0
 1089              		.section	.debug_loc,"",%progbits
 1090              	.Ldebug_loc0:
 1091              	.LLST0:
 1092 0000 00000000 		.4byte	.LFB62
 1093 0004 0C000000 		.4byte	.LCFI0
 1094 0008 0200     		.2byte	0x2
 1095 000a 7D       		.byte	0x7d
 1096 000b 00       		.sleb128 0
 1097 000c 0C000000 		.4byte	.LCFI0
 1098 0010 A6000000 		.4byte	.LFE62
 1099 0014 0200     		.2byte	0x2
 1100 0016 7D       		.byte	0x7d
 1101 0017 08       		.sleb128 8
 1102 0018 00000000 		.4byte	0
 1103 001c 00000000 		.4byte	0
 1104              	.LLST1:
 1105 0020 00000000 		.4byte	.LFB63
 1106 0024 04000000 		.4byte	.LCFI1
 1107 0028 0200     		.2byte	0x2
 1108 002a 7D       		.byte	0x7d
 1109 002b 00       		.sleb128 0
 1110 002c 04000000 		.4byte	.LCFI1
 1111 0030 5C000000 		.4byte	.LFE63
 1112 0034 0200     		.2byte	0x2
 1113 0036 7D       		.byte	0x7d
 1114 0037 10       		.sleb128 16
 1115 0038 00000000 		.4byte	0
 1116 003c 00000000 		.4byte	0
 1117              	.LLST2:
 1118 0040 00000000 		.4byte	.LVL1
 1119 0044 40000000 		.4byte	.LVL12
 1120 0048 0100     		.2byte	0x1
 1121 004a 51       		.byte	0x51
 1122 004b 40000000 		.4byte	.LVL12
 1123 004f 46000000 		.4byte	.LVL13
 1124 0053 0100     		.2byte	0x1
 1125 0055 51       		.byte	0x51
 1126 0056 00000000 		.4byte	0
 1127 005a 00000000 		.4byte	0
 1128              	.LLST3:
 1129 005e 00000000 		.4byte	.LVL1
 1130 0062 1C000000 		.4byte	.LVL3
 1131 0066 0100     		.2byte	0x1
 1132 0068 52       		.byte	0x52
 1133 0069 1C000000 		.4byte	.LVL3
 1134 006d 5C000000 		.4byte	.LFE63
 1135 0071 0400     		.2byte	0x4
 1136 0073 F3       		.byte	0xf3
 1137 0074 01       		.uleb128 0x1
 1138 0075 52       		.byte	0x52
ARM GAS  /var/folders/dt/0wfd0knj7gs46m8vwfzktm600000gn/T//cc6zI662.s 			page 21


 1139 0076 9F       		.byte	0x9f
 1140 0077 00000000 		.4byte	0
 1141 007b 00000000 		.4byte	0
 1142              	.LLST4:
 1143 007f 16000000 		.4byte	.LVL2
 1144 0083 1E000000 		.4byte	.LVL4
 1145 0087 0200     		.2byte	0x2
 1146 0089 30       		.byte	0x30
 1147 008a 9F       		.byte	0x9f
 1148 008b 24000000 		.4byte	.LVL6
 1149 008f 48000000 		.4byte	.LVL14
 1150 0093 0100     		.2byte	0x1
 1151 0095 55       		.byte	0x55
 1152 0096 00000000 		.4byte	0
 1153 009a 00000000 		.4byte	0
 1154              	.LLST5:
 1155 009e 16000000 		.4byte	.LVL2
 1156 00a2 1E000000 		.4byte	.LVL4
 1157 00a6 0200     		.2byte	0x2
 1158 00a8 30       		.byte	0x30
 1159 00a9 9F       		.byte	0x9f
 1160 00aa 22000000 		.4byte	.LVL5
 1161 00ae 50000000 		.4byte	.LVL16
 1162 00b2 0100     		.2byte	0x1
 1163 00b4 52       		.byte	0x52
 1164 00b5 00000000 		.4byte	0
 1165 00b9 00000000 		.4byte	0
 1166              	.LLST6:
 1167 00bd 16000000 		.4byte	.LVL2
 1168 00c1 1E000000 		.4byte	.LVL4
 1169 00c5 0200     		.2byte	0x2
 1170 00c7 30       		.byte	0x30
 1171 00c8 9F       		.byte	0x9f
 1172 00c9 26000000 		.4byte	.LVL7
 1173 00cd 4A000000 		.4byte	.LVL15
 1174 00d1 0100     		.2byte	0x1
 1175 00d3 54       		.byte	0x54
 1176 00d4 00000000 		.4byte	0
 1177 00d8 00000000 		.4byte	0
 1178              	.LLST7:
 1179 00dc 16000000 		.4byte	.LVL2
 1180 00e0 1E000000 		.4byte	.LVL4
 1181 00e4 0200     		.2byte	0x2
 1182 00e6 30       		.byte	0x30
 1183 00e7 9F       		.byte	0x9f
 1184 00e8 26000000 		.4byte	.LVL7
 1185 00ec 52000000 		.4byte	.LVL17
 1186 00f0 0100     		.2byte	0x1
 1187 00f2 53       		.byte	0x53
 1188 00f3 00000000 		.4byte	0
 1189 00f7 00000000 		.4byte	0
 1190              	.LLST8:
 1191 00fb 16000000 		.4byte	.LVL2
 1192 00ff 1E000000 		.4byte	.LVL4
 1193 0103 0200     		.2byte	0x2
 1194 0105 30       		.byte	0x30
 1195 0106 9F       		.byte	0x9f
ARM GAS  /var/folders/dt/0wfd0knj7gs46m8vwfzktm600000gn/T//cc6zI662.s 			page 22


 1196 0107 00000000 		.4byte	0
 1197 010b 00000000 		.4byte	0
 1198              		.section	.debug_aranges,"",%progbits
 1199 0000 24000000 		.4byte	0x24
 1200 0004 0200     		.2byte	0x2
 1201 0006 00000000 		.4byte	.Ldebug_info0
 1202 000a 04       		.byte	0x4
 1203 000b 00       		.byte	0
 1204 000c 0000     		.2byte	0
 1205 000e 0000     		.2byte	0
 1206 0010 00000000 		.4byte	.LFB62
 1207 0014 A6000000 		.4byte	.LFE62-.LFB62
 1208 0018 00000000 		.4byte	.LFB63
 1209 001c 5C000000 		.4byte	.LFE63-.LFB63
 1210 0020 00000000 		.4byte	0
 1211 0024 00000000 		.4byte	0
 1212              		.section	.debug_ranges,"",%progbits
 1213              	.Ldebug_ranges0:
 1214 0000 00000000 		.4byte	.LFB62
 1215 0004 A6000000 		.4byte	.LFE62
 1216 0008 00000000 		.4byte	.LFB63
 1217 000c 5C000000 		.4byte	.LFE63
 1218 0010 00000000 		.4byte	0
 1219 0014 00000000 		.4byte	0
 1220              		.section	.debug_line,"",%progbits
 1221              	.Ldebug_line0:
 1222 0000 BF010000 		.section	.debug_str,"MS",%progbits,1
 1222      02003901 
 1222      00000201 
 1222      FB0E0D00 
 1222      01010101 
 1223              	.LASF16:
 1224 0000 4750494F 		.ascii	"GPIO_TypeDef\000"
 1224      5F547970 
 1224      65446566 
 1224      00
 1225              	.LASF28:
 1226 000d 50434461 		.ascii	"PCData\000"
 1226      746100
 1227              	.LASF24:
 1228 0014 5243435F 		.ascii	"RCC_TypeDef\000"
 1228      54797065 
 1228      44656600 
 1229              	.LASF38:
 1230 0020 5F70616C 		.ascii	"_pal_lld_setgroupmode\000"
 1230      5F6C6C64 
 1230      5F736574 
 1230      67726F75 
 1230      706D6F64 
 1231              	.LASF37:
 1232 0036 5F70616C 		.ascii	"_pal_lld_init\000"
 1232      5F6C6C64 
 1232      5F696E69 
 1232      7400
 1233              	.LASF45:
 1234 0044 2E2E2F2E 		.ascii	"../../os/hal/platforms/STM32/GPIOv1/pal_lld.c\000"
 1234      2E2F6F73 
ARM GAS  /var/folders/dt/0wfd0knj7gs46m8vwfzktm600000gn/T//cc6zI662.s 			page 23


 1234      2F68616C 
 1234      2F706C61 
 1234      74666F72 
 1235              	.LASF31:
 1236 0072 50464461 		.ascii	"PFData\000"
 1236      746100
 1237              	.LASF3:
 1238 0079 73686F72 		.ascii	"short int\000"
 1238      7420696E 
 1238      7400
 1239              	.LASF12:
 1240 0083 73697A65 		.ascii	"sizetype\000"
 1240      74797065 
 1240      00
 1241              	.LASF23:
 1242 008c 42444352 		.ascii	"BDCR\000"
 1242      00
 1243              	.LASF19:
 1244 0091 41504231 		.ascii	"APB1RSTR\000"
 1244      52535452 
 1244      00
 1245              	.LASF42:
 1246 009a 6D6F6465 		.ascii	"mode\000"
 1246      00
 1247              	.LASF14:
 1248 009f 42535252 		.ascii	"BSRR\000"
 1248      00
 1249              	.LASF46:
 1250 00a4 2F557365 		.ascii	"/Users/toxygen/Projects/UAV/Control_sytem/sw/autopi"
 1250      72732F74 
 1250      6F787967 
 1250      656E2F50 
 1250      726F6A65 
 1251 00d7 6C6F742F 		.ascii	"lot/2.4.3/demos/test2\000"
 1251      322E342E 
 1251      332F6465 
 1251      6D6F732F 
 1251      74657374 
 1252              	.LASF39:
 1253 00ed 636F6E66 		.ascii	"config\000"
 1253      696700
 1254              	.LASF35:
 1255 00f4 696F6D6F 		.ascii	"iomode_t\000"
 1255      64655F74 
 1255      00
 1256              	.LASF5:
 1257 00fd 75696E74 		.ascii	"uint8_t\000"
 1257      385F7400 
 1258              	.LASF22:
 1259 0105 41504231 		.ascii	"APB1ENR\000"
 1259      454E5200 
 1260              	.LASF34:
 1261 010d 696F706F 		.ascii	"ioportmask_t\000"
 1261      72746D61 
 1261      736B5F74 
 1261      00
 1262              	.LASF1:
ARM GAS  /var/folders/dt/0wfd0knj7gs46m8vwfzktm600000gn/T//cc6zI662.s 			page 24


 1263 011a 7369676E 		.ascii	"signed char\000"
 1263      65642063 
 1263      68617200 
 1264              	.LASF26:
 1265 0126 50414461 		.ascii	"PAData\000"
 1265      746100
 1266              	.LASF10:
 1267 012d 6C6F6E67 		.ascii	"long long int\000"
 1267      206C6F6E 
 1267      6720696E 
 1267      7400
 1268              	.LASF7:
 1269 013b 6C6F6E67 		.ascii	"long int\000"
 1269      20696E74 
 1269      00
 1270              	.LASF29:
 1271 0144 50444461 		.ascii	"PDData\000"
 1271      746100
 1272              	.LASF20:
 1273 014b 41484245 		.ascii	"AHBENR\000"
 1273      4E5200
 1274              	.LASF18:
 1275 0152 41504232 		.ascii	"APB2RSTR\000"
 1275      52535452 
 1275      00
 1276              	.LASF32:
 1277 015b 50474461 		.ascii	"PGData\000"
 1277      746100
 1278              	.LASF36:
 1279 0162 696F706F 		.ascii	"ioportid_t\000"
 1279      72746964 
 1279      5F7400
 1280              	.LASF43:
 1281 016d 63666774 		.ascii	"cfgtab\000"
 1281      616200
 1282              	.LASF2:
 1283 0174 756E7369 		.ascii	"unsigned char\000"
 1283      676E6564 
 1283      20636861 
 1283      7200
 1284              	.LASF21:
 1285 0182 41504232 		.ascii	"APB2ENR\000"
 1285      454E5200 
 1286              	.LASF11:
 1287 018a 6C6F6E67 		.ascii	"long long unsigned int\000"
 1287      206C6F6E 
 1287      6720756E 
 1287      7369676E 
 1287      65642069 
 1288              	.LASF8:
 1289 01a1 75696E74 		.ascii	"uint32_t\000"
 1289      33325F74 
 1289      00
 1290              	.LASF0:
 1291 01aa 756E7369 		.ascii	"unsigned int\000"
 1291      676E6564 
 1291      20696E74 
ARM GAS  /var/folders/dt/0wfd0knj7gs46m8vwfzktm600000gn/T//cc6zI662.s 			page 25


 1291      00
 1292              	.LASF44:
 1293 01b7 474E5520 		.ascii	"GNU C 4.7.2\000"
 1293      4320342E 
 1293      372E3200 
 1294              	.LASF25:
 1295 01c3 73746D33 		.ascii	"stm32_gpio_setup_t\000"
 1295      325F6770 
 1295      696F5F73 
 1295      65747570 
 1295      5F7400
 1296              	.LASF4:
 1297 01d6 73686F72 		.ascii	"short unsigned int\000"
 1297      7420756E 
 1297      7369676E 
 1297      65642069 
 1297      6E7400
 1298              	.LASF13:
 1299 01e9 63686172 		.ascii	"char\000"
 1299      00
 1300              	.LASF6:
 1301 01ee 696E7433 		.ascii	"int32_t\000"
 1301      325F7400 
 1302              	.LASF33:
 1303 01f6 50414C43 		.ascii	"PALConfig\000"
 1303      6F6E6669 
 1303      6700
 1304              	.LASF30:
 1305 0200 50454461 		.ascii	"PEData\000"
 1305      746100
 1306              	.LASF40:
 1307 0207 706F7274 		.ascii	"port\000"
 1307      00
 1308              	.LASF9:
 1309 020c 6C6F6E67 		.ascii	"long unsigned int\000"
 1309      20756E73 
 1309      69676E65 
 1309      6420696E 
 1309      7400
 1310              	.LASF41:
 1311 021e 6D61736B 		.ascii	"mask\000"
 1311      00
 1312              	.LASF47:
 1313 0223 49544D5F 		.ascii	"ITM_RxBuffer\000"
 1313      52784275 
 1313      66666572 
 1313      00
 1314              	.LASF27:
 1315 0230 50424461 		.ascii	"PBData\000"
 1315      746100
 1316              	.LASF17:
 1317 0237 43464752 		.ascii	"CFGR\000"
 1317      00
 1318              	.LASF15:
 1319 023c 4C434B52 		.ascii	"LCKR\000"
 1319      00
 1320              		.ident	"GCC: (GNU) 4.7.2"
ARM GAS  /var/folders/dt/0wfd0knj7gs46m8vwfzktm600000gn/T//cc6zI662.s 			page 26


ARM GAS  /var/folders/dt/0wfd0knj7gs46m8vwfzktm600000gn/T//cc6zI662.s 			page 27


DEFINED SYMBOLS
                            *ABS*:0000000000000000 pal_lld.c
/var/folders/dt/0wfd0knj7gs46m8vwfzktm600000gn/T//cc6zI662.s:19     .text._pal_lld_init:0000000000000000 $t
/var/folders/dt/0wfd0knj7gs46m8vwfzktm600000gn/T//cc6zI662.s:25     .text._pal_lld_init:0000000000000000 _pal_lld_init
/var/folders/dt/0wfd0knj7gs46m8vwfzktm600000gn/T//cc6zI662.s:156    .text._pal_lld_setgroupmode:0000000000000000 $t
/var/folders/dt/0wfd0knj7gs46m8vwfzktm600000gn/T//cc6zI662.s:162    .text._pal_lld_setgroupmode:0000000000000000 _pal_lld_setgroupmode
/var/folders/dt/0wfd0knj7gs46m8vwfzktm600000gn/T//cc6zI662.s:262    .text._pal_lld_setgroupmode:0000000000000058 $d
/var/folders/dt/0wfd0knj7gs46m8vwfzktm600000gn/T//cc6zI662.s:267    .rodata.cfgtab.6051:0000000000000000 $d
/var/folders/dt/0wfd0knj7gs46m8vwfzktm600000gn/T//cc6zI662.s:271    .rodata.cfgtab.6051:0000000000000000 cfgtab.6051
                     .debug_frame:0000000000000010 $d
/var/folders/dt/0wfd0knj7gs46m8vwfzktm600000gn/T//cc6zI662.s:266    .text._pal_lld_setgroupmode:000000000000005c $t

NO UNDEFINED SYMBOLS
