ARM GAS  /var/folders/dt/0wfd0knj7gs46m8vwfzktm600000gn/T//ccI1gbIQ.s 			page 1


   1              		.syntax unified
   2              		.cpu cortex-m3
   3              		.fpu softvfp
   4              		.eabi_attribute 20, 1
   5              		.eabi_attribute 21, 1
   6              		.eabi_attribute 23, 3
   7              		.eabi_attribute 24, 1
   8              		.eabi_attribute 25, 1
   9              		.eabi_attribute 26, 1
  10              		.eabi_attribute 30, 2
  11              		.eabi_attribute 34, 1
  12              		.eabi_attribute 18, 4
  13              		.thumb
  14              		.file	"can_lld.c"
  15              		.text
  16              	.Ltext0:
  17              		.cfi_sections	.debug_frame
  18              	.Letext0:
  19              		.file 1 "/Users/toxygen/Applications/yagarto-4.7.2/bin/../lib/gcc/arm-none-eabi/4.7.2/../../../../
  20              		.file 2 "../../os/ports/common/ARMCMx/CMSIS/include/core_cm3.h"
  21              		.section	.debug_info,"",%progbits
  22              	.Ldebug_info0:
  23 0000 8C000000 		.4byte	0x8c
  24 0004 0200     		.2byte	0x2
  25 0006 00000000 		.4byte	.Ldebug_abbrev0
  26 000a 04       		.byte	0x4
  27 000b 01       		.uleb128 0x1
  28 000c 55000000 		.4byte	.LASF11
  29 0010 01       		.byte	0x1
  30 0011 21000000 		.4byte	.LASF12
  31 0015 BF000000 		.4byte	.LASF13
  32 0019 00000000 		.4byte	.Ldebug_line0
  33 001d 02       		.uleb128 0x2
  34 001e 04       		.byte	0x4
  35 001f 05       		.byte	0x5
  36 0020 696E7400 		.ascii	"int\000"
  37 0024 03       		.uleb128 0x3
  38 0025 04       		.byte	0x4
  39 0026 07       		.byte	0x7
  40 0027 48000000 		.4byte	.LASF0
  41 002b 03       		.uleb128 0x3
  42 002c 01       		.byte	0x1
  43 002d 06       		.byte	0x6
  44 002e B3000000 		.4byte	.LASF1
  45 0032 03       		.uleb128 0x3
  46 0033 01       		.byte	0x1
  47 0034 08       		.byte	0x8
  48 0035 8A000000 		.4byte	.LASF2
  49 0039 03       		.uleb128 0x3
  50 003a 02       		.byte	0x2
  51 003b 05       		.byte	0x5
  52 003c ED000000 		.4byte	.LASF3
  53 0040 03       		.uleb128 0x3
  54 0041 02       		.byte	0x2
  55 0042 07       		.byte	0x7
  56 0043 0E000000 		.4byte	.LASF4
  57 0047 04       		.uleb128 0x4
ARM GAS  /var/folders/dt/0wfd0knj7gs46m8vwfzktm600000gn/T//ccI1gbIQ.s 			page 2


  58 0048 F7000000 		.4byte	.LASF14
  59 004c 01       		.byte	0x1
  60 004d 4F       		.byte	0x4f
  61 004e 52000000 		.4byte	0x52
  62 0052 03       		.uleb128 0x3
  63 0053 04       		.byte	0x4
  64 0054 05       		.byte	0x5
  65 0055 9D000000 		.4byte	.LASF5
  66 0059 03       		.uleb128 0x3
  67 005a 04       		.byte	0x4
  68 005b 07       		.byte	0x7
  69 005c 61000000 		.4byte	.LASF6
  70 0060 03       		.uleb128 0x3
  71 0061 08       		.byte	0x8
  72 0062 05       		.byte	0x5
  73 0063 00000000 		.4byte	.LASF7
  74 0067 03       		.uleb128 0x3
  75 0068 08       		.byte	0x8
  76 0069 07       		.byte	0x7
  77 006a 73000000 		.4byte	.LASF8
  78 006e 03       		.uleb128 0x3
  79 006f 04       		.byte	0x4
  80 0070 07       		.byte	0x7
  81 0071 FF000000 		.4byte	.LASF9
  82 0075 03       		.uleb128 0x3
  83 0076 01       		.byte	0x1
  84 0077 08       		.byte	0x8
  85 0078 98000000 		.4byte	.LASF10
  86 007c 05       		.uleb128 0x5
  87 007d 47000000 		.4byte	0x47
  88 0081 06       		.uleb128 0x6
  89 0082 A6000000 		.4byte	.LASF15
  90 0086 02       		.byte	0x2
  91 0087 9404     		.2byte	0x494
  92 0089 7C000000 		.4byte	0x7c
  93 008d 01       		.byte	0x1
  94 008e 01       		.byte	0x1
  95 008f 00       		.byte	0
  96              		.section	.debug_abbrev,"",%progbits
  97              	.Ldebug_abbrev0:
  98 0000 01       		.uleb128 0x1
  99 0001 11       		.uleb128 0x11
 100 0002 01       		.byte	0x1
 101 0003 25       		.uleb128 0x25
 102 0004 0E       		.uleb128 0xe
 103 0005 13       		.uleb128 0x13
 104 0006 0B       		.uleb128 0xb
 105 0007 03       		.uleb128 0x3
 106 0008 0E       		.uleb128 0xe
 107 0009 1B       		.uleb128 0x1b
 108 000a 0E       		.uleb128 0xe
 109 000b 10       		.uleb128 0x10
 110 000c 06       		.uleb128 0x6
 111 000d 00       		.byte	0
 112 000e 00       		.byte	0
 113 000f 02       		.uleb128 0x2
 114 0010 24       		.uleb128 0x24
ARM GAS  /var/folders/dt/0wfd0knj7gs46m8vwfzktm600000gn/T//ccI1gbIQ.s 			page 3


 115 0011 00       		.byte	0
 116 0012 0B       		.uleb128 0xb
 117 0013 0B       		.uleb128 0xb
 118 0014 3E       		.uleb128 0x3e
 119 0015 0B       		.uleb128 0xb
 120 0016 03       		.uleb128 0x3
 121 0017 08       		.uleb128 0x8
 122 0018 00       		.byte	0
 123 0019 00       		.byte	0
 124 001a 03       		.uleb128 0x3
 125 001b 24       		.uleb128 0x24
 126 001c 00       		.byte	0
 127 001d 0B       		.uleb128 0xb
 128 001e 0B       		.uleb128 0xb
 129 001f 3E       		.uleb128 0x3e
 130 0020 0B       		.uleb128 0xb
 131 0021 03       		.uleb128 0x3
 132 0022 0E       		.uleb128 0xe
 133 0023 00       		.byte	0
 134 0024 00       		.byte	0
 135 0025 04       		.uleb128 0x4
 136 0026 16       		.uleb128 0x16
 137 0027 00       		.byte	0
 138 0028 03       		.uleb128 0x3
 139 0029 0E       		.uleb128 0xe
 140 002a 3A       		.uleb128 0x3a
 141 002b 0B       		.uleb128 0xb
 142 002c 3B       		.uleb128 0x3b
 143 002d 0B       		.uleb128 0xb
 144 002e 49       		.uleb128 0x49
 145 002f 13       		.uleb128 0x13
 146 0030 00       		.byte	0
 147 0031 00       		.byte	0
 148 0032 05       		.uleb128 0x5
 149 0033 35       		.uleb128 0x35
 150 0034 00       		.byte	0
 151 0035 49       		.uleb128 0x49
 152 0036 13       		.uleb128 0x13
 153 0037 00       		.byte	0
 154 0038 00       		.byte	0
 155 0039 06       		.uleb128 0x6
 156 003a 34       		.uleb128 0x34
 157 003b 00       		.byte	0
 158 003c 03       		.uleb128 0x3
 159 003d 0E       		.uleb128 0xe
 160 003e 3A       		.uleb128 0x3a
 161 003f 0B       		.uleb128 0xb
 162 0040 3B       		.uleb128 0x3b
 163 0041 05       		.uleb128 0x5
 164 0042 49       		.uleb128 0x49
 165 0043 13       		.uleb128 0x13
 166 0044 3F       		.uleb128 0x3f
 167 0045 0C       		.uleb128 0xc
 168 0046 3C       		.uleb128 0x3c
 169 0047 0C       		.uleb128 0xc
 170 0048 00       		.byte	0
 171 0049 00       		.byte	0
ARM GAS  /var/folders/dt/0wfd0knj7gs46m8vwfzktm600000gn/T//ccI1gbIQ.s 			page 4


 172 004a 00       		.byte	0
 173              		.section	.debug_aranges,"",%progbits
 174 0000 14000000 		.4byte	0x14
 175 0004 0200     		.2byte	0x2
 176 0006 00000000 		.4byte	.Ldebug_info0
 177 000a 04       		.byte	0x4
 178 000b 00       		.byte	0
 179 000c 0000     		.2byte	0
 180 000e 0000     		.2byte	0
 181 0010 00000000 		.4byte	0
 182 0014 00000000 		.4byte	0
 183              		.section	.debug_line,"",%progbits
 184              	.Ldebug_line0:
 185 0000 D1000000 		.section	.debug_str,"MS",%progbits,1
 185      0200CB00 
 185      00000201 
 185      FB0E0D00 
 185      01010101 
 186              	.LASF7:
 187 0000 6C6F6E67 		.ascii	"long long int\000"
 187      206C6F6E 
 187      6720696E 
 187      7400
 188              	.LASF4:
 189 000e 73686F72 		.ascii	"short unsigned int\000"
 189      7420756E 
 189      7369676E 
 189      65642069 
 189      6E7400
 190              	.LASF12:
 191 0021 2E2E2F2E 		.ascii	"../../os/hal/platforms/STM32/can_lld.c\000"
 191      2E2F6F73 
 191      2F68616C 
 191      2F706C61 
 191      74666F72 
 192              	.LASF0:
 193 0048 756E7369 		.ascii	"unsigned int\000"
 193      676E6564 
 193      20696E74 
 193      00
 194              	.LASF11:
 195 0055 474E5520 		.ascii	"GNU C 4.7.2\000"
 195      4320342E 
 195      372E3200 
 196              	.LASF6:
 197 0061 6C6F6E67 		.ascii	"long unsigned int\000"
 197      20756E73 
 197      69676E65 
 197      6420696E 
 197      7400
 198              	.LASF8:
 199 0073 6C6F6E67 		.ascii	"long long unsigned int\000"
 199      206C6F6E 
 199      6720756E 
 199      7369676E 
 199      65642069 
 200              	.LASF2:
ARM GAS  /var/folders/dt/0wfd0knj7gs46m8vwfzktm600000gn/T//ccI1gbIQ.s 			page 5


 201 008a 756E7369 		.ascii	"unsigned char\000"
 201      676E6564 
 201      20636861 
 201      7200
 202              	.LASF10:
 203 0098 63686172 		.ascii	"char\000"
 203      00
 204              	.LASF5:
 205 009d 6C6F6E67 		.ascii	"long int\000"
 205      20696E74 
 205      00
 206              	.LASF15:
 207 00a6 49544D5F 		.ascii	"ITM_RxBuffer\000"
 207      52784275 
 207      66666572 
 207      00
 208              	.LASF1:
 209 00b3 7369676E 		.ascii	"signed char\000"
 209      65642063 
 209      68617200 
 210              	.LASF13:
 211 00bf 2F746D70 		.ascii	"/tmp/mlab-chibios/demos/STM32F107-serialshell\000"
 211      2F6D6C61 
 211      622D6368 
 211      6962696F 
 211      732F6465 
 212              	.LASF3:
 213 00ed 73686F72 		.ascii	"short int\000"
 213      7420696E 
 213      7400
 214              	.LASF14:
 215 00f7 696E7433 		.ascii	"int32_t\000"
 215      325F7400 
 216              	.LASF9:
 217 00ff 73697A65 		.ascii	"sizetype\000"
 217      74797065 
 217      00
 218              		.ident	"GCC: (GNU) 4.7.2"
ARM GAS  /var/folders/dt/0wfd0knj7gs46m8vwfzktm600000gn/T//ccI1gbIQ.s 			page 6


DEFINED SYMBOLS
                            *ABS*:0000000000000000 can_lld.c

NO UNDEFINED SYMBOLS
