ARM GAS  /tmp/cc2s4Zze.s 			page 1


   1              		.syntax unified
   2              		.cpu cortex-m3
   3              		.fpu softvfp
   4              		.eabi_attribute 20, 1
   5              		.eabi_attribute 21, 1
   6              		.eabi_attribute 23, 3
   7              		.eabi_attribute 24, 1
   8              		.eabi_attribute 25, 1
   9              		.eabi_attribute 26, 1
  10              		.eabi_attribute 30, 2
  11              		.eabi_attribute 34, 1
  12              		.eabi_attribute 18, 4
  13              		.thumb
  14              		.file	"chcore_v7m.c"
  15              		.text
  16              	.Ltext0:
  17              		.cfi_sections	.debug_frame
  18              		.section	.text._port_switch_from_isr,"ax",%progbits
  19              		.align	2
  20              		.p2align 4,,15
  21              		.global	_port_switch_from_isr
  22              		.thumb
  23              		.thumb_func
  24              		.type	_port_switch_from_isr, %function
  25              	_port_switch_from_isr:
  26              	.LFB11:
  27              		.file 1 "../../os/ports/GCC/ARMCMx/chcore_v7m.c"
  28              		.loc 1 207 0
  29              		.cfi_startproc
  30              		@ Naked Function: prologue and epilogue provided by programmer.
  31              		@ args = 0, pretend = 0, frame = 0
  32              		@ frame_needed = 0, uses_anonymous_args = 0
  33              		.loc 1 209 0
  34 0000 FFF7FEFF 		bl	dbg_check_lock
  35              	.LVL0:
  36              		.loc 1 210 0
  37 0004 FFF7FEFF 		bl	chSchDoReschedule
  38              	.LVL1:
  39              		.loc 1 211 0
  40 0008 FFF7FEFF 		bl	dbg_check_unlock
  41              	.LVL2:
  42              		.loc 1 212 0
  43              	@ 212 "../../os/ports/GCC/ARMCMx/chcore_v7m.c" 1
  44              		_port_exit_from_isr:
  45              	@ 0 "" 2
  46              		.loc 1 214 0
  47              	@ 214 "../../os/ports/GCC/ARMCMx/chcore_v7m.c" 1
  48 000c 00DF     		svc     #0
  49              	@ 0 "" 2
  50              		.loc 1 221 0
  51              		.thumb
  52              		.cfi_endproc
  53              	.LFE11:
  54              		.size	_port_switch_from_isr, .-_port_switch_from_isr
  55 000e 00BF     		.section	.text.SVCallVector,"ax",%progbits
  56              		.align	2
  57              		.p2align 4,,15
ARM GAS  /tmp/cc2s4Zze.s 			page 2


  58              		.global	SVCallVector
  59              		.thumb
  60              		.thumb_func
  61              		.type	SVCallVector, %function
  62              	SVCallVector:
  63              	.LFB8:
  64              		.loc 1 65 0
  65              		.cfi_startproc
  66              		@ args = 0, pretend = 0, frame = 0
  67              		@ frame_needed = 0, uses_anonymous_args = 0
  68              		@ link register save eliminated.
  69              		.loc 1 69 0
  70              	@ 69 "../../os/ports/GCC/ARMCMx/chcore_v7m.c" 1
  71 0000 EFF30983 		mrs     r3, PSP
  72              	@ 0 "" 2
  73              	.LVL3:
  74              		.loc 1 73 0
  75              		.thumb
  76 0004 2033     		adds	r3, r3, #32
  77              	.LVL4:
  78              		.loc 1 80 0
  79              	@ 80 "../../os/ports/GCC/ARMCMx/chcore_v7m.c" 1
  80 0006 83F30988 		msr     PSP, r3
  81              	@ 0 "" 2
  82              		.thumb
  83              	.LBB2:
  84              		.loc 1 81 0
  85 000a 0023     		movs	r3, #0
  86              	.LVL5:
  87              	@ 81 "../../os/ports/GCC/ARMCMx/chcore_v7m.c" 1
  88 000c 83F31188 		msr     BASEPRI, r3
  89              	@ 0 "" 2
  90              	.LVL6:
  91              		.thumb
  92 0010 7047     		bx	lr
  93              	.LBE2:
  94              		.cfi_endproc
  95              	.LFE8:
  96              		.size	SVCallVector, .-SVCallVector
  97 0012 00BFAFF3 		.section	.text._port_init,"ax",%progbits
  97      0080AFF3 
  97      0080AFF3 
  97      0080
  98              		.align	2
  99              		.p2align 4,,15
 100              		.global	_port_init
 101              		.thumb
 102              		.thumb_func
 103              		.type	_port_init, %function
 104              	_port_init:
 105              	.LFB9:
 106              		.loc 1 118 0
 107              		.cfi_startproc
 108              		@ args = 0, pretend = 0, frame = 0
 109              		@ frame_needed = 0, uses_anonymous_args = 0
 110 0000 08B5     		push	{r3, lr}
 111              	.LCFI0:
ARM GAS  /tmp/cc2s4Zze.s 			page 3


 112              		.cfi_def_cfa_offset 8
 113              		.cfi_offset 3, -8
 114              		.cfi_offset 14, -4
 115              		.loc 1 122 0
 116 0002 0022     		movs	r2, #0
 117              		.loc 1 121 0
 118 0004 4FF46D43 		mov	r3, #60672
 119 0008 CEF20003 		movt	r3, 57344
 120              		.loc 1 122 0
 121 000c C0F2FA52 		movt	r2, 1530
 122              		.loc 1 121 0
 123 0010 0021     		movs	r1, #0
 124 0012 9960     		str	r1, [r3, #8]
 125              		.loc 1 125 0
 126 0014 0720     		movs	r0, #7
 127 0016 1021     		movs	r1, #16
 128              		.loc 1 122 0
 129 0018 DA60     		str	r2, [r3, #12]
 130              		.loc 1 125 0
 131 001a FFF7FEFF 		bl	nvicSetSystemHandlerPriority
 132              	.LVL7:
 133              		.loc 1 127 0
 134 001e 0A20     		movs	r0, #10
 135 0020 4FF40071 		mov	r1, #512
 136 0024 FFF7FEFF 		bl	nvicSetSystemHandlerPriority
 137              	.LVL8:
 138              		.loc 1 129 0
 139 0028 0B20     		movs	r0, #11
 140 002a 8021     		movs	r1, #128
 141              		.loc 1 131 0
 142 002c BDE80840 		pop	{r3, lr}
 143              		.loc 1 129 0
 144 0030 FFF7FEBF 		b	nvicSetSystemHandlerPriority
 145              	.LVL9:
 146              		.cfi_endproc
 147              	.LFE9:
 148              		.size	_port_init, .-_port_init
 149 0034 AFF30080 		.section	.text._port_irq_epilogue,"ax",%progbits
 149      AFF30080 
 149      AFF30080 
 150              		.align	2
 151              		.p2align 4,,15
 152              		.global	_port_irq_epilogue
 153              		.thumb
 154              		.thumb_func
 155              		.type	_port_irq_epilogue, %function
 156              	_port_irq_epilogue:
 157              	.LFB10:
 158              		.loc 1 148 0
 159              		.cfi_startproc
 160              		@ args = 0, pretend = 0, frame = 0
 161              		@ frame_needed = 0, uses_anonymous_args = 0
 162              		@ link register save eliminated.
 163              	.LBB3:
 164              		.loc 1 150 0
 165 0000 2023     		movs	r3, #32
 166              	.LVL10:
ARM GAS  /tmp/cc2s4Zze.s 			page 4


 167              	@ 150 "../../os/ports/GCC/ARMCMx/chcore_v7m.c" 1
 168 0002 83F31188 		msr     BASEPRI, r3
 169              	@ 0 "" 2
 170              	.LVL11:
 171              		.thumb
 172              	.LBE3:
 173              		.loc 1 151 0
 174 0006 4FF46D43 		mov	r3, #60672
 175              	.LVL12:
 176 000a CEF20003 		movt	r3, 57344
 177 000e 5868     		ldr	r0, [r3, #4]
 178 0010 10F40063 		ands	r3, r0, #2048
 179 0014 19D0     		beq	.L5
 180              	.LBB4:
 181              		.loc 1 155 0
 182              	@ 155 "../../os/ports/GCC/ARMCMx/chcore_v7m.c" 1
 183 0016 EFF30983 		mrs     r3, PSP
 184              	@ 0 "" 2
 185              	.LVL13:
 186              		.loc 1 159 0
 187              		.thumb
 188 001a A3F12002 		sub	r2, r3, #32
 189              	.LVL14:
 190              		.loc 1 160 0
 191              	@ 160 "../../os/ports/GCC/ARMCMx/chcore_v7m.c" 1
 192 001e 82F30988 		msr     PSP, r2
 193              	@ 0 "" 2
 194              		.loc 1 165 0
 195              		.thumb
 196 0022 124A     		ldr	r2, .L12
 197              	.LVL15:
 198              		.loc 1 161 0
 199 0024 4FF08070 		mov	r0, #16777216
 200              		.loc 1 165 0
 201 0028 9169     		ldr	r1, [r2, #24]
 202              		.loc 1 161 0
 203 002a 43F8040C 		str	r0, [r3, #-4]
 204              		.loc 1 165 0
 205 002e 79B1     		cbz	r1, .L6
 206              		.loc 1 165 0 is_stmt 0 discriminator 1
 207 0030 1168     		ldr	r1, [r2, #0]
 208 0032 D069     		ldr	r0, [r2, #28]
 209 0034 8968     		ldr	r1, [r1, #8]
 210 0036 8268     		ldr	r2, [r0, #8]
 211 0038 9142     		cmp	r1, r2
 212 003a 94BF     		ite	ls
 213 003c 0022     		movls	r2, #0
 214 003e 0122     		movhi	r2, #1
 215 0040 82B1     		cbz	r2, .L8
 216              	.L11:
 217              		.loc 1 167 0 is_stmt 1
 218 0042 0B48     		ldr	r0, .L12+4
 219 0044 43F8080C 		str	r0, [r3, #-8]
 220 0048 7047     		bx	lr
 221              	.LVL16:
 222              	.L5:
 223              	.LBE4:
ARM GAS  /tmp/cc2s4Zze.s 			page 5


 224              	.LBB5:
 225              		.loc 1 197 0
 226              	@ 197 "../../os/ports/GCC/ARMCMx/chcore_v7m.c" 1
 227 004a 83F31188 		msr     BASEPRI, r3
 228              	@ 0 "" 2
 229              	.LVL17:
 230              		.thumb
 231 004e 7047     		bx	lr
 232              	.LVL18:
 233              	.L6:
 234              	.LBE5:
 235              	.LBB6:
 236              		.loc 1 165 0 discriminator 2
 237 0050 1168     		ldr	r1, [r2, #0]
 238 0052 D269     		ldr	r2, [r2, #28]
 239 0054 8868     		ldr	r0, [r1, #8]
 240 0056 9268     		ldr	r2, [r2, #8]
 241 0058 9042     		cmp	r0, r2
 242 005a 34BF     		ite	cc
 243 005c 0022     		movcc	r2, #0
 244 005e 0122     		movcs	r2, #1
 245 0060 002A     		cmp	r2, #0
 246 0062 EED1     		bne	.L11
 247              	.L8:
 248              		.loc 1 176 0
 249 0064 034A     		ldr	r2, .L12+8
 250 0066 43F8082C 		str	r2, [r3, #-8]
 251 006a 7047     		bx	lr
 252              	.L13:
 253              		.align	2
 254              	.L12:
 255 006c 00000000 		.word	rlist
 256 0070 00000000 		.word	_port_switch_from_isr
 257 0074 0C000000 		.word	_port_exit_from_isr
 258              	.LBE6:
 259              		.cfi_endproc
 260              	.LFE10:
 261              		.size	_port_irq_epilogue, .-_port_irq_epilogue
 262 0078 AFF30080 		.section	.text.SysTickVector,"ax",%progbits
 262      AFF30080 
 263              		.align	2
 264              		.p2align 4,,15
 265              		.global	SysTickVector
 266              		.thumb
 267              		.thumb_func
 268              		.type	SysTickVector, %function
 269              	SysTickVector:
 270              	.LFB7:
 271              		.loc 1 47 0
 272              		.cfi_startproc
 273              		@ args = 0, pretend = 0, frame = 0
 274              		@ frame_needed = 0, uses_anonymous_args = 0
 275 0000 08B5     		push	{r3, lr}
 276              	.LCFI1:
 277              		.cfi_def_cfa_offset 8
 278              		.cfi_offset 3, -8
 279              		.cfi_offset 14, -4
ARM GAS  /tmp/cc2s4Zze.s 			page 6


 280              		.loc 1 49 0
 281 0002 FFF7FEFF 		bl	dbg_check_enter_isr
 282              	.LVL19:
 283              	.LBB7:
 284              		.loc 1 51 0
 285 0006 2023     		movs	r3, #32
 286              	.LVL20:
 287              	@ 51 "../../os/ports/GCC/ARMCMx/chcore_v7m.c" 1
 288 0008 83F31188 		msr     BASEPRI, r3
 289              	@ 0 "" 2
 290              	.LVL21:
 291              		.thumb
 292              	.LBE7:
 293 000c FFF7FEFF 		bl	dbg_check_lock_from_isr
 294              	.LVL22:
 295              		.loc 1 52 0
 296 0010 FFF7FEFF 		bl	chSysTimerHandlerI
 297              	.LVL23:
 298              		.loc 1 53 0
 299 0014 FFF7FEFF 		bl	dbg_check_unlock_from_isr
 300              	.LVL24:
 301              	.LBB8:
 302 0018 0023     		movs	r3, #0
 303              	.LVL25:
 304              	@ 53 "../../os/ports/GCC/ARMCMx/chcore_v7m.c" 1
 305 001a 83F31188 		msr     BASEPRI, r3
 306              	@ 0 "" 2
 307              	.LVL26:
 308              		.thumb
 309              	.LBE8:
 310              		.loc 1 55 0
 311 001e FFF7FEFF 		bl	dbg_check_leave_isr
 312              	.LVL27:
 313              		.loc 1 56 0
 314 0022 BDE80840 		pop	{r3, lr}
 315              		.loc 1 55 0
 316 0026 FFF7FEBF 		b	_port_irq_epilogue
 317              	.LVL28:
 318              		.cfi_endproc
 319              	.LFE7:
 320              		.size	SysTickVector, .-SysTickVector
 321 002a 00BFAFF3 		.section	.text._port_switch,"ax",%progbits
 321      0080
 322              		.align	2
 323              		.p2align 4,,15
 324              		.global	_port_switch
 325              		.thumb
 326              		.thumb_func
 327              		.type	_port_switch, %function
 328              	_port_switch:
 329              	.LFB12:
 330              		.loc 1 236 0
 331              		.cfi_startproc
 332              		@ Naked Function: prologue and epilogue provided by programmer.
 333              		@ args = 0, pretend = 0, frame = 0
 334              		@ frame_needed = 0, uses_anonymous_args = 0
 335              	.LVL29:
ARM GAS  /tmp/cc2s4Zze.s 			page 7


 336              		.loc 1 238 0
 337              	@ 238 "../../os/ports/GCC/ARMCMx/chcore_v7m.c" 1
 338 0000 2DE9F04F 		push    {r4, r5, r6, r7, r8, r9, r10, r11, lr}
 339              	@ 0 "" 2
 340              		.loc 1 244 0
 341              	@ 244 "../../os/ports/GCC/ARMCMx/chcore_v7m.c" 1
 342 0004 C1F80CD0 		str     sp, [r1, #12]                          
 343 0008 D0F80CD0 		ldr     sp, [r0, #12]
 344              	@ 0 "" 2
 345              		.loc 1 250 0
 346              	@ 250 "../../os/ports/GCC/ARMCMx/chcore_v7m.c" 1
 347 000c BDE8F08F 		pop     {r4, r5, r6, r7, r8, r9, r10, r11, pc}
 348              	@ 0 "" 2
 349              		.loc 1 252 0
 350              		.thumb
 351              		.cfi_endproc
 352              	.LFE12:
 353              		.size	_port_switch, .-_port_switch
 354              		.section	.text._port_thread_start,"ax",%progbits
 355              		.align	2
 356              		.p2align 4,,15
 357              		.global	_port_thread_start
 358              		.thumb
 359              		.thumb_func
 360              		.type	_port_thread_start, %function
 361              	_port_thread_start:
 362              	.LFB13:
 363              		.loc 1 259 0
 364              		.cfi_startproc
 365              		@ args = 0, pretend = 0, frame = 0
 366              		@ frame_needed = 0, uses_anonymous_args = 0
 367 0000 08B5     		push	{r3, lr}
 368              	.LCFI2:
 369              		.cfi_def_cfa_offset 8
 370              		.cfi_offset 3, -8
 371              		.cfi_offset 14, -4
 372              		.loc 1 261 0
 373 0002 FFF7FEFF 		bl	dbg_check_unlock
 374              	.LVL30:
 375              	.LBB9:
 376 0006 0023     		movs	r3, #0
 377              	.LVL31:
 378              	@ 261 "../../os/ports/GCC/ARMCMx/chcore_v7m.c" 1
 379 0008 83F31188 		msr     BASEPRI, r3
 380              	@ 0 "" 2
 381              	.LVL32:
 382              		.thumb
 383              	.LBE9:
 384              		.loc 1 262 0
 385              	@ 262 "../../os/ports/GCC/ARMCMx/chcore_v7m.c" 1
 386 000c 2846     		mov     r0, r5                                 
 387 000e A047     		blx     r4                                     
 388 0010 FFF7FEFF 		bl      chThdExit
 389              	@ 0 "" 2
 390              		.thumb
 391 0014 08BD     		pop	{r3, pc}
 392              		.cfi_endproc
ARM GAS  /tmp/cc2s4Zze.s 			page 8


 393              	.LFE13:
 394              		.size	_port_thread_start, .-_port_thread_start
 395 0016 00BFAFF3 		.text
 395      0080AFF3 
 395      0080
 396              	.Letext0:
 397              		.file 2 "/usr/bin/../lib/gcc/arm-none-eabi/4.7.4/../../../../arm-none-eabi/include/stdint.h"
 398              		.file 3 "../../os/ports/GCC/ARMCMx/chtypes.h"
 399              		.file 4 "../../os/kernel/include/chlists.h"
 400              		.file 5 "../../os/kernel/include/chthreads.h"
 401              		.file 6 "../../os/ports/GCC/ARMCMx/chcore_v7m.h"
 402              		.file 7 "../../os/ports/common/ARMCMx/nvic.h"
 403              		.file 8 "../../os/kernel/include/chschd.h"
 404              		.file 9 "../../os/kernel/include/chmtx.h"
 405              		.file 10 "../../os/kernel/include/chdebug.h"
 406              		.file 11 "../../os/kernel/include/chsys.h"
 407              		.section	.debug_info,"",%progbits
 408              	.Ldebug_info0:
 409 0000 3C090000 		.4byte	0x93c
 410 0004 0200     		.2byte	0x2
 411 0006 00000000 		.4byte	.Ldebug_abbrev0
 412 000a 04       		.byte	0x4
 413 000b 01       		.uleb128 0x1
 414 000c 0C020000 		.4byte	.LASF101
 415 0010 01       		.byte	0x1
 416 0011 A8030000 		.4byte	.LASF102
 417 0015 BB020000 		.4byte	.LASF103
 418 0019 18000000 		.4byte	.Ldebug_ranges0+0x18
 419 001d 00000000 		.4byte	0
 420 0021 00000000 		.4byte	0
 421 0025 00000000 		.4byte	.Ldebug_line0
 422 0029 02       		.uleb128 0x2
 423 002a 04       		.byte	0x4
 424 002b 05       		.byte	0x5
 425 002c 696E7400 		.ascii	"int\000"
 426 0030 03       		.uleb128 0x3
 427 0031 04       		.byte	0x4
 428 0032 07       		.byte	0x7
 429 0033 47010000 		.4byte	.LASF0
 430 0037 03       		.uleb128 0x3
 431 0038 01       		.byte	0x1
 432 0039 06       		.byte	0x6
 433 003a 7A000000 		.4byte	.LASF1
 434 003e 04       		.uleb128 0x4
 435 003f 50040000 		.4byte	.LASF5
 436 0043 02       		.byte	0x2
 437 0044 2A       		.byte	0x2a
 438 0045 49000000 		.4byte	0x49
 439 0049 03       		.uleb128 0x3
 440 004a 01       		.byte	0x1
 441 004b 08       		.byte	0x8
 442 004c 19030000 		.4byte	.LASF2
 443 0050 03       		.uleb128 0x3
 444 0051 02       		.byte	0x2
 445 0052 05       		.byte	0x5
 446 0053 37030000 		.4byte	.LASF3
 447 0057 03       		.uleb128 0x3
ARM GAS  /tmp/cc2s4Zze.s 			page 9


 448 0058 02       		.byte	0x2
 449 0059 07       		.byte	0x7
 450 005a A4010000 		.4byte	.LASF4
 451 005e 04       		.uleb128 0x4
 452 005f 11030000 		.4byte	.LASF6
 453 0063 02       		.byte	0x2
 454 0064 4F       		.byte	0x4f
 455 0065 69000000 		.4byte	0x69
 456 0069 03       		.uleb128 0x3
 457 006a 04       		.byte	0x4
 458 006b 05       		.byte	0x5
 459 006c B0000000 		.4byte	.LASF7
 460 0070 04       		.uleb128 0x4
 461 0071 7D030000 		.4byte	.LASF8
 462 0075 02       		.byte	0x2
 463 0076 50       		.byte	0x50
 464 0077 7B000000 		.4byte	0x7b
 465 007b 03       		.uleb128 0x3
 466 007c 04       		.byte	0x4
 467 007d 07       		.byte	0x7
 468 007e 6F010000 		.4byte	.LASF9
 469 0082 03       		.uleb128 0x3
 470 0083 08       		.byte	0x8
 471 0084 05       		.byte	0x5
 472 0085 6C000000 		.4byte	.LASF10
 473 0089 04       		.uleb128 0x4
 474 008a 0D000000 		.4byte	.LASF11
 475 008e 02       		.byte	0x2
 476 008f 78       		.byte	0x78
 477 0090 94000000 		.4byte	0x94
 478 0094 03       		.uleb128 0x3
 479 0095 08       		.byte	0x8
 480 0096 07       		.byte	0x7
 481 0097 3F000000 		.4byte	.LASF12
 482 009b 04       		.uleb128 0x4
 483 009c E6010000 		.4byte	.LASF13
 484 00a0 03       		.byte	0x3
 485 00a1 2F       		.byte	0x2f
 486 00a2 3E000000 		.4byte	0x3e
 487 00a6 04       		.uleb128 0x4
 488 00a7 B9000000 		.4byte	.LASF14
 489 00ab 03       		.byte	0x3
 490 00ac 30       		.byte	0x30
 491 00ad 3E000000 		.4byte	0x3e
 492 00b1 04       		.uleb128 0x4
 493 00b2 F5020000 		.4byte	.LASF15
 494 00b6 03       		.byte	0x3
 495 00b7 31       		.byte	0x31
 496 00b8 3E000000 		.4byte	0x3e
 497 00bc 04       		.uleb128 0x4
 498 00bd 09030000 		.4byte	.LASF16
 499 00c1 03       		.byte	0x3
 500 00c2 32       		.byte	0x32
 501 00c3 70000000 		.4byte	0x70
 502 00c7 04       		.uleb128 0x4
 503 00c8 BC010000 		.4byte	.LASF17
 504 00cc 03       		.byte	0x3
ARM GAS  /tmp/cc2s4Zze.s 			page 10


 505 00cd 33       		.byte	0x33
 506 00ce 5E000000 		.4byte	0x5e
 507 00d2 04       		.uleb128 0x4
 508 00d3 FA010000 		.4byte	.LASF18
 509 00d7 03       		.byte	0x3
 510 00d8 35       		.byte	0x35
 511 00d9 70000000 		.4byte	0x70
 512 00dd 04       		.uleb128 0x4
 513 00de D6030000 		.4byte	.LASF19
 514 00e2 03       		.byte	0x3
 515 00e3 36       		.byte	0x36
 516 00e4 70000000 		.4byte	0x70
 517 00e8 04       		.uleb128 0x4
 518 00e9 36010000 		.4byte	.LASF20
 519 00ed 03       		.byte	0x3
 520 00ee 37       		.byte	0x37
 521 00ef 5E000000 		.4byte	0x5e
 522 00f3 04       		.uleb128 0x4
 523 00f4 6B030000 		.4byte	.LASF21
 524 00f8 04       		.byte	0x4
 525 00f9 2A       		.byte	0x2a
 526 00fa FE000000 		.4byte	0xfe
 527 00fe 05       		.uleb128 0x5
 528 00ff 6B030000 		.4byte	.LASF21
 529 0103 4C       		.byte	0x4c
 530 0104 05       		.byte	0x5
 531 0105 5E       		.byte	0x5e
 532 0106 23020000 		.4byte	0x223
 533 010a 06       		.uleb128 0x6
 534 010b 5C030000 		.4byte	.LASF22
 535 010f 05       		.byte	0x5
 536 0110 5F       		.byte	0x5f
 537 0111 48020000 		.4byte	0x248
 538 0115 02       		.byte	0x2
 539 0116 23       		.byte	0x23
 540 0117 00       		.uleb128 0
 541 0118 06       		.uleb128 0x6
 542 0119 02030000 		.4byte	.LASF23
 543 011d 05       		.byte	0x5
 544 011e 61       		.byte	0x61
 545 011f 48020000 		.4byte	0x248
 546 0123 02       		.byte	0x2
 547 0124 23       		.byte	0x23
 548 0125 04       		.uleb128 0x4
 549 0126 06       		.uleb128 0x6
 550 0127 65000000 		.4byte	.LASF24
 551 012b 05       		.byte	0x5
 552 012c 63       		.byte	0x63
 553 012d BC000000 		.4byte	0xbc
 554 0131 02       		.byte	0x2
 555 0132 23       		.byte	0x23
 556 0133 08       		.uleb128 0x8
 557 0134 06       		.uleb128 0x6
 558 0135 9C040000 		.4byte	.LASF25
 559 0139 05       		.byte	0x5
 560 013a 64       		.byte	0x64
 561 013b 98030000 		.4byte	0x398
ARM GAS  /tmp/cc2s4Zze.s 			page 11


 562 013f 02       		.byte	0x2
 563 0140 23       		.byte	0x23
 564 0141 0C       		.uleb128 0xc
 565 0142 06       		.uleb128 0x6
 566 0143 D5000000 		.4byte	.LASF26
 567 0147 05       		.byte	0x5
 568 0148 66       		.byte	0x66
 569 0149 48020000 		.4byte	0x248
 570 014d 02       		.byte	0x2
 571 014e 23       		.byte	0x23
 572 014f 10       		.uleb128 0x10
 573 0150 06       		.uleb128 0x6
 574 0151 7D020000 		.4byte	.LASF27
 575 0155 05       		.byte	0x5
 576 0156 67       		.byte	0x67
 577 0157 48020000 		.4byte	0x248
 578 015b 02       		.byte	0x2
 579 015c 23       		.byte	0x23
 580 015d 14       		.uleb128 0x14
 581 015e 06       		.uleb128 0x6
 582 015f 82040000 		.4byte	.LASF28
 583 0163 05       		.byte	0x5
 584 0164 6E       		.byte	0x6e
 585 0165 5E060000 		.4byte	0x65e
 586 0169 02       		.byte	0x2
 587 016a 23       		.byte	0x23
 588 016b 18       		.uleb128 0x18
 589 016c 06       		.uleb128 0x6
 590 016d 3C010000 		.4byte	.LASF29
 591 0171 05       		.byte	0x5
 592 0172 74       		.byte	0x74
 593 0173 70060000 		.4byte	0x670
 594 0177 02       		.byte	0x2
 595 0178 23       		.byte	0x23
 596 0179 1C       		.uleb128 0x1c
 597 017a 06       		.uleb128 0x6
 598 017b 41030000 		.4byte	.LASF30
 599 017f 05       		.byte	0x5
 600 0180 79       		.byte	0x79
 601 0181 A6000000 		.4byte	0xa6
 602 0185 02       		.byte	0x2
 603 0186 23       		.byte	0x23
 604 0187 20       		.uleb128 0x20
 605 0188 06       		.uleb128 0x6
 606 0189 63030000 		.4byte	.LASF31
 607 018d 05       		.byte	0x5
 608 018e 7D       		.byte	0x7d
 609 018f 9B000000 		.4byte	0x9b
 610 0193 02       		.byte	0x2
 611 0194 23       		.byte	0x23
 612 0195 21       		.uleb128 0x21
 613 0196 06       		.uleb128 0x6
 614 0197 34040000 		.4byte	.LASF32
 615 019b 05       		.byte	0x5
 616 019c 82       		.byte	0x82
 617 019d B1000000 		.4byte	0xb1
 618 01a1 02       		.byte	0x2
ARM GAS  /tmp/cc2s4Zze.s 			page 12


 619 01a2 23       		.byte	0x23
 620 01a3 22       		.uleb128 0x22
 621 01a4 06       		.uleb128 0x6
 622 01a5 02040000 		.4byte	.LASF33
 623 01a9 05       		.byte	0x5
 624 01aa 89       		.byte	0x89
 625 01ab 66050000 		.4byte	0x566
 626 01af 02       		.byte	0x2
 627 01b0 23       		.byte	0x23
 628 01b1 24       		.uleb128 0x24
 629 01b2 07       		.uleb128 0x7
 630 01b3 705F7500 		.ascii	"p_u\000"
 631 01b7 05       		.byte	0x5
 632 01b8 AE       		.byte	0xae
 633 01b9 29060000 		.4byte	0x629
 634 01bd 02       		.byte	0x2
 635 01be 23       		.byte	0x23
 636 01bf 28       		.uleb128 0x28
 637 01c0 06       		.uleb128 0x6
 638 01c1 A2040000 		.4byte	.LASF34
 639 01c5 05       		.byte	0x5
 640 01c6 B3       		.byte	0xb3
 641 01c7 70020000 		.4byte	0x270
 642 01cb 02       		.byte	0x2
 643 01cc 23       		.byte	0x23
 644 01cd 2C       		.uleb128 0x2c
 645 01ce 06       		.uleb128 0x6
 646 01cf 29040000 		.4byte	.LASF35
 647 01d3 05       		.byte	0x5
 648 01d4 B9       		.byte	0xb9
 649 01d5 4E020000 		.4byte	0x24e
 650 01d9 02       		.byte	0x2
 651 01da 23       		.byte	0x23
 652 01db 30       		.uleb128 0x30
 653 01dc 06       		.uleb128 0x6
 654 01dd 00000000 		.4byte	.LASF36
 655 01e1 05       		.byte	0x5
 656 01e2 BD       		.byte	0xbd
 657 01e3 C7000000 		.4byte	0xc7
 658 01e7 02       		.byte	0x2
 659 01e8 23       		.byte	0x23
 660 01e9 38       		.uleb128 0x38
 661 01ea 06       		.uleb128 0x6
 662 01eb 72030000 		.4byte	.LASF37
 663 01ef 05       		.byte	0x5
 664 01f0 C3       		.byte	0xc3
 665 01f1 D2000000 		.4byte	0xd2
 666 01f5 02       		.byte	0x2
 667 01f6 23       		.byte	0x23
 668 01f7 3C       		.uleb128 0x3c
 669 01f8 06       		.uleb128 0x6
 670 01f9 2D030000 		.4byte	.LASF38
 671 01fd 05       		.byte	0x5
 672 01fe CA       		.byte	0xca
 673 01ff 76060000 		.4byte	0x676
 674 0203 02       		.byte	0x2
 675 0204 23       		.byte	0x23
ARM GAS  /tmp/cc2s4Zze.s 			page 13


 676 0205 40       		.uleb128 0x40
 677 0206 06       		.uleb128 0x6
 678 0207 E0030000 		.4byte	.LASF39
 679 020b 05       		.byte	0x5
 680 020c CE       		.byte	0xce
 681 020d BC000000 		.4byte	0xbc
 682 0211 02       		.byte	0x2
 683 0212 23       		.byte	0x23
 684 0213 44       		.uleb128 0x44
 685 0214 06       		.uleb128 0x6
 686 0215 A0000000 		.4byte	.LASF40
 687 0219 05       		.byte	0x5
 688 021a D4       		.byte	0xd4
 689 021b 86020000 		.4byte	0x286
 690 021f 02       		.byte	0x2
 691 0220 23       		.byte	0x23
 692 0221 48       		.uleb128 0x48
 693 0222 00       		.byte	0
 694 0223 08       		.uleb128 0x8
 695 0224 08       		.byte	0x8
 696 0225 04       		.byte	0x4
 697 0226 61       		.byte	0x61
 698 0227 48020000 		.4byte	0x248
 699 022b 06       		.uleb128 0x6
 700 022c 5C030000 		.4byte	.LASF22
 701 0230 04       		.byte	0x4
 702 0231 62       		.byte	0x62
 703 0232 48020000 		.4byte	0x248
 704 0236 02       		.byte	0x2
 705 0237 23       		.byte	0x23
 706 0238 00       		.uleb128 0
 707 0239 06       		.uleb128 0x6
 708 023a 02030000 		.4byte	.LASF23
 709 023e 04       		.byte	0x4
 710 023f 64       		.byte	0x64
 711 0240 48020000 		.4byte	0x248
 712 0244 02       		.byte	0x2
 713 0245 23       		.byte	0x23
 714 0246 04       		.uleb128 0x4
 715 0247 00       		.byte	0
 716 0248 09       		.uleb128 0x9
 717 0249 04       		.byte	0x4
 718 024a F3000000 		.4byte	0xf3
 719 024e 04       		.uleb128 0x4
 720 024f 8B020000 		.4byte	.LASF41
 721 0253 04       		.byte	0x4
 722 0254 66       		.byte	0x66
 723 0255 23020000 		.4byte	0x223
 724 0259 08       		.uleb128 0x8
 725 025a 04       		.byte	0x4
 726 025b 04       		.byte	0x4
 727 025c 6B       		.byte	0x6b
 728 025d 70020000 		.4byte	0x270
 729 0261 06       		.uleb128 0x6
 730 0262 5C030000 		.4byte	.LASF22
 731 0266 04       		.byte	0x4
 732 0267 6D       		.byte	0x6d
ARM GAS  /tmp/cc2s4Zze.s 			page 14


 733 0268 48020000 		.4byte	0x248
 734 026c 02       		.byte	0x2
 735 026d 23       		.byte	0x23
 736 026e 00       		.uleb128 0
 737 026f 00       		.byte	0
 738 0270 04       		.uleb128 0x4
 739 0271 EE010000 		.4byte	.LASF42
 740 0275 04       		.byte	0x4
 741 0276 70       		.byte	0x70
 742 0277 59020000 		.4byte	0x259
 743 027b 04       		.uleb128 0x4
 744 027c 07010000 		.4byte	.LASF43
 745 0280 06       		.byte	0x6
 746 0281 D7       		.byte	0xd7
 747 0282 86020000 		.4byte	0x286
 748 0286 0A       		.uleb128 0xa
 749 0287 04       		.byte	0x4
 750 0288 04       		.uleb128 0x4
 751 0289 55020000 		.4byte	.LASF44
 752 028d 06       		.byte	0x6
 753 028e DD       		.byte	0xdd
 754 028f 89000000 		.4byte	0x89
 755 0293 05       		.uleb128 0x5
 756 0294 5B010000 		.4byte	.LASF45
 757 0298 20       		.byte	0x20
 758 0299 06       		.byte	0x6
 759 029a DF       		.byte	0xdf
 760 029b 0B030000 		.4byte	0x30b
 761 029f 07       		.uleb128 0x7
 762 02a0 723000   		.ascii	"r0\000"
 763 02a3 06       		.byte	0x6
 764 02a4 E0       		.byte	0xe0
 765 02a5 7B020000 		.4byte	0x27b
 766 02a9 02       		.byte	0x2
 767 02aa 23       		.byte	0x23
 768 02ab 00       		.uleb128 0
 769 02ac 07       		.uleb128 0x7
 770 02ad 723100   		.ascii	"r1\000"
 771 02b0 06       		.byte	0x6
 772 02b1 E1       		.byte	0xe1
 773 02b2 7B020000 		.4byte	0x27b
 774 02b6 02       		.byte	0x2
 775 02b7 23       		.byte	0x23
 776 02b8 04       		.uleb128 0x4
 777 02b9 07       		.uleb128 0x7
 778 02ba 723200   		.ascii	"r2\000"
 779 02bd 06       		.byte	0x6
 780 02be E2       		.byte	0xe2
 781 02bf 7B020000 		.4byte	0x27b
 782 02c3 02       		.byte	0x2
 783 02c4 23       		.byte	0x23
 784 02c5 08       		.uleb128 0x8
 785 02c6 07       		.uleb128 0x7
 786 02c7 723300   		.ascii	"r3\000"
 787 02ca 06       		.byte	0x6
 788 02cb E3       		.byte	0xe3
 789 02cc 7B020000 		.4byte	0x27b
ARM GAS  /tmp/cc2s4Zze.s 			page 15


 790 02d0 02       		.byte	0x2
 791 02d1 23       		.byte	0x23
 792 02d2 0C       		.uleb128 0xc
 793 02d3 07       		.uleb128 0x7
 794 02d4 72313200 		.ascii	"r12\000"
 795 02d8 06       		.byte	0x6
 796 02d9 E4       		.byte	0xe4
 797 02da 7B020000 		.4byte	0x27b
 798 02de 02       		.byte	0x2
 799 02df 23       		.byte	0x23
 800 02e0 10       		.uleb128 0x10
 801 02e1 06       		.uleb128 0x6
 802 02e2 54010000 		.4byte	.LASF46
 803 02e6 06       		.byte	0x6
 804 02e7 E5       		.byte	0xe5
 805 02e8 7B020000 		.4byte	0x27b
 806 02ec 02       		.byte	0x2
 807 02ed 23       		.byte	0x23
 808 02ee 14       		.uleb128 0x14
 809 02ef 07       		.uleb128 0x7
 810 02f0 706300   		.ascii	"pc\000"
 811 02f3 06       		.byte	0x6
 812 02f4 E6       		.byte	0xe6
 813 02f5 7B020000 		.4byte	0x27b
 814 02f9 02       		.byte	0x2
 815 02fa 23       		.byte	0x23
 816 02fb 18       		.uleb128 0x18
 817 02fc 06       		.uleb128 0x6
 818 02fd 49030000 		.4byte	.LASF47
 819 0301 06       		.byte	0x6
 820 0302 E7       		.byte	0xe7
 821 0303 7B020000 		.4byte	0x27b
 822 0307 02       		.byte	0x2
 823 0308 23       		.byte	0x23
 824 0309 1C       		.uleb128 0x1c
 825 030a 00       		.byte	0
 826 030b 05       		.uleb128 0x5
 827 030c 22040000 		.4byte	.LASF48
 828 0310 24       		.byte	0x24
 829 0311 06       		.byte	0x6
 830 0312 FE       		.byte	0xfe
 831 0313 98030000 		.4byte	0x398
 832 0317 0B       		.uleb128 0xb
 833 0318 723400   		.ascii	"r4\000"
 834 031b 06       		.byte	0x6
 835 031c 1101     		.2byte	0x111
 836 031e 7B020000 		.4byte	0x27b
 837 0322 02       		.byte	0x2
 838 0323 23       		.byte	0x23
 839 0324 00       		.uleb128 0
 840 0325 0B       		.uleb128 0xb
 841 0326 723500   		.ascii	"r5\000"
 842 0329 06       		.byte	0x6
 843 032a 1201     		.2byte	0x112
 844 032c 7B020000 		.4byte	0x27b
 845 0330 02       		.byte	0x2
 846 0331 23       		.byte	0x23
ARM GAS  /tmp/cc2s4Zze.s 			page 16


 847 0332 04       		.uleb128 0x4
 848 0333 0B       		.uleb128 0xb
 849 0334 723600   		.ascii	"r6\000"
 850 0337 06       		.byte	0x6
 851 0338 1301     		.2byte	0x113
 852 033a 7B020000 		.4byte	0x27b
 853 033e 02       		.byte	0x2
 854 033f 23       		.byte	0x23
 855 0340 08       		.uleb128 0x8
 856 0341 0B       		.uleb128 0xb
 857 0342 723700   		.ascii	"r7\000"
 858 0345 06       		.byte	0x6
 859 0346 1401     		.2byte	0x114
 860 0348 7B020000 		.4byte	0x27b
 861 034c 02       		.byte	0x2
 862 034d 23       		.byte	0x23
 863 034e 0C       		.uleb128 0xc
 864 034f 0B       		.uleb128 0xb
 865 0350 723800   		.ascii	"r8\000"
 866 0353 06       		.byte	0x6
 867 0354 1501     		.2byte	0x115
 868 0356 7B020000 		.4byte	0x27b
 869 035a 02       		.byte	0x2
 870 035b 23       		.byte	0x23
 871 035c 10       		.uleb128 0x10
 872 035d 0B       		.uleb128 0xb
 873 035e 723900   		.ascii	"r9\000"
 874 0361 06       		.byte	0x6
 875 0362 1601     		.2byte	0x116
 876 0364 7B020000 		.4byte	0x27b
 877 0368 02       		.byte	0x2
 878 0369 23       		.byte	0x23
 879 036a 14       		.uleb128 0x14
 880 036b 0B       		.uleb128 0xb
 881 036c 72313000 		.ascii	"r10\000"
 882 0370 06       		.byte	0x6
 883 0371 1701     		.2byte	0x117
 884 0373 7B020000 		.4byte	0x27b
 885 0377 02       		.byte	0x2
 886 0378 23       		.byte	0x23
 887 0379 18       		.uleb128 0x18
 888 037a 0B       		.uleb128 0xb
 889 037b 72313100 		.ascii	"r11\000"
 890 037f 06       		.byte	0x6
 891 0380 1801     		.2byte	0x118
 892 0382 7B020000 		.4byte	0x27b
 893 0386 02       		.byte	0x2
 894 0387 23       		.byte	0x23
 895 0388 1C       		.uleb128 0x1c
 896 0389 0B       		.uleb128 0xb
 897 038a 6C7200   		.ascii	"lr\000"
 898 038d 06       		.byte	0x6
 899 038e 1901     		.2byte	0x119
 900 0390 7B020000 		.4byte	0x27b
 901 0394 02       		.byte	0x2
 902 0395 23       		.byte	0x23
 903 0396 20       		.uleb128 0x20
ARM GAS  /tmp/cc2s4Zze.s 			page 17


 904 0397 00       		.byte	0
 905 0398 0C       		.uleb128 0xc
 906 0399 9C010000 		.4byte	.LASF49
 907 039d 04       		.byte	0x4
 908 039e 06       		.byte	0x6
 909 039f 2301     		.2byte	0x123
 910 03a1 B5030000 		.4byte	0x3b5
 911 03a5 0B       		.uleb128 0xb
 912 03a6 72313300 		.ascii	"r13\000"
 913 03aa 06       		.byte	0x6
 914 03ab 2401     		.2byte	0x124
 915 03ad B5030000 		.4byte	0x3b5
 916 03b1 02       		.byte	0x2
 917 03b2 23       		.byte	0x23
 918 03b3 00       		.uleb128 0
 919 03b4 00       		.byte	0
 920 03b5 09       		.uleb128 0x9
 921 03b6 04       		.byte	0x4
 922 03b7 0B030000 		.4byte	0x30b
 923 03bb 04       		.uleb128 0x4
 924 03bc A0030000 		.4byte	.LASF50
 925 03c0 07       		.byte	0x7
 926 03c1 3A       		.byte	0x3a
 927 03c2 C6030000 		.4byte	0x3c6
 928 03c6 0D       		.uleb128 0xd
 929 03c7 70000000 		.4byte	0x70
 930 03cb 03       		.uleb128 0x3
 931 03cc 04       		.byte	0x4
 932 03cd 07       		.byte	0x7
 933 03ce 60020000 		.4byte	.LASF51
 934 03d2 08       		.uleb128 0x8
 935 03d3 8C       		.byte	0x8c
 936 03d4 07       		.byte	0x7
 937 03d5 89       		.byte	0x89
 938 03d6 02050000 		.4byte	0x502
 939 03da 06       		.uleb128 0x6
 940 03db 5F000000 		.4byte	.LASF52
 941 03df 07       		.byte	0x7
 942 03e0 8A       		.byte	0x8a
 943 03e1 BB030000 		.4byte	0x3bb
 944 03e5 02       		.byte	0x2
 945 03e6 23       		.byte	0x23
 946 03e7 00       		.uleb128 0
 947 03e8 06       		.uleb128 0x6
 948 03e9 B7010000 		.4byte	.LASF53
 949 03ed 07       		.byte	0x7
 950 03ee 8B       		.byte	0x8b
 951 03ef BB030000 		.4byte	0x3bb
 952 03f3 02       		.byte	0x2
 953 03f4 23       		.byte	0x23
 954 03f5 04       		.uleb128 0x4
 955 03f6 06       		.uleb128 0x6
 956 03f7 81010000 		.4byte	.LASF54
 957 03fb 07       		.byte	0x7
 958 03fc 8C       		.byte	0x8c
 959 03fd BB030000 		.4byte	0x3bb
 960 0401 02       		.byte	0x2
ARM GAS  /tmp/cc2s4Zze.s 			page 18


 961 0402 23       		.byte	0x23
 962 0403 08       		.uleb128 0x8
 963 0404 06       		.uleb128 0x6
 964 0405 C2010000 		.4byte	.LASF55
 965 0409 07       		.byte	0x7
 966 040a 8D       		.byte	0x8d
 967 040b BB030000 		.4byte	0x3bb
 968 040f 02       		.byte	0x2
 969 0410 23       		.byte	0x23
 970 0411 0C       		.uleb128 0xc
 971 0412 07       		.uleb128 0x7
 972 0413 53435200 		.ascii	"SCR\000"
 973 0417 07       		.byte	0x7
 974 0418 8E       		.byte	0x8e
 975 0419 BB030000 		.4byte	0x3bb
 976 041d 02       		.byte	0x2
 977 041e 23       		.byte	0x23
 978 041f 10       		.uleb128 0x10
 979 0420 07       		.uleb128 0x7
 980 0421 43435200 		.ascii	"CCR\000"
 981 0425 07       		.byte	0x7
 982 0426 8F       		.byte	0x8f
 983 0427 BB030000 		.4byte	0x3bb
 984 042b 02       		.byte	0x2
 985 042c 23       		.byte	0x23
 986 042d 14       		.uleb128 0x14
 987 042e 06       		.uleb128 0x6
 988 042f 09040000 		.4byte	.LASF56
 989 0433 07       		.byte	0x7
 990 0434 90       		.byte	0x90
 991 0435 12050000 		.4byte	0x512
 992 0439 02       		.byte	0x2
 993 043a 23       		.byte	0x23
 994 043b 18       		.uleb128 0x18
 995 043c 06       		.uleb128 0x6
 996 043d 27030000 		.4byte	.LASF57
 997 0441 07       		.byte	0x7
 998 0442 91       		.byte	0x91
 999 0443 BB030000 		.4byte	0x3bb
 1000 0447 02       		.byte	0x2
 1001 0448 23       		.byte	0x23
 1002 0449 24       		.uleb128 0x24
 1003 044a 06       		.uleb128 0x6
 1004 044b 78020000 		.4byte	.LASF58
 1005 044f 07       		.byte	0x7
 1006 0450 92       		.byte	0x92
 1007 0451 BB030000 		.4byte	0x3bb
 1008 0455 02       		.byte	0x2
 1009 0456 23       		.byte	0x23
 1010 0457 28       		.uleb128 0x28
 1011 0458 06       		.uleb128 0x6
 1012 0459 8F040000 		.4byte	.LASF59
 1013 045d 07       		.byte	0x7
 1014 045e 93       		.byte	0x93
 1015 045f BB030000 		.4byte	0x3bb
 1016 0463 02       		.byte	0x2
 1017 0464 23       		.byte	0x23
ARM GAS  /tmp/cc2s4Zze.s 			page 19


 1018 0465 2C       		.uleb128 0x2c
 1019 0466 06       		.uleb128 0x6
 1020 0467 C8010000 		.4byte	.LASF60
 1021 046b 07       		.byte	0x7
 1022 046c 94       		.byte	0x94
 1023 046d BB030000 		.4byte	0x3bb
 1024 0471 02       		.byte	0x2
 1025 0472 23       		.byte	0x23
 1026 0473 30       		.uleb128 0x30
 1027 0474 06       		.uleb128 0x6
 1028 0475 CD010000 		.4byte	.LASF61
 1029 0479 07       		.byte	0x7
 1030 047a 95       		.byte	0x95
 1031 047b BB030000 		.4byte	0x3bb
 1032 047f 02       		.byte	0x2
 1033 0480 23       		.byte	0x23
 1034 0481 34       		.uleb128 0x34
 1035 0482 06       		.uleb128 0x6
 1036 0483 DD000000 		.4byte	.LASF62
 1037 0487 07       		.byte	0x7
 1038 0488 96       		.byte	0x96
 1039 0489 BB030000 		.4byte	0x3bb
 1040 048d 02       		.byte	0x2
 1041 048e 23       		.byte	0x23
 1042 048f 38       		.uleb128 0x38
 1043 0490 06       		.uleb128 0x6
 1044 0491 8E030000 		.4byte	.LASF63
 1045 0495 07       		.byte	0x7
 1046 0496 97       		.byte	0x97
 1047 0497 BB030000 		.4byte	0x3bb
 1048 049b 02       		.byte	0x2
 1049 049c 23       		.byte	0x23
 1050 049d 3C       		.uleb128 0x3c
 1051 049e 07       		.uleb128 0x7
 1052 049f 50465200 		.ascii	"PFR\000"
 1053 04a3 07       		.byte	0x7
 1054 04a4 98       		.byte	0x98
 1055 04a5 27050000 		.4byte	0x527
 1056 04a9 02       		.byte	0x2
 1057 04aa 23       		.byte	0x23
 1058 04ab 40       		.uleb128 0x40
 1059 04ac 07       		.uleb128 0x7
 1060 04ad 44465200 		.ascii	"DFR\000"
 1061 04b1 07       		.byte	0x7
 1062 04b2 99       		.byte	0x99
 1063 04b3 BB030000 		.4byte	0x3bb
 1064 04b7 02       		.byte	0x2
 1065 04b8 23       		.byte	0x23
 1066 04b9 48       		.uleb128 0x48
 1067 04ba 07       		.uleb128 0x7
 1068 04bb 41445200 		.ascii	"ADR\000"
 1069 04bf 07       		.byte	0x7
 1070 04c0 9A       		.byte	0x9a
 1071 04c1 BB030000 		.4byte	0x3bb
 1072 04c5 02       		.byte	0x2
 1073 04c6 23       		.byte	0x23
 1074 04c7 4C       		.uleb128 0x4c
ARM GAS  /tmp/cc2s4Zze.s 			page 20


 1075 04c8 06       		.uleb128 0x6
 1076 04c9 45040000 		.4byte	.LASF64
 1077 04cd 07       		.byte	0x7
 1078 04ce 9B       		.byte	0x9b
 1079 04cf 3C050000 		.4byte	0x53c
 1080 04d3 02       		.byte	0x2
 1081 04d4 23       		.byte	0x23
 1082 04d5 50       		.uleb128 0x50
 1083 04d6 07       		.uleb128 0x7
 1084 04d7 53415200 		.ascii	"SAR\000"
 1085 04db 07       		.byte	0x7
 1086 04dc 9C       		.byte	0x9c
 1087 04dd 51050000 		.4byte	0x551
 1088 04e1 02       		.byte	0x2
 1089 04e2 23       		.byte	0x23
 1090 04e3 60       		.uleb128 0x60
 1091 04e4 06       		.uleb128 0x6
 1092 04e5 93030000 		.4byte	.LASF65
 1093 04e9 07       		.byte	0x7
 1094 04ea 9D       		.byte	0x9d
 1095 04eb 56050000 		.4byte	0x556
 1096 04ef 02       		.byte	0x2
 1097 04f0 23       		.byte	0x23
 1098 04f1 74       		.uleb128 0x74
 1099 04f2 06       		.uleb128 0x6
 1100 04f3 89040000 		.4byte	.LASF66
 1101 04f7 07       		.byte	0x7
 1102 04f8 9E       		.byte	0x9e
 1103 04f9 BB030000 		.4byte	0x3bb
 1104 04fd 03       		.byte	0x3
 1105 04fe 23       		.byte	0x23
 1106 04ff 8801     		.uleb128 0x88
 1107 0501 00       		.byte	0
 1108 0502 0E       		.uleb128 0xe
 1109 0503 BB030000 		.4byte	0x3bb
 1110 0507 12050000 		.4byte	0x512
 1111 050b 0F       		.uleb128 0xf
 1112 050c CB030000 		.4byte	0x3cb
 1113 0510 02       		.byte	0x2
 1114 0511 00       		.byte	0
 1115 0512 0D       		.uleb128 0xd
 1116 0513 02050000 		.4byte	0x502
 1117 0517 0E       		.uleb128 0xe
 1118 0518 BB030000 		.4byte	0x3bb
 1119 051c 27050000 		.4byte	0x527
 1120 0520 0F       		.uleb128 0xf
 1121 0521 CB030000 		.4byte	0x3cb
 1122 0525 01       		.byte	0x1
 1123 0526 00       		.byte	0
 1124 0527 0D       		.uleb128 0xd
 1125 0528 17050000 		.4byte	0x517
 1126 052c 0E       		.uleb128 0xe
 1127 052d BB030000 		.4byte	0x3bb
 1128 0531 3C050000 		.4byte	0x53c
 1129 0535 0F       		.uleb128 0xf
 1130 0536 CB030000 		.4byte	0x3cb
 1131 053a 03       		.byte	0x3
ARM GAS  /tmp/cc2s4Zze.s 			page 21


 1132 053b 00       		.byte	0
 1133 053c 0D       		.uleb128 0xd
 1134 053d 2C050000 		.4byte	0x52c
 1135 0541 0E       		.uleb128 0xe
 1136 0542 BB030000 		.4byte	0x3bb
 1137 0546 51050000 		.4byte	0x551
 1138 054a 0F       		.uleb128 0xf
 1139 054b CB030000 		.4byte	0x3cb
 1140 054f 04       		.byte	0x4
 1141 0550 00       		.byte	0
 1142 0551 0D       		.uleb128 0xd
 1143 0552 41050000 		.4byte	0x541
 1144 0556 0D       		.uleb128 0xd
 1145 0557 41050000 		.4byte	0x541
 1146 055b 04       		.uleb128 0x4
 1147 055c 16000000 		.4byte	.LASF67
 1148 0560 07       		.byte	0x7
 1149 0561 9F       		.byte	0x9f
 1150 0562 D2030000 		.4byte	0x3d2
 1151 0566 0D       		.uleb128 0xd
 1152 0567 DD000000 		.4byte	0xdd
 1153 056b 08       		.uleb128 0x8
 1154 056c 20       		.byte	0x20
 1155 056d 08       		.byte	0x8
 1156 056e 5E       		.byte	0x5e
 1157 056f D6050000 		.4byte	0x5d6
 1158 0573 06       		.uleb128 0x6
 1159 0574 86030000 		.4byte	.LASF68
 1160 0578 08       		.byte	0x8
 1161 0579 5F       		.byte	0x5f
 1162 057a 4E020000 		.4byte	0x24e
 1163 057e 02       		.byte	0x2
 1164 057f 23       		.byte	0x23
 1165 0580 00       		.uleb128 0
 1166 0581 06       		.uleb128 0x6
 1167 0582 4E030000 		.4byte	.LASF69
 1168 0586 08       		.byte	0x8
 1169 0587 60       		.byte	0x60
 1170 0588 BC000000 		.4byte	0xbc
 1171 058c 02       		.byte	0x2
 1172 058d 23       		.byte	0x23
 1173 058e 08       		.uleb128 0x8
 1174 058f 06       		.uleb128 0x6
 1175 0590 85020000 		.4byte	.LASF70
 1176 0594 08       		.byte	0x8
 1177 0595 62       		.byte	0x62
 1178 0596 98030000 		.4byte	0x398
 1179 059a 02       		.byte	0x2
 1180 059b 23       		.byte	0x23
 1181 059c 0C       		.uleb128 0xc
 1182 059d 06       		.uleb128 0x6
 1183 059e E2000000 		.4byte	.LASF71
 1184 05a2 08       		.byte	0x8
 1185 05a3 65       		.byte	0x65
 1186 05a4 48020000 		.4byte	0x248
 1187 05a8 02       		.byte	0x2
 1188 05a9 23       		.byte	0x23
ARM GAS  /tmp/cc2s4Zze.s 			page 22


 1189 05aa 10       		.uleb128 0x10
 1190 05ab 06       		.uleb128 0x6
 1191 05ac A2020000 		.4byte	.LASF72
 1192 05b0 08       		.byte	0x8
 1193 05b1 66       		.byte	0x66
 1194 05b2 48020000 		.4byte	0x248
 1195 05b6 02       		.byte	0x2
 1196 05b7 23       		.byte	0x23
 1197 05b8 14       		.uleb128 0x14
 1198 05b9 06       		.uleb128 0x6
 1199 05ba F8030000 		.4byte	.LASF73
 1200 05be 08       		.byte	0x8
 1201 05bf 6A       		.byte	0x6a
 1202 05c0 E8000000 		.4byte	0xe8
 1203 05c4 02       		.byte	0x2
 1204 05c5 23       		.byte	0x23
 1205 05c6 18       		.uleb128 0x18
 1206 05c7 06       		.uleb128 0x6
 1207 05c8 98020000 		.4byte	.LASF74
 1208 05cc 08       		.byte	0x8
 1209 05cd 6C       		.byte	0x6c
 1210 05ce 48020000 		.4byte	0x248
 1211 05d2 02       		.byte	0x2
 1212 05d3 23       		.byte	0x23
 1213 05d4 1C       		.uleb128 0x1c
 1214 05d5 00       		.byte	0
 1215 05d6 04       		.uleb128 0x4
 1216 05d7 3B040000 		.4byte	.LASF75
 1217 05db 08       		.byte	0x8
 1218 05dc 6E       		.byte	0x6e
 1219 05dd 6B050000 		.4byte	0x56b
 1220 05e1 05       		.uleb128 0x5
 1221 05e2 06020000 		.4byte	.LASF76
 1222 05e6 10       		.byte	0x10
 1223 05e7 09       		.byte	0x9
 1224 05e8 2C       		.byte	0x2c
 1225 05e9 18060000 		.4byte	0x618
 1226 05ed 06       		.uleb128 0x6
 1227 05ee A8000000 		.4byte	.LASF77
 1228 05f2 09       		.byte	0x9
 1229 05f3 2D       		.byte	0x2d
 1230 05f4 4E020000 		.4byte	0x24e
 1231 05f8 02       		.byte	0x2
 1232 05f9 23       		.byte	0x23
 1233 05fa 00       		.uleb128 0
 1234 05fb 06       		.uleb128 0x6
 1235 05fc 94040000 		.4byte	.LASF78
 1236 0600 09       		.byte	0x9
 1237 0601 2F       		.byte	0x2f
 1238 0602 48020000 		.4byte	0x248
 1239 0606 02       		.byte	0x2
 1240 0607 23       		.byte	0x23
 1241 0608 08       		.uleb128 0x8
 1242 0609 06       		.uleb128 0x6
 1243 060a CF030000 		.4byte	.LASF79
 1244 060e 09       		.byte	0x9
 1245 060f 31       		.byte	0x31
ARM GAS  /tmp/cc2s4Zze.s 			page 23


 1246 0610 18060000 		.4byte	0x618
 1247 0614 02       		.byte	0x2
 1248 0615 23       		.byte	0x23
 1249 0616 0C       		.uleb128 0xc
 1250 0617 00       		.byte	0
 1251 0618 09       		.uleb128 0x9
 1252 0619 04       		.byte	0x4
 1253 061a E1050000 		.4byte	0x5e1
 1254 061e 04       		.uleb128 0x4
 1255 061f 06020000 		.4byte	.LASF76
 1256 0623 09       		.byte	0x9
 1257 0624 33       		.byte	0x33
 1258 0625 E1050000 		.4byte	0x5e1
 1259 0629 10       		.uleb128 0x10
 1260 062a 04       		.byte	0x4
 1261 062b 05       		.byte	0x5
 1262 062c 90       		.byte	0x90
 1263 062d 5E060000 		.4byte	0x65e
 1264 0631 11       		.uleb128 0x11
 1265 0632 06000000 		.4byte	.LASF80
 1266 0636 05       		.byte	0x5
 1267 0637 97       		.byte	0x97
 1268 0638 C7000000 		.4byte	0xc7
 1269 063c 11       		.uleb128 0x11
 1270 063d 56000000 		.4byte	.LASF81
 1271 0641 05       		.byte	0x5
 1272 0642 9E       		.byte	0x9e
 1273 0643 C7000000 		.4byte	0xc7
 1274 0647 11       		.uleb128 0x11
 1275 0648 7B040000 		.4byte	.LASF82
 1276 064c 05       		.byte	0x5
 1277 064d A5       		.byte	0xa5
 1278 064e 86020000 		.4byte	0x286
 1279 0652 11       		.uleb128 0x11
 1280 0653 55030000 		.4byte	.LASF83
 1281 0657 05       		.byte	0x5
 1282 0658 AC       		.byte	0xac
 1283 0659 D2000000 		.4byte	0xd2
 1284 065d 00       		.byte	0
 1285 065e 09       		.uleb128 0x9
 1286 065f 04       		.byte	0x4
 1287 0660 64060000 		.4byte	0x664
 1288 0664 12       		.uleb128 0x12
 1289 0665 69060000 		.4byte	0x669
 1290 0669 03       		.uleb128 0x3
 1291 066a 01       		.byte	0x1
 1292 066b 08       		.byte	0x8
 1293 066c 9B030000 		.4byte	.LASF84
 1294 0670 09       		.uleb128 0x9
 1295 0671 04       		.byte	0x4
 1296 0672 88020000 		.4byte	0x288
 1297 0676 09       		.uleb128 0x9
 1298 0677 04       		.byte	0x4
 1299 0678 1E060000 		.4byte	0x61e
 1300 067c 13       		.uleb128 0x13
 1301 067d 01       		.byte	0x1
 1302 067e 86010000 		.4byte	.LASF85
ARM GAS  /tmp/cc2s4Zze.s 			page 24


 1303 0682 01       		.byte	0x1
 1304 0683 CF       		.byte	0xcf
 1305 0684 01       		.byte	0x1
 1306 0685 00000000 		.4byte	.LFB11
 1307 0689 0E000000 		.4byte	.LFE11
 1308 068d 02       		.byte	0x2
 1309 068e 7D       		.byte	0x7d
 1310 068f 00       		.sleb128 0
 1311 0690 01       		.byte	0x1
 1312 0691 B1060000 		.4byte	0x6b1
 1313 0695 14       		.uleb128 0x14
 1314 0696 04000000 		.4byte	.LVL0
 1315 069a D5080000 		.4byte	0x8d5
 1316 069e 14       		.uleb128 0x14
 1317 069f 08000000 		.4byte	.LVL1
 1318 06a3 DF080000 		.4byte	0x8df
 1319 06a7 14       		.uleb128 0x14
 1320 06a8 0C000000 		.4byte	.LVL2
 1321 06ac E9080000 		.4byte	0x8e9
 1322 06b0 00       		.byte	0
 1323 06b1 13       		.uleb128 0x13
 1324 06b2 01       		.byte	0x1
 1325 06b3 EB030000 		.4byte	.LASF86
 1326 06b7 01       		.byte	0x1
 1327 06b8 41       		.byte	0x41
 1328 06b9 01       		.byte	0x1
 1329 06ba 00000000 		.4byte	.LFB8
 1330 06be 12000000 		.4byte	.LFE8
 1331 06c2 02       		.byte	0x2
 1332 06c3 7D       		.byte	0x7d
 1333 06c4 00       		.sleb128 0
 1334 06c5 01       		.byte	0x1
 1335 06c6 F3060000 		.4byte	0x6f3
 1336 06ca 15       		.uleb128 0x15
 1337 06cb FD020000 		.4byte	.LASF87
 1338 06cf 01       		.byte	0x1
 1339 06d0 42       		.byte	0x42
 1340 06d1 F3060000 		.4byte	0x6f3
 1341 06d5 00000000 		.4byte	.LLST0
 1342 06d9 16       		.uleb128 0x16
 1343 06da 0A000000 		.4byte	.LBB2
 1344 06de 12000000 		.4byte	.LBE2
 1345 06e2 17       		.uleb128 0x17
 1346 06e3 746D7000 		.ascii	"tmp\000"
 1347 06e7 01       		.byte	0x1
 1348 06e8 51       		.byte	0x51
 1349 06e9 70000000 		.4byte	0x70
 1350 06ed 20000000 		.4byte	.LLST1
 1351 06f1 00       		.byte	0
 1352 06f2 00       		.byte	0
 1353 06f3 09       		.uleb128 0x9
 1354 06f4 04       		.byte	0x4
 1355 06f5 93020000 		.4byte	0x293
 1356 06f9 18       		.uleb128 0x18
 1357 06fa 01       		.byte	0x1
 1358 06fb 58040000 		.4byte	.LASF88
 1359 06ff 01       		.byte	0x1
ARM GAS  /tmp/cc2s4Zze.s 			page 25


 1360 0700 76       		.byte	0x76
 1361 0701 01       		.byte	0x1
 1362 0702 00000000 		.4byte	.LFB9
 1363 0706 34000000 		.4byte	.LFE9
 1364 070a 33000000 		.4byte	.LLST2
 1365 070e 01       		.byte	0x1
 1366 070f 5C070000 		.4byte	0x75c
 1367 0713 19       		.uleb128 0x19
 1368 0714 1E000000 		.4byte	.LVL7
 1369 0718 F3080000 		.4byte	0x8f3
 1370 071c 2B070000 		.4byte	0x72b
 1371 0720 1A       		.uleb128 0x1a
 1372 0721 01       		.byte	0x1
 1373 0722 51       		.byte	0x51
 1374 0723 01       		.byte	0x1
 1375 0724 40       		.byte	0x40
 1376 0725 1A       		.uleb128 0x1a
 1377 0726 01       		.byte	0x1
 1378 0727 50       		.byte	0x50
 1379 0728 01       		.byte	0x1
 1380 0729 37       		.byte	0x37
 1381 072a 00       		.byte	0
 1382 072b 19       		.uleb128 0x19
 1383 072c 28000000 		.4byte	.LVL8
 1384 0730 F3080000 		.4byte	0x8f3
 1385 0734 45070000 		.4byte	0x745
 1386 0738 1A       		.uleb128 0x1a
 1387 0739 01       		.byte	0x1
 1388 073a 51       		.byte	0x51
 1389 073b 03       		.byte	0x3
 1390 073c 0A       		.byte	0xa
 1391 073d 0002     		.2byte	0x200
 1392 073f 1A       		.uleb128 0x1a
 1393 0740 01       		.byte	0x1
 1394 0741 50       		.byte	0x50
 1395 0742 01       		.byte	0x1
 1396 0743 3A       		.byte	0x3a
 1397 0744 00       		.byte	0
 1398 0745 1B       		.uleb128 0x1b
 1399 0746 34000000 		.4byte	.LVL9
 1400 074a 01       		.byte	0x1
 1401 074b F3080000 		.4byte	0x8f3
 1402 074f 1A       		.uleb128 0x1a
 1403 0750 01       		.byte	0x1
 1404 0751 51       		.byte	0x51
 1405 0752 02       		.byte	0x2
 1406 0753 08       		.byte	0x8
 1407 0754 80       		.byte	0x80
 1408 0755 1A       		.uleb128 0x1a
 1409 0756 01       		.byte	0x1
 1410 0757 50       		.byte	0x50
 1411 0758 01       		.byte	0x1
 1412 0759 3B       		.byte	0x3b
 1413 075a 00       		.byte	0
 1414 075b 00       		.byte	0
 1415 075c 13       		.uleb128 0x13
 1416 075d 01       		.byte	0x1
ARM GAS  /tmp/cc2s4Zze.s 			page 26


 1417 075e D3010000 		.4byte	.LASF89
 1418 0762 01       		.byte	0x1
 1419 0763 94       		.byte	0x94
 1420 0764 01       		.byte	0x1
 1421 0765 00000000 		.4byte	.LFB10
 1422 0769 78000000 		.4byte	.LFE10
 1423 076d 02       		.byte	0x2
 1424 076e 7D       		.byte	0x7d
 1425 076f 00       		.sleb128 0
 1426 0770 01       		.byte	0x1
 1427 0771 C5070000 		.4byte	0x7c5
 1428 0775 1C       		.uleb128 0x1c
 1429 0776 00000000 		.4byte	.LBB3
 1430 077a 06000000 		.4byte	.LBE3
 1431 077e 92070000 		.4byte	0x792
 1432 0782 17       		.uleb128 0x17
 1433 0783 746D7000 		.ascii	"tmp\000"
 1434 0787 01       		.byte	0x1
 1435 0788 96       		.byte	0x96
 1436 0789 70000000 		.4byte	0x70
 1437 078d 53000000 		.4byte	.LLST3
 1438 0791 00       		.byte	0
 1439 0792 1D       		.uleb128 0x1d
 1440 0793 00000000 		.4byte	.Ldebug_ranges0+0
 1441 0797 AB070000 		.4byte	0x7ab
 1442 079b 15       		.uleb128 0x15
 1443 079c FD020000 		.4byte	.LASF87
 1444 07a0 01       		.byte	0x1
 1445 07a1 98       		.byte	0x98
 1446 07a2 F3060000 		.4byte	0x6f3
 1447 07a6 66000000 		.4byte	.LLST4
 1448 07aa 00       		.byte	0
 1449 07ab 16       		.uleb128 0x16
 1450 07ac 4A000000 		.4byte	.LBB5
 1451 07b0 50000000 		.4byte	.LBE5
 1452 07b4 17       		.uleb128 0x17
 1453 07b5 746D7000 		.ascii	"tmp\000"
 1454 07b9 01       		.byte	0x1
 1455 07ba C5       		.byte	0xc5
 1456 07bb 70000000 		.4byte	0x70
 1457 07bf A0000000 		.4byte	.LLST5
 1458 07c3 00       		.byte	0
 1459 07c4 00       		.byte	0
 1460 07c5 18       		.uleb128 0x18
 1461 07c6 01       		.byte	0x1
 1462 07c7 31000000 		.4byte	.LASF90
 1463 07cb 01       		.byte	0x1
 1464 07cc 2F       		.byte	0x2f
 1465 07cd 01       		.byte	0x1
 1466 07ce 00000000 		.4byte	.LFB7
 1467 07d2 2A000000 		.4byte	.LFE7
 1468 07d6 B3000000 		.4byte	.LLST6
 1469 07da 01       		.byte	0x1
 1470 07db 51080000 		.4byte	0x851
 1471 07df 1C       		.uleb128 0x1c
 1472 07e0 06000000 		.4byte	.LBB7
 1473 07e4 0C000000 		.4byte	.LBE7
ARM GAS  /tmp/cc2s4Zze.s 			page 27


 1474 07e8 FC070000 		.4byte	0x7fc
 1475 07ec 17       		.uleb128 0x17
 1476 07ed 746D7000 		.ascii	"tmp\000"
 1477 07f1 01       		.byte	0x1
 1478 07f2 33       		.byte	0x33
 1479 07f3 70000000 		.4byte	0x70
 1480 07f7 D3000000 		.4byte	.LLST7
 1481 07fb 00       		.byte	0
 1482 07fc 1C       		.uleb128 0x1c
 1483 07fd 18000000 		.4byte	.LBB8
 1484 0801 1E000000 		.4byte	.LBE8
 1485 0805 19080000 		.4byte	0x819
 1486 0809 17       		.uleb128 0x17
 1487 080a 746D7000 		.ascii	"tmp\000"
 1488 080e 01       		.byte	0x1
 1489 080f 35       		.byte	0x35
 1490 0810 70000000 		.4byte	0x70
 1491 0814 E6000000 		.4byte	.LLST8
 1492 0818 00       		.byte	0
 1493 0819 14       		.uleb128 0x14
 1494 081a 06000000 		.4byte	.LVL19
 1495 081e 0D090000 		.4byte	0x90d
 1496 0822 14       		.uleb128 0x14
 1497 0823 10000000 		.4byte	.LVL22
 1498 0827 17090000 		.4byte	0x917
 1499 082b 14       		.uleb128 0x14
 1500 082c 14000000 		.4byte	.LVL23
 1501 0830 21090000 		.4byte	0x921
 1502 0834 14       		.uleb128 0x14
 1503 0835 18000000 		.4byte	.LVL24
 1504 0839 2B090000 		.4byte	0x92b
 1505 083d 14       		.uleb128 0x14
 1506 083e 22000000 		.4byte	.LVL27
 1507 0842 35090000 		.4byte	0x935
 1508 0846 1E       		.uleb128 0x1e
 1509 0847 2A000000 		.4byte	.LVL28
 1510 084b 01       		.byte	0x1
 1511 084c 5C070000 		.4byte	0x75c
 1512 0850 00       		.byte	0
 1513 0851 13       		.uleb128 0x13
 1514 0852 01       		.byte	0x1
 1515 0853 62010000 		.4byte	.LASF91
 1516 0857 01       		.byte	0x1
 1517 0858 EC       		.byte	0xec
 1518 0859 01       		.byte	0x1
 1519 085a 00000000 		.4byte	.LFB12
 1520 085e 10000000 		.4byte	.LFE12
 1521 0862 02       		.byte	0x2
 1522 0863 7D       		.byte	0x7d
 1523 0864 00       		.sleb128 0
 1524 0865 01       		.byte	0x1
 1525 0866 85080000 		.4byte	0x885
 1526 086a 1F       		.uleb128 0x1f
 1527 086b 6E747000 		.ascii	"ntp\000"
 1528 086f 01       		.byte	0x1
 1529 0870 EC       		.byte	0xec
 1530 0871 48020000 		.4byte	0x248
ARM GAS  /tmp/cc2s4Zze.s 			page 28


 1531 0875 01       		.byte	0x1
 1532 0876 50       		.byte	0x50
 1533 0877 1F       		.uleb128 0x1f
 1534 0878 6F747000 		.ascii	"otp\000"
 1535 087c 01       		.byte	0x1
 1536 087d EC       		.byte	0xec
 1537 087e 48020000 		.4byte	0x248
 1538 0882 01       		.byte	0x1
 1539 0883 51       		.byte	0x51
 1540 0884 00       		.byte	0
 1541 0885 20       		.uleb128 0x20
 1542 0886 01       		.byte	0x1
 1543 0887 C2000000 		.4byte	.LASF92
 1544 088b 01       		.byte	0x1
 1545 088c 0301     		.2byte	0x103
 1546 088e 01       		.byte	0x1
 1547 088f 00000000 		.4byte	.LFB13
 1548 0893 16000000 		.4byte	.LFE13
 1549 0897 F9000000 		.4byte	.LLST9
 1550 089b 01       		.byte	0x1
 1551 089c C8080000 		.4byte	0x8c8
 1552 08a0 1C       		.uleb128 0x1c
 1553 08a1 06000000 		.4byte	.LBB9
 1554 08a5 0C000000 		.4byte	.LBE9
 1555 08a9 BE080000 		.4byte	0x8be
 1556 08ad 21       		.uleb128 0x21
 1557 08ae 746D7000 		.ascii	"tmp\000"
 1558 08b2 01       		.byte	0x1
 1559 08b3 0501     		.2byte	0x105
 1560 08b5 70000000 		.4byte	0x70
 1561 08b9 19010000 		.4byte	.LLST10
 1562 08bd 00       		.byte	0
 1563 08be 14       		.uleb128 0x14
 1564 08bf 06000000 		.4byte	.LVL30
 1565 08c3 E9080000 		.4byte	0x8e9
 1566 08c7 00       		.byte	0
 1567 08c8 22       		.uleb128 0x22
 1568 08c9 4A040000 		.4byte	.LASF104
 1569 08cd 08       		.byte	0x8
 1570 08ce 72       		.byte	0x72
 1571 08cf D6050000 		.4byte	0x5d6
 1572 08d3 01       		.byte	0x1
 1573 08d4 01       		.byte	0x1
 1574 08d5 23       		.uleb128 0x23
 1575 08d6 01       		.byte	0x1
 1576 08d7 69020000 		.4byte	.LASF93
 1577 08db 0A       		.byte	0xa
 1578 08dc E2       		.byte	0xe2
 1579 08dd 01       		.byte	0x1
 1580 08de 01       		.byte	0x1
 1581 08df 23       		.uleb128 0x23
 1582 08e0 01       		.byte	0x1
 1583 08e1 10010000 		.4byte	.LASF94
 1584 08e5 08       		.byte	0x8
 1585 08e6 A5       		.byte	0xa5
 1586 08e7 01       		.byte	0x1
 1587 08e8 01       		.byte	0x1
ARM GAS  /tmp/cc2s4Zze.s 			page 29


 1588 08e9 23       		.uleb128 0x23
 1589 08ea 01       		.byte	0x1
 1590 08eb AA020000 		.4byte	.LASF95
 1591 08ef 0A       		.byte	0xa
 1592 08f0 E3       		.byte	0xe3
 1593 08f1 01       		.byte	0x1
 1594 08f2 01       		.byte	0x1
 1595 08f3 24       		.uleb128 0x24
 1596 08f4 01       		.byte	0x1
 1597 08f5 EA000000 		.4byte	.LASF105
 1598 08f9 07       		.byte	0x7
 1599 08fa 2501     		.2byte	0x125
 1600 08fc 01       		.byte	0x1
 1601 08fd 01       		.byte	0x1
 1602 08fe 0D090000 		.4byte	0x90d
 1603 0902 25       		.uleb128 0x25
 1604 0903 70000000 		.4byte	0x70
 1605 0907 25       		.uleb128 0x25
 1606 0908 70000000 		.4byte	0x70
 1607 090c 00       		.byte	0
 1608 090d 23       		.uleb128 0x23
 1609 090e 01       		.byte	0x1
 1610 090f 22010000 		.4byte	.LASF96
 1611 0913 0A       		.byte	0xa
 1612 0914 E6       		.byte	0xe6
 1613 0915 01       		.byte	0x1
 1614 0916 01       		.byte	0x1
 1615 0917 23       		.uleb128 0x23
 1616 0918 01       		.byte	0x1
 1617 0919 63040000 		.4byte	.LASF97
 1618 091d 0A       		.byte	0xa
 1619 091e E4       		.byte	0xe4
 1620 091f 01       		.byte	0x1
 1621 0920 01       		.byte	0x1
 1622 0921 23       		.uleb128 0x23
 1623 0922 01       		.byte	0x1
 1624 0923 1E000000 		.4byte	.LASF98
 1625 0927 0B       		.byte	0xb
 1626 0928 F7       		.byte	0xf7
 1627 0929 01       		.byte	0x1
 1628 092a 01       		.byte	0x1
 1629 092b 23       		.uleb128 0x23
 1630 092c 01       		.byte	0x1
 1631 092d 86000000 		.4byte	.LASF99
 1632 0931 0A       		.byte	0xa
 1633 0932 E5       		.byte	0xe5
 1634 0933 01       		.byte	0x1
 1635 0934 01       		.byte	0x1
 1636 0935 23       		.uleb128 0x23
 1637 0936 01       		.byte	0x1
 1638 0937 0E040000 		.4byte	.LASF100
 1639 093b 0A       		.byte	0xa
 1640 093c E7       		.byte	0xe7
 1641 093d 01       		.byte	0x1
 1642 093e 01       		.byte	0x1
 1643 093f 00       		.byte	0
 1644              		.section	.debug_abbrev,"",%progbits
ARM GAS  /tmp/cc2s4Zze.s 			page 30


 1645              	.Ldebug_abbrev0:
 1646 0000 01       		.uleb128 0x1
 1647 0001 11       		.uleb128 0x11
 1648 0002 01       		.byte	0x1
 1649 0003 25       		.uleb128 0x25
 1650 0004 0E       		.uleb128 0xe
 1651 0005 13       		.uleb128 0x13
 1652 0006 0B       		.uleb128 0xb
 1653 0007 03       		.uleb128 0x3
 1654 0008 0E       		.uleb128 0xe
 1655 0009 1B       		.uleb128 0x1b
 1656 000a 0E       		.uleb128 0xe
 1657 000b 55       		.uleb128 0x55
 1658 000c 06       		.uleb128 0x6
 1659 000d 11       		.uleb128 0x11
 1660 000e 01       		.uleb128 0x1
 1661 000f 52       		.uleb128 0x52
 1662 0010 01       		.uleb128 0x1
 1663 0011 10       		.uleb128 0x10
 1664 0012 06       		.uleb128 0x6
 1665 0013 00       		.byte	0
 1666 0014 00       		.byte	0
 1667 0015 02       		.uleb128 0x2
 1668 0016 24       		.uleb128 0x24
 1669 0017 00       		.byte	0
 1670 0018 0B       		.uleb128 0xb
 1671 0019 0B       		.uleb128 0xb
 1672 001a 3E       		.uleb128 0x3e
 1673 001b 0B       		.uleb128 0xb
 1674 001c 03       		.uleb128 0x3
 1675 001d 08       		.uleb128 0x8
 1676 001e 00       		.byte	0
 1677 001f 00       		.byte	0
 1678 0020 03       		.uleb128 0x3
 1679 0021 24       		.uleb128 0x24
 1680 0022 00       		.byte	0
 1681 0023 0B       		.uleb128 0xb
 1682 0024 0B       		.uleb128 0xb
 1683 0025 3E       		.uleb128 0x3e
 1684 0026 0B       		.uleb128 0xb
 1685 0027 03       		.uleb128 0x3
 1686 0028 0E       		.uleb128 0xe
 1687 0029 00       		.byte	0
 1688 002a 00       		.byte	0
 1689 002b 04       		.uleb128 0x4
 1690 002c 16       		.uleb128 0x16
 1691 002d 00       		.byte	0
 1692 002e 03       		.uleb128 0x3
 1693 002f 0E       		.uleb128 0xe
 1694 0030 3A       		.uleb128 0x3a
 1695 0031 0B       		.uleb128 0xb
 1696 0032 3B       		.uleb128 0x3b
 1697 0033 0B       		.uleb128 0xb
 1698 0034 49       		.uleb128 0x49
 1699 0035 13       		.uleb128 0x13
 1700 0036 00       		.byte	0
 1701 0037 00       		.byte	0
ARM GAS  /tmp/cc2s4Zze.s 			page 31


 1702 0038 05       		.uleb128 0x5
 1703 0039 13       		.uleb128 0x13
 1704 003a 01       		.byte	0x1
 1705 003b 03       		.uleb128 0x3
 1706 003c 0E       		.uleb128 0xe
 1707 003d 0B       		.uleb128 0xb
 1708 003e 0B       		.uleb128 0xb
 1709 003f 3A       		.uleb128 0x3a
 1710 0040 0B       		.uleb128 0xb
 1711 0041 3B       		.uleb128 0x3b
 1712 0042 0B       		.uleb128 0xb
 1713 0043 01       		.uleb128 0x1
 1714 0044 13       		.uleb128 0x13
 1715 0045 00       		.byte	0
 1716 0046 00       		.byte	0
 1717 0047 06       		.uleb128 0x6
 1718 0048 0D       		.uleb128 0xd
 1719 0049 00       		.byte	0
 1720 004a 03       		.uleb128 0x3
 1721 004b 0E       		.uleb128 0xe
 1722 004c 3A       		.uleb128 0x3a
 1723 004d 0B       		.uleb128 0xb
 1724 004e 3B       		.uleb128 0x3b
 1725 004f 0B       		.uleb128 0xb
 1726 0050 49       		.uleb128 0x49
 1727 0051 13       		.uleb128 0x13
 1728 0052 38       		.uleb128 0x38
 1729 0053 0A       		.uleb128 0xa
 1730 0054 00       		.byte	0
 1731 0055 00       		.byte	0
 1732 0056 07       		.uleb128 0x7
 1733 0057 0D       		.uleb128 0xd
 1734 0058 00       		.byte	0
 1735 0059 03       		.uleb128 0x3
 1736 005a 08       		.uleb128 0x8
 1737 005b 3A       		.uleb128 0x3a
 1738 005c 0B       		.uleb128 0xb
 1739 005d 3B       		.uleb128 0x3b
 1740 005e 0B       		.uleb128 0xb
 1741 005f 49       		.uleb128 0x49
 1742 0060 13       		.uleb128 0x13
 1743 0061 38       		.uleb128 0x38
 1744 0062 0A       		.uleb128 0xa
 1745 0063 00       		.byte	0
 1746 0064 00       		.byte	0
 1747 0065 08       		.uleb128 0x8
 1748 0066 13       		.uleb128 0x13
 1749 0067 01       		.byte	0x1
 1750 0068 0B       		.uleb128 0xb
 1751 0069 0B       		.uleb128 0xb
 1752 006a 3A       		.uleb128 0x3a
 1753 006b 0B       		.uleb128 0xb
 1754 006c 3B       		.uleb128 0x3b
 1755 006d 0B       		.uleb128 0xb
 1756 006e 01       		.uleb128 0x1
 1757 006f 13       		.uleb128 0x13
 1758 0070 00       		.byte	0
ARM GAS  /tmp/cc2s4Zze.s 			page 32


 1759 0071 00       		.byte	0
 1760 0072 09       		.uleb128 0x9
 1761 0073 0F       		.uleb128 0xf
 1762 0074 00       		.byte	0
 1763 0075 0B       		.uleb128 0xb
 1764 0076 0B       		.uleb128 0xb
 1765 0077 49       		.uleb128 0x49
 1766 0078 13       		.uleb128 0x13
 1767 0079 00       		.byte	0
 1768 007a 00       		.byte	0
 1769 007b 0A       		.uleb128 0xa
 1770 007c 0F       		.uleb128 0xf
 1771 007d 00       		.byte	0
 1772 007e 0B       		.uleb128 0xb
 1773 007f 0B       		.uleb128 0xb
 1774 0080 00       		.byte	0
 1775 0081 00       		.byte	0
 1776 0082 0B       		.uleb128 0xb
 1777 0083 0D       		.uleb128 0xd
 1778 0084 00       		.byte	0
 1779 0085 03       		.uleb128 0x3
 1780 0086 08       		.uleb128 0x8
 1781 0087 3A       		.uleb128 0x3a
 1782 0088 0B       		.uleb128 0xb
 1783 0089 3B       		.uleb128 0x3b
 1784 008a 05       		.uleb128 0x5
 1785 008b 49       		.uleb128 0x49
 1786 008c 13       		.uleb128 0x13
 1787 008d 38       		.uleb128 0x38
 1788 008e 0A       		.uleb128 0xa
 1789 008f 00       		.byte	0
 1790 0090 00       		.byte	0
 1791 0091 0C       		.uleb128 0xc
 1792 0092 13       		.uleb128 0x13
 1793 0093 01       		.byte	0x1
 1794 0094 03       		.uleb128 0x3
 1795 0095 0E       		.uleb128 0xe
 1796 0096 0B       		.uleb128 0xb
 1797 0097 0B       		.uleb128 0xb
 1798 0098 3A       		.uleb128 0x3a
 1799 0099 0B       		.uleb128 0xb
 1800 009a 3B       		.uleb128 0x3b
 1801 009b 05       		.uleb128 0x5
 1802 009c 01       		.uleb128 0x1
 1803 009d 13       		.uleb128 0x13
 1804 009e 00       		.byte	0
 1805 009f 00       		.byte	0
 1806 00a0 0D       		.uleb128 0xd
 1807 00a1 35       		.uleb128 0x35
 1808 00a2 00       		.byte	0
 1809 00a3 49       		.uleb128 0x49
 1810 00a4 13       		.uleb128 0x13
 1811 00a5 00       		.byte	0
 1812 00a6 00       		.byte	0
 1813 00a7 0E       		.uleb128 0xe
 1814 00a8 01       		.uleb128 0x1
 1815 00a9 01       		.byte	0x1
ARM GAS  /tmp/cc2s4Zze.s 			page 33


 1816 00aa 49       		.uleb128 0x49
 1817 00ab 13       		.uleb128 0x13
 1818 00ac 01       		.uleb128 0x1
 1819 00ad 13       		.uleb128 0x13
 1820 00ae 00       		.byte	0
 1821 00af 00       		.byte	0
 1822 00b0 0F       		.uleb128 0xf
 1823 00b1 21       		.uleb128 0x21
 1824 00b2 00       		.byte	0
 1825 00b3 49       		.uleb128 0x49
 1826 00b4 13       		.uleb128 0x13
 1827 00b5 2F       		.uleb128 0x2f
 1828 00b6 0B       		.uleb128 0xb
 1829 00b7 00       		.byte	0
 1830 00b8 00       		.byte	0
 1831 00b9 10       		.uleb128 0x10
 1832 00ba 17       		.uleb128 0x17
 1833 00bb 01       		.byte	0x1
 1834 00bc 0B       		.uleb128 0xb
 1835 00bd 0B       		.uleb128 0xb
 1836 00be 3A       		.uleb128 0x3a
 1837 00bf 0B       		.uleb128 0xb
 1838 00c0 3B       		.uleb128 0x3b
 1839 00c1 0B       		.uleb128 0xb
 1840 00c2 01       		.uleb128 0x1
 1841 00c3 13       		.uleb128 0x13
 1842 00c4 00       		.byte	0
 1843 00c5 00       		.byte	0
 1844 00c6 11       		.uleb128 0x11
 1845 00c7 0D       		.uleb128 0xd
 1846 00c8 00       		.byte	0
 1847 00c9 03       		.uleb128 0x3
 1848 00ca 0E       		.uleb128 0xe
 1849 00cb 3A       		.uleb128 0x3a
 1850 00cc 0B       		.uleb128 0xb
 1851 00cd 3B       		.uleb128 0x3b
 1852 00ce 0B       		.uleb128 0xb
 1853 00cf 49       		.uleb128 0x49
 1854 00d0 13       		.uleb128 0x13
 1855 00d1 00       		.byte	0
 1856 00d2 00       		.byte	0
 1857 00d3 12       		.uleb128 0x12
 1858 00d4 26       		.uleb128 0x26
 1859 00d5 00       		.byte	0
 1860 00d6 49       		.uleb128 0x49
 1861 00d7 13       		.uleb128 0x13
 1862 00d8 00       		.byte	0
 1863 00d9 00       		.byte	0
 1864 00da 13       		.uleb128 0x13
 1865 00db 2E       		.uleb128 0x2e
 1866 00dc 01       		.byte	0x1
 1867 00dd 3F       		.uleb128 0x3f
 1868 00de 0C       		.uleb128 0xc
 1869 00df 03       		.uleb128 0x3
 1870 00e0 0E       		.uleb128 0xe
 1871 00e1 3A       		.uleb128 0x3a
 1872 00e2 0B       		.uleb128 0xb
ARM GAS  /tmp/cc2s4Zze.s 			page 34


 1873 00e3 3B       		.uleb128 0x3b
 1874 00e4 0B       		.uleb128 0xb
 1875 00e5 27       		.uleb128 0x27
 1876 00e6 0C       		.uleb128 0xc
 1877 00e7 11       		.uleb128 0x11
 1878 00e8 01       		.uleb128 0x1
 1879 00e9 12       		.uleb128 0x12
 1880 00ea 01       		.uleb128 0x1
 1881 00eb 40       		.uleb128 0x40
 1882 00ec 0A       		.uleb128 0xa
 1883 00ed 9742     		.uleb128 0x2117
 1884 00ef 0C       		.uleb128 0xc
 1885 00f0 01       		.uleb128 0x1
 1886 00f1 13       		.uleb128 0x13
 1887 00f2 00       		.byte	0
 1888 00f3 00       		.byte	0
 1889 00f4 14       		.uleb128 0x14
 1890 00f5 898201   		.uleb128 0x4109
 1891 00f8 00       		.byte	0
 1892 00f9 11       		.uleb128 0x11
 1893 00fa 01       		.uleb128 0x1
 1894 00fb 31       		.uleb128 0x31
 1895 00fc 13       		.uleb128 0x13
 1896 00fd 00       		.byte	0
 1897 00fe 00       		.byte	0
 1898 00ff 15       		.uleb128 0x15
 1899 0100 34       		.uleb128 0x34
 1900 0101 00       		.byte	0
 1901 0102 03       		.uleb128 0x3
 1902 0103 0E       		.uleb128 0xe
 1903 0104 3A       		.uleb128 0x3a
 1904 0105 0B       		.uleb128 0xb
 1905 0106 3B       		.uleb128 0x3b
 1906 0107 0B       		.uleb128 0xb
 1907 0108 49       		.uleb128 0x49
 1908 0109 13       		.uleb128 0x13
 1909 010a 02       		.uleb128 0x2
 1910 010b 06       		.uleb128 0x6
 1911 010c 00       		.byte	0
 1912 010d 00       		.byte	0
 1913 010e 16       		.uleb128 0x16
 1914 010f 0B       		.uleb128 0xb
 1915 0110 01       		.byte	0x1
 1916 0111 11       		.uleb128 0x11
 1917 0112 01       		.uleb128 0x1
 1918 0113 12       		.uleb128 0x12
 1919 0114 01       		.uleb128 0x1
 1920 0115 00       		.byte	0
 1921 0116 00       		.byte	0
 1922 0117 17       		.uleb128 0x17
 1923 0118 34       		.uleb128 0x34
 1924 0119 00       		.byte	0
 1925 011a 03       		.uleb128 0x3
 1926 011b 08       		.uleb128 0x8
 1927 011c 3A       		.uleb128 0x3a
 1928 011d 0B       		.uleb128 0xb
 1929 011e 3B       		.uleb128 0x3b
ARM GAS  /tmp/cc2s4Zze.s 			page 35


 1930 011f 0B       		.uleb128 0xb
 1931 0120 49       		.uleb128 0x49
 1932 0121 13       		.uleb128 0x13
 1933 0122 02       		.uleb128 0x2
 1934 0123 06       		.uleb128 0x6
 1935 0124 00       		.byte	0
 1936 0125 00       		.byte	0
 1937 0126 18       		.uleb128 0x18
 1938 0127 2E       		.uleb128 0x2e
 1939 0128 01       		.byte	0x1
 1940 0129 3F       		.uleb128 0x3f
 1941 012a 0C       		.uleb128 0xc
 1942 012b 03       		.uleb128 0x3
 1943 012c 0E       		.uleb128 0xe
 1944 012d 3A       		.uleb128 0x3a
 1945 012e 0B       		.uleb128 0xb
 1946 012f 3B       		.uleb128 0x3b
 1947 0130 0B       		.uleb128 0xb
 1948 0131 27       		.uleb128 0x27
 1949 0132 0C       		.uleb128 0xc
 1950 0133 11       		.uleb128 0x11
 1951 0134 01       		.uleb128 0x1
 1952 0135 12       		.uleb128 0x12
 1953 0136 01       		.uleb128 0x1
 1954 0137 40       		.uleb128 0x40
 1955 0138 06       		.uleb128 0x6
 1956 0139 9742     		.uleb128 0x2117
 1957 013b 0C       		.uleb128 0xc
 1958 013c 01       		.uleb128 0x1
 1959 013d 13       		.uleb128 0x13
 1960 013e 00       		.byte	0
 1961 013f 00       		.byte	0
 1962 0140 19       		.uleb128 0x19
 1963 0141 898201   		.uleb128 0x4109
 1964 0144 01       		.byte	0x1
 1965 0145 11       		.uleb128 0x11
 1966 0146 01       		.uleb128 0x1
 1967 0147 31       		.uleb128 0x31
 1968 0148 13       		.uleb128 0x13
 1969 0149 01       		.uleb128 0x1
 1970 014a 13       		.uleb128 0x13
 1971 014b 00       		.byte	0
 1972 014c 00       		.byte	0
 1973 014d 1A       		.uleb128 0x1a
 1974 014e 8A8201   		.uleb128 0x410a
 1975 0151 00       		.byte	0
 1976 0152 02       		.uleb128 0x2
 1977 0153 0A       		.uleb128 0xa
 1978 0154 9142     		.uleb128 0x2111
 1979 0156 0A       		.uleb128 0xa
 1980 0157 00       		.byte	0
 1981 0158 00       		.byte	0
 1982 0159 1B       		.uleb128 0x1b
 1983 015a 898201   		.uleb128 0x4109
 1984 015d 01       		.byte	0x1
 1985 015e 11       		.uleb128 0x11
 1986 015f 01       		.uleb128 0x1
ARM GAS  /tmp/cc2s4Zze.s 			page 36


 1987 0160 9542     		.uleb128 0x2115
 1988 0162 0C       		.uleb128 0xc
 1989 0163 31       		.uleb128 0x31
 1990 0164 13       		.uleb128 0x13
 1991 0165 00       		.byte	0
 1992 0166 00       		.byte	0
 1993 0167 1C       		.uleb128 0x1c
 1994 0168 0B       		.uleb128 0xb
 1995 0169 01       		.byte	0x1
 1996 016a 11       		.uleb128 0x11
 1997 016b 01       		.uleb128 0x1
 1998 016c 12       		.uleb128 0x12
 1999 016d 01       		.uleb128 0x1
 2000 016e 01       		.uleb128 0x1
 2001 016f 13       		.uleb128 0x13
 2002 0170 00       		.byte	0
 2003 0171 00       		.byte	0
 2004 0172 1D       		.uleb128 0x1d
 2005 0173 0B       		.uleb128 0xb
 2006 0174 01       		.byte	0x1
 2007 0175 55       		.uleb128 0x55
 2008 0176 06       		.uleb128 0x6
 2009 0177 01       		.uleb128 0x1
 2010 0178 13       		.uleb128 0x13
 2011 0179 00       		.byte	0
 2012 017a 00       		.byte	0
 2013 017b 1E       		.uleb128 0x1e
 2014 017c 898201   		.uleb128 0x4109
 2015 017f 00       		.byte	0
 2016 0180 11       		.uleb128 0x11
 2017 0181 01       		.uleb128 0x1
 2018 0182 9542     		.uleb128 0x2115
 2019 0184 0C       		.uleb128 0xc
 2020 0185 31       		.uleb128 0x31
 2021 0186 13       		.uleb128 0x13
 2022 0187 00       		.byte	0
 2023 0188 00       		.byte	0
 2024 0189 1F       		.uleb128 0x1f
 2025 018a 05       		.uleb128 0x5
 2026 018b 00       		.byte	0
 2027 018c 03       		.uleb128 0x3
 2028 018d 08       		.uleb128 0x8
 2029 018e 3A       		.uleb128 0x3a
 2030 018f 0B       		.uleb128 0xb
 2031 0190 3B       		.uleb128 0x3b
 2032 0191 0B       		.uleb128 0xb
 2033 0192 49       		.uleb128 0x49
 2034 0193 13       		.uleb128 0x13
 2035 0194 02       		.uleb128 0x2
 2036 0195 0A       		.uleb128 0xa
 2037 0196 00       		.byte	0
 2038 0197 00       		.byte	0
 2039 0198 20       		.uleb128 0x20
 2040 0199 2E       		.uleb128 0x2e
 2041 019a 01       		.byte	0x1
 2042 019b 3F       		.uleb128 0x3f
 2043 019c 0C       		.uleb128 0xc
ARM GAS  /tmp/cc2s4Zze.s 			page 37


 2044 019d 03       		.uleb128 0x3
 2045 019e 0E       		.uleb128 0xe
 2046 019f 3A       		.uleb128 0x3a
 2047 01a0 0B       		.uleb128 0xb
 2048 01a1 3B       		.uleb128 0x3b
 2049 01a2 05       		.uleb128 0x5
 2050 01a3 27       		.uleb128 0x27
 2051 01a4 0C       		.uleb128 0xc
 2052 01a5 11       		.uleb128 0x11
 2053 01a6 01       		.uleb128 0x1
 2054 01a7 12       		.uleb128 0x12
 2055 01a8 01       		.uleb128 0x1
 2056 01a9 40       		.uleb128 0x40
 2057 01aa 06       		.uleb128 0x6
 2058 01ab 9742     		.uleb128 0x2117
 2059 01ad 0C       		.uleb128 0xc
 2060 01ae 01       		.uleb128 0x1
 2061 01af 13       		.uleb128 0x13
 2062 01b0 00       		.byte	0
 2063 01b1 00       		.byte	0
 2064 01b2 21       		.uleb128 0x21
 2065 01b3 34       		.uleb128 0x34
 2066 01b4 00       		.byte	0
 2067 01b5 03       		.uleb128 0x3
 2068 01b6 08       		.uleb128 0x8
 2069 01b7 3A       		.uleb128 0x3a
 2070 01b8 0B       		.uleb128 0xb
 2071 01b9 3B       		.uleb128 0x3b
 2072 01ba 05       		.uleb128 0x5
 2073 01bb 49       		.uleb128 0x49
 2074 01bc 13       		.uleb128 0x13
 2075 01bd 02       		.uleb128 0x2
 2076 01be 06       		.uleb128 0x6
 2077 01bf 00       		.byte	0
 2078 01c0 00       		.byte	0
 2079 01c1 22       		.uleb128 0x22
 2080 01c2 34       		.uleb128 0x34
 2081 01c3 00       		.byte	0
 2082 01c4 03       		.uleb128 0x3
 2083 01c5 0E       		.uleb128 0xe
 2084 01c6 3A       		.uleb128 0x3a
 2085 01c7 0B       		.uleb128 0xb
 2086 01c8 3B       		.uleb128 0x3b
 2087 01c9 0B       		.uleb128 0xb
 2088 01ca 49       		.uleb128 0x49
 2089 01cb 13       		.uleb128 0x13
 2090 01cc 3F       		.uleb128 0x3f
 2091 01cd 0C       		.uleb128 0xc
 2092 01ce 3C       		.uleb128 0x3c
 2093 01cf 0C       		.uleb128 0xc
 2094 01d0 00       		.byte	0
 2095 01d1 00       		.byte	0
 2096 01d2 23       		.uleb128 0x23
 2097 01d3 2E       		.uleb128 0x2e
 2098 01d4 00       		.byte	0
 2099 01d5 3F       		.uleb128 0x3f
 2100 01d6 0C       		.uleb128 0xc
ARM GAS  /tmp/cc2s4Zze.s 			page 38


 2101 01d7 03       		.uleb128 0x3
 2102 01d8 0E       		.uleb128 0xe
 2103 01d9 3A       		.uleb128 0x3a
 2104 01da 0B       		.uleb128 0xb
 2105 01db 3B       		.uleb128 0x3b
 2106 01dc 0B       		.uleb128 0xb
 2107 01dd 27       		.uleb128 0x27
 2108 01de 0C       		.uleb128 0xc
 2109 01df 3C       		.uleb128 0x3c
 2110 01e0 0C       		.uleb128 0xc
 2111 01e1 00       		.byte	0
 2112 01e2 00       		.byte	0
 2113 01e3 24       		.uleb128 0x24
 2114 01e4 2E       		.uleb128 0x2e
 2115 01e5 01       		.byte	0x1
 2116 01e6 3F       		.uleb128 0x3f
 2117 01e7 0C       		.uleb128 0xc
 2118 01e8 03       		.uleb128 0x3
 2119 01e9 0E       		.uleb128 0xe
 2120 01ea 3A       		.uleb128 0x3a
 2121 01eb 0B       		.uleb128 0xb
 2122 01ec 3B       		.uleb128 0x3b
 2123 01ed 05       		.uleb128 0x5
 2124 01ee 27       		.uleb128 0x27
 2125 01ef 0C       		.uleb128 0xc
 2126 01f0 3C       		.uleb128 0x3c
 2127 01f1 0C       		.uleb128 0xc
 2128 01f2 01       		.uleb128 0x1
 2129 01f3 13       		.uleb128 0x13
 2130 01f4 00       		.byte	0
 2131 01f5 00       		.byte	0
 2132 01f6 25       		.uleb128 0x25
 2133 01f7 05       		.uleb128 0x5
 2134 01f8 00       		.byte	0
 2135 01f9 49       		.uleb128 0x49
 2136 01fa 13       		.uleb128 0x13
 2137 01fb 00       		.byte	0
 2138 01fc 00       		.byte	0
 2139 01fd 00       		.byte	0
 2140              		.section	.debug_loc,"",%progbits
 2141              	.Ldebug_loc0:
 2142              	.LLST0:
 2143 0000 04000000 		.4byte	.LVL3
 2144 0004 06000000 		.4byte	.LVL4
 2145 0008 0300     		.2byte	0x3
 2146 000a 73       		.byte	0x73
 2147 000b 20       		.sleb128 32
 2148 000c 9F       		.byte	0x9f
 2149 000d 06000000 		.4byte	.LVL4
 2150 0011 0C000000 		.4byte	.LVL5
 2151 0015 0100     		.2byte	0x1
 2152 0017 53       		.byte	0x53
 2153 0018 00000000 		.4byte	0
 2154 001c 00000000 		.4byte	0
 2155              	.LLST1:
 2156 0020 10000000 		.4byte	.LVL6
 2157 0024 12000000 		.4byte	.LFE8
ARM GAS  /tmp/cc2s4Zze.s 			page 39


 2158 0028 0100     		.2byte	0x1
 2159 002a 53       		.byte	0x53
 2160 002b 00000000 		.4byte	0
 2161 002f 00000000 		.4byte	0
 2162              	.LLST2:
 2163 0033 00000000 		.4byte	.LFB9
 2164 0037 02000000 		.4byte	.LCFI0
 2165 003b 0200     		.2byte	0x2
 2166 003d 7D       		.byte	0x7d
 2167 003e 00       		.sleb128 0
 2168 003f 02000000 		.4byte	.LCFI0
 2169 0043 34000000 		.4byte	.LFE9
 2170 0047 0200     		.2byte	0x2
 2171 0049 7D       		.byte	0x7d
 2172 004a 08       		.sleb128 8
 2173 004b 00000000 		.4byte	0
 2174 004f 00000000 		.4byte	0
 2175              	.LLST3:
 2176 0053 06000000 		.4byte	.LVL11
 2177 0057 0A000000 		.4byte	.LVL12
 2178 005b 0100     		.2byte	0x1
 2179 005d 53       		.byte	0x53
 2180 005e 00000000 		.4byte	0
 2181 0062 00000000 		.4byte	0
 2182              	.LLST4:
 2183 0066 1A000000 		.4byte	.LVL13
 2184 006a 1E000000 		.4byte	.LVL14
 2185 006e 0300     		.2byte	0x3
 2186 0070 73       		.byte	0x73
 2187 0071 60       		.sleb128 -32
 2188 0072 9F       		.byte	0x9f
 2189 0073 1E000000 		.4byte	.LVL14
 2190 0077 24000000 		.4byte	.LVL15
 2191 007b 0100     		.2byte	0x1
 2192 007d 52       		.byte	0x52
 2193 007e 24000000 		.4byte	.LVL15
 2194 0082 4A000000 		.4byte	.LVL16
 2195 0086 0300     		.2byte	0x3
 2196 0088 73       		.byte	0x73
 2197 0089 60       		.sleb128 -32
 2198 008a 9F       		.byte	0x9f
 2199 008b 50000000 		.4byte	.LVL18
 2200 008f 78000000 		.4byte	.LFE10
 2201 0093 0300     		.2byte	0x3
 2202 0095 73       		.byte	0x73
 2203 0096 60       		.sleb128 -32
 2204 0097 9F       		.byte	0x9f
 2205 0098 00000000 		.4byte	0
 2206 009c 00000000 		.4byte	0
 2207              	.LLST5:
 2208 00a0 4E000000 		.4byte	.LVL17
 2209 00a4 50000000 		.4byte	.LVL18
 2210 00a8 0100     		.2byte	0x1
 2211 00aa 53       		.byte	0x53
 2212 00ab 00000000 		.4byte	0
 2213 00af 00000000 		.4byte	0
 2214              	.LLST6:
ARM GAS  /tmp/cc2s4Zze.s 			page 40


 2215 00b3 00000000 		.4byte	.LFB7
 2216 00b7 02000000 		.4byte	.LCFI1
 2217 00bb 0200     		.2byte	0x2
 2218 00bd 7D       		.byte	0x7d
 2219 00be 00       		.sleb128 0
 2220 00bf 02000000 		.4byte	.LCFI1
 2221 00c3 2A000000 		.4byte	.LFE7
 2222 00c7 0200     		.2byte	0x2
 2223 00c9 7D       		.byte	0x7d
 2224 00ca 08       		.sleb128 8
 2225 00cb 00000000 		.4byte	0
 2226 00cf 00000000 		.4byte	0
 2227              	.LLST7:
 2228 00d3 0C000000 		.4byte	.LVL21
 2229 00d7 0F000000 		.4byte	.LVL22-1
 2230 00db 0100     		.2byte	0x1
 2231 00dd 53       		.byte	0x53
 2232 00de 00000000 		.4byte	0
 2233 00e2 00000000 		.4byte	0
 2234              	.LLST8:
 2235 00e6 1E000000 		.4byte	.LVL26
 2236 00ea 21000000 		.4byte	.LVL27-1
 2237 00ee 0100     		.2byte	0x1
 2238 00f0 53       		.byte	0x53
 2239 00f1 00000000 		.4byte	0
 2240 00f5 00000000 		.4byte	0
 2241              	.LLST9:
 2242 00f9 00000000 		.4byte	.LFB13
 2243 00fd 02000000 		.4byte	.LCFI2
 2244 0101 0200     		.2byte	0x2
 2245 0103 7D       		.byte	0x7d
 2246 0104 00       		.sleb128 0
 2247 0105 02000000 		.4byte	.LCFI2
 2248 0109 16000000 		.4byte	.LFE13
 2249 010d 0200     		.2byte	0x2
 2250 010f 7D       		.byte	0x7d
 2251 0110 08       		.sleb128 8
 2252 0111 00000000 		.4byte	0
 2253 0115 00000000 		.4byte	0
 2254              	.LLST10:
 2255 0119 0C000000 		.4byte	.LVL32
 2256 011d 16000000 		.4byte	.LFE13
 2257 0121 0100     		.2byte	0x1
 2258 0123 53       		.byte	0x53
 2259 0124 00000000 		.4byte	0
 2260 0128 00000000 		.4byte	0
 2261              		.section	.debug_aranges,"",%progbits
 2262 0000 4C000000 		.4byte	0x4c
 2263 0004 0200     		.2byte	0x2
 2264 0006 00000000 		.4byte	.Ldebug_info0
 2265 000a 04       		.byte	0x4
 2266 000b 00       		.byte	0
 2267 000c 0000     		.2byte	0
 2268 000e 0000     		.2byte	0
 2269 0010 00000000 		.4byte	.LFB11
 2270 0014 0E000000 		.4byte	.LFE11-.LFB11
 2271 0018 00000000 		.4byte	.LFB8
ARM GAS  /tmp/cc2s4Zze.s 			page 41


 2272 001c 12000000 		.4byte	.LFE8-.LFB8
 2273 0020 00000000 		.4byte	.LFB9
 2274 0024 34000000 		.4byte	.LFE9-.LFB9
 2275 0028 00000000 		.4byte	.LFB10
 2276 002c 78000000 		.4byte	.LFE10-.LFB10
 2277 0030 00000000 		.4byte	.LFB7
 2278 0034 2A000000 		.4byte	.LFE7-.LFB7
 2279 0038 00000000 		.4byte	.LFB12
 2280 003c 10000000 		.4byte	.LFE12-.LFB12
 2281 0040 00000000 		.4byte	.LFB13
 2282 0044 16000000 		.4byte	.LFE13-.LFB13
 2283 0048 00000000 		.4byte	0
 2284 004c 00000000 		.4byte	0
 2285              		.section	.debug_ranges,"",%progbits
 2286              	.Ldebug_ranges0:
 2287 0000 16000000 		.4byte	.LBB4
 2288 0004 4A000000 		.4byte	.LBE4
 2289 0008 50000000 		.4byte	.LBB6
 2290 000c 78000000 		.4byte	.LBE6
 2291 0010 00000000 		.4byte	0
 2292 0014 00000000 		.4byte	0
 2293 0018 00000000 		.4byte	.LFB11
 2294 001c 0E000000 		.4byte	.LFE11
 2295 0020 00000000 		.4byte	.LFB8
 2296 0024 12000000 		.4byte	.LFE8
 2297 0028 00000000 		.4byte	.LFB9
 2298 002c 34000000 		.4byte	.LFE9
 2299 0030 00000000 		.4byte	.LFB10
 2300 0034 78000000 		.4byte	.LFE10
 2301 0038 00000000 		.4byte	.LFB7
 2302 003c 2A000000 		.4byte	.LFE7
 2303 0040 00000000 		.4byte	.LFB12
 2304 0044 10000000 		.4byte	.LFE12
 2305 0048 00000000 		.4byte	.LFB13
 2306 004c 16000000 		.4byte	.LFE13
 2307 0050 00000000 		.4byte	0
 2308 0054 00000000 		.4byte	0
 2309              		.section	.debug_line,"",%progbits
 2310              	.Ldebug_line0:
 2311 0000 F3010000 		.section	.debug_str,"MS",%progbits,1
 2311      02003A01 
 2311      00000201 
 2311      FB0E0D00 
 2311      01010101 
 2312              	.LASF36:
 2313 0000 705F6D73 		.ascii	"p_msg\000"
 2313      6700
 2314              	.LASF80:
 2315 0006 7264796D 		.ascii	"rdymsg\000"
 2315      736700
 2316              	.LASF11:
 2317 000d 75696E74 		.ascii	"uint64_t\000"
 2317      36345F74 
 2317      00
 2318              	.LASF67:
 2319 0016 434D785F 		.ascii	"CMx_SCB\000"
 2319      53434200 
ARM GAS  /tmp/cc2s4Zze.s 			page 42


 2320              	.LASF98:
 2321 001e 63685379 		.ascii	"chSysTimerHandlerI\000"
 2321      7354696D 
 2321      65724861 
 2321      6E646C65 
 2321      724900
 2322              	.LASF90:
 2323 0031 53797354 		.ascii	"SysTickVector\000"
 2323      69636B56 
 2323      6563746F 
 2323      7200
 2324              	.LASF12:
 2325 003f 6C6F6E67 		.ascii	"long long unsigned int\000"
 2325      206C6F6E 
 2325      6720756E 
 2325      7369676E 
 2325      65642069 
 2326              	.LASF81:
 2327 0056 65786974 		.ascii	"exitcode\000"
 2327      636F6465 
 2327      00
 2328              	.LASF52:
 2329 005f 43505549 		.ascii	"CPUID\000"
 2329      4400
 2330              	.LASF24:
 2331 0065 705F7072 		.ascii	"p_prio\000"
 2331      696F00
 2332              	.LASF10:
 2333 006c 6C6F6E67 		.ascii	"long long int\000"
 2333      206C6F6E 
 2333      6720696E 
 2333      7400
 2334              	.LASF1:
 2335 007a 7369676E 		.ascii	"signed char\000"
 2335      65642063 
 2335      68617200 
 2336              	.LASF99:
 2337 0086 6462675F 		.ascii	"dbg_check_unlock_from_isr\000"
 2337      63686563 
 2337      6B5F756E 
 2337      6C6F636B 
 2337      5F66726F 
 2338              	.LASF40:
 2339 00a0 705F6D70 		.ascii	"p_mpool\000"
 2339      6F6F6C00 
 2340              	.LASF77:
 2341 00a8 6D5F7175 		.ascii	"m_queue\000"
 2341      65756500 
 2342              	.LASF7:
 2343 00b0 6C6F6E67 		.ascii	"long int\000"
 2343      20696E74 
 2343      00
 2344              	.LASF14:
 2345 00b9 74737461 		.ascii	"tstate_t\000"
 2345      74655F74 
 2345      00
 2346              	.LASF92:
ARM GAS  /tmp/cc2s4Zze.s 			page 43


 2347 00c2 5F706F72 		.ascii	"_port_thread_start\000"
 2347      745F7468 
 2347      72656164 
 2347      5F737461 
 2347      727400
 2348              	.LASF26:
 2349 00d5 705F6E65 		.ascii	"p_newer\000"
 2349      77657200 
 2350              	.LASF62:
 2351 00dd 42464152 		.ascii	"BFAR\000"
 2351      00
 2352              	.LASF71:
 2353 00e2 725F6E65 		.ascii	"r_newer\000"
 2353      77657200 
 2354              	.LASF105:
 2355 00ea 6E766963 		.ascii	"nvicSetSystemHandlerPriority\000"
 2355      53657453 
 2355      79737465 
 2355      6D48616E 
 2355      646C6572 
 2356              	.LASF43:
 2357 0107 72656761 		.ascii	"regarm_t\000"
 2357      726D5F74 
 2357      00
 2358              	.LASF94:
 2359 0110 63685363 		.ascii	"chSchDoReschedule\000"
 2359      68446F52 
 2359      65736368 
 2359      6564756C 
 2359      6500
 2360              	.LASF96:
 2361 0122 6462675F 		.ascii	"dbg_check_enter_isr\000"
 2361      63686563 
 2361      6B5F656E 
 2361      7465725F 
 2361      69737200 
 2362              	.LASF20:
 2363 0136 636E745F 		.ascii	"cnt_t\000"
 2363      7400
 2364              	.LASF29:
 2365 013c 705F7374 		.ascii	"p_stklimit\000"
 2365      6B6C696D 
 2365      697400
 2366              	.LASF0:
 2367 0147 756E7369 		.ascii	"unsigned int\000"
 2367      676E6564 
 2367      20696E74 
 2367      00
 2368              	.LASF46:
 2369 0154 6C725F74 		.ascii	"lr_thd\000"
 2369      686400
 2370              	.LASF45:
 2371 015b 65787463 		.ascii	"extctx\000"
 2371      747800
 2372              	.LASF91:
 2373 0162 5F706F72 		.ascii	"_port_switch\000"
 2373      745F7377 
ARM GAS  /tmp/cc2s4Zze.s 			page 44


 2373      69746368 
 2373      00
 2374              	.LASF9:
 2375 016f 6C6F6E67 		.ascii	"long unsigned int\000"
 2375      20756E73 
 2375      69676E65 
 2375      6420696E 
 2375      7400
 2376              	.LASF54:
 2377 0181 56544F52 		.ascii	"VTOR\000"
 2377      00
 2378              	.LASF85:
 2379 0186 5F706F72 		.ascii	"_port_switch_from_isr\000"
 2379      745F7377 
 2379      69746368 
 2379      5F66726F 
 2379      6D5F6973 
 2380              	.LASF49:
 2381 019c 636F6E74 		.ascii	"context\000"
 2381      65787400 
 2382              	.LASF4:
 2383 01a4 73686F72 		.ascii	"short unsigned int\000"
 2383      7420756E 
 2383      7369676E 
 2383      65642069 
 2383      6E7400
 2384              	.LASF53:
 2385 01b7 49435352 		.ascii	"ICSR\000"
 2385      00
 2386              	.LASF17:
 2387 01bc 6D73675F 		.ascii	"msg_t\000"
 2387      7400
 2388              	.LASF55:
 2389 01c2 41495243 		.ascii	"AIRCR\000"
 2389      5200
 2390              	.LASF60:
 2391 01c8 44465352 		.ascii	"DFSR\000"
 2391      00
 2392              	.LASF61:
 2393 01cd 4D4D4641 		.ascii	"MMFAR\000"
 2393      5200
 2394              	.LASF89:
 2395 01d3 5F706F72 		.ascii	"_port_irq_epilogue\000"
 2395      745F6972 
 2395      715F6570 
 2395      696C6F67 
 2395      756500
 2396              	.LASF13:
 2397 01e6 746D6F64 		.ascii	"tmode_t\000"
 2397      655F7400 
 2398              	.LASF42:
 2399 01ee 54687265 		.ascii	"ThreadsList\000"
 2399      6164734C 
 2399      69737400 
 2400              	.LASF18:
 2401 01fa 6576656E 		.ascii	"eventmask_t\000"
 2401      746D6173 
ARM GAS  /tmp/cc2s4Zze.s 			page 45


 2401      6B5F7400 
 2402              	.LASF76:
 2403 0206 4D757465 		.ascii	"Mutex\000"
 2403      7800
 2404              	.LASF101:
 2405 020c 474E5520 		.ascii	"GNU C 4.7.4 20130613 (release) [ARM/embedded-4_7-br"
 2405      4320342E 
 2405      372E3420 
 2405      32303133 
 2405      30363133 
 2406 023f 616E6368 		.ascii	"anch revision 200083]\000"
 2406      20726576 
 2406      6973696F 
 2406      6E203230 
 2406      30303833 
 2407              	.LASF44:
 2408 0255 73746B61 		.ascii	"stkalign_t\000"
 2408      6C69676E 
 2408      5F7400
 2409              	.LASF51:
 2410 0260 73697A65 		.ascii	"sizetype\000"
 2410      74797065 
 2410      00
 2411              	.LASF93:
 2412 0269 6462675F 		.ascii	"dbg_check_lock\000"
 2412      63686563 
 2412      6B5F6C6F 
 2412      636B00
 2413              	.LASF58:
 2414 0278 43465352 		.ascii	"CFSR\000"
 2414      00
 2415              	.LASF27:
 2416 027d 705F6F6C 		.ascii	"p_older\000"
 2416      64657200 
 2417              	.LASF70:
 2418 0285 725F6374 		.ascii	"r_ctx\000"
 2418      7800
 2419              	.LASF41:
 2420 028b 54687265 		.ascii	"ThreadsQueue\000"
 2420      61647351 
 2420      75657565 
 2420      00
 2421              	.LASF74:
 2422 0298 725F6375 		.ascii	"r_current\000"
 2422      7272656E 
 2422      7400
 2423              	.LASF72:
 2424 02a2 725F6F6C 		.ascii	"r_older\000"
 2424      64657200 
 2425              	.LASF95:
 2426 02aa 6462675F 		.ascii	"dbg_check_unlock\000"
 2426      63686563 
 2426      6B5F756E 
 2426      6C6F636B 
 2426      00
 2427              	.LASF103:
 2428 02bb 2F686F6D 		.ascii	"/home/kaklik/git/mlab-chibios/demos/STM32F107-seria"
ARM GAS  /tmp/cc2s4Zze.s 			page 46


 2428      652F6B61 
 2428      6B6C696B 
 2428      2F676974 
 2428      2F6D6C61 
 2429 02ee 6C736865 		.ascii	"lshell\000"
 2429      6C6C00
 2430              	.LASF15:
 2431 02f5 74726566 		.ascii	"trefs_t\000"
 2431      735F7400 
 2432              	.LASF87:
 2433 02fd 63747870 		.ascii	"ctxp\000"
 2433      00
 2434              	.LASF23:
 2435 0302 705F7072 		.ascii	"p_prev\000"
 2435      657600
 2436              	.LASF16:
 2437 0309 74707269 		.ascii	"tprio_t\000"
 2437      6F5F7400 
 2438              	.LASF6:
 2439 0311 696E7433 		.ascii	"int32_t\000"
 2439      325F7400 
 2440              	.LASF2:
 2441 0319 756E7369 		.ascii	"unsigned char\000"
 2441      676E6564 
 2441      20636861 
 2441      7200
 2442              	.LASF57:
 2443 0327 53484353 		.ascii	"SHCSR\000"
 2443      5200
 2444              	.LASF38:
 2445 032d 705F6D74 		.ascii	"p_mtxlist\000"
 2445      786C6973 
 2445      7400
 2446              	.LASF3:
 2447 0337 73686F72 		.ascii	"short int\000"
 2447      7420696E 
 2447      7400
 2448              	.LASF30:
 2449 0341 705F7374 		.ascii	"p_state\000"
 2449      61746500 
 2450              	.LASF47:
 2451 0349 78707372 		.ascii	"xpsr\000"
 2451      00
 2452              	.LASF69:
 2453 034e 725F7072 		.ascii	"r_prio\000"
 2453      696F00
 2454              	.LASF83:
 2455 0355 65776D61 		.ascii	"ewmask\000"
 2455      736B00
 2456              	.LASF22:
 2457 035c 705F6E65 		.ascii	"p_next\000"
 2457      787400
 2458              	.LASF31:
 2459 0363 705F666C 		.ascii	"p_flags\000"
 2459      61677300 
 2460              	.LASF21:
 2461 036b 54687265 		.ascii	"Thread\000"
ARM GAS  /tmp/cc2s4Zze.s 			page 47


 2461      616400
 2462              	.LASF37:
 2463 0372 705F6570 		.ascii	"p_epending\000"
 2463      656E6469 
 2463      6E6700
 2464              	.LASF8:
 2465 037d 75696E74 		.ascii	"uint32_t\000"
 2465      33325F74 
 2465      00
 2466              	.LASF68:
 2467 0386 725F7175 		.ascii	"r_queue\000"
 2467      65756500 
 2468              	.LASF63:
 2469 038e 41465352 		.ascii	"AFSR\000"
 2469      00
 2470              	.LASF65:
 2471 0393 756E7573 		.ascii	"unused1\000"
 2471      65643100 
 2472              	.LASF84:
 2473 039b 63686172 		.ascii	"char\000"
 2473      00
 2474              	.LASF50:
 2475 03a0 494F5245 		.ascii	"IOREG32\000"
 2475      47333200 
 2476              	.LASF102:
 2477 03a8 2E2E2F2E 		.ascii	"../../os/ports/GCC/ARMCMx/chcore_v7m.c\000"
 2477      2E2F6F73 
 2477      2F706F72 
 2477      74732F47 
 2477      43432F41 
 2478              	.LASF79:
 2479 03cf 6D5F6E65 		.ascii	"m_next\000"
 2479      787400
 2480              	.LASF19:
 2481 03d6 73797374 		.ascii	"systime_t\000"
 2481      696D655F 
 2481      7400
 2482              	.LASF39:
 2483 03e0 705F7265 		.ascii	"p_realprio\000"
 2483      616C7072 
 2483      696F00
 2484              	.LASF86:
 2485 03eb 53564361 		.ascii	"SVCallVector\000"
 2485      6C6C5665 
 2485      63746F72 
 2485      00
 2486              	.LASF73:
 2487 03f8 725F7072 		.ascii	"r_preempt\000"
 2487      65656D70 
 2487      7400
 2488              	.LASF33:
 2489 0402 705F7469 		.ascii	"p_time\000"
 2489      6D6500
 2490              	.LASF56:
 2491 0409 53485052 		.ascii	"SHPR\000"
 2491      00
 2492              	.LASF100:
ARM GAS  /tmp/cc2s4Zze.s 			page 48


 2493 040e 6462675F 		.ascii	"dbg_check_leave_isr\000"
 2493      63686563 
 2493      6B5F6C65 
 2493      6176655F 
 2493      69737200 
 2494              	.LASF48:
 2495 0422 696E7463 		.ascii	"intctx\000"
 2495      747800
 2496              	.LASF35:
 2497 0429 705F6D73 		.ascii	"p_msgqueue\000"
 2497      67717565 
 2497      756500
 2498              	.LASF32:
 2499 0434 705F7265 		.ascii	"p_refs\000"
 2499      667300
 2500              	.LASF75:
 2501 043b 52656164 		.ascii	"ReadyList\000"
 2501      794C6973 
 2501      7400
 2502              	.LASF64:
 2503 0445 4D4D4652 		.ascii	"MMFR\000"
 2503      00
 2504              	.LASF104:
 2505 044a 726C6973 		.ascii	"rlist\000"
 2505      7400
 2506              	.LASF5:
 2507 0450 75696E74 		.ascii	"uint8_t\000"
 2507      385F7400 
 2508              	.LASF88:
 2509 0458 5F706F72 		.ascii	"_port_init\000"
 2509      745F696E 
 2509      697400
 2510              	.LASF97:
 2511 0463 6462675F 		.ascii	"dbg_check_lock_from_isr\000"
 2511      63686563 
 2511      6B5F6C6F 
 2511      636B5F66 
 2511      726F6D5F 
 2512              	.LASF82:
 2513 047b 77746F62 		.ascii	"wtobjp\000"
 2513      6A7000
 2514              	.LASF28:
 2515 0482 705F6E61 		.ascii	"p_name\000"
 2515      6D6500
 2516              	.LASF66:
 2517 0489 43504143 		.ascii	"CPACR\000"
 2517      5200
 2518              	.LASF59:
 2519 048f 48465352 		.ascii	"HFSR\000"
 2519      00
 2520              	.LASF78:
 2521 0494 6D5F6F77 		.ascii	"m_owner\000"
 2521      6E657200 
 2522              	.LASF25:
 2523 049c 705F6374 		.ascii	"p_ctx\000"
 2523      7800
 2524              	.LASF34:
ARM GAS  /tmp/cc2s4Zze.s 			page 49


 2525 04a2 705F7761 		.ascii	"p_waiting\000"
 2525      6974696E 
 2525      6700
 2526              		.ident	"GCC: (GNU Tools for ARM Embedded Processors) 4.7.4 20130613 (release) [ARM/embedded-4_7-br
ARM GAS  /tmp/cc2s4Zze.s 			page 50


DEFINED SYMBOLS
                            *ABS*:00000000 chcore_v7m.c
     /tmp/cc2s4Zze.s:19     .text._port_switch_from_isr:00000000 $t
     /tmp/cc2s4Zze.s:25     .text._port_switch_from_isr:00000000 _port_switch_from_isr
     /tmp/cc2s4Zze.s:44     .text._port_switch_from_isr:0000000c _port_exit_from_isr
     /tmp/cc2s4Zze.s:56     .text.SVCallVector:00000000 $t
     /tmp/cc2s4Zze.s:62     .text.SVCallVector:00000000 SVCallVector
     /tmp/cc2s4Zze.s:98     .text._port_init:00000000 $t
     /tmp/cc2s4Zze.s:104    .text._port_init:00000000 _port_init
     /tmp/cc2s4Zze.s:150    .text._port_irq_epilogue:00000000 $t
     /tmp/cc2s4Zze.s:156    .text._port_irq_epilogue:00000000 _port_irq_epilogue
     /tmp/cc2s4Zze.s:255    .text._port_irq_epilogue:0000006c $d
     /tmp/cc2s4Zze.s:263    .text.SysTickVector:00000000 $t
     /tmp/cc2s4Zze.s:269    .text.SysTickVector:00000000 SysTickVector
     /tmp/cc2s4Zze.s:322    .text._port_switch:00000000 $t
     /tmp/cc2s4Zze.s:328    .text._port_switch:00000000 _port_switch
     /tmp/cc2s4Zze.s:355    .text._port_thread_start:00000000 $t
     /tmp/cc2s4Zze.s:361    .text._port_thread_start:00000000 _port_thread_start
                     .debug_frame:00000010 $d
     /tmp/cc2s4Zze.s:262    .text._port_irq_epilogue:00000078 $t

UNDEFINED SYMBOLS
dbg_check_lock
chSchDoReschedule
dbg_check_unlock
nvicSetSystemHandlerPriority
rlist
dbg_check_enter_isr
dbg_check_lock_from_isr
chSysTimerHandlerI
dbg_check_unlock_from_isr
dbg_check_leave_isr
chThdExit
