ARM GAS  /var/folders/dt/0wfd0knj7gs46m8vwfzktm600000gn/T//ccBRTFkL.s 			page 1


   1              		.syntax unified
   2              		.cpu cortex-m3
   3              		.fpu softvfp
   4              		.eabi_attribute 20, 1
   5              		.eabi_attribute 21, 1
   6              		.eabi_attribute 23, 3
   7              		.eabi_attribute 24, 1
   8              		.eabi_attribute 25, 1
   9              		.eabi_attribute 26, 1
  10              		.eabi_attribute 30, 2
  11              		.eabi_attribute 34, 1
  12              		.eabi_attribute 18, 4
  13              		.thumb
  14              		.file	"chheap.c"
  15              		.text
  16              	.Ltext0:
  17              		.cfi_sections	.debug_frame
  18              		.section	.text._heap_init,"ax",%progbits
  19              		.align	2
  20              		.p2align 4,,15
  21              		.global	_heap_init
  22              		.thumb
  23              		.thumb_func
  24              		.type	_heap_init, %function
  25              	_heap_init:
  26              	.LFB7:
  27              		.file 1 "../../os/kernel/src/chheap.c"
  28              		.loc 1 75 0
  29              		.cfi_startproc
  30              		@ args = 0, pretend = 0, frame = 0
  31              		@ frame_needed = 0, uses_anonymous_args = 0
  32              		@ link register save eliminated.
  33              		.loc 1 76 0
  34 0000 40F20003 		movw	r3, #:lower16:.LANCHOR0
  35 0004 C0F20003 		movt	r3, #:upper16:.LANCHOR0
  36 0008 40F20001 		movw	r1, #:lower16:chCoreAlloc
  37              		.loc 1 77 0
  38 000c 0022     		movs	r2, #0
  39              		.loc 1 76 0
  40 000e C0F20001 		movt	r1, #:upper16:chCoreAlloc
  41              		.loc 1 80 0
  42 0012 03F11000 		add	r0, r3, #16
  43              		.loc 1 76 0
  44 0016 1960     		str	r1, [r3, #0]
  45              		.loc 1 77 0
  46 0018 9A60     		str	r2, [r3, #8]
  47              		.loc 1 78 0
  48 001a DA60     		str	r2, [r3, #12]
  49              		.loc 1 84 0
  50              		.loc 1 80 0
  51 001c FFF7FEBF 		b	chMtxInit
  52              	.LVL0:
  53              		.cfi_endproc
  54              	.LFE7:
  55              		.size	_heap_init, .-_heap_init
  56              		.section	.text.chHeapInit,"ax",%progbits
  57              		.align	2
ARM GAS  /var/folders/dt/0wfd0knj7gs46m8vwfzktm600000gn/T//ccBRTFkL.s 			page 2


  58              		.p2align 4,,15
  59              		.global	chHeapInit
  60              		.thumb
  61              		.thumb_func
  62              		.type	chHeapInit, %function
  63              	chHeapInit:
  64              	.LFB8:
  65              		.loc 1 99 0
  66              		.cfi_startproc
  67              		@ args = 0, pretend = 0, frame = 0
  68              		@ frame_needed = 0, uses_anonymous_args = 0
  69              	.LVL1:
  70 0000 70B5     		push	{r4, r5, r6, lr}
  71              	.LCFI0:
  72              		.cfi_def_cfa_offset 16
  73              		.cfi_offset 4, -16
  74              		.cfi_offset 5, -12
  75              		.cfi_offset 6, -8
  76              		.cfi_offset 14, -4
  77              		.loc 1 99 0
  78 0002 1646     		mov	r6, r2
  79              		.loc 1 102 0
  80 0004 4A07     		lsls	r2, r1, #29
  81              	.LVL2:
  82              		.loc 1 99 0
  83 0006 0D46     		mov	r5, r1
  84 0008 0446     		mov	r4, r0
  85              		.loc 1 102 0
  86 000a 01D1     		bne	.L3
  87              		.loc 1 102 0 is_stmt 0 discriminator 2
  88 000c 7307     		lsls	r3, r6, #29
  89 000e 02D0     		beq	.L4
  90              	.L3:
  91              		.loc 1 102 0 discriminator 1
  92 0010 0748     		ldr	r0, .L9
  93              	.LVL3:
  94 0012 FFF7FEFF 		bl	chDbgPanic
  95              	.LVL4:
  96              	.L4:
  97              		.loc 1 104 0 is_stmt 1
  98 0016 0023     		movs	r3, #0
  99              		.loc 1 108 0
 100 0018 083E     		subs	r6, r6, #8
 101              	.LVL5:
 102              		.loc 1 110 0
 103 001a 04F11000 		add	r0, r4, #16
 104              		.loc 1 104 0
 105 001e 2360     		str	r3, [r4, #0]
 106              	.LVL6:
 107              		.loc 1 105 0
 108 0020 A560     		str	r5, [r4, #8]
 109              		.loc 1 106 0
 110 0022 E360     		str	r3, [r4, #12]
 111              		.loc 1 108 0
 112 0024 85E84800 		stmia	r5, {r3, r6}
 113              		.loc 1 114 0
 114 0028 BDE87040 		pop	{r4, r5, r6, lr}
ARM GAS  /var/folders/dt/0wfd0knj7gs46m8vwfzktm600000gn/T//ccBRTFkL.s 			page 3


 115              		.loc 1 110 0
 116 002c FFF7FEBF 		b	chMtxInit
 117              	.LVL7:
 118              	.L10:
 119              		.align	2
 120              	.L9:
 121 0030 00000000 		.word	.LC0
 122              		.cfi_endproc
 123              	.LFE8:
 124              		.size	chHeapInit, .-chHeapInit
 125 0034 AFF30080 		.section	.text.chHeapAlloc,"ax",%progbits
 125      AFF30080 
 125      AFF30080 
 126              		.align	2
 127              		.p2align 4,,15
 128              		.global	chHeapAlloc
 129              		.thumb
 130              		.thumb_func
 131              		.type	chHeapAlloc, %function
 132              	chHeapAlloc:
 133              	.LFB9:
 134              		.loc 1 132 0
 135              		.cfi_startproc
 136              		@ args = 0, pretend = 0, frame = 0
 137              		@ frame_needed = 0, uses_anonymous_args = 0
 138              	.LVL8:
 139 0000 F8B5     		push	{r3, r4, r5, r6, r7, lr}
 140              	.LCFI1:
 141              		.cfi_def_cfa_offset 24
 142              		.cfi_offset 3, -24
 143              		.cfi_offset 4, -20
 144              		.cfi_offset 5, -16
 145              		.cfi_offset 6, -12
 146              		.cfi_offset 7, -8
 147              		.cfi_offset 14, -4
 148              		.loc 1 136 0
 149 0002 1F4E     		ldr	r6, .L27
 150              		.loc 1 138 0
 151 0004 0731     		adds	r1, r1, #7
 152              	.LVL9:
 153              		.loc 1 136 0
 154 0006 0028     		cmp	r0, #0
 155 0008 18BF     		it	ne
 156 000a 0646     		movne	r6, r0
 157              	.LVL10:
 158              		.loc 1 140 0
 159 000c 06F11000 		add	r0, r6, #16
 160              		.loc 1 138 0
 161 0010 21F00705 		bic	r5, r1, #7
 162              	.LVL11:
 163              		.loc 1 139 0
 164 0014 06F10804 		add	r4, r6, #8
 165              	.LVL12:
 166              		.loc 1 140 0
 167 0018 FFF7FEFF 		bl	chMtxLock
 168              	.LVL13:
 169              		.loc 1 142 0
ARM GAS  /var/folders/dt/0wfd0knj7gs46m8vwfzktm600000gn/T//ccBRTFkL.s 			page 4


 170 001c 00E0     		b	.L13
 171              	.LVL14:
 172              	.L21:
 173              		.loc 1 144 0
 174 001e 1C46     		mov	r4, r3
 175              	.LVL15:
 176              	.L13:
 177              		.loc 1 142 0 discriminator 1
 178 0020 2368     		ldr	r3, [r4, #0]
 179              	.LVL16:
 180 0022 E3B1     		cbz	r3, .L25
 181              		.loc 1 144 0
 182 0024 5A68     		ldr	r2, [r3, #4]
 183 0026 9542     		cmp	r5, r2
 184 0028 F9D8     		bhi	.L21
 185              		.loc 1 145 0
 186 002a 05F10801 		add	r1, r5, #8
 187 002e 9142     		cmp	r1, r2
 188 0030 12D8     		bhi	.L26
 189              		.loc 1 155 0
 190 0032 4FF6F870 		movw	r0, #65528
 191 0036 CFF6FF70 		movt	r0, 65535
 192 003a 401B     		subs	r0, r0, r5
 193 003c 8218     		adds	r2, r0, r2
 194              		.loc 1 154 0
 195 003e 1868     		ldr	r0, [r3, #0]
 196              		.loc 1 153 0
 197 0040 5F18     		adds	r7, r3, r1
 198              	.LVL17:
 199              		.loc 1 154 0
 200 0042 5850     		str	r0, [r3, r1]
 201              		.loc 1 155 0
 202 0044 7A60     		str	r2, [r7, #4]
 203              		.loc 1 156 0
 204 0046 2760     		str	r7, [r4, #0]
 205              		.loc 1 157 0
 206 0048 5D60     		str	r5, [r3, #4]
 207              	.LVL18:
 208              	.L15:
 209              		.loc 1 159 0
 210 004a 1C46     		mov	r4, r3
 211              	.LVL19:
 212 004c 44F8086B 		str	r6, [r4], #8
 213              		.loc 1 161 0
 214 0050 FFF7FEFF 		bl	chMtxUnlock
 215              	.LVL20:
 216              	.L16:
 217              		.loc 1 181 0
 218 0054 2046     		mov	r0, r4
 219 0056 F8BD     		pop	{r3, r4, r5, r6, r7, pc}
 220              	.LVL21:
 221              	.L26:
 222              		.loc 1 149 0
 223 0058 1A68     		ldr	r2, [r3, #0]
 224 005a 2260     		str	r2, [r4, #0]
 225 005c F5E7     		b	.L15
 226              	.L25:
ARM GAS  /var/folders/dt/0wfd0knj7gs46m8vwfzktm600000gn/T//ccBRTFkL.s 			page 5


 227              		.loc 1 167 0
 228 005e FFF7FEFF 		bl	chMtxUnlock
 229              	.LVL22:
 230              		.loc 1 171 0
 231 0062 3368     		ldr	r3, [r6, #0]
 232 0064 4BB1     		cbz	r3, .L19
 233              		.loc 1 172 0
 234 0066 05F10800 		add	r0, r5, #8
 235 006a 9847     		blx	r3
 236              	.LVL23:
 237              		.loc 1 173 0
 238 006c 28B1     		cbz	r0, .L19
 239              		.loc 1 177 0
 240 006e 00F10804 		add	r4, r0, #8
 241              	.LVL24:
 242              		.loc 1 174 0
 243 0072 0660     		str	r6, [r0, #0]
 244              		.loc 1 175 0
 245 0074 4560     		str	r5, [r0, #4]
 246              	.LVL25:
 247              		.loc 1 181 0
 248 0076 2046     		mov	r0, r4
 249 0078 F8BD     		pop	{r3, r4, r5, r6, r7, pc}
 250              	.LVL26:
 251              	.L19:
 252              		.loc 1 180 0
 253 007a 0024     		movs	r4, #0
 254              	.LVL27:
 255 007c EAE7     		b	.L16
 256              	.L28:
 257 007e 00BF     		.align	2
 258              	.L27:
 259 0080 00000000 		.word	.LANCHOR0
 260              		.cfi_endproc
 261              	.LFE9:
 262              		.size	chHeapAlloc, .-chHeapAlloc
 263 0084 AFF30080 		.section	.text.chHeapFree,"ax",%progbits
 263      AFF30080 
 263      AFF30080 
 264              		.align	2
 265              		.p2align 4,,15
 266              		.global	chHeapFree
 267              		.thumb
 268              		.thumb_func
 269              		.type	chHeapFree, %function
 270              	chHeapFree:
 271              	.LFB10:
 272              		.loc 1 194 0
 273              		.cfi_startproc
 274              		@ args = 0, pretend = 0, frame = 0
 275              		@ frame_needed = 0, uses_anonymous_args = 0
 276              	.LVL28:
 277 0000 F8B5     		push	{r3, r4, r5, r6, r7, lr}
 278              	.LCFI2:
 279              		.cfi_def_cfa_offset 24
 280              		.cfi_offset 3, -24
 281              		.cfi_offset 4, -20
ARM GAS  /var/folders/dt/0wfd0knj7gs46m8vwfzktm600000gn/T//ccBRTFkL.s 			page 6


 282              		.cfi_offset 5, -16
 283              		.cfi_offset 6, -12
 284              		.cfi_offset 7, -8
 285              		.cfi_offset 14, -4
 286              		.loc 1 198 0
 287 0002 0746     		mov	r7, r0
 288 0004 0028     		cmp	r0, #0
 289 0006 4BD0     		beq	.L42
 290              	.LVL29:
 291              	.L30:
 292              		.loc 1 201 0
 293 0008 57F8086C 		ldr	r6, [r7, #-8]
 294              		.loc 1 200 0
 295 000c A7F10805 		sub	r5, r7, #8
 296              	.LVL30:
 297              		.loc 1 203 0
 298 0010 06F11000 		add	r0, r6, #16
 299 0014 FFF7FEFF 		bl	chMtxLock
 300              	.LVL31:
 301              		.loc 1 202 0
 302 0018 0836     		adds	r6, r6, #8
 303              	.LVL32:
 304 001a 3446     		mov	r4, r6
 305              	.LVL33:
 306              	.L38:
 307              		.loc 1 206 0
 308 001c AC42     		cmp	r4, r5
 309 001e 04D8     		bhi	.L31
 310              		.loc 1 206 0 is_stmt 0 discriminator 1
 311 0020 6368     		ldr	r3, [r4, #4]
 312 0022 0833     		adds	r3, r3, #8
 313 0024 E318     		adds	r3, r4, r3
 314 0026 9D42     		cmp	r5, r3
 315 0028 1FD3     		bcc	.L43
 316              	.L31:
 317              		.loc 1 210 0 is_stmt 1
 318 002a B442     		cmp	r4, r6
 319              		.loc 1 211 0
 320 002c 2368     		ldr	r3, [r4, #0]
 321              		.loc 1 210 0
 322 002e 01D0     		beq	.L32
 323              		.loc 1 210 0 is_stmt 0 discriminator 2
 324 0030 AC42     		cmp	r4, r5
 325 0032 02D2     		bcs	.L35
 326              	.L32:
 327              		.loc 1 210 0 discriminator 1
 328 0034 1BB1     		cbz	r3, .L34
 329              		.loc 1 211 0 is_stmt 1
 330 0036 9D42     		cmp	r5, r3
 331 0038 01D3     		bcc	.L34
 332              	.L35:
 333              	.LVL34:
 334              		.loc 1 228 0
 335 003a 1C46     		mov	r4, r3
 336              		.loc 1 229 0
 337 003c EEE7     		b	.L38
 338              	.LVL35:
ARM GAS  /var/folders/dt/0wfd0knj7gs46m8vwfzktm600000gn/T//ccBRTFkL.s 			page 7


 339              	.L34:
 340              		.loc 1 216 0
 341 003e 57F8042C 		ldr	r2, [r7, #-4]
 342              		.loc 1 213 0
 343 0042 47F8083C 		str	r3, [r7, #-8]
 344              		.loc 1 214 0
 345 0046 2560     		str	r5, [r4, #0]
 346              		.loc 1 216 0
 347 0048 02F10803 		add	r3, r2, #8
 348 004c 57F8080C 		ldr	r0, [r7, #-8]
 349 0050 E918     		adds	r1, r5, r3
 350 0052 8142     		cmp	r1, r0
 351 0054 0DD0     		beq	.L44
 352              		.loc 1 221 0
 353 0056 6368     		ldr	r3, [r4, #4]
 354 0058 03F10802 		add	r2, r3, #8
 355 005c A218     		adds	r2, r4, r2
 356 005e 9542     		cmp	r5, r2
 357 0060 15D0     		beq	.L45
 358              	.L37:
 359              		.loc 1 233 0
 360 0062 BDE8F840 		pop	{r3, r4, r5, r6, r7, lr}
 361              		.loc 1 231 0
 362 0066 FFF7FEBF 		b	chMtxUnlock
 363              	.LVL36:
 364              	.L43:
 365              		.loc 1 206 0 discriminator 2
 366 006a 0F48     		ldr	r0, .L46
 367 006c FFF7FEFF 		bl	chDbgPanic
 368              	.LVL37:
 369 0070 DBE7     		b	.L31
 370              	.L44:
 371              		.loc 1 218 0
 372 0072 4968     		ldr	r1, [r1, #4]
 373              		.loc 1 219 0
 374 0074 EB58     		ldr	r3, [r5, r3]
 375              		.loc 1 218 0
 376 0076 5218     		adds	r2, r2, r1
 377 0078 0832     		adds	r2, r2, #8
 378 007a 47F8042C 		str	r2, [r7, #-4]
 379              		.loc 1 219 0
 380 007e 47F8083C 		str	r3, [r7, #-8]
 381              		.loc 1 221 0
 382 0082 6368     		ldr	r3, [r4, #4]
 383 0084 03F10802 		add	r2, r3, #8
 384 0088 A218     		adds	r2, r4, r2
 385 008a 9542     		cmp	r5, r2
 386 008c E9D1     		bne	.L37
 387              	.L45:
 388              		.loc 1 223 0
 389 008e 57F8041C 		ldr	r1, [r7, #-4]
 390              		.loc 1 224 0
 391 0092 57F8082C 		ldr	r2, [r7, #-8]
 392              		.loc 1 223 0
 393 0096 5B18     		adds	r3, r3, r1
 394 0098 0833     		adds	r3, r3, #8
 395              		.loc 1 224 0
ARM GAS  /var/folders/dt/0wfd0knj7gs46m8vwfzktm600000gn/T//ccBRTFkL.s 			page 8


 396 009a 84E80C00 		stmia	r4, {r2, r3}
 397 009e E0E7     		b	.L37
 398              	.LVL38:
 399              	.L42:
 400              		.loc 1 198 0 discriminator 1
 401 00a0 0248     		ldr	r0, .L46+4
 402              	.LVL39:
 403 00a2 FFF7FEFF 		bl	chDbgPanic
 404              	.LVL40:
 405 00a6 AFE7     		b	.L30
 406              	.L47:
 407              		.align	2
 408              	.L46:
 409 00a8 20000000 		.word	.LC2
 410 00ac 10000000 		.word	.LC1
 411              		.cfi_endproc
 412              	.LFE10:
 413              		.size	chHeapFree, .-chHeapFree
 414              		.section	.text.chHeapStatus,"ax",%progbits
 415              		.align	2
 416              		.p2align 4,,15
 417              		.global	chHeapStatus
 418              		.thumb
 419              		.thumb_func
 420              		.type	chHeapStatus, %function
 421              	chHeapStatus:
 422              	.LFB11:
 423              		.loc 1 250 0
 424              		.cfi_startproc
 425              		@ args = 0, pretend = 0, frame = 0
 426              		@ frame_needed = 0, uses_anonymous_args = 0
 427              	.LVL41:
 428 0000 38B5     		push	{r3, r4, r5, lr}
 429              	.LCFI3:
 430              		.cfi_def_cfa_offset 16
 431              		.cfi_offset 3, -16
 432              		.cfi_offset 4, -12
 433              		.cfi_offset 5, -8
 434              		.cfi_offset 14, -4
 435              		.loc 1 255 0
 436 0002 0E4C     		ldr	r4, .L59
 437              		.loc 1 250 0
 438 0004 0D46     		mov	r5, r1
 439              		.loc 1 255 0
 440 0006 0028     		cmp	r0, #0
 441 0008 18BF     		it	ne
 442 000a 0446     		movne	r4, r0
 443              	.LVL42:
 444              		.loc 1 257 0
 445 000c 04F11000 		add	r0, r4, #16
 446 0010 FFF7FEFF 		bl	chMtxLock
 447              	.LVL43:
 448              		.loc 1 260 0
 449 0014 A368     		ldr	r3, [r4, #8]
 450 0016 6BB1     		cbz	r3, .L54
 451 0018 0022     		movs	r2, #0
 452 001a 1446     		mov	r4, r2
ARM GAS  /var/folders/dt/0wfd0knj7gs46m8vwfzktm600000gn/T//ccBRTFkL.s 			page 9


 453              	.LVL44:
 454              	.L51:
 455              		.loc 1 261 0 discriminator 2
 456 001c 5868     		ldr	r0, [r3, #4]
 457              		.loc 1 260 0 discriminator 2
 458 001e 1B68     		ldr	r3, [r3, #0]
 459              		.loc 1 261 0 discriminator 2
 460 0020 1218     		adds	r2, r2, r0
 461              	.LVL45:
 462              		.loc 1 260 0 discriminator 2
 463 0022 0134     		adds	r4, r4, #1
 464              	.LVL46:
 465 0024 002B     		cmp	r3, #0
 466 0026 F9D1     		bne	.L51
 467              	.LVL47:
 468              	.L50:
 469              		.loc 1 262 0
 470 0028 05B1     		cbz	r5, .L52
 471              		.loc 1 263 0
 472 002a 2A60     		str	r2, [r5, #0]
 473              	.L52:
 474              		.loc 1 265 0
 475 002c FFF7FEFF 		bl	chMtxUnlock
 476              	.LVL48:
 477              		.loc 1 267 0
 478 0030 2046     		mov	r0, r4
 479 0032 38BD     		pop	{r3, r4, r5, pc}
 480              	.LVL49:
 481              	.L54:
 482              		.loc 1 259 0
 483 0034 1A46     		mov	r2, r3
 484              		.loc 1 260 0
 485 0036 1C46     		mov	r4, r3
 486              	.LVL50:
 487 0038 F6E7     		b	.L50
 488              	.L60:
 489 003a 00BF     		.align	2
 490              	.L59:
 491 003c 00000000 		.word	.LANCHOR0
 492              		.cfi_endproc
 493              	.LFE11:
 494              		.size	chHeapStatus, .-chHeapStatus
 495              		.section	.rodata.str1.4,"aMS",%progbits,1
 496              		.align	2
 497              	.LC0:
 498 0000 22636848 		.ascii	"\"chHeapInit\"()\000"
 498      65617049 
 498      6E697422 
 498      282900
 499 000f 00       		.space	1
 500              	.LC1:
 501 0010 22636848 		.ascii	"\"chHeapFree\"()\000"
 501      65617046 
 501      72656522 
 501      282900
 502 001f 00       		.space	1
 503              	.LC2:
ARM GAS  /var/folders/dt/0wfd0knj7gs46m8vwfzktm600000gn/T//ccBRTFkL.s 			page 10


 504 0020 63684865 		.ascii	"chHeapFree(), #1\000"
 504      61704672 
 504      65652829 
 504      2C202331 
 504      00
 505 0031 000000   		.section	.bss.default_heap,"aw",%nobits
 506              		.align	3
 507              		.set	.LANCHOR0,. + 0
 508              		.type	default_heap, %object
 509              		.size	default_heap, 32
 510              	default_heap:
 511 0000 00000000 		.space	32
 511      00000000 
 511      00000000 
 511      00000000 
 511      00000000 
 512              		.text
 513              	.Letext0:
 514              		.file 2 "/Users/toxygen/Applications/yagarto-4.7.2/bin/../lib/gcc/arm-none-eabi/4.7.2/include/stdd
 515              		.file 3 "/Users/toxygen/Applications/yagarto-4.7.2/bin/../lib/gcc/arm-none-eabi/4.7.2/../../../../
 516              		.file 4 "../../os/ports/GCC/ARMCMx/chtypes.h"
 517              		.file 5 "../../os/kernel/include/chlists.h"
 518              		.file 6 "../../os/kernel/include/chthreads.h"
 519              		.file 7 "../../os/ports/GCC/ARMCMx/chcore_v7m.h"
 520              		.file 8 "../../os/kernel/include/chmtx.h"
 521              		.file 9 "../../os/kernel/include/chmemcore.h"
 522              		.file 10 "../../os/kernel/include/chheap.h"
 523              		.file 11 "../../os/kernel/include/chdebug.h"
 524              		.section	.debug_info,"",%progbits
 525              	.Ldebug_info0:
 526 0000 81070000 		.4byte	0x781
 527 0004 0200     		.2byte	0x2
 528 0006 00000000 		.4byte	.Ldebug_abbrev0
 529 000a 04       		.byte	0x4
 530 000b 01       		.uleb128 0x1
 531 000c AF010000 		.4byte	.LASF78
 532 0010 01       		.byte	0x1
 533 0011 C9000000 		.4byte	.LASF79
 534 0015 A3020000 		.4byte	.LASF80
 535 0019 00000000 		.4byte	.Ldebug_ranges0+0
 536 001d 00000000 		.4byte	0
 537 0021 00000000 		.4byte	0
 538 0025 00000000 		.4byte	.Ldebug_line0
 539 0029 02       		.uleb128 0x2
 540 002a 04       		.byte	0x4
 541 002b 05       		.byte	0x5
 542 002c 696E7400 		.ascii	"int\000"
 543 0030 03       		.uleb128 0x3
 544 0031 06000000 		.4byte	.LASF2
 545 0035 02       		.byte	0x2
 546 0036 D5       		.byte	0xd5
 547 0037 3B000000 		.4byte	0x3b
 548 003b 04       		.uleb128 0x4
 549 003c 04       		.byte	0x4
 550 003d 07       		.byte	0x7
 551 003e 11010000 		.4byte	.LASF0
 552 0042 04       		.uleb128 0x4
ARM GAS  /var/folders/dt/0wfd0knj7gs46m8vwfzktm600000gn/T//ccBRTFkL.s 			page 11


 553 0043 01       		.byte	0x1
 554 0044 06       		.byte	0x6
 555 0045 93000000 		.4byte	.LASF1
 556 0049 03       		.uleb128 0x3
 557 004a FB020000 		.4byte	.LASF3
 558 004e 03       		.byte	0x3
 559 004f 2A       		.byte	0x2a
 560 0050 54000000 		.4byte	0x54
 561 0054 04       		.uleb128 0x4
 562 0055 01       		.byte	0x1
 563 0056 08       		.byte	0x8
 564 0057 E5010000 		.4byte	.LASF4
 565 005b 04       		.uleb128 0x4
 566 005c 02       		.byte	0x2
 567 005d 05       		.byte	0x5
 568 005e 08020000 		.4byte	.LASF5
 569 0062 04       		.uleb128 0x4
 570 0063 02       		.byte	0x2
 571 0064 07       		.byte	0x7
 572 0065 3D010000 		.4byte	.LASF6
 573 0069 03       		.uleb128 0x3
 574 006a DD010000 		.4byte	.LASF7
 575 006e 03       		.byte	0x3
 576 006f 4F       		.byte	0x4f
 577 0070 74000000 		.4byte	0x74
 578 0074 04       		.uleb128 0x4
 579 0075 04       		.byte	0x4
 580 0076 05       		.byte	0x5
 581 0077 C0000000 		.4byte	.LASF8
 582 007b 03       		.uleb128 0x3
 583 007c 5A020000 		.4byte	.LASF9
 584 0080 03       		.byte	0x3
 585 0081 50       		.byte	0x50
 586 0082 86000000 		.4byte	0x86
 587 0086 04       		.uleb128 0x4
 588 0087 04       		.byte	0x4
 589 0088 07       		.byte	0x7
 590 0089 1E010000 		.4byte	.LASF10
 591 008d 04       		.uleb128 0x4
 592 008e 08       		.byte	0x8
 593 008f 05       		.byte	0x5
 594 0090 85000000 		.4byte	.LASF11
 595 0094 03       		.uleb128 0x3
 596 0095 14000000 		.4byte	.LASF12
 597 0099 03       		.byte	0x3
 598 009a 78       		.byte	0x78
 599 009b 9F000000 		.4byte	0x9f
 600 009f 04       		.uleb128 0x4
 601 00a0 08       		.byte	0x8
 602 00a1 07       		.byte	0x7
 603 00a2 2A000000 		.4byte	.LASF13
 604 00a6 03       		.uleb128 0x3
 605 00a7 56010000 		.4byte	.LASF14
 606 00ab 04       		.byte	0x4
 607 00ac 2F       		.byte	0x2f
 608 00ad 49000000 		.4byte	0x49
 609 00b1 03       		.uleb128 0x3
ARM GAS  /var/folders/dt/0wfd0knj7gs46m8vwfzktm600000gn/T//ccBRTFkL.s 			page 12


 610 00b2 E6000000 		.4byte	.LASF15
 611 00b6 04       		.byte	0x4
 612 00b7 30       		.byte	0x30
 613 00b8 49000000 		.4byte	0x49
 614 00bc 03       		.uleb128 0x3
 615 00bd C6010000 		.4byte	.LASF16
 616 00c1 04       		.byte	0x4
 617 00c2 31       		.byte	0x31
 618 00c3 49000000 		.4byte	0x49
 619 00c7 03       		.uleb128 0x3
 620 00c8 D5010000 		.4byte	.LASF17
 621 00cc 04       		.byte	0x4
 622 00cd 32       		.byte	0x32
 623 00ce 7B000000 		.4byte	0x7b
 624 00d2 03       		.uleb128 0x3
 625 00d3 50010000 		.4byte	.LASF18
 626 00d7 04       		.byte	0x4
 627 00d8 33       		.byte	0x33
 628 00d9 69000000 		.4byte	0x69
 629 00dd 03       		.uleb128 0x3
 630 00de 6A010000 		.4byte	.LASF19
 631 00e2 04       		.byte	0x4
 632 00e3 35       		.byte	0x35
 633 00e4 7B000000 		.4byte	0x7b
 634 00e8 03       		.uleb128 0x3
 635 00e9 8E020000 		.4byte	.LASF20
 636 00ed 04       		.byte	0x4
 637 00ee 36       		.byte	0x36
 638 00ef 7B000000 		.4byte	0x7b
 639 00f3 03       		.uleb128 0x3
 640 00f4 3C020000 		.4byte	.LASF21
 641 00f8 05       		.byte	0x5
 642 00f9 2A       		.byte	0x2a
 643 00fa FE000000 		.4byte	0xfe
 644 00fe 05       		.uleb128 0x5
 645 00ff 3C020000 		.4byte	.LASF21
 646 0103 4C       		.byte	0x4c
 647 0104 06       		.byte	0x6
 648 0105 5E       		.byte	0x5e
 649 0106 23020000 		.4byte	0x223
 650 010a 06       		.uleb128 0x6
 651 010b 2D020000 		.4byte	.LASF22
 652 010f 06       		.byte	0x6
 653 0110 5F       		.byte	0x5f
 654 0111 48020000 		.4byte	0x248
 655 0115 02       		.byte	0x2
 656 0116 23       		.byte	0x23
 657 0117 00       		.uleb128 0
 658 0118 06       		.uleb128 0x6
 659 0119 CE010000 		.4byte	.LASF23
 660 011d 06       		.byte	0x6
 661 011e 61       		.byte	0x61
 662 011f 48020000 		.4byte	0x248
 663 0123 02       		.byte	0x2
 664 0124 23       		.byte	0x23
 665 0125 04       		.uleb128 0x4
 666 0126 06       		.uleb128 0x6
ARM GAS  /var/folders/dt/0wfd0knj7gs46m8vwfzktm600000gn/T//ccBRTFkL.s 			page 13


 667 0127 7E000000 		.4byte	.LASF24
 668 012b 06       		.byte	0x6
 669 012c 63       		.byte	0x63
 670 012d C7000000 		.4byte	0xc7
 671 0131 02       		.byte	0x2
 672 0132 23       		.byte	0x23
 673 0133 08       		.uleb128 0x8
 674 0134 06       		.uleb128 0x6
 675 0135 2A030000 		.4byte	.LASF25
 676 0139 06       		.byte	0x6
 677 013a 64       		.byte	0x64
 678 013b 20030000 		.4byte	0x320
 679 013f 02       		.byte	0x2
 680 0140 23       		.byte	0x23
 681 0141 0C       		.uleb128 0xc
 682 0142 06       		.uleb128 0x6
 683 0143 EF000000 		.4byte	.LASF26
 684 0147 06       		.byte	0x6
 685 0148 66       		.byte	0x66
 686 0149 48020000 		.4byte	0x248
 687 014d 02       		.byte	0x2
 688 014e 23       		.byte	0x23
 689 014f 10       		.uleb128 0x10
 690 0150 06       		.uleb128 0x6
 691 0151 9A010000 		.4byte	.LASF27
 692 0155 06       		.byte	0x6
 693 0156 67       		.byte	0x67
 694 0157 48020000 		.4byte	0x248
 695 015b 02       		.byte	0x2
 696 015c 23       		.byte	0x23
 697 015d 14       		.uleb128 0x14
 698 015e 06       		.uleb128 0x6
 699 015f 10030000 		.4byte	.LASF28
 700 0163 06       		.byte	0x6
 701 0164 6E       		.byte	0x6e
 702 0165 9E040000 		.4byte	0x49e
 703 0169 02       		.byte	0x2
 704 016a 23       		.byte	0x23
 705 016b 18       		.uleb128 0x18
 706 016c 06       		.uleb128 0x6
 707 016d 06010000 		.4byte	.LASF29
 708 0171 06       		.byte	0x6
 709 0172 74       		.byte	0x74
 710 0173 B0040000 		.4byte	0x4b0
 711 0177 02       		.byte	0x2
 712 0178 23       		.byte	0x23
 713 0179 1C       		.uleb128 0x1c
 714 017a 06       		.uleb128 0x6
 715 017b 12020000 		.4byte	.LASF30
 716 017f 06       		.byte	0x6
 717 0180 79       		.byte	0x79
 718 0181 B1000000 		.4byte	0xb1
 719 0185 02       		.byte	0x2
 720 0186 23       		.byte	0x23
 721 0187 20       		.uleb128 0x20
 722 0188 06       		.uleb128 0x6
 723 0189 34020000 		.4byte	.LASF31
ARM GAS  /var/folders/dt/0wfd0knj7gs46m8vwfzktm600000gn/T//ccBRTFkL.s 			page 14


 724 018d 06       		.byte	0x6
 725 018e 7D       		.byte	0x7d
 726 018f A6000000 		.4byte	0xa6
 727 0193 02       		.byte	0x2
 728 0194 23       		.byte	0x23
 729 0195 21       		.uleb128 0x21
 730 0196 06       		.uleb128 0x6
 731 0197 F4020000 		.4byte	.LASF32
 732 019b 06       		.byte	0x6
 733 019c 82       		.byte	0x82
 734 019d BC000000 		.4byte	0xbc
 735 01a1 02       		.byte	0x2
 736 01a2 23       		.byte	0x23
 737 01a3 22       		.uleb128 0x22
 738 01a4 06       		.uleb128 0x6
 739 01a5 D1020000 		.4byte	.LASF33
 740 01a9 06       		.byte	0x6
 741 01aa 89       		.byte	0x89
 742 01ab 4A030000 		.4byte	0x34a
 743 01af 02       		.byte	0x2
 744 01b0 23       		.byte	0x23
 745 01b1 24       		.uleb128 0x24
 746 01b2 07       		.uleb128 0x7
 747 01b3 705F7500 		.ascii	"p_u\000"
 748 01b7 06       		.byte	0x6
 749 01b8 AE       		.byte	0xae
 750 01b9 69040000 		.4byte	0x469
 751 01bd 02       		.byte	0x2
 752 01be 23       		.byte	0x23
 753 01bf 28       		.uleb128 0x28
 754 01c0 06       		.uleb128 0x6
 755 01c1 30030000 		.4byte	.LASF34
 756 01c5 06       		.byte	0x6
 757 01c6 B3       		.byte	0xb3
 758 01c7 70020000 		.4byte	0x270
 759 01cb 02       		.byte	0x2
 760 01cc 23       		.byte	0x23
 761 01cd 2C       		.uleb128 0x2c
 762 01ce 06       		.uleb128 0x6
 763 01cf DF020000 		.4byte	.LASF35
 764 01d3 06       		.byte	0x6
 765 01d4 B9       		.byte	0xb9
 766 01d5 4E020000 		.4byte	0x24e
 767 01d9 02       		.byte	0x2
 768 01da 23       		.byte	0x23
 769 01db 30       		.uleb128 0x30
 770 01dc 06       		.uleb128 0x6
 771 01dd 00000000 		.4byte	.LASF36
 772 01e1 06       		.byte	0x6
 773 01e2 BD       		.byte	0xbd
 774 01e3 D2000000 		.4byte	0xd2
 775 01e7 02       		.byte	0x2
 776 01e8 23       		.byte	0x23
 777 01e9 38       		.uleb128 0x38
 778 01ea 06       		.uleb128 0x6
 779 01eb 4F020000 		.4byte	.LASF37
 780 01ef 06       		.byte	0x6
ARM GAS  /var/folders/dt/0wfd0knj7gs46m8vwfzktm600000gn/T//ccBRTFkL.s 			page 15


 781 01f0 C3       		.byte	0xc3
 782 01f1 DD000000 		.4byte	0xdd
 783 01f5 02       		.byte	0x2
 784 01f6 23       		.byte	0x23
 785 01f7 3C       		.uleb128 0x3c
 786 01f8 06       		.uleb128 0x6
 787 01f9 FE010000 		.4byte	.LASF38
 788 01fd 06       		.byte	0x6
 789 01fe CA       		.byte	0xca
 790 01ff B6040000 		.4byte	0x4b6
 791 0203 02       		.byte	0x2
 792 0204 23       		.byte	0x23
 793 0205 40       		.uleb128 0x40
 794 0206 06       		.uleb128 0x6
 795 0207 98020000 		.4byte	.LASF39
 796 020b 06       		.byte	0x6
 797 020c CE       		.byte	0xce
 798 020d C7000000 		.4byte	0xc7
 799 0211 02       		.byte	0x2
 800 0212 23       		.byte	0x23
 801 0213 44       		.uleb128 0x44
 802 0214 06       		.uleb128 0x6
 803 0215 A5000000 		.4byte	.LASF40
 804 0219 06       		.byte	0x6
 805 021a D4       		.byte	0xd4
 806 021b 86020000 		.4byte	0x286
 807 021f 02       		.byte	0x2
 808 0220 23       		.byte	0x23
 809 0221 48       		.uleb128 0x48
 810 0222 00       		.byte	0
 811 0223 08       		.uleb128 0x8
 812 0224 08       		.byte	0x8
 813 0225 05       		.byte	0x5
 814 0226 61       		.byte	0x61
 815 0227 48020000 		.4byte	0x248
 816 022b 06       		.uleb128 0x6
 817 022c 2D020000 		.4byte	.LASF22
 818 0230 05       		.byte	0x5
 819 0231 62       		.byte	0x62
 820 0232 48020000 		.4byte	0x248
 821 0236 02       		.byte	0x2
 822 0237 23       		.byte	0x23
 823 0238 00       		.uleb128 0
 824 0239 06       		.uleb128 0x6
 825 023a CE010000 		.4byte	.LASF23
 826 023e 05       		.byte	0x5
 827 023f 64       		.byte	0x64
 828 0240 48020000 		.4byte	0x248
 829 0244 02       		.byte	0x2
 830 0245 23       		.byte	0x23
 831 0246 04       		.uleb128 0x4
 832 0247 00       		.byte	0
 833 0248 09       		.uleb128 0x9
 834 0249 04       		.byte	0x4
 835 024a F3000000 		.4byte	0xf3
 836 024e 03       		.uleb128 0x3
 837 024f A2010000 		.4byte	.LASF41
ARM GAS  /var/folders/dt/0wfd0knj7gs46m8vwfzktm600000gn/T//ccBRTFkL.s 			page 16


 838 0253 05       		.byte	0x5
 839 0254 66       		.byte	0x66
 840 0255 23020000 		.4byte	0x223
 841 0259 08       		.uleb128 0x8
 842 025a 04       		.byte	0x4
 843 025b 05       		.byte	0x5
 844 025c 6B       		.byte	0x6b
 845 025d 70020000 		.4byte	0x270
 846 0261 06       		.uleb128 0x6
 847 0262 2D020000 		.4byte	.LASF22
 848 0266 05       		.byte	0x5
 849 0267 6D       		.byte	0x6d
 850 0268 48020000 		.4byte	0x248
 851 026c 02       		.byte	0x2
 852 026d 23       		.byte	0x23
 853 026e 00       		.uleb128 0
 854 026f 00       		.byte	0
 855 0270 03       		.uleb128 0x3
 856 0271 5E010000 		.4byte	.LASF42
 857 0275 05       		.byte	0x5
 858 0276 70       		.byte	0x70
 859 0277 59020000 		.4byte	0x259
 860 027b 03       		.uleb128 0x3
 861 027c F7000000 		.4byte	.LASF43
 862 0280 07       		.byte	0x7
 863 0281 D7       		.byte	0xd7
 864 0282 86020000 		.4byte	0x286
 865 0286 0A       		.uleb128 0xa
 866 0287 04       		.byte	0x4
 867 0288 03       		.uleb128 0x3
 868 0289 7C010000 		.4byte	.LASF44
 869 028d 07       		.byte	0x7
 870 028e DD       		.byte	0xdd
 871 028f 94000000 		.4byte	0x94
 872 0293 05       		.uleb128 0x5
 873 0294 D8020000 		.4byte	.LASF45
 874 0298 24       		.byte	0x24
 875 0299 07       		.byte	0x7
 876 029a FE       		.byte	0xfe
 877 029b 20030000 		.4byte	0x320
 878 029f 0B       		.uleb128 0xb
 879 02a0 723400   		.ascii	"r4\000"
 880 02a3 07       		.byte	0x7
 881 02a4 1101     		.2byte	0x111
 882 02a6 7B020000 		.4byte	0x27b
 883 02aa 02       		.byte	0x2
 884 02ab 23       		.byte	0x23
 885 02ac 00       		.uleb128 0
 886 02ad 0B       		.uleb128 0xb
 887 02ae 723500   		.ascii	"r5\000"
 888 02b1 07       		.byte	0x7
 889 02b2 1201     		.2byte	0x112
 890 02b4 7B020000 		.4byte	0x27b
 891 02b8 02       		.byte	0x2
 892 02b9 23       		.byte	0x23
 893 02ba 04       		.uleb128 0x4
 894 02bb 0B       		.uleb128 0xb
ARM GAS  /var/folders/dt/0wfd0knj7gs46m8vwfzktm600000gn/T//ccBRTFkL.s 			page 17


 895 02bc 723600   		.ascii	"r6\000"
 896 02bf 07       		.byte	0x7
 897 02c0 1301     		.2byte	0x113
 898 02c2 7B020000 		.4byte	0x27b
 899 02c6 02       		.byte	0x2
 900 02c7 23       		.byte	0x23
 901 02c8 08       		.uleb128 0x8
 902 02c9 0B       		.uleb128 0xb
 903 02ca 723700   		.ascii	"r7\000"
 904 02cd 07       		.byte	0x7
 905 02ce 1401     		.2byte	0x114
 906 02d0 7B020000 		.4byte	0x27b
 907 02d4 02       		.byte	0x2
 908 02d5 23       		.byte	0x23
 909 02d6 0C       		.uleb128 0xc
 910 02d7 0B       		.uleb128 0xb
 911 02d8 723800   		.ascii	"r8\000"
 912 02db 07       		.byte	0x7
 913 02dc 1501     		.2byte	0x115
 914 02de 7B020000 		.4byte	0x27b
 915 02e2 02       		.byte	0x2
 916 02e3 23       		.byte	0x23
 917 02e4 10       		.uleb128 0x10
 918 02e5 0B       		.uleb128 0xb
 919 02e6 723900   		.ascii	"r9\000"
 920 02e9 07       		.byte	0x7
 921 02ea 1601     		.2byte	0x116
 922 02ec 7B020000 		.4byte	0x27b
 923 02f0 02       		.byte	0x2
 924 02f1 23       		.byte	0x23
 925 02f2 14       		.uleb128 0x14
 926 02f3 0B       		.uleb128 0xb
 927 02f4 72313000 		.ascii	"r10\000"
 928 02f8 07       		.byte	0x7
 929 02f9 1701     		.2byte	0x117
 930 02fb 7B020000 		.4byte	0x27b
 931 02ff 02       		.byte	0x2
 932 0300 23       		.byte	0x23
 933 0301 18       		.uleb128 0x18
 934 0302 0B       		.uleb128 0xb
 935 0303 72313100 		.ascii	"r11\000"
 936 0307 07       		.byte	0x7
 937 0308 1801     		.2byte	0x118
 938 030a 7B020000 		.4byte	0x27b
 939 030e 02       		.byte	0x2
 940 030f 23       		.byte	0x23
 941 0310 1C       		.uleb128 0x1c
 942 0311 0B       		.uleb128 0xb
 943 0312 6C7200   		.ascii	"lr\000"
 944 0315 07       		.byte	0x7
 945 0316 1901     		.2byte	0x119
 946 0318 7B020000 		.4byte	0x27b
 947 031c 02       		.byte	0x2
 948 031d 23       		.byte	0x23
 949 031e 20       		.uleb128 0x20
 950 031f 00       		.byte	0
 951 0320 0C       		.uleb128 0xc
ARM GAS  /var/folders/dt/0wfd0knj7gs46m8vwfzktm600000gn/T//ccBRTFkL.s 			page 18


 952 0321 30010000 		.4byte	.LASF46
 953 0325 04       		.byte	0x4
 954 0326 07       		.byte	0x7
 955 0327 2301     		.2byte	0x123
 956 0329 3D030000 		.4byte	0x33d
 957 032d 0B       		.uleb128 0xb
 958 032e 72313300 		.ascii	"r13\000"
 959 0332 07       		.byte	0x7
 960 0333 2401     		.2byte	0x124
 961 0335 3D030000 		.4byte	0x33d
 962 0339 02       		.byte	0x2
 963 033a 23       		.byte	0x23
 964 033b 00       		.uleb128 0
 965 033c 00       		.byte	0
 966 033d 09       		.uleb128 0x9
 967 033e 04       		.byte	0x4
 968 033f 93020000 		.4byte	0x293
 969 0343 04       		.uleb128 0x4
 970 0344 04       		.byte	0x4
 971 0345 07       		.byte	0x7
 972 0346 87010000 		.4byte	.LASF47
 973 034a 0D       		.uleb128 0xd
 974 034b E8000000 		.4byte	0xe8
 975 034f 05       		.uleb128 0x5
 976 0350 76010000 		.4byte	.LASF48
 977 0354 10       		.byte	0x10
 978 0355 08       		.byte	0x8
 979 0356 2C       		.byte	0x2c
 980 0357 86030000 		.4byte	0x386
 981 035b 06       		.uleb128 0x6
 982 035c AD000000 		.4byte	.LASF49
 983 0360 08       		.byte	0x8
 984 0361 2D       		.byte	0x2d
 985 0362 4E020000 		.4byte	0x24e
 986 0366 02       		.byte	0x2
 987 0367 23       		.byte	0x23
 988 0368 00       		.uleb128 0
 989 0369 06       		.uleb128 0x6
 990 036a 22030000 		.4byte	.LASF50
 991 036e 08       		.byte	0x8
 992 036f 2F       		.byte	0x2f
 993 0370 48020000 		.4byte	0x248
 994 0374 02       		.byte	0x2
 995 0375 23       		.byte	0x23
 996 0376 08       		.uleb128 0x8
 997 0377 06       		.uleb128 0x6
 998 0378 87020000 		.4byte	.LASF51
 999 037c 08       		.byte	0x8
 1000 037d 31       		.byte	0x31
 1001 037e 86030000 		.4byte	0x386
 1002 0382 02       		.byte	0x2
 1003 0383 23       		.byte	0x23
 1004 0384 0C       		.uleb128 0xc
 1005 0385 00       		.byte	0
 1006 0386 09       		.uleb128 0x9
 1007 0387 04       		.byte	0x4
 1008 0388 4F030000 		.4byte	0x34f
ARM GAS  /var/folders/dt/0wfd0knj7gs46m8vwfzktm600000gn/T//ccBRTFkL.s 			page 19


 1009 038c 03       		.uleb128 0x3
 1010 038d 76010000 		.4byte	.LASF48
 1011 0391 08       		.byte	0x8
 1012 0392 33       		.byte	0x33
 1013 0393 4F030000 		.4byte	0x34f
 1014 0397 03       		.uleb128 0x3
 1015 0398 1D000000 		.4byte	.LASF52
 1016 039c 09       		.byte	0x9
 1017 039d 2C       		.byte	0x2c
 1018 039e A2030000 		.4byte	0x3a2
 1019 03a2 09       		.uleb128 0x9
 1020 03a3 04       		.byte	0x4
 1021 03a4 A8030000 		.4byte	0x3a8
 1022 03a8 0E       		.uleb128 0xe
 1023 03a9 01       		.byte	0x1
 1024 03aa 86020000 		.4byte	0x286
 1025 03ae B8030000 		.4byte	0x3b8
 1026 03b2 0F       		.uleb128 0xf
 1027 03b3 30000000 		.4byte	0x30
 1028 03b7 00       		.byte	0
 1029 03b8 03       		.uleb128 0x3
 1030 03b9 BB010000 		.4byte	.LASF53
 1031 03bd 0A       		.byte	0xa
 1032 03be 34       		.byte	0x34
 1033 03bf C3030000 		.4byte	0x3c3
 1034 03c3 05       		.uleb128 0x5
 1035 03c4 3A030000 		.4byte	.LASF54
 1036 03c8 20       		.byte	0x20
 1037 03c9 0A       		.byte	0xa
 1038 03ca 47       		.byte	0x47
 1039 03cb FA030000 		.4byte	0x3fa
 1040 03cf 06       		.uleb128 0x6
 1041 03d0 F3010000 		.4byte	.LASF55
 1042 03d4 0A       		.byte	0xa
 1043 03d5 48       		.byte	0x48
 1044 03d6 97030000 		.4byte	0x397
 1045 03da 02       		.byte	0x2
 1046 03db 23       		.byte	0x23
 1047 03dc 00       		.uleb128 0
 1048 03dd 06       		.uleb128 0x6
 1049 03de 4A000000 		.4byte	.LASF56
 1050 03e2 0A       		.byte	0xa
 1051 03e3 4A       		.byte	0x4a
 1052 03e4 19040000 		.4byte	0x419
 1053 03e8 02       		.byte	0x2
 1054 03e9 23       		.byte	0x23
 1055 03ea 08       		.uleb128 0x8
 1056 03eb 06       		.uleb128 0x6
 1057 03ec 9F000000 		.4byte	.LASF57
 1058 03f0 0A       		.byte	0xa
 1059 03f1 4C       		.byte	0x4c
 1060 03f2 8C030000 		.4byte	0x38c
 1061 03f6 02       		.byte	0x2
 1062 03f7 23       		.byte	0x23
 1063 03f8 10       		.uleb128 0x10
 1064 03f9 00       		.byte	0
 1065 03fa 10       		.uleb128 0x10
ARM GAS  /var/folders/dt/0wfd0knj7gs46m8vwfzktm600000gn/T//ccBRTFkL.s 			page 20


 1066 03fb 04       		.byte	0x4
 1067 03fc 0A       		.byte	0xa
 1068 03fd 3C       		.byte	0x3c
 1069 03fe 19040000 		.4byte	0x419
 1070 0402 11       		.uleb128 0x11
 1071 0403 79000000 		.4byte	.LASF58
 1072 0407 0A       		.byte	0xa
 1073 0408 3D       		.byte	0x3d
 1074 0409 3A040000 		.4byte	0x43a
 1075 040d 11       		.uleb128 0x11
 1076 040e 63020000 		.4byte	.LASF59
 1077 0412 0A       		.byte	0xa
 1078 0413 3E       		.byte	0x3e
 1079 0414 40040000 		.4byte	0x440
 1080 0418 00       		.byte	0
 1081 0419 12       		.uleb128 0x12
 1082 041a 1A020000 		.4byte	.LASF81
 1083 041e 08       		.byte	0x8
 1084 041f 0A       		.byte	0xa
 1085 0420 39       		.byte	0x39
 1086 0421 3A040000 		.4byte	0x43a
 1087 0425 11       		.uleb128 0x11
 1088 0426 00010000 		.4byte	.LASF60
 1089 042a 0A       		.byte	0xa
 1090 042b 3A       		.byte	0x3a
 1091 042c 88020000 		.4byte	0x288
 1092 0430 13       		.uleb128 0x13
 1093 0431 6800     		.ascii	"h\000"
 1094 0433 0A       		.byte	0xa
 1095 0434 41       		.byte	0x41
 1096 0435 46040000 		.4byte	0x446
 1097 0439 00       		.byte	0
 1098 043a 09       		.uleb128 0x9
 1099 043b 04       		.byte	0x4
 1100 043c 19040000 		.4byte	0x419
 1101 0440 09       		.uleb128 0x9
 1102 0441 04       		.byte	0x4
 1103 0442 B8030000 		.4byte	0x3b8
 1104 0446 08       		.uleb128 0x8
 1105 0447 08       		.byte	0x8
 1106 0448 0A       		.byte	0xa
 1107 0449 3B       		.byte	0x3b
 1108 044a 69040000 		.4byte	0x469
 1109 044e 07       		.uleb128 0x7
 1110 044f 7500     		.ascii	"u\000"
 1111 0451 0A       		.byte	0xa
 1112 0452 3F       		.byte	0x3f
 1113 0453 FA030000 		.4byte	0x3fa
 1114 0457 02       		.byte	0x2
 1115 0458 23       		.byte	0x23
 1116 0459 00       		.uleb128 0
 1117 045a 06       		.uleb128 0x6
 1118 045b 38010000 		.4byte	.LASF61
 1119 045f 0A       		.byte	0xa
 1120 0460 40       		.byte	0x40
 1121 0461 30000000 		.4byte	0x30
 1122 0465 02       		.byte	0x2
ARM GAS  /var/folders/dt/0wfd0knj7gs46m8vwfzktm600000gn/T//ccBRTFkL.s 			page 21


 1123 0466 23       		.byte	0x23
 1124 0467 04       		.uleb128 0x4
 1125 0468 00       		.byte	0
 1126 0469 10       		.uleb128 0x10
 1127 046a 04       		.byte	0x4
 1128 046b 06       		.byte	0x6
 1129 046c 90       		.byte	0x90
 1130 046d 9E040000 		.4byte	0x49e
 1131 0471 11       		.uleb128 0x11
 1132 0472 0D000000 		.4byte	.LASF62
 1133 0476 06       		.byte	0x6
 1134 0477 97       		.byte	0x97
 1135 0478 D2000000 		.4byte	0xd2
 1136 047c 11       		.uleb128 0x11
 1137 047d 41000000 		.4byte	.LASF63
 1138 0481 06       		.byte	0x6
 1139 0482 9E       		.byte	0x9e
 1140 0483 D2000000 		.4byte	0xd2
 1141 0487 11       		.uleb128 0x11
 1142 0488 03030000 		.4byte	.LASF64
 1143 048c 06       		.byte	0x6
 1144 048d A5       		.byte	0xa5
 1145 048e 86020000 		.4byte	0x286
 1146 0492 11       		.uleb128 0x11
 1147 0493 26020000 		.4byte	.LASF65
 1148 0497 06       		.byte	0x6
 1149 0498 AC       		.byte	0xac
 1150 0499 DD000000 		.4byte	0xdd
 1151 049d 00       		.byte	0
 1152 049e 09       		.uleb128 0x9
 1153 049f 04       		.byte	0x4
 1154 04a0 A4040000 		.4byte	0x4a4
 1155 04a4 14       		.uleb128 0x14
 1156 04a5 A9040000 		.4byte	0x4a9
 1157 04a9 04       		.uleb128 0x4
 1158 04aa 01       		.byte	0x1
 1159 04ab 08       		.byte	0x8
 1160 04ac 75020000 		.4byte	.LASF66
 1161 04b0 09       		.uleb128 0x9
 1162 04b1 04       		.byte	0x4
 1163 04b2 88020000 		.4byte	0x288
 1164 04b6 09       		.uleb128 0x9
 1165 04b7 04       		.byte	0x4
 1166 04b8 8C030000 		.4byte	0x38c
 1167 04bc 15       		.uleb128 0x15
 1168 04bd 01       		.byte	0x1
 1169 04be 17030000 		.4byte	.LASF67
 1170 04c2 01       		.byte	0x1
 1171 04c3 4B       		.byte	0x4b
 1172 04c4 01       		.byte	0x1
 1173 04c5 00000000 		.4byte	.LFB7
 1174 04c9 20000000 		.4byte	.LFE7
 1175 04cd 02       		.byte	0x2
 1176 04ce 7D       		.byte	0x7d
 1177 04cf 00       		.sleb128 0
 1178 04d0 01       		.byte	0x1
 1179 04d1 EA040000 		.4byte	0x4ea
ARM GAS  /var/folders/dt/0wfd0knj7gs46m8vwfzktm600000gn/T//ccBRTFkL.s 			page 22


 1180 04d5 16       		.uleb128 0x16
 1181 04d6 20000000 		.4byte	.LVL0
 1182 04da 01       		.byte	0x1
 1183 04db 34070000 		.4byte	0x734
 1184 04df 17       		.uleb128 0x17
 1185 04e0 01       		.byte	0x1
 1186 04e1 50       		.byte	0x50
 1187 04e2 05       		.byte	0x5
 1188 04e3 03       		.byte	0x3
 1189 04e4 10000000 		.4byte	.LANCHOR0+16
 1190 04e8 00       		.byte	0
 1191 04e9 00       		.byte	0
 1192 04ea 18       		.uleb128 0x18
 1193 04eb 01       		.byte	0x1
 1194 04ec 6E000000 		.4byte	.LASF68
 1195 04f0 01       		.byte	0x1
 1196 04f1 63       		.byte	0x63
 1197 04f2 01       		.byte	0x1
 1198 04f3 00000000 		.4byte	.LFB8
 1199 04f7 34000000 		.4byte	.LFE8
 1200 04fb 00000000 		.4byte	.LLST0
 1201 04ff 01       		.byte	0x1
 1202 0500 66050000 		.4byte	0x566
 1203 0504 19       		.uleb128 0x19
 1204 0505 5C000000 		.4byte	.LASF69
 1205 0509 01       		.byte	0x1
 1206 050a 63       		.byte	0x63
 1207 050b 40040000 		.4byte	0x440
 1208 050f 20000000 		.4byte	.LLST1
 1209 0513 1A       		.uleb128 0x1a
 1210 0514 62756600 		.ascii	"buf\000"
 1211 0518 01       		.byte	0x1
 1212 0519 63       		.byte	0x63
 1213 051a 86020000 		.4byte	0x286
 1214 051e 3E000000 		.4byte	.LLST2
 1215 0522 19       		.uleb128 0x19
 1216 0523 38010000 		.4byte	.LASF61
 1217 0527 01       		.byte	0x1
 1218 0528 63       		.byte	0x63
 1219 0529 30000000 		.4byte	0x30
 1220 052d 5C000000 		.4byte	.LLST3
 1221 0531 1B       		.uleb128 0x1b
 1222 0532 687000   		.ascii	"hp\000"
 1223 0535 01       		.byte	0x1
 1224 0536 64       		.byte	0x64
 1225 0537 3A040000 		.4byte	0x43a
 1226 053b 01       		.byte	0x1
 1227 053c 55       		.byte	0x55
 1228 053d 1C       		.uleb128 0x1c
 1229 053e 16000000 		.4byte	.LVL4
 1230 0542 48070000 		.4byte	0x748
 1231 0546 54050000 		.4byte	0x554
 1232 054a 17       		.uleb128 0x17
 1233 054b 01       		.byte	0x1
 1234 054c 50       		.byte	0x50
 1235 054d 05       		.byte	0x5
 1236 054e 03       		.byte	0x3
ARM GAS  /var/folders/dt/0wfd0knj7gs46m8vwfzktm600000gn/T//ccBRTFkL.s 			page 23


 1237 054f 00000000 		.4byte	.LC0
 1238 0553 00       		.byte	0
 1239 0554 16       		.uleb128 0x16
 1240 0555 30000000 		.4byte	.LVL7
 1241 0559 01       		.byte	0x1
 1242 055a 34070000 		.4byte	0x734
 1243 055e 17       		.uleb128 0x17
 1244 055f 01       		.byte	0x1
 1245 0560 50       		.byte	0x50
 1246 0561 02       		.byte	0x2
 1247 0562 74       		.byte	0x74
 1248 0563 10       		.sleb128 16
 1249 0564 00       		.byte	0
 1250 0565 00       		.byte	0
 1251 0566 1D       		.uleb128 0x1d
 1252 0567 01       		.byte	0x1
 1253 0568 43020000 		.4byte	.LASF71
 1254 056c 01       		.byte	0x1
 1255 056d 84       		.byte	0x84
 1256 056e 01       		.byte	0x1
 1257 056f 86020000 		.4byte	0x286
 1258 0573 00000000 		.4byte	.LFB9
 1259 0577 84000000 		.4byte	.LFE9
 1260 057b 87000000 		.4byte	.LLST4
 1261 057f 01       		.byte	0x1
 1262 0580 FF050000 		.4byte	0x5ff
 1263 0584 19       		.uleb128 0x19
 1264 0585 5C000000 		.4byte	.LASF69
 1265 0589 01       		.byte	0x1
 1266 058a 84       		.byte	0x84
 1267 058b 40040000 		.4byte	0x440
 1268 058f A7000000 		.4byte	.LLST5
 1269 0593 19       		.uleb128 0x19
 1270 0594 38010000 		.4byte	.LASF61
 1271 0598 01       		.byte	0x1
 1272 0599 84       		.byte	0x84
 1273 059a 30000000 		.4byte	0x30
 1274 059e C5000000 		.4byte	.LLST6
 1275 05a2 1E       		.uleb128 0x1e
 1276 05a3 717000   		.ascii	"qp\000"
 1277 05a6 01       		.byte	0x1
 1278 05a7 85       		.byte	0x85
 1279 05a8 3A040000 		.4byte	0x43a
 1280 05ac F0000000 		.4byte	.LLST7
 1281 05b0 1E       		.uleb128 0x1e
 1282 05b1 687000   		.ascii	"hp\000"
 1283 05b4 01       		.byte	0x1
 1284 05b5 85       		.byte	0x85
 1285 05b6 3A040000 		.4byte	0x43a
 1286 05ba 19010000 		.4byte	.LLST8
 1287 05be 1E       		.uleb128 0x1e
 1288 05bf 667000   		.ascii	"fp\000"
 1289 05c2 01       		.byte	0x1
 1290 05c3 85       		.byte	0x85
 1291 05c4 3A040000 		.4byte	0x43a
 1292 05c8 65010000 		.4byte	.LLST9
 1293 05cc 1C       		.uleb128 0x1c
ARM GAS  /var/folders/dt/0wfd0knj7gs46m8vwfzktm600000gn/T//ccBRTFkL.s 			page 24


 1294 05cd 1C000000 		.4byte	.LVL13
 1295 05d1 62070000 		.4byte	0x762
 1296 05d5 E0050000 		.4byte	0x5e0
 1297 05d9 17       		.uleb128 0x17
 1298 05da 01       		.byte	0x1
 1299 05db 50       		.byte	0x50
 1300 05dc 02       		.byte	0x2
 1301 05dd 76       		.byte	0x76
 1302 05de 10       		.sleb128 16
 1303 05df 00       		.byte	0
 1304 05e0 1F       		.uleb128 0x1f
 1305 05e1 54000000 		.4byte	.LVL20
 1306 05e5 76070000 		.4byte	0x776
 1307 05e9 1F       		.uleb128 0x1f
 1308 05ea 62000000 		.4byte	.LVL22
 1309 05ee 76070000 		.4byte	0x776
 1310 05f2 20       		.uleb128 0x20
 1311 05f3 6C000000 		.4byte	.LVL23
 1312 05f7 17       		.uleb128 0x17
 1313 05f8 01       		.byte	0x1
 1314 05f9 50       		.byte	0x50
 1315 05fa 02       		.byte	0x2
 1316 05fb 75       		.byte	0x75
 1317 05fc 08       		.sleb128 8
 1318 05fd 00       		.byte	0
 1319 05fe 00       		.byte	0
 1320 05ff 18       		.uleb128 0x18
 1321 0600 01       		.byte	0x1
 1322 0601 B5000000 		.4byte	.LASF70
 1323 0605 01       		.byte	0x1
 1324 0606 C2       		.byte	0xc2
 1325 0607 01       		.byte	0x1
 1326 0608 00000000 		.4byte	.LFB10
 1327 060c B0000000 		.4byte	.LFE10
 1328 0610 78010000 		.4byte	.LLST10
 1329 0614 01       		.byte	0x1
 1330 0615 9A060000 		.4byte	0x69a
 1331 0619 1A       		.uleb128 0x1a
 1332 061a 7000     		.ascii	"p\000"
 1333 061c 01       		.byte	0x1
 1334 061d C2       		.byte	0xc2
 1335 061e 86020000 		.4byte	0x286
 1336 0622 98010000 		.4byte	.LLST11
 1337 0626 1E       		.uleb128 0x1e
 1338 0627 717000   		.ascii	"qp\000"
 1339 062a 01       		.byte	0x1
 1340 062b C3       		.byte	0xc3
 1341 062c 3A040000 		.4byte	0x43a
 1342 0630 CC010000 		.4byte	.LLST12
 1343 0634 1E       		.uleb128 0x1e
 1344 0635 687000   		.ascii	"hp\000"
 1345 0638 01       		.byte	0x1
 1346 0639 C3       		.byte	0xc3
 1347 063a 3A040000 		.4byte	0x43a
 1348 063e 00020000 		.4byte	.LLST13
 1349 0642 21       		.uleb128 0x21
 1350 0643 5C000000 		.4byte	.LASF69
ARM GAS  /var/folders/dt/0wfd0knj7gs46m8vwfzktm600000gn/T//ccBRTFkL.s 			page 25


 1351 0647 01       		.byte	0x1
 1352 0648 C4       		.byte	0xc4
 1353 0649 40040000 		.4byte	0x440
 1354 064d 13020000 		.4byte	.LLST14
 1355 0651 1C       		.uleb128 0x1c
 1356 0652 18000000 		.4byte	.LVL31
 1357 0656 62070000 		.4byte	0x762
 1358 065a 65060000 		.4byte	0x665
 1359 065e 17       		.uleb128 0x17
 1360 065f 01       		.byte	0x1
 1361 0660 50       		.byte	0x50
 1362 0661 02       		.byte	0x2
 1363 0662 76       		.byte	0x76
 1364 0663 10       		.sleb128 16
 1365 0664 00       		.byte	0
 1366 0665 22       		.uleb128 0x22
 1367 0666 6A000000 		.4byte	.LVL36
 1368 066a 01       		.byte	0x1
 1369 066b 76070000 		.4byte	0x776
 1370 066f 1C       		.uleb128 0x1c
 1371 0670 70000000 		.4byte	.LVL37
 1372 0674 48070000 		.4byte	0x748
 1373 0678 86060000 		.4byte	0x686
 1374 067c 17       		.uleb128 0x17
 1375 067d 01       		.byte	0x1
 1376 067e 50       		.byte	0x50
 1377 067f 05       		.byte	0x5
 1378 0680 03       		.byte	0x3
 1379 0681 20000000 		.4byte	.LC2
 1380 0685 00       		.byte	0
 1381 0686 23       		.uleb128 0x23
 1382 0687 A6000000 		.4byte	.LVL40
 1383 068b 48070000 		.4byte	0x748
 1384 068f 17       		.uleb128 0x17
 1385 0690 01       		.byte	0x1
 1386 0691 50       		.byte	0x50
 1387 0692 05       		.byte	0x5
 1388 0693 03       		.byte	0x3
 1389 0694 10000000 		.4byte	.LC1
 1390 0698 00       		.byte	0
 1391 0699 00       		.byte	0
 1392 069a 1D       		.uleb128 0x1d
 1393 069b 01       		.byte	0x1
 1394 069c 7A020000 		.4byte	.LASF72
 1395 06a0 01       		.byte	0x1
 1396 06a1 FA       		.byte	0xfa
 1397 06a2 01       		.byte	0x1
 1398 06a3 30000000 		.4byte	0x30
 1399 06a7 00000000 		.4byte	.LFB11
 1400 06ab 40000000 		.4byte	.LFE11
 1401 06af 33020000 		.4byte	.LLST15
 1402 06b3 01       		.byte	0x1
 1403 06b4 1D070000 		.4byte	0x71d
 1404 06b8 19       		.uleb128 0x19
 1405 06b9 5C000000 		.4byte	.LASF69
 1406 06bd 01       		.byte	0x1
 1407 06be FA       		.byte	0xfa
ARM GAS  /var/folders/dt/0wfd0knj7gs46m8vwfzktm600000gn/T//ccBRTFkL.s 			page 26


 1408 06bf 40040000 		.4byte	0x440
 1409 06c3 53020000 		.4byte	.LLST16
 1410 06c7 19       		.uleb128 0x19
 1411 06c8 0A030000 		.4byte	.LASF73
 1412 06cc 01       		.byte	0x1
 1413 06cd FA       		.byte	0xfa
 1414 06ce 1D070000 		.4byte	0x71d
 1415 06d2 B6020000 		.4byte	.LLST17
 1416 06d6 1E       		.uleb128 0x1e
 1417 06d7 717000   		.ascii	"qp\000"
 1418 06da 01       		.byte	0x1
 1419 06db FB       		.byte	0xfb
 1420 06dc 3A040000 		.4byte	0x43a
 1421 06e0 D4020000 		.4byte	.LLST18
 1422 06e4 1E       		.uleb128 0x1e
 1423 06e5 6E00     		.ascii	"n\000"
 1424 06e7 01       		.byte	0x1
 1425 06e8 FC       		.byte	0xfc
 1426 06e9 30000000 		.4byte	0x30
 1427 06ed 15030000 		.4byte	.LLST19
 1428 06f1 1E       		.uleb128 0x1e
 1429 06f2 737A00   		.ascii	"sz\000"
 1430 06f5 01       		.byte	0x1
 1431 06f6 FC       		.byte	0xfc
 1432 06f7 30000000 		.4byte	0x30
 1433 06fb 40030000 		.4byte	.LLST20
 1434 06ff 1C       		.uleb128 0x1c
 1435 0700 14000000 		.4byte	.LVL43
 1436 0704 62070000 		.4byte	0x762
 1437 0708 13070000 		.4byte	0x713
 1438 070c 17       		.uleb128 0x17
 1439 070d 01       		.byte	0x1
 1440 070e 50       		.byte	0x50
 1441 070f 02       		.byte	0x2
 1442 0710 74       		.byte	0x74
 1443 0711 10       		.sleb128 16
 1444 0712 00       		.byte	0
 1445 0713 1F       		.uleb128 0x1f
 1446 0714 30000000 		.4byte	.LVL48
 1447 0718 76070000 		.4byte	0x776
 1448 071c 00       		.byte	0
 1449 071d 09       		.uleb128 0x9
 1450 071e 04       		.byte	0x4
 1451 071f 30000000 		.4byte	0x30
 1452 0723 24       		.uleb128 0x24
 1453 0724 68020000 		.4byte	.LASF74
 1454 0728 01       		.byte	0x1
 1455 0729 44       		.byte	0x44
 1456 072a B8030000 		.4byte	0x3b8
 1457 072e 05       		.byte	0x5
 1458 072f 03       		.byte	0x3
 1459 0730 00000000 		.4byte	default_heap
 1460 0734 25       		.uleb128 0x25
 1461 0735 01       		.byte	0x1
 1462 0736 EA020000 		.4byte	.LASF75
 1463 073a 08       		.byte	0x8
 1464 073b 38       		.byte	0x38
ARM GAS  /var/folders/dt/0wfd0knj7gs46m8vwfzktm600000gn/T//ccBRTFkL.s 			page 27


 1465 073c 01       		.byte	0x1
 1466 073d 01       		.byte	0x1
 1467 073e 48070000 		.4byte	0x748
 1468 0742 0F       		.uleb128 0xf
 1469 0743 B6040000 		.4byte	0x4b6
 1470 0747 00       		.byte	0
 1471 0748 25       		.uleb128 0x25
 1472 0749 01       		.byte	0x1
 1473 074a 51000000 		.4byte	.LASF76
 1474 074e 0B       		.byte	0xb
 1475 074f F0       		.byte	0xf0
 1476 0750 01       		.byte	0x1
 1477 0751 01       		.byte	0x1
 1478 0752 5C070000 		.4byte	0x75c
 1479 0756 0F       		.uleb128 0xf
 1480 0757 5C070000 		.4byte	0x75c
 1481 075b 00       		.byte	0
 1482 075c 09       		.uleb128 0x9
 1483 075d 04       		.byte	0x4
 1484 075e A9040000 		.4byte	0x4a9
 1485 0762 25       		.uleb128 0x25
 1486 0763 01       		.byte	0x1
 1487 0764 90010000 		.4byte	.LASF77
 1488 0768 08       		.byte	0x8
 1489 0769 39       		.byte	0x39
 1490 076a 01       		.byte	0x1
 1491 076b 01       		.byte	0x1
 1492 076c 76070000 		.4byte	0x776
 1493 0770 0F       		.uleb128 0xf
 1494 0771 B6040000 		.4byte	0x4b6
 1495 0775 00       		.byte	0
 1496 0776 26       		.uleb128 0x26
 1497 0777 01       		.byte	0x1
 1498 0778 62000000 		.4byte	.LASF82
 1499 077c 08       		.byte	0x8
 1500 077d 3D       		.byte	0x3d
 1501 077e 01       		.byte	0x1
 1502 077f B6040000 		.4byte	0x4b6
 1503 0783 01       		.byte	0x1
 1504 0784 00       		.byte	0
 1505              		.section	.debug_abbrev,"",%progbits
 1506              	.Ldebug_abbrev0:
 1507 0000 01       		.uleb128 0x1
 1508 0001 11       		.uleb128 0x11
 1509 0002 01       		.byte	0x1
 1510 0003 25       		.uleb128 0x25
 1511 0004 0E       		.uleb128 0xe
 1512 0005 13       		.uleb128 0x13
 1513 0006 0B       		.uleb128 0xb
 1514 0007 03       		.uleb128 0x3
 1515 0008 0E       		.uleb128 0xe
 1516 0009 1B       		.uleb128 0x1b
 1517 000a 0E       		.uleb128 0xe
 1518 000b 55       		.uleb128 0x55
 1519 000c 06       		.uleb128 0x6
 1520 000d 11       		.uleb128 0x11
 1521 000e 01       		.uleb128 0x1
ARM GAS  /var/folders/dt/0wfd0knj7gs46m8vwfzktm600000gn/T//ccBRTFkL.s 			page 28


 1522 000f 52       		.uleb128 0x52
 1523 0010 01       		.uleb128 0x1
 1524 0011 10       		.uleb128 0x10
 1525 0012 06       		.uleb128 0x6
 1526 0013 00       		.byte	0
 1527 0014 00       		.byte	0
 1528 0015 02       		.uleb128 0x2
 1529 0016 24       		.uleb128 0x24
 1530 0017 00       		.byte	0
 1531 0018 0B       		.uleb128 0xb
 1532 0019 0B       		.uleb128 0xb
 1533 001a 3E       		.uleb128 0x3e
 1534 001b 0B       		.uleb128 0xb
 1535 001c 03       		.uleb128 0x3
 1536 001d 08       		.uleb128 0x8
 1537 001e 00       		.byte	0
 1538 001f 00       		.byte	0
 1539 0020 03       		.uleb128 0x3
 1540 0021 16       		.uleb128 0x16
 1541 0022 00       		.byte	0
 1542 0023 03       		.uleb128 0x3
 1543 0024 0E       		.uleb128 0xe
 1544 0025 3A       		.uleb128 0x3a
 1545 0026 0B       		.uleb128 0xb
 1546 0027 3B       		.uleb128 0x3b
 1547 0028 0B       		.uleb128 0xb
 1548 0029 49       		.uleb128 0x49
 1549 002a 13       		.uleb128 0x13
 1550 002b 00       		.byte	0
 1551 002c 00       		.byte	0
 1552 002d 04       		.uleb128 0x4
 1553 002e 24       		.uleb128 0x24
 1554 002f 00       		.byte	0
 1555 0030 0B       		.uleb128 0xb
 1556 0031 0B       		.uleb128 0xb
 1557 0032 3E       		.uleb128 0x3e
 1558 0033 0B       		.uleb128 0xb
 1559 0034 03       		.uleb128 0x3
 1560 0035 0E       		.uleb128 0xe
 1561 0036 00       		.byte	0
 1562 0037 00       		.byte	0
 1563 0038 05       		.uleb128 0x5
 1564 0039 13       		.uleb128 0x13
 1565 003a 01       		.byte	0x1
 1566 003b 03       		.uleb128 0x3
 1567 003c 0E       		.uleb128 0xe
 1568 003d 0B       		.uleb128 0xb
 1569 003e 0B       		.uleb128 0xb
 1570 003f 3A       		.uleb128 0x3a
 1571 0040 0B       		.uleb128 0xb
 1572 0041 3B       		.uleb128 0x3b
 1573 0042 0B       		.uleb128 0xb
 1574 0043 01       		.uleb128 0x1
 1575 0044 13       		.uleb128 0x13
 1576 0045 00       		.byte	0
 1577 0046 00       		.byte	0
 1578 0047 06       		.uleb128 0x6
ARM GAS  /var/folders/dt/0wfd0knj7gs46m8vwfzktm600000gn/T//ccBRTFkL.s 			page 29


 1579 0048 0D       		.uleb128 0xd
 1580 0049 00       		.byte	0
 1581 004a 03       		.uleb128 0x3
 1582 004b 0E       		.uleb128 0xe
 1583 004c 3A       		.uleb128 0x3a
 1584 004d 0B       		.uleb128 0xb
 1585 004e 3B       		.uleb128 0x3b
 1586 004f 0B       		.uleb128 0xb
 1587 0050 49       		.uleb128 0x49
 1588 0051 13       		.uleb128 0x13
 1589 0052 38       		.uleb128 0x38
 1590 0053 0A       		.uleb128 0xa
 1591 0054 00       		.byte	0
 1592 0055 00       		.byte	0
 1593 0056 07       		.uleb128 0x7
 1594 0057 0D       		.uleb128 0xd
 1595 0058 00       		.byte	0
 1596 0059 03       		.uleb128 0x3
 1597 005a 08       		.uleb128 0x8
 1598 005b 3A       		.uleb128 0x3a
 1599 005c 0B       		.uleb128 0xb
 1600 005d 3B       		.uleb128 0x3b
 1601 005e 0B       		.uleb128 0xb
 1602 005f 49       		.uleb128 0x49
 1603 0060 13       		.uleb128 0x13
 1604 0061 38       		.uleb128 0x38
 1605 0062 0A       		.uleb128 0xa
 1606 0063 00       		.byte	0
 1607 0064 00       		.byte	0
 1608 0065 08       		.uleb128 0x8
 1609 0066 13       		.uleb128 0x13
 1610 0067 01       		.byte	0x1
 1611 0068 0B       		.uleb128 0xb
 1612 0069 0B       		.uleb128 0xb
 1613 006a 3A       		.uleb128 0x3a
 1614 006b 0B       		.uleb128 0xb
 1615 006c 3B       		.uleb128 0x3b
 1616 006d 0B       		.uleb128 0xb
 1617 006e 01       		.uleb128 0x1
 1618 006f 13       		.uleb128 0x13
 1619 0070 00       		.byte	0
 1620 0071 00       		.byte	0
 1621 0072 09       		.uleb128 0x9
 1622 0073 0F       		.uleb128 0xf
 1623 0074 00       		.byte	0
 1624 0075 0B       		.uleb128 0xb
 1625 0076 0B       		.uleb128 0xb
 1626 0077 49       		.uleb128 0x49
 1627 0078 13       		.uleb128 0x13
 1628 0079 00       		.byte	0
 1629 007a 00       		.byte	0
 1630 007b 0A       		.uleb128 0xa
 1631 007c 0F       		.uleb128 0xf
 1632 007d 00       		.byte	0
 1633 007e 0B       		.uleb128 0xb
 1634 007f 0B       		.uleb128 0xb
 1635 0080 00       		.byte	0
ARM GAS  /var/folders/dt/0wfd0knj7gs46m8vwfzktm600000gn/T//ccBRTFkL.s 			page 30


 1636 0081 00       		.byte	0
 1637 0082 0B       		.uleb128 0xb
 1638 0083 0D       		.uleb128 0xd
 1639 0084 00       		.byte	0
 1640 0085 03       		.uleb128 0x3
 1641 0086 08       		.uleb128 0x8
 1642 0087 3A       		.uleb128 0x3a
 1643 0088 0B       		.uleb128 0xb
 1644 0089 3B       		.uleb128 0x3b
 1645 008a 05       		.uleb128 0x5
 1646 008b 49       		.uleb128 0x49
 1647 008c 13       		.uleb128 0x13
 1648 008d 38       		.uleb128 0x38
 1649 008e 0A       		.uleb128 0xa
 1650 008f 00       		.byte	0
 1651 0090 00       		.byte	0
 1652 0091 0C       		.uleb128 0xc
 1653 0092 13       		.uleb128 0x13
 1654 0093 01       		.byte	0x1
 1655 0094 03       		.uleb128 0x3
 1656 0095 0E       		.uleb128 0xe
 1657 0096 0B       		.uleb128 0xb
 1658 0097 0B       		.uleb128 0xb
 1659 0098 3A       		.uleb128 0x3a
 1660 0099 0B       		.uleb128 0xb
 1661 009a 3B       		.uleb128 0x3b
 1662 009b 05       		.uleb128 0x5
 1663 009c 01       		.uleb128 0x1
 1664 009d 13       		.uleb128 0x13
 1665 009e 00       		.byte	0
 1666 009f 00       		.byte	0
 1667 00a0 0D       		.uleb128 0xd
 1668 00a1 35       		.uleb128 0x35
 1669 00a2 00       		.byte	0
 1670 00a3 49       		.uleb128 0x49
 1671 00a4 13       		.uleb128 0x13
 1672 00a5 00       		.byte	0
 1673 00a6 00       		.byte	0
 1674 00a7 0E       		.uleb128 0xe
 1675 00a8 15       		.uleb128 0x15
 1676 00a9 01       		.byte	0x1
 1677 00aa 27       		.uleb128 0x27
 1678 00ab 0C       		.uleb128 0xc
 1679 00ac 49       		.uleb128 0x49
 1680 00ad 13       		.uleb128 0x13
 1681 00ae 01       		.uleb128 0x1
 1682 00af 13       		.uleb128 0x13
 1683 00b0 00       		.byte	0
 1684 00b1 00       		.byte	0
 1685 00b2 0F       		.uleb128 0xf
 1686 00b3 05       		.uleb128 0x5
 1687 00b4 00       		.byte	0
 1688 00b5 49       		.uleb128 0x49
 1689 00b6 13       		.uleb128 0x13
 1690 00b7 00       		.byte	0
 1691 00b8 00       		.byte	0
 1692 00b9 10       		.uleb128 0x10
ARM GAS  /var/folders/dt/0wfd0knj7gs46m8vwfzktm600000gn/T//ccBRTFkL.s 			page 31


 1693 00ba 17       		.uleb128 0x17
 1694 00bb 01       		.byte	0x1
 1695 00bc 0B       		.uleb128 0xb
 1696 00bd 0B       		.uleb128 0xb
 1697 00be 3A       		.uleb128 0x3a
 1698 00bf 0B       		.uleb128 0xb
 1699 00c0 3B       		.uleb128 0x3b
 1700 00c1 0B       		.uleb128 0xb
 1701 00c2 01       		.uleb128 0x1
 1702 00c3 13       		.uleb128 0x13
 1703 00c4 00       		.byte	0
 1704 00c5 00       		.byte	0
 1705 00c6 11       		.uleb128 0x11
 1706 00c7 0D       		.uleb128 0xd
 1707 00c8 00       		.byte	0
 1708 00c9 03       		.uleb128 0x3
 1709 00ca 0E       		.uleb128 0xe
 1710 00cb 3A       		.uleb128 0x3a
 1711 00cc 0B       		.uleb128 0xb
 1712 00cd 3B       		.uleb128 0x3b
 1713 00ce 0B       		.uleb128 0xb
 1714 00cf 49       		.uleb128 0x49
 1715 00d0 13       		.uleb128 0x13
 1716 00d1 00       		.byte	0
 1717 00d2 00       		.byte	0
 1718 00d3 12       		.uleb128 0x12
 1719 00d4 17       		.uleb128 0x17
 1720 00d5 01       		.byte	0x1
 1721 00d6 03       		.uleb128 0x3
 1722 00d7 0E       		.uleb128 0xe
 1723 00d8 0B       		.uleb128 0xb
 1724 00d9 0B       		.uleb128 0xb
 1725 00da 3A       		.uleb128 0x3a
 1726 00db 0B       		.uleb128 0xb
 1727 00dc 3B       		.uleb128 0x3b
 1728 00dd 0B       		.uleb128 0xb
 1729 00de 01       		.uleb128 0x1
 1730 00df 13       		.uleb128 0x13
 1731 00e0 00       		.byte	0
 1732 00e1 00       		.byte	0
 1733 00e2 13       		.uleb128 0x13
 1734 00e3 0D       		.uleb128 0xd
 1735 00e4 00       		.byte	0
 1736 00e5 03       		.uleb128 0x3
 1737 00e6 08       		.uleb128 0x8
 1738 00e7 3A       		.uleb128 0x3a
 1739 00e8 0B       		.uleb128 0xb
 1740 00e9 3B       		.uleb128 0x3b
 1741 00ea 0B       		.uleb128 0xb
 1742 00eb 49       		.uleb128 0x49
 1743 00ec 13       		.uleb128 0x13
 1744 00ed 00       		.byte	0
 1745 00ee 00       		.byte	0
 1746 00ef 14       		.uleb128 0x14
 1747 00f0 26       		.uleb128 0x26
 1748 00f1 00       		.byte	0
 1749 00f2 49       		.uleb128 0x49
ARM GAS  /var/folders/dt/0wfd0knj7gs46m8vwfzktm600000gn/T//ccBRTFkL.s 			page 32


 1750 00f3 13       		.uleb128 0x13
 1751 00f4 00       		.byte	0
 1752 00f5 00       		.byte	0
 1753 00f6 15       		.uleb128 0x15
 1754 00f7 2E       		.uleb128 0x2e
 1755 00f8 01       		.byte	0x1
 1756 00f9 3F       		.uleb128 0x3f
 1757 00fa 0C       		.uleb128 0xc
 1758 00fb 03       		.uleb128 0x3
 1759 00fc 0E       		.uleb128 0xe
 1760 00fd 3A       		.uleb128 0x3a
 1761 00fe 0B       		.uleb128 0xb
 1762 00ff 3B       		.uleb128 0x3b
 1763 0100 0B       		.uleb128 0xb
 1764 0101 27       		.uleb128 0x27
 1765 0102 0C       		.uleb128 0xc
 1766 0103 11       		.uleb128 0x11
 1767 0104 01       		.uleb128 0x1
 1768 0105 12       		.uleb128 0x12
 1769 0106 01       		.uleb128 0x1
 1770 0107 40       		.uleb128 0x40
 1771 0108 0A       		.uleb128 0xa
 1772 0109 9742     		.uleb128 0x2117
 1773 010b 0C       		.uleb128 0xc
 1774 010c 01       		.uleb128 0x1
 1775 010d 13       		.uleb128 0x13
 1776 010e 00       		.byte	0
 1777 010f 00       		.byte	0
 1778 0110 16       		.uleb128 0x16
 1779 0111 898201   		.uleb128 0x4109
 1780 0114 01       		.byte	0x1
 1781 0115 11       		.uleb128 0x11
 1782 0116 01       		.uleb128 0x1
 1783 0117 9542     		.uleb128 0x2115
 1784 0119 0C       		.uleb128 0xc
 1785 011a 31       		.uleb128 0x31
 1786 011b 13       		.uleb128 0x13
 1787 011c 00       		.byte	0
 1788 011d 00       		.byte	0
 1789 011e 17       		.uleb128 0x17
 1790 011f 8A8201   		.uleb128 0x410a
 1791 0122 00       		.byte	0
 1792 0123 02       		.uleb128 0x2
 1793 0124 0A       		.uleb128 0xa
 1794 0125 9142     		.uleb128 0x2111
 1795 0127 0A       		.uleb128 0xa
 1796 0128 00       		.byte	0
 1797 0129 00       		.byte	0
 1798 012a 18       		.uleb128 0x18
 1799 012b 2E       		.uleb128 0x2e
 1800 012c 01       		.byte	0x1
 1801 012d 3F       		.uleb128 0x3f
 1802 012e 0C       		.uleb128 0xc
 1803 012f 03       		.uleb128 0x3
 1804 0130 0E       		.uleb128 0xe
 1805 0131 3A       		.uleb128 0x3a
 1806 0132 0B       		.uleb128 0xb
ARM GAS  /var/folders/dt/0wfd0knj7gs46m8vwfzktm600000gn/T//ccBRTFkL.s 			page 33


 1807 0133 3B       		.uleb128 0x3b
 1808 0134 0B       		.uleb128 0xb
 1809 0135 27       		.uleb128 0x27
 1810 0136 0C       		.uleb128 0xc
 1811 0137 11       		.uleb128 0x11
 1812 0138 01       		.uleb128 0x1
 1813 0139 12       		.uleb128 0x12
 1814 013a 01       		.uleb128 0x1
 1815 013b 40       		.uleb128 0x40
 1816 013c 06       		.uleb128 0x6
 1817 013d 9742     		.uleb128 0x2117
 1818 013f 0C       		.uleb128 0xc
 1819 0140 01       		.uleb128 0x1
 1820 0141 13       		.uleb128 0x13
 1821 0142 00       		.byte	0
 1822 0143 00       		.byte	0
 1823 0144 19       		.uleb128 0x19
 1824 0145 05       		.uleb128 0x5
 1825 0146 00       		.byte	0
 1826 0147 03       		.uleb128 0x3
 1827 0148 0E       		.uleb128 0xe
 1828 0149 3A       		.uleb128 0x3a
 1829 014a 0B       		.uleb128 0xb
 1830 014b 3B       		.uleb128 0x3b
 1831 014c 0B       		.uleb128 0xb
 1832 014d 49       		.uleb128 0x49
 1833 014e 13       		.uleb128 0x13
 1834 014f 02       		.uleb128 0x2
 1835 0150 06       		.uleb128 0x6
 1836 0151 00       		.byte	0
 1837 0152 00       		.byte	0
 1838 0153 1A       		.uleb128 0x1a
 1839 0154 05       		.uleb128 0x5
 1840 0155 00       		.byte	0
 1841 0156 03       		.uleb128 0x3
 1842 0157 08       		.uleb128 0x8
 1843 0158 3A       		.uleb128 0x3a
 1844 0159 0B       		.uleb128 0xb
 1845 015a 3B       		.uleb128 0x3b
 1846 015b 0B       		.uleb128 0xb
 1847 015c 49       		.uleb128 0x49
 1848 015d 13       		.uleb128 0x13
 1849 015e 02       		.uleb128 0x2
 1850 015f 06       		.uleb128 0x6
 1851 0160 00       		.byte	0
 1852 0161 00       		.byte	0
 1853 0162 1B       		.uleb128 0x1b
 1854 0163 34       		.uleb128 0x34
 1855 0164 00       		.byte	0
 1856 0165 03       		.uleb128 0x3
 1857 0166 08       		.uleb128 0x8
 1858 0167 3A       		.uleb128 0x3a
 1859 0168 0B       		.uleb128 0xb
 1860 0169 3B       		.uleb128 0x3b
 1861 016a 0B       		.uleb128 0xb
 1862 016b 49       		.uleb128 0x49
 1863 016c 13       		.uleb128 0x13
ARM GAS  /var/folders/dt/0wfd0knj7gs46m8vwfzktm600000gn/T//ccBRTFkL.s 			page 34


 1864 016d 02       		.uleb128 0x2
 1865 016e 0A       		.uleb128 0xa
 1866 016f 00       		.byte	0
 1867 0170 00       		.byte	0
 1868 0171 1C       		.uleb128 0x1c
 1869 0172 898201   		.uleb128 0x4109
 1870 0175 01       		.byte	0x1
 1871 0176 11       		.uleb128 0x11
 1872 0177 01       		.uleb128 0x1
 1873 0178 31       		.uleb128 0x31
 1874 0179 13       		.uleb128 0x13
 1875 017a 01       		.uleb128 0x1
 1876 017b 13       		.uleb128 0x13
 1877 017c 00       		.byte	0
 1878 017d 00       		.byte	0
 1879 017e 1D       		.uleb128 0x1d
 1880 017f 2E       		.uleb128 0x2e
 1881 0180 01       		.byte	0x1
 1882 0181 3F       		.uleb128 0x3f
 1883 0182 0C       		.uleb128 0xc
 1884 0183 03       		.uleb128 0x3
 1885 0184 0E       		.uleb128 0xe
 1886 0185 3A       		.uleb128 0x3a
 1887 0186 0B       		.uleb128 0xb
 1888 0187 3B       		.uleb128 0x3b
 1889 0188 0B       		.uleb128 0xb
 1890 0189 27       		.uleb128 0x27
 1891 018a 0C       		.uleb128 0xc
 1892 018b 49       		.uleb128 0x49
 1893 018c 13       		.uleb128 0x13
 1894 018d 11       		.uleb128 0x11
 1895 018e 01       		.uleb128 0x1
 1896 018f 12       		.uleb128 0x12
 1897 0190 01       		.uleb128 0x1
 1898 0191 40       		.uleb128 0x40
 1899 0192 06       		.uleb128 0x6
 1900 0193 9742     		.uleb128 0x2117
 1901 0195 0C       		.uleb128 0xc
 1902 0196 01       		.uleb128 0x1
 1903 0197 13       		.uleb128 0x13
 1904 0198 00       		.byte	0
 1905 0199 00       		.byte	0
 1906 019a 1E       		.uleb128 0x1e
 1907 019b 34       		.uleb128 0x34
 1908 019c 00       		.byte	0
 1909 019d 03       		.uleb128 0x3
 1910 019e 08       		.uleb128 0x8
 1911 019f 3A       		.uleb128 0x3a
 1912 01a0 0B       		.uleb128 0xb
 1913 01a1 3B       		.uleb128 0x3b
 1914 01a2 0B       		.uleb128 0xb
 1915 01a3 49       		.uleb128 0x49
 1916 01a4 13       		.uleb128 0x13
 1917 01a5 02       		.uleb128 0x2
 1918 01a6 06       		.uleb128 0x6
 1919 01a7 00       		.byte	0
 1920 01a8 00       		.byte	0
ARM GAS  /var/folders/dt/0wfd0knj7gs46m8vwfzktm600000gn/T//ccBRTFkL.s 			page 35


 1921 01a9 1F       		.uleb128 0x1f
 1922 01aa 898201   		.uleb128 0x4109
 1923 01ad 00       		.byte	0
 1924 01ae 11       		.uleb128 0x11
 1925 01af 01       		.uleb128 0x1
 1926 01b0 31       		.uleb128 0x31
 1927 01b1 13       		.uleb128 0x13
 1928 01b2 00       		.byte	0
 1929 01b3 00       		.byte	0
 1930 01b4 20       		.uleb128 0x20
 1931 01b5 898201   		.uleb128 0x4109
 1932 01b8 01       		.byte	0x1
 1933 01b9 11       		.uleb128 0x11
 1934 01ba 01       		.uleb128 0x1
 1935 01bb 00       		.byte	0
 1936 01bc 00       		.byte	0
 1937 01bd 21       		.uleb128 0x21
 1938 01be 34       		.uleb128 0x34
 1939 01bf 00       		.byte	0
 1940 01c0 03       		.uleb128 0x3
 1941 01c1 0E       		.uleb128 0xe
 1942 01c2 3A       		.uleb128 0x3a
 1943 01c3 0B       		.uleb128 0xb
 1944 01c4 3B       		.uleb128 0x3b
 1945 01c5 0B       		.uleb128 0xb
 1946 01c6 49       		.uleb128 0x49
 1947 01c7 13       		.uleb128 0x13
 1948 01c8 02       		.uleb128 0x2
 1949 01c9 06       		.uleb128 0x6
 1950 01ca 00       		.byte	0
 1951 01cb 00       		.byte	0
 1952 01cc 22       		.uleb128 0x22
 1953 01cd 898201   		.uleb128 0x4109
 1954 01d0 00       		.byte	0
 1955 01d1 11       		.uleb128 0x11
 1956 01d2 01       		.uleb128 0x1
 1957 01d3 9542     		.uleb128 0x2115
 1958 01d5 0C       		.uleb128 0xc
 1959 01d6 31       		.uleb128 0x31
 1960 01d7 13       		.uleb128 0x13
 1961 01d8 00       		.byte	0
 1962 01d9 00       		.byte	0
 1963 01da 23       		.uleb128 0x23
 1964 01db 898201   		.uleb128 0x4109
 1965 01de 01       		.byte	0x1
 1966 01df 11       		.uleb128 0x11
 1967 01e0 01       		.uleb128 0x1
 1968 01e1 31       		.uleb128 0x31
 1969 01e2 13       		.uleb128 0x13
 1970 01e3 00       		.byte	0
 1971 01e4 00       		.byte	0
 1972 01e5 24       		.uleb128 0x24
 1973 01e6 34       		.uleb128 0x34
 1974 01e7 00       		.byte	0
 1975 01e8 03       		.uleb128 0x3
 1976 01e9 0E       		.uleb128 0xe
 1977 01ea 3A       		.uleb128 0x3a
ARM GAS  /var/folders/dt/0wfd0knj7gs46m8vwfzktm600000gn/T//ccBRTFkL.s 			page 36


 1978 01eb 0B       		.uleb128 0xb
 1979 01ec 3B       		.uleb128 0x3b
 1980 01ed 0B       		.uleb128 0xb
 1981 01ee 49       		.uleb128 0x49
 1982 01ef 13       		.uleb128 0x13
 1983 01f0 02       		.uleb128 0x2
 1984 01f1 0A       		.uleb128 0xa
 1985 01f2 00       		.byte	0
 1986 01f3 00       		.byte	0
 1987 01f4 25       		.uleb128 0x25
 1988 01f5 2E       		.uleb128 0x2e
 1989 01f6 01       		.byte	0x1
 1990 01f7 3F       		.uleb128 0x3f
 1991 01f8 0C       		.uleb128 0xc
 1992 01f9 03       		.uleb128 0x3
 1993 01fa 0E       		.uleb128 0xe
 1994 01fb 3A       		.uleb128 0x3a
 1995 01fc 0B       		.uleb128 0xb
 1996 01fd 3B       		.uleb128 0x3b
 1997 01fe 0B       		.uleb128 0xb
 1998 01ff 27       		.uleb128 0x27
 1999 0200 0C       		.uleb128 0xc
 2000 0201 3C       		.uleb128 0x3c
 2001 0202 0C       		.uleb128 0xc
 2002 0203 01       		.uleb128 0x1
 2003 0204 13       		.uleb128 0x13
 2004 0205 00       		.byte	0
 2005 0206 00       		.byte	0
 2006 0207 26       		.uleb128 0x26
 2007 0208 2E       		.uleb128 0x2e
 2008 0209 00       		.byte	0
 2009 020a 3F       		.uleb128 0x3f
 2010 020b 0C       		.uleb128 0xc
 2011 020c 03       		.uleb128 0x3
 2012 020d 0E       		.uleb128 0xe
 2013 020e 3A       		.uleb128 0x3a
 2014 020f 0B       		.uleb128 0xb
 2015 0210 3B       		.uleb128 0x3b
 2016 0211 0B       		.uleb128 0xb
 2017 0212 27       		.uleb128 0x27
 2018 0213 0C       		.uleb128 0xc
 2019 0214 49       		.uleb128 0x49
 2020 0215 13       		.uleb128 0x13
 2021 0216 3C       		.uleb128 0x3c
 2022 0217 0C       		.uleb128 0xc
 2023 0218 00       		.byte	0
 2024 0219 00       		.byte	0
 2025 021a 00       		.byte	0
 2026              		.section	.debug_loc,"",%progbits
 2027              	.Ldebug_loc0:
 2028              	.LLST0:
 2029 0000 00000000 		.4byte	.LFB8
 2030 0004 02000000 		.4byte	.LCFI0
 2031 0008 0200     		.2byte	0x2
 2032 000a 7D       		.byte	0x7d
 2033 000b 00       		.sleb128 0
 2034 000c 02000000 		.4byte	.LCFI0
ARM GAS  /var/folders/dt/0wfd0knj7gs46m8vwfzktm600000gn/T//ccBRTFkL.s 			page 37


 2035 0010 34000000 		.4byte	.LFE8
 2036 0014 0200     		.2byte	0x2
 2037 0016 7D       		.byte	0x7d
 2038 0017 10       		.sleb128 16
 2039 0018 00000000 		.4byte	0
 2040 001c 00000000 		.4byte	0
 2041              	.LLST1:
 2042 0020 00000000 		.4byte	.LVL1
 2043 0024 12000000 		.4byte	.LVL3
 2044 0028 0100     		.2byte	0x1
 2045 002a 50       		.byte	0x50
 2046 002b 12000000 		.4byte	.LVL3
 2047 002f 34000000 		.4byte	.LFE8
 2048 0033 0100     		.2byte	0x1
 2049 0035 54       		.byte	0x54
 2050 0036 00000000 		.4byte	0
 2051 003a 00000000 		.4byte	0
 2052              	.LLST2:
 2053 003e 00000000 		.4byte	.LVL1
 2054 0042 15000000 		.4byte	.LVL4-1
 2055 0046 0100     		.2byte	0x1
 2056 0048 51       		.byte	0x51
 2057 0049 15000000 		.4byte	.LVL4-1
 2058 004d 34000000 		.4byte	.LFE8
 2059 0051 0100     		.2byte	0x1
 2060 0053 55       		.byte	0x55
 2061 0054 00000000 		.4byte	0
 2062 0058 00000000 		.4byte	0
 2063              	.LLST3:
 2064 005c 00000000 		.4byte	.LVL1
 2065 0060 06000000 		.4byte	.LVL2
 2066 0064 0100     		.2byte	0x1
 2067 0066 52       		.byte	0x52
 2068 0067 06000000 		.4byte	.LVL2
 2069 006b 1A000000 		.4byte	.LVL5
 2070 006f 0100     		.2byte	0x1
 2071 0071 56       		.byte	0x56
 2072 0072 1A000000 		.4byte	.LVL5
 2073 0076 34000000 		.4byte	.LFE8
 2074 007a 0300     		.2byte	0x3
 2075 007c 76       		.byte	0x76
 2076 007d 08       		.sleb128 8
 2077 007e 9F       		.byte	0x9f
 2078 007f 00000000 		.4byte	0
 2079 0083 00000000 		.4byte	0
 2080              	.LLST4:
 2081 0087 00000000 		.4byte	.LFB9
 2082 008b 02000000 		.4byte	.LCFI1
 2083 008f 0200     		.2byte	0x2
 2084 0091 7D       		.byte	0x7d
 2085 0092 00       		.sleb128 0
 2086 0093 02000000 		.4byte	.LCFI1
 2087 0097 84000000 		.4byte	.LFE9
 2088 009b 0200     		.2byte	0x2
 2089 009d 7D       		.byte	0x7d
 2090 009e 18       		.sleb128 24
 2091 009f 00000000 		.4byte	0
ARM GAS  /var/folders/dt/0wfd0knj7gs46m8vwfzktm600000gn/T//ccBRTFkL.s 			page 38


 2092 00a3 00000000 		.4byte	0
 2093              	.LLST5:
 2094 00a7 00000000 		.4byte	.LVL8
 2095 00ab 0C000000 		.4byte	.LVL10
 2096 00af 0100     		.2byte	0x1
 2097 00b1 50       		.byte	0x50
 2098 00b2 0C000000 		.4byte	.LVL10
 2099 00b6 84000000 		.4byte	.LFE9
 2100 00ba 0100     		.2byte	0x1
 2101 00bc 56       		.byte	0x56
 2102 00bd 00000000 		.4byte	0
 2103 00c1 00000000 		.4byte	0
 2104              	.LLST6:
 2105 00c5 00000000 		.4byte	.LVL8
 2106 00c9 06000000 		.4byte	.LVL9
 2107 00cd 0100     		.2byte	0x1
 2108 00cf 51       		.byte	0x51
 2109 00d0 06000000 		.4byte	.LVL9
 2110 00d4 14000000 		.4byte	.LVL11
 2111 00d8 0300     		.2byte	0x3
 2112 00da 71       		.byte	0x71
 2113 00db 79       		.sleb128 -7
 2114 00dc 9F       		.byte	0x9f
 2115 00dd 14000000 		.4byte	.LVL11
 2116 00e1 84000000 		.4byte	.LFE9
 2117 00e5 0100     		.2byte	0x1
 2118 00e7 55       		.byte	0x55
 2119 00e8 00000000 		.4byte	0
 2120 00ec 00000000 		.4byte	0
 2121              	.LLST7:
 2122 00f0 18000000 		.4byte	.LVL12
 2123 00f4 4C000000 		.4byte	.LVL19
 2124 00f8 0100     		.2byte	0x1
 2125 00fa 54       		.byte	0x54
 2126 00fb 58000000 		.4byte	.LVL21
 2127 00ff 72000000 		.4byte	.LVL24
 2128 0103 0100     		.2byte	0x1
 2129 0105 54       		.byte	0x54
 2130 0106 7A000000 		.4byte	.LVL26
 2131 010a 7C000000 		.4byte	.LVL27
 2132 010e 0100     		.2byte	0x1
 2133 0110 54       		.byte	0x54
 2134 0111 00000000 		.4byte	0
 2135 0115 00000000 		.4byte	0
 2136              	.LLST8:
 2137 0119 1E000000 		.4byte	.LVL14
 2138 011d 20000000 		.4byte	.LVL15
 2139 0121 0100     		.2byte	0x1
 2140 0123 53       		.byte	0x53
 2141 0124 22000000 		.4byte	.LVL16
 2142 0128 53000000 		.4byte	.LVL20-1
 2143 012c 0100     		.2byte	0x1
 2144 012e 53       		.byte	0x53
 2145 012f 53000000 		.4byte	.LVL20-1
 2146 0133 54000000 		.4byte	.LVL20
 2147 0137 0300     		.2byte	0x3
 2148 0139 74       		.byte	0x74
ARM GAS  /var/folders/dt/0wfd0knj7gs46m8vwfzktm600000gn/T//ccBRTFkL.s 			page 39


 2149 013a 78       		.sleb128 -8
 2150 013b 9F       		.byte	0x9f
 2151 013c 58000000 		.4byte	.LVL21
 2152 0140 61000000 		.4byte	.LVL22-1
 2153 0144 0100     		.2byte	0x1
 2154 0146 53       		.byte	0x53
 2155 0147 6C000000 		.4byte	.LVL23
 2156 014b 76000000 		.4byte	.LVL25
 2157 014f 0100     		.2byte	0x1
 2158 0151 50       		.byte	0x50
 2159 0152 76000000 		.4byte	.LVL25
 2160 0156 7A000000 		.4byte	.LVL26
 2161 015a 0100     		.2byte	0x1
 2162 015c 54       		.byte	0x54
 2163 015d 00000000 		.4byte	0
 2164 0161 00000000 		.4byte	0
 2165              	.LLST9:
 2166 0165 42000000 		.4byte	.LVL17
 2167 0169 4A000000 		.4byte	.LVL18
 2168 016d 0100     		.2byte	0x1
 2169 016f 57       		.byte	0x57
 2170 0170 00000000 		.4byte	0
 2171 0174 00000000 		.4byte	0
 2172              	.LLST10:
 2173 0178 00000000 		.4byte	.LFB10
 2174 017c 02000000 		.4byte	.LCFI2
 2175 0180 0200     		.2byte	0x2
 2176 0182 7D       		.byte	0x7d
 2177 0183 00       		.sleb128 0
 2178 0184 02000000 		.4byte	.LCFI2
 2179 0188 B0000000 		.4byte	.LFE10
 2180 018c 0200     		.2byte	0x2
 2181 018e 7D       		.byte	0x7d
 2182 018f 18       		.sleb128 24
 2183 0190 00000000 		.4byte	0
 2184 0194 00000000 		.4byte	0
 2185              	.LLST11:
 2186 0198 00000000 		.4byte	.LVL28
 2187 019c 08000000 		.4byte	.LVL29
 2188 01a0 0100     		.2byte	0x1
 2189 01a2 50       		.byte	0x50
 2190 01a3 08000000 		.4byte	.LVL29
 2191 01a7 A0000000 		.4byte	.LVL38
 2192 01ab 0100     		.2byte	0x1
 2193 01ad 57       		.byte	0x57
 2194 01ae A0000000 		.4byte	.LVL38
 2195 01b2 A2000000 		.4byte	.LVL39
 2196 01b6 0100     		.2byte	0x1
 2197 01b8 50       		.byte	0x50
 2198 01b9 A2000000 		.4byte	.LVL39
 2199 01bd B0000000 		.4byte	.LFE10
 2200 01c1 0100     		.2byte	0x1
 2201 01c3 57       		.byte	0x57
 2202 01c4 00000000 		.4byte	0
 2203 01c8 00000000 		.4byte	0
 2204              	.LLST12:
 2205 01cc 1A000000 		.4byte	.LVL32
ARM GAS  /var/folders/dt/0wfd0knj7gs46m8vwfzktm600000gn/T//ccBRTFkL.s 			page 40


 2206 01d0 1C000000 		.4byte	.LVL33
 2207 01d4 0100     		.2byte	0x1
 2208 01d6 56       		.byte	0x56
 2209 01d7 1C000000 		.4byte	.LVL33
 2210 01db 3A000000 		.4byte	.LVL34
 2211 01df 0100     		.2byte	0x1
 2212 01e1 54       		.byte	0x54
 2213 01e2 3A000000 		.4byte	.LVL34
 2214 01e6 3E000000 		.4byte	.LVL35
 2215 01ea 0100     		.2byte	0x1
 2216 01ec 53       		.byte	0x53
 2217 01ed 3E000000 		.4byte	.LVL35
 2218 01f1 A0000000 		.4byte	.LVL38
 2219 01f5 0100     		.2byte	0x1
 2220 01f7 54       		.byte	0x54
 2221 01f8 00000000 		.4byte	0
 2222 01fc 00000000 		.4byte	0
 2223              	.LLST13:
 2224 0200 10000000 		.4byte	.LVL30
 2225 0204 A0000000 		.4byte	.LVL38
 2226 0208 0100     		.2byte	0x1
 2227 020a 55       		.byte	0x55
 2228 020b 00000000 		.4byte	0
 2229 020f 00000000 		.4byte	0
 2230              	.LLST14:
 2231 0213 10000000 		.4byte	.LVL30
 2232 0217 1A000000 		.4byte	.LVL32
 2233 021b 0100     		.2byte	0x1
 2234 021d 56       		.byte	0x56
 2235 021e 1A000000 		.4byte	.LVL32
 2236 0222 A0000000 		.4byte	.LVL38
 2237 0226 0300     		.2byte	0x3
 2238 0228 76       		.byte	0x76
 2239 0229 78       		.sleb128 -8
 2240 022a 9F       		.byte	0x9f
 2241 022b 00000000 		.4byte	0
 2242 022f 00000000 		.4byte	0
 2243              	.LLST15:
 2244 0233 00000000 		.4byte	.LFB11
 2245 0237 02000000 		.4byte	.LCFI3
 2246 023b 0200     		.2byte	0x2
 2247 023d 7D       		.byte	0x7d
 2248 023e 00       		.sleb128 0
 2249 023f 02000000 		.4byte	.LCFI3
 2250 0243 40000000 		.4byte	.LFE11
 2251 0247 0200     		.2byte	0x2
 2252 0249 7D       		.byte	0x7d
 2253 024a 10       		.sleb128 16
 2254 024b 00000000 		.4byte	0
 2255 024f 00000000 		.4byte	0
 2256              	.LLST16:
 2257 0253 00000000 		.4byte	.LVL41
 2258 0257 0C000000 		.4byte	.LVL42
 2259 025b 0100     		.2byte	0x1
 2260 025d 50       		.byte	0x50
 2261 025e 0C000000 		.4byte	.LVL42
 2262 0262 1C000000 		.4byte	.LVL44
ARM GAS  /var/folders/dt/0wfd0knj7gs46m8vwfzktm600000gn/T//ccBRTFkL.s 			page 41


 2263 0266 0100     		.2byte	0x1
 2264 0268 54       		.byte	0x54
 2265 0269 1C000000 		.4byte	.LVL44
 2266 026d 34000000 		.4byte	.LVL49
 2267 0271 1300     		.2byte	0x13
 2268 0273 F3       		.byte	0xf3
 2269 0274 01       		.uleb128 0x1
 2270 0275 50       		.byte	0x50
 2271 0276 03       		.byte	0x3
 2272 0277 00000000 		.4byte	.LANCHOR0
 2273 027b F3       		.byte	0xf3
 2274 027c 01       		.uleb128 0x1
 2275 027d 50       		.byte	0x50
 2276 027e 30       		.byte	0x30
 2277 027f 2E       		.byte	0x2e
 2278 0280 28       		.byte	0x28
 2279 0281 0100     		.2byte	0x1
 2280 0283 16       		.byte	0x16
 2281 0284 13       		.byte	0x13
 2282 0285 9F       		.byte	0x9f
 2283 0286 34000000 		.4byte	.LVL49
 2284 028a 38000000 		.4byte	.LVL50
 2285 028e 0100     		.2byte	0x1
 2286 0290 54       		.byte	0x54
 2287 0291 38000000 		.4byte	.LVL50
 2288 0295 40000000 		.4byte	.LFE11
 2289 0299 1300     		.2byte	0x13
 2290 029b F3       		.byte	0xf3
 2291 029c 01       		.uleb128 0x1
 2292 029d 50       		.byte	0x50
 2293 029e 03       		.byte	0x3
 2294 029f 00000000 		.4byte	.LANCHOR0
 2295 02a3 F3       		.byte	0xf3
 2296 02a4 01       		.uleb128 0x1
 2297 02a5 50       		.byte	0x50
 2298 02a6 30       		.byte	0x30
 2299 02a7 2E       		.byte	0x2e
 2300 02a8 28       		.byte	0x28
 2301 02a9 0100     		.2byte	0x1
 2302 02ab 16       		.byte	0x16
 2303 02ac 13       		.byte	0x13
 2304 02ad 9F       		.byte	0x9f
 2305 02ae 00000000 		.4byte	0
 2306 02b2 00000000 		.4byte	0
 2307              	.LLST17:
 2308 02b6 00000000 		.4byte	.LVL41
 2309 02ba 13000000 		.4byte	.LVL43-1
 2310 02be 0100     		.2byte	0x1
 2311 02c0 51       		.byte	0x51
 2312 02c1 13000000 		.4byte	.LVL43-1
 2313 02c5 40000000 		.4byte	.LFE11
 2314 02c9 0100     		.2byte	0x1
 2315 02cb 55       		.byte	0x55
 2316 02cc 00000000 		.4byte	0
 2317 02d0 00000000 		.4byte	0
 2318              	.LLST18:
 2319 02d4 14000000 		.4byte	.LVL43
ARM GAS  /var/folders/dt/0wfd0knj7gs46m8vwfzktm600000gn/T//ccBRTFkL.s 			page 42


 2320 02d8 1C000000 		.4byte	.LVL44
 2321 02dc 0300     		.2byte	0x3
 2322 02de 74       		.byte	0x74
 2323 02df 08       		.sleb128 8
 2324 02e0 9F       		.byte	0x9f
 2325 02e1 34000000 		.4byte	.LVL49
 2326 02e5 38000000 		.4byte	.LVL50
 2327 02e9 0300     		.2byte	0x3
 2328 02eb 74       		.byte	0x74
 2329 02ec 08       		.sleb128 8
 2330 02ed 9F       		.byte	0x9f
 2331 02ee 38000000 		.4byte	.LVL50
 2332 02f2 40000000 		.4byte	.LFE11
 2333 02f6 1500     		.2byte	0x15
 2334 02f8 F3       		.byte	0xf3
 2335 02f9 01       		.uleb128 0x1
 2336 02fa 50       		.byte	0x50
 2337 02fb 03       		.byte	0x3
 2338 02fc 00000000 		.4byte	.LANCHOR0
 2339 0300 F3       		.byte	0xf3
 2340 0301 01       		.uleb128 0x1
 2341 0302 50       		.byte	0x50
 2342 0303 30       		.byte	0x30
 2343 0304 2E       		.byte	0x2e
 2344 0305 28       		.byte	0x28
 2345 0306 0100     		.2byte	0x1
 2346 0308 16       		.byte	0x16
 2347 0309 13       		.byte	0x13
 2348 030a 23       		.byte	0x23
 2349 030b 08       		.uleb128 0x8
 2350 030c 9F       		.byte	0x9f
 2351 030d 00000000 		.4byte	0
 2352 0311 00000000 		.4byte	0
 2353              	.LLST19:
 2354 0315 14000000 		.4byte	.LVL43
 2355 0319 1C000000 		.4byte	.LVL44
 2356 031d 0200     		.2byte	0x2
 2357 031f 30       		.byte	0x30
 2358 0320 9F       		.byte	0x9f
 2359 0321 24000000 		.4byte	.LVL46
 2360 0325 28000000 		.4byte	.LVL47
 2361 0329 0100     		.2byte	0x1
 2362 032b 54       		.byte	0x54
 2363 032c 34000000 		.4byte	.LVL49
 2364 0330 40000000 		.4byte	.LFE11
 2365 0334 0200     		.2byte	0x2
 2366 0336 30       		.byte	0x30
 2367 0337 9F       		.byte	0x9f
 2368 0338 00000000 		.4byte	0
 2369 033c 00000000 		.4byte	0
 2370              	.LLST20:
 2371 0340 14000000 		.4byte	.LVL43
 2372 0344 1C000000 		.4byte	.LVL44
 2373 0348 0200     		.2byte	0x2
 2374 034a 30       		.byte	0x30
 2375 034b 9F       		.byte	0x9f
 2376 034c 22000000 		.4byte	.LVL45
ARM GAS  /var/folders/dt/0wfd0knj7gs46m8vwfzktm600000gn/T//ccBRTFkL.s 			page 43


 2377 0350 28000000 		.4byte	.LVL47
 2378 0354 0100     		.2byte	0x1
 2379 0356 52       		.byte	0x52
 2380 0357 34000000 		.4byte	.LVL49
 2381 035b 40000000 		.4byte	.LFE11
 2382 035f 0200     		.2byte	0x2
 2383 0361 30       		.byte	0x30
 2384 0362 9F       		.byte	0x9f
 2385 0363 00000000 		.4byte	0
 2386 0367 00000000 		.4byte	0
 2387              		.section	.debug_aranges,"",%progbits
 2388 0000 3C000000 		.4byte	0x3c
 2389 0004 0200     		.2byte	0x2
 2390 0006 00000000 		.4byte	.Ldebug_info0
 2391 000a 04       		.byte	0x4
 2392 000b 00       		.byte	0
 2393 000c 0000     		.2byte	0
 2394 000e 0000     		.2byte	0
 2395 0010 00000000 		.4byte	.LFB7
 2396 0014 20000000 		.4byte	.LFE7-.LFB7
 2397 0018 00000000 		.4byte	.LFB8
 2398 001c 34000000 		.4byte	.LFE8-.LFB8
 2399 0020 00000000 		.4byte	.LFB9
 2400 0024 84000000 		.4byte	.LFE9-.LFB9
 2401 0028 00000000 		.4byte	.LFB10
 2402 002c B0000000 		.4byte	.LFE10-.LFB10
 2403 0030 00000000 		.4byte	.LFB11
 2404 0034 40000000 		.4byte	.LFE11-.LFB11
 2405 0038 00000000 		.4byte	0
 2406 003c 00000000 		.4byte	0
 2407              		.section	.debug_ranges,"",%progbits
 2408              	.Ldebug_ranges0:
 2409 0000 00000000 		.4byte	.LFB7
 2410 0004 20000000 		.4byte	.LFE7
 2411 0008 00000000 		.4byte	.LFB8
 2412 000c 34000000 		.4byte	.LFE8
 2413 0010 00000000 		.4byte	.LFB9
 2414 0014 84000000 		.4byte	.LFE9
 2415 0018 00000000 		.4byte	.LFB10
 2416 001c B0000000 		.4byte	.LFE10
 2417 0020 00000000 		.4byte	.LFB11
 2418 0024 40000000 		.4byte	.LFE11
 2419 0028 00000000 		.4byte	0
 2420 002c 00000000 		.4byte	0
 2421              		.section	.debug_line,"",%progbits
 2422              	.Ldebug_line0:
 2423 0000 BD020000 		.section	.debug_str,"MS",%progbits,1
 2423      0200B101 
 2423      00000201 
 2423      FB0E0D00 
 2423      01010101 
 2424              	.LASF36:
 2425 0000 705F6D73 		.ascii	"p_msg\000"
 2425      6700
 2426              	.LASF2:
 2427 0006 73697A65 		.ascii	"size_t\000"
 2427      5F7400
ARM GAS  /var/folders/dt/0wfd0knj7gs46m8vwfzktm600000gn/T//ccBRTFkL.s 			page 44


 2428              	.LASF62:
 2429 000d 7264796D 		.ascii	"rdymsg\000"
 2429      736700
 2430              	.LASF12:
 2431 0014 75696E74 		.ascii	"uint64_t\000"
 2431      36345F74 
 2431      00
 2432              	.LASF52:
 2433 001d 6D656D67 		.ascii	"memgetfunc_t\000"
 2433      65746675 
 2433      6E635F74 
 2433      00
 2434              	.LASF13:
 2435 002a 6C6F6E67 		.ascii	"long long unsigned int\000"
 2435      206C6F6E 
 2435      6720756E 
 2435      7369676E 
 2435      65642069 
 2436              	.LASF63:
 2437 0041 65786974 		.ascii	"exitcode\000"
 2437      636F6465 
 2437      00
 2438              	.LASF56:
 2439 004a 685F6672 		.ascii	"h_free\000"
 2439      656500
 2440              	.LASF76:
 2441 0051 63684462 		.ascii	"chDbgPanic\000"
 2441      6750616E 
 2441      696300
 2442              	.LASF69:
 2443 005c 68656170 		.ascii	"heapp\000"
 2443      7000
 2444              	.LASF82:
 2445 0062 63684D74 		.ascii	"chMtxUnlock\000"
 2445      78556E6C 
 2445      6F636B00 
 2446              	.LASF68:
 2447 006e 63684865 		.ascii	"chHeapInit\000"
 2447      6170496E 
 2447      697400
 2448              	.LASF58:
 2449 0079 6E657874 		.ascii	"next\000"
 2449      00
 2450              	.LASF24:
 2451 007e 705F7072 		.ascii	"p_prio\000"
 2451      696F00
 2452              	.LASF11:
 2453 0085 6C6F6E67 		.ascii	"long long int\000"
 2453      206C6F6E 
 2453      6720696E 
 2453      7400
 2454              	.LASF1:
 2455 0093 7369676E 		.ascii	"signed char\000"
 2455      65642063 
 2455      68617200 
 2456              	.LASF57:
 2457 009f 685F6D74 		.ascii	"h_mtx\000"
ARM GAS  /var/folders/dt/0wfd0knj7gs46m8vwfzktm600000gn/T//ccBRTFkL.s 			page 45


 2457      7800
 2458              	.LASF40:
 2459 00a5 705F6D70 		.ascii	"p_mpool\000"
 2459      6F6F6C00 
 2460              	.LASF49:
 2461 00ad 6D5F7175 		.ascii	"m_queue\000"
 2461      65756500 
 2462              	.LASF70:
 2463 00b5 63684865 		.ascii	"chHeapFree\000"
 2463      61704672 
 2463      656500
 2464              	.LASF8:
 2465 00c0 6C6F6E67 		.ascii	"long int\000"
 2465      20696E74 
 2465      00
 2466              	.LASF79:
 2467 00c9 2E2E2F2E 		.ascii	"../../os/kernel/src/chheap.c\000"
 2467      2E2F6F73 
 2467      2F6B6572 
 2467      6E656C2F 
 2467      7372632F 
 2468              	.LASF15:
 2469 00e6 74737461 		.ascii	"tstate_t\000"
 2469      74655F74 
 2469      00
 2470              	.LASF26:
 2471 00ef 705F6E65 		.ascii	"p_newer\000"
 2471      77657200 
 2472              	.LASF43:
 2473 00f7 72656761 		.ascii	"regarm_t\000"
 2473      726D5F74 
 2473      00
 2474              	.LASF60:
 2475 0100 616C6967 		.ascii	"align\000"
 2475      6E00
 2476              	.LASF29:
 2477 0106 705F7374 		.ascii	"p_stklimit\000"
 2477      6B6C696D 
 2477      697400
 2478              	.LASF0:
 2479 0111 756E7369 		.ascii	"unsigned int\000"
 2479      676E6564 
 2479      20696E74 
 2479      00
 2480              	.LASF10:
 2481 011e 6C6F6E67 		.ascii	"long unsigned int\000"
 2481      20756E73 
 2481      69676E65 
 2481      6420696E 
 2481      7400
 2482              	.LASF46:
 2483 0130 636F6E74 		.ascii	"context\000"
 2483      65787400 
 2484              	.LASF61:
 2485 0138 73697A65 		.ascii	"size\000"
 2485      00
 2486              	.LASF6:
ARM GAS  /var/folders/dt/0wfd0knj7gs46m8vwfzktm600000gn/T//ccBRTFkL.s 			page 46


 2487 013d 73686F72 		.ascii	"short unsigned int\000"
 2487      7420756E 
 2487      7369676E 
 2487      65642069 
 2487      6E7400
 2488              	.LASF18:
 2489 0150 6D73675F 		.ascii	"msg_t\000"
 2489      7400
 2490              	.LASF14:
 2491 0156 746D6F64 		.ascii	"tmode_t\000"
 2491      655F7400 
 2492              	.LASF42:
 2493 015e 54687265 		.ascii	"ThreadsList\000"
 2493      6164734C 
 2493      69737400 
 2494              	.LASF19:
 2495 016a 6576656E 		.ascii	"eventmask_t\000"
 2495      746D6173 
 2495      6B5F7400 
 2496              	.LASF48:
 2497 0176 4D757465 		.ascii	"Mutex\000"
 2497      7800
 2498              	.LASF44:
 2499 017c 73746B61 		.ascii	"stkalign_t\000"
 2499      6C69676E 
 2499      5F7400
 2500              	.LASF47:
 2501 0187 73697A65 		.ascii	"sizetype\000"
 2501      74797065 
 2501      00
 2502              	.LASF77:
 2503 0190 63684D74 		.ascii	"chMtxLock\000"
 2503      784C6F63 
 2503      6B00
 2504              	.LASF27:
 2505 019a 705F6F6C 		.ascii	"p_older\000"
 2505      64657200 
 2506              	.LASF41:
 2507 01a2 54687265 		.ascii	"ThreadsQueue\000"
 2507      61647351 
 2507      75657565 
 2507      00
 2508              	.LASF78:
 2509 01af 474E5520 		.ascii	"GNU C 4.7.2\000"
 2509      4320342E 
 2509      372E3200 
 2510              	.LASF53:
 2511 01bb 4D656D6F 		.ascii	"MemoryHeap\000"
 2511      72794865 
 2511      617000
 2512              	.LASF16:
 2513 01c6 74726566 		.ascii	"trefs_t\000"
 2513      735F7400 
 2514              	.LASF23:
 2515 01ce 705F7072 		.ascii	"p_prev\000"
 2515      657600
 2516              	.LASF17:
ARM GAS  /var/folders/dt/0wfd0knj7gs46m8vwfzktm600000gn/T//ccBRTFkL.s 			page 47


 2517 01d5 74707269 		.ascii	"tprio_t\000"
 2517      6F5F7400 
 2518              	.LASF7:
 2519 01dd 696E7433 		.ascii	"int32_t\000"
 2519      325F7400 
 2520              	.LASF4:
 2521 01e5 756E7369 		.ascii	"unsigned char\000"
 2521      676E6564 
 2521      20636861 
 2521      7200
 2522              	.LASF55:
 2523 01f3 685F7072 		.ascii	"h_provider\000"
 2523      6F766964 
 2523      657200
 2524              	.LASF38:
 2525 01fe 705F6D74 		.ascii	"p_mtxlist\000"
 2525      786C6973 
 2525      7400
 2526              	.LASF5:
 2527 0208 73686F72 		.ascii	"short int\000"
 2527      7420696E 
 2527      7400
 2528              	.LASF30:
 2529 0212 705F7374 		.ascii	"p_state\000"
 2529      61746500 
 2530              	.LASF81:
 2531 021a 68656170 		.ascii	"heap_header\000"
 2531      5F686561 
 2531      64657200 
 2532              	.LASF65:
 2533 0226 65776D61 		.ascii	"ewmask\000"
 2533      736B00
 2534              	.LASF22:
 2535 022d 705F6E65 		.ascii	"p_next\000"
 2535      787400
 2536              	.LASF31:
 2537 0234 705F666C 		.ascii	"p_flags\000"
 2537      61677300 
 2538              	.LASF21:
 2539 023c 54687265 		.ascii	"Thread\000"
 2539      616400
 2540              	.LASF71:
 2541 0243 63684865 		.ascii	"chHeapAlloc\000"
 2541      6170416C 
 2541      6C6F6300 
 2542              	.LASF37:
 2543 024f 705F6570 		.ascii	"p_epending\000"
 2543      656E6469 
 2543      6E6700
 2544              	.LASF9:
 2545 025a 75696E74 		.ascii	"uint32_t\000"
 2545      33325F74 
 2545      00
 2546              	.LASF59:
 2547 0263 68656170 		.ascii	"heap\000"
 2547      00
 2548              	.LASF74:
ARM GAS  /var/folders/dt/0wfd0knj7gs46m8vwfzktm600000gn/T//ccBRTFkL.s 			page 48


 2549 0268 64656661 		.ascii	"default_heap\000"
 2549      756C745F 
 2549      68656170 
 2549      00
 2550              	.LASF66:
 2551 0275 63686172 		.ascii	"char\000"
 2551      00
 2552              	.LASF72:
 2553 027a 63684865 		.ascii	"chHeapStatus\000"
 2553      61705374 
 2553      61747573 
 2553      00
 2554              	.LASF51:
 2555 0287 6D5F6E65 		.ascii	"m_next\000"
 2555      787400
 2556              	.LASF20:
 2557 028e 73797374 		.ascii	"systime_t\000"
 2557      696D655F 
 2557      7400
 2558              	.LASF39:
 2559 0298 705F7265 		.ascii	"p_realprio\000"
 2559      616C7072 
 2559      696F00
 2560              	.LASF80:
 2561 02a3 2F746D70 		.ascii	"/tmp/mlab-chibios/demos/STM32F107-serialshell\000"
 2561      2F6D6C61 
 2561      622D6368 
 2561      6962696F 
 2561      732F6465 
 2562              	.LASF33:
 2563 02d1 705F7469 		.ascii	"p_time\000"
 2563      6D6500
 2564              	.LASF45:
 2565 02d8 696E7463 		.ascii	"intctx\000"
 2565      747800
 2566              	.LASF35:
 2567 02df 705F6D73 		.ascii	"p_msgqueue\000"
 2567      67717565 
 2567      756500
 2568              	.LASF75:
 2569 02ea 63684D74 		.ascii	"chMtxInit\000"
 2569      78496E69 
 2569      7400
 2570              	.LASF32:
 2571 02f4 705F7265 		.ascii	"p_refs\000"
 2571      667300
 2572              	.LASF3:
 2573 02fb 75696E74 		.ascii	"uint8_t\000"
 2573      385F7400 
 2574              	.LASF64:
 2575 0303 77746F62 		.ascii	"wtobjp\000"
 2575      6A7000
 2576              	.LASF73:
 2577 030a 73697A65 		.ascii	"sizep\000"
 2577      7000
 2578              	.LASF28:
 2579 0310 705F6E61 		.ascii	"p_name\000"
ARM GAS  /var/folders/dt/0wfd0knj7gs46m8vwfzktm600000gn/T//ccBRTFkL.s 			page 49


 2579      6D6500
 2580              	.LASF67:
 2581 0317 5F686561 		.ascii	"_heap_init\000"
 2581      705F696E 
 2581      697400
 2582              	.LASF50:
 2583 0322 6D5F6F77 		.ascii	"m_owner\000"
 2583      6E657200 
 2584              	.LASF25:
 2585 032a 705F6374 		.ascii	"p_ctx\000"
 2585      7800
 2586              	.LASF34:
 2587 0330 705F7761 		.ascii	"p_waiting\000"
 2587      6974696E 
 2587      6700
 2588              	.LASF54:
 2589 033a 6D656D6F 		.ascii	"memory_heap\000"
 2589      72795F68 
 2589      65617000 
 2590              		.ident	"GCC: (GNU) 4.7.2"
ARM GAS  /var/folders/dt/0wfd0knj7gs46m8vwfzktm600000gn/T//ccBRTFkL.s 			page 50


DEFINED SYMBOLS
                            *ABS*:0000000000000000 chheap.c
/var/folders/dt/0wfd0knj7gs46m8vwfzktm600000gn/T//ccBRTFkL.s:19     .text._heap_init:0000000000000000 $t
/var/folders/dt/0wfd0knj7gs46m8vwfzktm600000gn/T//ccBRTFkL.s:25     .text._heap_init:0000000000000000 _heap_init
/var/folders/dt/0wfd0knj7gs46m8vwfzktm600000gn/T//ccBRTFkL.s:507    .bss.default_heap:0000000000000000 .LANCHOR0
/var/folders/dt/0wfd0knj7gs46m8vwfzktm600000gn/T//ccBRTFkL.s:57     .text.chHeapInit:0000000000000000 $t
/var/folders/dt/0wfd0knj7gs46m8vwfzktm600000gn/T//ccBRTFkL.s:63     .text.chHeapInit:0000000000000000 chHeapInit
/var/folders/dt/0wfd0knj7gs46m8vwfzktm600000gn/T//ccBRTFkL.s:121    .text.chHeapInit:0000000000000030 $d
/var/folders/dt/0wfd0knj7gs46m8vwfzktm600000gn/T//ccBRTFkL.s:126    .text.chHeapAlloc:0000000000000000 $t
/var/folders/dt/0wfd0knj7gs46m8vwfzktm600000gn/T//ccBRTFkL.s:132    .text.chHeapAlloc:0000000000000000 chHeapAlloc
/var/folders/dt/0wfd0knj7gs46m8vwfzktm600000gn/T//ccBRTFkL.s:259    .text.chHeapAlloc:0000000000000080 $d
/var/folders/dt/0wfd0knj7gs46m8vwfzktm600000gn/T//ccBRTFkL.s:264    .text.chHeapFree:0000000000000000 $t
/var/folders/dt/0wfd0knj7gs46m8vwfzktm600000gn/T//ccBRTFkL.s:270    .text.chHeapFree:0000000000000000 chHeapFree
/var/folders/dt/0wfd0knj7gs46m8vwfzktm600000gn/T//ccBRTFkL.s:409    .text.chHeapFree:00000000000000a8 $d
/var/folders/dt/0wfd0knj7gs46m8vwfzktm600000gn/T//ccBRTFkL.s:415    .text.chHeapStatus:0000000000000000 $t
/var/folders/dt/0wfd0knj7gs46m8vwfzktm600000gn/T//ccBRTFkL.s:421    .text.chHeapStatus:0000000000000000 chHeapStatus
/var/folders/dt/0wfd0knj7gs46m8vwfzktm600000gn/T//ccBRTFkL.s:491    .text.chHeapStatus:000000000000003c $d
/var/folders/dt/0wfd0knj7gs46m8vwfzktm600000gn/T//ccBRTFkL.s:496    .rodata.str1.4:0000000000000000 $d
/var/folders/dt/0wfd0knj7gs46m8vwfzktm600000gn/T//ccBRTFkL.s:506    .bss.default_heap:0000000000000000 $d
/var/folders/dt/0wfd0knj7gs46m8vwfzktm600000gn/T//ccBRTFkL.s:510    .bss.default_heap:0000000000000000 default_heap
                     .debug_frame:0000000000000010 $d
/var/folders/dt/0wfd0knj7gs46m8vwfzktm600000gn/T//ccBRTFkL.s:125    .text.chHeapInit:0000000000000034 $t
/var/folders/dt/0wfd0knj7gs46m8vwfzktm600000gn/T//ccBRTFkL.s:263    .text.chHeapAlloc:0000000000000084 $t

UNDEFINED SYMBOLS
chCoreAlloc
chMtxInit
chDbgPanic
chMtxLock
chMtxUnlock
