ARM GAS  /var/folders/dt/0wfd0knj7gs46m8vwfzktm600000gn/T//cc3rsxX0.s 			page 1


   1              		.syntax unified
   2              		.cpu cortex-m3
   3              		.fpu softvfp
   4              		.eabi_attribute 20, 1
   5              		.eabi_attribute 21, 1
   6              		.eabi_attribute 23, 3
   7              		.eabi_attribute 24, 1
   8              		.eabi_attribute 25, 1
   9              		.eabi_attribute 26, 1
  10              		.eabi_attribute 30, 2
  11              		.eabi_attribute 34, 1
  12              		.eabi_attribute 18, 4
  13              		.thumb
  14              		.file	"chprintf.c"
  15              		.text
  16              	.Ltext0:
  17              		.cfi_sections	.debug_frame
  18              		.section	.text.ltoa,"ax",%progbits
  19              		.align	2
  20              		.p2align 4,,15
  21              		.thumb
  22              		.thumb_func
  23              		.type	ltoa, %function
  24              	ltoa:
  25              	.LFB7:
  26              		.file 1 "../../os/various/chprintf.c"
  27              		.loc 1 42 0
  28              		.cfi_startproc
  29              		@ args = 0, pretend = 0, frame = 0
  30              		@ frame_needed = 0, uses_anonymous_args = 0
  31              		@ link register save eliminated.
  32              	.LVL0:
  33 0000 70B4     		push	{r4, r5, r6}
  34              	.LCFI0:
  35              		.cfi_def_cfa_offset 12
  36              		.cfi_offset 4, -12
  37              		.cfi_offset 5, -8
  38              		.cfi_offset 6, -4
  39              		.loc 1 46 0
  40 0002 00F10B06 		add	r6, r0, #11
  41              	.LVL1:
  42              		.loc 1 42 0
  43 0006 00F10A04 		add	r4, r0, #10
  44              	.LVL2:
  45              	.L3:
  46              		.loc 1 48 0
  47 000a B1FBF2F5 		udiv	r5, r1, r2
  48 000e 02FB1511 		mls	r1, r2, r5, r1
  49              	.LVL3:
  50              		.loc 1 49 0
  51 0012 01F13003 		add	r3, r1, #48
  52              	.LVL4:
  53              		.loc 1 50 0
  54 0016 392B     		cmp	r3, #57
  55              		.loc 1 51 0
  56 0018 C8BF     		it	gt
  57 001a 01F13703 		addgt	r3, r1, #55
ARM GAS  /var/folders/dt/0wfd0knj7gs46m8vwfzktm600000gn/T//cc3rsxX0.s 			page 2


  58              	.LVL5:
  59              		.loc 1 52 0
  60 001e DBB2     		uxtb	r3, r3
  61              	.LVL6:
  62              		.loc 1 53 0
  63 0020 2946     		mov	r1, r5
  64              	.LVL7:
  65              		.loc 1 52 0
  66 0022 2546     		mov	r5, r4
  67              	.LVL8:
  68 0024 04F80139 		strb	r3, [r4], #-1
  69              	.LVL9:
  70              		.loc 1 53 0
  71 0028 0029     		cmp	r1, #0
  72 002a EED1     		bne	.L3
  73              	.LVL10:
  74              		.loc 1 55 0
  75 002c 711B     		subs	r1, r6, r5
  76              	.LVL11:
  77 002e 2A46     		mov	r2, r5
  78              	.LVL12:
  79              		.loc 1 42 0
  80 0030 4118     		adds	r1, r0, r1
  81              	.LVL13:
  82 0032 01E0     		b	.L5
  83              	.LVL14:
  84              	.L9:
  85 0034 12F8013F 		ldrb	r3, [r2, #1]!	@ zero_extendqisi2
  86              	.L5:
  87              		.loc 1 57 0 discriminator 1
  88 0038 00F8013B 		strb	r3, [r0], #1
  89              	.LVL15:
  90              		.loc 1 58 0 discriminator 1
  91 003c 8842     		cmp	r0, r1
  92 003e F9D1     		bne	.L9
  93              		.loc 1 61 0
  94 0040 70BC     		pop	{r4, r5, r6}
  95 0042 7047     		bx	lr
  96              		.cfi_endproc
  97              	.LFE7:
  98              		.size	ltoa, .-ltoa
  99 0044 AFF30080 		.section	.text.chprintf,"ax",%progbits
  99      AFF30080 
  99      AFF30080 
 100              		.align	2
 101              		.p2align 4,,15
 102              		.global	chprintf
 103              		.thumb
 104              		.thumb_func
 105              		.type	chprintf, %function
 106              	chprintf:
 107              	.LFB8:
 108              		.loc 1 86 0
 109              		.cfi_startproc
 110              		@ args = 4, pretend = 12, frame = 24
 111              		@ frame_needed = 0, uses_anonymous_args = 1
 112              	.LVL16:
ARM GAS  /var/folders/dt/0wfd0knj7gs46m8vwfzktm600000gn/T//cc3rsxX0.s 			page 3


 113 0000 0EB4     		push	{r1, r2, r3}
 114              	.LCFI1:
 115              		.cfi_def_cfa_offset 12
 116              		.cfi_offset 1, -12
 117              		.cfi_offset 2, -8
 118              		.cfi_offset 3, -4
 119 0002 2DE9F04F 		push	{r4, r5, r6, r7, r8, r9, sl, fp, lr}
 120              	.LCFI2:
 121              		.cfi_def_cfa_offset 48
 122              		.cfi_offset 4, -48
 123              		.cfi_offset 5, -44
 124              		.cfi_offset 6, -40
 125              		.cfi_offset 7, -36
 126              		.cfi_offset 8, -32
 127              		.cfi_offset 9, -28
 128              		.cfi_offset 10, -24
 129              		.cfi_offset 11, -20
 130              		.cfi_offset 14, -16
 131 0006 86B0     		sub	sp, sp, #24
 132              	.LCFI3:
 133              		.cfi_def_cfa_offset 72
 134              		.loc 1 86 0
 135 0008 0FAB     		add	r3, sp, #60
 136 000a 53F8044B 		ldr	r4, [r3], #4
 137              		.loc 1 197 0
 138 000e 0DF10D0C 		add	ip, sp, #13
 139              		.loc 1 105 0
 140 0012 0DF10C09 		add	r9, sp, #12
 141              		.loc 1 94 0
 142 0016 0293     		str	r3, [sp, #8]
 143 0018 C9EB0C03 		rsb	r3, r9, ip
 144              		.loc 1 197 0
 145 001c CDF800C0 		str	ip, [sp, #0]
 146              		.loc 1 86 0
 147 0020 0546     		mov	r5, r0
 148 0022 0193     		str	r3, [sp, #4]
 149              	.LVL17:
 150              	.L71:
 151              		.loc 1 96 0
 152 0024 2646     		mov	r6, r4
 153 0026 16F8011B 		ldrb	r1, [r6], #1	@ zero_extendqisi2
 154              	.LVL18:
 155              		.loc 1 97 0
 156 002a 69B1     		cbz	r1, .L70
 157              	.LVL19:
 158              	.L75:
 159              		.loc 1 101 0
 160 002c 2529     		cmp	r1, #37
 161 002e 10D0     		beq	.L13
 162              		.loc 1 102 0
 163 0030 2B68     		ldr	r3, [r5, #0]
 164              		.loc 1 96 0
 165 0032 3446     		mov	r4, r6
 166              		.loc 1 102 0
 167 0034 2846     		mov	r0, r5
 168 0036 1B69     		ldr	r3, [r3, #16]
 169 0038 4FF0FF32 		mov	r2, #-1
ARM GAS  /var/folders/dt/0wfd0knj7gs46m8vwfzktm600000gn/T//cc3rsxX0.s 			page 4


 170              		.loc 1 96 0
 171 003c 2646     		mov	r6, r4
 172              	.LVL20:
 173              		.loc 1 102 0
 174 003e 9847     		blx	r3
 175              	.LVL21:
 176              		.loc 1 96 0
 177 0040 16F8011B 		ldrb	r1, [r6], #1	@ zero_extendqisi2
 178              	.LVL22:
 179              		.loc 1 97 0
 180 0044 0029     		cmp	r1, #0
 181 0046 F1D1     		bne	.L75
 182              	.LVL23:
 183              	.L70:
 184              		.loc 1 222 0
 185 0048 06B0     		add	sp, sp, #24
 186 004a BDE8F04F 		pop	{r4, r5, r6, r7, r8, r9, sl, fp, lr}
 187 004e 03B0     		add	sp, sp, #12
 188 0050 7047     		bx	lr
 189              	.L13:
 190              	.LVL24:
 191              		.loc 1 108 0
 192 0052 6378     		ldrb	r3, [r4, #1]	@ zero_extendqisi2
 193 0054 2D2B     		cmp	r3, #45
 194              		.loc 1 107 0
 195 0056 18BF     		it	ne
 196 0058 4FF00008 		movne	r8, #0
 197              		.loc 1 108 0
 198 005c 00F01881 		beq	.L76
 199              	.LVL25:
 200              	.L15:
 201              		.loc 1 112 0
 202 0060 2027     		movs	r7, #32
 203              		.loc 1 113 0
 204 0062 2E2B     		cmp	r3, #46
 205 0064 00F01081 		beq	.L77
 206              	.LVL26:
 207              	.L16:
 208              		.loc 1 115 0
 209 0068 3446     		mov	r4, r6
 210 006a 0299     		ldr	r1, [sp, #8]
 211              		.loc 1 117 0
 212 006c 0026     		movs	r6, #0
 213              	.LVL27:
 214 006e 06E0     		b	.L19
 215              	.LVL28:
 216              	.L78:
 217              		.loc 1 123 0
 218 0070 0A78     		ldrb	r2, [r1, #0]	@ zero_extendqisi2
 219              	.LVL29:
 220 0072 0431     		adds	r1, r1, #4
 221              	.LVL30:
 222              	.L17:
 223              		.loc 1 126 0
 224 0074 06EB8606 		add	r6, r6, r6, lsl #2
 225              	.LVL31:
 226 0078 2378     		ldrb	r3, [r4, #0]	@ zero_extendqisi2
ARM GAS  /var/folders/dt/0wfd0knj7gs46m8vwfzktm600000gn/T//cc3rsxX0.s 			page 5


 227 007a 02EB4606 		add	r6, r2, r6, lsl #1
 228              	.LVL32:
 229              	.L19:
 230              		.loc 1 120 0
 231 007e A3F13002 		sub	r2, r3, #48
 232 0082 D2B2     		uxtb	r2, r2
 233              		.loc 1 119 0
 234 0084 0134     		adds	r4, r4, #1
 235              	.LVL33:
 236              		.loc 1 120 0
 237 0086 092A     		cmp	r2, #9
 238 0088 F4D9     		bls	.L17
 239              		.loc 1 122 0
 240 008a 2A2B     		cmp	r3, #42
 241 008c F0D0     		beq	.L78
 242              		.loc 1 129 0
 243 008e 0020     		movs	r0, #0
 244 0090 2E2B     		cmp	r3, #46
 245 0092 0291     		str	r1, [sp, #8]
 246              	.LVL34:
 247 0094 49D0     		beq	.L23
 248              	.LVL35:
 249              		.loc 1 143 0
 250 0096 03F0DF02 		and	r2, r3, #223
 251 009a 4C2A     		cmp	r2, #76
 252 009c 55D1     		bne	.L24
 253              	.LVL36:
 254              	.L79:
 255              		.loc 1 145 0
 256 009e 2278     		ldrb	r2, [r4, #0]	@ zero_extendqisi2
 257              		.loc 1 144 0
 258 00a0 0121     		movs	r1, #1
 259              		.loc 1 145 0
 260 00a2 12B1     		cbz	r2, .L25
 261              	.LVL37:
 262              		.loc 1 146 0
 263 00a4 0134     		adds	r4, r4, #1
 264              	.LVL38:
 265 00a6 1346     		mov	r3, r2
 266              		.loc 1 144 0
 267 00a8 0121     		movs	r1, #1
 268              	.LVL39:
 269              	.L25:
 270              		.loc 1 152 0
 271 00aa A3F14402 		sub	r2, r3, #68
 272 00ae 342A     		cmp	r2, #52
 273 00b0 00F2E280 		bhi	.L26
 274 00b4 DFE812F0 		tbh	[pc, r2, lsl #1]
 275              	.L33:
 276 00b8 D000     		.2byte	(.L27-.L33)/2
 277 00ba E000     		.2byte	(.L26-.L33)/2
 278 00bc E000     		.2byte	(.L26-.L33)/2
 279 00be E000     		.2byte	(.L26-.L33)/2
 280 00c0 E000     		.2byte	(.L26-.L33)/2
 281 00c2 E000     		.2byte	(.L26-.L33)/2
 282 00c4 E000     		.2byte	(.L26-.L33)/2
 283 00c6 E000     		.2byte	(.L26-.L33)/2
ARM GAS  /var/folders/dt/0wfd0knj7gs46m8vwfzktm600000gn/T//cc3rsxX0.s 			page 6


 284 00c8 E000     		.2byte	(.L26-.L33)/2
 285 00ca E000     		.2byte	(.L26-.L33)/2
 286 00cc E000     		.2byte	(.L26-.L33)/2
 287 00ce E600     		.2byte	(.L28-.L33)/2
 288 00d0 E000     		.2byte	(.L26-.L33)/2
 289 00d2 E000     		.2byte	(.L26-.L33)/2
 290 00d4 E000     		.2byte	(.L26-.L33)/2
 291 00d6 E000     		.2byte	(.L26-.L33)/2
 292 00d8 E000     		.2byte	(.L26-.L33)/2
 293 00da C800     		.2byte	(.L56-.L33)/2
 294 00dc E000     		.2byte	(.L26-.L33)/2
 295 00de E000     		.2byte	(.L26-.L33)/2
 296 00e0 BB00     		.2byte	(.L30-.L33)/2
 297 00e2 E000     		.2byte	(.L26-.L33)/2
 298 00e4 E000     		.2byte	(.L26-.L33)/2
 299 00e6 E000     		.2byte	(.L26-.L33)/2
 300 00e8 E000     		.2byte	(.L26-.L33)/2
 301 00ea E000     		.2byte	(.L26-.L33)/2
 302 00ec E000     		.2byte	(.L26-.L33)/2
 303 00ee E000     		.2byte	(.L26-.L33)/2
 304 00f0 E000     		.2byte	(.L26-.L33)/2
 305 00f2 E000     		.2byte	(.L26-.L33)/2
 306 00f4 E000     		.2byte	(.L26-.L33)/2
 307 00f6 9900     		.2byte	(.L31-.L33)/2
 308 00f8 D000     		.2byte	(.L27-.L33)/2
 309 00fa E000     		.2byte	(.L26-.L33)/2
 310 00fc E000     		.2byte	(.L26-.L33)/2
 311 00fe E000     		.2byte	(.L26-.L33)/2
 312 0100 E000     		.2byte	(.L26-.L33)/2
 313 0102 E000     		.2byte	(.L26-.L33)/2
 314 0104 E000     		.2byte	(.L26-.L33)/2
 315 0106 E000     		.2byte	(.L26-.L33)/2
 316 0108 E000     		.2byte	(.L26-.L33)/2
 317 010a E000     		.2byte	(.L26-.L33)/2
 318 010c E000     		.2byte	(.L26-.L33)/2
 319 010e E600     		.2byte	(.L28-.L33)/2
 320 0110 E000     		.2byte	(.L26-.L33)/2
 321 0112 E000     		.2byte	(.L26-.L33)/2
 322 0114 E000     		.2byte	(.L26-.L33)/2
 323 0116 5000     		.2byte	(.L32-.L33)/2
 324 0118 E000     		.2byte	(.L26-.L33)/2
 325 011a C800     		.2byte	(.L56-.L33)/2
 326 011c E000     		.2byte	(.L26-.L33)/2
 327 011e E000     		.2byte	(.L26-.L33)/2
 328 0120 BB00     		.2byte	(.L30-.L33)/2
 329              	.LVL40:
 330              	.L22:
 331              		.loc 1 135 0
 332 0122 0A78     		ldrb	r2, [r1, #0]	@ zero_extendqisi2
 333              	.LVL41:
 334 0124 0431     		adds	r1, r1, #4
 335              	.LVL42:
 336              	.L21:
 337              		.loc 1 139 0
 338 0126 02EB4C00 		add	r0, r2, ip, lsl #1
 339              	.LVL43:
 340              	.L23:
ARM GAS  /var/folders/dt/0wfd0knj7gs46m8vwfzktm600000gn/T//cc3rsxX0.s 			page 7


 341              		.loc 1 131 0
 342 012a 14F8013B 		ldrb	r3, [r4], #1	@ zero_extendqisi2
 343              	.LVL44:
 344              		.loc 1 138 0
 345 012e 00EB800C 		add	ip, r0, r0, lsl #2
 346              		.loc 1 132 0
 347 0132 A3F13002 		sub	r2, r3, #48
 348 0136 D2B2     		uxtb	r2, r2
 349 0138 092A     		cmp	r2, #9
 350 013a F4D9     		bls	.L21
 351              		.loc 1 134 0
 352 013c 2A2B     		cmp	r3, #42
 353 013e F0D0     		beq	.L22
 354              		.loc 1 143 0
 355 0140 03F0DF02 		and	r2, r3, #223
 356 0144 4C2A     		cmp	r2, #76
 357 0146 0291     		str	r1, [sp, #8]
 358 0148 A9D0     		beq	.L79
 359              	.LVL45:
 360              	.L24:
 361              		.loc 1 149 0
 362 014a A3F14101 		sub	r1, r3, #65
 363 014e 1929     		cmp	r1, #25
 364 0150 8CBF     		ite	hi
 365 0152 0021     		movhi	r1, #0
 366 0154 0121     		movls	r1, #1
 367              	.LVL46:
 368 0156 A8E7     		b	.L25
 369              	.LVL47:
 370              	.L32:
 371              		.loc 1 159 0
 372 0158 029B     		ldr	r3, [sp, #8]
 373              	.LVL48:
 374              		.loc 1 160 0
 375 015a 40F20002 		movw	r2, #:lower16:.LC0
 376              	.LVL49:
 377              		.loc 1 159 0
 378 015e D3F800A0 		ldr	sl, [r3, #0]
 379              	.LVL50:
 380              		.loc 1 160 0
 381 0162 C0F20002 		movt	r2, #:upper16:.LC0
 382 0166 BAF1000F 		cmp	sl, #0
 383 016a 08BF     		it	eq
 384 016c 9246     		moveq	sl, r2
 385              	.LVL51:
 386              		.loc 1 159 0
 387 016e 0433     		adds	r3, r3, #4
 388              		.loc 1 163 0
 389 0170 9AF80020 		ldrb	r2, [sl, #0]	@ zero_extendqisi2
 390              		.loc 1 159 0
 391 0174 0293     		str	r3, [sp, #8]
 392              		.loc 1 162 0
 393 0176 47F6FF73 		movw	r3, #32767
 394 017a 0028     		cmp	r0, #0
 395 017c 08BF     		it	eq
 396 017e 1846     		moveq	r0, r3
 397              	.LVL52:
ARM GAS  /var/folders/dt/0wfd0knj7gs46m8vwfzktm600000gn/T//cc3rsxX0.s 			page 8


 398              		.loc 1 163 0
 399 0180 002A     		cmp	r2, #0
 400 0182 00F0A880 		beq	.L59
 401              	.LVL53:
 402 0186 5346     		mov	r3, sl
 403              		.loc 1 86 0
 404 0188 5044     		add	r0, sl, r0
 405              	.LVL54:
 406 018a 02E0     		b	.L38
 407              	.LVL55:
 408              	.L37:
 409              		.loc 1 163 0 discriminator 2
 410 018c 9042     		cmp	r0, r2
 411 018e 00F09E80 		beq	.L80
 412              	.LVL56:
 413              	.L38:
 414              		.loc 1 163 0 is_stmt 0 discriminator 1
 415 0192 5978     		ldrb	r1, [r3, #1]	@ zero_extendqisi2
 416              		.loc 1 86 0 is_stmt 1 discriminator 1
 417 0194 5A1C     		adds	r2, r3, #1
 418              	.LVL57:
 419 0196 1346     		mov	r3, r2
 420              		.loc 1 163 0 discriminator 1
 421 0198 0029     		cmp	r1, #0
 422 019a F7D1     		bne	.L37
 423 019c CAEB020B 		rsb	fp, sl, r2
 424              		.loc 1 201 0
 425 01a0 CBEB0606 		rsb	r6, fp, r6
 426              	.LVL58:
 427              		.loc 1 158 0
 428 01a4 2027     		movs	r7, #32
 429              	.LVL59:
 430 01a6 26EAE676 		bic	r6, r6, r6, asr #31
 431              	.LVL60:
 432              		.loc 1 203 0
 433 01aa B8F1000F 		cmp	r8, #0
 434 01ae 2DD0     		beq	.L81
 435              	.LVL61:
 436              	.L44:
 437              		.loc 1 214 0 discriminator 1
 438 01b0 BBF1000F 		cmp	fp, #0
 439              		.loc 1 86 0 discriminator 1
 440 01b4 C8BF     		it	gt
 441 01b6 0AEB0B08 		addgt	r8, sl, fp
 442              	.LVL62:
 443              		.loc 1 214 0 discriminator 1
 444 01ba 09DD     		ble	.L50
 445              	.LVL63:
 446              	.L49:
 447              		.loc 1 215 0
 448 01bc 2B68     		ldr	r3, [r5, #0]
 449 01be 1AF8011B 		ldrb	r1, [sl], #1	@ zero_extendqisi2
 450              	.LVL64:
 451 01c2 1B69     		ldr	r3, [r3, #16]
 452 01c4 2846     		mov	r0, r5
 453 01c6 4FF0FF32 		mov	r2, #-1
 454 01ca 9847     		blx	r3
ARM GAS  /var/folders/dt/0wfd0knj7gs46m8vwfzktm600000gn/T//cc3rsxX0.s 			page 9


 455              	.LVL65:
 456              		.loc 1 214 0
 457 01cc C245     		cmp	sl, r8
 458 01ce F5D1     		bne	.L49
 459              	.L50:
 460              	.LVL66:
 461              		.loc 1 217 0
 462 01d0 002E     		cmp	r6, #0
 463 01d2 3FF427AF 		beq	.L71
 464              	.L63:
 465              		.loc 1 218 0
 466 01d6 2B68     		ldr	r3, [r5, #0]
 467 01d8 2846     		mov	r0, r5
 468 01da 1B69     		ldr	r3, [r3, #16]
 469 01dc 3946     		mov	r1, r7
 470 01de 4FF0FF32 		mov	r2, #-1
 471 01e2 9847     		blx	r3
 472              	.LVL67:
 473              		.loc 1 217 0
 474 01e4 013E     		subs	r6, r6, #1
 475              	.LVL68:
 476 01e6 F6D1     		bne	.L63
 477 01e8 1CE7     		b	.L71
 478              	.LVL69:
 479              	.L31:
 480              		.loc 1 155 0
 481 01ea 029B     		ldr	r3, [sp, #8]
 482              	.LVL70:
 483 01ec DDF804B0 		ldr	fp, [sp, #4]
 484 01f0 1A68     		ldr	r2, [r3, #0]
 485              	.LVL71:
 486 01f2 0433     		adds	r3, r3, #4
 487 01f4 0293     		str	r3, [sp, #8]
 488 01f6 8DF80C20 		strb	r2, [sp, #12]
 489              	.LVL72:
 490              		.loc 1 154 0
 491 01fa 2027     		movs	r7, #32
 492              		.loc 1 106 0
 493 01fc CA46     		mov	sl, r9
 494              	.LVL73:
 495              	.L34:
 496              		.loc 1 201 0
 497 01fe CBEB0606 		rsb	r6, fp, r6
 498              	.LVL74:
 499 0202 26EAE676 		bic	r6, r6, r6, asr #31
 500              	.LVL75:
 501              		.loc 1 203 0
 502 0206 B8F1000F 		cmp	r8, #0
 503 020a D1D1     		bne	.L44
 504              	.LVL76:
 505              	.L81:
 506              		.loc 1 204 0
 507 020c 7642     		negs	r6, r6
 508              	.LVL77:
 509              		.loc 1 205 0
 510 020e 002E     		cmp	r6, #0
 511 0210 CED0     		beq	.L44
ARM GAS  /var/folders/dt/0wfd0knj7gs46m8vwfzktm600000gn/T//cc3rsxX0.s 			page 10


 512              		.loc 1 206 0
 513 0212 9AF80010 		ldrb	r1, [sl, #0]	@ zero_extendqisi2
 514 0216 2D29     		cmp	r1, #45
 515 0218 4CD0     		beq	.L82
 516              	.LVL78:
 517              	.L64:
 518              		.loc 1 211 0 discriminator 1
 519 021a 2B68     		ldr	r3, [r5, #0]
 520 021c 2846     		mov	r0, r5
 521 021e 1B69     		ldr	r3, [r3, #16]
 522 0220 3946     		mov	r1, r7
 523 0222 4FF0FF32 		mov	r2, #-1
 524 0226 9847     		blx	r3
 525              	.LVL79:
 526              		.loc 1 212 0 discriminator 1
 527 0228 0136     		adds	r6, r6, #1
 528              	.LVL80:
 529 022a F6D1     		bne	.L64
 530 022c C0E7     		b	.L44
 531              	.LVL81:
 532              	.L30:
 533              		.loc 1 152 0
 534 022e 1022     		movs	r2, #16
 535              	.LVL82:
 536              	.L29:
 537              		.loc 1 191 0
 538 0230 029B     		ldr	r3, [sp, #8]
 539              		.loc 1 190 0
 540 0232 69B1     		cbz	r1, .L42
 541              	.L83:
 542              		.loc 1 191 0
 543 0234 191D     		adds	r1, r3, #4
 544              	.LVL83:
 545 0236 0291     		str	r1, [sp, #8]
 546 0238 1968     		ldr	r1, [r3, #0]
 547              	.LVL84:
 548              	.L43:
 549              		.loc 1 194 0
 550 023a 4846     		mov	r0, r9
 551 023c FFF7FEFF 		bl	ltoa
 552              	.LVL85:
 553              		.loc 1 106 0
 554 0240 CA46     		mov	sl, r9
 555 0242 C9EB000B 		rsb	fp, r9, r0
 556              		.loc 1 195 0
 557 0246 DAE7     		b	.L34
 558              	.LVL86:
 559              	.L56:
 560              		.loc 1 152 0
 561 0248 0A22     		movs	r2, #10
 562              	.LVL87:
 563              		.loc 1 191 0
 564 024a 029B     		ldr	r3, [sp, #8]
 565              		.loc 1 190 0
 566 024c 0029     		cmp	r1, #0
 567 024e F1D1     		bne	.L83
 568              	.L42:
ARM GAS  /var/folders/dt/0wfd0knj7gs46m8vwfzktm600000gn/T//cc3rsxX0.s 			page 11


 569              		.loc 1 193 0
 570 0250 181D     		adds	r0, r3, #4
 571              	.LVL88:
 572 0252 1968     		ldr	r1, [r3, #0]
 573              	.LVL89:
 574 0254 0290     		str	r0, [sp, #8]
 575 0256 F0E7     		b	.L43
 576              	.LVL90:
 577              	.L27:
 578              		.loc 1 169 0
 579 0258 029B     		ldr	r3, [sp, #8]
 580              	.LVL91:
 581 025a 1A1D     		adds	r2, r3, #4
 582              	.LVL92:
 583              		.loc 1 168 0
 584 025c E9B9     		cbnz	r1, .L84
 585              		.loc 1 171 0
 586 025e 1968     		ldr	r1, [r3, #0]
 587              	.LVL93:
 588 0260 0292     		str	r2, [sp, #8]
 589              		.loc 1 172 0
 590 0262 0029     		cmp	r1, #0
 591              		.loc 1 105 0
 592 0264 A8BF     		it	ge
 593 0266 4846     		movge	r0, r9
 594              	.LVL94:
 595              		.loc 1 172 0
 596 0268 1DDB     		blt	.L85
 597              	.LVL95:
 598              	.L41:
 599              		.loc 1 176 0
 600 026a 0A22     		movs	r2, #10
 601 026c FFF7FEFF 		bl	ltoa
 602              	.LVL96:
 603              		.loc 1 106 0
 604 0270 CA46     		mov	sl, r9
 605 0272 C9EB000B 		rsb	fp, r9, r0
 606              		.loc 1 177 0
 607 0276 C2E7     		b	.L34
 608              	.LVL97:
 609              	.L26:
 610              		.loc 1 197 0
 611 0278 8DF80C30 		strb	r3, [sp, #12]
 612              	.LVL98:
 613 027c DDF804B0 		ldr	fp, [sp, #4]
 614              		.loc 1 106 0
 615 0280 CA46     		mov	sl, r9
 616              		.loc 1 198 0
 617 0282 BCE7     		b	.L34
 618              	.LVL99:
 619              	.L28:
 620 0284 0822     		movs	r2, #8
 621 0286 D3E7     		b	.L29
 622              	.LVL100:
 623              	.L77:
 624 0288 7378     		ldrb	r3, [r6, #1]	@ zero_extendqisi2
 625              		.loc 1 115 0
ARM GAS  /var/folders/dt/0wfd0knj7gs46m8vwfzktm600000gn/T//cc3rsxX0.s 			page 12


 626 028a 3027     		movs	r7, #48
 627              		.loc 1 114 0
 628 028c 0136     		adds	r6, r6, #1
 629              	.LVL101:
 630 028e EBE6     		b	.L16
 631              	.LVL102:
 632              	.L76:
 633              		.loc 1 109 0
 634 0290 A61C     		adds	r6, r4, #2
 635              	.LVL103:
 636 0292 A378     		ldrb	r3, [r4, #2]	@ zero_extendqisi2
 637              		.loc 1 110 0
 638 0294 4FF00108 		mov	r8, #1
 639 0298 E2E6     		b	.L15
 640              	.LVL104:
 641              	.L84:
 642              		.loc 1 169 0
 643 029a 1968     		ldr	r1, [r3, #0]
 644              	.LVL105:
 645 029c 0292     		str	r2, [sp, #8]
 646              		.loc 1 172 0
 647 029e 0029     		cmp	r1, #0
 648              		.loc 1 105 0
 649 02a0 A8BF     		it	ge
 650 02a2 4846     		movge	r0, r9
 651              	.LVL106:
 652              		.loc 1 172 0
 653 02a4 E1DA     		bge	.L41
 654              	.L85:
 655              		.loc 1 173 0
 656 02a6 2D23     		movs	r3, #45
 657 02a8 8DF80C30 		strb	r3, [sp, #12]
 658              	.LVL107:
 659              		.loc 1 174 0
 660 02ac 4942     		negs	r1, r1
 661              	.LVL108:
 662              		.loc 1 173 0
 663 02ae 0DF10D00 		add	r0, sp, #13
 664 02b2 DAE7     		b	.L41
 665              	.LVL109:
 666              	.L82:
 667              		.loc 1 206 0 discriminator 1
 668 02b4 302F     		cmp	r7, #48
 669 02b6 B0D1     		bne	.L64
 670              		.loc 1 207 0
 671 02b8 2B68     		ldr	r3, [r5, #0]
 672 02ba 2846     		mov	r0, r5
 673 02bc 1B69     		ldr	r3, [r3, #16]
 674 02be 4FF0FF32 		mov	r2, #-1
 675 02c2 9847     		blx	r3
 676              	.LVL110:
 677 02c4 0AF1010A 		add	sl, sl, #1
 678              	.LVL111:
 679              		.loc 1 208 0
 680 02c8 0BF1FF3B 		add	fp, fp, #-1
 681              	.LVL112:
 682 02cc A5E7     		b	.L64
ARM GAS  /var/folders/dt/0wfd0knj7gs46m8vwfzktm600000gn/T//cc3rsxX0.s 			page 13


 683              	.LVL113:
 684              	.L80:
 685 02ce CAEB000B 		rsb	fp, sl, r0
 686              		.loc 1 158 0
 687 02d2 2027     		movs	r7, #32
 688 02d4 93E7     		b	.L34
 689              	.LVL114:
 690              	.L59:
 691              		.loc 1 163 0
 692 02d6 9346     		mov	fp, r2
 693              		.loc 1 158 0
 694 02d8 2027     		movs	r7, #32
 695 02da 90E7     		b	.L34
 696              		.cfi_endproc
 697              	.LFE8:
 698              		.size	chprintf, .-chprintf
 699 02dc AFF30080 		.section	.rodata.str1.4,"aMS",%progbits,1
 700              		.align	2
 701              	.LC0:
 702 0000 286E756C 		.ascii	"(null)\000"
 702      6C2900
 703 0007 00       		.text
 704              	.Letext0:
 705              		.file 2 "/Users/toxygen/Applications/yagarto-4.7.2/bin/../lib/gcc/arm-none-eabi/4.7.2/include/stda
 706              		.file 3 "/Users/toxygen/Applications/yagarto-4.7.2/bin/../lib/gcc/arm-none-eabi/4.7.2/include/stdd
 707              		.file 4 "/Users/toxygen/Applications/yagarto-4.7.2/bin/../lib/gcc/arm-none-eabi/4.7.2/../../../../
 708              		.file 5 "../../os/ports/GCC/ARMCMx/chtypes.h"
 709              		.file 6 "<built-in>"
 710              		.file 7 "../../os/kernel/include/chioch.h"
 711              		.section	.debug_info,"",%progbits
 712              	.Ldebug_info0:
 713 0000 9E040000 		.4byte	0x49e
 714 0004 0200     		.2byte	0x2
 715 0006 00000000 		.4byte	.Ldebug_abbrev0
 716 000a 04       		.byte	0x4
 717 000b 01       		.uleb128 0x1
 718 000c 89010000 		.4byte	.LASF36
 719 0010 01       		.byte	0x1
 720 0011 E6000000 		.4byte	.LASF37
 721 0015 8F000000 		.4byte	.LASF38
 722 0019 00000000 		.4byte	.Ldebug_ranges0+0
 723 001d 00000000 		.4byte	0
 724 0021 00000000 		.4byte	0
 725 0025 00000000 		.4byte	.Ldebug_line0
 726 0029 02       		.uleb128 0x2
 727 002a CB000000 		.4byte	.LASF0
 728 002e 02       		.byte	0x2
 729 002f 28       		.byte	0x28
 730 0030 34000000 		.4byte	0x34
 731 0034 03       		.uleb128 0x3
 732 0035 62010000 		.4byte	.LASF20
 733 0039 04       		.byte	0x4
 734 003a 06       		.byte	0x6
 735 003b 00       		.byte	0
 736 003c 4E000000 		.4byte	0x4e
 737 0040 04       		.uleb128 0x4
 738 0041 11000000 		.4byte	.LASF39
ARM GAS  /var/folders/dt/0wfd0knj7gs46m8vwfzktm600000gn/T//cc3rsxX0.s 			page 14


 739 0045 4E000000 		.4byte	0x4e
 740 0049 02       		.byte	0x2
 741 004a 23       		.byte	0x23
 742 004b 00       		.uleb128 0
 743 004c 01       		.byte	0x1
 744 004d 00       		.byte	0
 745 004e 05       		.uleb128 0x5
 746 004f 04       		.byte	0x4
 747 0050 02       		.uleb128 0x2
 748 0051 39000000 		.4byte	.LASF1
 749 0055 02       		.byte	0x2
 750 0056 66       		.byte	0x66
 751 0057 29000000 		.4byte	0x29
 752 005b 06       		.uleb128 0x6
 753 005c 04       		.byte	0x4
 754 005d 05       		.byte	0x5
 755 005e 696E7400 		.ascii	"int\000"
 756 0062 02       		.uleb128 0x2
 757 0063 00000000 		.4byte	.LASF2
 758 0067 03       		.byte	0x3
 759 0068 D5       		.byte	0xd5
 760 0069 6D000000 		.4byte	0x6d
 761 006d 07       		.uleb128 0x7
 762 006e 04       		.byte	0x4
 763 006f 07       		.byte	0x7
 764 0070 1E000000 		.4byte	.LASF3
 765 0074 07       		.uleb128 0x7
 766 0075 01       		.byte	0x1
 767 0076 06       		.byte	0x6
 768 0077 CC010000 		.4byte	.LASF4
 769 007b 02       		.uleb128 0x2
 770 007c 19010000 		.4byte	.LASF5
 771 0080 04       		.byte	0x4
 772 0081 2A       		.byte	0x2a
 773 0082 86000000 		.4byte	0x86
 774 0086 07       		.uleb128 0x7
 775 0087 01       		.byte	0x1
 776 0088 08       		.byte	0x8
 777 0089 41000000 		.4byte	.LASF6
 778 008d 07       		.uleb128 0x7
 779 008e 02       		.byte	0x2
 780 008f 05       		.byte	0x5
 781 0090 A0010000 		.4byte	.LASF7
 782 0094 07       		.uleb128 0x7
 783 0095 02       		.byte	0x2
 784 0096 07       		.byte	0x7
 785 0097 67000000 		.4byte	.LASF8
 786 009b 02       		.uleb128 0x2
 787 009c 4A010000 		.4byte	.LASF9
 788 00a0 04       		.byte	0x4
 789 00a1 4F       		.byte	0x4f
 790 00a2 A6000000 		.4byte	0xa6
 791 00a6 07       		.uleb128 0x7
 792 00a7 04       		.byte	0x4
 793 00a8 05       		.byte	0x5
 794 00a9 C3010000 		.4byte	.LASF10
 795 00ad 02       		.uleb128 0x2
ARM GAS  /var/folders/dt/0wfd0knj7gs46m8vwfzktm600000gn/T//cc3rsxX0.s 			page 15


 796 00ae BA010000 		.4byte	.LASF11
 797 00b2 04       		.byte	0x4
 798 00b3 50       		.byte	0x50
 799 00b4 B8000000 		.4byte	0xb8
 800 00b8 07       		.uleb128 0x7
 801 00b9 04       		.byte	0x4
 802 00ba 07       		.byte	0x7
 803 00bb 55000000 		.4byte	.LASF12
 804 00bf 07       		.uleb128 0x7
 805 00c0 08       		.byte	0x8
 806 00c1 05       		.byte	0x5
 807 00c2 6C010000 		.4byte	.LASF13
 808 00c6 07       		.uleb128 0x7
 809 00c7 08       		.byte	0x8
 810 00c8 07       		.byte	0x7
 811 00c9 02010000 		.4byte	.LASF14
 812 00cd 02       		.uleb128 0x2
 813 00ce 2B000000 		.4byte	.LASF15
 814 00d2 05       		.byte	0x5
 815 00d3 2E       		.byte	0x2e
 816 00d4 9B000000 		.4byte	0x9b
 817 00d8 02       		.uleb128 0x2
 818 00d9 35010000 		.4byte	.LASF16
 819 00dd 05       		.byte	0x5
 820 00de 33       		.byte	0x33
 821 00df 9B000000 		.4byte	0x9b
 822 00e3 02       		.uleb128 0x2
 823 00e4 07000000 		.4byte	.LASF17
 824 00e8 05       		.byte	0x5
 825 00e9 36       		.byte	0x36
 826 00ea AD000000 		.4byte	0xad
 827 00ee 07       		.uleb128 0x7
 828 00ef 04       		.byte	0x4
 829 00f0 07       		.byte	0x7
 830 00f1 52010000 		.4byte	.LASF18
 831 00f5 08       		.uleb128 0x8
 832 00f6 04       		.byte	0x4
 833 00f7 FB000000 		.4byte	0xfb
 834 00fb 09       		.uleb128 0x9
 835 00fc 00010000 		.4byte	0x100
 836 0100 07       		.uleb128 0x7
 837 0101 01       		.byte	0x1
 838 0102 08       		.byte	0x8
 839 0103 84010000 		.4byte	.LASF19
 840 0107 08       		.uleb128 0x8
 841 0108 04       		.byte	0x4
 842 0109 7B000000 		.4byte	0x7b
 843 010d 0A       		.uleb128 0xa
 844 010e 01       		.byte	0x1
 845 010f 62000000 		.4byte	0x62
 846 0113 27010000 		.4byte	0x127
 847 0117 0B       		.uleb128 0xb
 848 0118 4E000000 		.4byte	0x4e
 849 011c 0B       		.uleb128 0xb
 850 011d 27010000 		.4byte	0x127
 851 0121 0B       		.uleb128 0xb
 852 0122 62000000 		.4byte	0x62
ARM GAS  /var/folders/dt/0wfd0knj7gs46m8vwfzktm600000gn/T//cc3rsxX0.s 			page 16


 853 0126 00       		.byte	0
 854 0127 08       		.uleb128 0x8
 855 0128 04       		.byte	0x4
 856 0129 2D010000 		.4byte	0x12d
 857 012d 09       		.uleb128 0x9
 858 012e 7B000000 		.4byte	0x7b
 859 0132 08       		.uleb128 0x8
 860 0133 04       		.byte	0x4
 861 0134 0D010000 		.4byte	0x10d
 862 0138 0A       		.uleb128 0xa
 863 0139 01       		.byte	0x1
 864 013a 62000000 		.4byte	0x62
 865 013e 52010000 		.4byte	0x152
 866 0142 0B       		.uleb128 0xb
 867 0143 4E000000 		.4byte	0x4e
 868 0147 0B       		.uleb128 0xb
 869 0148 07010000 		.4byte	0x107
 870 014c 0B       		.uleb128 0xb
 871 014d 62000000 		.4byte	0x62
 872 0151 00       		.byte	0
 873 0152 08       		.uleb128 0x8
 874 0153 04       		.byte	0x4
 875 0154 38010000 		.4byte	0x138
 876 0158 03       		.uleb128 0x3
 877 0159 3B010000 		.4byte	.LASF21
 878 015d 20       		.byte	0x20
 879 015e 07       		.byte	0x7
 880 015f 51       		.byte	0x51
 881 0160 D5010000 		.4byte	0x1d5
 882 0164 0C       		.uleb128 0xc
 883 0165 7A000000 		.4byte	.LASF22
 884 0169 07       		.byte	0x7
 885 016a 52       		.byte	0x52
 886 016b 32010000 		.4byte	0x132
 887 016f 02       		.byte	0x2
 888 0170 23       		.byte	0x23
 889 0171 00       		.uleb128 0
 890 0172 0C       		.uleb128 0xc
 891 0173 DA000000 		.4byte	.LASF23
 892 0177 07       		.byte	0x7
 893 0178 52       		.byte	0x52
 894 0179 52010000 		.4byte	0x152
 895 017d 02       		.byte	0x2
 896 017e 23       		.byte	0x23
 897 017f 04       		.uleb128 0x4
 898 0180 0C       		.uleb128 0xc
 899 0181 BD000000 		.4byte	.LASF24
 900 0185 07       		.byte	0x7
 901 0186 52       		.byte	0x52
 902 0187 E5010000 		.4byte	0x1e5
 903 018b 02       		.byte	0x2
 904 018c 23       		.byte	0x23
 905 018d 08       		.uleb128 0x8
 906 018e 0C       		.uleb128 0xc
 907 018f 27010000 		.4byte	.LASF25
 908 0193 07       		.byte	0x7
 909 0194 52       		.byte	0x52
ARM GAS  /var/folders/dt/0wfd0knj7gs46m8vwfzktm600000gn/T//cc3rsxX0.s 			page 17


 910 0195 E5010000 		.4byte	0x1e5
 911 0199 02       		.byte	0x2
 912 019a 23       		.byte	0x23
 913 019b 0C       		.uleb128 0xc
 914 019c 0D       		.uleb128 0xd
 915 019d 70757400 		.ascii	"put\000"
 916 01a1 07       		.byte	0x7
 917 01a2 52       		.byte	0x52
 918 01a3 05020000 		.4byte	0x205
 919 01a7 02       		.byte	0x2
 920 01a8 23       		.byte	0x23
 921 01a9 10       		.uleb128 0x10
 922 01aa 0D       		.uleb128 0xd
 923 01ab 67657400 		.ascii	"get\000"
 924 01af 07       		.byte	0x7
 925 01b0 52       		.byte	0x52
 926 01b1 20020000 		.4byte	0x220
 927 01b5 02       		.byte	0x2
 928 01b6 23       		.byte	0x23
 929 01b7 14       		.uleb128 0x14
 930 01b8 0C       		.uleb128 0xc
 931 01b9 32000000 		.4byte	.LASF26
 932 01bd 07       		.byte	0x7
 933 01be 52       		.byte	0x52
 934 01bf 45020000 		.4byte	0x245
 935 01c3 02       		.byte	0x2
 936 01c4 23       		.byte	0x23
 937 01c5 18       		.uleb128 0x18
 938 01c6 0C       		.uleb128 0xc
 939 01c7 4F000000 		.4byte	.LASF27
 940 01cb 07       		.byte	0x7
 941 01cc 52       		.byte	0x52
 942 01cd 6A020000 		.4byte	0x26a
 943 01d1 02       		.byte	0x2
 944 01d2 23       		.byte	0x23
 945 01d3 1C       		.uleb128 0x1c
 946 01d4 00       		.byte	0
 947 01d5 0A       		.uleb128 0xa
 948 01d6 01       		.byte	0x1
 949 01d7 CD000000 		.4byte	0xcd
 950 01db E5010000 		.4byte	0x1e5
 951 01df 0B       		.uleb128 0xb
 952 01e0 4E000000 		.4byte	0x4e
 953 01e4 00       		.byte	0
 954 01e5 08       		.uleb128 0x8
 955 01e6 04       		.byte	0x4
 956 01e7 D5010000 		.4byte	0x1d5
 957 01eb 0A       		.uleb128 0xa
 958 01ec 01       		.byte	0x1
 959 01ed D8000000 		.4byte	0xd8
 960 01f1 05020000 		.4byte	0x205
 961 01f5 0B       		.uleb128 0xb
 962 01f6 4E000000 		.4byte	0x4e
 963 01fa 0B       		.uleb128 0xb
 964 01fb 7B000000 		.4byte	0x7b
 965 01ff 0B       		.uleb128 0xb
 966 0200 E3000000 		.4byte	0xe3
ARM GAS  /var/folders/dt/0wfd0knj7gs46m8vwfzktm600000gn/T//cc3rsxX0.s 			page 18


 967 0204 00       		.byte	0
 968 0205 08       		.uleb128 0x8
 969 0206 04       		.byte	0x4
 970 0207 EB010000 		.4byte	0x1eb
 971 020b 0A       		.uleb128 0xa
 972 020c 01       		.byte	0x1
 973 020d D8000000 		.4byte	0xd8
 974 0211 20020000 		.4byte	0x220
 975 0215 0B       		.uleb128 0xb
 976 0216 4E000000 		.4byte	0x4e
 977 021a 0B       		.uleb128 0xb
 978 021b E3000000 		.4byte	0xe3
 979 021f 00       		.byte	0
 980 0220 08       		.uleb128 0x8
 981 0221 04       		.byte	0x4
 982 0222 0B020000 		.4byte	0x20b
 983 0226 0A       		.uleb128 0xa
 984 0227 01       		.byte	0x1
 985 0228 62000000 		.4byte	0x62
 986 022c 45020000 		.4byte	0x245
 987 0230 0B       		.uleb128 0xb
 988 0231 4E000000 		.4byte	0x4e
 989 0235 0B       		.uleb128 0xb
 990 0236 27010000 		.4byte	0x127
 991 023a 0B       		.uleb128 0xb
 992 023b 62000000 		.4byte	0x62
 993 023f 0B       		.uleb128 0xb
 994 0240 E3000000 		.4byte	0xe3
 995 0244 00       		.byte	0
 996 0245 08       		.uleb128 0x8
 997 0246 04       		.byte	0x4
 998 0247 26020000 		.4byte	0x226
 999 024b 0A       		.uleb128 0xa
 1000 024c 01       		.byte	0x1
 1001 024d 62000000 		.4byte	0x62
 1002 0251 6A020000 		.4byte	0x26a
 1003 0255 0B       		.uleb128 0xb
 1004 0256 4E000000 		.4byte	0x4e
 1005 025a 0B       		.uleb128 0xb
 1006 025b 07010000 		.4byte	0x107
 1007 025f 0B       		.uleb128 0xb
 1008 0260 62000000 		.4byte	0x62
 1009 0264 0B       		.uleb128 0xb
 1010 0265 E3000000 		.4byte	0xe3
 1011 0269 00       		.byte	0
 1012 026a 08       		.uleb128 0x8
 1013 026b 04       		.byte	0x4
 1014 026c 4B020000 		.4byte	0x24b
 1015 0270 0E       		.uleb128 0xe
 1016 0271 04       		.byte	0x4
 1017 0272 07       		.byte	0x7
 1018 0273 5C       		.byte	0x5c
 1019 0274 87020000 		.4byte	0x287
 1020 0278 0D       		.uleb128 0xd
 1021 0279 766D7400 		.ascii	"vmt\000"
 1022 027d 07       		.byte	0x7
 1023 027e 5E       		.byte	0x5e
ARM GAS  /var/folders/dt/0wfd0knj7gs46m8vwfzktm600000gn/T//cc3rsxX0.s 			page 19


 1024 027f 87020000 		.4byte	0x287
 1025 0283 02       		.byte	0x2
 1026 0284 23       		.byte	0x23
 1027 0285 00       		.uleb128 0
 1028 0286 00       		.byte	0
 1029 0287 08       		.uleb128 0x8
 1030 0288 04       		.byte	0x4
 1031 0289 8D020000 		.4byte	0x28d
 1032 028d 09       		.uleb128 0x9
 1033 028e 58010000 		.4byte	0x158
 1034 0292 02       		.uleb128 0x2
 1035 0293 DD010000 		.4byte	.LASF28
 1036 0297 07       		.byte	0x7
 1037 0298 60       		.byte	0x60
 1038 0299 70020000 		.4byte	0x270
 1039 029d 0F       		.uleb128 0xf
 1040 029e D8010000 		.4byte	.LASF40
 1041 02a2 01       		.byte	0x1
 1042 02a3 2A       		.byte	0x2a
 1043 02a4 01       		.byte	0x1
 1044 02a5 00030000 		.4byte	0x300
 1045 02a9 00000000 		.4byte	.LFB7
 1046 02ad 44000000 		.4byte	.LFE7
 1047 02b1 00000000 		.4byte	.LLST0
 1048 02b5 01       		.byte	0x1
 1049 02b6 00030000 		.4byte	0x300
 1050 02ba 10       		.uleb128 0x10
 1051 02bb 7000     		.ascii	"p\000"
 1052 02bd 01       		.byte	0x1
 1053 02be 2A       		.byte	0x2a
 1054 02bf 00030000 		.4byte	0x300
 1055 02c3 20000000 		.4byte	.LLST1
 1056 02c7 10       		.uleb128 0x10
 1057 02c8 6E756D00 		.ascii	"num\000"
 1058 02cc 01       		.byte	0x1
 1059 02cd 2A       		.byte	0x2a
 1060 02ce A6000000 		.4byte	0xa6
 1061 02d2 3E000000 		.4byte	.LLST2
 1062 02d6 11       		.uleb128 0x11
 1063 02d7 21010000 		.4byte	.LASF29
 1064 02db 01       		.byte	0x1
 1065 02dc 2A       		.byte	0x2a
 1066 02dd 6D000000 		.4byte	0x6d
 1067 02e1 5C000000 		.4byte	.LLST3
 1068 02e5 12       		.uleb128 0x12
 1069 02e6 6900     		.ascii	"i\000"
 1070 02e8 01       		.byte	0x1
 1071 02e9 2B       		.byte	0x2b
 1072 02ea 5B000000 		.4byte	0x5b
 1073 02ee 7D000000 		.4byte	.LLST4
 1074 02f2 12       		.uleb128 0x12
 1075 02f3 7100     		.ascii	"q\000"
 1076 02f5 01       		.byte	0x1
 1077 02f6 2C       		.byte	0x2c
 1078 02f7 00030000 		.4byte	0x300
 1079 02fb C6000000 		.4byte	.LLST5
 1080 02ff 00       		.byte	0
ARM GAS  /var/folders/dt/0wfd0knj7gs46m8vwfzktm600000gn/T//cc3rsxX0.s 			page 20


 1081 0300 08       		.uleb128 0x8
 1082 0301 04       		.byte	0x4
 1083 0302 00010000 		.4byte	0x100
 1084 0306 13       		.uleb128 0x13
 1085 0307 01       		.byte	0x1
 1086 0308 86000000 		.4byte	.LASF41
 1087 030c 01       		.byte	0x1
 1088 030d 56       		.byte	0x56
 1089 030e 01       		.byte	0x1
 1090 030f 00000000 		.4byte	.LFB8
 1091 0313 DC020000 		.4byte	.LFE8
 1092 0317 EF000000 		.4byte	.LLST6
 1093 031b 01       		.byte	0x1
 1094 031c 8F040000 		.4byte	0x48f
 1095 0320 10       		.uleb128 0x10
 1096 0321 63687000 		.ascii	"chp\000"
 1097 0325 01       		.byte	0x1
 1098 0326 56       		.byte	0x56
 1099 0327 8F040000 		.4byte	0x48f
 1100 032b 28010000 		.4byte	.LLST7
 1101 032f 10       		.uleb128 0x10
 1102 0330 666D7400 		.ascii	"fmt\000"
 1103 0334 01       		.byte	0x1
 1104 0335 56       		.byte	0x56
 1105 0336 F5000000 		.4byte	0xf5
 1106 033a 46010000 		.4byte	.LLST8
 1107 033e 14       		.uleb128 0x14
 1108 033f 15       		.uleb128 0x15
 1109 0340 617000   		.ascii	"ap\000"
 1110 0343 01       		.byte	0x1
 1111 0344 57       		.byte	0x57
 1112 0345 50000000 		.4byte	0x50
 1113 0349 02       		.byte	0x2
 1114 034a 91       		.byte	0x91
 1115 034b 40       		.sleb128 -64
 1116 034c 16       		.uleb128 0x16
 1117 034d 5B010000 		.4byte	.LASF30
 1118 0351 01       		.byte	0x1
 1119 0352 58       		.byte	0x58
 1120 0353 95040000 		.4byte	0x495
 1121 0357 02       		.byte	0x2
 1122 0358 91       		.byte	0x91
 1123 0359 44       		.sleb128 -60
 1124 035a 12       		.uleb128 0x12
 1125 035b 7000     		.ascii	"p\000"
 1126 035d 01       		.byte	0x1
 1127 035e 59       		.byte	0x59
 1128 035f 00030000 		.4byte	0x300
 1129 0363 BF010000 		.4byte	.LLST9
 1130 0367 12       		.uleb128 0x12
 1131 0368 7300     		.ascii	"s\000"
 1132 036a 01       		.byte	0x1
 1133 036b 59       		.byte	0x59
 1134 036c 00030000 		.4byte	0x300
 1135 0370 90020000 		.4byte	.LLST10
 1136 0374 12       		.uleb128 0x12
 1137 0375 6300     		.ascii	"c\000"
ARM GAS  /var/folders/dt/0wfd0knj7gs46m8vwfzktm600000gn/T//cc3rsxX0.s 			page 21


 1138 0377 01       		.byte	0x1
 1139 0378 59       		.byte	0x59
 1140 0379 00010000 		.4byte	0x100
 1141 037d F2020000 		.4byte	.LLST11
 1142 0381 17       		.uleb128 0x17
 1143 0382 DF000000 		.4byte	.LASF31
 1144 0386 01       		.byte	0x1
 1145 0387 59       		.byte	0x59
 1146 0388 00010000 		.4byte	0x100
 1147 038c 09040000 		.4byte	.LLST12
 1148 0390 12       		.uleb128 0x12
 1149 0391 6900     		.ascii	"i\000"
 1150 0393 01       		.byte	0x1
 1151 0394 5A       		.byte	0x5a
 1152 0395 5B000000 		.4byte	0x5b
 1153 0399 89040000 		.4byte	.LLST13
 1154 039d 17       		.uleb128 0x17
 1155 039e 7A010000 		.4byte	.LASF32
 1156 03a2 01       		.byte	0x1
 1157 03a3 5A       		.byte	0x5a
 1158 03a4 5B000000 		.4byte	0x5b
 1159 03a8 BF040000 		.4byte	.LLST14
 1160 03ac 17       		.uleb128 0x17
 1161 03ad 80000000 		.4byte	.LASF33
 1162 03b1 01       		.byte	0x1
 1163 03b2 5A       		.byte	0x5a
 1164 03b3 5B000000 		.4byte	0x5b
 1165 03b7 52050000 		.4byte	.LLST15
 1166 03bb 17       		.uleb128 0x17
 1167 03bc 16000000 		.4byte	.LASF34
 1168 03c0 01       		.byte	0x1
 1169 03c1 5B       		.byte	0x5b
 1170 03c2 CD000000 		.4byte	0xcd
 1171 03c6 CD050000 		.4byte	.LLST16
 1172 03ca 17       		.uleb128 0x17
 1173 03cb 95010000 		.4byte	.LASF35
 1174 03cf 01       		.byte	0x1
 1175 03d0 5B       		.byte	0x5b
 1176 03d1 CD000000 		.4byte	0xcd
 1177 03d5 44060000 		.4byte	.LLST17
 1178 03d9 12       		.uleb128 0x12
 1179 03da 6C00     		.ascii	"l\000"
 1180 03dc 01       		.byte	0x1
 1181 03dd 5C       		.byte	0x5c
 1182 03de A6000000 		.4byte	0xa6
 1183 03e2 91060000 		.4byte	.LLST18
 1184 03e6 18       		.uleb128 0x18
 1185 03e7 AA010000 		.4byte	.LASF42
 1186 03eb 01       		.byte	0x1
 1187 03ec BD       		.byte	0xbd
 1188 03ed 30020000 		.4byte	.L29
 1189 03f1 19       		.uleb128 0x19
 1190 03f2 40000000 		.4byte	.LVL21
 1191 03f6 07040000 		.4byte	0x407
 1192 03fa 1A       		.uleb128 0x1a
 1193 03fb 01       		.byte	0x1
 1194 03fc 52       		.byte	0x52
ARM GAS  /var/folders/dt/0wfd0knj7gs46m8vwfzktm600000gn/T//cc3rsxX0.s 			page 22


 1195 03fd 02       		.byte	0x2
 1196 03fe 09       		.byte	0x9
 1197 03ff FF       		.byte	0xff
 1198 0400 1A       		.uleb128 0x1a
 1199 0401 01       		.byte	0x1
 1200 0402 50       		.byte	0x50
 1201 0403 02       		.byte	0x2
 1202 0404 75       		.byte	0x75
 1203 0405 00       		.sleb128 0
 1204 0406 00       		.byte	0
 1205 0407 19       		.uleb128 0x19
 1206 0408 CC010000 		.4byte	.LVL65
 1207 040c 1D040000 		.4byte	0x41d
 1208 0410 1A       		.uleb128 0x1a
 1209 0411 01       		.byte	0x1
 1210 0412 52       		.byte	0x52
 1211 0413 02       		.byte	0x2
 1212 0414 09       		.byte	0x9
 1213 0415 FF       		.byte	0xff
 1214 0416 1A       		.uleb128 0x1a
 1215 0417 01       		.byte	0x1
 1216 0418 50       		.byte	0x50
 1217 0419 02       		.byte	0x2
 1218 041a 75       		.byte	0x75
 1219 041b 00       		.sleb128 0
 1220 041c 00       		.byte	0
 1221 041d 19       		.uleb128 0x19
 1222 041e E4010000 		.4byte	.LVL67
 1223 0422 39040000 		.4byte	0x439
 1224 0426 1A       		.uleb128 0x1a
 1225 0427 01       		.byte	0x1
 1226 0428 52       		.byte	0x52
 1227 0429 02       		.byte	0x2
 1228 042a 09       		.byte	0x9
 1229 042b FF       		.byte	0xff
 1230 042c 1A       		.uleb128 0x1a
 1231 042d 01       		.byte	0x1
 1232 042e 51       		.byte	0x51
 1233 042f 02       		.byte	0x2
 1234 0430 77       		.byte	0x77
 1235 0431 00       		.sleb128 0
 1236 0432 1A       		.uleb128 0x1a
 1237 0433 01       		.byte	0x1
 1238 0434 50       		.byte	0x50
 1239 0435 02       		.byte	0x2
 1240 0436 75       		.byte	0x75
 1241 0437 00       		.sleb128 0
 1242 0438 00       		.byte	0
 1243 0439 19       		.uleb128 0x19
 1244 043a 28020000 		.4byte	.LVL79
 1245 043e 55040000 		.4byte	0x455
 1246 0442 1A       		.uleb128 0x1a
 1247 0443 01       		.byte	0x1
 1248 0444 52       		.byte	0x52
 1249 0445 02       		.byte	0x2
 1250 0446 09       		.byte	0x9
 1251 0447 FF       		.byte	0xff
ARM GAS  /var/folders/dt/0wfd0knj7gs46m8vwfzktm600000gn/T//cc3rsxX0.s 			page 23


 1252 0448 1A       		.uleb128 0x1a
 1253 0449 01       		.byte	0x1
 1254 044a 51       		.byte	0x51
 1255 044b 02       		.byte	0x2
 1256 044c 77       		.byte	0x77
 1257 044d 00       		.sleb128 0
 1258 044e 1A       		.uleb128 0x1a
 1259 044f 01       		.byte	0x1
 1260 0450 50       		.byte	0x50
 1261 0451 02       		.byte	0x2
 1262 0452 75       		.byte	0x75
 1263 0453 00       		.sleb128 0
 1264 0454 00       		.byte	0
 1265 0455 1B       		.uleb128 0x1b
 1266 0456 40020000 		.4byte	.LVL85
 1267 045a 9D020000 		.4byte	0x29d
 1268 045e 69040000 		.4byte	0x469
 1269 0462 1A       		.uleb128 0x1a
 1270 0463 01       		.byte	0x1
 1271 0464 50       		.byte	0x50
 1272 0465 02       		.byte	0x2
 1273 0466 79       		.byte	0x79
 1274 0467 00       		.sleb128 0
 1275 0468 00       		.byte	0
 1276 0469 1B       		.uleb128 0x1b
 1277 046a 70020000 		.4byte	.LVL96
 1278 046e 9D020000 		.4byte	0x29d
 1279 0472 7C040000 		.4byte	0x47c
 1280 0476 1A       		.uleb128 0x1a
 1281 0477 01       		.byte	0x1
 1282 0478 52       		.byte	0x52
 1283 0479 01       		.byte	0x1
 1284 047a 3A       		.byte	0x3a
 1285 047b 00       		.byte	0
 1286 047c 1C       		.uleb128 0x1c
 1287 047d C4020000 		.4byte	.LVL110
 1288 0481 1A       		.uleb128 0x1a
 1289 0482 01       		.byte	0x1
 1290 0483 52       		.byte	0x52
 1291 0484 02       		.byte	0x2
 1292 0485 09       		.byte	0x9
 1293 0486 FF       		.byte	0xff
 1294 0487 1A       		.uleb128 0x1a
 1295 0488 01       		.byte	0x1
 1296 0489 50       		.byte	0x50
 1297 048a 02       		.byte	0x2
 1298 048b 75       		.byte	0x75
 1299 048c 00       		.sleb128 0
 1300 048d 00       		.byte	0
 1301 048e 00       		.byte	0
 1302 048f 08       		.uleb128 0x8
 1303 0490 04       		.byte	0x4
 1304 0491 92020000 		.4byte	0x292
 1305 0495 1D       		.uleb128 0x1d
 1306 0496 00010000 		.4byte	0x100
 1307 049a 1E       		.uleb128 0x1e
 1308 049b EE000000 		.4byte	0xee
ARM GAS  /var/folders/dt/0wfd0knj7gs46m8vwfzktm600000gn/T//cc3rsxX0.s 			page 24


 1309 049f 0B       		.byte	0xb
 1310 04a0 00       		.byte	0
 1311 04a1 00       		.byte	0
 1312              		.section	.debug_abbrev,"",%progbits
 1313              	.Ldebug_abbrev0:
 1314 0000 01       		.uleb128 0x1
 1315 0001 11       		.uleb128 0x11
 1316 0002 01       		.byte	0x1
 1317 0003 25       		.uleb128 0x25
 1318 0004 0E       		.uleb128 0xe
 1319 0005 13       		.uleb128 0x13
 1320 0006 0B       		.uleb128 0xb
 1321 0007 03       		.uleb128 0x3
 1322 0008 0E       		.uleb128 0xe
 1323 0009 1B       		.uleb128 0x1b
 1324 000a 0E       		.uleb128 0xe
 1325 000b 55       		.uleb128 0x55
 1326 000c 06       		.uleb128 0x6
 1327 000d 11       		.uleb128 0x11
 1328 000e 01       		.uleb128 0x1
 1329 000f 52       		.uleb128 0x52
 1330 0010 01       		.uleb128 0x1
 1331 0011 10       		.uleb128 0x10
 1332 0012 06       		.uleb128 0x6
 1333 0013 00       		.byte	0
 1334 0014 00       		.byte	0
 1335 0015 02       		.uleb128 0x2
 1336 0016 16       		.uleb128 0x16
 1337 0017 00       		.byte	0
 1338 0018 03       		.uleb128 0x3
 1339 0019 0E       		.uleb128 0xe
 1340 001a 3A       		.uleb128 0x3a
 1341 001b 0B       		.uleb128 0xb
 1342 001c 3B       		.uleb128 0x3b
 1343 001d 0B       		.uleb128 0xb
 1344 001e 49       		.uleb128 0x49
 1345 001f 13       		.uleb128 0x13
 1346 0020 00       		.byte	0
 1347 0021 00       		.byte	0
 1348 0022 03       		.uleb128 0x3
 1349 0023 13       		.uleb128 0x13
 1350 0024 01       		.byte	0x1
 1351 0025 03       		.uleb128 0x3
 1352 0026 0E       		.uleb128 0xe
 1353 0027 0B       		.uleb128 0xb
 1354 0028 0B       		.uleb128 0xb
 1355 0029 3A       		.uleb128 0x3a
 1356 002a 0B       		.uleb128 0xb
 1357 002b 3B       		.uleb128 0x3b
 1358 002c 0B       		.uleb128 0xb
 1359 002d 01       		.uleb128 0x1
 1360 002e 13       		.uleb128 0x13
 1361 002f 00       		.byte	0
 1362 0030 00       		.byte	0
 1363 0031 04       		.uleb128 0x4
 1364 0032 0D       		.uleb128 0xd
 1365 0033 00       		.byte	0
ARM GAS  /var/folders/dt/0wfd0knj7gs46m8vwfzktm600000gn/T//cc3rsxX0.s 			page 25


 1366 0034 03       		.uleb128 0x3
 1367 0035 0E       		.uleb128 0xe
 1368 0036 49       		.uleb128 0x49
 1369 0037 13       		.uleb128 0x13
 1370 0038 38       		.uleb128 0x38
 1371 0039 0A       		.uleb128 0xa
 1372 003a 34       		.uleb128 0x34
 1373 003b 0C       		.uleb128 0xc
 1374 003c 00       		.byte	0
 1375 003d 00       		.byte	0
 1376 003e 05       		.uleb128 0x5
 1377 003f 0F       		.uleb128 0xf
 1378 0040 00       		.byte	0
 1379 0041 0B       		.uleb128 0xb
 1380 0042 0B       		.uleb128 0xb
 1381 0043 00       		.byte	0
 1382 0044 00       		.byte	0
 1383 0045 06       		.uleb128 0x6
 1384 0046 24       		.uleb128 0x24
 1385 0047 00       		.byte	0
 1386 0048 0B       		.uleb128 0xb
 1387 0049 0B       		.uleb128 0xb
 1388 004a 3E       		.uleb128 0x3e
 1389 004b 0B       		.uleb128 0xb
 1390 004c 03       		.uleb128 0x3
 1391 004d 08       		.uleb128 0x8
 1392 004e 00       		.byte	0
 1393 004f 00       		.byte	0
 1394 0050 07       		.uleb128 0x7
 1395 0051 24       		.uleb128 0x24
 1396 0052 00       		.byte	0
 1397 0053 0B       		.uleb128 0xb
 1398 0054 0B       		.uleb128 0xb
 1399 0055 3E       		.uleb128 0x3e
 1400 0056 0B       		.uleb128 0xb
 1401 0057 03       		.uleb128 0x3
 1402 0058 0E       		.uleb128 0xe
 1403 0059 00       		.byte	0
 1404 005a 00       		.byte	0
 1405 005b 08       		.uleb128 0x8
 1406 005c 0F       		.uleb128 0xf
 1407 005d 00       		.byte	0
 1408 005e 0B       		.uleb128 0xb
 1409 005f 0B       		.uleb128 0xb
 1410 0060 49       		.uleb128 0x49
 1411 0061 13       		.uleb128 0x13
 1412 0062 00       		.byte	0
 1413 0063 00       		.byte	0
 1414 0064 09       		.uleb128 0x9
 1415 0065 26       		.uleb128 0x26
 1416 0066 00       		.byte	0
 1417 0067 49       		.uleb128 0x49
 1418 0068 13       		.uleb128 0x13
 1419 0069 00       		.byte	0
 1420 006a 00       		.byte	0
 1421 006b 0A       		.uleb128 0xa
 1422 006c 15       		.uleb128 0x15
ARM GAS  /var/folders/dt/0wfd0knj7gs46m8vwfzktm600000gn/T//cc3rsxX0.s 			page 26


 1423 006d 01       		.byte	0x1
 1424 006e 27       		.uleb128 0x27
 1425 006f 0C       		.uleb128 0xc
 1426 0070 49       		.uleb128 0x49
 1427 0071 13       		.uleb128 0x13
 1428 0072 01       		.uleb128 0x1
 1429 0073 13       		.uleb128 0x13
 1430 0074 00       		.byte	0
 1431 0075 00       		.byte	0
 1432 0076 0B       		.uleb128 0xb
 1433 0077 05       		.uleb128 0x5
 1434 0078 00       		.byte	0
 1435 0079 49       		.uleb128 0x49
 1436 007a 13       		.uleb128 0x13
 1437 007b 00       		.byte	0
 1438 007c 00       		.byte	0
 1439 007d 0C       		.uleb128 0xc
 1440 007e 0D       		.uleb128 0xd
 1441 007f 00       		.byte	0
 1442 0080 03       		.uleb128 0x3
 1443 0081 0E       		.uleb128 0xe
 1444 0082 3A       		.uleb128 0x3a
 1445 0083 0B       		.uleb128 0xb
 1446 0084 3B       		.uleb128 0x3b
 1447 0085 0B       		.uleb128 0xb
 1448 0086 49       		.uleb128 0x49
 1449 0087 13       		.uleb128 0x13
 1450 0088 38       		.uleb128 0x38
 1451 0089 0A       		.uleb128 0xa
 1452 008a 00       		.byte	0
 1453 008b 00       		.byte	0
 1454 008c 0D       		.uleb128 0xd
 1455 008d 0D       		.uleb128 0xd
 1456 008e 00       		.byte	0
 1457 008f 03       		.uleb128 0x3
 1458 0090 08       		.uleb128 0x8
 1459 0091 3A       		.uleb128 0x3a
 1460 0092 0B       		.uleb128 0xb
 1461 0093 3B       		.uleb128 0x3b
 1462 0094 0B       		.uleb128 0xb
 1463 0095 49       		.uleb128 0x49
 1464 0096 13       		.uleb128 0x13
 1465 0097 38       		.uleb128 0x38
 1466 0098 0A       		.uleb128 0xa
 1467 0099 00       		.byte	0
 1468 009a 00       		.byte	0
 1469 009b 0E       		.uleb128 0xe
 1470 009c 13       		.uleb128 0x13
 1471 009d 01       		.byte	0x1
 1472 009e 0B       		.uleb128 0xb
 1473 009f 0B       		.uleb128 0xb
 1474 00a0 3A       		.uleb128 0x3a
 1475 00a1 0B       		.uleb128 0xb
 1476 00a2 3B       		.uleb128 0x3b
 1477 00a3 0B       		.uleb128 0xb
 1478 00a4 01       		.uleb128 0x1
 1479 00a5 13       		.uleb128 0x13
ARM GAS  /var/folders/dt/0wfd0knj7gs46m8vwfzktm600000gn/T//cc3rsxX0.s 			page 27


 1480 00a6 00       		.byte	0
 1481 00a7 00       		.byte	0
 1482 00a8 0F       		.uleb128 0xf
 1483 00a9 2E       		.uleb128 0x2e
 1484 00aa 01       		.byte	0x1
 1485 00ab 03       		.uleb128 0x3
 1486 00ac 0E       		.uleb128 0xe
 1487 00ad 3A       		.uleb128 0x3a
 1488 00ae 0B       		.uleb128 0xb
 1489 00af 3B       		.uleb128 0x3b
 1490 00b0 0B       		.uleb128 0xb
 1491 00b1 27       		.uleb128 0x27
 1492 00b2 0C       		.uleb128 0xc
 1493 00b3 49       		.uleb128 0x49
 1494 00b4 13       		.uleb128 0x13
 1495 00b5 11       		.uleb128 0x11
 1496 00b6 01       		.uleb128 0x1
 1497 00b7 12       		.uleb128 0x12
 1498 00b8 01       		.uleb128 0x1
 1499 00b9 40       		.uleb128 0x40
 1500 00ba 06       		.uleb128 0x6
 1501 00bb 9742     		.uleb128 0x2117
 1502 00bd 0C       		.uleb128 0xc
 1503 00be 01       		.uleb128 0x1
 1504 00bf 13       		.uleb128 0x13
 1505 00c0 00       		.byte	0
 1506 00c1 00       		.byte	0
 1507 00c2 10       		.uleb128 0x10
 1508 00c3 05       		.uleb128 0x5
 1509 00c4 00       		.byte	0
 1510 00c5 03       		.uleb128 0x3
 1511 00c6 08       		.uleb128 0x8
 1512 00c7 3A       		.uleb128 0x3a
 1513 00c8 0B       		.uleb128 0xb
 1514 00c9 3B       		.uleb128 0x3b
 1515 00ca 0B       		.uleb128 0xb
 1516 00cb 49       		.uleb128 0x49
 1517 00cc 13       		.uleb128 0x13
 1518 00cd 02       		.uleb128 0x2
 1519 00ce 06       		.uleb128 0x6
 1520 00cf 00       		.byte	0
 1521 00d0 00       		.byte	0
 1522 00d1 11       		.uleb128 0x11
 1523 00d2 05       		.uleb128 0x5
 1524 00d3 00       		.byte	0
 1525 00d4 03       		.uleb128 0x3
 1526 00d5 0E       		.uleb128 0xe
 1527 00d6 3A       		.uleb128 0x3a
 1528 00d7 0B       		.uleb128 0xb
 1529 00d8 3B       		.uleb128 0x3b
 1530 00d9 0B       		.uleb128 0xb
 1531 00da 49       		.uleb128 0x49
 1532 00db 13       		.uleb128 0x13
 1533 00dc 02       		.uleb128 0x2
 1534 00dd 06       		.uleb128 0x6
 1535 00de 00       		.byte	0
 1536 00df 00       		.byte	0
ARM GAS  /var/folders/dt/0wfd0knj7gs46m8vwfzktm600000gn/T//cc3rsxX0.s 			page 28


 1537 00e0 12       		.uleb128 0x12
 1538 00e1 34       		.uleb128 0x34
 1539 00e2 00       		.byte	0
 1540 00e3 03       		.uleb128 0x3
 1541 00e4 08       		.uleb128 0x8
 1542 00e5 3A       		.uleb128 0x3a
 1543 00e6 0B       		.uleb128 0xb
 1544 00e7 3B       		.uleb128 0x3b
 1545 00e8 0B       		.uleb128 0xb
 1546 00e9 49       		.uleb128 0x49
 1547 00ea 13       		.uleb128 0x13
 1548 00eb 02       		.uleb128 0x2
 1549 00ec 06       		.uleb128 0x6
 1550 00ed 00       		.byte	0
 1551 00ee 00       		.byte	0
 1552 00ef 13       		.uleb128 0x13
 1553 00f0 2E       		.uleb128 0x2e
 1554 00f1 01       		.byte	0x1
 1555 00f2 3F       		.uleb128 0x3f
 1556 00f3 0C       		.uleb128 0xc
 1557 00f4 03       		.uleb128 0x3
 1558 00f5 0E       		.uleb128 0xe
 1559 00f6 3A       		.uleb128 0x3a
 1560 00f7 0B       		.uleb128 0xb
 1561 00f8 3B       		.uleb128 0x3b
 1562 00f9 0B       		.uleb128 0xb
 1563 00fa 27       		.uleb128 0x27
 1564 00fb 0C       		.uleb128 0xc
 1565 00fc 11       		.uleb128 0x11
 1566 00fd 01       		.uleb128 0x1
 1567 00fe 12       		.uleb128 0x12
 1568 00ff 01       		.uleb128 0x1
 1569 0100 40       		.uleb128 0x40
 1570 0101 06       		.uleb128 0x6
 1571 0102 9742     		.uleb128 0x2117
 1572 0104 0C       		.uleb128 0xc
 1573 0105 01       		.uleb128 0x1
 1574 0106 13       		.uleb128 0x13
 1575 0107 00       		.byte	0
 1576 0108 00       		.byte	0
 1577 0109 14       		.uleb128 0x14
 1578 010a 18       		.uleb128 0x18
 1579 010b 00       		.byte	0
 1580 010c 00       		.byte	0
 1581 010d 00       		.byte	0
 1582 010e 15       		.uleb128 0x15
 1583 010f 34       		.uleb128 0x34
 1584 0110 00       		.byte	0
 1585 0111 03       		.uleb128 0x3
 1586 0112 08       		.uleb128 0x8
 1587 0113 3A       		.uleb128 0x3a
 1588 0114 0B       		.uleb128 0xb
 1589 0115 3B       		.uleb128 0x3b
 1590 0116 0B       		.uleb128 0xb
 1591 0117 49       		.uleb128 0x49
 1592 0118 13       		.uleb128 0x13
 1593 0119 02       		.uleb128 0x2
ARM GAS  /var/folders/dt/0wfd0knj7gs46m8vwfzktm600000gn/T//cc3rsxX0.s 			page 29


 1594 011a 0A       		.uleb128 0xa
 1595 011b 00       		.byte	0
 1596 011c 00       		.byte	0
 1597 011d 16       		.uleb128 0x16
 1598 011e 34       		.uleb128 0x34
 1599 011f 00       		.byte	0
 1600 0120 03       		.uleb128 0x3
 1601 0121 0E       		.uleb128 0xe
 1602 0122 3A       		.uleb128 0x3a
 1603 0123 0B       		.uleb128 0xb
 1604 0124 3B       		.uleb128 0x3b
 1605 0125 0B       		.uleb128 0xb
 1606 0126 49       		.uleb128 0x49
 1607 0127 13       		.uleb128 0x13
 1608 0128 02       		.uleb128 0x2
 1609 0129 0A       		.uleb128 0xa
 1610 012a 00       		.byte	0
 1611 012b 00       		.byte	0
 1612 012c 17       		.uleb128 0x17
 1613 012d 34       		.uleb128 0x34
 1614 012e 00       		.byte	0
 1615 012f 03       		.uleb128 0x3
 1616 0130 0E       		.uleb128 0xe
 1617 0131 3A       		.uleb128 0x3a
 1618 0132 0B       		.uleb128 0xb
 1619 0133 3B       		.uleb128 0x3b
 1620 0134 0B       		.uleb128 0xb
 1621 0135 49       		.uleb128 0x49
 1622 0136 13       		.uleb128 0x13
 1623 0137 02       		.uleb128 0x2
 1624 0138 06       		.uleb128 0x6
 1625 0139 00       		.byte	0
 1626 013a 00       		.byte	0
 1627 013b 18       		.uleb128 0x18
 1628 013c 0A       		.uleb128 0xa
 1629 013d 00       		.byte	0
 1630 013e 03       		.uleb128 0x3
 1631 013f 0E       		.uleb128 0xe
 1632 0140 3A       		.uleb128 0x3a
 1633 0141 0B       		.uleb128 0xb
 1634 0142 3B       		.uleb128 0x3b
 1635 0143 0B       		.uleb128 0xb
 1636 0144 11       		.uleb128 0x11
 1637 0145 01       		.uleb128 0x1
 1638 0146 00       		.byte	0
 1639 0147 00       		.byte	0
 1640 0148 19       		.uleb128 0x19
 1641 0149 898201   		.uleb128 0x4109
 1642 014c 01       		.byte	0x1
 1643 014d 11       		.uleb128 0x11
 1644 014e 01       		.uleb128 0x1
 1645 014f 01       		.uleb128 0x1
 1646 0150 13       		.uleb128 0x13
 1647 0151 00       		.byte	0
 1648 0152 00       		.byte	0
 1649 0153 1A       		.uleb128 0x1a
 1650 0154 8A8201   		.uleb128 0x410a
ARM GAS  /var/folders/dt/0wfd0knj7gs46m8vwfzktm600000gn/T//cc3rsxX0.s 			page 30


 1651 0157 00       		.byte	0
 1652 0158 02       		.uleb128 0x2
 1653 0159 0A       		.uleb128 0xa
 1654 015a 9142     		.uleb128 0x2111
 1655 015c 0A       		.uleb128 0xa
 1656 015d 00       		.byte	0
 1657 015e 00       		.byte	0
 1658 015f 1B       		.uleb128 0x1b
 1659 0160 898201   		.uleb128 0x4109
 1660 0163 01       		.byte	0x1
 1661 0164 11       		.uleb128 0x11
 1662 0165 01       		.uleb128 0x1
 1663 0166 31       		.uleb128 0x31
 1664 0167 13       		.uleb128 0x13
 1665 0168 01       		.uleb128 0x1
 1666 0169 13       		.uleb128 0x13
 1667 016a 00       		.byte	0
 1668 016b 00       		.byte	0
 1669 016c 1C       		.uleb128 0x1c
 1670 016d 898201   		.uleb128 0x4109
 1671 0170 01       		.byte	0x1
 1672 0171 11       		.uleb128 0x11
 1673 0172 01       		.uleb128 0x1
 1674 0173 00       		.byte	0
 1675 0174 00       		.byte	0
 1676 0175 1D       		.uleb128 0x1d
 1677 0176 01       		.uleb128 0x1
 1678 0177 01       		.byte	0x1
 1679 0178 49       		.uleb128 0x49
 1680 0179 13       		.uleb128 0x13
 1681 017a 00       		.byte	0
 1682 017b 00       		.byte	0
 1683 017c 1E       		.uleb128 0x1e
 1684 017d 21       		.uleb128 0x21
 1685 017e 00       		.byte	0
 1686 017f 49       		.uleb128 0x49
 1687 0180 13       		.uleb128 0x13
 1688 0181 2F       		.uleb128 0x2f
 1689 0182 0B       		.uleb128 0xb
 1690 0183 00       		.byte	0
 1691 0184 00       		.byte	0
 1692 0185 00       		.byte	0
 1693              		.section	.debug_loc,"",%progbits
 1694              	.Ldebug_loc0:
 1695              	.LLST0:
 1696 0000 00000000 		.4byte	.LFB7
 1697 0004 02000000 		.4byte	.LCFI0
 1698 0008 0200     		.2byte	0x2
 1699 000a 7D       		.byte	0x7d
 1700 000b 00       		.sleb128 0
 1701 000c 02000000 		.4byte	.LCFI0
 1702 0010 44000000 		.4byte	.LFE7
 1703 0014 0200     		.2byte	0x2
 1704 0016 7D       		.byte	0x7d
 1705 0017 0C       		.sleb128 12
 1706 0018 00000000 		.4byte	0
 1707 001c 00000000 		.4byte	0
ARM GAS  /var/folders/dt/0wfd0knj7gs46m8vwfzktm600000gn/T//cc3rsxX0.s 			page 31


 1708              	.LLST1:
 1709 0020 00000000 		.4byte	.LVL0
 1710 0024 3C000000 		.4byte	.LVL15
 1711 0028 0100     		.2byte	0x1
 1712 002a 50       		.byte	0x50
 1713 002b 3C000000 		.4byte	.LVL15
 1714 002f 44000000 		.4byte	.LFE7
 1715 0033 0100     		.2byte	0x1
 1716 0035 50       		.byte	0x50
 1717 0036 00000000 		.4byte	0
 1718 003a 00000000 		.4byte	0
 1719              	.LLST2:
 1720 003e 00000000 		.4byte	.LVL0
 1721 0042 12000000 		.4byte	.LVL3
 1722 0046 0100     		.2byte	0x1
 1723 0048 51       		.byte	0x51
 1724 0049 24000000 		.4byte	.LVL8
 1725 004d 2E000000 		.4byte	.LVL11
 1726 0051 0100     		.2byte	0x1
 1727 0053 51       		.byte	0x51
 1728 0054 00000000 		.4byte	0
 1729 0058 00000000 		.4byte	0
 1730              	.LLST3:
 1731 005c 00000000 		.4byte	.LVL0
 1732 0060 30000000 		.4byte	.LVL12
 1733 0064 0100     		.2byte	0x1
 1734 0066 52       		.byte	0x52
 1735 0067 30000000 		.4byte	.LVL12
 1736 006b 44000000 		.4byte	.LFE7
 1737 006f 0400     		.2byte	0x4
 1738 0071 F3       		.byte	0xf3
 1739 0072 01       		.uleb128 0x1
 1740 0073 52       		.byte	0x52
 1741 0074 9F       		.byte	0x9f
 1742 0075 00000000 		.4byte	0
 1743 0079 00000000 		.4byte	0
 1744              	.LLST4:
 1745 007d 12000000 		.4byte	.LVL3
 1746 0081 16000000 		.4byte	.LVL4
 1747 0085 0100     		.2byte	0x1
 1748 0087 51       		.byte	0x51
 1749 0088 16000000 		.4byte	.LVL4
 1750 008c 20000000 		.4byte	.LVL6
 1751 0090 0100     		.2byte	0x1
 1752 0092 53       		.byte	0x53
 1753 0093 2C000000 		.4byte	.LVL10
 1754 0097 2E000000 		.4byte	.LVL11
 1755 009b 0600     		.2byte	0x6
 1756 009d 76       		.byte	0x76
 1757 009e 00       		.sleb128 0
 1758 009f 75       		.byte	0x75
 1759 00a0 00       		.sleb128 0
 1760 00a1 1C       		.byte	0x1c
 1761 00a2 9F       		.byte	0x9f
 1762 00a3 2E000000 		.4byte	.LVL11
 1763 00a7 32000000 		.4byte	.LVL13
 1764 00ab 0100     		.2byte	0x1
ARM GAS  /var/folders/dt/0wfd0knj7gs46m8vwfzktm600000gn/T//cc3rsxX0.s 			page 32


 1765 00ad 51       		.byte	0x51
 1766 00ae 32000000 		.4byte	.LVL13
 1767 00b2 34000000 		.4byte	.LVL14
 1768 00b6 0600     		.2byte	0x6
 1769 00b8 76       		.byte	0x76
 1770 00b9 00       		.sleb128 0
 1771 00ba 75       		.byte	0x75
 1772 00bb 00       		.sleb128 0
 1773 00bc 1C       		.byte	0x1c
 1774 00bd 9F       		.byte	0x9f
 1775 00be 00000000 		.4byte	0
 1776 00c2 00000000 		.4byte	0
 1777              	.LLST5:
 1778 00c6 06000000 		.4byte	.LVL1
 1779 00ca 0A000000 		.4byte	.LVL2
 1780 00ce 0100     		.2byte	0x1
 1781 00d0 56       		.byte	0x56
 1782 00d1 24000000 		.4byte	.LVL8
 1783 00d5 28000000 		.4byte	.LVL9
 1784 00d9 0100     		.2byte	0x1
 1785 00db 54       		.byte	0x54
 1786 00dc 28000000 		.4byte	.LVL9
 1787 00e0 34000000 		.4byte	.LVL14
 1788 00e4 0100     		.2byte	0x1
 1789 00e6 55       		.byte	0x55
 1790 00e7 00000000 		.4byte	0
 1791 00eb 00000000 		.4byte	0
 1792              	.LLST6:
 1793 00ef 00000000 		.4byte	.LFB8
 1794 00f3 02000000 		.4byte	.LCFI1
 1795 00f7 0200     		.2byte	0x2
 1796 00f9 7D       		.byte	0x7d
 1797 00fa 00       		.sleb128 0
 1798 00fb 02000000 		.4byte	.LCFI1
 1799 00ff 06000000 		.4byte	.LCFI2
 1800 0103 0200     		.2byte	0x2
 1801 0105 7D       		.byte	0x7d
 1802 0106 0C       		.sleb128 12
 1803 0107 06000000 		.4byte	.LCFI2
 1804 010b 08000000 		.4byte	.LCFI3
 1805 010f 0200     		.2byte	0x2
 1806 0111 7D       		.byte	0x7d
 1807 0112 30       		.sleb128 48
 1808 0113 08000000 		.4byte	.LCFI3
 1809 0117 DC020000 		.4byte	.LFE8
 1810 011b 0300     		.2byte	0x3
 1811 011d 7D       		.byte	0x7d
 1812 011e C800     		.sleb128 72
 1813 0120 00000000 		.4byte	0
 1814 0124 00000000 		.4byte	0
 1815              	.LLST7:
 1816 0128 00000000 		.4byte	.LVL16
 1817 012c 24000000 		.4byte	.LVL17
 1818 0130 0100     		.2byte	0x1
 1819 0132 50       		.byte	0x50
 1820 0133 24000000 		.4byte	.LVL17
 1821 0137 DC020000 		.4byte	.LFE8
ARM GAS  /var/folders/dt/0wfd0knj7gs46m8vwfzktm600000gn/T//cc3rsxX0.s 			page 33


 1822 013b 0100     		.2byte	0x1
 1823 013d 55       		.byte	0x55
 1824 013e 00000000 		.4byte	0
 1825 0142 00000000 		.4byte	0
 1826              	.LLST8:
 1827 0146 00000000 		.4byte	.LVL16
 1828 014a 24000000 		.4byte	.LVL17
 1829 014e 0200     		.2byte	0x2
 1830 0150 91       		.byte	0x91
 1831 0151 74       		.sleb128 -12
 1832 0152 24000000 		.4byte	.LVL17
 1833 0156 2A000000 		.4byte	.LVL18
 1834 015a 0100     		.2byte	0x1
 1835 015c 54       		.byte	0x54
 1836 015d 2A000000 		.4byte	.LVL18
 1837 0161 3E000000 		.4byte	.LVL20
 1838 0165 0100     		.2byte	0x1
 1839 0167 56       		.byte	0x56
 1840 0168 3E000000 		.4byte	.LVL20
 1841 016c 44000000 		.4byte	.LVL22
 1842 0170 0100     		.2byte	0x1
 1843 0172 54       		.byte	0x54
 1844 0173 44000000 		.4byte	.LVL22
 1845 0177 6E000000 		.4byte	.LVL27
 1846 017b 0100     		.2byte	0x1
 1847 017d 56       		.byte	0x56
 1848 017e 6E000000 		.4byte	.LVL27
 1849 0182 2A010000 		.4byte	.LVL43
 1850 0186 0100     		.2byte	0x1
 1851 0188 54       		.byte	0x54
 1852 0189 2E010000 		.4byte	.LVL44
 1853 018d 88020000 		.4byte	.LVL100
 1854 0191 0100     		.2byte	0x1
 1855 0193 54       		.byte	0x54
 1856 0194 88020000 		.4byte	.LVL100
 1857 0198 8E020000 		.4byte	.LVL101
 1858 019c 0300     		.2byte	0x3
 1859 019e 76       		.byte	0x76
 1860 019f 01       		.sleb128 1
 1861 01a0 9F       		.byte	0x9f
 1862 01a1 8E020000 		.4byte	.LVL101
 1863 01a5 9A020000 		.4byte	.LVL104
 1864 01a9 0100     		.2byte	0x1
 1865 01ab 56       		.byte	0x56
 1866 01ac 9A020000 		.4byte	.LVL104
 1867 01b0 DC020000 		.4byte	.LFE8
 1868 01b4 0100     		.2byte	0x1
 1869 01b6 54       		.byte	0x54
 1870 01b7 00000000 		.4byte	0
 1871 01bb 00000000 		.4byte	0
 1872              	.LLST9:
 1873 01bf 52000000 		.4byte	.LVL24
 1874 01c3 80010000 		.4byte	.LVL52
 1875 01c7 0100     		.2byte	0x1
 1876 01c9 59       		.byte	0x59
 1877 01ca 80010000 		.4byte	.LVL52
 1878 01ce 8C010000 		.4byte	.LVL55
ARM GAS  /var/folders/dt/0wfd0knj7gs46m8vwfzktm600000gn/T//cc3rsxX0.s 			page 34


 1879 01d2 0100     		.2byte	0x1
 1880 01d4 5A       		.byte	0x5a
 1881 01d5 8C010000 		.4byte	.LVL55
 1882 01d9 92010000 		.4byte	.LVL56
 1883 01dd 0100     		.2byte	0x1
 1884 01df 52       		.byte	0x52
 1885 01e0 92010000 		.4byte	.LVL56
 1886 01e4 96010000 		.4byte	.LVL57
 1887 01e8 0100     		.2byte	0x1
 1888 01ea 53       		.byte	0x53
 1889 01eb 96010000 		.4byte	.LVL57
 1890 01ef A6010000 		.4byte	.LVL59
 1891 01f3 0100     		.2byte	0x1
 1892 01f5 52       		.byte	0x52
 1893 01f6 EA010000 		.4byte	.LVL69
 1894 01fa FA010000 		.4byte	.LVL72
 1895 01fe 0100     		.2byte	0x1
 1896 0200 59       		.byte	0x59
 1897 0201 FA010000 		.4byte	.LVL72
 1898 0205 FE010000 		.4byte	.LVL73
 1899 0209 0200     		.2byte	0x2
 1900 020b 7D       		.byte	0x7d
 1901 020c 00       		.sleb128 0
 1902 020d 2E020000 		.4byte	.LVL81
 1903 0211 40020000 		.4byte	.LVL85
 1904 0215 0100     		.2byte	0x1
 1905 0217 59       		.byte	0x59
 1906 0218 40020000 		.4byte	.LVL85
 1907 021c 48020000 		.4byte	.LVL86
 1908 0220 0100     		.2byte	0x1
 1909 0222 50       		.byte	0x50
 1910 0223 48020000 		.4byte	.LVL86
 1911 0227 6A020000 		.4byte	.LVL95
 1912 022b 0100     		.2byte	0x1
 1913 022d 59       		.byte	0x59
 1914 022e 6A020000 		.4byte	.LVL95
 1915 0232 6F020000 		.4byte	.LVL96-1
 1916 0236 0100     		.2byte	0x1
 1917 0238 50       		.byte	0x50
 1918 0239 70020000 		.4byte	.LVL96
 1919 023d 78020000 		.4byte	.LVL97
 1920 0241 0100     		.2byte	0x1
 1921 0243 50       		.byte	0x50
 1922 0244 78020000 		.4byte	.LVL97
 1923 0248 7C020000 		.4byte	.LVL98
 1924 024c 0100     		.2byte	0x1
 1925 024e 59       		.byte	0x59
 1926 024f 7C020000 		.4byte	.LVL98
 1927 0253 84020000 		.4byte	.LVL99
 1928 0257 0200     		.2byte	0x2
 1929 0259 7D       		.byte	0x7d
 1930 025a 00       		.sleb128 0
 1931 025b 84020000 		.4byte	.LVL99
 1932 025f AC020000 		.4byte	.LVL107
 1933 0263 0100     		.2byte	0x1
 1934 0265 59       		.byte	0x59
 1935 0266 AC020000 		.4byte	.LVL107
ARM GAS  /var/folders/dt/0wfd0knj7gs46m8vwfzktm600000gn/T//cc3rsxX0.s 			page 35


 1936 026a B4020000 		.4byte	.LVL109
 1937 026e 0200     		.2byte	0x2
 1938 0270 7D       		.byte	0x7d
 1939 0271 00       		.sleb128 0
 1940 0272 CE020000 		.4byte	.LVL113
 1941 0276 D6020000 		.4byte	.LVL114
 1942 027a 0100     		.2byte	0x1
 1943 027c 52       		.byte	0x52
 1944 027d D6020000 		.4byte	.LVL114
 1945 0281 DC020000 		.4byte	.LFE8
 1946 0285 0100     		.2byte	0x1
 1947 0287 5A       		.byte	0x5a
 1948 0288 00000000 		.4byte	0
 1949 028c 00000000 		.4byte	0
 1950              	.LLST10:
 1951 0290 52000000 		.4byte	.LVL24
 1952 0294 62010000 		.4byte	.LVL50
 1953 0298 0100     		.2byte	0x1
 1954 029a 59       		.byte	0x59
 1955 029b 62010000 		.4byte	.LVL50
 1956 029f C2010000 		.4byte	.LVL64
 1957 02a3 0100     		.2byte	0x1
 1958 02a5 5A       		.byte	0x5a
 1959 02a6 C2010000 		.4byte	.LVL64
 1960 02aa CC010000 		.4byte	.LVL65
 1961 02ae 0300     		.2byte	0x3
 1962 02b0 7A       		.byte	0x7a
 1963 02b1 7F       		.sleb128 -1
 1964 02b2 9F       		.byte	0x9f
 1965 02b3 CC010000 		.4byte	.LVL65
 1966 02b7 EA010000 		.4byte	.LVL69
 1967 02bb 0100     		.2byte	0x1
 1968 02bd 5A       		.byte	0x5a
 1969 02be EA010000 		.4byte	.LVL69
 1970 02c2 FE010000 		.4byte	.LVL73
 1971 02c6 0100     		.2byte	0x1
 1972 02c8 59       		.byte	0x59
 1973 02c9 FE010000 		.4byte	.LVL73
 1974 02cd 1A020000 		.4byte	.LVL78
 1975 02d1 0100     		.2byte	0x1
 1976 02d3 5A       		.byte	0x5a
 1977 02d4 2E020000 		.4byte	.LVL81
 1978 02d8 B4020000 		.4byte	.LVL109
 1979 02dc 0100     		.2byte	0x1
 1980 02de 59       		.byte	0x59
 1981 02df B4020000 		.4byte	.LVL109
 1982 02e3 DC020000 		.4byte	.LFE8
 1983 02e7 0100     		.2byte	0x1
 1984 02e9 5A       		.byte	0x5a
 1985 02ea 00000000 		.4byte	0
 1986 02ee 00000000 		.4byte	0
 1987              	.LLST11:
 1988 02f2 2A000000 		.4byte	.LVL18
 1989 02f6 2C000000 		.4byte	.LVL19
 1990 02fa 0200     		.2byte	0x2
 1991 02fc 74       		.byte	0x74
 1992 02fd 00       		.sleb128 0
ARM GAS  /var/folders/dt/0wfd0knj7gs46m8vwfzktm600000gn/T//cc3rsxX0.s 			page 36


 1993 02fe 44000000 		.4byte	.LVL22
 1994 0302 48000000 		.4byte	.LVL23
 1995 0306 0200     		.2byte	0x2
 1996 0308 74       		.byte	0x74
 1997 0309 00       		.sleb128 0
 1998 030a 70000000 		.4byte	.LVL28
 1999 030e 72000000 		.4byte	.LVL29
 2000 0312 0100     		.2byte	0x1
 2001 0314 53       		.byte	0x53
 2002 0315 72000000 		.4byte	.LVL29
 2003 0319 74000000 		.4byte	.LVL30
 2004 031d 0200     		.2byte	0x2
 2005 031f 71       		.byte	0x71
 2006 0320 00       		.sleb128 0
 2007 0321 74000000 		.4byte	.LVL30
 2008 0325 7E000000 		.4byte	.LVL32
 2009 0329 0100     		.2byte	0x1
 2010 032b 52       		.byte	0x52
 2011 032c 7E000000 		.4byte	.LVL32
 2012 0330 9E000000 		.4byte	.LVL36
 2013 0334 0100     		.2byte	0x1
 2014 0336 53       		.byte	0x53
 2015 0337 A4000000 		.4byte	.LVL37
 2016 033b A6000000 		.4byte	.LVL38
 2017 033f 0200     		.2byte	0x2
 2018 0341 74       		.byte	0x74
 2019 0342 00       		.sleb128 0
 2020 0343 A6000000 		.4byte	.LVL38
 2021 0347 AA000000 		.4byte	.LVL39
 2022 034b 0200     		.2byte	0x2
 2023 034d 74       		.byte	0x74
 2024 034e 7F       		.sleb128 -1
 2025 034f AA000000 		.4byte	.LVL39
 2026 0353 22010000 		.4byte	.LVL40
 2027 0357 0100     		.2byte	0x1
 2028 0359 53       		.byte	0x53
 2029 035a 22010000 		.4byte	.LVL40
 2030 035e 24010000 		.4byte	.LVL41
 2031 0362 0200     		.2byte	0x2
 2032 0364 74       		.byte	0x74
 2033 0365 7F       		.sleb128 -1
 2034 0366 24010000 		.4byte	.LVL41
 2035 036a 26010000 		.4byte	.LVL42
 2036 036e 0200     		.2byte	0x2
 2037 0370 71       		.byte	0x71
 2038 0371 00       		.sleb128 0
 2039 0372 26010000 		.4byte	.LVL42
 2040 0376 2A010000 		.4byte	.LVL43
 2041 037a 0100     		.2byte	0x1
 2042 037c 52       		.byte	0x52
 2043 037d 2E010000 		.4byte	.LVL44
 2044 0381 4A010000 		.4byte	.LVL45
 2045 0385 0200     		.2byte	0x2
 2046 0387 74       		.byte	0x74
 2047 0388 7F       		.sleb128 -1
 2048 0389 58010000 		.4byte	.LVL47
 2049 038d 5A010000 		.4byte	.LVL48
ARM GAS  /var/folders/dt/0wfd0knj7gs46m8vwfzktm600000gn/T//cc3rsxX0.s 			page 37


 2050 0391 0100     		.2byte	0x1
 2051 0393 53       		.byte	0x53
 2052 0394 5A010000 		.4byte	.LVL48
 2053 0398 5E010000 		.4byte	.LVL49
 2054 039c 0400     		.2byte	0x4
 2055 039e 72       		.byte	0x72
 2056 039f C400     		.sleb128 68
 2057 03a1 9F       		.byte	0x9f
 2058 03a2 EA010000 		.4byte	.LVL69
 2059 03a6 EC010000 		.4byte	.LVL70
 2060 03aa 0100     		.2byte	0x1
 2061 03ac 53       		.byte	0x53
 2062 03ad EC010000 		.4byte	.LVL70
 2063 03b1 F2010000 		.4byte	.LVL71
 2064 03b5 0400     		.2byte	0x4
 2065 03b7 72       		.byte	0x72
 2066 03b8 C400     		.sleb128 68
 2067 03ba 9F       		.byte	0x9f
 2068 03bb 2E020000 		.4byte	.LVL81
 2069 03bf 30020000 		.4byte	.LVL82
 2070 03c3 0100     		.2byte	0x1
 2071 03c5 53       		.byte	0x53
 2072 03c6 48020000 		.4byte	.LVL86
 2073 03ca 4A020000 		.4byte	.LVL87
 2074 03ce 0100     		.2byte	0x1
 2075 03d0 53       		.byte	0x53
 2076 03d1 58020000 		.4byte	.LVL90
 2077 03d5 5A020000 		.4byte	.LVL91
 2078 03d9 0100     		.2byte	0x1
 2079 03db 53       		.byte	0x53
 2080 03dc 5A020000 		.4byte	.LVL91
 2081 03e0 5C020000 		.4byte	.LVL92
 2082 03e4 0400     		.2byte	0x4
 2083 03e6 72       		.byte	0x72
 2084 03e7 C400     		.sleb128 68
 2085 03e9 9F       		.byte	0x9f
 2086 03ea 78020000 		.4byte	.LVL97
 2087 03ee 84020000 		.4byte	.LVL99
 2088 03f2 0100     		.2byte	0x1
 2089 03f4 53       		.byte	0x53
 2090 03f5 84020000 		.4byte	.LVL99
 2091 03f9 88020000 		.4byte	.LVL100
 2092 03fd 0200     		.2byte	0x2
 2093 03ff 38       		.byte	0x38
 2094 0400 9F       		.byte	0x9f
 2095 0401 00000000 		.4byte	0
 2096 0405 00000000 		.4byte	0
 2097              	.LLST12:
 2098 0409 60000000 		.4byte	.LVL25
 2099 040d 68000000 		.4byte	.LVL26
 2100 0411 0300     		.2byte	0x3
 2101 0413 08       		.byte	0x8
 2102 0414 20       		.byte	0x20
 2103 0415 9F       		.byte	0x9f
 2104 0416 68000000 		.4byte	.LVL26
 2105 041a 58010000 		.4byte	.LVL47
 2106 041e 0100     		.2byte	0x1
ARM GAS  /var/folders/dt/0wfd0knj7gs46m8vwfzktm600000gn/T//cc3rsxX0.s 			page 38


 2107 0420 57       		.byte	0x57
 2108 0421 58010000 		.4byte	.LVL47
 2109 0425 A6010000 		.4byte	.LVL59
 2110 0429 0300     		.2byte	0x3
 2111 042b 08       		.byte	0x8
 2112 042c 20       		.byte	0x20
 2113 042d 9F       		.byte	0x9f
 2114 042e A6010000 		.4byte	.LVL59
 2115 0432 B0010000 		.4byte	.LVL61
 2116 0436 0100     		.2byte	0x1
 2117 0438 57       		.byte	0x57
 2118 0439 EA010000 		.4byte	.LVL69
 2119 043d FE010000 		.4byte	.LVL73
 2120 0441 0300     		.2byte	0x3
 2121 0443 08       		.byte	0x8
 2122 0444 20       		.byte	0x20
 2123 0445 9F       		.byte	0x9f
 2124 0446 FE010000 		.4byte	.LVL73
 2125 044a 0C020000 		.4byte	.LVL76
 2126 044e 0100     		.2byte	0x1
 2127 0450 57       		.byte	0x57
 2128 0451 2E020000 		.4byte	.LVL81
 2129 0455 88020000 		.4byte	.LVL100
 2130 0459 0100     		.2byte	0x1
 2131 045b 57       		.byte	0x57
 2132 045c 88020000 		.4byte	.LVL100
 2133 0460 90020000 		.4byte	.LVL102
 2134 0464 0300     		.2byte	0x3
 2135 0466 08       		.byte	0x8
 2136 0467 30       		.byte	0x30
 2137 0468 9F       		.byte	0x9f
 2138 0469 9A020000 		.4byte	.LVL104
 2139 046d B4020000 		.4byte	.LVL109
 2140 0471 0100     		.2byte	0x1
 2141 0473 57       		.byte	0x57
 2142 0474 CE020000 		.4byte	.LVL113
 2143 0478 DC020000 		.4byte	.LFE8
 2144 047c 0300     		.2byte	0x3
 2145 047e 08       		.byte	0x8
 2146 047f 20       		.byte	0x20
 2147 0480 9F       		.byte	0x9f
 2148 0481 00000000 		.4byte	0
 2149 0485 00000000 		.4byte	0
 2150              	.LLST13:
 2151 0489 A6010000 		.4byte	.LVL59
 2152 048d B0010000 		.4byte	.LVL61
 2153 0491 0100     		.2byte	0x1
 2154 0493 5B       		.byte	0x5b
 2155 0494 B0010000 		.4byte	.LVL61
 2156 0498 BC010000 		.4byte	.LVL63
 2157 049c 0300     		.2byte	0x3
 2158 049e 7B       		.byte	0x7b
 2159 049f 7F       		.sleb128 -1
 2160 04a0 9F       		.byte	0x9f
 2161 04a1 FE010000 		.4byte	.LVL73
 2162 04a5 1A020000 		.4byte	.LVL78
 2163 04a9 0100     		.2byte	0x1
ARM GAS  /var/folders/dt/0wfd0knj7gs46m8vwfzktm600000gn/T//cc3rsxX0.s 			page 39


 2164 04ab 5B       		.byte	0x5b
 2165 04ac B4020000 		.4byte	.LVL109
 2166 04b0 CE020000 		.4byte	.LVL113
 2167 04b4 0100     		.2byte	0x1
 2168 04b6 5B       		.byte	0x5b
 2169 04b7 00000000 		.4byte	0
 2170 04bb 00000000 		.4byte	0
 2171              	.LLST14:
 2172 04bf 94000000 		.4byte	.LVL34
 2173 04c3 96000000 		.4byte	.LVL35
 2174 04c7 0200     		.2byte	0x2
 2175 04c9 30       		.byte	0x30
 2176 04ca 9F       		.byte	0x9f
 2177 04cb 96000000 		.4byte	.LVL35
 2178 04cf 26010000 		.4byte	.LVL42
 2179 04d3 0100     		.2byte	0x1
 2180 04d5 50       		.byte	0x50
 2181 04d6 26010000 		.4byte	.LVL42
 2182 04da 2A010000 		.4byte	.LVL43
 2183 04de 0500     		.2byte	0x5
 2184 04e0 7C       		.byte	0x7c
 2185 04e1 00       		.sleb128 0
 2186 04e2 31       		.byte	0x31
 2187 04e3 24       		.byte	0x24
 2188 04e4 9F       		.byte	0x9f
 2189 04e5 2A010000 		.4byte	.LVL43
 2190 04e9 86010000 		.4byte	.LVL53
 2191 04ed 0100     		.2byte	0x1
 2192 04ef 50       		.byte	0x50
 2193 04f0 86010000 		.4byte	.LVL53
 2194 04f4 8A010000 		.4byte	.LVL54
 2195 04f8 0300     		.2byte	0x3
 2196 04fa 70       		.byte	0x70
 2197 04fb 7F       		.sleb128 -1
 2198 04fc 9F       		.byte	0x9f
 2199 04fd EA010000 		.4byte	.LVL69
 2200 0501 FE010000 		.4byte	.LVL73
 2201 0505 0100     		.2byte	0x1
 2202 0507 50       		.byte	0x50
 2203 0508 2E020000 		.4byte	.LVL81
 2204 050c 3A020000 		.4byte	.LVL84
 2205 0510 0100     		.2byte	0x1
 2206 0512 50       		.byte	0x50
 2207 0513 48020000 		.4byte	.LVL86
 2208 0517 52020000 		.4byte	.LVL88
 2209 051b 0100     		.2byte	0x1
 2210 051d 50       		.byte	0x50
 2211 051e 58020000 		.4byte	.LVL90
 2212 0522 68020000 		.4byte	.LVL94
 2213 0526 0100     		.2byte	0x1
 2214 0528 50       		.byte	0x50
 2215 0529 78020000 		.4byte	.LVL97
 2216 052d 88020000 		.4byte	.LVL100
 2217 0531 0100     		.2byte	0x1
 2218 0533 50       		.byte	0x50
 2219 0534 9A020000 		.4byte	.LVL104
 2220 0538 A4020000 		.4byte	.LVL106
ARM GAS  /var/folders/dt/0wfd0knj7gs46m8vwfzktm600000gn/T//cc3rsxX0.s 			page 40


 2221 053c 0100     		.2byte	0x1
 2222 053e 50       		.byte	0x50
 2223 053f D6020000 		.4byte	.LVL114
 2224 0543 DC020000 		.4byte	.LFE8
 2225 0547 0100     		.2byte	0x1
 2226 0549 50       		.byte	0x50
 2227 054a 00000000 		.4byte	0
 2228 054e 00000000 		.4byte	0
 2229              	.LLST15:
 2230 0552 68000000 		.4byte	.LVL26
 2231 0556 70000000 		.4byte	.LVL28
 2232 055a 0200     		.2byte	0x2
 2233 055c 30       		.byte	0x30
 2234 055d 9F       		.byte	0x9f
 2235 055e 70000000 		.4byte	.LVL28
 2236 0562 78000000 		.4byte	.LVL31
 2237 0566 0100     		.2byte	0x1
 2238 0568 56       		.byte	0x56
 2239 0569 7E000000 		.4byte	.LVL32
 2240 056d A4010000 		.4byte	.LVL58
 2241 0571 0100     		.2byte	0x1
 2242 0573 56       		.byte	0x56
 2243 0574 A6010000 		.4byte	.LVL59
 2244 0578 BC010000 		.4byte	.LVL63
 2245 057c 0100     		.2byte	0x1
 2246 057e 56       		.byte	0x56
 2247 057f D0010000 		.4byte	.LVL66
 2248 0583 E4010000 		.4byte	.LVL67
 2249 0587 0100     		.2byte	0x1
 2250 0589 56       		.byte	0x56
 2251 058a E4010000 		.4byte	.LVL67
 2252 058e E6010000 		.4byte	.LVL68
 2253 0592 0300     		.2byte	0x3
 2254 0594 76       		.byte	0x76
 2255 0595 7F       		.sleb128 -1
 2256 0596 9F       		.byte	0x9f
 2257 0597 E6010000 		.4byte	.LVL68
 2258 059b 28020000 		.4byte	.LVL79
 2259 059f 0100     		.2byte	0x1
 2260 05a1 56       		.byte	0x56
 2261 05a2 28020000 		.4byte	.LVL79
 2262 05a6 2A020000 		.4byte	.LVL80
 2263 05aa 0300     		.2byte	0x3
 2264 05ac 76       		.byte	0x76
 2265 05ad 01       		.sleb128 1
 2266 05ae 9F       		.byte	0x9f
 2267 05af 2A020000 		.4byte	.LVL80
 2268 05b3 88020000 		.4byte	.LVL100
 2269 05b7 0100     		.2byte	0x1
 2270 05b9 56       		.byte	0x56
 2271 05ba 9A020000 		.4byte	.LVL104
 2272 05be DC020000 		.4byte	.LFE8
 2273 05c2 0100     		.2byte	0x1
 2274 05c4 56       		.byte	0x56
 2275 05c5 00000000 		.4byte	0
 2276 05c9 00000000 		.4byte	0
 2277              	.LLST16:
ARM GAS  /var/folders/dt/0wfd0knj7gs46m8vwfzktm600000gn/T//cc3rsxX0.s 			page 41


 2278 05cd 9E000000 		.4byte	.LVL36
 2279 05d1 AA000000 		.4byte	.LVL39
 2280 05d5 0200     		.2byte	0x2
 2281 05d7 31       		.byte	0x31
 2282 05d8 9F       		.byte	0x9f
 2283 05d9 AA000000 		.4byte	.LVL39
 2284 05dd 22010000 		.4byte	.LVL40
 2285 05e1 0100     		.2byte	0x1
 2286 05e3 51       		.byte	0x51
 2287 05e4 56010000 		.4byte	.LVL46
 2288 05e8 8C010000 		.4byte	.LVL55
 2289 05ec 0100     		.2byte	0x1
 2290 05ee 51       		.byte	0x51
 2291 05ef EA010000 		.4byte	.LVL69
 2292 05f3 FE010000 		.4byte	.LVL73
 2293 05f7 0100     		.2byte	0x1
 2294 05f9 51       		.byte	0x51
 2295 05fa 2E020000 		.4byte	.LVL81
 2296 05fe 36020000 		.4byte	.LVL83
 2297 0602 0100     		.2byte	0x1
 2298 0604 51       		.byte	0x51
 2299 0605 48020000 		.4byte	.LVL86
 2300 0609 54020000 		.4byte	.LVL89
 2301 060d 0100     		.2byte	0x1
 2302 060f 51       		.byte	0x51
 2303 0610 58020000 		.4byte	.LVL90
 2304 0614 60020000 		.4byte	.LVL93
 2305 0618 0100     		.2byte	0x1
 2306 061a 51       		.byte	0x51
 2307 061b 78020000 		.4byte	.LVL97
 2308 061f 88020000 		.4byte	.LVL100
 2309 0623 0100     		.2byte	0x1
 2310 0625 51       		.byte	0x51
 2311 0626 9A020000 		.4byte	.LVL104
 2312 062a 9C020000 		.4byte	.LVL105
 2313 062e 0100     		.2byte	0x1
 2314 0630 51       		.byte	0x51
 2315 0631 D6020000 		.4byte	.LVL114
 2316 0635 DC020000 		.4byte	.LFE8
 2317 0639 0100     		.2byte	0x1
 2318 063b 51       		.byte	0x51
 2319 063c 00000000 		.4byte	0
 2320 0640 00000000 		.4byte	0
 2321              	.LLST17:
 2322 0644 52000000 		.4byte	.LVL24
 2323 0648 60000000 		.4byte	.LVL25
 2324 064c 0200     		.2byte	0x2
 2325 064e 30       		.byte	0x30
 2326 064f 9F       		.byte	0x9f
 2327 0650 60000000 		.4byte	.LVL25
 2328 0654 BA010000 		.4byte	.LVL62
 2329 0658 0100     		.2byte	0x1
 2330 065a 58       		.byte	0x58
 2331 065b EA010000 		.4byte	.LVL69
 2332 065f 90020000 		.4byte	.LVL102
 2333 0663 0100     		.2byte	0x1
 2334 0665 58       		.byte	0x58
ARM GAS  /var/folders/dt/0wfd0knj7gs46m8vwfzktm600000gn/T//cc3rsxX0.s 			page 42


 2335 0666 90020000 		.4byte	.LVL102
 2336 066a 92020000 		.4byte	.LVL103
 2337 066e 0200     		.2byte	0x2
 2338 0670 30       		.byte	0x30
 2339 0671 9F       		.byte	0x9f
 2340 0672 92020000 		.4byte	.LVL103
 2341 0676 9A020000 		.4byte	.LVL104
 2342 067a 0200     		.2byte	0x2
 2343 067c 31       		.byte	0x31
 2344 067d 9F       		.byte	0x9f
 2345 067e 9A020000 		.4byte	.LVL104
 2346 0682 DC020000 		.4byte	.LFE8
 2347 0686 0100     		.2byte	0x1
 2348 0688 58       		.byte	0x58
 2349 0689 00000000 		.4byte	0
 2350 068d 00000000 		.4byte	0
 2351              	.LLST18:
 2352 0691 3A020000 		.4byte	.LVL84
 2353 0695 3F020000 		.4byte	.LVL85-1
 2354 0699 0100     		.2byte	0x1
 2355 069b 51       		.byte	0x51
 2356 069c 54020000 		.4byte	.LVL89
 2357 06a0 58020000 		.4byte	.LVL90
 2358 06a4 0100     		.2byte	0x1
 2359 06a6 51       		.byte	0x51
 2360 06a7 60020000 		.4byte	.LVL93
 2361 06ab 6F020000 		.4byte	.LVL96-1
 2362 06af 0100     		.2byte	0x1
 2363 06b1 51       		.byte	0x51
 2364 06b2 9C020000 		.4byte	.LVL105
 2365 06b6 B4020000 		.4byte	.LVL109
 2366 06ba 0100     		.2byte	0x1
 2367 06bc 51       		.byte	0x51
 2368 06bd 00000000 		.4byte	0
 2369 06c1 00000000 		.4byte	0
 2370              		.section	.debug_aranges,"",%progbits
 2371 0000 24000000 		.4byte	0x24
 2372 0004 0200     		.2byte	0x2
 2373 0006 00000000 		.4byte	.Ldebug_info0
 2374 000a 04       		.byte	0x4
 2375 000b 00       		.byte	0
 2376 000c 0000     		.2byte	0
 2377 000e 0000     		.2byte	0
 2378 0010 00000000 		.4byte	.LFB7
 2379 0014 44000000 		.4byte	.LFE7-.LFB7
 2380 0018 00000000 		.4byte	.LFB8
 2381 001c DC020000 		.4byte	.LFE8-.LFB8
 2382 0020 00000000 		.4byte	0
 2383 0024 00000000 		.4byte	0
 2384              		.section	.debug_ranges,"",%progbits
 2385              	.Ldebug_ranges0:
 2386 0000 00000000 		.4byte	.LFB7
 2387 0004 44000000 		.4byte	.LFE7
 2388 0008 00000000 		.4byte	.LFB8
 2389 000c DC020000 		.4byte	.LFE8
 2390 0010 00000000 		.4byte	0
 2391 0014 00000000 		.4byte	0
ARM GAS  /var/folders/dt/0wfd0knj7gs46m8vwfzktm600000gn/T//cc3rsxX0.s 			page 43


 2392              		.section	.debug_line,"",%progbits
 2393              	.Ldebug_line0:
 2394 0000 DA020000 		.section	.debug_str,"MS",%progbits,1
 2394      02007701 
 2394      00000201 
 2394      FB0E0D00 
 2394      01010101 
 2395              	.LASF2:
 2396 0000 73697A65 		.ascii	"size_t\000"
 2396      5F7400
 2397              	.LASF17:
 2398 0007 73797374 		.ascii	"systime_t\000"
 2398      696D655F 
 2398      7400
 2399              	.LASF39:
 2400 0011 5F5F6170 		.ascii	"__ap\000"
 2400      00
 2401              	.LASF34:
 2402 0016 69735F6C 		.ascii	"is_long\000"
 2402      6F6E6700 
 2403              	.LASF3:
 2404 001e 756E7369 		.ascii	"unsigned int\000"
 2404      676E6564 
 2404      20696E74 
 2404      00
 2405              	.LASF15:
 2406 002b 626F6F6C 		.ascii	"bool_t\000"
 2406      5F7400
 2407              	.LASF26:
 2408 0032 77726974 		.ascii	"writet\000"
 2408      657400
 2409              	.LASF1:
 2410 0039 76615F6C 		.ascii	"va_list\000"
 2410      69737400 
 2411              	.LASF6:
 2412 0041 756E7369 		.ascii	"unsigned char\000"
 2412      676E6564 
 2412      20636861 
 2412      7200
 2413              	.LASF27:
 2414 004f 72656164 		.ascii	"readt\000"
 2414      7400
 2415              	.LASF12:
 2416 0055 6C6F6E67 		.ascii	"long unsigned int\000"
 2416      20756E73 
 2416      69676E65 
 2416      6420696E 
 2416      7400
 2417              	.LASF8:
 2418 0067 73686F72 		.ascii	"short unsigned int\000"
 2418      7420756E 
 2418      7369676E 
 2418      65642069 
 2418      6E7400
 2419              	.LASF22:
 2420 007a 77726974 		.ascii	"write\000"
 2420      6500
ARM GAS  /var/folders/dt/0wfd0knj7gs46m8vwfzktm600000gn/T//cc3rsxX0.s 			page 44


 2421              	.LASF33:
 2422 0080 77696474 		.ascii	"width\000"
 2422      6800
 2423              	.LASF41:
 2424 0086 63687072 		.ascii	"chprintf\000"
 2424      696E7466 
 2424      00
 2425              	.LASF38:
 2426 008f 2F746D70 		.ascii	"/tmp/mlab-chibios/demos/STM32F107-serialshell\000"
 2426      2F6D6C61 
 2426      622D6368 
 2426      6962696F 
 2426      732F6465 
 2427              	.LASF24:
 2428 00bd 70757477 		.ascii	"putwouldblock\000"
 2428      6F756C64 
 2428      626C6F63 
 2428      6B00
 2429              	.LASF0:
 2430 00cb 5F5F676E 		.ascii	"__gnuc_va_list\000"
 2430      75635F76 
 2430      615F6C69 
 2430      737400
 2431              	.LASF23:
 2432 00da 72656164 		.ascii	"read\000"
 2432      00
 2433              	.LASF31:
 2434 00df 66696C6C 		.ascii	"filler\000"
 2434      657200
 2435              	.LASF37:
 2436 00e6 2E2E2F2E 		.ascii	"../../os/various/chprintf.c\000"
 2436      2E2F6F73 
 2436      2F766172 
 2436      696F7573 
 2436      2F636870 
 2437              	.LASF14:
 2438 0102 6C6F6E67 		.ascii	"long long unsigned int\000"
 2438      206C6F6E 
 2438      6720756E 
 2438      7369676E 
 2438      65642069 
 2439              	.LASF5:
 2440 0119 75696E74 		.ascii	"uint8_t\000"
 2440      385F7400 
 2441              	.LASF29:
 2442 0121 72616469 		.ascii	"radix\000"
 2442      7800
 2443              	.LASF25:
 2444 0127 67657477 		.ascii	"getwouldblock\000"
 2444      6F756C64 
 2444      626C6F63 
 2444      6B00
 2445              	.LASF16:
 2446 0135 6D73675F 		.ascii	"msg_t\000"
 2446      7400
 2447              	.LASF21:
 2448 013b 42617365 		.ascii	"BaseChannelVMT\000"
ARM GAS  /var/folders/dt/0wfd0knj7gs46m8vwfzktm600000gn/T//cc3rsxX0.s 			page 45


 2448      4368616E 
 2448      6E656C56 
 2448      4D5400
 2449              	.LASF9:
 2450 014a 696E7433 		.ascii	"int32_t\000"
 2450      325F7400 
 2451              	.LASF18:
 2452 0152 73697A65 		.ascii	"sizetype\000"
 2452      74797065 
 2452      00
 2453              	.LASF30:
 2454 015b 746D7062 		.ascii	"tmpbuf\000"
 2454      756600
 2455              	.LASF20:
 2456 0162 5F5F7661 		.ascii	"__va_list\000"
 2456      5F6C6973 
 2456      7400
 2457              	.LASF13:
 2458 016c 6C6F6E67 		.ascii	"long long int\000"
 2458      206C6F6E 
 2458      6720696E 
 2458      7400
 2459              	.LASF32:
 2460 017a 70726563 		.ascii	"precision\000"
 2460      6973696F 
 2460      6E00
 2461              	.LASF19:
 2462 0184 63686172 		.ascii	"char\000"
 2462      00
 2463              	.LASF36:
 2464 0189 474E5520 		.ascii	"GNU C 4.7.2\000"
 2464      4320342E 
 2464      372E3200 
 2465              	.LASF35:
 2466 0195 6C656674 		.ascii	"left_align\000"
 2466      5F616C69 
 2466      676E00
 2467              	.LASF7:
 2468 01a0 73686F72 		.ascii	"short int\000"
 2468      7420696E 
 2468      7400
 2469              	.LASF42:
 2470 01aa 756E7369 		.ascii	"unsigned_common\000"
 2470      676E6564 
 2470      5F636F6D 
 2470      6D6F6E00 
 2471              	.LASF11:
 2472 01ba 75696E74 		.ascii	"uint32_t\000"
 2472      33325F74 
 2472      00
 2473              	.LASF10:
 2474 01c3 6C6F6E67 		.ascii	"long int\000"
 2474      20696E74 
 2474      00
 2475              	.LASF4:
 2476 01cc 7369676E 		.ascii	"signed char\000"
 2476      65642063 
ARM GAS  /var/folders/dt/0wfd0knj7gs46m8vwfzktm600000gn/T//cc3rsxX0.s 			page 46


 2476      68617200 
 2477              	.LASF40:
 2478 01d8 6C746F61 		.ascii	"ltoa\000"
 2478      00
 2479              	.LASF28:
 2480 01dd 42617365 		.ascii	"BaseChannel\000"
 2480      4368616E 
 2480      6E656C00 
 2481              		.ident	"GCC: (GNU) 4.7.2"
ARM GAS  /var/folders/dt/0wfd0knj7gs46m8vwfzktm600000gn/T//cc3rsxX0.s 			page 47


DEFINED SYMBOLS
                            *ABS*:0000000000000000 chprintf.c
/var/folders/dt/0wfd0knj7gs46m8vwfzktm600000gn/T//cc3rsxX0.s:19     .text.ltoa:0000000000000000 $t
/var/folders/dt/0wfd0knj7gs46m8vwfzktm600000gn/T//cc3rsxX0.s:24     .text.ltoa:0000000000000000 ltoa
/var/folders/dt/0wfd0knj7gs46m8vwfzktm600000gn/T//cc3rsxX0.s:100    .text.chprintf:0000000000000000 $t
/var/folders/dt/0wfd0knj7gs46m8vwfzktm600000gn/T//cc3rsxX0.s:106    .text.chprintf:0000000000000000 chprintf
/var/folders/dt/0wfd0knj7gs46m8vwfzktm600000gn/T//cc3rsxX0.s:276    .text.chprintf:00000000000000b8 $d
/var/folders/dt/0wfd0knj7gs46m8vwfzktm600000gn/T//cc3rsxX0.s:332    .text.chprintf:0000000000000122 $t
/var/folders/dt/0wfd0knj7gs46m8vwfzktm600000gn/T//cc3rsxX0.s:701    .rodata.str1.4:0000000000000000 .LC0
/var/folders/dt/0wfd0knj7gs46m8vwfzktm600000gn/T//cc3rsxX0.s:700    .rodata.str1.4:0000000000000000 $d
                     .debug_frame:0000000000000010 $d

NO UNDEFINED SYMBOLS
