ARM GAS  /tmp/ccIj0h30.s 			page 1


   1              		.syntax unified
   2              		.cpu cortex-m3
   3              		.fpu softvfp
   4              		.eabi_attribute 20, 1
   5              		.eabi_attribute 21, 1
   6              		.eabi_attribute 23, 3
   7              		.eabi_attribute 24, 1
   8              		.eabi_attribute 25, 1
   9              		.eabi_attribute 26, 1
  10              		.eabi_attribute 30, 2
  11              		.eabi_attribute 34, 1
  12              		.eabi_attribute 18, 4
  13              		.thumb
  14              		.file	"chsys.c"
  15              		.text
  16              	.Ltext0:
  17              		.cfi_sections	.debug_frame
  18              		.section	.text._idle_thread,"ax",%progbits
  19              		.align	2
  20              		.p2align 4,,15
  21              		.global	_idle_thread
  22              		.thumb
  23              		.thumb_func
  24              		.type	_idle_thread, %function
  25              	_idle_thread:
  26              	.LFB7:
  27              		.file 1 "../../os/kernel/src/chsys.c"
  28              		.loc 1 61 0
  29              		.cfi_startproc
  30              		@ args = 0, pretend = 0, frame = 0
  31              		@ frame_needed = 0, uses_anonymous_args = 0
  32              		@ link register save eliminated.
  33              	.LVL0:
  34              		.loc 1 64 0
  35 0000 024B     		ldr	r3, .L4
  36 0002 034A     		ldr	r2, .L4+4
  37 0004 D869     		ldr	r0, [r3, #28]
  38              	.LVL1:
  39 0006 8261     		str	r2, [r0, #24]
  40              	.L2:
  41 0008 FEE7     		b	.L2
  42              	.L5:
  43 000a 00BF     		.align	2
  44              	.L4:
  45 000c 00000000 		.word	rlist
  46 0010 00000000 		.word	.LC0
  47              		.cfi_endproc
  48              	.LFE7:
  49              		.size	_idle_thread, .-_idle_thread
  50 0014 AFF30080 		.section	.text.chSysInit,"ax",%progbits
  50      AFF30080 
  50      AFF30080 
  51              		.align	2
  52              		.p2align 4,,15
  53              		.global	chSysInit
  54              		.thumb
  55              		.thumb_func
ARM GAS  /tmp/ccIj0h30.s 			page 2


  56              		.type	chSysInit, %function
  57              	chSysInit:
  58              	.LFB8:
  59              		.loc 1 84 0
  60              		.cfi_startproc
  61              		@ args = 0, pretend = 0, frame = 0
  62              		@ frame_needed = 0, uses_anonymous_args = 0
  63 0000 30B5     		push	{r4, r5, lr}
  64              	.LCFI0:
  65              		.cfi_def_cfa_offset 12
  66              		.cfi_offset 4, -12
  67              		.cfi_offset 5, -8
  68              		.cfi_offset 14, -4
  69 0002 83B0     		sub	sp, sp, #12
  70              	.LCFI1:
  71              		.cfi_def_cfa_offset 24
  72              		.loc 1 90 0
  73 0004 FFF7FEFF 		bl	_port_init
  74              	.LVL2:
  75              		.loc 1 91 0
  76 0008 FFF7FEFF 		bl	_scheduler_init
  77              	.LVL3:
  78              		.loc 1 92 0
  79 000c FFF7FEFF 		bl	_vt_init
  80              	.LVL4:
  81              		.loc 1 94 0
  82 0010 FFF7FEFF 		bl	_core_init
  83              	.LVL5:
  84              		.loc 1 97 0
  85 0014 FFF7FEFF 		bl	_heap_init
  86              	.LVL6:
  87              		.loc 1 100 0
  88 0018 FFF7FEFF 		bl	_trace_init
  89              	.LVL7:
  90              		.loc 1 104 0
  91 001c 40F20000 		movw	r0, #:lower16:.LANCHOR0
  92 0020 4021     		movs	r1, #64
  93 0022 C0F20000 		movt	r0, #:upper16:.LANCHOR0
  94 0026 FFF7FEFF 		bl	_thread_init
  95              	.LVL8:
  96 002a 40F20004 		movw	r4, #:lower16:rlist
  97              		.loc 1 109 0
  98 002e 40F20003 		movw	r3, #:lower16:__main_thread_stack_base__
  99 0032 C0F20003 		movt	r3, #:upper16:__main_thread_stack_base__
 100              		.loc 1 104 0
 101 0036 C0F20004 		movt	r4, #:upper16:rlist
 102              		.loc 1 105 0
 103 003a 0125     		movs	r5, #1
 104              		.loc 1 104 0
 105 003c E061     		str	r0, [r4, #28]
 106              		.loc 1 105 0
 107 003e 80F82050 		strb	r5, [r0, #32]
 108              		.loc 1 109 0
 109 0042 C361     		str	r3, [r0, #28]
 110              		.loc 1 111 0
 111 0044 FFF7FEFF 		bl	dbg_check_enable
 112              	.LVL9:
ARM GAS  /tmp/ccIj0h30.s 			page 3


 113              	.LBB2:
 114 0048 0023     		movs	r3, #0
 115              	.LVL10:
 116              	@ 111 "../../os/kernel/src/chsys.c" 1
 117 004a 83F31188 		msr     BASEPRI, r3                    
 118 004e 62B6     		cpsie   i
 119              	@ 0 "" 2
 120              	.LVL11:
 121              		.thumb
 122              	.LBE2:
 123              		.loc 1 115 0
 124 0050 40F20001 		movw	r1, #:lower16:ch_debug
 125 0054 E269     		ldr	r2, [r4, #28]
 126 0056 C0F20001 		movt	r1, #:upper16:ch_debug
 127 005a 9161     		str	r1, [r2, #24]
 128              		.loc 1 121 0
 129 005c 40F20000 		movw	r0, #:lower16:.LANCHOR1
 130 0060 0093     		str	r3, [sp, #0]
 131 0062 40F20003 		movw	r3, #:lower16:_idle_thread
 132              	.LVL12:
 133 0066 C021     		movs	r1, #192
 134 0068 2A46     		mov	r2, r5
 135 006a C0F20003 		movt	r3, #:upper16:_idle_thread
 136 006e C0F20000 		movt	r0, #:upper16:.LANCHOR1
 137 0072 FFF7FEFF 		bl	chThdCreateStatic
 138              	.LVL13:
 139              		.loc 1 124 0
 140 0076 03B0     		add	sp, sp, #12
 141 0078 30BD     		pop	{r4, r5, pc}
 142              		.cfi_endproc
 143              	.LFE8:
 144              		.size	chSysInit, .-chSysInit
 145 007a 00BFAFF3 		.section	.text.chSysTimerHandlerI,"ax",%progbits
 145      0080
 146              		.align	2
 147              		.p2align 4,,15
 148              		.global	chSysTimerHandlerI
 149              		.thumb
 150              		.thumb_func
 151              		.type	chSysTimerHandlerI, %function
 152              	chSysTimerHandlerI:
 153              	.LFB9:
 154              		.loc 1 137 0
 155              		.cfi_startproc
 156              		@ args = 0, pretend = 0, frame = 0
 157              		@ frame_needed = 0, uses_anonymous_args = 0
 158 0000 38B5     		push	{r3, r4, r5, lr}
 159              	.LCFI2:
 160              		.cfi_def_cfa_offset 16
 161              		.cfi_offset 3, -16
 162              		.cfi_offset 4, -12
 163              		.cfi_offset 5, -8
 164              		.cfi_offset 14, -4
 165              		.loc 1 139 0
 166 0002 FFF7FEFF 		bl	chDbgCheckClassI
 167              	.LVL14:
 168              		.loc 1 143 0
ARM GAS  /tmp/ccIj0h30.s 			page 4


 169 0006 104B     		ldr	r3, .L17
 170 0008 9A69     		ldr	r2, [r3, #24]
 171 000a 002A     		cmp	r2, #0
 172 000c 01DD     		ble	.L8
 173              		.loc 1 145 0
 174 000e 501E     		subs	r0, r2, #1
 175 0010 9861     		str	r0, [r3, #24]
 176              	.L8:
 177              		.loc 1 148 0
 178 0012 DA69     		ldr	r2, [r3, #28]
 179              		.loc 1 150 0
 180 0014 0D4C     		ldr	r4, .L17+4
 181              		.loc 1 148 0
 182 0016 516A     		ldr	r1, [r2, #36]
 183              		.loc 1 150 0
 184 0018 2368     		ldr	r3, [r4, #0]
 185              		.loc 1 148 0
 186 001a 481C     		adds	r0, r1, #1
 187 001c 5062     		str	r0, [r2, #36]
 188              		.loc 1 150 0
 189 001e E268     		ldr	r2, [r4, #12]
 190 0020 511C     		adds	r1, r2, #1
 191 0022 A342     		cmp	r3, r4
 192 0024 E160     		str	r1, [r4, #12]
 193 0026 0ED0     		beq	.L7
 194              	.LBB3:
 195              		.loc 1 150 0 is_stmt 0 discriminator 1
 196 0028 9D68     		ldr	r5, [r3, #8]
 197 002a 013D     		subs	r5, r5, #1
 198 002c 9D60     		str	r5, [r3, #8]
 199              	.LVL15:
 200 002e 55B9     		cbnz	r5, .L7
 201              	.L14:
 202              	.LBB4:
 203              		.loc 1 150 0 discriminator 3
 204 0030 1A68     		ldr	r2, [r3, #0]
 205 0032 D968     		ldr	r1, [r3, #12]
 206              	.LVL16:
 207 0034 1869     		ldr	r0, [r3, #16]
 208 0036 DD60     		str	r5, [r3, #12]
 209 0038 5460     		str	r4, [r2, #4]
 210 003a 2260     		str	r2, [r4, #0]
 211 003c 8847     		blx	r1
 212              	.LVL17:
 213              	.LBE4:
 214 003e 2368     		ldr	r3, [r4, #0]
 215              	.LVL18:
 216 0040 9868     		ldr	r0, [r3, #8]
 217 0042 0028     		cmp	r0, #0
 218 0044 F4D0     		beq	.L14
 219              	.LVL19:
 220              	.L7:
 221 0046 38BD     		pop	{r3, r4, r5, pc}
 222              	.L18:
 223              		.align	2
 224              	.L17:
 225 0048 00000000 		.word	rlist
ARM GAS  /tmp/ccIj0h30.s 			page 5


 226 004c 00000000 		.word	vtlist
 227              	.LBE3:
 228              		.cfi_endproc
 229              	.LFE9:
 230              		.size	chSysTimerHandlerI, .-chSysTimerHandlerI
 231              		.global	_idle_thread_wa
 232              		.section	.bss.mainthread.4864,"aw",%nobits
 233              		.align	2
 234              		.set	.LANCHOR0,. + 0
 235              		.type	mainthread.4864, %object
 236              		.size	mainthread.4864, 76
 237              	mainthread.4864:
 238 0000 00000000 		.space	76
 238      00000000 
 238      00000000 
 238      00000000 
 238      00000000 
 239              		.section	.rodata.str1.4,"aMS",%progbits,1
 240              		.align	2
 241              	.LC0:
 242 0000 69646C65 		.ascii	"idle\000"
 242      00
 243 0005 000000   		.section	.bss._idle_thread_wa,"aw",%nobits
 244              		.align	3
 245              		.set	.LANCHOR1,. + 0
 246              		.type	_idle_thread_wa, %object
 247              		.size	_idle_thread_wa, 192
 248              	_idle_thread_wa:
 249 0000 00000000 		.space	192
 249      00000000 
 249      00000000 
 249      00000000 
 249      00000000 
 250              		.text
 251              	.Letext0:
 252              		.file 2 "/usr/bin/../lib/gcc/arm-none-eabi/4.7.4/include/stddef.h"
 253              		.file 3 "/usr/bin/../lib/gcc/arm-none-eabi/4.7.4/../../../../arm-none-eabi/include/stdint.h"
 254              		.file 4 "../../os/ports/GCC/ARMCMx/chtypes.h"
 255              		.file 5 "../../os/kernel/include/chlists.h"
 256              		.file 6 "../../os/kernel/include/chthreads.h"
 257              		.file 7 "../../os/ports/GCC/ARMCMx/chcore_v7m.h"
 258              		.file 8 "../../os/kernel/include/chvt.h"
 259              		.file 9 "../../os/kernel/include/chschd.h"
 260              		.file 10 "../../os/kernel/include/chmtx.h"
 261              		.file 11 "../../os/kernel/include/chregistry.h"
 262              		.file 12 "../../os/kernel/include/chmemcore.h"
 263              		.file 13 "../../os/kernel/include/chheap.h"
 264              		.file 14 "../../os/kernel/include/chdebug.h"
 265              		.section	.debug_info,"",%progbits
 266              	.Ldebug_info0:
 267 0000 D8080000 		.4byte	0x8d8
 268 0004 0200     		.2byte	0x2
 269 0006 00000000 		.4byte	.Ldebug_abbrev0
 270 000a 04       		.byte	0x4
 271 000b 01       		.uleb128 0x1
 272 000c 28020000 		.4byte	.LASF115
 273 0010 01       		.byte	0x1
ARM GAS  /tmp/ccIj0h30.s 			page 6


 274 0011 C3040000 		.4byte	.LASF116
 275 0015 08030000 		.4byte	.LASF117
 276 0019 00000000 		.4byte	.Ldebug_ranges0+0
 277 001d 00000000 		.4byte	0
 278 0021 00000000 		.4byte	0
 279 0025 00000000 		.4byte	.Ldebug_line0
 280 0029 02       		.uleb128 0x2
 281 002a 04       		.byte	0x4
 282 002b 05       		.byte	0x5
 283 002c 696E7400 		.ascii	"int\000"
 284 0030 03       		.uleb128 0x3
 285 0031 1B000000 		.4byte	.LASF2
 286 0035 02       		.byte	0x2
 287 0036 D5       		.byte	0xd5
 288 0037 3B000000 		.4byte	0x3b
 289 003b 04       		.uleb128 0x4
 290 003c 04       		.byte	0x4
 291 003d 07       		.byte	0x7
 292 003e 87010000 		.4byte	.LASF0
 293 0042 04       		.uleb128 0x4
 294 0043 01       		.byte	0x1
 295 0044 06       		.byte	0x6
 296 0045 C4000000 		.4byte	.LASF1
 297 0049 03       		.uleb128 0x3
 298 004a DF040000 		.4byte	.LASF3
 299 004e 03       		.byte	0x3
 300 004f 2A       		.byte	0x2a
 301 0050 54000000 		.4byte	0x54
 302 0054 04       		.uleb128 0x4
 303 0055 01       		.byte	0x1
 304 0056 08       		.byte	0x8
 305 0057 6C030000 		.4byte	.LASF4
 306 005b 04       		.uleb128 0x4
 307 005c 02       		.byte	0x2
 308 005d 05       		.byte	0x5
 309 005e 8F030000 		.4byte	.LASF5
 310 0062 03       		.uleb128 0x3
 311 0063 1D010000 		.4byte	.LASF6
 312 0067 03       		.byte	0x3
 313 0068 36       		.byte	0x36
 314 0069 6D000000 		.4byte	0x6d
 315 006d 04       		.uleb128 0x4
 316 006e 02       		.byte	0x2
 317 006f 07       		.byte	0x7
 318 0070 CC010000 		.4byte	.LASF7
 319 0074 03       		.uleb128 0x3
 320 0075 64030000 		.4byte	.LASF8
 321 0079 03       		.byte	0x3
 322 007a 4F       		.byte	0x4f
 323 007b 7F000000 		.4byte	0x7f
 324 007f 04       		.uleb128 0x4
 325 0080 04       		.byte	0x4
 326 0081 05       		.byte	0x5
 327 0082 0B010000 		.4byte	.LASF9
 328 0086 03       		.uleb128 0x3
 329 0087 F8030000 		.4byte	.LASF10
 330 008b 03       		.byte	0x3
ARM GAS  /tmp/ccIj0h30.s 			page 7


 331 008c 50       		.byte	0x50
 332 008d 91000000 		.4byte	0x91
 333 0091 04       		.uleb128 0x4
 334 0092 04       		.byte	0x4
 335 0093 07       		.byte	0x7
 336 0094 A9010000 		.4byte	.LASF11
 337 0098 04       		.uleb128 0x4
 338 0099 08       		.byte	0x8
 339 009a 05       		.byte	0x5
 340 009b B6000000 		.4byte	.LASF12
 341 009f 03       		.uleb128 0x3
 342 00a0 29000000 		.4byte	.LASF13
 343 00a4 03       		.byte	0x3
 344 00a5 78       		.byte	0x78
 345 00a6 AA000000 		.4byte	0xaa
 346 00aa 04       		.uleb128 0x4
 347 00ab 08       		.byte	0x8
 348 00ac 07       		.byte	0x7
 349 00ad 4C000000 		.4byte	.LASF14
 350 00b1 03       		.uleb128 0x3
 351 00b2 02020000 		.4byte	.LASF15
 352 00b6 04       		.byte	0x4
 353 00b7 2F       		.byte	0x2f
 354 00b8 49000000 		.4byte	0x49
 355 00bc 03       		.uleb128 0x3
 356 00bd 14010000 		.4byte	.LASF16
 357 00c1 04       		.byte	0x4
 358 00c2 30       		.byte	0x30
 359 00c3 49000000 		.4byte	0x49
 360 00c7 03       		.uleb128 0x3
 361 00c8 42030000 		.4byte	.LASF17
 362 00cc 04       		.byte	0x4
 363 00cd 31       		.byte	0x31
 364 00ce 49000000 		.4byte	0x49
 365 00d2 03       		.uleb128 0x3
 366 00d3 5C030000 		.4byte	.LASF18
 367 00d7 04       		.byte	0x4
 368 00d8 32       		.byte	0x32
 369 00d9 86000000 		.4byte	0x86
 370 00dd 03       		.uleb128 0x3
 371 00de EB010000 		.4byte	.LASF19
 372 00e2 04       		.byte	0x4
 373 00e3 33       		.byte	0x33
 374 00e4 74000000 		.4byte	0x74
 375 00e8 03       		.uleb128 0x3
 376 00e9 16020000 		.4byte	.LASF20
 377 00ed 04       		.byte	0x4
 378 00ee 35       		.byte	0x35
 379 00ef 86000000 		.4byte	0x86
 380 00f3 03       		.uleb128 0x3
 381 00f4 49040000 		.4byte	.LASF21
 382 00f8 04       		.byte	0x4
 383 00f9 36       		.byte	0x36
 384 00fa 86000000 		.4byte	0x86
 385 00fe 03       		.uleb128 0x3
 386 00ff 76010000 		.4byte	.LASF22
 387 0103 04       		.byte	0x4
ARM GAS  /tmp/ccIj0h30.s 			page 8


 388 0104 37       		.byte	0x37
 389 0105 74000000 		.4byte	0x74
 390 0109 03       		.uleb128 0x3
 391 010a D9030000 		.4byte	.LASF23
 392 010e 05       		.byte	0x5
 393 010f 2A       		.byte	0x2a
 394 0110 14010000 		.4byte	0x114
 395 0114 05       		.uleb128 0x5
 396 0115 D9030000 		.4byte	.LASF23
 397 0119 4C       		.byte	0x4c
 398 011a 06       		.byte	0x6
 399 011b 5E       		.byte	0x5e
 400 011c 39020000 		.4byte	0x239
 401 0120 06       		.uleb128 0x6
 402 0121 BB030000 		.4byte	.LASF24
 403 0125 06       		.byte	0x6
 404 0126 5F       		.byte	0x5f
 405 0127 5E020000 		.4byte	0x25e
 406 012b 02       		.byte	0x2
 407 012c 23       		.byte	0x23
 408 012d 00       		.uleb128 0
 409 012e 06       		.uleb128 0x6
 410 012f 55030000 		.4byte	.LASF25
 411 0133 06       		.byte	0x6
 412 0134 61       		.byte	0x61
 413 0135 5E020000 		.4byte	0x25e
 414 0139 02       		.byte	0x2
 415 013a 23       		.byte	0x23
 416 013b 04       		.uleb128 0x4
 417 013c 06       		.uleb128 0x6
 418 013d 92000000 		.4byte	.LASF26
 419 0141 06       		.byte	0x6
 420 0142 63       		.byte	0x63
 421 0143 D2000000 		.4byte	0xd2
 422 0147 02       		.byte	0x2
 423 0148 23       		.byte	0x23
 424 0149 08       		.uleb128 0x8
 425 014a 06       		.uleb128 0x6
 426 014b 2F050000 		.4byte	.LASF27
 427 014f 06       		.byte	0x6
 428 0150 64       		.byte	0x64
 429 0151 36030000 		.4byte	0x336
 430 0155 02       		.byte	0x2
 431 0156 23       		.byte	0x23
 432 0157 0C       		.uleb128 0xc
 433 0158 06       		.uleb128 0x6
 434 0159 30010000 		.4byte	.LASF28
 435 015d 06       		.byte	0x6
 436 015e 66       		.byte	0x66
 437 015f 5E020000 		.4byte	0x25e
 438 0163 02       		.byte	0x2
 439 0164 23       		.byte	0x23
 440 0165 10       		.uleb128 0x10
 441 0166 06       		.uleb128 0x6
 442 0167 D3020000 		.4byte	.LASF29
 443 016b 06       		.byte	0x6
 444 016c 67       		.byte	0x67
ARM GAS  /tmp/ccIj0h30.s 			page 9


 445 016d 5E020000 		.4byte	0x25e
 446 0171 02       		.byte	0x2
 447 0172 23       		.byte	0x23
 448 0173 14       		.uleb128 0x14
 449 0174 06       		.uleb128 0x6
 450 0175 F9040000 		.4byte	.LASF30
 451 0179 06       		.byte	0x6
 452 017a 6E       		.byte	0x6e
 453 017b 25050000 		.4byte	0x525
 454 017f 02       		.byte	0x2
 455 0180 23       		.byte	0x23
 456 0181 18       		.uleb128 0x18
 457 0182 06       		.uleb128 0x6
 458 0183 7C010000 		.4byte	.LASF31
 459 0187 06       		.byte	0x6
 460 0188 74       		.byte	0x74
 461 0189 37050000 		.4byte	0x537
 462 018d 02       		.byte	0x2
 463 018e 23       		.byte	0x23
 464 018f 1C       		.uleb128 0x1c
 465 0190 06       		.uleb128 0x6
 466 0191 99030000 		.4byte	.LASF32
 467 0195 06       		.byte	0x6
 468 0196 79       		.byte	0x79
 469 0197 BC000000 		.4byte	0xbc
 470 019b 02       		.byte	0x2
 471 019c 23       		.byte	0x23
 472 019d 20       		.uleb128 0x20
 473 019e 06       		.uleb128 0x6
 474 019f D1030000 		.4byte	.LASF33
 475 01a3 06       		.byte	0x6
 476 01a4 7D       		.byte	0x7d
 477 01a5 B1000000 		.4byte	0xb1
 478 01a9 02       		.byte	0x2
 479 01aa 23       		.byte	0x23
 480 01ab 21       		.uleb128 0x21
 481 01ac 06       		.uleb128 0x6
 482 01ad AC040000 		.4byte	.LASF34
 483 01b1 06       		.byte	0x6
 484 01b2 82       		.byte	0x82
 485 01b3 C7000000 		.4byte	0xc7
 486 01b7 02       		.byte	0x2
 487 01b8 23       		.byte	0x23
 488 01b9 22       		.uleb128 0x22
 489 01ba 06       		.uleb128 0x6
 490 01bb 70040000 		.4byte	.LASF35
 491 01bf 06       		.byte	0x6
 492 01c0 89       		.byte	0x89
 493 01c1 22040000 		.4byte	0x422
 494 01c5 02       		.byte	0x2
 495 01c6 23       		.byte	0x23
 496 01c7 24       		.uleb128 0x24
 497 01c8 07       		.uleb128 0x7
 498 01c9 705F7500 		.ascii	"p_u\000"
 499 01cd 06       		.byte	0x6
 500 01ce AE       		.byte	0xae
 501 01cf F0040000 		.4byte	0x4f0
ARM GAS  /tmp/ccIj0h30.s 			page 10


 502 01d3 02       		.byte	0x2
 503 01d4 23       		.byte	0x23
 504 01d5 28       		.uleb128 0x28
 505 01d6 06       		.uleb128 0x6
 506 01d7 35050000 		.4byte	.LASF36
 507 01db 06       		.byte	0x6
 508 01dc B3       		.byte	0xb3
 509 01dd 86020000 		.4byte	0x286
 510 01e1 02       		.byte	0x2
 511 01e2 23       		.byte	0x23
 512 01e3 2C       		.uleb128 0x2c
 513 01e4 06       		.uleb128 0x6
 514 01e5 7E040000 		.4byte	.LASF37
 515 01e9 06       		.byte	0x6
 516 01ea B9       		.byte	0xb9
 517 01eb 64020000 		.4byte	0x264
 518 01ef 02       		.byte	0x2
 519 01f0 23       		.byte	0x23
 520 01f1 30       		.uleb128 0x30
 521 01f2 06       		.uleb128 0x6
 522 01f3 15000000 		.4byte	.LASF38
 523 01f7 06       		.byte	0x6
 524 01f8 BD       		.byte	0xbd
 525 01f9 DD000000 		.4byte	0xdd
 526 01fd 02       		.byte	0x2
 527 01fe 23       		.byte	0x23
 528 01ff 38       		.uleb128 0x38
 529 0200 06       		.uleb128 0x6
 530 0201 ED030000 		.4byte	.LASF39
 531 0205 06       		.byte	0x6
 532 0206 C3       		.byte	0xc3
 533 0207 E8000000 		.4byte	0xe8
 534 020b 02       		.byte	0x2
 535 020c 23       		.byte	0x23
 536 020d 3C       		.uleb128 0x3c
 537 020e 06       		.uleb128 0x6
 538 020f 85030000 		.4byte	.LASF40
 539 0213 06       		.byte	0x6
 540 0214 CA       		.byte	0xca
 541 0215 3D050000 		.4byte	0x53d
 542 0219 02       		.byte	0x2
 543 021a 23       		.byte	0x23
 544 021b 40       		.uleb128 0x40
 545 021c 06       		.uleb128 0x6
 546 021d 53040000 		.4byte	.LASF41
 547 0221 06       		.byte	0x6
 548 0222 CE       		.byte	0xce
 549 0223 D2000000 		.4byte	0xd2
 550 0227 02       		.byte	0x2
 551 0228 23       		.byte	0x23
 552 0229 44       		.uleb128 0x44
 553 022a 06       		.uleb128 0x6
 554 022b ED000000 		.4byte	.LASF42
 555 022f 06       		.byte	0x6
 556 0230 D4       		.byte	0xd4
 557 0231 9C020000 		.4byte	0x29c
 558 0235 02       		.byte	0x2
ARM GAS  /tmp/ccIj0h30.s 			page 11


 559 0236 23       		.byte	0x23
 560 0237 48       		.uleb128 0x48
 561 0238 00       		.byte	0
 562 0239 08       		.uleb128 0x8
 563 023a 08       		.byte	0x8
 564 023b 05       		.byte	0x5
 565 023c 61       		.byte	0x61
 566 023d 5E020000 		.4byte	0x25e
 567 0241 06       		.uleb128 0x6
 568 0242 BB030000 		.4byte	.LASF24
 569 0246 05       		.byte	0x5
 570 0247 62       		.byte	0x62
 571 0248 5E020000 		.4byte	0x25e
 572 024c 02       		.byte	0x2
 573 024d 23       		.byte	0x23
 574 024e 00       		.uleb128 0
 575 024f 06       		.uleb128 0x6
 576 0250 55030000 		.4byte	.LASF25
 577 0254 05       		.byte	0x5
 578 0255 64       		.byte	0x64
 579 0256 5E020000 		.4byte	0x25e
 580 025a 02       		.byte	0x2
 581 025b 23       		.byte	0x23
 582 025c 04       		.uleb128 0x4
 583 025d 00       		.byte	0
 584 025e 09       		.uleb128 0x9
 585 025f 04       		.byte	0x4
 586 0260 09010000 		.4byte	0x109
 587 0264 03       		.uleb128 0x3
 588 0265 E1020000 		.4byte	.LASF43
 589 0269 05       		.byte	0x5
 590 026a 66       		.byte	0x66
 591 026b 39020000 		.4byte	0x239
 592 026f 08       		.uleb128 0x8
 593 0270 04       		.byte	0x4
 594 0271 05       		.byte	0x5
 595 0272 6B       		.byte	0x6b
 596 0273 86020000 		.4byte	0x286
 597 0277 06       		.uleb128 0x6
 598 0278 BB030000 		.4byte	.LASF24
 599 027c 05       		.byte	0x5
 600 027d 6D       		.byte	0x6d
 601 027e 5E020000 		.4byte	0x25e
 602 0282 02       		.byte	0x2
 603 0283 23       		.byte	0x23
 604 0284 00       		.uleb128 0
 605 0285 00       		.byte	0
 606 0286 03       		.uleb128 0x3
 607 0287 0A020000 		.4byte	.LASF44
 608 028b 05       		.byte	0x5
 609 028c 70       		.byte	0x70
 610 028d 6F020000 		.4byte	0x26f
 611 0291 03       		.uleb128 0x3
 612 0292 50010000 		.4byte	.LASF45
 613 0296 07       		.byte	0x7
 614 0297 D7       		.byte	0xd7
 615 0298 9C020000 		.4byte	0x29c
ARM GAS  /tmp/ccIj0h30.s 			page 12


 616 029c 0A       		.uleb128 0xa
 617 029d 04       		.byte	0x4
 618 029e 03       		.uleb128 0x3
 619 029f 71020000 		.4byte	.LASF46
 620 02a3 07       		.byte	0x7
 621 02a4 DD       		.byte	0xdd
 622 02a5 9F000000 		.4byte	0x9f
 623 02a9 05       		.uleb128 0x5
 624 02aa 77040000 		.4byte	.LASF47
 625 02ae 24       		.byte	0x24
 626 02af 07       		.byte	0x7
 627 02b0 FE       		.byte	0xfe
 628 02b1 36030000 		.4byte	0x336
 629 02b5 0B       		.uleb128 0xb
 630 02b6 723400   		.ascii	"r4\000"
 631 02b9 07       		.byte	0x7
 632 02ba 1101     		.2byte	0x111
 633 02bc 91020000 		.4byte	0x291
 634 02c0 02       		.byte	0x2
 635 02c1 23       		.byte	0x23
 636 02c2 00       		.uleb128 0
 637 02c3 0B       		.uleb128 0xb
 638 02c4 723500   		.ascii	"r5\000"
 639 02c7 07       		.byte	0x7
 640 02c8 1201     		.2byte	0x112
 641 02ca 91020000 		.4byte	0x291
 642 02ce 02       		.byte	0x2
 643 02cf 23       		.byte	0x23
 644 02d0 04       		.uleb128 0x4
 645 02d1 0B       		.uleb128 0xb
 646 02d2 723600   		.ascii	"r6\000"
 647 02d5 07       		.byte	0x7
 648 02d6 1301     		.2byte	0x113
 649 02d8 91020000 		.4byte	0x291
 650 02dc 02       		.byte	0x2
 651 02dd 23       		.byte	0x23
 652 02de 08       		.uleb128 0x8
 653 02df 0B       		.uleb128 0xb
 654 02e0 723700   		.ascii	"r7\000"
 655 02e3 07       		.byte	0x7
 656 02e4 1401     		.2byte	0x114
 657 02e6 91020000 		.4byte	0x291
 658 02ea 02       		.byte	0x2
 659 02eb 23       		.byte	0x23
 660 02ec 0C       		.uleb128 0xc
 661 02ed 0B       		.uleb128 0xb
 662 02ee 723800   		.ascii	"r8\000"
 663 02f1 07       		.byte	0x7
 664 02f2 1501     		.2byte	0x115
 665 02f4 91020000 		.4byte	0x291
 666 02f8 02       		.byte	0x2
 667 02f9 23       		.byte	0x23
 668 02fa 10       		.uleb128 0x10
 669 02fb 0B       		.uleb128 0xb
 670 02fc 723900   		.ascii	"r9\000"
 671 02ff 07       		.byte	0x7
 672 0300 1601     		.2byte	0x116
ARM GAS  /tmp/ccIj0h30.s 			page 13


 673 0302 91020000 		.4byte	0x291
 674 0306 02       		.byte	0x2
 675 0307 23       		.byte	0x23
 676 0308 14       		.uleb128 0x14
 677 0309 0B       		.uleb128 0xb
 678 030a 72313000 		.ascii	"r10\000"
 679 030e 07       		.byte	0x7
 680 030f 1701     		.2byte	0x117
 681 0311 91020000 		.4byte	0x291
 682 0315 02       		.byte	0x2
 683 0316 23       		.byte	0x23
 684 0317 18       		.uleb128 0x18
 685 0318 0B       		.uleb128 0xb
 686 0319 72313100 		.ascii	"r11\000"
 687 031d 07       		.byte	0x7
 688 031e 1801     		.2byte	0x118
 689 0320 91020000 		.4byte	0x291
 690 0324 02       		.byte	0x2
 691 0325 23       		.byte	0x23
 692 0326 1C       		.uleb128 0x1c
 693 0327 0B       		.uleb128 0xb
 694 0328 6C7200   		.ascii	"lr\000"
 695 032b 07       		.byte	0x7
 696 032c 1901     		.2byte	0x119
 697 032e 91020000 		.4byte	0x291
 698 0332 02       		.byte	0x2
 699 0333 23       		.byte	0x23
 700 0334 20       		.uleb128 0x20
 701 0335 00       		.byte	0
 702 0336 0C       		.uleb128 0xc
 703 0337 C4010000 		.4byte	.LASF48
 704 033b 04       		.byte	0x4
 705 033c 07       		.byte	0x7
 706 033d 2301     		.2byte	0x123
 707 033f 53030000 		.4byte	0x353
 708 0343 0B       		.uleb128 0xb
 709 0344 72313300 		.ascii	"r13\000"
 710 0348 07       		.byte	0x7
 711 0349 2401     		.2byte	0x124
 712 034b 53030000 		.4byte	0x353
 713 034f 02       		.byte	0x2
 714 0350 23       		.byte	0x23
 715 0351 00       		.uleb128 0
 716 0352 00       		.byte	0
 717 0353 09       		.uleb128 0x9
 718 0354 04       		.byte	0x4
 719 0355 A9020000 		.4byte	0x2a9
 720 0359 04       		.uleb128 0x4
 721 035a 04       		.byte	0x4
 722 035b 07       		.byte	0x7
 723 035c AA020000 		.4byte	.LASF49
 724 0360 03       		.uleb128 0x3
 725 0361 5E040000 		.4byte	.LASF50
 726 0365 08       		.byte	0x8
 727 0366 53       		.byte	0x53
 728 0367 6B030000 		.4byte	0x36b
 729 036b 09       		.uleb128 0x9
ARM GAS  /tmp/ccIj0h30.s 			page 14


 730 036c 04       		.byte	0x4
 731 036d 71030000 		.4byte	0x371
 732 0371 0D       		.uleb128 0xd
 733 0372 01       		.byte	0x1
 734 0373 7D030000 		.4byte	0x37d
 735 0377 0E       		.uleb128 0xe
 736 0378 9C020000 		.4byte	0x29c
 737 037c 00       		.byte	0
 738 037d 03       		.uleb128 0x3
 739 037e 15040000 		.4byte	.LASF51
 740 0382 08       		.byte	0x8
 741 0383 58       		.byte	0x58
 742 0384 88030000 		.4byte	0x388
 743 0388 05       		.uleb128 0x5
 744 0389 15040000 		.4byte	.LASF51
 745 038d 14       		.byte	0x14
 746 038e 08       		.byte	0x8
 747 038f 5F       		.byte	0x5f
 748 0390 DB030000 		.4byte	0x3db
 749 0394 06       		.uleb128 0x6
 750 0395 A1010000 		.4byte	.LASF52
 751 0399 08       		.byte	0x8
 752 039a 60       		.byte	0x60
 753 039b DB030000 		.4byte	0x3db
 754 039f 02       		.byte	0x2
 755 03a0 23       		.byte	0x23
 756 03a1 00       		.uleb128 0
 757 03a2 06       		.uleb128 0x6
 758 03a3 59010000 		.4byte	.LASF53
 759 03a7 08       		.byte	0x8
 760 03a8 62       		.byte	0x62
 761 03a9 DB030000 		.4byte	0x3db
 762 03ad 02       		.byte	0x2
 763 03ae 23       		.byte	0x23
 764 03af 04       		.uleb128 0x4
 765 03b0 06       		.uleb128 0x6
 766 03b1 A2020000 		.4byte	.LASF54
 767 03b5 08       		.byte	0x8
 768 03b6 64       		.byte	0x64
 769 03b7 F3000000 		.4byte	0xf3
 770 03bb 02       		.byte	0x2
 771 03bc 23       		.byte	0x23
 772 03bd 08       		.uleb128 0x8
 773 03be 06       		.uleb128 0x6
 774 03bf B3020000 		.4byte	.LASF55
 775 03c3 08       		.byte	0x8
 776 03c4 65       		.byte	0x65
 777 03c5 60030000 		.4byte	0x360
 778 03c9 02       		.byte	0x2
 779 03ca 23       		.byte	0x23
 780 03cb 0C       		.uleb128 0xc
 781 03cc 06       		.uleb128 0x6
 782 03cd 9A040000 		.4byte	.LASF56
 783 03d1 08       		.byte	0x8
 784 03d2 67       		.byte	0x67
 785 03d3 9C020000 		.4byte	0x29c
 786 03d7 02       		.byte	0x2
ARM GAS  /tmp/ccIj0h30.s 			page 15


 787 03d8 23       		.byte	0x23
 788 03d9 10       		.uleb128 0x10
 789 03da 00       		.byte	0
 790 03db 09       		.uleb128 0x9
 791 03dc 04       		.byte	0x4
 792 03dd 7D030000 		.4byte	0x37d
 793 03e1 08       		.uleb128 0x8
 794 03e2 10       		.byte	0x10
 795 03e3 08       		.byte	0x8
 796 03e4 71       		.byte	0x71
 797 03e5 22040000 		.4byte	0x422
 798 03e9 06       		.uleb128 0x6
 799 03ea A1010000 		.4byte	.LASF52
 800 03ee 08       		.byte	0x8
 801 03ef 72       		.byte	0x72
 802 03f0 DB030000 		.4byte	0x3db
 803 03f4 02       		.byte	0x2
 804 03f5 23       		.byte	0x23
 805 03f6 00       		.uleb128 0
 806 03f7 06       		.uleb128 0x6
 807 03f8 59010000 		.4byte	.LASF53
 808 03fc 08       		.byte	0x8
 809 03fd 74       		.byte	0x74
 810 03fe DB030000 		.4byte	0x3db
 811 0402 02       		.byte	0x2
 812 0403 23       		.byte	0x23
 813 0404 04       		.uleb128 0x4
 814 0405 06       		.uleb128 0x6
 815 0406 A2020000 		.4byte	.LASF54
 816 040a 08       		.byte	0x8
 817 040b 76       		.byte	0x76
 818 040c F3000000 		.4byte	0xf3
 819 0410 02       		.byte	0x2
 820 0411 23       		.byte	0x23
 821 0412 08       		.uleb128 0x8
 822 0413 06       		.uleb128 0x6
 823 0414 00050000 		.4byte	.LASF57
 824 0418 08       		.byte	0x8
 825 0419 77       		.byte	0x77
 826 041a 22040000 		.4byte	0x422
 827 041e 02       		.byte	0x2
 828 041f 23       		.byte	0x23
 829 0420 0C       		.uleb128 0xc
 830 0421 00       		.byte	0
 831 0422 0F       		.uleb128 0xf
 832 0423 F3000000 		.4byte	0xf3
 833 0427 03       		.uleb128 0x3
 834 0428 16050000 		.4byte	.LASF58
 835 042c 08       		.byte	0x8
 836 042d 78       		.byte	0x78
 837 042e E1030000 		.4byte	0x3e1
 838 0432 08       		.uleb128 0x8
 839 0433 20       		.byte	0x20
 840 0434 09       		.byte	0x9
 841 0435 5E       		.byte	0x5e
 842 0436 9D040000 		.4byte	0x49d
 843 043a 06       		.uleb128 0x6
ARM GAS  /tmp/ccIj0h30.s 			page 16


 844 043b 0D040000 		.4byte	.LASF59
 845 043f 09       		.byte	0x9
 846 0440 5F       		.byte	0x5f
 847 0441 64020000 		.4byte	0x264
 848 0445 02       		.byte	0x2
 849 0446 23       		.byte	0x23
 850 0447 00       		.uleb128 0
 851 0448 06       		.uleb128 0x6
 852 0449 AD030000 		.4byte	.LASF60
 853 044d 09       		.byte	0x9
 854 044e 60       		.byte	0x60
 855 044f D2000000 		.4byte	0xd2
 856 0453 02       		.byte	0x2
 857 0454 23       		.byte	0x23
 858 0455 08       		.uleb128 0x8
 859 0456 06       		.uleb128 0x6
 860 0457 DB020000 		.4byte	.LASF61
 861 045b 09       		.byte	0x9
 862 045c 62       		.byte	0x62
 863 045d 36030000 		.4byte	0x336
 864 0461 02       		.byte	0x2
 865 0462 23       		.byte	0x23
 866 0463 0C       		.uleb128 0xc
 867 0464 06       		.uleb128 0x6
 868 0465 48010000 		.4byte	.LASF62
 869 0469 09       		.byte	0x9
 870 046a 65       		.byte	0x65
 871 046b 5E020000 		.4byte	0x25e
 872 046f 02       		.byte	0x2
 873 0470 23       		.byte	0x23
 874 0471 10       		.uleb128 0x10
 875 0472 06       		.uleb128 0x6
 876 0473 00030000 		.4byte	.LASF63
 877 0477 09       		.byte	0x9
 878 0478 66       		.byte	0x66
 879 0479 5E020000 		.4byte	0x25e
 880 047d 02       		.byte	0x2
 881 047e 23       		.byte	0x23
 882 047f 14       		.uleb128 0x14
 883 0480 06       		.uleb128 0x6
 884 0481 1D050000 		.4byte	.LASF64
 885 0485 09       		.byte	0x9
 886 0486 6A       		.byte	0x6a
 887 0487 FE000000 		.4byte	0xfe
 888 048b 02       		.byte	0x2
 889 048c 23       		.byte	0x23
 890 048d 18       		.uleb128 0x18
 891 048e 06       		.uleb128 0x6
 892 048f F6020000 		.4byte	.LASF65
 893 0493 09       		.byte	0x9
 894 0494 6C       		.byte	0x6c
 895 0495 5E020000 		.4byte	0x25e
 896 0499 02       		.byte	0x2
 897 049a 23       		.byte	0x23
 898 049b 1C       		.uleb128 0x1c
 899 049c 00       		.byte	0
 900 049d 03       		.uleb128 0x3
ARM GAS  /tmp/ccIj0h30.s 			page 17


 901 049e B3040000 		.4byte	.LASF66
 902 04a2 09       		.byte	0x9
 903 04a3 6E       		.byte	0x6e
 904 04a4 32040000 		.4byte	0x432
 905 04a8 05       		.uleb128 0x5
 906 04a9 22020000 		.4byte	.LASF67
 907 04ad 10       		.byte	0x10
 908 04ae 0A       		.byte	0xa
 909 04af 2C       		.byte	0x2c
 910 04b0 DF040000 		.4byte	0x4df
 911 04b4 06       		.uleb128 0x6
 912 04b5 F5000000 		.4byte	.LASF68
 913 04b9 0A       		.byte	0xa
 914 04ba 2D       		.byte	0x2d
 915 04bb 64020000 		.4byte	0x264
 916 04bf 02       		.byte	0x2
 917 04c0 23       		.byte	0x23
 918 04c1 00       		.uleb128 0
 919 04c2 06       		.uleb128 0x6
 920 04c3 27050000 		.4byte	.LASF69
 921 04c7 0A       		.byte	0xa
 922 04c8 2F       		.byte	0x2f
 923 04c9 5E020000 		.4byte	0x25e
 924 04cd 02       		.byte	0x2
 925 04ce 23       		.byte	0x23
 926 04cf 08       		.uleb128 0x8
 927 04d0 06       		.uleb128 0x6
 928 04d1 42040000 		.4byte	.LASF70
 929 04d5 0A       		.byte	0xa
 930 04d6 31       		.byte	0x31
 931 04d7 DF040000 		.4byte	0x4df
 932 04db 02       		.byte	0x2
 933 04dc 23       		.byte	0x23
 934 04dd 0C       		.uleb128 0xc
 935 04de 00       		.byte	0
 936 04df 09       		.uleb128 0x9
 937 04e0 04       		.byte	0x4
 938 04e1 A8040000 		.4byte	0x4a8
 939 04e5 03       		.uleb128 0x3
 940 04e6 22020000 		.4byte	.LASF67
 941 04ea 0A       		.byte	0xa
 942 04eb 33       		.byte	0x33
 943 04ec A8040000 		.4byte	0x4a8
 944 04f0 10       		.uleb128 0x10
 945 04f1 04       		.byte	0x4
 946 04f2 06       		.byte	0x6
 947 04f3 90       		.byte	0x90
 948 04f4 25050000 		.4byte	0x525
 949 04f8 11       		.uleb128 0x11
 950 04f9 22000000 		.4byte	.LASF71
 951 04fd 06       		.byte	0x6
 952 04fe 97       		.byte	0x97
 953 04ff DD000000 		.4byte	0xdd
 954 0503 11       		.uleb128 0x11
 955 0504 71000000 		.4byte	.LASF72
 956 0508 06       		.byte	0x6
 957 0509 9E       		.byte	0x9e
ARM GAS  /tmp/ccIj0h30.s 			page 18


 958 050a DD000000 		.4byte	0xdd
 959 050e 11       		.uleb128 0x11
 960 050f F2040000 		.4byte	.LASF73
 961 0513 06       		.byte	0x6
 962 0514 A5       		.byte	0xa5
 963 0515 9C020000 		.4byte	0x29c
 964 0519 11       		.uleb128 0x11
 965 051a B4030000 		.4byte	.LASF74
 966 051e 06       		.byte	0x6
 967 051f AC       		.byte	0xac
 968 0520 E8000000 		.4byte	0xe8
 969 0524 00       		.byte	0
 970 0525 09       		.uleb128 0x9
 971 0526 04       		.byte	0x4
 972 0527 2B050000 		.4byte	0x52b
 973 052b 12       		.uleb128 0x12
 974 052c 30050000 		.4byte	0x530
 975 0530 04       		.uleb128 0x4
 976 0531 01       		.byte	0x1
 977 0532 08       		.byte	0x8
 978 0533 22040000 		.4byte	.LASF75
 979 0537 09       		.uleb128 0x9
 980 0538 04       		.byte	0x4
 981 0539 9E020000 		.4byte	0x29e
 982 053d 09       		.uleb128 0x9
 983 053e 04       		.byte	0x4
 984 053f E5040000 		.4byte	0x4e5
 985 0543 03       		.uleb128 0x3
 986 0544 00000000 		.4byte	.LASF76
 987 0548 06       		.byte	0x6
 988 0549 DF       		.byte	0xdf
 989 054a 4E050000 		.4byte	0x54e
 990 054e 09       		.uleb128 0x9
 991 054f 04       		.byte	0x4
 992 0550 54050000 		.4byte	0x554
 993 0554 13       		.uleb128 0x13
 994 0555 01       		.byte	0x1
 995 0556 DD000000 		.4byte	0xdd
 996 055a 64050000 		.4byte	0x564
 997 055e 0E       		.uleb128 0xe
 998 055f 9C020000 		.4byte	0x29c
 999 0563 00       		.byte	0
 1000 0564 08       		.uleb128 0x8
 1001 0565 16       		.byte	0x16
 1002 0566 0B       		.byte	0xb
 1003 0567 2C       		.byte	0x2c
 1004 0568 69060000 		.4byte	0x669
 1005 056c 06       		.uleb128 0x6
 1006 056d FD000000 		.4byte	.LASF77
 1007 0571 0B       		.byte	0xb
 1008 0572 2D       		.byte	0x2d
 1009 0573 69060000 		.4byte	0x669
 1010 0577 02       		.byte	0x2
 1011 0578 23       		.byte	0x23
 1012 0579 00       		.uleb128 0
 1013 057a 06       		.uleb128 0x6
 1014 057b 8E020000 		.4byte	.LASF78
ARM GAS  /tmp/ccIj0h30.s 			page 19


 1015 057f 0B       		.byte	0xb
 1016 0580 2E       		.byte	0x2e
 1017 0581 49000000 		.4byte	0x49
 1018 0585 02       		.byte	0x2
 1019 0586 23       		.byte	0x23
 1020 0587 04       		.uleb128 0x4
 1021 0588 06       		.uleb128 0x6
 1022 0589 EE020000 		.4byte	.LASF79
 1023 058d 0B       		.byte	0xb
 1024 058e 2F       		.byte	0x2f
 1025 058f 49000000 		.4byte	0x49
 1026 0593 02       		.byte	0x2
 1027 0594 23       		.byte	0x23
 1028 0595 05       		.uleb128 0x5
 1029 0596 06       		.uleb128 0x6
 1030 0597 0B050000 		.4byte	.LASF80
 1031 059b 0B       		.byte	0xb
 1032 059c 30       		.byte	0x30
 1033 059d 62000000 		.4byte	0x62
 1034 05a1 02       		.byte	0x2
 1035 05a2 23       		.byte	0x23
 1036 05a3 06       		.uleb128 0x6
 1037 05a4 06       		.uleb128 0x6
 1038 05a5 4A030000 		.4byte	.LASF81
 1039 05a9 0B       		.byte	0xb
 1040 05aa 31       		.byte	0x31
 1041 05ab 49000000 		.4byte	0x49
 1042 05af 02       		.byte	0x2
 1043 05b0 23       		.byte	0x23
 1044 05b1 08       		.uleb128 0x8
 1045 05b2 06       		.uleb128 0x6
 1046 05b3 BB020000 		.4byte	.LASF82
 1047 05b7 0B       		.byte	0xb
 1048 05b8 32       		.byte	0x32
 1049 05b9 49000000 		.4byte	0x49
 1050 05bd 02       		.byte	0x2
 1051 05be 23       		.byte	0x23
 1052 05bf 09       		.uleb128 0x9
 1053 05c0 06       		.uleb128 0x6
 1054 05c1 63000000 		.4byte	.LASF83
 1055 05c5 0B       		.byte	0xb
 1056 05c6 33       		.byte	0x33
 1057 05c7 49000000 		.4byte	0x49
 1058 05cb 02       		.byte	0x2
 1059 05cc 23       		.byte	0x23
 1060 05cd 0A       		.uleb128 0xa
 1061 05ce 06       		.uleb128 0x6
 1062 05cf 01040000 		.4byte	.LASF84
 1063 05d3 0B       		.byte	0xb
 1064 05d4 34       		.byte	0x34
 1065 05d5 49000000 		.4byte	0x49
 1066 05d9 02       		.byte	0x2
 1067 05da 23       		.byte	0x23
 1068 05db 0B       		.uleb128 0xb
 1069 05dc 06       		.uleb128 0x6
 1070 05dd A1040000 		.4byte	.LASF85
 1071 05e1 0B       		.byte	0xb
ARM GAS  /tmp/ccIj0h30.s 			page 20


 1072 05e2 35       		.byte	0x35
 1073 05e3 49000000 		.4byte	0x49
 1074 05e7 02       		.byte	0x2
 1075 05e8 23       		.byte	0x23
 1076 05e9 0C       		.uleb128 0xc
 1077 05ea 06       		.uleb128 0x6
 1078 05eb E0030000 		.4byte	.LASF86
 1079 05ef 0B       		.byte	0xb
 1080 05f0 36       		.byte	0x36
 1081 05f1 49000000 		.4byte	0x49
 1082 05f5 02       		.byte	0x2
 1083 05f6 23       		.byte	0x23
 1084 05f7 0D       		.uleb128 0xd
 1085 05f8 06       		.uleb128 0x6
 1086 05f9 08000000 		.4byte	.LASF87
 1087 05fd 0B       		.byte	0xb
 1088 05fe 37       		.byte	0x37
 1089 05ff 49000000 		.4byte	0x49
 1090 0603 02       		.byte	0x2
 1091 0604 23       		.byte	0x23
 1092 0605 0E       		.uleb128 0xe
 1093 0606 06       		.uleb128 0x6
 1094 0607 C7020000 		.4byte	.LASF88
 1095 060b 0B       		.byte	0xb
 1096 060c 38       		.byte	0x38
 1097 060d 49000000 		.4byte	0x49
 1098 0611 02       		.byte	0x2
 1099 0612 23       		.byte	0x23
 1100 0613 0F       		.uleb128 0xf
 1101 0614 06       		.uleb128 0x6
 1102 0615 D0000000 		.4byte	.LASF89
 1103 0619 0B       		.byte	0xb
 1104 061a 39       		.byte	0x39
 1105 061b 49000000 		.4byte	0x49
 1106 061f 02       		.byte	0x2
 1107 0620 23       		.byte	0x23
 1108 0621 10       		.uleb128 0x10
 1109 0622 06       		.uleb128 0x6
 1110 0623 99000000 		.4byte	.LASF90
 1111 0627 0B       		.byte	0xb
 1112 0628 3B       		.byte	0x3b
 1113 0629 49000000 		.4byte	0x49
 1114 062d 02       		.byte	0x2
 1115 062e 23       		.byte	0x23
 1116 062f 11       		.uleb128 0x11
 1117 0630 06       		.uleb128 0x6
 1118 0631 E0000000 		.4byte	.LASF91
 1119 0635 0B       		.byte	0xb
 1120 0636 3C       		.byte	0x3c
 1121 0637 49000000 		.4byte	0x49
 1122 063b 02       		.byte	0x2
 1123 063c 23       		.byte	0x23
 1124 063d 12       		.uleb128 0x12
 1125 063e 06       		.uleb128 0x6
 1126 063f 96020000 		.4byte	.LASF92
 1127 0643 0B       		.byte	0xb
 1128 0644 3D       		.byte	0x3d
ARM GAS  /tmp/ccIj0h30.s 			page 21


 1129 0645 49000000 		.4byte	0x49
 1130 0649 02       		.byte	0x2
 1131 064a 23       		.byte	0x23
 1132 064b 13       		.uleb128 0x13
 1133 064c 06       		.uleb128 0x6
 1134 064d C2030000 		.4byte	.LASF93
 1135 0651 0B       		.byte	0xb
 1136 0652 3E       		.byte	0x3e
 1137 0653 49000000 		.4byte	0x49
 1138 0657 02       		.byte	0x2
 1139 0658 23       		.byte	0x23
 1140 0659 14       		.uleb128 0x14
 1141 065a 06       		.uleb128 0x6
 1142 065b A1030000 		.4byte	.LASF94
 1143 065f 0B       		.byte	0xb
 1144 0660 40       		.byte	0x40
 1145 0661 49000000 		.4byte	0x49
 1146 0665 02       		.byte	0x2
 1147 0666 23       		.byte	0x23
 1148 0667 15       		.uleb128 0x15
 1149 0668 00       		.byte	0
 1150 0669 14       		.uleb128 0x14
 1151 066a 30050000 		.4byte	0x530
 1152 066e 79060000 		.4byte	0x679
 1153 0672 15       		.uleb128 0x15
 1154 0673 59030000 		.4byte	0x359
 1155 0677 03       		.byte	0x3
 1156 0678 00       		.byte	0
 1157 0679 03       		.uleb128 0x3
 1158 067a 26010000 		.4byte	.LASF95
 1159 067e 0B       		.byte	0xb
 1160 067f 41       		.byte	0x41
 1161 0680 64050000 		.4byte	0x564
 1162 0684 16       		.uleb128 0x16
 1163 0685 01       		.byte	0x1
 1164 0686 85000000 		.4byte	.LASF96
 1165 068a 01       		.byte	0x1
 1166 068b 3D       		.byte	0x3d
 1167 068c 01       		.byte	0x1
 1168 068d 00000000 		.4byte	.LFB7
 1169 0691 14000000 		.4byte	.LFE7
 1170 0695 02       		.byte	0x2
 1171 0696 7D       		.byte	0x7d
 1172 0697 00       		.sleb128 0
 1173 0698 01       		.byte	0x1
 1174 0699 AB060000 		.4byte	0x6ab
 1175 069d 17       		.uleb128 0x17
 1176 069e 7000     		.ascii	"p\000"
 1177 06a0 01       		.byte	0x1
 1178 06a1 3D       		.byte	0x3d
 1179 06a2 9C020000 		.4byte	0x29c
 1180 06a6 00000000 		.4byte	.LLST0
 1181 06aa 00       		.byte	0
 1182 06ab 18       		.uleb128 0x18
 1183 06ac 01       		.byte	0x1
 1184 06ad 61010000 		.4byte	.LASF97
 1185 06b1 01       		.byte	0x1
ARM GAS  /tmp/ccIj0h30.s 			page 22


 1186 06b2 54       		.byte	0x54
 1187 06b3 01       		.byte	0x1
 1188 06b4 00000000 		.4byte	.LFB8
 1189 06b8 7A000000 		.4byte	.LFE8
 1190 06bc 21000000 		.4byte	.LLST1
 1191 06c0 01       		.byte	0x1
 1192 06c1 8B070000 		.4byte	0x78b
 1193 06c5 19       		.uleb128 0x19
 1194 06c6 7A000000 		.4byte	.LASF98
 1195 06ca 01       		.byte	0x1
 1196 06cb 55       		.byte	0x55
 1197 06cc 09010000 		.4byte	0x109
 1198 06d0 05       		.byte	0x5
 1199 06d1 03       		.byte	0x3
 1200 06d2 00000000 		.4byte	mainthread.4864
 1201 06d6 1A       		.uleb128 0x1a
 1202 06d7 27040000 		.4byte	.LASF100
 1203 06db 01       		.byte	0x1
 1204 06dc 57       		.byte	0x57
 1205 06dd 9E020000 		.4byte	0x29e
 1206 06e1 01       		.byte	0x1
 1207 06e2 01       		.byte	0x1
 1208 06e3 1B       		.uleb128 0x1b
 1209 06e4 48000000 		.4byte	.LBB2
 1210 06e8 50000000 		.4byte	.LBE2
 1211 06ec 00070000 		.4byte	0x700
 1212 06f0 1C       		.uleb128 0x1c
 1213 06f1 746D7000 		.ascii	"tmp\000"
 1214 06f5 01       		.byte	0x1
 1215 06f6 6F       		.byte	0x6f
 1216 06f7 86000000 		.4byte	0x86
 1217 06fb 4D000000 		.4byte	.LLST2
 1218 06ff 00       		.byte	0
 1219 0700 1D       		.uleb128 0x1d
 1220 0701 08000000 		.4byte	.LVL2
 1221 0705 3F080000 		.4byte	0x83f
 1222 0709 1D       		.uleb128 0x1d
 1223 070a 0C000000 		.4byte	.LVL3
 1224 070e 4A080000 		.4byte	0x84a
 1225 0712 1D       		.uleb128 0x1d
 1226 0713 10000000 		.4byte	.LVL4
 1227 0717 54080000 		.4byte	0x854
 1228 071b 1D       		.uleb128 0x1d
 1229 071c 14000000 		.4byte	.LVL5
 1230 0720 5E080000 		.4byte	0x85e
 1231 0724 1D       		.uleb128 0x1d
 1232 0725 18000000 		.4byte	.LVL6
 1233 0729 68080000 		.4byte	0x868
 1234 072d 1D       		.uleb128 0x1d
 1235 072e 1C000000 		.4byte	.LVL7
 1236 0732 72080000 		.4byte	0x872
 1237 0736 1E       		.uleb128 0x1e
 1238 0737 2A000000 		.4byte	.LVL8
 1239 073b 7C080000 		.4byte	0x87c
 1240 073f 53070000 		.4byte	0x753
 1241 0743 1F       		.uleb128 0x1f
 1242 0744 01       		.byte	0x1
ARM GAS  /tmp/ccIj0h30.s 			page 23


 1243 0745 51       		.byte	0x51
 1244 0746 02       		.byte	0x2
 1245 0747 08       		.byte	0x8
 1246 0748 40       		.byte	0x40
 1247 0749 1F       		.uleb128 0x1f
 1248 074a 01       		.byte	0x1
 1249 074b 50       		.byte	0x50
 1250 074c 05       		.byte	0x5
 1251 074d 03       		.byte	0x3
 1252 074e 00000000 		.4byte	.LANCHOR0
 1253 0752 00       		.byte	0
 1254 0753 1D       		.uleb128 0x1d
 1255 0754 48000000 		.4byte	.LVL9
 1256 0758 9A080000 		.4byte	0x89a
 1257 075c 20       		.uleb128 0x20
 1258 075d 76000000 		.4byte	.LVL13
 1259 0761 A4080000 		.4byte	0x8a4
 1260 0765 1F       		.uleb128 0x1f
 1261 0766 01       		.byte	0x1
 1262 0767 53       		.byte	0x53
 1263 0768 05       		.byte	0x5
 1264 0769 03       		.byte	0x3
 1265 076a 00000000 		.4byte	_idle_thread
 1266 076e 1F       		.uleb128 0x1f
 1267 076f 01       		.byte	0x1
 1268 0770 52       		.byte	0x52
 1269 0771 02       		.byte	0x2
 1270 0772 75       		.byte	0x75
 1271 0773 00       		.sleb128 0
 1272 0774 1F       		.uleb128 0x1f
 1273 0775 01       		.byte	0x1
 1274 0776 51       		.byte	0x51
 1275 0777 02       		.byte	0x2
 1276 0778 08       		.byte	0x8
 1277 0779 C0       		.byte	0xc0
 1278 077a 1F       		.uleb128 0x1f
 1279 077b 01       		.byte	0x1
 1280 077c 50       		.byte	0x50
 1281 077d 05       		.byte	0x5
 1282 077e 03       		.byte	0x3
 1283 077f 00000000 		.4byte	.LANCHOR1
 1284 0783 1F       		.uleb128 0x1f
 1285 0784 02       		.byte	0x2
 1286 0785 7D       		.byte	0x7d
 1287 0786 00       		.sleb128 0
 1288 0787 01       		.byte	0x1
 1289 0788 30       		.byte	0x30
 1290 0789 00       		.byte	0
 1291 078a 00       		.byte	0
 1292 078b 21       		.uleb128 0x21
 1293 078c 01       		.byte	0x1
 1294 078d 39000000 		.4byte	.LASF99
 1295 0791 01       		.byte	0x1
 1296 0792 89       		.byte	0x89
 1297 0793 01       		.byte	0x1
 1298 0794 00000000 		.4byte	.LFB9
 1299 0798 50000000 		.4byte	.LFE9
ARM GAS  /tmp/ccIj0h30.s 			page 24


 1300 079c 60000000 		.4byte	.LLST3
 1301 07a0 01       		.byte	0x1
 1302 07a1 E4070000 		.4byte	0x7e4
 1303 07a5 1B       		.uleb128 0x1b
 1304 07a6 28000000 		.4byte	.LBB3
 1305 07aa 50000000 		.4byte	.LBE3
 1306 07ae DA070000 		.4byte	0x7da
 1307 07b2 1C       		.uleb128 0x1c
 1308 07b3 76747000 		.ascii	"vtp\000"
 1309 07b7 01       		.byte	0x1
 1310 07b8 96       		.byte	0x96
 1311 07b9 DB030000 		.4byte	0x3db
 1312 07bd 80000000 		.4byte	.LLST4
 1313 07c1 22       		.uleb128 0x22
 1314 07c2 30000000 		.4byte	.LBB4
 1315 07c6 3E000000 		.4byte	.LBE4
 1316 07ca 1C       		.uleb128 0x1c
 1317 07cb 666E00   		.ascii	"fn\000"
 1318 07ce 01       		.byte	0x1
 1319 07cf 96       		.byte	0x96
 1320 07d0 60030000 		.4byte	0x360
 1321 07d4 9E000000 		.4byte	.LLST5
 1322 07d8 00       		.byte	0
 1323 07d9 00       		.byte	0
 1324 07da 1D       		.uleb128 0x1d
 1325 07db 06000000 		.4byte	.LVL14
 1326 07df D1080000 		.4byte	0x8d1
 1327 07e3 00       		.byte	0
 1328 07e4 1A       		.uleb128 0x1a
 1329 07e5 32000000 		.4byte	.LASF101
 1330 07e9 08       		.byte	0x8
 1331 07ea 7A       		.byte	0x7a
 1332 07eb 27040000 		.4byte	0x427
 1333 07ef 01       		.byte	0x1
 1334 07f0 01       		.byte	0x1
 1335 07f1 1A       		.uleb128 0x1a
 1336 07f2 BD040000 		.4byte	.LASF102
 1337 07f6 09       		.byte	0x9
 1338 07f7 72       		.byte	0x72
 1339 07f8 9D040000 		.4byte	0x49d
 1340 07fc 01       		.byte	0x1
 1341 07fd 01       		.byte	0x1
 1342 07fe 1A       		.uleb128 0x1a
 1343 07ff BB010000 		.4byte	.LASF103
 1344 0803 0B       		.byte	0xb
 1345 0804 7E       		.byte	0x7e
 1346 0805 0B080000 		.4byte	0x80b
 1347 0809 01       		.byte	0x1
 1348 080a 01       		.byte	0x1
 1349 080b 12       		.uleb128 0x12
 1350 080c 79060000 		.4byte	0x679
 1351 0810 14       		.uleb128 0x14
 1352 0811 9E020000 		.4byte	0x29e
 1353 0815 20080000 		.4byte	0x820
 1354 0819 15       		.uleb128 0x15
 1355 081a 59030000 		.4byte	0x359
 1356 081e 17       		.byte	0x17
ARM GAS  /tmp/ccIj0h30.s 			page 25


 1357 081f 00       		.byte	0
 1358 0820 23       		.uleb128 0x23
 1359 0821 38010000 		.4byte	.LASF104
 1360 0825 01       		.byte	0x1
 1361 0826 31       		.byte	0x31
 1362 0827 10080000 		.4byte	0x810
 1363 082b 01       		.byte	0x1
 1364 082c 05       		.byte	0x5
 1365 082d 03       		.byte	0x3
 1366 082e 00000000 		.4byte	_idle_thread_wa
 1367 0832 1A       		.uleb128 0x1a
 1368 0833 27040000 		.4byte	.LASF100
 1369 0837 01       		.byte	0x1
 1370 0838 57       		.byte	0x57
 1371 0839 9E020000 		.4byte	0x29e
 1372 083d 01       		.byte	0x1
 1373 083e 01       		.byte	0x1
 1374 083f 24       		.uleb128 0x24
 1375 0840 01       		.byte	0x1
 1376 0841 E7040000 		.4byte	.LASF105
 1377 0845 07       		.byte	0x7
 1378 0846 F401     		.2byte	0x1f4
 1379 0848 01       		.byte	0x1
 1380 0849 01       		.byte	0x1
 1381 084a 25       		.uleb128 0x25
 1382 084b 01       		.byte	0x1
 1383 084c A6000000 		.4byte	.LASF106
 1384 0850 09       		.byte	0x9
 1385 0851 91       		.byte	0x91
 1386 0852 01       		.byte	0x1
 1387 0853 01       		.byte	0x1
 1388 0854 25       		.uleb128 0x25
 1389 0855 01       		.byte	0x1
 1390 0856 67040000 		.4byte	.LASF107
 1391 085a 08       		.byte	0x8
 1392 085b B0       		.byte	0xb0
 1393 085c 01       		.byte	0x1
 1394 085d 01       		.byte	0x1
 1395 085e 25       		.uleb128 0x25
 1396 085f 01       		.byte	0x1
 1397 0860 7A030000 		.4byte	.LASF108
 1398 0864 0C       		.byte	0xc
 1399 0865 51       		.byte	0x51
 1400 0866 01       		.byte	0x1
 1401 0867 01       		.byte	0x1
 1402 0868 25       		.uleb128 0x25
 1403 0869 01       		.byte	0x1
 1404 086a 6B010000 		.4byte	.LASF109
 1405 086e 0D       		.byte	0xd
 1406 086f 55       		.byte	0x55
 1407 0870 01       		.byte	0x1
 1408 0871 01       		.byte	0x1
 1409 0872 25       		.uleb128 0x25
 1410 0873 01       		.byte	0x1
 1411 0874 DF010000 		.4byte	.LASF110
 1412 0878 0E       		.byte	0xe
 1413 0879 EC       		.byte	0xec
ARM GAS  /tmp/ccIj0h30.s 			page 26


 1414 087a 01       		.byte	0x1
 1415 087b 01       		.byte	0x1
 1416 087c 26       		.uleb128 0x26
 1417 087d 01       		.byte	0x1
 1418 087e 94010000 		.4byte	.LASF112
 1419 0882 06       		.byte	0x6
 1420 0883 5E01     		.2byte	0x15e
 1421 0885 01       		.byte	0x1
 1422 0886 5E020000 		.4byte	0x25e
 1423 088a 01       		.byte	0x1
 1424 088b 9A080000 		.4byte	0x89a
 1425 088f 0E       		.uleb128 0xe
 1426 0890 5E020000 		.4byte	0x25e
 1427 0894 0E       		.uleb128 0xe
 1428 0895 D2000000 		.4byte	0xd2
 1429 0899 00       		.byte	0
 1430 089a 25       		.uleb128 0x25
 1431 089b 01       		.byte	0x1
 1432 089c 89040000 		.4byte	.LASF111
 1433 08a0 0E       		.byte	0xe
 1434 08a1 E1       		.byte	0xe1
 1435 08a2 01       		.byte	0x1
 1436 08a3 01       		.byte	0x1
 1437 08a4 26       		.uleb128 0x26
 1438 08a5 01       		.byte	0x1
 1439 08a6 7C020000 		.4byte	.LASF113
 1440 08aa 06       		.byte	0x6
 1441 08ab 6401     		.2byte	0x164
 1442 08ad 01       		.byte	0x1
 1443 08ae 5E020000 		.4byte	0x25e
 1444 08b2 01       		.byte	0x1
 1445 08b3 D1080000 		.4byte	0x8d1
 1446 08b7 0E       		.uleb128 0xe
 1447 08b8 9C020000 		.4byte	0x29c
 1448 08bc 0E       		.uleb128 0xe
 1449 08bd 30000000 		.4byte	0x30
 1450 08c1 0E       		.uleb128 0xe
 1451 08c2 D2000000 		.4byte	0xd2
 1452 08c6 0E       		.uleb128 0xe
 1453 08c7 43050000 		.4byte	0x543
 1454 08cb 0E       		.uleb128 0xe
 1455 08cc 9C020000 		.4byte	0x29c
 1456 08d0 00       		.byte	0
 1457 08d1 25       		.uleb128 0x25
 1458 08d2 01       		.byte	0x1
 1459 08d3 F1010000 		.4byte	.LASF114
 1460 08d7 0E       		.byte	0xe
 1461 08d8 E8       		.byte	0xe8
 1462 08d9 01       		.byte	0x1
 1463 08da 01       		.byte	0x1
 1464 08db 00       		.byte	0
 1465              		.section	.debug_abbrev,"",%progbits
 1466              	.Ldebug_abbrev0:
 1467 0000 01       		.uleb128 0x1
 1468 0001 11       		.uleb128 0x11
 1469 0002 01       		.byte	0x1
 1470 0003 25       		.uleb128 0x25
ARM GAS  /tmp/ccIj0h30.s 			page 27


 1471 0004 0E       		.uleb128 0xe
 1472 0005 13       		.uleb128 0x13
 1473 0006 0B       		.uleb128 0xb
 1474 0007 03       		.uleb128 0x3
 1475 0008 0E       		.uleb128 0xe
 1476 0009 1B       		.uleb128 0x1b
 1477 000a 0E       		.uleb128 0xe
 1478 000b 55       		.uleb128 0x55
 1479 000c 06       		.uleb128 0x6
 1480 000d 11       		.uleb128 0x11
 1481 000e 01       		.uleb128 0x1
 1482 000f 52       		.uleb128 0x52
 1483 0010 01       		.uleb128 0x1
 1484 0011 10       		.uleb128 0x10
 1485 0012 06       		.uleb128 0x6
 1486 0013 00       		.byte	0
 1487 0014 00       		.byte	0
 1488 0015 02       		.uleb128 0x2
 1489 0016 24       		.uleb128 0x24
 1490 0017 00       		.byte	0
 1491 0018 0B       		.uleb128 0xb
 1492 0019 0B       		.uleb128 0xb
 1493 001a 3E       		.uleb128 0x3e
 1494 001b 0B       		.uleb128 0xb
 1495 001c 03       		.uleb128 0x3
 1496 001d 08       		.uleb128 0x8
 1497 001e 00       		.byte	0
 1498 001f 00       		.byte	0
 1499 0020 03       		.uleb128 0x3
 1500 0021 16       		.uleb128 0x16
 1501 0022 00       		.byte	0
 1502 0023 03       		.uleb128 0x3
 1503 0024 0E       		.uleb128 0xe
 1504 0025 3A       		.uleb128 0x3a
 1505 0026 0B       		.uleb128 0xb
 1506 0027 3B       		.uleb128 0x3b
 1507 0028 0B       		.uleb128 0xb
 1508 0029 49       		.uleb128 0x49
 1509 002a 13       		.uleb128 0x13
 1510 002b 00       		.byte	0
 1511 002c 00       		.byte	0
 1512 002d 04       		.uleb128 0x4
 1513 002e 24       		.uleb128 0x24
 1514 002f 00       		.byte	0
 1515 0030 0B       		.uleb128 0xb
 1516 0031 0B       		.uleb128 0xb
 1517 0032 3E       		.uleb128 0x3e
 1518 0033 0B       		.uleb128 0xb
 1519 0034 03       		.uleb128 0x3
 1520 0035 0E       		.uleb128 0xe
 1521 0036 00       		.byte	0
 1522 0037 00       		.byte	0
 1523 0038 05       		.uleb128 0x5
 1524 0039 13       		.uleb128 0x13
 1525 003a 01       		.byte	0x1
 1526 003b 03       		.uleb128 0x3
 1527 003c 0E       		.uleb128 0xe
ARM GAS  /tmp/ccIj0h30.s 			page 28


 1528 003d 0B       		.uleb128 0xb
 1529 003e 0B       		.uleb128 0xb
 1530 003f 3A       		.uleb128 0x3a
 1531 0040 0B       		.uleb128 0xb
 1532 0041 3B       		.uleb128 0x3b
 1533 0042 0B       		.uleb128 0xb
 1534 0043 01       		.uleb128 0x1
 1535 0044 13       		.uleb128 0x13
 1536 0045 00       		.byte	0
 1537 0046 00       		.byte	0
 1538 0047 06       		.uleb128 0x6
 1539 0048 0D       		.uleb128 0xd
 1540 0049 00       		.byte	0
 1541 004a 03       		.uleb128 0x3
 1542 004b 0E       		.uleb128 0xe
 1543 004c 3A       		.uleb128 0x3a
 1544 004d 0B       		.uleb128 0xb
 1545 004e 3B       		.uleb128 0x3b
 1546 004f 0B       		.uleb128 0xb
 1547 0050 49       		.uleb128 0x49
 1548 0051 13       		.uleb128 0x13
 1549 0052 38       		.uleb128 0x38
 1550 0053 0A       		.uleb128 0xa
 1551 0054 00       		.byte	0
 1552 0055 00       		.byte	0
 1553 0056 07       		.uleb128 0x7
 1554 0057 0D       		.uleb128 0xd
 1555 0058 00       		.byte	0
 1556 0059 03       		.uleb128 0x3
 1557 005a 08       		.uleb128 0x8
 1558 005b 3A       		.uleb128 0x3a
 1559 005c 0B       		.uleb128 0xb
 1560 005d 3B       		.uleb128 0x3b
 1561 005e 0B       		.uleb128 0xb
 1562 005f 49       		.uleb128 0x49
 1563 0060 13       		.uleb128 0x13
 1564 0061 38       		.uleb128 0x38
 1565 0062 0A       		.uleb128 0xa
 1566 0063 00       		.byte	0
 1567 0064 00       		.byte	0
 1568 0065 08       		.uleb128 0x8
 1569 0066 13       		.uleb128 0x13
 1570 0067 01       		.byte	0x1
 1571 0068 0B       		.uleb128 0xb
 1572 0069 0B       		.uleb128 0xb
 1573 006a 3A       		.uleb128 0x3a
 1574 006b 0B       		.uleb128 0xb
 1575 006c 3B       		.uleb128 0x3b
 1576 006d 0B       		.uleb128 0xb
 1577 006e 01       		.uleb128 0x1
 1578 006f 13       		.uleb128 0x13
 1579 0070 00       		.byte	0
 1580 0071 00       		.byte	0
 1581 0072 09       		.uleb128 0x9
 1582 0073 0F       		.uleb128 0xf
 1583 0074 00       		.byte	0
 1584 0075 0B       		.uleb128 0xb
ARM GAS  /tmp/ccIj0h30.s 			page 29


 1585 0076 0B       		.uleb128 0xb
 1586 0077 49       		.uleb128 0x49
 1587 0078 13       		.uleb128 0x13
 1588 0079 00       		.byte	0
 1589 007a 00       		.byte	0
 1590 007b 0A       		.uleb128 0xa
 1591 007c 0F       		.uleb128 0xf
 1592 007d 00       		.byte	0
 1593 007e 0B       		.uleb128 0xb
 1594 007f 0B       		.uleb128 0xb
 1595 0080 00       		.byte	0
 1596 0081 00       		.byte	0
 1597 0082 0B       		.uleb128 0xb
 1598 0083 0D       		.uleb128 0xd
 1599 0084 00       		.byte	0
 1600 0085 03       		.uleb128 0x3
 1601 0086 08       		.uleb128 0x8
 1602 0087 3A       		.uleb128 0x3a
 1603 0088 0B       		.uleb128 0xb
 1604 0089 3B       		.uleb128 0x3b
 1605 008a 05       		.uleb128 0x5
 1606 008b 49       		.uleb128 0x49
 1607 008c 13       		.uleb128 0x13
 1608 008d 38       		.uleb128 0x38
 1609 008e 0A       		.uleb128 0xa
 1610 008f 00       		.byte	0
 1611 0090 00       		.byte	0
 1612 0091 0C       		.uleb128 0xc
 1613 0092 13       		.uleb128 0x13
 1614 0093 01       		.byte	0x1
 1615 0094 03       		.uleb128 0x3
 1616 0095 0E       		.uleb128 0xe
 1617 0096 0B       		.uleb128 0xb
 1618 0097 0B       		.uleb128 0xb
 1619 0098 3A       		.uleb128 0x3a
 1620 0099 0B       		.uleb128 0xb
 1621 009a 3B       		.uleb128 0x3b
 1622 009b 05       		.uleb128 0x5
 1623 009c 01       		.uleb128 0x1
 1624 009d 13       		.uleb128 0x13
 1625 009e 00       		.byte	0
 1626 009f 00       		.byte	0
 1627 00a0 0D       		.uleb128 0xd
 1628 00a1 15       		.uleb128 0x15
 1629 00a2 01       		.byte	0x1
 1630 00a3 27       		.uleb128 0x27
 1631 00a4 0C       		.uleb128 0xc
 1632 00a5 01       		.uleb128 0x1
 1633 00a6 13       		.uleb128 0x13
 1634 00a7 00       		.byte	0
 1635 00a8 00       		.byte	0
 1636 00a9 0E       		.uleb128 0xe
 1637 00aa 05       		.uleb128 0x5
 1638 00ab 00       		.byte	0
 1639 00ac 49       		.uleb128 0x49
 1640 00ad 13       		.uleb128 0x13
 1641 00ae 00       		.byte	0
ARM GAS  /tmp/ccIj0h30.s 			page 30


 1642 00af 00       		.byte	0
 1643 00b0 0F       		.uleb128 0xf
 1644 00b1 35       		.uleb128 0x35
 1645 00b2 00       		.byte	0
 1646 00b3 49       		.uleb128 0x49
 1647 00b4 13       		.uleb128 0x13
 1648 00b5 00       		.byte	0
 1649 00b6 00       		.byte	0
 1650 00b7 10       		.uleb128 0x10
 1651 00b8 17       		.uleb128 0x17
 1652 00b9 01       		.byte	0x1
 1653 00ba 0B       		.uleb128 0xb
 1654 00bb 0B       		.uleb128 0xb
 1655 00bc 3A       		.uleb128 0x3a
 1656 00bd 0B       		.uleb128 0xb
 1657 00be 3B       		.uleb128 0x3b
 1658 00bf 0B       		.uleb128 0xb
 1659 00c0 01       		.uleb128 0x1
 1660 00c1 13       		.uleb128 0x13
 1661 00c2 00       		.byte	0
 1662 00c3 00       		.byte	0
 1663 00c4 11       		.uleb128 0x11
 1664 00c5 0D       		.uleb128 0xd
 1665 00c6 00       		.byte	0
 1666 00c7 03       		.uleb128 0x3
 1667 00c8 0E       		.uleb128 0xe
 1668 00c9 3A       		.uleb128 0x3a
 1669 00ca 0B       		.uleb128 0xb
 1670 00cb 3B       		.uleb128 0x3b
 1671 00cc 0B       		.uleb128 0xb
 1672 00cd 49       		.uleb128 0x49
 1673 00ce 13       		.uleb128 0x13
 1674 00cf 00       		.byte	0
 1675 00d0 00       		.byte	0
 1676 00d1 12       		.uleb128 0x12
 1677 00d2 26       		.uleb128 0x26
 1678 00d3 00       		.byte	0
 1679 00d4 49       		.uleb128 0x49
 1680 00d5 13       		.uleb128 0x13
 1681 00d6 00       		.byte	0
 1682 00d7 00       		.byte	0
 1683 00d8 13       		.uleb128 0x13
 1684 00d9 15       		.uleb128 0x15
 1685 00da 01       		.byte	0x1
 1686 00db 27       		.uleb128 0x27
 1687 00dc 0C       		.uleb128 0xc
 1688 00dd 49       		.uleb128 0x49
 1689 00de 13       		.uleb128 0x13
 1690 00df 01       		.uleb128 0x1
 1691 00e0 13       		.uleb128 0x13
 1692 00e1 00       		.byte	0
 1693 00e2 00       		.byte	0
 1694 00e3 14       		.uleb128 0x14
 1695 00e4 01       		.uleb128 0x1
 1696 00e5 01       		.byte	0x1
 1697 00e6 49       		.uleb128 0x49
 1698 00e7 13       		.uleb128 0x13
ARM GAS  /tmp/ccIj0h30.s 			page 31


 1699 00e8 01       		.uleb128 0x1
 1700 00e9 13       		.uleb128 0x13
 1701 00ea 00       		.byte	0
 1702 00eb 00       		.byte	0
 1703 00ec 15       		.uleb128 0x15
 1704 00ed 21       		.uleb128 0x21
 1705 00ee 00       		.byte	0
 1706 00ef 49       		.uleb128 0x49
 1707 00f0 13       		.uleb128 0x13
 1708 00f1 2F       		.uleb128 0x2f
 1709 00f2 0B       		.uleb128 0xb
 1710 00f3 00       		.byte	0
 1711 00f4 00       		.byte	0
 1712 00f5 16       		.uleb128 0x16
 1713 00f6 2E       		.uleb128 0x2e
 1714 00f7 01       		.byte	0x1
 1715 00f8 3F       		.uleb128 0x3f
 1716 00f9 0C       		.uleb128 0xc
 1717 00fa 03       		.uleb128 0x3
 1718 00fb 0E       		.uleb128 0xe
 1719 00fc 3A       		.uleb128 0x3a
 1720 00fd 0B       		.uleb128 0xb
 1721 00fe 3B       		.uleb128 0x3b
 1722 00ff 0B       		.uleb128 0xb
 1723 0100 27       		.uleb128 0x27
 1724 0101 0C       		.uleb128 0xc
 1725 0102 11       		.uleb128 0x11
 1726 0103 01       		.uleb128 0x1
 1727 0104 12       		.uleb128 0x12
 1728 0105 01       		.uleb128 0x1
 1729 0106 40       		.uleb128 0x40
 1730 0107 0A       		.uleb128 0xa
 1731 0108 9742     		.uleb128 0x2117
 1732 010a 0C       		.uleb128 0xc
 1733 010b 01       		.uleb128 0x1
 1734 010c 13       		.uleb128 0x13
 1735 010d 00       		.byte	0
 1736 010e 00       		.byte	0
 1737 010f 17       		.uleb128 0x17
 1738 0110 05       		.uleb128 0x5
 1739 0111 00       		.byte	0
 1740 0112 03       		.uleb128 0x3
 1741 0113 08       		.uleb128 0x8
 1742 0114 3A       		.uleb128 0x3a
 1743 0115 0B       		.uleb128 0xb
 1744 0116 3B       		.uleb128 0x3b
 1745 0117 0B       		.uleb128 0xb
 1746 0118 49       		.uleb128 0x49
 1747 0119 13       		.uleb128 0x13
 1748 011a 02       		.uleb128 0x2
 1749 011b 06       		.uleb128 0x6
 1750 011c 00       		.byte	0
 1751 011d 00       		.byte	0
 1752 011e 18       		.uleb128 0x18
 1753 011f 2E       		.uleb128 0x2e
 1754 0120 01       		.byte	0x1
 1755 0121 3F       		.uleb128 0x3f
ARM GAS  /tmp/ccIj0h30.s 			page 32


 1756 0122 0C       		.uleb128 0xc
 1757 0123 03       		.uleb128 0x3
 1758 0124 0E       		.uleb128 0xe
 1759 0125 3A       		.uleb128 0x3a
 1760 0126 0B       		.uleb128 0xb
 1761 0127 3B       		.uleb128 0x3b
 1762 0128 0B       		.uleb128 0xb
 1763 0129 27       		.uleb128 0x27
 1764 012a 0C       		.uleb128 0xc
 1765 012b 11       		.uleb128 0x11
 1766 012c 01       		.uleb128 0x1
 1767 012d 12       		.uleb128 0x12
 1768 012e 01       		.uleb128 0x1
 1769 012f 40       		.uleb128 0x40
 1770 0130 06       		.uleb128 0x6
 1771 0131 9742     		.uleb128 0x2117
 1772 0133 0C       		.uleb128 0xc
 1773 0134 01       		.uleb128 0x1
 1774 0135 13       		.uleb128 0x13
 1775 0136 00       		.byte	0
 1776 0137 00       		.byte	0
 1777 0138 19       		.uleb128 0x19
 1778 0139 34       		.uleb128 0x34
 1779 013a 00       		.byte	0
 1780 013b 03       		.uleb128 0x3
 1781 013c 0E       		.uleb128 0xe
 1782 013d 3A       		.uleb128 0x3a
 1783 013e 0B       		.uleb128 0xb
 1784 013f 3B       		.uleb128 0x3b
 1785 0140 0B       		.uleb128 0xb
 1786 0141 49       		.uleb128 0x49
 1787 0142 13       		.uleb128 0x13
 1788 0143 02       		.uleb128 0x2
 1789 0144 0A       		.uleb128 0xa
 1790 0145 00       		.byte	0
 1791 0146 00       		.byte	0
 1792 0147 1A       		.uleb128 0x1a
 1793 0148 34       		.uleb128 0x34
 1794 0149 00       		.byte	0
 1795 014a 03       		.uleb128 0x3
 1796 014b 0E       		.uleb128 0xe
 1797 014c 3A       		.uleb128 0x3a
 1798 014d 0B       		.uleb128 0xb
 1799 014e 3B       		.uleb128 0x3b
 1800 014f 0B       		.uleb128 0xb
 1801 0150 49       		.uleb128 0x49
 1802 0151 13       		.uleb128 0x13
 1803 0152 3F       		.uleb128 0x3f
 1804 0153 0C       		.uleb128 0xc
 1805 0154 3C       		.uleb128 0x3c
 1806 0155 0C       		.uleb128 0xc
 1807 0156 00       		.byte	0
 1808 0157 00       		.byte	0
 1809 0158 1B       		.uleb128 0x1b
 1810 0159 0B       		.uleb128 0xb
 1811 015a 01       		.byte	0x1
 1812 015b 11       		.uleb128 0x11
ARM GAS  /tmp/ccIj0h30.s 			page 33


 1813 015c 01       		.uleb128 0x1
 1814 015d 12       		.uleb128 0x12
 1815 015e 01       		.uleb128 0x1
 1816 015f 01       		.uleb128 0x1
 1817 0160 13       		.uleb128 0x13
 1818 0161 00       		.byte	0
 1819 0162 00       		.byte	0
 1820 0163 1C       		.uleb128 0x1c
 1821 0164 34       		.uleb128 0x34
 1822 0165 00       		.byte	0
 1823 0166 03       		.uleb128 0x3
 1824 0167 08       		.uleb128 0x8
 1825 0168 3A       		.uleb128 0x3a
 1826 0169 0B       		.uleb128 0xb
 1827 016a 3B       		.uleb128 0x3b
 1828 016b 0B       		.uleb128 0xb
 1829 016c 49       		.uleb128 0x49
 1830 016d 13       		.uleb128 0x13
 1831 016e 02       		.uleb128 0x2
 1832 016f 06       		.uleb128 0x6
 1833 0170 00       		.byte	0
 1834 0171 00       		.byte	0
 1835 0172 1D       		.uleb128 0x1d
 1836 0173 898201   		.uleb128 0x4109
 1837 0176 00       		.byte	0
 1838 0177 11       		.uleb128 0x11
 1839 0178 01       		.uleb128 0x1
 1840 0179 31       		.uleb128 0x31
 1841 017a 13       		.uleb128 0x13
 1842 017b 00       		.byte	0
 1843 017c 00       		.byte	0
 1844 017d 1E       		.uleb128 0x1e
 1845 017e 898201   		.uleb128 0x4109
 1846 0181 01       		.byte	0x1
 1847 0182 11       		.uleb128 0x11
 1848 0183 01       		.uleb128 0x1
 1849 0184 31       		.uleb128 0x31
 1850 0185 13       		.uleb128 0x13
 1851 0186 01       		.uleb128 0x1
 1852 0187 13       		.uleb128 0x13
 1853 0188 00       		.byte	0
 1854 0189 00       		.byte	0
 1855 018a 1F       		.uleb128 0x1f
 1856 018b 8A8201   		.uleb128 0x410a
 1857 018e 00       		.byte	0
 1858 018f 02       		.uleb128 0x2
 1859 0190 0A       		.uleb128 0xa
 1860 0191 9142     		.uleb128 0x2111
 1861 0193 0A       		.uleb128 0xa
 1862 0194 00       		.byte	0
 1863 0195 00       		.byte	0
 1864 0196 20       		.uleb128 0x20
 1865 0197 898201   		.uleb128 0x4109
 1866 019a 01       		.byte	0x1
 1867 019b 11       		.uleb128 0x11
 1868 019c 01       		.uleb128 0x1
 1869 019d 31       		.uleb128 0x31
ARM GAS  /tmp/ccIj0h30.s 			page 34


 1870 019e 13       		.uleb128 0x13
 1871 019f 00       		.byte	0
 1872 01a0 00       		.byte	0
 1873 01a1 21       		.uleb128 0x21
 1874 01a2 2E       		.uleb128 0x2e
 1875 01a3 01       		.byte	0x1
 1876 01a4 3F       		.uleb128 0x3f
 1877 01a5 0C       		.uleb128 0xc
 1878 01a6 03       		.uleb128 0x3
 1879 01a7 0E       		.uleb128 0xe
 1880 01a8 3A       		.uleb128 0x3a
 1881 01a9 0B       		.uleb128 0xb
 1882 01aa 3B       		.uleb128 0x3b
 1883 01ab 0B       		.uleb128 0xb
 1884 01ac 27       		.uleb128 0x27
 1885 01ad 0C       		.uleb128 0xc
 1886 01ae 11       		.uleb128 0x11
 1887 01af 01       		.uleb128 0x1
 1888 01b0 12       		.uleb128 0x12
 1889 01b1 01       		.uleb128 0x1
 1890 01b2 40       		.uleb128 0x40
 1891 01b3 06       		.uleb128 0x6
 1892 01b4 9642     		.uleb128 0x2116
 1893 01b6 0C       		.uleb128 0xc
 1894 01b7 01       		.uleb128 0x1
 1895 01b8 13       		.uleb128 0x13
 1896 01b9 00       		.byte	0
 1897 01ba 00       		.byte	0
 1898 01bb 22       		.uleb128 0x22
 1899 01bc 0B       		.uleb128 0xb
 1900 01bd 01       		.byte	0x1
 1901 01be 11       		.uleb128 0x11
 1902 01bf 01       		.uleb128 0x1
 1903 01c0 12       		.uleb128 0x12
 1904 01c1 01       		.uleb128 0x1
 1905 01c2 00       		.byte	0
 1906 01c3 00       		.byte	0
 1907 01c4 23       		.uleb128 0x23
 1908 01c5 34       		.uleb128 0x34
 1909 01c6 00       		.byte	0
 1910 01c7 03       		.uleb128 0x3
 1911 01c8 0E       		.uleb128 0xe
 1912 01c9 3A       		.uleb128 0x3a
 1913 01ca 0B       		.uleb128 0xb
 1914 01cb 3B       		.uleb128 0x3b
 1915 01cc 0B       		.uleb128 0xb
 1916 01cd 49       		.uleb128 0x49
 1917 01ce 13       		.uleb128 0x13
 1918 01cf 3F       		.uleb128 0x3f
 1919 01d0 0C       		.uleb128 0xc
 1920 01d1 02       		.uleb128 0x2
 1921 01d2 0A       		.uleb128 0xa
 1922 01d3 00       		.byte	0
 1923 01d4 00       		.byte	0
 1924 01d5 24       		.uleb128 0x24
 1925 01d6 2E       		.uleb128 0x2e
 1926 01d7 00       		.byte	0
ARM GAS  /tmp/ccIj0h30.s 			page 35


 1927 01d8 3F       		.uleb128 0x3f
 1928 01d9 0C       		.uleb128 0xc
 1929 01da 03       		.uleb128 0x3
 1930 01db 0E       		.uleb128 0xe
 1931 01dc 3A       		.uleb128 0x3a
 1932 01dd 0B       		.uleb128 0xb
 1933 01de 3B       		.uleb128 0x3b
 1934 01df 05       		.uleb128 0x5
 1935 01e0 27       		.uleb128 0x27
 1936 01e1 0C       		.uleb128 0xc
 1937 01e2 3C       		.uleb128 0x3c
 1938 01e3 0C       		.uleb128 0xc
 1939 01e4 00       		.byte	0
 1940 01e5 00       		.byte	0
 1941 01e6 25       		.uleb128 0x25
 1942 01e7 2E       		.uleb128 0x2e
 1943 01e8 00       		.byte	0
 1944 01e9 3F       		.uleb128 0x3f
 1945 01ea 0C       		.uleb128 0xc
 1946 01eb 03       		.uleb128 0x3
 1947 01ec 0E       		.uleb128 0xe
 1948 01ed 3A       		.uleb128 0x3a
 1949 01ee 0B       		.uleb128 0xb
 1950 01ef 3B       		.uleb128 0x3b
 1951 01f0 0B       		.uleb128 0xb
 1952 01f1 27       		.uleb128 0x27
 1953 01f2 0C       		.uleb128 0xc
 1954 01f3 3C       		.uleb128 0x3c
 1955 01f4 0C       		.uleb128 0xc
 1956 01f5 00       		.byte	0
 1957 01f6 00       		.byte	0
 1958 01f7 26       		.uleb128 0x26
 1959 01f8 2E       		.uleb128 0x2e
 1960 01f9 01       		.byte	0x1
 1961 01fa 3F       		.uleb128 0x3f
 1962 01fb 0C       		.uleb128 0xc
 1963 01fc 03       		.uleb128 0x3
 1964 01fd 0E       		.uleb128 0xe
 1965 01fe 3A       		.uleb128 0x3a
 1966 01ff 0B       		.uleb128 0xb
 1967 0200 3B       		.uleb128 0x3b
 1968 0201 05       		.uleb128 0x5
 1969 0202 27       		.uleb128 0x27
 1970 0203 0C       		.uleb128 0xc
 1971 0204 49       		.uleb128 0x49
 1972 0205 13       		.uleb128 0x13
 1973 0206 3C       		.uleb128 0x3c
 1974 0207 0C       		.uleb128 0xc
 1975 0208 01       		.uleb128 0x1
 1976 0209 13       		.uleb128 0x13
 1977 020a 00       		.byte	0
 1978 020b 00       		.byte	0
 1979 020c 00       		.byte	0
 1980              		.section	.debug_loc,"",%progbits
 1981              	.Ldebug_loc0:
 1982              	.LLST0:
 1983 0000 00000000 		.4byte	.LVL0
ARM GAS  /tmp/ccIj0h30.s 			page 36


 1984 0004 06000000 		.4byte	.LVL1
 1985 0008 0100     		.2byte	0x1
 1986 000a 50       		.byte	0x50
 1987 000b 06000000 		.4byte	.LVL1
 1988 000f 14000000 		.4byte	.LFE7
 1989 0013 0400     		.2byte	0x4
 1990 0015 F3       		.byte	0xf3
 1991 0016 01       		.uleb128 0x1
 1992 0017 50       		.byte	0x50
 1993 0018 9F       		.byte	0x9f
 1994 0019 00000000 		.4byte	0
 1995 001d 00000000 		.4byte	0
 1996              	.LLST1:
 1997 0021 00000000 		.4byte	.LFB8
 1998 0025 02000000 		.4byte	.LCFI0
 1999 0029 0200     		.2byte	0x2
 2000 002b 7D       		.byte	0x7d
 2001 002c 00       		.sleb128 0
 2002 002d 02000000 		.4byte	.LCFI0
 2003 0031 04000000 		.4byte	.LCFI1
 2004 0035 0200     		.2byte	0x2
 2005 0037 7D       		.byte	0x7d
 2006 0038 0C       		.sleb128 12
 2007 0039 04000000 		.4byte	.LCFI1
 2008 003d 7A000000 		.4byte	.LFE8
 2009 0041 0200     		.2byte	0x2
 2010 0043 7D       		.byte	0x7d
 2011 0044 18       		.sleb128 24
 2012 0045 00000000 		.4byte	0
 2013 0049 00000000 		.4byte	0
 2014              	.LLST2:
 2015 004d 50000000 		.4byte	.LVL11
 2016 0051 66000000 		.4byte	.LVL12
 2017 0055 0100     		.2byte	0x1
 2018 0057 53       		.byte	0x53
 2019 0058 00000000 		.4byte	0
 2020 005c 00000000 		.4byte	0
 2021              	.LLST3:
 2022 0060 00000000 		.4byte	.LFB9
 2023 0064 02000000 		.4byte	.LCFI2
 2024 0068 0200     		.2byte	0x2
 2025 006a 7D       		.byte	0x7d
 2026 006b 00       		.sleb128 0
 2027 006c 02000000 		.4byte	.LCFI2
 2028 0070 50000000 		.4byte	.LFE9
 2029 0074 0200     		.2byte	0x2
 2030 0076 7D       		.byte	0x7d
 2031 0077 10       		.sleb128 16
 2032 0078 00000000 		.4byte	0
 2033 007c 00000000 		.4byte	0
 2034              	.LLST4:
 2035 0080 2E000000 		.4byte	.LVL15
 2036 0084 3D000000 		.4byte	.LVL17-1
 2037 0088 0100     		.2byte	0x1
 2038 008a 53       		.byte	0x53
 2039 008b 40000000 		.4byte	.LVL18
 2040 008f 46000000 		.4byte	.LVL19
ARM GAS  /tmp/ccIj0h30.s 			page 37


 2041 0093 0100     		.2byte	0x1
 2042 0095 53       		.byte	0x53
 2043 0096 00000000 		.4byte	0
 2044 009a 00000000 		.4byte	0
 2045              	.LLST5:
 2046 009e 34000000 		.4byte	.LVL16
 2047 00a2 3D000000 		.4byte	.LVL17-1
 2048 00a6 0100     		.2byte	0x1
 2049 00a8 51       		.byte	0x51
 2050 00a9 00000000 		.4byte	0
 2051 00ad 00000000 		.4byte	0
 2052              		.section	.debug_aranges,"",%progbits
 2053 0000 2C000000 		.4byte	0x2c
 2054 0004 0200     		.2byte	0x2
 2055 0006 00000000 		.4byte	.Ldebug_info0
 2056 000a 04       		.byte	0x4
 2057 000b 00       		.byte	0
 2058 000c 0000     		.2byte	0
 2059 000e 0000     		.2byte	0
 2060 0010 00000000 		.4byte	.LFB7
 2061 0014 14000000 		.4byte	.LFE7-.LFB7
 2062 0018 00000000 		.4byte	.LFB8
 2063 001c 7A000000 		.4byte	.LFE8-.LFB8
 2064 0020 00000000 		.4byte	.LFB9
 2065 0024 50000000 		.4byte	.LFE9-.LFB9
 2066 0028 00000000 		.4byte	0
 2067 002c 00000000 		.4byte	0
 2068              		.section	.debug_ranges,"",%progbits
 2069              	.Ldebug_ranges0:
 2070 0000 00000000 		.4byte	.LFB7
 2071 0004 14000000 		.4byte	.LFE7
 2072 0008 00000000 		.4byte	.LFB8
 2073 000c 7A000000 		.4byte	.LFE8
 2074 0010 00000000 		.4byte	.LFB9
 2075 0014 50000000 		.4byte	.LFE9
 2076 0018 00000000 		.4byte	0
 2077 001c 00000000 		.4byte	0
 2078              		.section	.debug_line,"",%progbits
 2079              	.Ldebug_line0:
 2080 0000 E3010000 		.section	.debug_str,"MS",%progbits,1
 2080      02008801 
 2080      00000201 
 2080      FB0E0D00 
 2080      01010101 
 2081              	.LASF76:
 2082 0000 7466756E 		.ascii	"tfunc_t\000"
 2082      635F7400 
 2083              	.LASF87:
 2084 0008 63665F6F 		.ascii	"cf_off_older\000"
 2084      66665F6F 
 2084      6C646572 
 2084      00
 2085              	.LASF38:
 2086 0015 705F6D73 		.ascii	"p_msg\000"
 2086      6700
 2087              	.LASF2:
 2088 001b 73697A65 		.ascii	"size_t\000"
ARM GAS  /tmp/ccIj0h30.s 			page 38


 2088      5F7400
 2089              	.LASF71:
 2090 0022 7264796D 		.ascii	"rdymsg\000"
 2090      736700
 2091              	.LASF13:
 2092 0029 75696E74 		.ascii	"uint64_t\000"
 2092      36345F74 
 2092      00
 2093              	.LASF101:
 2094 0032 76746C69 		.ascii	"vtlist\000"
 2094      737400
 2095              	.LASF99:
 2096 0039 63685379 		.ascii	"chSysTimerHandlerI\000"
 2096      7354696D 
 2096      65724861 
 2096      6E646C65 
 2096      724900
 2097              	.LASF14:
 2098 004c 6C6F6E67 		.ascii	"long long unsigned int\000"
 2098      206C6F6E 
 2098      6720756E 
 2098      7369676E 
 2098      65642069 
 2099              	.LASF83:
 2100 0063 63685F74 		.ascii	"ch_threadsize\000"
 2100      68726561 
 2100      6473697A 
 2100      6500
 2101              	.LASF72:
 2102 0071 65786974 		.ascii	"exitcode\000"
 2102      636F6465 
 2102      00
 2103              	.LASF98:
 2104 007a 6D61696E 		.ascii	"mainthread\000"
 2104      74687265 
 2104      616400
 2105              	.LASF96:
 2106 0085 5F69646C 		.ascii	"_idle_thread\000"
 2106      655F7468 
 2106      72656164 
 2106      00
 2107              	.LASF26:
 2108 0092 705F7072 		.ascii	"p_prio\000"
 2108      696F00
 2109              	.LASF90:
 2110 0099 63665F6F 		.ascii	"cf_off_state\000"
 2110      66665F73 
 2110      74617465 
 2110      00
 2111              	.LASF106:
 2112 00a6 5F736368 		.ascii	"_scheduler_init\000"
 2112      6564756C 
 2112      65725F69 
 2112      6E697400 
 2113              	.LASF12:
 2114 00b6 6C6F6E67 		.ascii	"long long int\000"
 2114      206C6F6E 
ARM GAS  /tmp/ccIj0h30.s 			page 39


 2114      6720696E 
 2114      7400
 2115              	.LASF1:
 2116 00c4 7369676E 		.ascii	"signed char\000"
 2116      65642063 
 2116      68617200 
 2117              	.LASF89:
 2118 00d0 63665F6F 		.ascii	"cf_off_stklimit\000"
 2118      66665F73 
 2118      746B6C69 
 2118      6D697400 
 2119              	.LASF91:
 2120 00e0 63665F6F 		.ascii	"cf_off_flags\000"
 2120      66665F66 
 2120      6C616773 
 2120      00
 2121              	.LASF42:
 2122 00ed 705F6D70 		.ascii	"p_mpool\000"
 2122      6F6F6C00 
 2123              	.LASF68:
 2124 00f5 6D5F7175 		.ascii	"m_queue\000"
 2124      65756500 
 2125              	.LASF77:
 2126 00fd 63685F69 		.ascii	"ch_identifier\000"
 2126      64656E74 
 2126      69666965 
 2126      7200
 2127              	.LASF9:
 2128 010b 6C6F6E67 		.ascii	"long int\000"
 2128      20696E74 
 2128      00
 2129              	.LASF16:
 2130 0114 74737461 		.ascii	"tstate_t\000"
 2130      74655F74 
 2130      00
 2131              	.LASF6:
 2132 011d 75696E74 		.ascii	"uint16_t\000"
 2132      31365F74 
 2132      00
 2133              	.LASF95:
 2134 0126 63686465 		.ascii	"chdebug_t\000"
 2134      6275675F 
 2134      7400
 2135              	.LASF28:
 2136 0130 705F6E65 		.ascii	"p_newer\000"
 2136      77657200 
 2137              	.LASF104:
 2138 0138 5F69646C 		.ascii	"_idle_thread_wa\000"
 2138      655F7468 
 2138      72656164 
 2138      5F776100 
 2139              	.LASF62:
 2140 0148 725F6E65 		.ascii	"r_newer\000"
 2140      77657200 
 2141              	.LASF45:
 2142 0150 72656761 		.ascii	"regarm_t\000"
 2142      726D5F74 
ARM GAS  /tmp/ccIj0h30.s 			page 40


 2142      00
 2143              	.LASF53:
 2144 0159 76745F70 		.ascii	"vt_prev\000"
 2144      72657600 
 2145              	.LASF97:
 2146 0161 63685379 		.ascii	"chSysInit\000"
 2146      73496E69 
 2146      7400
 2147              	.LASF109:
 2148 016b 5F686561 		.ascii	"_heap_init\000"
 2148      705F696E 
 2148      697400
 2149              	.LASF22:
 2150 0176 636E745F 		.ascii	"cnt_t\000"
 2150      7400
 2151              	.LASF31:
 2152 017c 705F7374 		.ascii	"p_stklimit\000"
 2152      6B6C696D 
 2152      697400
 2153              	.LASF0:
 2154 0187 756E7369 		.ascii	"unsigned int\000"
 2154      676E6564 
 2154      20696E74 
 2154      00
 2155              	.LASF112:
 2156 0194 5F746872 		.ascii	"_thread_init\000"
 2156      6561645F 
 2156      696E6974 
 2156      00
 2157              	.LASF52:
 2158 01a1 76745F6E 		.ascii	"vt_next\000"
 2158      65787400 
 2159              	.LASF11:
 2160 01a9 6C6F6E67 		.ascii	"long unsigned int\000"
 2160      20756E73 
 2160      69676E65 
 2160      6420696E 
 2160      7400
 2161              	.LASF103:
 2162 01bb 63685F64 		.ascii	"ch_debug\000"
 2162      65627567 
 2162      00
 2163              	.LASF48:
 2164 01c4 636F6E74 		.ascii	"context\000"
 2164      65787400 
 2165              	.LASF7:
 2166 01cc 73686F72 		.ascii	"short unsigned int\000"
 2166      7420756E 
 2166      7369676E 
 2166      65642069 
 2166      6E7400
 2167              	.LASF110:
 2168 01df 5F747261 		.ascii	"_trace_init\000"
 2168      63655F69 
 2168      6E697400 
 2169              	.LASF19:
 2170 01eb 6D73675F 		.ascii	"msg_t\000"
ARM GAS  /tmp/ccIj0h30.s 			page 41


 2170      7400
 2171              	.LASF114:
 2172 01f1 63684462 		.ascii	"chDbgCheckClassI\000"
 2172      67436865 
 2172      636B436C 
 2172      61737349 
 2172      00
 2173              	.LASF15:
 2174 0202 746D6F64 		.ascii	"tmode_t\000"
 2174      655F7400 
 2175              	.LASF44:
 2176 020a 54687265 		.ascii	"ThreadsList\000"
 2176      6164734C 
 2176      69737400 
 2177              	.LASF20:
 2178 0216 6576656E 		.ascii	"eventmask_t\000"
 2178      746D6173 
 2178      6B5F7400 
 2179              	.LASF67:
 2180 0222 4D757465 		.ascii	"Mutex\000"
 2180      7800
 2181              	.LASF115:
 2182 0228 474E5520 		.ascii	"GNU C 4.7.4 20130613 (release) [ARM/embedded-4_7-br"
 2182      4320342E 
 2182      372E3420 
 2182      32303133 
 2182      30363133 
 2183 025b 616E6368 		.ascii	"anch revision 200083]\000"
 2183      20726576 
 2183      6973696F 
 2183      6E203230 
 2183      30303833 
 2184              	.LASF46:
 2185 0271 73746B61 		.ascii	"stkalign_t\000"
 2185      6C69676E 
 2185      5F7400
 2186              	.LASF113:
 2187 027c 63685468 		.ascii	"chThdCreateStatic\000"
 2187      64437265 
 2187      61746553 
 2187      74617469 
 2187      6300
 2188              	.LASF78:
 2189 028e 63685F7A 		.ascii	"ch_zero\000"
 2189      65726F00 
 2190              	.LASF92:
 2191 0296 63665F6F 		.ascii	"cf_off_refs\000"
 2191      66665F72 
 2191      65667300 
 2192              	.LASF54:
 2193 02a2 76745F74 		.ascii	"vt_time\000"
 2193      696D6500 
 2194              	.LASF49:
 2195 02aa 73697A65 		.ascii	"sizetype\000"
 2195      74797065 
 2195      00
 2196              	.LASF55:
ARM GAS  /tmp/ccIj0h30.s 			page 42


 2197 02b3 76745F66 		.ascii	"vt_func\000"
 2197      756E6300 
 2198              	.LASF82:
 2199 02bb 63685F74 		.ascii	"ch_timesize\000"
 2199      696D6573 
 2199      697A6500 
 2200              	.LASF88:
 2201 02c7 63665F6F 		.ascii	"cf_off_name\000"
 2201      66665F6E 
 2201      616D6500 
 2202              	.LASF29:
 2203 02d3 705F6F6C 		.ascii	"p_older\000"
 2203      64657200 
 2204              	.LASF61:
 2205 02db 725F6374 		.ascii	"r_ctx\000"
 2205      7800
 2206              	.LASF43:
 2207 02e1 54687265 		.ascii	"ThreadsQueue\000"
 2207      61647351 
 2207      75657565 
 2207      00
 2208              	.LASF79:
 2209 02ee 63685F73 		.ascii	"ch_size\000"
 2209      697A6500 
 2210              	.LASF65:
 2211 02f6 725F6375 		.ascii	"r_current\000"
 2211      7272656E 
 2211      7400
 2212              	.LASF63:
 2213 0300 725F6F6C 		.ascii	"r_older\000"
 2213      64657200 
 2214              	.LASF117:
 2215 0308 2F686F6D 		.ascii	"/home/kaklik/git/mlab-chibios/demos/STM32F107-seria"
 2215      652F6B61 
 2215      6B6C696B 
 2215      2F676974 
 2215      2F6D6C61 
 2216 033b 6C736865 		.ascii	"lshell\000"
 2216      6C6C00
 2217              	.LASF17:
 2218 0342 74726566 		.ascii	"trefs_t\000"
 2218      735F7400 
 2219              	.LASF81:
 2220 034a 63685F70 		.ascii	"ch_ptrsize\000"
 2220      74727369 
 2220      7A6500
 2221              	.LASF25:
 2222 0355 705F7072 		.ascii	"p_prev\000"
 2222      657600
 2223              	.LASF18:
 2224 035c 74707269 		.ascii	"tprio_t\000"
 2224      6F5F7400 
 2225              	.LASF8:
 2226 0364 696E7433 		.ascii	"int32_t\000"
 2226      325F7400 
 2227              	.LASF4:
 2228 036c 756E7369 		.ascii	"unsigned char\000"
ARM GAS  /tmp/ccIj0h30.s 			page 43


 2228      676E6564 
 2228      20636861 
 2228      7200
 2229              	.LASF108:
 2230 037a 5F636F72 		.ascii	"_core_init\000"
 2230      655F696E 
 2230      697400
 2231              	.LASF40:
 2232 0385 705F6D74 		.ascii	"p_mtxlist\000"
 2232      786C6973 
 2232      7400
 2233              	.LASF5:
 2234 038f 73686F72 		.ascii	"short int\000"
 2234      7420696E 
 2234      7400
 2235              	.LASF32:
 2236 0399 705F7374 		.ascii	"p_state\000"
 2236      61746500 
 2237              	.LASF94:
 2238 03a1 63665F6F 		.ascii	"cf_off_time\000"
 2238      66665F74 
 2238      696D6500 
 2239              	.LASF60:
 2240 03ad 725F7072 		.ascii	"r_prio\000"
 2240      696F00
 2241              	.LASF74:
 2242 03b4 65776D61 		.ascii	"ewmask\000"
 2242      736B00
 2243              	.LASF24:
 2244 03bb 705F6E65 		.ascii	"p_next\000"
 2244      787400
 2245              	.LASF93:
 2246 03c2 63665F6F 		.ascii	"cf_off_preempt\000"
 2246      66665F70 
 2246      7265656D 
 2246      707400
 2247              	.LASF33:
 2248 03d1 705F666C 		.ascii	"p_flags\000"
 2248      61677300 
 2249              	.LASF23:
 2250 03d9 54687265 		.ascii	"Thread\000"
 2250      616400
 2251              	.LASF86:
 2252 03e0 63665F6F 		.ascii	"cf_off_newer\000"
 2252      66665F6E 
 2252      65776572 
 2252      00
 2253              	.LASF39:
 2254 03ed 705F6570 		.ascii	"p_epending\000"
 2254      656E6469 
 2254      6E6700
 2255              	.LASF10:
 2256 03f8 75696E74 		.ascii	"uint32_t\000"
 2256      33325F74 
 2256      00
 2257              	.LASF84:
 2258 0401 63665F6F 		.ascii	"cf_off_prio\000"
ARM GAS  /tmp/ccIj0h30.s 			page 44


 2258      66665F70 
 2258      72696F00 
 2259              	.LASF59:
 2260 040d 725F7175 		.ascii	"r_queue\000"
 2260      65756500 
 2261              	.LASF51:
 2262 0415 56697274 		.ascii	"VirtualTimer\000"
 2262      75616C54 
 2262      696D6572 
 2262      00
 2263              	.LASF75:
 2264 0422 63686172 		.ascii	"char\000"
 2264      00
 2265              	.LASF100:
 2266 0427 5F5F6D61 		.ascii	"__main_thread_stack_base__\000"
 2266      696E5F74 
 2266      68726561 
 2266      645F7374 
 2266      61636B5F 
 2267              	.LASF70:
 2268 0442 6D5F6E65 		.ascii	"m_next\000"
 2268      787400
 2269              	.LASF21:
 2270 0449 73797374 		.ascii	"systime_t\000"
 2270      696D655F 
 2270      7400
 2271              	.LASF41:
 2272 0453 705F7265 		.ascii	"p_realprio\000"
 2272      616C7072 
 2272      696F00
 2273              	.LASF50:
 2274 045e 76746675 		.ascii	"vtfunc_t\000"
 2274      6E635F74 
 2274      00
 2275              	.LASF107:
 2276 0467 5F76745F 		.ascii	"_vt_init\000"
 2276      696E6974 
 2276      00
 2277              	.LASF35:
 2278 0470 705F7469 		.ascii	"p_time\000"
 2278      6D6500
 2279              	.LASF47:
 2280 0477 696E7463 		.ascii	"intctx\000"
 2280      747800
 2281              	.LASF37:
 2282 047e 705F6D73 		.ascii	"p_msgqueue\000"
 2282      67717565 
 2282      756500
 2283              	.LASF111:
 2284 0489 6462675F 		.ascii	"dbg_check_enable\000"
 2284      63686563 
 2284      6B5F656E 
 2284      61626C65 
 2284      00
 2285              	.LASF56:
 2286 049a 76745F70 		.ascii	"vt_par\000"
 2286      617200
ARM GAS  /tmp/ccIj0h30.s 			page 45


 2287              	.LASF85:
 2288 04a1 63665F6F 		.ascii	"cf_off_ctx\000"
 2288      66665F63 
 2288      747800
 2289              	.LASF34:
 2290 04ac 705F7265 		.ascii	"p_refs\000"
 2290      667300
 2291              	.LASF66:
 2292 04b3 52656164 		.ascii	"ReadyList\000"
 2292      794C6973 
 2292      7400
 2293              	.LASF102:
 2294 04bd 726C6973 		.ascii	"rlist\000"
 2294      7400
 2295              	.LASF116:
 2296 04c3 2E2E2F2E 		.ascii	"../../os/kernel/src/chsys.c\000"
 2296      2E2F6F73 
 2296      2F6B6572 
 2296      6E656C2F 
 2296      7372632F 
 2297              	.LASF3:
 2298 04df 75696E74 		.ascii	"uint8_t\000"
 2298      385F7400 
 2299              	.LASF105:
 2300 04e7 5F706F72 		.ascii	"_port_init\000"
 2300      745F696E 
 2300      697400
 2301              	.LASF73:
 2302 04f2 77746F62 		.ascii	"wtobjp\000"
 2302      6A7000
 2303              	.LASF30:
 2304 04f9 705F6E61 		.ascii	"p_name\000"
 2304      6D6500
 2305              	.LASF57:
 2306 0500 76745F73 		.ascii	"vt_systime\000"
 2306      79737469 
 2306      6D6500
 2307              	.LASF80:
 2308 050b 63685F76 		.ascii	"ch_version\000"
 2308      65727369 
 2308      6F6E00
 2309              	.LASF58:
 2310 0516 56544C69 		.ascii	"VTList\000"
 2310      737400
 2311              	.LASF64:
 2312 051d 725F7072 		.ascii	"r_preempt\000"
 2312      65656D70 
 2312      7400
 2313              	.LASF69:
 2314 0527 6D5F6F77 		.ascii	"m_owner\000"
 2314      6E657200 
 2315              	.LASF27:
 2316 052f 705F6374 		.ascii	"p_ctx\000"
 2316      7800
 2317              	.LASF36:
 2318 0535 705F7761 		.ascii	"p_waiting\000"
 2318      6974696E 
ARM GAS  /tmp/ccIj0h30.s 			page 46


 2318      6700
 2319              		.ident	"GCC: (GNU Tools for ARM Embedded Processors) 4.7.4 20130613 (release) [ARM/embedded-4_7-br
ARM GAS  /tmp/ccIj0h30.s 			page 47


DEFINED SYMBOLS
                            *ABS*:00000000 chsys.c
     /tmp/ccIj0h30.s:19     .text._idle_thread:00000000 $t
     /tmp/ccIj0h30.s:25     .text._idle_thread:00000000 _idle_thread
     /tmp/ccIj0h30.s:45     .text._idle_thread:0000000c $d
     /tmp/ccIj0h30.s:51     .text.chSysInit:00000000 $t
     /tmp/ccIj0h30.s:57     .text.chSysInit:00000000 chSysInit
     /tmp/ccIj0h30.s:234    .bss.mainthread.4864:00000000 .LANCHOR0
     /tmp/ccIj0h30.s:245    .bss._idle_thread_wa:00000000 .LANCHOR1
     /tmp/ccIj0h30.s:146    .text.chSysTimerHandlerI:00000000 $t
     /tmp/ccIj0h30.s:152    .text.chSysTimerHandlerI:00000000 chSysTimerHandlerI
     /tmp/ccIj0h30.s:225    .text.chSysTimerHandlerI:00000048 $d
     /tmp/ccIj0h30.s:248    .bss._idle_thread_wa:00000000 _idle_thread_wa
     /tmp/ccIj0h30.s:233    .bss.mainthread.4864:00000000 $d
     /tmp/ccIj0h30.s:237    .bss.mainthread.4864:00000000 mainthread.4864
     /tmp/ccIj0h30.s:240    .rodata.str1.4:00000000 $d
     /tmp/ccIj0h30.s:244    .bss._idle_thread_wa:00000000 $d
                     .debug_frame:00000010 $d
     /tmp/ccIj0h30.s:50     .text._idle_thread:00000014 $t

UNDEFINED SYMBOLS
rlist
_port_init
_scheduler_init
_vt_init
_core_init
_heap_init
_trace_init
_thread_init
__main_thread_stack_base__
dbg_check_enable
ch_debug
chThdCreateStatic
chDbgCheckClassI
vtlist
