ARM GAS  /tmp/ccDSe7T4.s 			page 1


   1              		.syntax unified
   2              		.cpu cortex-m3
   3              		.fpu softvfp
   4              		.eabi_attribute 20, 1
   5              		.eabi_attribute 21, 1
   6              		.eabi_attribute 23, 3
   7              		.eabi_attribute 24, 1
   8              		.eabi_attribute 25, 1
   9              		.eabi_attribute 26, 1
  10              		.eabi_attribute 30, 2
  11              		.eabi_attribute 34, 1
  12              		.eabi_attribute 18, 4
  13              		.thumb
  14              		.file	"crt0.c"
  15              		.text
  16              	.Ltext0:
  17              		.cfi_sections	.debug_frame
  18              		.section	.text.__early_init,"ax",%progbits
  19              		.align	2
  20              		.p2align 4,,15
  21              		.weak	__early_init
  22              		.thumb
  23              		.thumb_func
  24              		.type	__early_init, %function
  25              	__early_init:
  26              	.LFB7:
  27              		.file 1 "../../os/ports/GCC/ARMCMx/crt0.c"
  28              		.loc 1 220 0
  29              		.cfi_startproc
  30              		@ args = 0, pretend = 0, frame = 0
  31              		@ frame_needed = 0, uses_anonymous_args = 0
  32              		@ link register save eliminated.
  33 0000 7047     		bx	lr
  34              		.cfi_endproc
  35              	.LFE7:
  36              		.size	__early_init, .-__early_init
  37 0002 00BFAFF3 		.section	.text.__late_init,"ax",%progbits
  37      0080AFF3 
  37      0080AFF3 
  37      0080
  38              		.align	2
  39              		.p2align 4,,15
  40              		.weak	__late_init
  41              		.thumb
  42              		.thumb_func
  43              		.type	__late_init, %function
  44              	__late_init:
  45              	.LFB8:
  46              		.loc 1 232 0
  47              		.cfi_startproc
  48              		@ args = 0, pretend = 0, frame = 0
  49              		@ frame_needed = 0, uses_anonymous_args = 0
  50              		@ link register save eliminated.
  51 0000 7047     		bx	lr
  52              		.cfi_endproc
  53              	.LFE8:
  54              		.size	__late_init, .-__late_init
ARM GAS  /tmp/ccDSe7T4.s 			page 2


  55 0002 00BFAFF3 		.section	.text._default_exit,"ax",%progbits
  55      0080AFF3 
  55      0080AFF3 
  55      0080
  56              		.align	2
  57              		.p2align 4,,15
  58              		.weak	_default_exit
  59              		.thumb
  60              		.thumb_func
  61              		.type	_default_exit, %function
  62              	_default_exit:
  63              	.LFB9:
  64              		.loc 1 243 0
  65              		.cfi_startproc
  66              		@ Naked Function: prologue and epilogue provided by programmer.
  67              		@ args = 0, pretend = 0, frame = 0
  68              		@ frame_needed = 0, uses_anonymous_args = 0
  69              	.L4:
  70 0000 FEE7     		b	.L4
  71              		.cfi_endproc
  72              	.LFE9:
  73              		.size	_default_exit, .-_default_exit
  74 0002 00BFAFF3 		.section	.text.ResetHandler,"ax",%progbits
  74      0080AFF3 
  74      0080AFF3 
  74      0080
  75              		.align	2
  76              		.p2align 4,,15
  77              		.global	ResetHandler
  78              		.thumb
  79              		.thumb_func
  80              		.type	ResetHandler, %function
  81              	ResetHandler:
  82              	.LFB10:
  83              		.loc 1 254 0
  84              		.cfi_startproc
  85              		@ Naked Function: prologue and epilogue provided by programmer.
  86              		@ args = 0, pretend = 0, frame = 0
  87              		@ frame_needed = 0, uses_anonymous_args = 0
  88              		.loc 1 260 0
  89              	@ 260 "../../os/ports/GCC/ARMCMx/crt0.c" 1
  90 0000 72B6     		cpsid   i
  91              	@ 0 "" 2
  92              		.loc 1 261 0
  93              		.thumb
  94 0002 644C     		ldr	r4, .L68
  95              	.LVL0:
  96              		.loc 1 262 0
  97              	@ 262 "../../os/ports/GCC/ARMCMx/crt0.c" 1
  98 0004 84F30988 		msr     PSP, r4
  99              	@ 0 "" 2
 100              	.LVL1:
 101              		.loc 1 282 0
 102              		.thumb
 103 0008 0223     		movs	r3, #2
 104              	@ 282 "../../os/ports/GCC/ARMCMx/crt0.c" 1
 105 000a 83F31488 		msr     CONTROL, r3
ARM GAS  /tmp/ccDSe7T4.s 			page 3


 106              	@ 0 "" 2
 107              		.loc 1 283 0
 108              	@ 283 "../../os/ports/GCC/ARMCMx/crt0.c" 1
 109 000e BFF36F8F 		isb
 110              	@ 0 "" 2
 111              	.LVL2:
 112              		.thumb
 113              	.LBB2:
 114              		.loc 1 287 0
 115 0012 6148     		ldr	r0, .L68+4
 116 0014 6149     		ldr	r1, .L68+8
 117 0016 8842     		cmp	r0, r1
 118 0018 18D2     		bcs	.L10
 119              	.LBE2:
 120              	.LBB3:
 121              		.loc 1 254 0
 122 001a CA1C     		adds	r2, r1, #3
 123 001c 051D     		adds	r5, r0, #4
 124 001e 531B     		subs	r3, r2, r5
 125 0020 23F00302 		bic	r2, r3, #3
 126 0024 0346     		mov	r3, r0
 127 0026 1018     		adds	r0, r2, r0
 128              	.LBE3:
 129              	.LBB4:
 130              		.loc 1 287 0
 131 0028 4FF05531 		mov	r1, #1431655765
 132 002c 8342     		cmp	r3, r0
 133 002e 1960     		str	r1, [r3, #0]
 134              	.LVL3:
 135 0030 C2F38002 		ubfx	r2, r2, #2, #1
 136 0034 0AD0     		beq	.L10
 137 0036 1AB1     		cbz	r2, .L9
 138 0038 8542     		cmp	r5, r0
 139 003a 2B46     		mov	r3, r5
 140 003c 2960     		str	r1, [r5, #0]
 141 003e 05D0     		beq	.L10
 142              	.L9:
 143 0040 1D1D     		adds	r5, r3, #4
 144              		.loc 1 287 0 is_stmt 0 discriminator 2
 145 0042 5960     		str	r1, [r3, #4]
 146 0044 0833     		adds	r3, r3, #8
 147 0046 8342     		cmp	r3, r0
 148 0048 6960     		str	r1, [r5, #4]
 149 004a F9D1     		bne	.L9
 150              	.L10:
 151              	.LVL4:
 152              	.LBE4:
 153              	.LBB5:
 154              		.loc 1 290 0 is_stmt 1
 155 004c 5448     		ldr	r0, .L68+12
 156 004e A042     		cmp	r0, r4
 157 0050 18D2     		bcs	.L8
 158              	.LBE5:
 159              	.LBB6:
 160              		.loc 1 254 0
 161 0052 5449     		ldr	r1, .L68+16
 162 0054 041D     		adds	r4, r0, #4
ARM GAS  /tmp/ccDSe7T4.s 			page 4


 163 0056 0A1B     		subs	r2, r1, r4
 164 0058 22F00305 		bic	r5, r2, #3
 165 005c 0346     		mov	r3, r0
 166 005e 2818     		adds	r0, r5, r0
 167              	.LBE6:
 168              	.LBB7:
 169              		.loc 1 290 0
 170 0060 4FF05531 		mov	r1, #1431655765
 171 0064 8342     		cmp	r3, r0
 172 0066 1960     		str	r1, [r3, #0]
 173              	.LVL5:
 174 0068 C5F38002 		ubfx	r2, r5, #2, #1
 175 006c 0AD0     		beq	.L8
 176 006e 1AB1     		cbz	r2, .L13
 177 0070 8442     		cmp	r4, r0
 178 0072 2346     		mov	r3, r4
 179 0074 2160     		str	r1, [r4, #0]
 180 0076 05D0     		beq	.L8
 181              	.L13:
 182 0078 1D1D     		adds	r5, r3, #4
 183              		.loc 1 290 0 is_stmt 0 discriminator 2
 184 007a 5960     		str	r1, [r3, #4]
 185 007c 0833     		adds	r3, r3, #8
 186 007e 8342     		cmp	r3, r0
 187 0080 6960     		str	r1, [r5, #4]
 188 0082 F9D1     		bne	.L13
 189              	.L8:
 190              	.LBE7:
 191              		.loc 1 296 0 is_stmt 1
 192 0084 FFF7FEFF 		bl	__early_init
 193              	.LVL6:
 194              	.LBB8:
 195              		.loc 1 305 0
 196 0088 4749     		ldr	r1, .L68+20
 197 008a 4848     		ldr	r0, .L68+24
 198 008c 8142     		cmp	r1, r0
 199 008e 1BD2     		bcs	.L12
 200              	.LBE8:
 201              	.LBB9:
 202              		.loc 1 254 0
 203 0090 C61C     		adds	r6, r0, #3
 204 0092 0C1D     		adds	r4, r1, #4
 205 0094 321B     		subs	r2, r6, r4
 206 0096 4648     		ldr	r0, .L68+28
 207 0098 22F00302 		bic	r2, r2, #3
 208 009c 161D     		adds	r6, r2, #4
 209              	.LBE9:
 210              	.LBB10:
 211              		.loc 1 306 0
 212 009e 0568     		ldr	r5, [r0, #0]
 213 00a0 0423     		movs	r3, #4
 214              		.loc 1 305 0
 215 00a2 B342     		cmp	r3, r6
 216              		.loc 1 306 0
 217 00a4 0D60     		str	r5, [r1, #0]
 218              	.LVL7:
 219 00a6 C2F38002 		ubfx	r2, r2, #2, #1
ARM GAS  /tmp/ccDSe7T4.s 			page 5


 220              		.loc 1 305 0
 221 00aa 0DD0     		beq	.L12
 222 00ac 22B1     		cbz	r2, .L16
 223              		.loc 1 306 0
 224 00ae 4568     		ldr	r5, [r0, #4]
 225 00b0 0823     		movs	r3, #8
 226              		.loc 1 305 0
 227 00b2 B342     		cmp	r3, r6
 228              		.loc 1 306 0
 229 00b4 2560     		str	r5, [r4, #0]
 230              		.loc 1 305 0
 231 00b6 07D0     		beq	.L12
 232              	.L16:
 233              		.loc 1 306 0
 234 00b8 1D58     		ldr	r5, [r3, r0]
 235 00ba 1A1D     		adds	r2, r3, #4
 236 00bc 5D50     		str	r5, [r3, r1]
 237 00be 8458     		ldr	r4, [r0, r2]
 238 00c0 0833     		adds	r3, r3, #8
 239              		.loc 1 305 0
 240 00c2 B342     		cmp	r3, r6
 241              		.loc 1 306 0
 242 00c4 8C50     		str	r4, [r1, r2]
 243              		.loc 1 305 0
 244 00c6 F7D1     		bne	.L16
 245              	.L12:
 246              	.LVL8:
 247              	.LBE10:
 248              	.LBB11:
 249              		.loc 1 312 0
 250 00c8 3A48     		ldr	r0, .L68+32
 251 00ca 3B49     		ldr	r1, .L68+36
 252 00cc 8842     		cmp	r0, r1
 253 00ce 17D2     		bcs	.L15
 254              	.LBE11:
 255              	.LBB12:
 256              		.loc 1 254 0
 257 00d0 CB1C     		adds	r3, r1, #3
 258 00d2 041D     		adds	r4, r0, #4
 259 00d4 1A1B     		subs	r2, r3, r4
 260 00d6 22F00305 		bic	r5, r2, #3
 261 00da 0346     		mov	r3, r0
 262 00dc 2818     		adds	r0, r5, r0
 263              	.LBE12:
 264              	.LBB13:
 265              		.loc 1 312 0
 266 00de 0021     		movs	r1, #0
 267 00e0 8342     		cmp	r3, r0
 268 00e2 1960     		str	r1, [r3, #0]
 269              	.LVL9:
 270 00e4 C5F38002 		ubfx	r2, r5, #2, #1
 271 00e8 0AD0     		beq	.L15
 272 00ea 1AB1     		cbz	r2, .L19
 273 00ec 8442     		cmp	r4, r0
 274 00ee 2346     		mov	r3, r4
 275 00f0 2160     		str	r1, [r4, #0]
 276 00f2 05D0     		beq	.L15
ARM GAS  /tmp/ccDSe7T4.s 			page 6


 277              	.L19:
 278 00f4 1D1D     		adds	r5, r3, #4
 279              		.loc 1 312 0 is_stmt 0 discriminator 2
 280 00f6 5960     		str	r1, [r3, #4]
 281 00f8 0833     		adds	r3, r3, #8
 282 00fa 8342     		cmp	r3, r0
 283 00fc 6960     		str	r1, [r5, #4]
 284 00fe F9D1     		bne	.L19
 285              	.L15:
 286              	.LBE13:
 287              		.loc 1 316 0 is_stmt 1
 288 0100 FFF7FEFF 		bl	__late_init
 289              	.LVL10:
 290              	.LBB14:
 291              		.loc 1 322 0
 292 0104 2D4D     		ldr	r5, .L68+40
 293 0106 2E49     		ldr	r1, .L68+44
 294 0108 8D42     		cmp	r5, r1
 295 010a 1DD2     		bcs	.L18
 296              	.LBE14:
 297              	.LBB15:
 298              		.loc 1 254 0
 299 010c CC1C     		adds	r4, r1, #3
 300 010e 2E1D     		adds	r6, r5, #4
 301 0110 A71B     		subs	r7, r4, r6
 302 0112 B808     		lsrs	r0, r7, #2
 303 0114 471C     		adds	r7, r0, #1
 304 0116 0124     		movs	r4, #1
 305              	.LBE15:
 306              	.LBB16:
 307              		.loc 1 323 0
 308 0118 2A68     		ldr	r2, [r5, #0]
 309 011a 00EA0408 		and	r8, r0, r4
 310 011e 9047     		blx	r2
 311              	.LVL11:
 312              		.loc 1 322 0
 313 0120 BC42     		cmp	r4, r7
 314 0122 11D0     		beq	.L18
 315 0124 B8F1000F 		cmp	r8, #0
 316 0128 05D0     		beq	.L22
 317              		.loc 1 323 0
 318 012a 3368     		ldr	r3, [r6, #0]
 319 012c 0224     		movs	r4, #2
 320 012e 9847     		blx	r3
 321              	.LVL12:
 322              		.loc 1 322 0
 323 0130 BC42     		cmp	r4, r7
 324 0132 3546     		mov	r5, r6
 325 0134 08D0     		beq	.L18
 326              	.L22:
 327              		.loc 1 323 0
 328 0136 6968     		ldr	r1, [r5, #4]
 329 0138 8847     		blx	r1
 330              	.LVL13:
 331 013a 0234     		adds	r4, r4, #2
 332 013c A868     		ldr	r0, [r5, #8]
 333 013e 2E1D     		adds	r6, r5, #4
ARM GAS  /tmp/ccDSe7T4.s 			page 7


 334 0140 8047     		blx	r0
 335              	.LVL14:
 336 0142 0835     		adds	r5, r5, #8
 337              		.loc 1 322 0
 338 0144 BC42     		cmp	r4, r7
 339 0146 F6D1     		bne	.L22
 340              	.L18:
 341              	.LBE16:
 342              		.loc 1 330 0
 343 0148 FFF7FEFF 		bl	main
 344              	.LVL15:
 345              	.LBB17:
 346              		.loc 1 336 0
 347 014c 1D4D     		ldr	r5, .L68+48
 348 014e 1E4A     		ldr	r2, .L68+52
 349 0150 9542     		cmp	r5, r2
 350 0152 1DD2     		bcs	.L21
 351              	.LBE17:
 352              		.loc 1 254 0
 353 0154 D41C     		adds	r4, r2, #3
 354 0156 2E1D     		adds	r6, r5, #4
 355 0158 A71B     		subs	r7, r4, r6
 356 015a BB08     		lsrs	r3, r7, #2
 357 015c 5F1C     		adds	r7, r3, #1
 358 015e 0124     		movs	r4, #1
 359              	.LBB18:
 360              		.loc 1 337 0
 361 0160 2968     		ldr	r1, [r5, #0]
 362 0162 03EA0408 		and	r8, r3, r4
 363 0166 8847     		blx	r1
 364              	.LVL16:
 365              		.loc 1 336 0
 366 0168 BC42     		cmp	r4, r7
 367 016a 11D0     		beq	.L21
 368 016c B8F1000F 		cmp	r8, #0
 369 0170 05D0     		beq	.L23
 370              		.loc 1 337 0
 371 0172 3068     		ldr	r0, [r6, #0]
 372 0174 0224     		movs	r4, #2
 373 0176 8047     		blx	r0
 374              	.LVL17:
 375              		.loc 1 336 0
 376 0178 BC42     		cmp	r4, r7
 377 017a 3546     		mov	r5, r6
 378 017c 08D0     		beq	.L21
 379              	.L23:
 380              		.loc 1 337 0
 381 017e 6A68     		ldr	r2, [r5, #4]
 382 0180 9047     		blx	r2
 383              	.LVL18:
 384 0182 0234     		adds	r4, r4, #2
 385 0184 AB68     		ldr	r3, [r5, #8]
 386 0186 2E1D     		adds	r6, r5, #4
 387 0188 9847     		blx	r3
 388              	.LVL19:
 389 018a 0835     		adds	r5, r5, #8
 390              		.loc 1 336 0
ARM GAS  /tmp/ccDSe7T4.s 			page 8


 391 018c BC42     		cmp	r4, r7
 392 018e F6D1     		bne	.L23
 393              	.L21:
 394              	.LBE18:
 395              		.loc 1 344 0
 396 0190 FFF7FEFF 		bl	_default_exit
 397              	.LVL20:
 398              		.loc 1 345 0
 399              	.L69:
 400              		.align	2
 401              	.L68:
 402 0194 00000000 		.word	__process_stack_end__
 403 0198 00000000 		.word	__main_stack_base__
 404 019c 00000000 		.word	__main_stack_end__
 405 01a0 00000000 		.word	__process_stack_base__
 406 01a4 03000000 		.word	__process_stack_end__+3
 407 01a8 00000000 		.word	_data
 408 01ac 00000000 		.word	_edata
 409 01b0 00000000 		.word	_textdata
 410 01b4 00000000 		.word	_bss_start
 411 01b8 00000000 		.word	_bss_end
 412 01bc 00000000 		.word	__init_array_start
 413 01c0 00000000 		.word	__init_array_end
 414 01c4 00000000 		.word	__fini_array_start
 415 01c8 00000000 		.word	__fini_array_end
 416              		.cfi_endproc
 417              	.LFE10:
 418              		.size	ResetHandler, .-ResetHandler
 419 01cc AFF30080 		.text
 420              	.Letext0:
 421              		.file 2 "/usr/bin/../lib/gcc/arm-none-eabi/4.7.4/../../../../arm-none-eabi/include/stdint.h"
 422              		.section	.debug_info,"",%progbits
 423              	.Ldebug_info0:
 424 0000 AF020000 		.4byte	0x2af
 425 0004 0200     		.2byte	0x2
 426 0006 00000000 		.4byte	.Ldebug_abbrev0
 427 000a 04       		.byte	0x4
 428 000b 01       		.uleb128 0x1
 429 000c F4000000 		.4byte	.LASF31
 430 0010 01       		.byte	0x1
 431 0011 6B000000 		.4byte	.LASF32
 432 0015 B6010000 		.4byte	.LASF33
 433 0019 B8000000 		.4byte	.Ldebug_ranges0+0xb8
 434 001d 00000000 		.4byte	0
 435 0021 00000000 		.4byte	0
 436 0025 00000000 		.4byte	.Ldebug_line0
 437 0029 02       		.uleb128 0x2
 438 002a 04       		.byte	0x4
 439 002b 05       		.byte	0x5
 440 002c 696E7400 		.ascii	"int\000"
 441 0030 03       		.uleb128 0x3
 442 0031 04       		.byte	0x4
 443 0032 07       		.byte	0x7
 444 0033 E7000000 		.4byte	.LASF0
 445 0037 03       		.uleb128 0x3
 446 0038 01       		.byte	0x1
 447 0039 06       		.byte	0x6
ARM GAS  /tmp/ccDSe7T4.s 			page 9


 448 003a 10020000 		.4byte	.LASF1
 449 003e 04       		.uleb128 0x4
 450 003f 7D010000 		.4byte	.LASF6
 451 0043 02       		.byte	0x2
 452 0044 2A       		.byte	0x2a
 453 0045 49000000 		.4byte	0x49
 454 0049 03       		.uleb128 0x3
 455 004a 01       		.byte	0x1
 456 004b 08       		.byte	0x8
 457 004c 51000000 		.4byte	.LASF2
 458 0050 03       		.uleb128 0x3
 459 0051 02       		.byte	0x2
 460 0052 05       		.byte	0x5
 461 0053 AC010000 		.4byte	.LASF3
 462 0057 03       		.uleb128 0x3
 463 0058 02       		.byte	0x2
 464 0059 07       		.byte	0x7
 465 005a 99000000 		.4byte	.LASF4
 466 005e 03       		.uleb128 0x3
 467 005f 04       		.byte	0x4
 468 0060 05       		.byte	0x5
 469 0061 01020000 		.4byte	.LASF5
 470 0065 04       		.uleb128 0x4
 471 0066 F8010000 		.4byte	.LASF7
 472 006a 02       		.byte	0x2
 473 006b 50       		.byte	0x50
 474 006c 70000000 		.4byte	0x70
 475 0070 03       		.uleb128 0x3
 476 0071 04       		.byte	0x4
 477 0072 07       		.byte	0x7
 478 0073 D0000000 		.4byte	.LASF8
 479 0077 03       		.uleb128 0x3
 480 0078 08       		.byte	0x8
 481 0079 05       		.byte	0x5
 482 007a 85010000 		.4byte	.LASF9
 483 007e 03       		.uleb128 0x3
 484 007f 08       		.byte	0x8
 485 0080 07       		.byte	0x7
 486 0081 3D010000 		.4byte	.LASF10
 487 0085 03       		.uleb128 0x3
 488 0086 04       		.byte	0x4
 489 0087 07       		.byte	0x7
 490 0088 74010000 		.4byte	.LASF11
 491 008c 03       		.uleb128 0x3
 492 008d 01       		.byte	0x1
 493 008e 08       		.byte	0x8
 494 008f 93010000 		.4byte	.LASF12
 495 0093 04       		.uleb128 0x4
 496 0094 F0010000 		.4byte	.LASF13
 497 0098 01       		.byte	0x1
 498 0099 26       		.byte	0x26
 499 009a 9E000000 		.4byte	0x9e
 500 009e 05       		.uleb128 0x5
 501 009f 04       		.byte	0x4
 502 00a0 A4000000 		.4byte	0xa4
 503 00a4 06       		.uleb128 0x6
 504 00a5 01       		.byte	0x1
ARM GAS  /tmp/ccDSe7T4.s 			page 10


 505 00a6 04       		.uleb128 0x4
 506 00a7 3A000000 		.4byte	.LASF14
 507 00ab 01       		.byte	0x1
 508 00ac 27       		.byte	0x27
 509 00ad B1000000 		.4byte	0xb1
 510 00b1 05       		.uleb128 0x5
 511 00b2 04       		.byte	0x4
 512 00b3 93000000 		.4byte	0x93
 513 00b7 07       		.uleb128 0x7
 514 00b8 01       		.byte	0x1
 515 00b9 67010000 		.4byte	.LASF15
 516 00bd 01       		.byte	0x1
 517 00be DC       		.byte	0xdc
 518 00bf 01       		.byte	0x1
 519 00c0 00000000 		.4byte	.LFB7
 520 00c4 02000000 		.4byte	.LFE7
 521 00c8 02       		.byte	0x2
 522 00c9 7D       		.byte	0x7d
 523 00ca 00       		.sleb128 0
 524 00cb 01       		.byte	0x1
 525 00cc 07       		.uleb128 0x7
 526 00cd 01       		.byte	0x1
 527 00ce 5F000000 		.4byte	.LASF16
 528 00d2 01       		.byte	0x1
 529 00d3 E8       		.byte	0xe8
 530 00d4 01       		.byte	0x1
 531 00d5 00000000 		.4byte	.LFB8
 532 00d9 02000000 		.4byte	.LFE8
 533 00dd 02       		.byte	0x2
 534 00de 7D       		.byte	0x7d
 535 00df 00       		.sleb128 0
 536 00e0 01       		.byte	0x1
 537 00e1 07       		.uleb128 0x7
 538 00e2 01       		.byte	0x1
 539 00e3 43000000 		.4byte	.LASF17
 540 00e7 01       		.byte	0x1
 541 00e8 F3       		.byte	0xf3
 542 00e9 01       		.byte	0x1
 543 00ea 00000000 		.4byte	.LFB9
 544 00ee 02000000 		.4byte	.LFE9
 545 00f2 02       		.byte	0x2
 546 00f3 7D       		.byte	0x7d
 547 00f4 00       		.sleb128 0
 548 00f5 01       		.byte	0x1
 549 00f6 08       		.uleb128 0x8
 550 00f7 01       		.byte	0x1
 551 00f8 8C000000 		.4byte	.LASF34
 552 00fc 01       		.byte	0x1
 553 00fd FE       		.byte	0xfe
 554 00fe 01       		.byte	0x1
 555 00ff 00000000 		.4byte	.LFB10
 556 0103 CC010000 		.4byte	.LFE10
 557 0107 02       		.byte	0x2
 558 0108 7D       		.byte	0x7d
 559 0109 00       		.sleb128 0
 560 010a 01       		.byte	0x1
 561 010b F9010000 		.4byte	0x1f9
ARM GAS  /tmp/ccDSe7T4.s 			page 11


 562 010f 09       		.uleb128 0x9
 563 0110 70737000 		.ascii	"psp\000"
 564 0114 01       		.byte	0x1
 565 0115 FF       		.byte	0xff
 566 0116 65000000 		.4byte	0x65
 567 011a 01       		.byte	0x1
 568 011b 54       		.byte	0x54
 569 011c 0A       		.uleb128 0xa
 570 011d 72656700 		.ascii	"reg\000"
 571 0121 01       		.byte	0x1
 572 0122 FF       		.byte	0xff
 573 0123 65000000 		.4byte	0x65
 574 0127 02       		.byte	0x2
 575 0128 0B       		.uleb128 0xb
 576 0129 00000000 		.4byte	.Ldebug_ranges0+0
 577 012d 48010000 		.4byte	0x148
 578 0131 0C       		.uleb128 0xc
 579 0132 703100   		.ascii	"p1\000"
 580 0135 01       		.byte	0x1
 581 0136 1F01     		.2byte	0x11f
 582 0138 F9010000 		.4byte	0x1f9
 583 013c 0C       		.uleb128 0xc
 584 013d 703200   		.ascii	"p2\000"
 585 0140 01       		.byte	0x1
 586 0141 1F01     		.2byte	0x11f
 587 0143 F9010000 		.4byte	0x1f9
 588 0147 00       		.byte	0
 589 0148 0B       		.uleb128 0xb
 590 0149 18000000 		.4byte	.Ldebug_ranges0+0x18
 591 014d 68010000 		.4byte	0x168
 592 0151 0C       		.uleb128 0xc
 593 0152 703100   		.ascii	"p1\000"
 594 0155 01       		.byte	0x1
 595 0156 2201     		.2byte	0x122
 596 0158 F9010000 		.4byte	0x1f9
 597 015c 0C       		.uleb128 0xc
 598 015d 703200   		.ascii	"p2\000"
 599 0160 01       		.byte	0x1
 600 0161 2201     		.2byte	0x122
 601 0163 F9010000 		.4byte	0x1f9
 602 0167 00       		.byte	0
 603 0168 0B       		.uleb128 0xb
 604 0169 38000000 		.4byte	.Ldebug_ranges0+0x38
 605 016d 88010000 		.4byte	0x188
 606 0171 0C       		.uleb128 0xc
 607 0172 747000   		.ascii	"tp\000"
 608 0175 01       		.byte	0x1
 609 0176 2D01     		.2byte	0x12d
 610 0178 F9010000 		.4byte	0x1f9
 611 017c 0C       		.uleb128 0xc
 612 017d 647000   		.ascii	"dp\000"
 613 0180 01       		.byte	0x1
 614 0181 2D01     		.2byte	0x12d
 615 0183 F9010000 		.4byte	0x1f9
 616 0187 00       		.byte	0
 617 0188 0B       		.uleb128 0xb
 618 0189 58000000 		.4byte	.Ldebug_ranges0+0x58
ARM GAS  /tmp/ccDSe7T4.s 			page 12


 619 018d A8010000 		.4byte	0x1a8
 620 0191 0C       		.uleb128 0xc
 621 0192 703100   		.ascii	"p1\000"
 622 0195 01       		.byte	0x1
 623 0196 3801     		.2byte	0x138
 624 0198 F9010000 		.4byte	0x1f9
 625 019c 0C       		.uleb128 0xc
 626 019d 703200   		.ascii	"p2\000"
 627 01a0 01       		.byte	0x1
 628 01a1 3801     		.2byte	0x138
 629 01a3 F9010000 		.4byte	0x1f9
 630 01a7 00       		.byte	0
 631 01a8 0B       		.uleb128 0xb
 632 01a9 78000000 		.4byte	.Ldebug_ranges0+0x78
 633 01ad BE010000 		.4byte	0x1be
 634 01b1 0C       		.uleb128 0xc
 635 01b2 66707000 		.ascii	"fpp\000"
 636 01b6 01       		.byte	0x1
 637 01b7 4101     		.2byte	0x141
 638 01b9 A6000000 		.4byte	0xa6
 639 01bd 00       		.byte	0
 640 01be 0B       		.uleb128 0xb
 641 01bf 98000000 		.4byte	.Ldebug_ranges0+0x98
 642 01c3 D4010000 		.4byte	0x1d4
 643 01c7 0C       		.uleb128 0xc
 644 01c8 66707000 		.ascii	"fpp\000"
 645 01cc 01       		.byte	0x1
 646 01cd 4F01     		.2byte	0x14f
 647 01cf A6000000 		.4byte	0xa6
 648 01d3 00       		.byte	0
 649 01d4 0D       		.uleb128 0xd
 650 01d5 88000000 		.4byte	.LVL6
 651 01d9 B7000000 		.4byte	0xb7
 652 01dd 0D       		.uleb128 0xd
 653 01de 04010000 		.4byte	.LVL10
 654 01e2 CC000000 		.4byte	0xcc
 655 01e6 0D       		.uleb128 0xd
 656 01e7 4C010000 		.4byte	.LVL15
 657 01eb A8020000 		.4byte	0x2a8
 658 01ef 0D       		.uleb128 0xd
 659 01f0 94010000 		.4byte	.LVL20
 660 01f4 E1000000 		.4byte	0xe1
 661 01f8 00       		.byte	0
 662 01f9 05       		.uleb128 0x5
 663 01fa 04       		.byte	0x4
 664 01fb 65000000 		.4byte	0x65
 665 01ff 0E       		.uleb128 0xe
 666 0200 98010000 		.4byte	.LASF18
 667 0204 01       		.byte	0x1
 668 0205 7D       		.byte	0x7d
 669 0206 65000000 		.4byte	0x65
 670 020a 01       		.byte	0x1
 671 020b 01       		.byte	0x1
 672 020c 0E       		.uleb128 0xe
 673 020d 45020000 		.4byte	.LASF19
 674 0211 01       		.byte	0x1
 675 0212 85       		.byte	0x85
ARM GAS  /tmp/ccDSe7T4.s 			page 13


 676 0213 65000000 		.4byte	0x65
 677 0217 01       		.byte	0x1
 678 0218 01       		.byte	0x1
 679 0219 0E       		.uleb128 0xe
 680 021a 23000000 		.4byte	.LASF20
 681 021e 01       		.byte	0x1
 682 021f 8C       		.byte	0x8c
 683 0220 65000000 		.4byte	0x65
 684 0224 01       		.byte	0x1
 685 0225 01       		.byte	0x1
 686 0226 0E       		.uleb128 0xe
 687 0227 1C020000 		.4byte	.LASF21
 688 022b 01       		.byte	0x1
 689 022c 93       		.byte	0x93
 690 022d 65000000 		.4byte	0x65
 691 0231 01       		.byte	0x1
 692 0232 01       		.byte	0x1
 693 0233 0E       		.uleb128 0xe
 694 0234 5D010000 		.4byte	.LASF22
 695 0238 01       		.byte	0x1
 696 0239 99       		.byte	0x99
 697 023a 65000000 		.4byte	0x65
 698 023e 01       		.byte	0x1
 699 023f 01       		.byte	0x1
 700 0240 0E       		.uleb128 0xe
 701 0241 0A020000 		.4byte	.LASF23
 702 0245 01       		.byte	0x1
 703 0246 9F       		.byte	0x9f
 704 0247 65000000 		.4byte	0x65
 705 024b 01       		.byte	0x1
 706 024c 01       		.byte	0x1
 707 024d 0E       		.uleb128 0xe
 708 024e 0B000000 		.4byte	.LASF24
 709 0252 01       		.byte	0x1
 710 0253 A5       		.byte	0xa5
 711 0254 65000000 		.4byte	0x65
 712 0258 01       		.byte	0x1
 713 0259 01       		.byte	0x1
 714 025a 0E       		.uleb128 0xe
 715 025b 00000000 		.4byte	.LASF25
 716 025f 01       		.byte	0x1
 717 0260 AB       		.byte	0xab
 718 0261 65000000 		.4byte	0x65
 719 0265 01       		.byte	0x1
 720 0266 01       		.byte	0x1
 721 0267 0E       		.uleb128 0xe
 722 0268 54010000 		.4byte	.LASF26
 723 026c 01       		.byte	0x1
 724 026d B1       		.byte	0xb1
 725 026e 65000000 		.4byte	0x65
 726 0272 01       		.byte	0x1
 727 0273 01       		.byte	0x1
 728 0274 0E       		.uleb128 0xe
 729 0275 32020000 		.4byte	.LASF27
 730 0279 01       		.byte	0x1
 731 027a B7       		.byte	0xb7
 732 027b 93000000 		.4byte	0x93
ARM GAS  /tmp/ccDSe7T4.s 			page 14


 733 027f 01       		.byte	0x1
 734 0280 01       		.byte	0x1
 735 0281 0E       		.uleb128 0xe
 736 0282 BF000000 		.4byte	.LASF28
 737 0286 01       		.byte	0x1
 738 0287 BD       		.byte	0xbd
 739 0288 93000000 		.4byte	0x93
 740 028c 01       		.byte	0x1
 741 028d 01       		.byte	0x1
 742 028e 0E       		.uleb128 0xe
 743 028f AC000000 		.4byte	.LASF29
 744 0293 01       		.byte	0x1
 745 0294 C3       		.byte	0xc3
 746 0295 93000000 		.4byte	0x93
 747 0299 01       		.byte	0x1
 748 029a 01       		.byte	0x1
 749 029b 0E       		.uleb128 0xe
 750 029c 12000000 		.4byte	.LASF30
 751 02a0 01       		.byte	0x1
 752 02a1 C9       		.byte	0xc9
 753 02a2 93000000 		.4byte	0x93
 754 02a6 01       		.byte	0x1
 755 02a7 01       		.byte	0x1
 756 02a8 0F       		.uleb128 0xf
 757 02a9 01       		.byte	0x1
 758 02aa E2000000 		.4byte	.LASF35
 759 02ae 01       		.byte	0x1
 760 02af D0       		.byte	0xd0
 761 02b0 01       		.byte	0x1
 762 02b1 01       		.byte	0x1
 763 02b2 00       		.byte	0
 764              		.section	.debug_abbrev,"",%progbits
 765              	.Ldebug_abbrev0:
 766 0000 01       		.uleb128 0x1
 767 0001 11       		.uleb128 0x11
 768 0002 01       		.byte	0x1
 769 0003 25       		.uleb128 0x25
 770 0004 0E       		.uleb128 0xe
 771 0005 13       		.uleb128 0x13
 772 0006 0B       		.uleb128 0xb
 773 0007 03       		.uleb128 0x3
 774 0008 0E       		.uleb128 0xe
 775 0009 1B       		.uleb128 0x1b
 776 000a 0E       		.uleb128 0xe
 777 000b 55       		.uleb128 0x55
 778 000c 06       		.uleb128 0x6
 779 000d 11       		.uleb128 0x11
 780 000e 01       		.uleb128 0x1
 781 000f 52       		.uleb128 0x52
 782 0010 01       		.uleb128 0x1
 783 0011 10       		.uleb128 0x10
 784 0012 06       		.uleb128 0x6
 785 0013 00       		.byte	0
 786 0014 00       		.byte	0
 787 0015 02       		.uleb128 0x2
 788 0016 24       		.uleb128 0x24
 789 0017 00       		.byte	0
ARM GAS  /tmp/ccDSe7T4.s 			page 15


 790 0018 0B       		.uleb128 0xb
 791 0019 0B       		.uleb128 0xb
 792 001a 3E       		.uleb128 0x3e
 793 001b 0B       		.uleb128 0xb
 794 001c 03       		.uleb128 0x3
 795 001d 08       		.uleb128 0x8
 796 001e 00       		.byte	0
 797 001f 00       		.byte	0
 798 0020 03       		.uleb128 0x3
 799 0021 24       		.uleb128 0x24
 800 0022 00       		.byte	0
 801 0023 0B       		.uleb128 0xb
 802 0024 0B       		.uleb128 0xb
 803 0025 3E       		.uleb128 0x3e
 804 0026 0B       		.uleb128 0xb
 805 0027 03       		.uleb128 0x3
 806 0028 0E       		.uleb128 0xe
 807 0029 00       		.byte	0
 808 002a 00       		.byte	0
 809 002b 04       		.uleb128 0x4
 810 002c 16       		.uleb128 0x16
 811 002d 00       		.byte	0
 812 002e 03       		.uleb128 0x3
 813 002f 0E       		.uleb128 0xe
 814 0030 3A       		.uleb128 0x3a
 815 0031 0B       		.uleb128 0xb
 816 0032 3B       		.uleb128 0x3b
 817 0033 0B       		.uleb128 0xb
 818 0034 49       		.uleb128 0x49
 819 0035 13       		.uleb128 0x13
 820 0036 00       		.byte	0
 821 0037 00       		.byte	0
 822 0038 05       		.uleb128 0x5
 823 0039 0F       		.uleb128 0xf
 824 003a 00       		.byte	0
 825 003b 0B       		.uleb128 0xb
 826 003c 0B       		.uleb128 0xb
 827 003d 49       		.uleb128 0x49
 828 003e 13       		.uleb128 0x13
 829 003f 00       		.byte	0
 830 0040 00       		.byte	0
 831 0041 06       		.uleb128 0x6
 832 0042 15       		.uleb128 0x15
 833 0043 00       		.byte	0
 834 0044 27       		.uleb128 0x27
 835 0045 0C       		.uleb128 0xc
 836 0046 00       		.byte	0
 837 0047 00       		.byte	0
 838 0048 07       		.uleb128 0x7
 839 0049 2E       		.uleb128 0x2e
 840 004a 00       		.byte	0
 841 004b 3F       		.uleb128 0x3f
 842 004c 0C       		.uleb128 0xc
 843 004d 03       		.uleb128 0x3
 844 004e 0E       		.uleb128 0xe
 845 004f 3A       		.uleb128 0x3a
 846 0050 0B       		.uleb128 0xb
ARM GAS  /tmp/ccDSe7T4.s 			page 16


 847 0051 3B       		.uleb128 0x3b
 848 0052 0B       		.uleb128 0xb
 849 0053 27       		.uleb128 0x27
 850 0054 0C       		.uleb128 0xc
 851 0055 11       		.uleb128 0x11
 852 0056 01       		.uleb128 0x1
 853 0057 12       		.uleb128 0x12
 854 0058 01       		.uleb128 0x1
 855 0059 40       		.uleb128 0x40
 856 005a 0A       		.uleb128 0xa
 857 005b 9742     		.uleb128 0x2117
 858 005d 0C       		.uleb128 0xc
 859 005e 00       		.byte	0
 860 005f 00       		.byte	0
 861 0060 08       		.uleb128 0x8
 862 0061 2E       		.uleb128 0x2e
 863 0062 01       		.byte	0x1
 864 0063 3F       		.uleb128 0x3f
 865 0064 0C       		.uleb128 0xc
 866 0065 03       		.uleb128 0x3
 867 0066 0E       		.uleb128 0xe
 868 0067 3A       		.uleb128 0x3a
 869 0068 0B       		.uleb128 0xb
 870 0069 3B       		.uleb128 0x3b
 871 006a 0B       		.uleb128 0xb
 872 006b 27       		.uleb128 0x27
 873 006c 0C       		.uleb128 0xc
 874 006d 11       		.uleb128 0x11
 875 006e 01       		.uleb128 0x1
 876 006f 12       		.uleb128 0x12
 877 0070 01       		.uleb128 0x1
 878 0071 40       		.uleb128 0x40
 879 0072 0A       		.uleb128 0xa
 880 0073 9642     		.uleb128 0x2116
 881 0075 0C       		.uleb128 0xc
 882 0076 01       		.uleb128 0x1
 883 0077 13       		.uleb128 0x13
 884 0078 00       		.byte	0
 885 0079 00       		.byte	0
 886 007a 09       		.uleb128 0x9
 887 007b 34       		.uleb128 0x34
 888 007c 00       		.byte	0
 889 007d 03       		.uleb128 0x3
 890 007e 08       		.uleb128 0x8
 891 007f 3A       		.uleb128 0x3a
 892 0080 0B       		.uleb128 0xb
 893 0081 3B       		.uleb128 0x3b
 894 0082 0B       		.uleb128 0xb
 895 0083 49       		.uleb128 0x49
 896 0084 13       		.uleb128 0x13
 897 0085 02       		.uleb128 0x2
 898 0086 0A       		.uleb128 0xa
 899 0087 00       		.byte	0
 900 0088 00       		.byte	0
 901 0089 0A       		.uleb128 0xa
 902 008a 34       		.uleb128 0x34
 903 008b 00       		.byte	0
ARM GAS  /tmp/ccDSe7T4.s 			page 17


 904 008c 03       		.uleb128 0x3
 905 008d 08       		.uleb128 0x8
 906 008e 3A       		.uleb128 0x3a
 907 008f 0B       		.uleb128 0xb
 908 0090 3B       		.uleb128 0x3b
 909 0091 0B       		.uleb128 0xb
 910 0092 49       		.uleb128 0x49
 911 0093 13       		.uleb128 0x13
 912 0094 1C       		.uleb128 0x1c
 913 0095 0B       		.uleb128 0xb
 914 0096 00       		.byte	0
 915 0097 00       		.byte	0
 916 0098 0B       		.uleb128 0xb
 917 0099 0B       		.uleb128 0xb
 918 009a 01       		.byte	0x1
 919 009b 55       		.uleb128 0x55
 920 009c 06       		.uleb128 0x6
 921 009d 01       		.uleb128 0x1
 922 009e 13       		.uleb128 0x13
 923 009f 00       		.byte	0
 924 00a0 00       		.byte	0
 925 00a1 0C       		.uleb128 0xc
 926 00a2 34       		.uleb128 0x34
 927 00a3 00       		.byte	0
 928 00a4 03       		.uleb128 0x3
 929 00a5 08       		.uleb128 0x8
 930 00a6 3A       		.uleb128 0x3a
 931 00a7 0B       		.uleb128 0xb
 932 00a8 3B       		.uleb128 0x3b
 933 00a9 05       		.uleb128 0x5
 934 00aa 49       		.uleb128 0x49
 935 00ab 13       		.uleb128 0x13
 936 00ac 00       		.byte	0
 937 00ad 00       		.byte	0
 938 00ae 0D       		.uleb128 0xd
 939 00af 898201   		.uleb128 0x4109
 940 00b2 00       		.byte	0
 941 00b3 11       		.uleb128 0x11
 942 00b4 01       		.uleb128 0x1
 943 00b5 31       		.uleb128 0x31
 944 00b6 13       		.uleb128 0x13
 945 00b7 00       		.byte	0
 946 00b8 00       		.byte	0
 947 00b9 0E       		.uleb128 0xe
 948 00ba 34       		.uleb128 0x34
 949 00bb 00       		.byte	0
 950 00bc 03       		.uleb128 0x3
 951 00bd 0E       		.uleb128 0xe
 952 00be 3A       		.uleb128 0x3a
 953 00bf 0B       		.uleb128 0xb
 954 00c0 3B       		.uleb128 0x3b
 955 00c1 0B       		.uleb128 0xb
 956 00c2 49       		.uleb128 0x49
 957 00c3 13       		.uleb128 0x13
 958 00c4 3F       		.uleb128 0x3f
 959 00c5 0C       		.uleb128 0xc
 960 00c6 3C       		.uleb128 0x3c
ARM GAS  /tmp/ccDSe7T4.s 			page 18


 961 00c7 0C       		.uleb128 0xc
 962 00c8 00       		.byte	0
 963 00c9 00       		.byte	0
 964 00ca 0F       		.uleb128 0xf
 965 00cb 2E       		.uleb128 0x2e
 966 00cc 00       		.byte	0
 967 00cd 3F       		.uleb128 0x3f
 968 00ce 0C       		.uleb128 0xc
 969 00cf 03       		.uleb128 0x3
 970 00d0 0E       		.uleb128 0xe
 971 00d1 3A       		.uleb128 0x3a
 972 00d2 0B       		.uleb128 0xb
 973 00d3 3B       		.uleb128 0x3b
 974 00d4 0B       		.uleb128 0xb
 975 00d5 27       		.uleb128 0x27
 976 00d6 0C       		.uleb128 0xc
 977 00d7 3C       		.uleb128 0x3c
 978 00d8 0C       		.uleb128 0xc
 979 00d9 00       		.byte	0
 980 00da 00       		.byte	0
 981 00db 00       		.byte	0
 982              		.section	.debug_aranges,"",%progbits
 983 0000 34000000 		.4byte	0x34
 984 0004 0200     		.2byte	0x2
 985 0006 00000000 		.4byte	.Ldebug_info0
 986 000a 04       		.byte	0x4
 987 000b 00       		.byte	0
 988 000c 0000     		.2byte	0
 989 000e 0000     		.2byte	0
 990 0010 00000000 		.4byte	.LFB7
 991 0014 02000000 		.4byte	.LFE7-.LFB7
 992 0018 00000000 		.4byte	.LFB8
 993 001c 02000000 		.4byte	.LFE8-.LFB8
 994 0020 00000000 		.4byte	.LFB9
 995 0024 02000000 		.4byte	.LFE9-.LFB9
 996 0028 00000000 		.4byte	.LFB10
 997 002c CC010000 		.4byte	.LFE10-.LFB10
 998 0030 00000000 		.4byte	0
 999 0034 00000000 		.4byte	0
 1000              		.section	.debug_ranges,"",%progbits
 1001              	.Ldebug_ranges0:
 1002 0000 12000000 		.4byte	.LBB2
 1003 0004 1A000000 		.4byte	.LBE2
 1004 0008 28000000 		.4byte	.LBB4
 1005 000c 4C000000 		.4byte	.LBE4
 1006 0010 00000000 		.4byte	0
 1007 0014 00000000 		.4byte	0
 1008 0018 1A000000 		.4byte	.LBB3
 1009 001c 28000000 		.4byte	.LBE3
 1010 0020 4C000000 		.4byte	.LBB5
 1011 0024 52000000 		.4byte	.LBE5
 1012 0028 60000000 		.4byte	.LBB7
 1013 002c 84000000 		.4byte	.LBE7
 1014 0030 00000000 		.4byte	0
 1015 0034 00000000 		.4byte	0
 1016 0038 52000000 		.4byte	.LBB6
 1017 003c 60000000 		.4byte	.LBE6
ARM GAS  /tmp/ccDSe7T4.s 			page 19


 1018 0040 88000000 		.4byte	.LBB8
 1019 0044 90000000 		.4byte	.LBE8
 1020 0048 9E000000 		.4byte	.LBB10
 1021 004c C8000000 		.4byte	.LBE10
 1022 0050 00000000 		.4byte	0
 1023 0054 00000000 		.4byte	0
 1024 0058 90000000 		.4byte	.LBB9
 1025 005c 9E000000 		.4byte	.LBE9
 1026 0060 C8000000 		.4byte	.LBB11
 1027 0064 D0000000 		.4byte	.LBE11
 1028 0068 DE000000 		.4byte	.LBB13
 1029 006c 00010000 		.4byte	.LBE13
 1030 0070 00000000 		.4byte	0
 1031 0074 00000000 		.4byte	0
 1032 0078 D0000000 		.4byte	.LBB12
 1033 007c DE000000 		.4byte	.LBE12
 1034 0080 04010000 		.4byte	.LBB14
 1035 0084 0C010000 		.4byte	.LBE14
 1036 0088 18010000 		.4byte	.LBB16
 1037 008c 48010000 		.4byte	.LBE16
 1038 0090 00000000 		.4byte	0
 1039 0094 00000000 		.4byte	0
 1040 0098 0C010000 		.4byte	.LBB15
 1041 009c 18010000 		.4byte	.LBE15
 1042 00a0 4C010000 		.4byte	.LBB17
 1043 00a4 54010000 		.4byte	.LBE17
 1044 00a8 60010000 		.4byte	.LBB18
 1045 00ac 90010000 		.4byte	.LBE18
 1046 00b0 00000000 		.4byte	0
 1047 00b4 00000000 		.4byte	0
 1048 00b8 00000000 		.4byte	.LFB7
 1049 00bc 02000000 		.4byte	.LFE7
 1050 00c0 00000000 		.4byte	.LFB8
 1051 00c4 02000000 		.4byte	.LFE8
 1052 00c8 00000000 		.4byte	.LFB9
 1053 00cc 02000000 		.4byte	.LFE9
 1054 00d0 00000000 		.4byte	.LFB10
 1055 00d4 CC010000 		.4byte	.LFE10
 1056 00d8 00000000 		.4byte	0
 1057 00dc 00000000 		.4byte	0
 1058              		.section	.debug_line,"",%progbits
 1059              	.Ldebug_line0:
 1060 0000 38010000 		.section	.debug_str,"MS",%progbits,1
 1060      02008D00 
 1060      00000201 
 1060      FB0E0D00 
 1060      01010101 
 1061              	.LASF25:
 1062 0000 5F627373 		.ascii	"_bss_start\000"
 1062      5F737461 
 1062      727400
 1063              	.LASF24:
 1064 000b 5F656461 		.ascii	"_edata\000"
 1064      746100
 1065              	.LASF30:
 1066 0012 5F5F6669 		.ascii	"__fini_array_end\000"
 1066      6E695F61 
ARM GAS  /tmp/ccDSe7T4.s 			page 20


 1066      72726179 
 1066      5F656E64 
 1066      00
 1067              	.LASF20:
 1068 0023 5F5F7072 		.ascii	"__process_stack_base__\000"
 1068      6F636573 
 1068      735F7374 
 1068      61636B5F 
 1068      62617365 
 1069              	.LASF14:
 1070 003a 66756E63 		.ascii	"funcpp_t\000"
 1070      70705F74 
 1070      00
 1071              	.LASF17:
 1072 0043 5F646566 		.ascii	"_default_exit\000"
 1072      61756C74 
 1072      5F657869 
 1072      7400
 1073              	.LASF2:
 1074 0051 756E7369 		.ascii	"unsigned char\000"
 1074      676E6564 
 1074      20636861 
 1074      7200
 1075              	.LASF16:
 1076 005f 5F5F6C61 		.ascii	"__late_init\000"
 1076      74655F69 
 1076      6E697400 
 1077              	.LASF32:
 1078 006b 2E2E2F2E 		.ascii	"../../os/ports/GCC/ARMCMx/crt0.c\000"
 1078      2E2F6F73 
 1078      2F706F72 
 1078      74732F47 
 1078      43432F41 
 1079              	.LASF34:
 1080 008c 52657365 		.ascii	"ResetHandler\000"
 1080      7448616E 
 1080      646C6572 
 1080      00
 1081              	.LASF4:
 1082 0099 73686F72 		.ascii	"short unsigned int\000"
 1082      7420756E 
 1082      7369676E 
 1082      65642069 
 1082      6E7400
 1083              	.LASF29:
 1084 00ac 5F5F6669 		.ascii	"__fini_array_start\000"
 1084      6E695F61 
 1084      72726179 
 1084      5F737461 
 1084      727400
 1085              	.LASF28:
 1086 00bf 5F5F696E 		.ascii	"__init_array_end\000"
 1086      69745F61 
 1086      72726179 
 1086      5F656E64 
 1086      00
 1087              	.LASF8:
ARM GAS  /tmp/ccDSe7T4.s 			page 21


 1088 00d0 6C6F6E67 		.ascii	"long unsigned int\000"
 1088      20756E73 
 1088      69676E65 
 1088      6420696E 
 1088      7400
 1089              	.LASF35:
 1090 00e2 6D61696E 		.ascii	"main\000"
 1090      00
 1091              	.LASF0:
 1092 00e7 756E7369 		.ascii	"unsigned int\000"
 1092      676E6564 
 1092      20696E74 
 1092      00
 1093              	.LASF31:
 1094 00f4 474E5520 		.ascii	"GNU C 4.7.4 20130613 (release) [ARM/embedded-4_7-br"
 1094      4320342E 
 1094      372E3420 
 1094      32303133 
 1094      30363133 
 1095 0127 616E6368 		.ascii	"anch revision 200083]\000"
 1095      20726576 
 1095      6973696F 
 1095      6E203230 
 1095      30303833 
 1096              	.LASF10:
 1097 013d 6C6F6E67 		.ascii	"long long unsigned int\000"
 1097      206C6F6E 
 1097      6720756E 
 1097      7369676E 
 1097      65642069 
 1098              	.LASF26:
 1099 0154 5F627373 		.ascii	"_bss_end\000"
 1099      5F656E64 
 1099      00
 1100              	.LASF22:
 1101 015d 5F746578 		.ascii	"_textdata\000"
 1101      74646174 
 1101      6100
 1102              	.LASF15:
 1103 0167 5F5F6561 		.ascii	"__early_init\000"
 1103      726C795F 
 1103      696E6974 
 1103      00
 1104              	.LASF11:
 1105 0174 73697A65 		.ascii	"sizetype\000"
 1105      74797065 
 1105      00
 1106              	.LASF6:
 1107 017d 75696E74 		.ascii	"uint8_t\000"
 1107      385F7400 
 1108              	.LASF9:
 1109 0185 6C6F6E67 		.ascii	"long long int\000"
 1109      206C6F6E 
 1109      6720696E 
 1109      7400
 1110              	.LASF12:
 1111 0193 63686172 		.ascii	"char\000"
ARM GAS  /tmp/ccDSe7T4.s 			page 22


 1111      00
 1112              	.LASF18:
 1113 0198 5F5F6D61 		.ascii	"__main_stack_base__\000"
 1113      696E5F73 
 1113      7461636B 
 1113      5F626173 
 1113      655F5F00 
 1114              	.LASF3:
 1115 01ac 73686F72 		.ascii	"short int\000"
 1115      7420696E 
 1115      7400
 1116              	.LASF33:
 1117 01b6 2F686F6D 		.ascii	"/home/kaklik/git/mlab-chibios/demos/STM32F107-seria"
 1117      652F6B61 
 1117      6B6C696B 
 1117      2F676974 
 1117      2F6D6C61 
 1118 01e9 6C736865 		.ascii	"lshell\000"
 1118      6C6C00
 1119              	.LASF13:
 1120 01f0 66756E63 		.ascii	"funcp_t\000"
 1120      705F7400 
 1121              	.LASF7:
 1122 01f8 75696E74 		.ascii	"uint32_t\000"
 1122      33325F74 
 1122      00
 1123              	.LASF5:
 1124 0201 6C6F6E67 		.ascii	"long int\000"
 1124      20696E74 
 1124      00
 1125              	.LASF23:
 1126 020a 5F646174 		.ascii	"_data\000"
 1126      6100
 1127              	.LASF1:
 1128 0210 7369676E 		.ascii	"signed char\000"
 1128      65642063 
 1128      68617200 
 1129              	.LASF21:
 1130 021c 5F5F7072 		.ascii	"__process_stack_end__\000"
 1130      6F636573 
 1130      735F7374 
 1130      61636B5F 
 1130      656E645F 
 1131              	.LASF27:
 1132 0232 5F5F696E 		.ascii	"__init_array_start\000"
 1132      69745F61 
 1132      72726179 
 1132      5F737461 
 1132      727400
 1133              	.LASF19:
 1134 0245 5F5F6D61 		.ascii	"__main_stack_end__\000"
 1134      696E5F73 
 1134      7461636B 
 1134      5F656E64 
 1134      5F5F00
 1135              		.ident	"GCC: (GNU Tools for ARM Embedded Processors) 4.7.4 20130613 (release) [ARM/embedded-4_7-br
ARM GAS  /tmp/ccDSe7T4.s 			page 23


DEFINED SYMBOLS
                            *ABS*:00000000 crt0.c
     /tmp/ccDSe7T4.s:19     .text.__early_init:00000000 $t
     /tmp/ccDSe7T4.s:25     .text.__early_init:00000000 __early_init
     /tmp/ccDSe7T4.s:38     .text.__late_init:00000000 $t
     /tmp/ccDSe7T4.s:44     .text.__late_init:00000000 __late_init
     /tmp/ccDSe7T4.s:56     .text._default_exit:00000000 $t
     /tmp/ccDSe7T4.s:62     .text._default_exit:00000000 _default_exit
     /tmp/ccDSe7T4.s:75     .text.ResetHandler:00000000 $t
     /tmp/ccDSe7T4.s:81     .text.ResetHandler:00000000 ResetHandler
     /tmp/ccDSe7T4.s:402    .text.ResetHandler:00000194 $d
                     .debug_frame:00000010 $d
     /tmp/ccDSe7T4.s:419    .text.ResetHandler:000001cc $t

UNDEFINED SYMBOLS
main
__process_stack_end__
__main_stack_base__
__main_stack_end__
__process_stack_base__
_data
_edata
_textdata
_bss_start
_bss_end
__init_array_start
__init_array_end
__fini_array_start
__fini_array_end
