ARM GAS  /var/folders/dt/0wfd0knj7gs46m8vwfzktm600000gn/T//ccfGeiFg.s 			page 1


   1              		.syntax unified
   2              		.cpu cortex-m3
   3              		.fpu softvfp
   4              		.eabi_attribute 20, 1
   5              		.eabi_attribute 21, 1
   6              		.eabi_attribute 23, 3
   7              		.eabi_attribute 24, 1
   8              		.eabi_attribute 25, 1
   9              		.eabi_attribute 26, 1
  10              		.eabi_attribute 30, 2
  11              		.eabi_attribute 34, 1
  12              		.eabi_attribute 18, 4
  13              		.thumb
  14              		.file	"hal.c"
  15              		.text
  16              	.Ltext0:
  17              		.cfi_sections	.debug_frame
  18              		.section	.text.halInit,"ax",%progbits
  19              		.align	2
  20              		.p2align 4,,15
  21              		.global	halInit
  22              		.thumb
  23              		.thumb_func
  24              		.type	halInit, %function
  25              	halInit:
  26              	.LFB62:
  27              		.file 1 "../../os/hal/src/hal.c"
  28              		.loc 1 68 0
  29              		.cfi_startproc
  30              		@ args = 0, pretend = 0, frame = 0
  31              		@ frame_needed = 0, uses_anonymous_args = 0
  32 0000 08B5     		push	{r3, lr}
  33              	.LCFI0:
  34              		.cfi_def_cfa_offset 8
  35              		.cfi_offset 3, -8
  36              		.cfi_offset 14, -4
  37              		.loc 1 70 0
  38 0002 FFF7FEFF 		bl	hal_lld_init
  39              	.LVL0:
  40              		.loc 1 73 0
  41 0006 FFF7FEFF 		bl	tmInit
  42              	.LVL1:
  43              		.loc 1 76 0
  44 000a 40F20000 		movw	r0, #:lower16:pal_default_config
  45 000e C0F20000 		movt	r0, #:upper16:pal_default_config
  46 0012 FFF7FEFF 		bl	_pal_lld_init
  47              	.LVL2:
  48              		.loc 1 103 0
  49 0016 FFF7FEFF 		bl	sdInit
  50              	.LVL3:
  51              		.loc 1 128 0
  52 001a BDE80840 		pop	{r3, lr}
  53              		.loc 1 127 0
  54 001e FFF7FEBF 		b	boardInit
  55              	.LVL4:
  56              		.cfi_endproc
  57              	.LFE62:
ARM GAS  /var/folders/dt/0wfd0knj7gs46m8vwfzktm600000gn/T//ccfGeiFg.s 			page 2


  58              		.size	halInit, .-halInit
  59 0022 00BFAFF3 		.section	.text.halIsCounterWithin,"ax",%progbits
  59      0080AFF3 
  59      0080AFF3 
  59      0080
  60              		.align	2
  61              		.p2align 4,,15
  62              		.global	halIsCounterWithin
  63              		.thumb
  64              		.thumb_func
  65              		.type	halIsCounterWithin, %function
  66              	halIsCounterWithin:
  67              	.LFB63:
  68              		.loc 1 174 0
  69              		.cfi_startproc
  70              		@ args = 0, pretend = 0, frame = 0
  71              		@ frame_needed = 0, uses_anonymous_args = 0
  72              		@ link register save eliminated.
  73              	.LVL5:
  74              		.loc 1 175 0
  75 0000 4FF48053 		mov	r3, #4096
  76 0004 CEF20003 		movt	r3, 57344
  77              		.loc 1 177 0
  78 0008 8142     		cmp	r1, r0
  79              		.loc 1 174 0
  80 000a 0246     		mov	r2, r0
  81              		.loc 1 175 0
  82 000c 5B68     		ldr	r3, [r3, #4]
  83              	.LVL6:
  84              		.loc 1 177 0
  85 000e 09D8     		bhi	.L6
  86              		.loc 1 178 0 discriminator 2
  87 0010 8342     		cmp	r3, r0
  88 0012 34BF     		ite	cc
  89 0014 0022     		movcc	r2, #0
  90 0016 0122     		movcs	r2, #1
  91              		.loc 1 177 0 discriminator 2
  92 0018 8B42     		cmp	r3, r1
  93 001a 2CBF     		ite	cs
  94 001c 1046     		movcs	r0, r2
  95 001e 42F00100 		orrcc	r0, r2, #1
  96              	.LVL7:
  97              		.loc 1 179 0 discriminator 2
  98 0022 7047     		bx	lr
  99              	.LVL8:
 100              	.L6:
 101              		.loc 1 177 0 discriminator 1
 102 0024 8B42     		cmp	r3, r1
 103 0026 2CBF     		ite	cs
 104 0028 0020     		movcs	r0, #0
 105              	.LVL9:
 106 002a 0120     		movcc	r0, #1
 107 002c 9342     		cmp	r3, r2
 108 002e 38BF     		it	cc
 109 0030 0020     		movcc	r0, #0
 110 0032 7047     		bx	lr
 111              		.cfi_endproc
ARM GAS  /var/folders/dt/0wfd0knj7gs46m8vwfzktm600000gn/T//ccfGeiFg.s 			page 3


 112              	.LFE63:
 113              		.size	halIsCounterWithin, .-halIsCounterWithin
 114 0034 AFF30080 		.section	.text.halPolledDelay,"ax",%progbits
 114      AFF30080 
 114      AFF30080 
 115              		.align	2
 116              		.p2align 4,,15
 117              		.global	halPolledDelay
 118              		.thumb
 119              		.thumb_func
 120              		.type	halPolledDelay, %function
 121              	halPolledDelay:
 122              	.LFB64:
 123              		.loc 1 193 0
 124              		.cfi_startproc
 125              		@ args = 0, pretend = 0, frame = 0
 126              		@ frame_needed = 0, uses_anonymous_args = 0
 127              		@ link register save eliminated.
 128              	.LVL10:
 129 0000 10B4     		push	{r4}
 130              	.LCFI1:
 131              		.cfi_def_cfa_offset 4
 132              		.cfi_offset 4, -4
 133              		.loc 1 194 0
 134 0002 4FF48054 		mov	r4, #4096
 135 0006 CEF20004 		movt	r4, 57344
 136 000a 6268     		ldr	r2, [r4, #4]
 137              	.LVL11:
 138              		.loc 1 195 0
 139 000c 8018     		adds	r0, r0, r2
 140              	.LVL12:
 141              	.L10:
 142              	.LBB4:
 143              	.LBB5:
 144              		.loc 1 177 0 discriminator 1
 145 000e 8242     		cmp	r2, r0
 146              		.loc 1 175 0 discriminator 1
 147 0010 6368     		ldr	r3, [r4, #4]
 148              	.LVL13:
 149              		.loc 1 177 0 discriminator 1
 150 0012 0AD2     		bcs	.L8
 151              		.loc 1 177 0 is_stmt 0
 152 0014 9842     		cmp	r0, r3
 153 0016 94BF     		ite	ls
 154 0018 0021     		movls	r1, #0
 155 001a 0121     		movhi	r1, #1
 156 001c 9A42     		cmp	r2, r3
 157 001e 88BF     		it	hi
 158 0020 0021     		movhi	r1, #0
 159              	.LBE5:
 160              	.LBE4:
 161              		.loc 1 196 0 is_stmt 1
 162 0022 0029     		cmp	r1, #0
 163 0024 F3D1     		bne	.L10
 164              	.L12:
 165              		.loc 1 198 0
 166 0026 10BC     		pop	{r4}
ARM GAS  /var/folders/dt/0wfd0knj7gs46m8vwfzktm600000gn/T//ccfGeiFg.s 			page 4


 167 0028 7047     		bx	lr
 168              	.L8:
 169              	.LBB7:
 170              	.LBB6:
 171              		.loc 1 178 0
 172 002a 9A42     		cmp	r2, r3
 173 002c 8CBF     		ite	hi
 174 002e 0021     		movhi	r1, #0
 175 0030 0121     		movls	r1, #1
 176              		.loc 1 177 0
 177 0032 9842     		cmp	r0, r3
 178 0034 88BF     		it	hi
 179 0036 41F00101 		orrhi	r1, r1, #1
 180              	.LBE6:
 181              	.LBE7:
 182              		.loc 1 196 0
 183 003a 0029     		cmp	r1, #0
 184 003c E7D1     		bne	.L10
 185 003e F2E7     		b	.L12
 186              		.cfi_endproc
 187              	.LFE64:
 188              		.size	halPolledDelay, .-halPolledDelay
 189              		.text
 190              	.Letext0:
 191              		.file 2 "/Users/toxygen/Applications/yagarto-4.7.2/bin/../lib/gcc/arm-none-eabi/4.7.2/../../../../
 192              		.file 3 "../../os/ports/GCC/ARMCMx/chtypes.h"
 193              		.file 4 "../../os/ports/common/ARMCMx/nvic.h"
 194              		.file 5 "../../os/hal/platforms/STM32F1xx/hal_lld.h"
 195              		.file 6 "../../os/hal/platforms/STM32/GPIOv1/pal_lld.h"
 196              		.file 7 "../../os/ports/common/ARMCMx/CMSIS/include/core_cm3.h"
 197              		.file 8 "../../os/hal/include/tm.h"
 198              		.file 9 "../../os/hal/include/serial.h"
 199              		.file 10 "../../boards/MLAB_STM32F107RxT01A/board.h"
 200              		.section	.debug_info,"",%progbits
 201              	.Ldebug_info0:
 202 0000 60030000 		.4byte	0x360
 203 0004 0200     		.2byte	0x2
 204 0006 00000000 		.4byte	.Ldebug_abbrev0
 205 000a 04       		.byte	0x4
 206 000b 01       		.uleb128 0x1
 207 000c BC010000 		.4byte	.LASF42
 208 0010 01       		.byte	0x1
 209 0011 61010000 		.4byte	.LASF43
 210 0015 E9000000 		.4byte	.LASF44
 211 0019 30000000 		.4byte	.Ldebug_ranges0+0x30
 212 001d 00000000 		.4byte	0
 213 0021 00000000 		.4byte	0
 214 0025 00000000 		.4byte	.Ldebug_line0
 215 0029 02       		.uleb128 0x2
 216 002a 04       		.byte	0x4
 217 002b 05       		.byte	0x5
 218 002c 696E7400 		.ascii	"int\000"
 219 0030 03       		.uleb128 0x3
 220 0031 04       		.byte	0x4
 221 0032 07       		.byte	0x7
 222 0033 30000000 		.4byte	.LASF0
 223 0037 03       		.uleb128 0x3
ARM GAS  /var/folders/dt/0wfd0knj7gs46m8vwfzktm600000gn/T//ccfGeiFg.s 			page 5


 224 0038 01       		.byte	0x1
 225 0039 06       		.byte	0x6
 226 003a F1010000 		.4byte	.LASF1
 227 003e 03       		.uleb128 0x3
 228 003f 01       		.byte	0x1
 229 0040 08       		.byte	0x8
 230 0041 6B000000 		.4byte	.LASF2
 231 0045 03       		.uleb128 0x3
 232 0046 02       		.byte	0x2
 233 0047 05       		.byte	0x5
 234 0048 CF010000 		.4byte	.LASF3
 235 004c 03       		.uleb128 0x3
 236 004d 02       		.byte	0x2
 237 004e 07       		.byte	0x7
 238 004f B9000000 		.4byte	.LASF4
 239 0053 04       		.uleb128 0x4
 240 0054 90010000 		.4byte	.LASF6
 241 0058 02       		.byte	0x2
 242 0059 4F       		.byte	0x4f
 243 005a 5E000000 		.4byte	0x5e
 244 005e 03       		.uleb128 0x3
 245 005f 04       		.byte	0x4
 246 0060 05       		.byte	0x5
 247 0061 E8010000 		.4byte	.LASF5
 248 0065 04       		.uleb128 0x4
 249 0066 CC000000 		.4byte	.LASF7
 250 006a 02       		.byte	0x2
 251 006b 50       		.byte	0x50
 252 006c 70000000 		.4byte	0x70
 253 0070 03       		.uleb128 0x3
 254 0071 04       		.byte	0x4
 255 0072 07       		.byte	0x7
 256 0073 9A000000 		.4byte	.LASF8
 257 0077 03       		.uleb128 0x3
 258 0078 08       		.byte	0x8
 259 0079 05       		.byte	0x5
 260 007a A1010000 		.4byte	.LASF9
 261 007e 03       		.uleb128 0x3
 262 007f 08       		.byte	0x8
 263 0080 07       		.byte	0x7
 264 0081 07020000 		.4byte	.LASF10
 265 0085 04       		.uleb128 0x4
 266 0086 3D000000 		.4byte	.LASF11
 267 008a 03       		.byte	0x3
 268 008b 2E       		.byte	0x2e
 269 008c 53000000 		.4byte	0x53
 270 0090 04       		.uleb128 0x4
 271 0091 54000000 		.4byte	.LASF12
 272 0095 04       		.byte	0x4
 273 0096 3A       		.byte	0x3a
 274 0097 9B000000 		.4byte	0x9b
 275 009b 05       		.uleb128 0x5
 276 009c 65000000 		.4byte	0x65
 277 00a0 03       		.uleb128 0x3
 278 00a1 04       		.byte	0x4
 279 00a2 07       		.byte	0x7
 280 00a3 98010000 		.4byte	.LASF13
ARM GAS  /var/folders/dt/0wfd0knj7gs46m8vwfzktm600000gn/T//ccfGeiFg.s 			page 6


 281 00a7 06       		.uleb128 0x6
 282 00a8 20       		.byte	0x20
 283 00a9 04       		.byte	0x4
 284 00aa 0601     		.2byte	0x106
 285 00ac 29010000 		.4byte	0x129
 286 00b0 07       		.uleb128 0x7
 287 00b1 78010000 		.4byte	.LASF14
 288 00b5 04       		.byte	0x4
 289 00b6 0701     		.2byte	0x107
 290 00b8 90000000 		.4byte	0x90
 291 00bc 02       		.byte	0x2
 292 00bd 23       		.byte	0x23
 293 00be 00       		.uleb128 0
 294 00bf 07       		.uleb128 0x7
 295 00c0 43010000 		.4byte	.LASF15
 296 00c4 04       		.byte	0x4
 297 00c5 0801     		.2byte	0x108
 298 00c7 90000000 		.4byte	0x90
 299 00cb 02       		.byte	0x2
 300 00cc 23       		.byte	0x23
 301 00cd 04       		.uleb128 0x4
 302 00ce 07       		.uleb128 0x7
 303 00cf D5000000 		.4byte	.LASF16
 304 00d3 04       		.byte	0x4
 305 00d4 0901     		.2byte	0x109
 306 00d6 90000000 		.4byte	0x90
 307 00da 02       		.byte	0x2
 308 00db 23       		.byte	0x23
 309 00dc 08       		.uleb128 0x8
 310 00dd 07       		.uleb128 0x7
 311 00de 44000000 		.4byte	.LASF17
 312 00e2 04       		.byte	0x4
 313 00e3 0A01     		.2byte	0x10a
 314 00e5 90000000 		.4byte	0x90
 315 00e9 02       		.byte	0x2
 316 00ea 23       		.byte	0x23
 317 00eb 0C       		.uleb128 0xc
 318 00ec 07       		.uleb128 0x7
 319 00ed 4B000000 		.4byte	.LASF18
 320 00f1 04       		.byte	0x4
 321 00f2 0B01     		.2byte	0x10b
 322 00f4 90000000 		.4byte	0x90
 323 00f8 02       		.byte	0x2
 324 00f9 23       		.byte	0x23
 325 00fa 10       		.uleb128 0x10
 326 00fb 07       		.uleb128 0x7
 327 00fc 3C010000 		.4byte	.LASF19
 328 0100 04       		.byte	0x4
 329 0101 0C01     		.2byte	0x10c
 330 0103 90000000 		.4byte	0x90
 331 0107 02       		.byte	0x2
 332 0108 23       		.byte	0x23
 333 0109 14       		.uleb128 0x14
 334 010a 07       		.uleb128 0x7
 335 010b 17010000 		.4byte	.LASF20
 336 010f 04       		.byte	0x4
 337 0110 0D01     		.2byte	0x10d
ARM GAS  /var/folders/dt/0wfd0knj7gs46m8vwfzktm600000gn/T//ccfGeiFg.s 			page 7


 338 0112 90000000 		.4byte	0x90
 339 0116 02       		.byte	0x2
 340 0117 23       		.byte	0x23
 341 0118 18       		.uleb128 0x18
 342 0119 07       		.uleb128 0x7
 343 011a B7010000 		.4byte	.LASF21
 344 011e 04       		.byte	0x4
 345 011f 0E01     		.2byte	0x10e
 346 0121 90000000 		.4byte	0x90
 347 0125 02       		.byte	0x2
 348 0126 23       		.byte	0x23
 349 0127 1C       		.uleb128 0x1c
 350 0128 00       		.byte	0
 351 0129 08       		.uleb128 0x8
 352 012a E0010000 		.4byte	.LASF22
 353 012e 04       		.byte	0x4
 354 012f 0F01     		.2byte	0x10f
 355 0131 A7000000 		.4byte	0xa7
 356 0135 03       		.uleb128 0x3
 357 0136 01       		.byte	0x1
 358 0137 08       		.byte	0x8
 359 0138 5C010000 		.4byte	.LASF23
 360 013c 05       		.uleb128 0x5
 361 013d 53000000 		.4byte	0x53
 362 0141 04       		.uleb128 0x4
 363 0142 51010000 		.4byte	.LASF24
 364 0146 05       		.byte	0x5
 365 0147 D8       		.byte	0xd8
 366 0148 65000000 		.4byte	0x65
 367 014c 09       		.uleb128 0x9
 368 014d 0C       		.byte	0xc
 369 014e 06       		.byte	0x6
 370 014f 43       		.byte	0x43
 371 0150 7F010000 		.4byte	0x17f
 372 0154 0A       		.uleb128 0xa
 373 0155 6F647200 		.ascii	"odr\000"
 374 0159 06       		.byte	0x6
 375 015a 45       		.byte	0x45
 376 015b 65000000 		.4byte	0x65
 377 015f 02       		.byte	0x2
 378 0160 23       		.byte	0x23
 379 0161 00       		.uleb128 0
 380 0162 0A       		.uleb128 0xa
 381 0163 63726C00 		.ascii	"crl\000"
 382 0167 06       		.byte	0x6
 383 0168 47       		.byte	0x47
 384 0169 65000000 		.4byte	0x65
 385 016d 02       		.byte	0x2
 386 016e 23       		.byte	0x23
 387 016f 04       		.uleb128 0x4
 388 0170 0A       		.uleb128 0xa
 389 0171 63726800 		.ascii	"crh\000"
 390 0175 06       		.byte	0x6
 391 0176 49       		.byte	0x49
 392 0177 65000000 		.4byte	0x65
 393 017b 02       		.byte	0x2
 394 017c 23       		.byte	0x23
ARM GAS  /var/folders/dt/0wfd0knj7gs46m8vwfzktm600000gn/T//ccfGeiFg.s 			page 8


 395 017d 08       		.uleb128 0x8
 396 017e 00       		.byte	0
 397 017f 04       		.uleb128 0x4
 398 0180 79000000 		.4byte	.LASF25
 399 0184 06       		.byte	0x6
 400 0185 4A       		.byte	0x4a
 401 0186 4C010000 		.4byte	0x14c
 402 018a 09       		.uleb128 0x9
 403 018b 3C       		.byte	0x3c
 404 018c 06       		.byte	0x6
 405 018d 53       		.byte	0x53
 406 018e D9010000 		.4byte	0x1d9
 407 0192 0B       		.uleb128 0xb
 408 0193 8C000000 		.4byte	.LASF26
 409 0197 06       		.byte	0x6
 410 0198 55       		.byte	0x55
 411 0199 7F010000 		.4byte	0x17f
 412 019d 02       		.byte	0x2
 413 019e 23       		.byte	0x23
 414 019f 00       		.uleb128 0
 415 01a0 0B       		.uleb128 0xb
 416 01a1 4A010000 		.4byte	.LASF27
 417 01a5 06       		.byte	0x6
 418 01a6 57       		.byte	0x57
 419 01a7 7F010000 		.4byte	0x17f
 420 01ab 02       		.byte	0x2
 421 01ac 23       		.byte	0x23
 422 01ad 0C       		.uleb128 0xc
 423 01ae 0B       		.uleb128 0xb
 424 01af D9010000 		.4byte	.LASF28
 425 01b3 06       		.byte	0x6
 426 01b4 59       		.byte	0x59
 427 01b5 7F010000 		.4byte	0x17f
 428 01b9 02       		.byte	0x2
 429 01ba 23       		.byte	0x23
 430 01bb 18       		.uleb128 0x18
 431 01bc 0B       		.uleb128 0xb
 432 01bd 15000000 		.4byte	.LASF29
 433 01c1 06       		.byte	0x6
 434 01c2 5B       		.byte	0x5b
 435 01c3 7F010000 		.4byte	0x17f
 436 01c7 02       		.byte	0x2
 437 01c8 23       		.byte	0x23
 438 01c9 24       		.uleb128 0x24
 439 01ca 0B       		.uleb128 0xb
 440 01cb 64000000 		.4byte	.LASF30
 441 01cf 06       		.byte	0x6
 442 01d0 5E       		.byte	0x5e
 443 01d1 7F010000 		.4byte	0x17f
 444 01d5 02       		.byte	0x2
 445 01d6 23       		.byte	0x23
 446 01d7 30       		.uleb128 0x30
 447 01d8 00       		.byte	0
 448 01d9 04       		.uleb128 0x4
 449 01da 1F010000 		.4byte	.LASF31
 450 01de 06       		.byte	0x6
 451 01df 68       		.byte	0x68
ARM GAS  /var/folders/dt/0wfd0knj7gs46m8vwfzktm600000gn/T//ccfGeiFg.s 			page 9


 452 01e0 8A010000 		.4byte	0x18a
 453 01e4 0C       		.uleb128 0xc
 454 01e5 01       		.byte	0x1
 455 01e6 7D010000 		.4byte	.LASF45
 456 01ea 01       		.byte	0x1
 457 01eb AE       		.byte	0xae
 458 01ec 01       		.byte	0x1
 459 01ed 85000000 		.4byte	0x85
 460 01f1 01       		.byte	0x1
 461 01f2 18020000 		.4byte	0x218
 462 01f6 0D       		.uleb128 0xd
 463 01f7 2A000000 		.4byte	.LASF32
 464 01fb 01       		.byte	0x1
 465 01fc AE       		.byte	0xae
 466 01fd 41010000 		.4byte	0x141
 467 0201 0E       		.uleb128 0xe
 468 0202 656E6400 		.ascii	"end\000"
 469 0206 01       		.byte	0x1
 470 0207 AE       		.byte	0xae
 471 0208 41010000 		.4byte	0x141
 472 020c 0F       		.uleb128 0xf
 473 020d 6E6F7700 		.ascii	"now\000"
 474 0211 01       		.byte	0x1
 475 0212 AF       		.byte	0xaf
 476 0213 41010000 		.4byte	0x141
 477 0217 00       		.byte	0
 478 0218 10       		.uleb128 0x10
 479 0219 01       		.byte	0x1
 480 021a 5C000000 		.4byte	.LASF33
 481 021e 01       		.byte	0x1
 482 021f 44       		.byte	0x44
 483 0220 01       		.byte	0x1
 484 0221 00000000 		.4byte	.LFB62
 485 0225 22000000 		.4byte	.LFE62
 486 0229 00000000 		.4byte	.LLST0
 487 022d 01       		.byte	0x1
 488 022e 61020000 		.4byte	0x261
 489 0232 11       		.uleb128 0x11
 490 0233 06000000 		.4byte	.LVL0
 491 0237 1E030000 		.4byte	0x31e
 492 023b 11       		.uleb128 0x11
 493 023c 0A000000 		.4byte	.LVL1
 494 0240 29030000 		.4byte	0x329
 495 0244 11       		.uleb128 0x11
 496 0245 16000000 		.4byte	.LVL2
 497 0249 33030000 		.4byte	0x333
 498 024d 11       		.uleb128 0x11
 499 024e 1A000000 		.4byte	.LVL3
 500 0252 4E030000 		.4byte	0x34e
 501 0256 12       		.uleb128 0x12
 502 0257 22000000 		.4byte	.LVL4
 503 025b 01       		.byte	0x1
 504 025c 59030000 		.4byte	0x359
 505 0260 00       		.byte	0
 506 0261 13       		.uleb128 0x13
 507 0262 E4010000 		.4byte	0x1e4
 508 0266 00000000 		.4byte	.LFB63
ARM GAS  /var/folders/dt/0wfd0knj7gs46m8vwfzktm600000gn/T//ccfGeiFg.s 			page 10


 509 026a 34000000 		.4byte	.LFE63
 510 026e 02       		.byte	0x2
 511 026f 7D       		.byte	0x7d
 512 0270 00       		.sleb128 0
 513 0271 01       		.byte	0x1
 514 0272 8E020000 		.4byte	0x28e
 515 0276 14       		.uleb128 0x14
 516 0277 F6010000 		.4byte	0x1f6
 517 027b 20000000 		.4byte	.LLST1
 518 027f 15       		.uleb128 0x15
 519 0280 01020000 		.4byte	0x201
 520 0284 01       		.byte	0x1
 521 0285 51       		.byte	0x51
 522 0286 16       		.uleb128 0x16
 523 0287 0C020000 		.4byte	0x20c
 524 028b 01       		.byte	0x1
 525 028c 53       		.byte	0x53
 526 028d 00       		.byte	0
 527 028e 10       		.uleb128 0x10
 528 028f 01       		.byte	0x1
 529 0290 00000000 		.4byte	.LASF34
 530 0294 01       		.byte	0x1
 531 0295 C1       		.byte	0xc1
 532 0296 01       		.byte	0x1
 533 0297 00000000 		.4byte	.LFB64
 534 029b 40000000 		.4byte	.LFE64
 535 029f 57000000 		.4byte	.LLST2
 536 02a3 01       		.byte	0x1
 537 02a4 FD020000 		.4byte	0x2fd
 538 02a8 17       		.uleb128 0x17
 539 02a9 0F000000 		.4byte	.LASF46
 540 02ad 01       		.byte	0x1
 541 02ae C1       		.byte	0xc1
 542 02af 41010000 		.4byte	0x141
 543 02b3 77000000 		.4byte	.LLST3
 544 02b7 18       		.uleb128 0x18
 545 02b8 2A000000 		.4byte	.LASF32
 546 02bc 01       		.byte	0x1
 547 02bd C2       		.byte	0xc2
 548 02be 41010000 		.4byte	0x141
 549 02c2 01       		.byte	0x1
 550 02c3 52       		.byte	0x52
 551 02c4 18       		.uleb128 0x18
 552 02c5 AF010000 		.4byte	.LASF35
 553 02c9 01       		.byte	0x1
 554 02ca C3       		.byte	0xc3
 555 02cb 41010000 		.4byte	0x141
 556 02cf 01       		.byte	0x1
 557 02d0 50       		.byte	0x50
 558 02d1 19       		.uleb128 0x19
 559 02d2 E4010000 		.4byte	0x1e4
 560 02d6 0E000000 		.4byte	.LBB4
 561 02da 00000000 		.4byte	.Ldebug_ranges0+0
 562 02de 01       		.byte	0x1
 563 02df C4       		.byte	0xc4
 564 02e0 15       		.uleb128 0x15
 565 02e1 01020000 		.4byte	0x201
ARM GAS  /var/folders/dt/0wfd0knj7gs46m8vwfzktm600000gn/T//ccfGeiFg.s 			page 11


 566 02e5 01       		.byte	0x1
 567 02e6 50       		.byte	0x50
 568 02e7 15       		.uleb128 0x15
 569 02e8 F6010000 		.4byte	0x1f6
 570 02ec 01       		.byte	0x1
 571 02ed 52       		.byte	0x52
 572 02ee 1A       		.uleb128 0x1a
 573 02ef 18000000 		.4byte	.Ldebug_ranges0+0x18
 574 02f3 16       		.uleb128 0x16
 575 02f4 0C020000 		.4byte	0x20c
 576 02f8 01       		.byte	0x1
 577 02f9 53       		.byte	0x53
 578 02fa 00       		.byte	0
 579 02fb 00       		.byte	0
 580 02fc 00       		.byte	0
 581 02fd 1B       		.uleb128 0x1b
 582 02fe DC000000 		.4byte	.LASF36
 583 0302 07       		.byte	0x7
 584 0303 9404     		.2byte	0x494
 585 0305 3C010000 		.4byte	0x13c
 586 0309 01       		.byte	0x1
 587 030a 01       		.byte	0x1
 588 030b 1B       		.uleb128 0x1b
 589 030c 29010000 		.4byte	.LASF37
 590 0310 06       		.byte	0x6
 591 0311 4801     		.2byte	0x148
 592 0313 19030000 		.4byte	0x319
 593 0317 01       		.byte	0x1
 594 0318 01       		.byte	0x1
 595 0319 1C       		.uleb128 0x1c
 596 031a D9010000 		.4byte	0x1d9
 597 031e 1D       		.uleb128 0x1d
 598 031f 01       		.byte	0x1
 599 0320 AC000000 		.4byte	.LASF38
 600 0324 05       		.byte	0x5
 601 0325 0001     		.2byte	0x100
 602 0327 01       		.byte	0x1
 603 0328 01       		.byte	0x1
 604 0329 1E       		.uleb128 0x1e
 605 032a 01       		.byte	0x1
 606 032b 93000000 		.4byte	.LASF39
 607 032f 08       		.byte	0x8
 608 0330 73       		.byte	0x73
 609 0331 01       		.byte	0x1
 610 0332 01       		.byte	0x1
 611 0333 1F       		.uleb128 0x1f
 612 0334 01       		.byte	0x1
 613 0335 1C000000 		.4byte	.LASF47
 614 0339 06       		.byte	0x6
 615 033a 4D01     		.2byte	0x14d
 616 033c 01       		.byte	0x1
 617 033d 01       		.byte	0x1
 618 033e 48030000 		.4byte	0x348
 619 0342 20       		.uleb128 0x20
 620 0343 48030000 		.4byte	0x348
 621 0347 00       		.byte	0
 622 0348 21       		.uleb128 0x21
ARM GAS  /var/folders/dt/0wfd0knj7gs46m8vwfzktm600000gn/T//ccfGeiFg.s 			page 12


 623 0349 04       		.byte	0x4
 624 034a 19030000 		.4byte	0x319
 625 034e 1D       		.uleb128 0x1d
 626 034f 01       		.byte	0x1
 627 0350 C8010000 		.4byte	.LASF40
 628 0354 09       		.byte	0x9
 629 0355 3701     		.2byte	0x137
 630 0357 01       		.byte	0x1
 631 0358 01       		.byte	0x1
 632 0359 1E       		.uleb128 0x1e
 633 035a 01       		.byte	0x1
 634 035b FD010000 		.4byte	.LASF41
 635 035f 0A       		.byte	0xa
 636 0360 A4       		.byte	0xa4
 637 0361 01       		.byte	0x1
 638 0362 01       		.byte	0x1
 639 0363 00       		.byte	0
 640              		.section	.debug_abbrev,"",%progbits
 641              	.Ldebug_abbrev0:
 642 0000 01       		.uleb128 0x1
 643 0001 11       		.uleb128 0x11
 644 0002 01       		.byte	0x1
 645 0003 25       		.uleb128 0x25
 646 0004 0E       		.uleb128 0xe
 647 0005 13       		.uleb128 0x13
 648 0006 0B       		.uleb128 0xb
 649 0007 03       		.uleb128 0x3
 650 0008 0E       		.uleb128 0xe
 651 0009 1B       		.uleb128 0x1b
 652 000a 0E       		.uleb128 0xe
 653 000b 55       		.uleb128 0x55
 654 000c 06       		.uleb128 0x6
 655 000d 11       		.uleb128 0x11
 656 000e 01       		.uleb128 0x1
 657 000f 52       		.uleb128 0x52
 658 0010 01       		.uleb128 0x1
 659 0011 10       		.uleb128 0x10
 660 0012 06       		.uleb128 0x6
 661 0013 00       		.byte	0
 662 0014 00       		.byte	0
 663 0015 02       		.uleb128 0x2
 664 0016 24       		.uleb128 0x24
 665 0017 00       		.byte	0
 666 0018 0B       		.uleb128 0xb
 667 0019 0B       		.uleb128 0xb
 668 001a 3E       		.uleb128 0x3e
 669 001b 0B       		.uleb128 0xb
 670 001c 03       		.uleb128 0x3
 671 001d 08       		.uleb128 0x8
 672 001e 00       		.byte	0
 673 001f 00       		.byte	0
 674 0020 03       		.uleb128 0x3
 675 0021 24       		.uleb128 0x24
 676 0022 00       		.byte	0
 677 0023 0B       		.uleb128 0xb
 678 0024 0B       		.uleb128 0xb
 679 0025 3E       		.uleb128 0x3e
ARM GAS  /var/folders/dt/0wfd0knj7gs46m8vwfzktm600000gn/T//ccfGeiFg.s 			page 13


 680 0026 0B       		.uleb128 0xb
 681 0027 03       		.uleb128 0x3
 682 0028 0E       		.uleb128 0xe
 683 0029 00       		.byte	0
 684 002a 00       		.byte	0
 685 002b 04       		.uleb128 0x4
 686 002c 16       		.uleb128 0x16
 687 002d 00       		.byte	0
 688 002e 03       		.uleb128 0x3
 689 002f 0E       		.uleb128 0xe
 690 0030 3A       		.uleb128 0x3a
 691 0031 0B       		.uleb128 0xb
 692 0032 3B       		.uleb128 0x3b
 693 0033 0B       		.uleb128 0xb
 694 0034 49       		.uleb128 0x49
 695 0035 13       		.uleb128 0x13
 696 0036 00       		.byte	0
 697 0037 00       		.byte	0
 698 0038 05       		.uleb128 0x5
 699 0039 35       		.uleb128 0x35
 700 003a 00       		.byte	0
 701 003b 49       		.uleb128 0x49
 702 003c 13       		.uleb128 0x13
 703 003d 00       		.byte	0
 704 003e 00       		.byte	0
 705 003f 06       		.uleb128 0x6
 706 0040 13       		.uleb128 0x13
 707 0041 01       		.byte	0x1
 708 0042 0B       		.uleb128 0xb
 709 0043 0B       		.uleb128 0xb
 710 0044 3A       		.uleb128 0x3a
 711 0045 0B       		.uleb128 0xb
 712 0046 3B       		.uleb128 0x3b
 713 0047 05       		.uleb128 0x5
 714 0048 01       		.uleb128 0x1
 715 0049 13       		.uleb128 0x13
 716 004a 00       		.byte	0
 717 004b 00       		.byte	0
 718 004c 07       		.uleb128 0x7
 719 004d 0D       		.uleb128 0xd
 720 004e 00       		.byte	0
 721 004f 03       		.uleb128 0x3
 722 0050 0E       		.uleb128 0xe
 723 0051 3A       		.uleb128 0x3a
 724 0052 0B       		.uleb128 0xb
 725 0053 3B       		.uleb128 0x3b
 726 0054 05       		.uleb128 0x5
 727 0055 49       		.uleb128 0x49
 728 0056 13       		.uleb128 0x13
 729 0057 38       		.uleb128 0x38
 730 0058 0A       		.uleb128 0xa
 731 0059 00       		.byte	0
 732 005a 00       		.byte	0
 733 005b 08       		.uleb128 0x8
 734 005c 16       		.uleb128 0x16
 735 005d 00       		.byte	0
 736 005e 03       		.uleb128 0x3
ARM GAS  /var/folders/dt/0wfd0knj7gs46m8vwfzktm600000gn/T//ccfGeiFg.s 			page 14


 737 005f 0E       		.uleb128 0xe
 738 0060 3A       		.uleb128 0x3a
 739 0061 0B       		.uleb128 0xb
 740 0062 3B       		.uleb128 0x3b
 741 0063 05       		.uleb128 0x5
 742 0064 49       		.uleb128 0x49
 743 0065 13       		.uleb128 0x13
 744 0066 00       		.byte	0
 745 0067 00       		.byte	0
 746 0068 09       		.uleb128 0x9
 747 0069 13       		.uleb128 0x13
 748 006a 01       		.byte	0x1
 749 006b 0B       		.uleb128 0xb
 750 006c 0B       		.uleb128 0xb
 751 006d 3A       		.uleb128 0x3a
 752 006e 0B       		.uleb128 0xb
 753 006f 3B       		.uleb128 0x3b
 754 0070 0B       		.uleb128 0xb
 755 0071 01       		.uleb128 0x1
 756 0072 13       		.uleb128 0x13
 757 0073 00       		.byte	0
 758 0074 00       		.byte	0
 759 0075 0A       		.uleb128 0xa
 760 0076 0D       		.uleb128 0xd
 761 0077 00       		.byte	0
 762 0078 03       		.uleb128 0x3
 763 0079 08       		.uleb128 0x8
 764 007a 3A       		.uleb128 0x3a
 765 007b 0B       		.uleb128 0xb
 766 007c 3B       		.uleb128 0x3b
 767 007d 0B       		.uleb128 0xb
 768 007e 49       		.uleb128 0x49
 769 007f 13       		.uleb128 0x13
 770 0080 38       		.uleb128 0x38
 771 0081 0A       		.uleb128 0xa
 772 0082 00       		.byte	0
 773 0083 00       		.byte	0
 774 0084 0B       		.uleb128 0xb
 775 0085 0D       		.uleb128 0xd
 776 0086 00       		.byte	0
 777 0087 03       		.uleb128 0x3
 778 0088 0E       		.uleb128 0xe
 779 0089 3A       		.uleb128 0x3a
 780 008a 0B       		.uleb128 0xb
 781 008b 3B       		.uleb128 0x3b
 782 008c 0B       		.uleb128 0xb
 783 008d 49       		.uleb128 0x49
 784 008e 13       		.uleb128 0x13
 785 008f 38       		.uleb128 0x38
 786 0090 0A       		.uleb128 0xa
 787 0091 00       		.byte	0
 788 0092 00       		.byte	0
 789 0093 0C       		.uleb128 0xc
 790 0094 2E       		.uleb128 0x2e
 791 0095 01       		.byte	0x1
 792 0096 3F       		.uleb128 0x3f
 793 0097 0C       		.uleb128 0xc
ARM GAS  /var/folders/dt/0wfd0knj7gs46m8vwfzktm600000gn/T//ccfGeiFg.s 			page 15


 794 0098 03       		.uleb128 0x3
 795 0099 0E       		.uleb128 0xe
 796 009a 3A       		.uleb128 0x3a
 797 009b 0B       		.uleb128 0xb
 798 009c 3B       		.uleb128 0x3b
 799 009d 0B       		.uleb128 0xb
 800 009e 27       		.uleb128 0x27
 801 009f 0C       		.uleb128 0xc
 802 00a0 49       		.uleb128 0x49
 803 00a1 13       		.uleb128 0x13
 804 00a2 20       		.uleb128 0x20
 805 00a3 0B       		.uleb128 0xb
 806 00a4 01       		.uleb128 0x1
 807 00a5 13       		.uleb128 0x13
 808 00a6 00       		.byte	0
 809 00a7 00       		.byte	0
 810 00a8 0D       		.uleb128 0xd
 811 00a9 05       		.uleb128 0x5
 812 00aa 00       		.byte	0
 813 00ab 03       		.uleb128 0x3
 814 00ac 0E       		.uleb128 0xe
 815 00ad 3A       		.uleb128 0x3a
 816 00ae 0B       		.uleb128 0xb
 817 00af 3B       		.uleb128 0x3b
 818 00b0 0B       		.uleb128 0xb
 819 00b1 49       		.uleb128 0x49
 820 00b2 13       		.uleb128 0x13
 821 00b3 00       		.byte	0
 822 00b4 00       		.byte	0
 823 00b5 0E       		.uleb128 0xe
 824 00b6 05       		.uleb128 0x5
 825 00b7 00       		.byte	0
 826 00b8 03       		.uleb128 0x3
 827 00b9 08       		.uleb128 0x8
 828 00ba 3A       		.uleb128 0x3a
 829 00bb 0B       		.uleb128 0xb
 830 00bc 3B       		.uleb128 0x3b
 831 00bd 0B       		.uleb128 0xb
 832 00be 49       		.uleb128 0x49
 833 00bf 13       		.uleb128 0x13
 834 00c0 00       		.byte	0
 835 00c1 00       		.byte	0
 836 00c2 0F       		.uleb128 0xf
 837 00c3 34       		.uleb128 0x34
 838 00c4 00       		.byte	0
 839 00c5 03       		.uleb128 0x3
 840 00c6 08       		.uleb128 0x8
 841 00c7 3A       		.uleb128 0x3a
 842 00c8 0B       		.uleb128 0xb
 843 00c9 3B       		.uleb128 0x3b
 844 00ca 0B       		.uleb128 0xb
 845 00cb 49       		.uleb128 0x49
 846 00cc 13       		.uleb128 0x13
 847 00cd 00       		.byte	0
 848 00ce 00       		.byte	0
 849 00cf 10       		.uleb128 0x10
 850 00d0 2E       		.uleb128 0x2e
ARM GAS  /var/folders/dt/0wfd0knj7gs46m8vwfzktm600000gn/T//ccfGeiFg.s 			page 16


 851 00d1 01       		.byte	0x1
 852 00d2 3F       		.uleb128 0x3f
 853 00d3 0C       		.uleb128 0xc
 854 00d4 03       		.uleb128 0x3
 855 00d5 0E       		.uleb128 0xe
 856 00d6 3A       		.uleb128 0x3a
 857 00d7 0B       		.uleb128 0xb
 858 00d8 3B       		.uleb128 0x3b
 859 00d9 0B       		.uleb128 0xb
 860 00da 27       		.uleb128 0x27
 861 00db 0C       		.uleb128 0xc
 862 00dc 11       		.uleb128 0x11
 863 00dd 01       		.uleb128 0x1
 864 00de 12       		.uleb128 0x12
 865 00df 01       		.uleb128 0x1
 866 00e0 40       		.uleb128 0x40
 867 00e1 06       		.uleb128 0x6
 868 00e2 9742     		.uleb128 0x2117
 869 00e4 0C       		.uleb128 0xc
 870 00e5 01       		.uleb128 0x1
 871 00e6 13       		.uleb128 0x13
 872 00e7 00       		.byte	0
 873 00e8 00       		.byte	0
 874 00e9 11       		.uleb128 0x11
 875 00ea 898201   		.uleb128 0x4109
 876 00ed 00       		.byte	0
 877 00ee 11       		.uleb128 0x11
 878 00ef 01       		.uleb128 0x1
 879 00f0 31       		.uleb128 0x31
 880 00f1 13       		.uleb128 0x13
 881 00f2 00       		.byte	0
 882 00f3 00       		.byte	0
 883 00f4 12       		.uleb128 0x12
 884 00f5 898201   		.uleb128 0x4109
 885 00f8 00       		.byte	0
 886 00f9 11       		.uleb128 0x11
 887 00fa 01       		.uleb128 0x1
 888 00fb 9542     		.uleb128 0x2115
 889 00fd 0C       		.uleb128 0xc
 890 00fe 31       		.uleb128 0x31
 891 00ff 13       		.uleb128 0x13
 892 0100 00       		.byte	0
 893 0101 00       		.byte	0
 894 0102 13       		.uleb128 0x13
 895 0103 2E       		.uleb128 0x2e
 896 0104 01       		.byte	0x1
 897 0105 31       		.uleb128 0x31
 898 0106 13       		.uleb128 0x13
 899 0107 11       		.uleb128 0x11
 900 0108 01       		.uleb128 0x1
 901 0109 12       		.uleb128 0x12
 902 010a 01       		.uleb128 0x1
 903 010b 40       		.uleb128 0x40
 904 010c 0A       		.uleb128 0xa
 905 010d 9742     		.uleb128 0x2117
 906 010f 0C       		.uleb128 0xc
 907 0110 01       		.uleb128 0x1
ARM GAS  /var/folders/dt/0wfd0knj7gs46m8vwfzktm600000gn/T//ccfGeiFg.s 			page 17


 908 0111 13       		.uleb128 0x13
 909 0112 00       		.byte	0
 910 0113 00       		.byte	0
 911 0114 14       		.uleb128 0x14
 912 0115 05       		.uleb128 0x5
 913 0116 00       		.byte	0
 914 0117 31       		.uleb128 0x31
 915 0118 13       		.uleb128 0x13
 916 0119 02       		.uleb128 0x2
 917 011a 06       		.uleb128 0x6
 918 011b 00       		.byte	0
 919 011c 00       		.byte	0
 920 011d 15       		.uleb128 0x15
 921 011e 05       		.uleb128 0x5
 922 011f 00       		.byte	0
 923 0120 31       		.uleb128 0x31
 924 0121 13       		.uleb128 0x13
 925 0122 02       		.uleb128 0x2
 926 0123 0A       		.uleb128 0xa
 927 0124 00       		.byte	0
 928 0125 00       		.byte	0
 929 0126 16       		.uleb128 0x16
 930 0127 34       		.uleb128 0x34
 931 0128 00       		.byte	0
 932 0129 31       		.uleb128 0x31
 933 012a 13       		.uleb128 0x13
 934 012b 02       		.uleb128 0x2
 935 012c 0A       		.uleb128 0xa
 936 012d 00       		.byte	0
 937 012e 00       		.byte	0
 938 012f 17       		.uleb128 0x17
 939 0130 05       		.uleb128 0x5
 940 0131 00       		.byte	0
 941 0132 03       		.uleb128 0x3
 942 0133 0E       		.uleb128 0xe
 943 0134 3A       		.uleb128 0x3a
 944 0135 0B       		.uleb128 0xb
 945 0136 3B       		.uleb128 0x3b
 946 0137 0B       		.uleb128 0xb
 947 0138 49       		.uleb128 0x49
 948 0139 13       		.uleb128 0x13
 949 013a 02       		.uleb128 0x2
 950 013b 06       		.uleb128 0x6
 951 013c 00       		.byte	0
 952 013d 00       		.byte	0
 953 013e 18       		.uleb128 0x18
 954 013f 34       		.uleb128 0x34
 955 0140 00       		.byte	0
 956 0141 03       		.uleb128 0x3
 957 0142 0E       		.uleb128 0xe
 958 0143 3A       		.uleb128 0x3a
 959 0144 0B       		.uleb128 0xb
 960 0145 3B       		.uleb128 0x3b
 961 0146 0B       		.uleb128 0xb
 962 0147 49       		.uleb128 0x49
 963 0148 13       		.uleb128 0x13
 964 0149 02       		.uleb128 0x2
ARM GAS  /var/folders/dt/0wfd0knj7gs46m8vwfzktm600000gn/T//ccfGeiFg.s 			page 18


 965 014a 0A       		.uleb128 0xa
 966 014b 00       		.byte	0
 967 014c 00       		.byte	0
 968 014d 19       		.uleb128 0x19
 969 014e 1D       		.uleb128 0x1d
 970 014f 01       		.byte	0x1
 971 0150 31       		.uleb128 0x31
 972 0151 13       		.uleb128 0x13
 973 0152 52       		.uleb128 0x52
 974 0153 01       		.uleb128 0x1
 975 0154 55       		.uleb128 0x55
 976 0155 06       		.uleb128 0x6
 977 0156 58       		.uleb128 0x58
 978 0157 0B       		.uleb128 0xb
 979 0158 59       		.uleb128 0x59
 980 0159 0B       		.uleb128 0xb
 981 015a 00       		.byte	0
 982 015b 00       		.byte	0
 983 015c 1A       		.uleb128 0x1a
 984 015d 0B       		.uleb128 0xb
 985 015e 01       		.byte	0x1
 986 015f 55       		.uleb128 0x55
 987 0160 06       		.uleb128 0x6
 988 0161 00       		.byte	0
 989 0162 00       		.byte	0
 990 0163 1B       		.uleb128 0x1b
 991 0164 34       		.uleb128 0x34
 992 0165 00       		.byte	0
 993 0166 03       		.uleb128 0x3
 994 0167 0E       		.uleb128 0xe
 995 0168 3A       		.uleb128 0x3a
 996 0169 0B       		.uleb128 0xb
 997 016a 3B       		.uleb128 0x3b
 998 016b 05       		.uleb128 0x5
 999 016c 49       		.uleb128 0x49
 1000 016d 13       		.uleb128 0x13
 1001 016e 3F       		.uleb128 0x3f
 1002 016f 0C       		.uleb128 0xc
 1003 0170 3C       		.uleb128 0x3c
 1004 0171 0C       		.uleb128 0xc
 1005 0172 00       		.byte	0
 1006 0173 00       		.byte	0
 1007 0174 1C       		.uleb128 0x1c
 1008 0175 26       		.uleb128 0x26
 1009 0176 00       		.byte	0
 1010 0177 49       		.uleb128 0x49
 1011 0178 13       		.uleb128 0x13
 1012 0179 00       		.byte	0
 1013 017a 00       		.byte	0
 1014 017b 1D       		.uleb128 0x1d
 1015 017c 2E       		.uleb128 0x2e
 1016 017d 00       		.byte	0
 1017 017e 3F       		.uleb128 0x3f
 1018 017f 0C       		.uleb128 0xc
 1019 0180 03       		.uleb128 0x3
 1020 0181 0E       		.uleb128 0xe
 1021 0182 3A       		.uleb128 0x3a
ARM GAS  /var/folders/dt/0wfd0knj7gs46m8vwfzktm600000gn/T//ccfGeiFg.s 			page 19


 1022 0183 0B       		.uleb128 0xb
 1023 0184 3B       		.uleb128 0x3b
 1024 0185 05       		.uleb128 0x5
 1025 0186 27       		.uleb128 0x27
 1026 0187 0C       		.uleb128 0xc
 1027 0188 3C       		.uleb128 0x3c
 1028 0189 0C       		.uleb128 0xc
 1029 018a 00       		.byte	0
 1030 018b 00       		.byte	0
 1031 018c 1E       		.uleb128 0x1e
 1032 018d 2E       		.uleb128 0x2e
 1033 018e 00       		.byte	0
 1034 018f 3F       		.uleb128 0x3f
 1035 0190 0C       		.uleb128 0xc
 1036 0191 03       		.uleb128 0x3
 1037 0192 0E       		.uleb128 0xe
 1038 0193 3A       		.uleb128 0x3a
 1039 0194 0B       		.uleb128 0xb
 1040 0195 3B       		.uleb128 0x3b
 1041 0196 0B       		.uleb128 0xb
 1042 0197 27       		.uleb128 0x27
 1043 0198 0C       		.uleb128 0xc
 1044 0199 3C       		.uleb128 0x3c
 1045 019a 0C       		.uleb128 0xc
 1046 019b 00       		.byte	0
 1047 019c 00       		.byte	0
 1048 019d 1F       		.uleb128 0x1f
 1049 019e 2E       		.uleb128 0x2e
 1050 019f 01       		.byte	0x1
 1051 01a0 3F       		.uleb128 0x3f
 1052 01a1 0C       		.uleb128 0xc
 1053 01a2 03       		.uleb128 0x3
 1054 01a3 0E       		.uleb128 0xe
 1055 01a4 3A       		.uleb128 0x3a
 1056 01a5 0B       		.uleb128 0xb
 1057 01a6 3B       		.uleb128 0x3b
 1058 01a7 05       		.uleb128 0x5
 1059 01a8 27       		.uleb128 0x27
 1060 01a9 0C       		.uleb128 0xc
 1061 01aa 3C       		.uleb128 0x3c
 1062 01ab 0C       		.uleb128 0xc
 1063 01ac 01       		.uleb128 0x1
 1064 01ad 13       		.uleb128 0x13
 1065 01ae 00       		.byte	0
 1066 01af 00       		.byte	0
 1067 01b0 20       		.uleb128 0x20
 1068 01b1 05       		.uleb128 0x5
 1069 01b2 00       		.byte	0
 1070 01b3 49       		.uleb128 0x49
 1071 01b4 13       		.uleb128 0x13
 1072 01b5 00       		.byte	0
 1073 01b6 00       		.byte	0
 1074 01b7 21       		.uleb128 0x21
 1075 01b8 0F       		.uleb128 0xf
 1076 01b9 00       		.byte	0
 1077 01ba 0B       		.uleb128 0xb
 1078 01bb 0B       		.uleb128 0xb
ARM GAS  /var/folders/dt/0wfd0knj7gs46m8vwfzktm600000gn/T//ccfGeiFg.s 			page 20


 1079 01bc 49       		.uleb128 0x49
 1080 01bd 13       		.uleb128 0x13
 1081 01be 00       		.byte	0
 1082 01bf 00       		.byte	0
 1083 01c0 00       		.byte	0
 1084              		.section	.debug_loc,"",%progbits
 1085              	.Ldebug_loc0:
 1086              	.LLST0:
 1087 0000 00000000 		.4byte	.LFB62
 1088 0004 02000000 		.4byte	.LCFI0
 1089 0008 0200     		.2byte	0x2
 1090 000a 7D       		.byte	0x7d
 1091 000b 00       		.sleb128 0
 1092 000c 02000000 		.4byte	.LCFI0
 1093 0010 22000000 		.4byte	.LFE62
 1094 0014 0200     		.2byte	0x2
 1095 0016 7D       		.byte	0x7d
 1096 0017 08       		.sleb128 8
 1097 0018 00000000 		.4byte	0
 1098 001c 00000000 		.4byte	0
 1099              	.LLST1:
 1100 0020 00000000 		.4byte	.LVL5
 1101 0024 22000000 		.4byte	.LVL7
 1102 0028 0100     		.2byte	0x1
 1103 002a 50       		.byte	0x50
 1104 002b 22000000 		.4byte	.LVL7
 1105 002f 24000000 		.4byte	.LVL8
 1106 0033 0400     		.2byte	0x4
 1107 0035 F3       		.byte	0xf3
 1108 0036 01       		.uleb128 0x1
 1109 0037 50       		.byte	0x50
 1110 0038 9F       		.byte	0x9f
 1111 0039 24000000 		.4byte	.LVL8
 1112 003d 2A000000 		.4byte	.LVL9
 1113 0041 0100     		.2byte	0x1
 1114 0043 50       		.byte	0x50
 1115 0044 2A000000 		.4byte	.LVL9
 1116 0048 34000000 		.4byte	.LFE63
 1117 004c 0100     		.2byte	0x1
 1118 004e 52       		.byte	0x52
 1119 004f 00000000 		.4byte	0
 1120 0053 00000000 		.4byte	0
 1121              	.LLST2:
 1122 0057 00000000 		.4byte	.LFB64
 1123 005b 02000000 		.4byte	.LCFI1
 1124 005f 0200     		.2byte	0x2
 1125 0061 7D       		.byte	0x7d
 1126 0062 00       		.sleb128 0
 1127 0063 02000000 		.4byte	.LCFI1
 1128 0067 40000000 		.4byte	.LFE64
 1129 006b 0200     		.2byte	0x2
 1130 006d 7D       		.byte	0x7d
 1131 006e 04       		.sleb128 4
 1132 006f 00000000 		.4byte	0
 1133 0073 00000000 		.4byte	0
 1134              	.LLST3:
 1135 0077 00000000 		.4byte	.LVL10
ARM GAS  /var/folders/dt/0wfd0knj7gs46m8vwfzktm600000gn/T//ccfGeiFg.s 			page 21


 1136 007b 0E000000 		.4byte	.LVL12
 1137 007f 0100     		.2byte	0x1
 1138 0081 50       		.byte	0x50
 1139 0082 0E000000 		.4byte	.LVL12
 1140 0086 40000000 		.4byte	.LFE64
 1141 008a 0400     		.2byte	0x4
 1142 008c F3       		.byte	0xf3
 1143 008d 01       		.uleb128 0x1
 1144 008e 50       		.byte	0x50
 1145 008f 9F       		.byte	0x9f
 1146 0090 00000000 		.4byte	0
 1147 0094 00000000 		.4byte	0
 1148              		.section	.debug_aranges,"",%progbits
 1149 0000 2C000000 		.4byte	0x2c
 1150 0004 0200     		.2byte	0x2
 1151 0006 00000000 		.4byte	.Ldebug_info0
 1152 000a 04       		.byte	0x4
 1153 000b 00       		.byte	0
 1154 000c 0000     		.2byte	0
 1155 000e 0000     		.2byte	0
 1156 0010 00000000 		.4byte	.LFB62
 1157 0014 22000000 		.4byte	.LFE62-.LFB62
 1158 0018 00000000 		.4byte	.LFB63
 1159 001c 34000000 		.4byte	.LFE63-.LFB63
 1160 0020 00000000 		.4byte	.LFB64
 1161 0024 40000000 		.4byte	.LFE64-.LFB64
 1162 0028 00000000 		.4byte	0
 1163 002c 00000000 		.4byte	0
 1164              		.section	.debug_ranges,"",%progbits
 1165              	.Ldebug_ranges0:
 1166 0000 0E000000 		.4byte	.LBB4
 1167 0004 22000000 		.4byte	.LBE4
 1168 0008 2A000000 		.4byte	.LBB7
 1169 000c 3A000000 		.4byte	.LBE7
 1170 0010 00000000 		.4byte	0
 1171 0014 00000000 		.4byte	0
 1172 0018 0E000000 		.4byte	.LBB5
 1173 001c 22000000 		.4byte	.LBE5
 1174 0020 2A000000 		.4byte	.LBB6
 1175 0024 3A000000 		.4byte	.LBE6
 1176 0028 00000000 		.4byte	0
 1177 002c 00000000 		.4byte	0
 1178 0030 00000000 		.4byte	.LFB62
 1179 0034 22000000 		.4byte	.LFE62
 1180 0038 00000000 		.4byte	.LFB63
 1181 003c 34000000 		.4byte	.LFE63
 1182 0040 00000000 		.4byte	.LFB64
 1183 0044 40000000 		.4byte	.LFE64
 1184 0048 00000000 		.4byte	0
 1185 004c 00000000 		.4byte	0
 1186              		.section	.debug_line,"",%progbits
 1187              	.Ldebug_line0:
 1188 0000 62020000 		.section	.debug_str,"MS",%progbits,1
 1188      0200E801 
 1188      00000201 
 1188      FB0E0D00 
 1188      01010101 
ARM GAS  /var/folders/dt/0wfd0knj7gs46m8vwfzktm600000gn/T//ccfGeiFg.s 			page 22


 1189              	.LASF34:
 1190 0000 68616C50 		.ascii	"halPolledDelay\000"
 1190      6F6C6C65 
 1190      6444656C 
 1190      617900
 1191              	.LASF46:
 1192 000f 7469636B 		.ascii	"ticks\000"
 1192      7300
 1193              	.LASF29:
 1194 0015 50444461 		.ascii	"PDData\000"
 1194      746100
 1195              	.LASF47:
 1196 001c 5F70616C 		.ascii	"_pal_lld_init\000"
 1196      5F6C6C64 
 1196      5F696E69 
 1196      7400
 1197              	.LASF32:
 1198 002a 73746172 		.ascii	"start\000"
 1198      7400
 1199              	.LASF0:
 1200 0030 756E7369 		.ascii	"unsigned int\000"
 1200      676E6564 
 1200      20696E74 
 1200      00
 1201              	.LASF11:
 1202 003d 626F6F6C 		.ascii	"bool_t\000"
 1202      5F7400
 1203              	.LASF17:
 1204 0044 45584343 		.ascii	"EXCCNT\000"
 1204      4E5400
 1205              	.LASF18:
 1206 004b 534C4545 		.ascii	"SLEEPCNT\000"
 1206      50434E54 
 1206      00
 1207              	.LASF12:
 1208 0054 494F5245 		.ascii	"IOREG32\000"
 1208      47333200 
 1209              	.LASF33:
 1210 005c 68616C49 		.ascii	"halInit\000"
 1210      6E697400 
 1211              	.LASF30:
 1212 0064 50454461 		.ascii	"PEData\000"
 1212      746100
 1213              	.LASF2:
 1214 006b 756E7369 		.ascii	"unsigned char\000"
 1214      676E6564 
 1214      20636861 
 1214      7200
 1215              	.LASF25:
 1216 0079 73746D33 		.ascii	"stm32_gpio_setup_t\000"
 1216      325F6770 
 1216      696F5F73 
 1216      65747570 
 1216      5F7400
 1217              	.LASF26:
 1218 008c 50414461 		.ascii	"PAData\000"
 1218      746100
ARM GAS  /var/folders/dt/0wfd0knj7gs46m8vwfzktm600000gn/T//ccfGeiFg.s 			page 23


 1219              	.LASF39:
 1220 0093 746D496E 		.ascii	"tmInit\000"
 1220      697400
 1221              	.LASF8:
 1222 009a 6C6F6E67 		.ascii	"long unsigned int\000"
 1222      20756E73 
 1222      69676E65 
 1222      6420696E 
 1222      7400
 1223              	.LASF38:
 1224 00ac 68616C5F 		.ascii	"hal_lld_init\000"
 1224      6C6C645F 
 1224      696E6974 
 1224      00
 1225              	.LASF4:
 1226 00b9 73686F72 		.ascii	"short unsigned int\000"
 1226      7420756E 
 1226      7369676E 
 1226      65642069 
 1226      6E7400
 1227              	.LASF7:
 1228 00cc 75696E74 		.ascii	"uint32_t\000"
 1228      33325F74 
 1228      00
 1229              	.LASF16:
 1230 00d5 43504943 		.ascii	"CPICNT\000"
 1230      4E5400
 1231              	.LASF36:
 1232 00dc 49544D5F 		.ascii	"ITM_RxBuffer\000"
 1232      52784275 
 1232      66666572 
 1232      00
 1233              	.LASF44:
 1234 00e9 2F746D70 		.ascii	"/tmp/mlab-chibios/demos/STM32F107-serialshell\000"
 1234      2F6D6C61 
 1234      622D6368 
 1234      6962696F 
 1234      732F6465 
 1235              	.LASF20:
 1236 0117 464F4C44 		.ascii	"FOLDCNT\000"
 1236      434E5400 
 1237              	.LASF31:
 1238 011f 50414C43 		.ascii	"PALConfig\000"
 1238      6F6E6669 
 1238      6700
 1239              	.LASF37:
 1240 0129 70616C5F 		.ascii	"pal_default_config\000"
 1240      64656661 
 1240      756C745F 
 1240      636F6E66 
 1240      696700
 1241              	.LASF19:
 1242 013c 4C535543 		.ascii	"LSUCNT\000"
 1242      4E5400
 1243              	.LASF15:
 1244 0143 43594343 		.ascii	"CYCCNT\000"
 1244      4E5400
ARM GAS  /var/folders/dt/0wfd0knj7gs46m8vwfzktm600000gn/T//ccfGeiFg.s 			page 24


 1245              	.LASF27:
 1246 014a 50424461 		.ascii	"PBData\000"
 1246      746100
 1247              	.LASF24:
 1248 0151 68616C72 		.ascii	"halrtcnt_t\000"
 1248      74636E74 
 1248      5F7400
 1249              	.LASF23:
 1250 015c 63686172 		.ascii	"char\000"
 1250      00
 1251              	.LASF43:
 1252 0161 2E2E2F2E 		.ascii	"../../os/hal/src/hal.c\000"
 1252      2E2F6F73 
 1252      2F68616C 
 1252      2F737263 
 1252      2F68616C 
 1253              	.LASF14:
 1254 0178 4354524C 		.ascii	"CTRL\000"
 1254      00
 1255              	.LASF45:
 1256 017d 68616C49 		.ascii	"halIsCounterWithin\000"
 1256      73436F75 
 1256      6E746572 
 1256      57697468 
 1256      696E00
 1257              	.LASF6:
 1258 0190 696E7433 		.ascii	"int32_t\000"
 1258      325F7400 
 1259              	.LASF13:
 1260 0198 73697A65 		.ascii	"sizetype\000"
 1260      74797065 
 1260      00
 1261              	.LASF9:
 1262 01a1 6C6F6E67 		.ascii	"long long int\000"
 1262      206C6F6E 
 1262      6720696E 
 1262      7400
 1263              	.LASF35:
 1264 01af 74696D65 		.ascii	"timeout\000"
 1264      6F757400 
 1265              	.LASF21:
 1266 01b7 50435352 		.ascii	"PCSR\000"
 1266      00
 1267              	.LASF42:
 1268 01bc 474E5520 		.ascii	"GNU C 4.7.2\000"
 1268      4320342E 
 1268      372E3200 
 1269              	.LASF40:
 1270 01c8 7364496E 		.ascii	"sdInit\000"
 1270      697400
 1271              	.LASF3:
 1272 01cf 73686F72 		.ascii	"short int\000"
 1272      7420696E 
 1272      7400
 1273              	.LASF28:
 1274 01d9 50434461 		.ascii	"PCData\000"
 1274      746100
ARM GAS  /var/folders/dt/0wfd0knj7gs46m8vwfzktm600000gn/T//ccfGeiFg.s 			page 25


 1275              	.LASF22:
 1276 01e0 434D785F 		.ascii	"CMx_DWT\000"
 1276      44575400 
 1277              	.LASF5:
 1278 01e8 6C6F6E67 		.ascii	"long int\000"
 1278      20696E74 
 1278      00
 1279              	.LASF1:
 1280 01f1 7369676E 		.ascii	"signed char\000"
 1280      65642063 
 1280      68617200 
 1281              	.LASF41:
 1282 01fd 626F6172 		.ascii	"boardInit\000"
 1282      64496E69 
 1282      7400
 1283              	.LASF10:
 1284 0207 6C6F6E67 		.ascii	"long long unsigned int\000"
 1284      206C6F6E 
 1284      6720756E 
 1284      7369676E 
 1284      65642069 
 1285              		.ident	"GCC: (GNU) 4.7.2"
ARM GAS  /var/folders/dt/0wfd0knj7gs46m8vwfzktm600000gn/T//ccfGeiFg.s 			page 26


DEFINED SYMBOLS
                            *ABS*:0000000000000000 hal.c
/var/folders/dt/0wfd0knj7gs46m8vwfzktm600000gn/T//ccfGeiFg.s:19     .text.halInit:0000000000000000 $t
/var/folders/dt/0wfd0knj7gs46m8vwfzktm600000gn/T//ccfGeiFg.s:25     .text.halInit:0000000000000000 halInit
/var/folders/dt/0wfd0knj7gs46m8vwfzktm600000gn/T//ccfGeiFg.s:60     .text.halIsCounterWithin:0000000000000000 $t
/var/folders/dt/0wfd0knj7gs46m8vwfzktm600000gn/T//ccfGeiFg.s:66     .text.halIsCounterWithin:0000000000000000 halIsCounterWithin
/var/folders/dt/0wfd0knj7gs46m8vwfzktm600000gn/T//ccfGeiFg.s:115    .text.halPolledDelay:0000000000000000 $t
/var/folders/dt/0wfd0knj7gs46m8vwfzktm600000gn/T//ccfGeiFg.s:121    .text.halPolledDelay:0000000000000000 halPolledDelay
                     .debug_frame:0000000000000010 $d

UNDEFINED SYMBOLS
hal_lld_init
tmInit
pal_default_config
_pal_lld_init
sdInit
boardInit
