ARM GAS  /var/folders/dt/0wfd0knj7gs46m8vwfzktm600000gn/T//cccDDPmP.s 			page 1


   1              		.syntax unified
   2              		.cpu cortex-m3
   3              		.fpu softvfp
   4              		.eabi_attribute 20, 1
   5              		.eabi_attribute 21, 1
   6              		.eabi_attribute 23, 3
   7              		.eabi_attribute 24, 1
   8              		.eabi_attribute 25, 1
   9              		.eabi_attribute 26, 1
  10              		.eabi_attribute 30, 2
  11              		.eabi_attribute 34, 1
  12              		.eabi_attribute 18, 4
  13              		.thumb
  14              		.file	"hal_lld.c"
  15              		.text
  16              	.Ltext0:
  17              		.cfi_sections	.debug_frame
  18              		.section	.text.hal_lld_init,"ax",%progbits
  19              		.align	2
  20              		.p2align 4,,15
  21              		.global	hal_lld_init
  22              		.thumb
  23              		.thumb_func
  24              		.type	hal_lld_init, %function
  25              	hal_lld_init:
  26              	.LFB63:
  27              		.file 1 "../../os/hal/platforms/STM32F1xx/hal_lld.c"
  28              		.loc 1 106 0
  29              		.cfi_startproc
  30              		@ args = 0, pretend = 0, frame = 0
  31              		@ frame_needed = 0, uses_anonymous_args = 0
  32              		@ link register save eliminated.
  33              		.loc 1 109 0
  34 0000 4FF48053 		mov	r3, #4096
  35              		.loc 1 106 0
  36 0004 30B4     		push	{r4, r5}
  37              	.LCFI0:
  38              		.cfi_def_cfa_offset 8
  39              		.cfi_offset 4, -8
  40              		.cfi_offset 5, -4
  41              		.loc 1 109 0
  42 0006 C4F20203 		movt	r3, 16386
  43 000a 0021     		movs	r1, #0
  44 000c 4FF0FF34 		mov	r4, #-1
  45 0010 1869     		ldr	r0, [r3, #16]
  46              		.loc 1 113 0
  47 0012 4EF21002 		movw	r2, #57360
  48              		.loc 1 109 0
  49 0016 1C61     		str	r4, [r3, #16]
  50 0018 1961     		str	r1, [r3, #16]
  51              		.loc 1 110 0
  52 001a DD68     		ldr	r5, [r3, #12]
  53              		.loc 1 113 0
  54 001c CEF20002 		movt	r2, 57344
  55              		.loc 1 110 0
  56 0020 DC60     		str	r4, [r3, #12]
  57              		.loc 1 113 0
ARM GAS  /var/folders/dt/0wfd0knj7gs46m8vwfzktm600000gn/T//cccDDPmP.s 			page 2


  58 0022 48F69F44 		movw	r4, #35999
  59              		.loc 1 110 0
  60 0026 D960     		str	r1, [r3, #12]
  61              		.loc 1 120 0
  62 0028 4EF6F050 		movw	r0, #60912
  63              		.loc 1 113 0
  64 002c 5460     		str	r4, [r2, #4]
  65              		.loc 1 114 0
  66 002e 9160     		str	r1, [r2, #8]
  67              		.loc 1 115 0
  68 0030 0721     		movs	r1, #7
  69 0032 1160     		str	r1, [r2, #0]
  70              		.loc 1 120 0
  71 0034 CEF20000 		movt	r0, 57344
  72 0038 C268     		ldr	r2, [r0, #12]
  73              		.loc 1 121 0
  74 003a 4FF48051 		mov	r1, #4096
  75              		.loc 1 120 0
  76 003e 42F08072 		orr	r2, r2, #16777216
  77 0042 C260     		str	r2, [r0, #12]
  78              		.loc 1 121 0
  79 0044 CEF20001 		movt	r1, 57344
  80 0048 0868     		ldr	r0, [r1, #0]
  81              	.LBB4:
  82              	.LBB5:
  83              		.loc 1 59 0
  84 004a 4FF4E042 		mov	r2, #28672
  85              	.LBE5:
  86              	.LBE4:
  87              		.loc 1 121 0
  88 004e 40F00100 		orr	r0, r0, #1
  89 0052 0860     		str	r0, [r1, #0]
  90              		.loc 1 124 0
  91 0054 D969     		ldr	r1, [r3, #28]
  92              	.LBB8:
  93              	.LBB6:
  94              		.loc 1 59 0
  95 0056 C4F20002 		movt	r2, 16384
  96              	.LBE6:
  97              	.LBE8:
  98              		.loc 1 124 0
  99 005a 41F08051 		orr	r1, r1, #268435456
 100 005e D961     		str	r1, [r3, #28]
 101              		.loc 1 125 0
 102 0060 D969     		ldr	r1, [r3, #28]
 103 0062 41F00061 		orr	r1, r1, #134217728
 104 0066 D961     		str	r1, [r3, #28]
 105              	.LBB9:
 106              	.LBB7:
 107              		.loc 1 59 0
 108 0068 1368     		ldr	r3, [r2, #0]
 109 006a 43F48073 		orr	r3, r3, #256
 110 006e 1360     		str	r3, [r2, #0]
 111              	.LBE7:
 112              	.LBE9:
 113              		.loc 1 138 0
 114 0070 30BC     		pop	{r4, r5}
ARM GAS  /var/folders/dt/0wfd0knj7gs46m8vwfzktm600000gn/T//cccDDPmP.s 			page 3


 115 0072 7047     		bx	lr
 116              		.cfi_endproc
 117              	.LFE63:
 118              		.size	hal_lld_init, .-hal_lld_init
 119 0074 AFF30080 		.section	.text.stm32_clock_init,"ax",%progbits
 119      AFF30080 
 119      AFF30080 
 120              		.align	2
 121              		.p2align 4,,15
 122              		.global	stm32_clock_init
 123              		.thumb
 124              		.thumb_func
 125              		.type	stm32_clock_init, %function
 126              	stm32_clock_init:
 127              	.LFB64:
 128              		.loc 1 217 0
 129              		.cfi_startproc
 130              		@ args = 0, pretend = 0, frame = 0
 131              		@ frame_needed = 0, uses_anonymous_args = 0
 132              		@ link register save eliminated.
 133              		.loc 1 221 0
 134 0000 4FF48053 		mov	r3, #4096
 135 0004 C4F20203 		movt	r3, 16386
 136 0008 1A68     		ldr	r2, [r3, #0]
 137              		.loc 1 222 0
 138 000a 1946     		mov	r1, r3
 139              		.loc 1 221 0
 140 000c 42F00102 		orr	r2, r2, #1
 141 0010 1A60     		str	r2, [r3, #0]
 142              	.L3:
 143              		.loc 1 222 0 discriminator 1
 144 0012 0A68     		ldr	r2, [r1, #0]
 145 0014 4FF48053 		mov	r3, #4096
 146 0018 9007     		lsls	r0, r2, #30
 147 001a C4F20203 		movt	r3, 16386
 148 001e F8D5     		bpl	.L3
 149              		.loc 1 224 0
 150 0020 0022     		movs	r2, #0
 151 0022 5A60     		str	r2, [r3, #4]
 152              		.loc 1 225 0
 153 0024 1A68     		ldr	r2, [r3, #0]
 154              		.loc 1 226 0
 155 0026 1946     		mov	r1, r3
 156              		.loc 1 225 0
 157 0028 02F0F902 		and	r2, r2, #249
 158 002c 1A60     		str	r2, [r3, #0]
 159              	.L4:
 160              		.loc 1 226 0 discriminator 1
 161 002e 4A68     		ldr	r2, [r1, #4]
 162 0030 4FF48053 		mov	r3, #4096
 163 0034 12F00C0F 		tst	r2, #12
 164 0038 C4F20203 		movt	r3, 16386
 165 003c F7D1     		bne	.L4
 166              		.loc 1 231 0
 167 003e 1A68     		ldr	r2, [r3, #0]
 168              		.loc 1 232 0
 169 0040 1946     		mov	r1, r3
ARM GAS  /var/folders/dt/0wfd0knj7gs46m8vwfzktm600000gn/T//cccDDPmP.s 			page 4


 170              		.loc 1 231 0
 171 0042 42F48032 		orr	r2, r2, #65536
 172 0046 1A60     		str	r2, [r3, #0]
 173              	.L5:
 174              		.loc 1 232 0 discriminator 1
 175 0048 0A68     		ldr	r2, [r1, #0]
 176 004a 4FF48053 		mov	r3, #4096
 177 004e 9203     		lsls	r2, r2, #14
 178 0050 C4F20203 		movt	r3, 16386
 179 0054 F8D5     		bpl	.L5
 180              		.loc 1 244 0
 181 0056 48F24462 		movw	r2, #34372
 182 005a DA62     		str	r2, [r3, #44]
 183              		.loc 1 249 0
 184 005c 1A68     		ldr	r2, [r3, #0]
 185              		.loc 1 250 0
 186 005e 1946     		mov	r1, r3
 187              		.loc 1 249 0
 188 0060 42F08062 		orr	r2, r2, #67108864
 189 0064 1A60     		str	r2, [r3, #0]
 190              	.L6:
 191              		.loc 1 250 0 discriminator 1
 192 0066 0A68     		ldr	r2, [r1, #0]
 193 0068 4FF48053 		mov	r3, #4096
 194 006c 1001     		lsls	r0, r2, #4
 195 006e C4F20203 		movt	r3, 16386
 196 0072 F8D5     		bpl	.L6
 197              		.loc 1 263 0
 198 0074 5A68     		ldr	r2, [r3, #4]
 199              		.loc 1 265 0
 200 0076 1946     		mov	r1, r3
 201              		.loc 1 263 0
 202 0078 42F4E012 		orr	r2, r2, #1835008
 203 007c 5A60     		str	r2, [r3, #4]
 204              		.loc 1 264 0
 205 007e 1A68     		ldr	r2, [r3, #0]
 206 0080 42F08072 		orr	r2, r2, #16777216
 207 0084 1A60     		str	r2, [r3, #0]
 208              	.L7:
 209              		.loc 1 265 0 discriminator 1
 210 0086 0A68     		ldr	r2, [r1, #0]
 211 0088 4FF48053 		mov	r3, #4096
 212 008c 9201     		lsls	r2, r2, #6
 213 008e C4F20203 		movt	r3, 16386
 214 0092 F8D5     		bpl	.L7
 215              		.loc 1 271 0
 216 0094 4FF4C841 		mov	r1, #25600
 217 0098 C0F21C01 		movt	r1, 28
 218              		.loc 1 279 0
 219 009c 4FF40052 		mov	r2, #8192
 220              		.loc 1 271 0
 221 00a0 5960     		str	r1, [r3, #4]
 222              		.loc 1 279 0
 223 00a2 C4F20202 		movt	r2, 16386
 224 00a6 1121     		movs	r1, #17
 225 00a8 1160     		str	r1, [r2, #0]
 226              		.loc 1 283 0
ARM GAS  /var/folders/dt/0wfd0knj7gs46m8vwfzktm600000gn/T//cccDDPmP.s 			page 5


 227 00aa 5968     		ldr	r1, [r3, #4]
 228              		.loc 1 284 0
 229 00ac 1A46     		mov	r2, r3
 230              		.loc 1 283 0
 231 00ae 41F00201 		orr	r1, r1, #2
 232 00b2 5960     		str	r1, [r3, #4]
 233              	.L8:
 234              		.loc 1 284 0 discriminator 1
 235 00b4 5368     		ldr	r3, [r2, #4]
 236 00b6 03F00C03 		and	r3, r3, #12
 237 00ba 082B     		cmp	r3, #8
 238 00bc FAD1     		bne	.L8
 239              		.loc 1 288 0
 240 00be 7047     		bx	lr
 241              		.cfi_endproc
 242              	.LFE64:
 243              		.size	stm32_clock_init, .-stm32_clock_init
 244              		.text
 245              	.Letext0:
 246              		.file 2 "/Users/toxygen/Applications/yagarto-4.7.2/bin/../lib/gcc/arm-none-eabi/4.7.2/../../../../
 247              		.file 3 "../../os/ports/common/ARMCMx/nvic.h"
 248              		.file 4 "../../os/ports/common/ARMCMx/CMSIS/include/core_cm3.h"
 249              		.file 5 "../../os/hal/platforms/STM32F1xx/stm32f10x.h"
 250              		.section	.debug_info,"",%progbits
 251              	.Ldebug_info0:
 252 0000 CD030000 		.4byte	0x3cd
 253 0004 0200     		.2byte	0x2
 254 0006 00000000 		.4byte	.Ldebug_abbrev0
 255 000a 04       		.byte	0x4
 256 000b 01       		.uleb128 0x1
 257 000c 9F010000 		.4byte	.LASF48
 258 0010 01       		.byte	0x1
 259 0011 3E010000 		.4byte	.LASF49
 260 0015 57000000 		.4byte	.LASF50
 261 0019 20000000 		.4byte	.Ldebug_ranges0+0x20
 262 001d 00000000 		.4byte	0
 263 0021 00000000 		.4byte	0
 264 0025 00000000 		.4byte	.Ldebug_line0
 265 0029 02       		.uleb128 0x2
 266 002a 04       		.byte	0x4
 267 002b 05       		.byte	0x5
 268 002c 696E7400 		.ascii	"int\000"
 269 0030 03       		.uleb128 0x3
 270 0031 04       		.byte	0x4
 271 0032 07       		.byte	0x7
 272 0033 89010000 		.4byte	.LASF0
 273 0037 03       		.uleb128 0x3
 274 0038 01       		.byte	0x1
 275 0039 06       		.byte	0x6
 276 003a AC000000 		.4byte	.LASF1
 277 003e 03       		.uleb128 0x3
 278 003f 01       		.byte	0x1
 279 0040 08       		.byte	0x8
 280 0041 28010000 		.4byte	.LASF2
 281 0045 03       		.uleb128 0x3
 282 0046 02       		.byte	0x2
 283 0047 05       		.byte	0x5
ARM GAS  /var/folders/dt/0wfd0knj7gs46m8vwfzktm600000gn/T//cccDDPmP.s 			page 6


 284 0048 0F000000 		.4byte	.LASF3
 285 004c 04       		.uleb128 0x4
 286 004d 96010000 		.4byte	.LASF5
 287 0051 02       		.byte	0x2
 288 0052 36       		.byte	0x36
 289 0053 57000000 		.4byte	0x57
 290 0057 03       		.uleb128 0x3
 291 0058 02       		.byte	0x2
 292 0059 07       		.byte	0x7
 293 005a C5010000 		.4byte	.LASF4
 294 005e 04       		.uleb128 0x4
 295 005f E5010000 		.4byte	.LASF6
 296 0063 02       		.byte	0x2
 297 0064 4F       		.byte	0x4f
 298 0065 69000000 		.4byte	0x69
 299 0069 03       		.uleb128 0x3
 300 006a 04       		.byte	0x4
 301 006b 05       		.byte	0x5
 302 006c F1000000 		.4byte	.LASF7
 303 0070 04       		.uleb128 0x4
 304 0071 80010000 		.4byte	.LASF8
 305 0075 02       		.byte	0x2
 306 0076 50       		.byte	0x50
 307 0077 7B000000 		.4byte	0x7b
 308 007b 03       		.uleb128 0x3
 309 007c 04       		.byte	0x4
 310 007d 07       		.byte	0x7
 311 007e FC010000 		.4byte	.LASF9
 312 0082 03       		.uleb128 0x3
 313 0083 08       		.byte	0x8
 314 0084 05       		.byte	0x5
 315 0085 D0000000 		.4byte	.LASF10
 316 0089 03       		.uleb128 0x3
 317 008a 08       		.byte	0x8
 318 008b 07       		.byte	0x7
 319 008c 69010000 		.4byte	.LASF11
 320 0090 04       		.uleb128 0x4
 321 0091 B8000000 		.4byte	.LASF12
 322 0095 03       		.byte	0x3
 323 0096 3A       		.byte	0x3a
 324 0097 9B000000 		.4byte	0x9b
 325 009b 05       		.uleb128 0x5
 326 009c 70000000 		.4byte	0x70
 327 00a0 03       		.uleb128 0x3
 328 00a1 04       		.byte	0x4
 329 00a2 07       		.byte	0x7
 330 00a3 19000000 		.4byte	.LASF13
 331 00a7 06       		.uleb128 0x6
 332 00a8 10       		.byte	0x10
 333 00a9 03       		.byte	0x3
 334 00aa F1       		.byte	0xf1
 335 00ab E8000000 		.4byte	0xe8
 336 00af 07       		.uleb128 0x7
 337 00b0 EB000000 		.4byte	.LASF14
 338 00b4 03       		.byte	0x3
 339 00b5 F2       		.byte	0xf2
 340 00b6 90000000 		.4byte	0x90
ARM GAS  /var/folders/dt/0wfd0knj7gs46m8vwfzktm600000gn/T//cccDDPmP.s 			page 7


 341 00ba 02       		.byte	0x2
 342 00bb 23       		.byte	0x23
 343 00bc 00       		.uleb128 0
 344 00bd 07       		.uleb128 0x7
 345 00be 85000000 		.4byte	.LASF15
 346 00c2 03       		.byte	0x3
 347 00c3 F3       		.byte	0xf3
 348 00c4 90000000 		.4byte	0x90
 349 00c8 02       		.byte	0x2
 350 00c9 23       		.byte	0x23
 351 00ca 04       		.uleb128 0x4
 352 00cb 07       		.uleb128 0x7
 353 00cc A6000000 		.4byte	.LASF16
 354 00d0 03       		.byte	0x3
 355 00d1 F4       		.byte	0xf4
 356 00d2 90000000 		.4byte	0x90
 357 00d6 02       		.byte	0x2
 358 00d7 23       		.byte	0x23
 359 00d8 08       		.uleb128 0x8
 360 00d9 07       		.uleb128 0x7
 361 00da 09000000 		.4byte	.LASF17
 362 00de 03       		.byte	0x3
 363 00df F5       		.byte	0xf5
 364 00e0 90000000 		.4byte	0x90
 365 00e4 02       		.byte	0x2
 366 00e5 23       		.byte	0x23
 367 00e6 0C       		.uleb128 0xc
 368 00e7 00       		.byte	0
 369 00e8 04       		.uleb128 0x4
 370 00e9 DD010000 		.4byte	.LASF18
 371 00ed 03       		.byte	0x3
 372 00ee F6       		.byte	0xf6
 373 00ef A7000000 		.4byte	0xa7
 374 00f3 08       		.uleb128 0x8
 375 00f4 20       		.byte	0x20
 376 00f5 03       		.byte	0x3
 377 00f6 0601     		.2byte	0x106
 378 00f8 75010000 		.4byte	0x175
 379 00fc 09       		.uleb128 0x9
 380 00fd 48000000 		.4byte	.LASF19
 381 0101 03       		.byte	0x3
 382 0102 0701     		.2byte	0x107
 383 0104 90000000 		.4byte	0x90
 384 0108 02       		.byte	0x2
 385 0109 23       		.byte	0x23
 386 010a 00       		.uleb128 0
 387 010b 09       		.uleb128 0x9
 388 010c DE000000 		.4byte	.LASF20
 389 0110 03       		.byte	0x3
 390 0111 0801     		.2byte	0x108
 391 0113 90000000 		.4byte	0x90
 392 0117 02       		.byte	0x2
 393 0118 23       		.byte	0x23
 394 0119 04       		.uleb128 0x4
 395 011a 09       		.uleb128 0x9
 396 011b F5010000 		.4byte	.LASF21
 397 011f 03       		.byte	0x3
ARM GAS  /var/folders/dt/0wfd0knj7gs46m8vwfzktm600000gn/T//cccDDPmP.s 			page 8


 398 0120 0901     		.2byte	0x109
 399 0122 90000000 		.4byte	0x90
 400 0126 02       		.byte	0x2
 401 0127 23       		.byte	0x23
 402 0128 08       		.uleb128 0x8
 403 0129 09       		.uleb128 0x9
 404 012a 21010000 		.4byte	.LASF22
 405 012e 03       		.byte	0x3
 406 012f 0A01     		.2byte	0x10a
 407 0131 90000000 		.4byte	0x90
 408 0135 02       		.byte	0x2
 409 0136 23       		.byte	0x23
 410 0137 0C       		.uleb128 0xc
 411 0138 09       		.uleb128 0x9
 412 0139 0E020000 		.4byte	.LASF23
 413 013d 03       		.byte	0x3
 414 013e 0B01     		.2byte	0x10b
 415 0140 90000000 		.4byte	0x90
 416 0144 02       		.byte	0x2
 417 0145 23       		.byte	0x23
 418 0146 10       		.uleb128 0x10
 419 0147 09       		.uleb128 0x9
 420 0148 28020000 		.4byte	.LASF24
 421 014c 03       		.byte	0x3
 422 014d 0C01     		.2byte	0x10c
 423 014f 90000000 		.4byte	0x90
 424 0153 02       		.byte	0x2
 425 0154 23       		.byte	0x23
 426 0155 14       		.uleb128 0x14
 427 0156 09       		.uleb128 0x9
 428 0157 2C000000 		.4byte	.LASF25
 429 015b 03       		.byte	0x3
 430 015c 0D01     		.2byte	0x10d
 431 015e 90000000 		.4byte	0x90
 432 0162 02       		.byte	0x2
 433 0163 23       		.byte	0x23
 434 0164 18       		.uleb128 0x18
 435 0165 09       		.uleb128 0x9
 436 0166 27000000 		.4byte	.LASF26
 437 016a 03       		.byte	0x3
 438 016b 0E01     		.2byte	0x10e
 439 016d 90000000 		.4byte	0x90
 440 0171 02       		.byte	0x2
 441 0172 23       		.byte	0x23
 442 0173 1C       		.uleb128 0x1c
 443 0174 00       		.byte	0
 444 0175 0A       		.uleb128 0xa
 445 0176 ED010000 		.4byte	.LASF27
 446 017a 03       		.byte	0x3
 447 017b 0F01     		.2byte	0x10f
 448 017d F3000000 		.4byte	0xf3
 449 0181 03       		.uleb128 0x3
 450 0182 01       		.byte	0x1
 451 0183 08       		.byte	0x8
 452 0184 D8010000 		.4byte	.LASF28
 453 0188 0B       		.uleb128 0xb
 454 0189 9B000000 		.4byte	0x9b
ARM GAS  /var/folders/dt/0wfd0knj7gs46m8vwfzktm600000gn/T//cccDDPmP.s 			page 9


 455 018d 08       		.uleb128 0x8
 456 018e 10       		.byte	0x10
 457 018f 04       		.byte	0x4
 458 0190 3802     		.2byte	0x238
 459 0192 D3010000 		.4byte	0x1d3
 460 0196 09       		.uleb128 0x9
 461 0197 48000000 		.4byte	.LASF19
 462 019b 04       		.byte	0x4
 463 019c 3A02     		.2byte	0x23a
 464 019e 9B000000 		.4byte	0x9b
 465 01a2 02       		.byte	0x2
 466 01a3 23       		.byte	0x23
 467 01a4 00       		.uleb128 0
 468 01a5 09       		.uleb128 0x9
 469 01a6 2F020000 		.4byte	.LASF29
 470 01aa 04       		.byte	0x4
 471 01ab 3B02     		.2byte	0x23b
 472 01ad 9B000000 		.4byte	0x9b
 473 01b1 02       		.byte	0x2
 474 01b2 23       		.byte	0x23
 475 01b3 04       		.uleb128 0x4
 476 01b4 0C       		.uleb128 0xc
 477 01b5 56414C00 		.ascii	"VAL\000"
 478 01b9 04       		.byte	0x4
 479 01ba 3C02     		.2byte	0x23c
 480 01bc 9B000000 		.4byte	0x9b
 481 01c0 02       		.byte	0x2
 482 01c1 23       		.byte	0x23
 483 01c2 08       		.uleb128 0x8
 484 01c3 09       		.uleb128 0x9
 485 01c4 E5000000 		.4byte	.LASF30
 486 01c8 04       		.byte	0x4
 487 01c9 3D02     		.2byte	0x23d
 488 01cb 88010000 		.4byte	0x188
 489 01cf 02       		.byte	0x2
 490 01d0 23       		.byte	0x23
 491 01d1 0C       		.uleb128 0xc
 492 01d2 00       		.byte	0
 493 01d3 0A       		.uleb128 0xa
 494 01d4 B8010000 		.4byte	.LASF31
 495 01d8 04       		.byte	0x4
 496 01d9 3E02     		.2byte	0x23e
 497 01db 8D010000 		.4byte	0x18d
 498 01df 05       		.uleb128 0x5
 499 01e0 5E000000 		.4byte	0x5e
 500 01e4 08       		.uleb128 0x8
 501 01e5 24       		.byte	0x24
 502 01e6 05       		.byte	0x5
 503 01e7 9403     		.2byte	0x394
 504 01e9 72020000 		.4byte	0x272
 505 01ed 0C       		.uleb128 0xc
 506 01ee 41435200 		.ascii	"ACR\000"
 507 01f2 05       		.byte	0x5
 508 01f3 9603     		.2byte	0x396
 509 01f5 9B000000 		.4byte	0x9b
 510 01f9 02       		.byte	0x2
 511 01fa 23       		.byte	0x23
ARM GAS  /var/folders/dt/0wfd0knj7gs46m8vwfzktm600000gn/T//cccDDPmP.s 			page 10


 512 01fb 00       		.uleb128 0
 513 01fc 09       		.uleb128 0x9
 514 01fd 4D000000 		.4byte	.LASF32
 515 0201 05       		.byte	0x5
 516 0202 9703     		.2byte	0x397
 517 0204 9B000000 		.4byte	0x9b
 518 0208 02       		.byte	0x2
 519 0209 23       		.byte	0x23
 520 020a 04       		.uleb128 0x4
 521 020b 09       		.uleb128 0x9
 522 020c C0000000 		.4byte	.LASF33
 523 0210 05       		.byte	0x5
 524 0211 9803     		.2byte	0x398
 525 0213 9B000000 		.4byte	0x9b
 526 0217 02       		.byte	0x2
 527 0218 23       		.byte	0x23
 528 0219 08       		.uleb128 0x8
 529 021a 0C       		.uleb128 0xc
 530 021b 535200   		.ascii	"SR\000"
 531 021e 05       		.byte	0x5
 532 021f 9903     		.2byte	0x399
 533 0221 9B000000 		.4byte	0x9b
 534 0225 02       		.byte	0x2
 535 0226 23       		.byte	0x23
 536 0227 0C       		.uleb128 0xc
 537 0228 0C       		.uleb128 0xc
 538 0229 435200   		.ascii	"CR\000"
 539 022c 05       		.byte	0x5
 540 022d 9A03     		.2byte	0x39a
 541 022f 9B000000 		.4byte	0x9b
 542 0233 02       		.byte	0x2
 543 0234 23       		.byte	0x23
 544 0235 10       		.uleb128 0x10
 545 0236 0C       		.uleb128 0xc
 546 0237 415200   		.ascii	"AR\000"
 547 023a 05       		.byte	0x5
 548 023b 9B03     		.2byte	0x39b
 549 023d 9B000000 		.4byte	0x9b
 550 0241 02       		.byte	0x2
 551 0242 23       		.byte	0x23
 552 0243 14       		.uleb128 0x14
 553 0244 09       		.uleb128 0x9
 554 0245 34020000 		.4byte	.LASF34
 555 0249 05       		.byte	0x5
 556 024a 9C03     		.2byte	0x39c
 557 024c 9B000000 		.4byte	0x9b
 558 0250 02       		.byte	0x2
 559 0251 23       		.byte	0x23
 560 0252 18       		.uleb128 0x18
 561 0253 0C       		.uleb128 0xc
 562 0254 4F425200 		.ascii	"OBR\000"
 563 0258 05       		.byte	0x5
 564 0259 9D03     		.2byte	0x39d
 565 025b 9B000000 		.4byte	0x9b
 566 025f 02       		.byte	0x2
 567 0260 23       		.byte	0x23
 568 0261 1C       		.uleb128 0x1c
ARM GAS  /var/folders/dt/0wfd0knj7gs46m8vwfzktm600000gn/T//cccDDPmP.s 			page 11


 569 0262 09       		.uleb128 0x9
 570 0263 1C010000 		.4byte	.LASF35
 571 0267 05       		.byte	0x5
 572 0268 9E03     		.2byte	0x39e
 573 026a 9B000000 		.4byte	0x9b
 574 026e 02       		.byte	0x2
 575 026f 23       		.byte	0x23
 576 0270 20       		.uleb128 0x20
 577 0271 00       		.byte	0
 578 0272 0A       		.uleb128 0xa
 579 0273 3D020000 		.4byte	.LASF36
 580 0277 05       		.byte	0x5
 581 0278 A703     		.2byte	0x3a7
 582 027a E4010000 		.4byte	0x1e4
 583 027e 08       		.uleb128 0x8
 584 027f 08       		.byte	0x8
 585 0280 05       		.byte	0x5
 586 0281 3904     		.2byte	0x439
 587 0283 A5020000 		.4byte	0x2a5
 588 0287 0C       		.uleb128 0xc
 589 0288 435200   		.ascii	"CR\000"
 590 028b 05       		.byte	0x5
 591 028c 3B04     		.2byte	0x43b
 592 028e 9B000000 		.4byte	0x9b
 593 0292 02       		.byte	0x2
 594 0293 23       		.byte	0x23
 595 0294 00       		.uleb128 0
 596 0295 0C       		.uleb128 0xc
 597 0296 43535200 		.ascii	"CSR\000"
 598 029a 05       		.byte	0x5
 599 029b 3C04     		.2byte	0x43c
 600 029d 9B000000 		.4byte	0x9b
 601 02a1 02       		.byte	0x2
 602 02a2 23       		.byte	0x23
 603 02a3 04       		.uleb128 0x4
 604 02a4 00       		.byte	0
 605 02a5 0A       		.uleb128 0xa
 606 02a6 34000000 		.4byte	.LASF37
 607 02aa 05       		.byte	0x5
 608 02ab 3D04     		.2byte	0x43d
 609 02ad 7E020000 		.4byte	0x27e
 610 02b1 08       		.uleb128 0x8
 611 02b2 30       		.byte	0x30
 612 02b3 05       		.byte	0x5
 613 02b4 4304     		.2byte	0x443
 614 02b6 6E030000 		.4byte	0x36e
 615 02ba 0C       		.uleb128 0xc
 616 02bb 435200   		.ascii	"CR\000"
 617 02be 05       		.byte	0x5
 618 02bf 4504     		.2byte	0x445
 619 02c1 9B000000 		.4byte	0x9b
 620 02c5 02       		.byte	0x2
 621 02c6 23       		.byte	0x23
 622 02c7 00       		.uleb128 0
 623 02c8 09       		.uleb128 0x9
 624 02c9 52000000 		.4byte	.LASF38
 625 02cd 05       		.byte	0x5
ARM GAS  /var/folders/dt/0wfd0knj7gs46m8vwfzktm600000gn/T//cccDDPmP.s 			page 12


 626 02ce 4604     		.2byte	0x446
 627 02d0 9B000000 		.4byte	0x9b
 628 02d4 02       		.byte	0x2
 629 02d5 23       		.byte	0x23
 630 02d6 04       		.uleb128 0x4
 631 02d7 0C       		.uleb128 0xc
 632 02d8 43495200 		.ascii	"CIR\000"
 633 02dc 05       		.byte	0x5
 634 02dd 4704     		.2byte	0x447
 635 02df 9B000000 		.4byte	0x9b
 636 02e3 02       		.byte	0x2
 637 02e4 23       		.byte	0x23
 638 02e5 08       		.uleb128 0x8
 639 02e6 09       		.uleb128 0x9
 640 02e7 13010000 		.4byte	.LASF39
 641 02eb 05       		.byte	0x5
 642 02ec 4804     		.2byte	0x448
 643 02ee 9B000000 		.4byte	0x9b
 644 02f2 02       		.byte	0x2
 645 02f3 23       		.byte	0x23
 646 02f4 0C       		.uleb128 0xc
 647 02f5 09       		.uleb128 0x9
 648 02f6 00000000 		.4byte	.LASF40
 649 02fa 05       		.byte	0x5
 650 02fb 4904     		.2byte	0x449
 651 02fd 9B000000 		.4byte	0x9b
 652 0301 02       		.byte	0x2
 653 0302 23       		.byte	0x23
 654 0303 10       		.uleb128 0x10
 655 0304 09       		.uleb128 0x9
 656 0305 0C010000 		.4byte	.LASF41
 657 0309 05       		.byte	0x5
 658 030a 4A04     		.2byte	0x44a
 659 030c 9B000000 		.4byte	0x9b
 660 0310 02       		.byte	0x2
 661 0311 23       		.byte	0x23
 662 0312 14       		.uleb128 0x14
 663 0313 09       		.uleb128 0x9
 664 0314 36010000 		.4byte	.LASF42
 665 0318 05       		.byte	0x5
 666 0319 4B04     		.2byte	0x44b
 667 031b 9B000000 		.4byte	0x9b
 668 031f 02       		.byte	0x2
 669 0320 23       		.byte	0x23
 670 0321 18       		.uleb128 0x18
 671 0322 09       		.uleb128 0x9
 672 0323 40000000 		.4byte	.LASF43
 673 0327 05       		.byte	0x5
 674 0328 4C04     		.2byte	0x44c
 675 032a 9B000000 		.4byte	0x9b
 676 032e 02       		.byte	0x2
 677 032f 23       		.byte	0x23
 678 0330 1C       		.uleb128 0x1c
 679 0331 09       		.uleb128 0x9
 680 0332 22000000 		.4byte	.LASF44
 681 0336 05       		.byte	0x5
 682 0337 4D04     		.2byte	0x44d
ARM GAS  /var/folders/dt/0wfd0knj7gs46m8vwfzktm600000gn/T//cccDDPmP.s 			page 13


 683 0339 9B000000 		.4byte	0x9b
 684 033d 02       		.byte	0x2
 685 033e 23       		.byte	0x23
 686 033f 20       		.uleb128 0x20
 687 0340 0C       		.uleb128 0xc
 688 0341 43535200 		.ascii	"CSR\000"
 689 0345 05       		.byte	0x5
 690 0346 4E04     		.2byte	0x44e
 691 0348 9B000000 		.4byte	0x9b
 692 034c 02       		.byte	0x2
 693 034d 23       		.byte	0x23
 694 034e 24       		.uleb128 0x24
 695 034f 09       		.uleb128 0x9
 696 0350 C8000000 		.4byte	.LASF45
 697 0354 05       		.byte	0x5
 698 0355 5104     		.2byte	0x451
 699 0357 9B000000 		.4byte	0x9b
 700 035b 02       		.byte	0x2
 701 035c 23       		.byte	0x23
 702 035d 28       		.uleb128 0x28
 703 035e 09       		.uleb128 0x9
 704 035f FA000000 		.4byte	.LASF46
 705 0363 05       		.byte	0x5
 706 0364 5204     		.2byte	0x452
 707 0366 9B000000 		.4byte	0x9b
 708 036a 02       		.byte	0x2
 709 036b 23       		.byte	0x23
 710 036c 2C       		.uleb128 0x2c
 711 036d 00       		.byte	0
 712 036e 0A       		.uleb128 0xa
 713 036f 00010000 		.4byte	.LASF47
 714 0373 05       		.byte	0x5
 715 0374 5904     		.2byte	0x459
 716 0376 B1020000 		.4byte	0x2b1
 717 037a 0D       		.uleb128 0xd
 718 037b 8B000000 		.4byte	.LASF51
 719 037f 01       		.byte	0x1
 720 0380 38       		.byte	0x38
 721 0381 01       		.byte	0x1
 722 0382 01       		.byte	0x1
 723 0383 0E       		.uleb128 0xe
 724 0384 01       		.byte	0x1
 725 0385 AB010000 		.4byte	.LASF52
 726 0389 01       		.byte	0x1
 727 038a 6A       		.byte	0x6a
 728 038b 01       		.byte	0x1
 729 038c 00000000 		.4byte	.LFB63
 730 0390 74000000 		.4byte	.LFE63
 731 0394 00000000 		.4byte	.LLST0
 732 0398 01       		.byte	0x1
 733 0399 AD030000 		.4byte	0x3ad
 734 039d 0F       		.uleb128 0xf
 735 039e 7A030000 		.4byte	0x37a
 736 03a2 4A000000 		.4byte	.LBB4
 737 03a6 00000000 		.4byte	.Ldebug_ranges0+0
 738 03aa 01       		.byte	0x1
 739 03ab 80       		.byte	0x80
ARM GAS  /var/folders/dt/0wfd0knj7gs46m8vwfzktm600000gn/T//cccDDPmP.s 			page 14


 740 03ac 00       		.byte	0
 741 03ad 10       		.uleb128 0x10
 742 03ae 01       		.byte	0x1
 743 03af 17020000 		.4byte	.LASF53
 744 03b3 01       		.byte	0x1
 745 03b4 D9       		.byte	0xd9
 746 03b5 01       		.byte	0x1
 747 03b6 00000000 		.4byte	.LFB64
 748 03ba C0000000 		.4byte	.LFE64
 749 03be 02       		.byte	0x2
 750 03bf 7D       		.byte	0x7d
 751 03c0 00       		.sleb128 0
 752 03c1 01       		.byte	0x1
 753 03c2 11       		.uleb128 0x11
 754 03c3 4B020000 		.4byte	.LASF54
 755 03c7 04       		.byte	0x4
 756 03c8 9404     		.2byte	0x494
 757 03ca DF010000 		.4byte	0x1df
 758 03ce 01       		.byte	0x1
 759 03cf 01       		.byte	0x1
 760 03d0 00       		.byte	0
 761              		.section	.debug_abbrev,"",%progbits
 762              	.Ldebug_abbrev0:
 763 0000 01       		.uleb128 0x1
 764 0001 11       		.uleb128 0x11
 765 0002 01       		.byte	0x1
 766 0003 25       		.uleb128 0x25
 767 0004 0E       		.uleb128 0xe
 768 0005 13       		.uleb128 0x13
 769 0006 0B       		.uleb128 0xb
 770 0007 03       		.uleb128 0x3
 771 0008 0E       		.uleb128 0xe
 772 0009 1B       		.uleb128 0x1b
 773 000a 0E       		.uleb128 0xe
 774 000b 55       		.uleb128 0x55
 775 000c 06       		.uleb128 0x6
 776 000d 11       		.uleb128 0x11
 777 000e 01       		.uleb128 0x1
 778 000f 52       		.uleb128 0x52
 779 0010 01       		.uleb128 0x1
 780 0011 10       		.uleb128 0x10
 781 0012 06       		.uleb128 0x6
 782 0013 00       		.byte	0
 783 0014 00       		.byte	0
 784 0015 02       		.uleb128 0x2
 785 0016 24       		.uleb128 0x24
 786 0017 00       		.byte	0
 787 0018 0B       		.uleb128 0xb
 788 0019 0B       		.uleb128 0xb
 789 001a 3E       		.uleb128 0x3e
 790 001b 0B       		.uleb128 0xb
 791 001c 03       		.uleb128 0x3
 792 001d 08       		.uleb128 0x8
 793 001e 00       		.byte	0
 794 001f 00       		.byte	0
 795 0020 03       		.uleb128 0x3
 796 0021 24       		.uleb128 0x24
ARM GAS  /var/folders/dt/0wfd0knj7gs46m8vwfzktm600000gn/T//cccDDPmP.s 			page 15


 797 0022 00       		.byte	0
 798 0023 0B       		.uleb128 0xb
 799 0024 0B       		.uleb128 0xb
 800 0025 3E       		.uleb128 0x3e
 801 0026 0B       		.uleb128 0xb
 802 0027 03       		.uleb128 0x3
 803 0028 0E       		.uleb128 0xe
 804 0029 00       		.byte	0
 805 002a 00       		.byte	0
 806 002b 04       		.uleb128 0x4
 807 002c 16       		.uleb128 0x16
 808 002d 00       		.byte	0
 809 002e 03       		.uleb128 0x3
 810 002f 0E       		.uleb128 0xe
 811 0030 3A       		.uleb128 0x3a
 812 0031 0B       		.uleb128 0xb
 813 0032 3B       		.uleb128 0x3b
 814 0033 0B       		.uleb128 0xb
 815 0034 49       		.uleb128 0x49
 816 0035 13       		.uleb128 0x13
 817 0036 00       		.byte	0
 818 0037 00       		.byte	0
 819 0038 05       		.uleb128 0x5
 820 0039 35       		.uleb128 0x35
 821 003a 00       		.byte	0
 822 003b 49       		.uleb128 0x49
 823 003c 13       		.uleb128 0x13
 824 003d 00       		.byte	0
 825 003e 00       		.byte	0
 826 003f 06       		.uleb128 0x6
 827 0040 13       		.uleb128 0x13
 828 0041 01       		.byte	0x1
 829 0042 0B       		.uleb128 0xb
 830 0043 0B       		.uleb128 0xb
 831 0044 3A       		.uleb128 0x3a
 832 0045 0B       		.uleb128 0xb
 833 0046 3B       		.uleb128 0x3b
 834 0047 0B       		.uleb128 0xb
 835 0048 01       		.uleb128 0x1
 836 0049 13       		.uleb128 0x13
 837 004a 00       		.byte	0
 838 004b 00       		.byte	0
 839 004c 07       		.uleb128 0x7
 840 004d 0D       		.uleb128 0xd
 841 004e 00       		.byte	0
 842 004f 03       		.uleb128 0x3
 843 0050 0E       		.uleb128 0xe
 844 0051 3A       		.uleb128 0x3a
 845 0052 0B       		.uleb128 0xb
 846 0053 3B       		.uleb128 0x3b
 847 0054 0B       		.uleb128 0xb
 848 0055 49       		.uleb128 0x49
 849 0056 13       		.uleb128 0x13
 850 0057 38       		.uleb128 0x38
 851 0058 0A       		.uleb128 0xa
 852 0059 00       		.byte	0
 853 005a 00       		.byte	0
ARM GAS  /var/folders/dt/0wfd0knj7gs46m8vwfzktm600000gn/T//cccDDPmP.s 			page 16


 854 005b 08       		.uleb128 0x8
 855 005c 13       		.uleb128 0x13
 856 005d 01       		.byte	0x1
 857 005e 0B       		.uleb128 0xb
 858 005f 0B       		.uleb128 0xb
 859 0060 3A       		.uleb128 0x3a
 860 0061 0B       		.uleb128 0xb
 861 0062 3B       		.uleb128 0x3b
 862 0063 05       		.uleb128 0x5
 863 0064 01       		.uleb128 0x1
 864 0065 13       		.uleb128 0x13
 865 0066 00       		.byte	0
 866 0067 00       		.byte	0
 867 0068 09       		.uleb128 0x9
 868 0069 0D       		.uleb128 0xd
 869 006a 00       		.byte	0
 870 006b 03       		.uleb128 0x3
 871 006c 0E       		.uleb128 0xe
 872 006d 3A       		.uleb128 0x3a
 873 006e 0B       		.uleb128 0xb
 874 006f 3B       		.uleb128 0x3b
 875 0070 05       		.uleb128 0x5
 876 0071 49       		.uleb128 0x49
 877 0072 13       		.uleb128 0x13
 878 0073 38       		.uleb128 0x38
 879 0074 0A       		.uleb128 0xa
 880 0075 00       		.byte	0
 881 0076 00       		.byte	0
 882 0077 0A       		.uleb128 0xa
 883 0078 16       		.uleb128 0x16
 884 0079 00       		.byte	0
 885 007a 03       		.uleb128 0x3
 886 007b 0E       		.uleb128 0xe
 887 007c 3A       		.uleb128 0x3a
 888 007d 0B       		.uleb128 0xb
 889 007e 3B       		.uleb128 0x3b
 890 007f 05       		.uleb128 0x5
 891 0080 49       		.uleb128 0x49
 892 0081 13       		.uleb128 0x13
 893 0082 00       		.byte	0
 894 0083 00       		.byte	0
 895 0084 0B       		.uleb128 0xb
 896 0085 26       		.uleb128 0x26
 897 0086 00       		.byte	0
 898 0087 49       		.uleb128 0x49
 899 0088 13       		.uleb128 0x13
 900 0089 00       		.byte	0
 901 008a 00       		.byte	0
 902 008b 0C       		.uleb128 0xc
 903 008c 0D       		.uleb128 0xd
 904 008d 00       		.byte	0
 905 008e 03       		.uleb128 0x3
 906 008f 08       		.uleb128 0x8
 907 0090 3A       		.uleb128 0x3a
 908 0091 0B       		.uleb128 0xb
 909 0092 3B       		.uleb128 0x3b
 910 0093 05       		.uleb128 0x5
ARM GAS  /var/folders/dt/0wfd0knj7gs46m8vwfzktm600000gn/T//cccDDPmP.s 			page 17


 911 0094 49       		.uleb128 0x49
 912 0095 13       		.uleb128 0x13
 913 0096 38       		.uleb128 0x38
 914 0097 0A       		.uleb128 0xa
 915 0098 00       		.byte	0
 916 0099 00       		.byte	0
 917 009a 0D       		.uleb128 0xd
 918 009b 2E       		.uleb128 0x2e
 919 009c 00       		.byte	0
 920 009d 03       		.uleb128 0x3
 921 009e 0E       		.uleb128 0xe
 922 009f 3A       		.uleb128 0x3a
 923 00a0 0B       		.uleb128 0xb
 924 00a1 3B       		.uleb128 0x3b
 925 00a2 0B       		.uleb128 0xb
 926 00a3 27       		.uleb128 0x27
 927 00a4 0C       		.uleb128 0xc
 928 00a5 20       		.uleb128 0x20
 929 00a6 0B       		.uleb128 0xb
 930 00a7 00       		.byte	0
 931 00a8 00       		.byte	0
 932 00a9 0E       		.uleb128 0xe
 933 00aa 2E       		.uleb128 0x2e
 934 00ab 01       		.byte	0x1
 935 00ac 3F       		.uleb128 0x3f
 936 00ad 0C       		.uleb128 0xc
 937 00ae 03       		.uleb128 0x3
 938 00af 0E       		.uleb128 0xe
 939 00b0 3A       		.uleb128 0x3a
 940 00b1 0B       		.uleb128 0xb
 941 00b2 3B       		.uleb128 0x3b
 942 00b3 0B       		.uleb128 0xb
 943 00b4 27       		.uleb128 0x27
 944 00b5 0C       		.uleb128 0xc
 945 00b6 11       		.uleb128 0x11
 946 00b7 01       		.uleb128 0x1
 947 00b8 12       		.uleb128 0x12
 948 00b9 01       		.uleb128 0x1
 949 00ba 40       		.uleb128 0x40
 950 00bb 06       		.uleb128 0x6
 951 00bc 9742     		.uleb128 0x2117
 952 00be 0C       		.uleb128 0xc
 953 00bf 01       		.uleb128 0x1
 954 00c0 13       		.uleb128 0x13
 955 00c1 00       		.byte	0
 956 00c2 00       		.byte	0
 957 00c3 0F       		.uleb128 0xf
 958 00c4 1D       		.uleb128 0x1d
 959 00c5 00       		.byte	0
 960 00c6 31       		.uleb128 0x31
 961 00c7 13       		.uleb128 0x13
 962 00c8 52       		.uleb128 0x52
 963 00c9 01       		.uleb128 0x1
 964 00ca 55       		.uleb128 0x55
 965 00cb 06       		.uleb128 0x6
 966 00cc 58       		.uleb128 0x58
 967 00cd 0B       		.uleb128 0xb
ARM GAS  /var/folders/dt/0wfd0knj7gs46m8vwfzktm600000gn/T//cccDDPmP.s 			page 18


 968 00ce 59       		.uleb128 0x59
 969 00cf 0B       		.uleb128 0xb
 970 00d0 00       		.byte	0
 971 00d1 00       		.byte	0
 972 00d2 10       		.uleb128 0x10
 973 00d3 2E       		.uleb128 0x2e
 974 00d4 00       		.byte	0
 975 00d5 3F       		.uleb128 0x3f
 976 00d6 0C       		.uleb128 0xc
 977 00d7 03       		.uleb128 0x3
 978 00d8 0E       		.uleb128 0xe
 979 00d9 3A       		.uleb128 0x3a
 980 00da 0B       		.uleb128 0xb
 981 00db 3B       		.uleb128 0x3b
 982 00dc 0B       		.uleb128 0xb
 983 00dd 27       		.uleb128 0x27
 984 00de 0C       		.uleb128 0xc
 985 00df 11       		.uleb128 0x11
 986 00e0 01       		.uleb128 0x1
 987 00e1 12       		.uleb128 0x12
 988 00e2 01       		.uleb128 0x1
 989 00e3 40       		.uleb128 0x40
 990 00e4 0A       		.uleb128 0xa
 991 00e5 9742     		.uleb128 0x2117
 992 00e7 0C       		.uleb128 0xc
 993 00e8 00       		.byte	0
 994 00e9 00       		.byte	0
 995 00ea 11       		.uleb128 0x11
 996 00eb 34       		.uleb128 0x34
 997 00ec 00       		.byte	0
 998 00ed 03       		.uleb128 0x3
 999 00ee 0E       		.uleb128 0xe
 1000 00ef 3A       		.uleb128 0x3a
 1001 00f0 0B       		.uleb128 0xb
 1002 00f1 3B       		.uleb128 0x3b
 1003 00f2 05       		.uleb128 0x5
 1004 00f3 49       		.uleb128 0x49
 1005 00f4 13       		.uleb128 0x13
 1006 00f5 3F       		.uleb128 0x3f
 1007 00f6 0C       		.uleb128 0xc
 1008 00f7 3C       		.uleb128 0x3c
 1009 00f8 0C       		.uleb128 0xc
 1010 00f9 00       		.byte	0
 1011 00fa 00       		.byte	0
 1012 00fb 00       		.byte	0
 1013              		.section	.debug_loc,"",%progbits
 1014              	.Ldebug_loc0:
 1015              	.LLST0:
 1016 0000 00000000 		.4byte	.LFB63
 1017 0004 06000000 		.4byte	.LCFI0
 1018 0008 0200     		.2byte	0x2
 1019 000a 7D       		.byte	0x7d
 1020 000b 00       		.sleb128 0
 1021 000c 06000000 		.4byte	.LCFI0
 1022 0010 74000000 		.4byte	.LFE63
 1023 0014 0200     		.2byte	0x2
 1024 0016 7D       		.byte	0x7d
ARM GAS  /var/folders/dt/0wfd0knj7gs46m8vwfzktm600000gn/T//cccDDPmP.s 			page 19


 1025 0017 08       		.sleb128 8
 1026 0018 00000000 		.4byte	0
 1027 001c 00000000 		.4byte	0
 1028              		.section	.debug_aranges,"",%progbits
 1029 0000 24000000 		.4byte	0x24
 1030 0004 0200     		.2byte	0x2
 1031 0006 00000000 		.4byte	.Ldebug_info0
 1032 000a 04       		.byte	0x4
 1033 000b 00       		.byte	0
 1034 000c 0000     		.2byte	0
 1035 000e 0000     		.2byte	0
 1036 0010 00000000 		.4byte	.LFB63
 1037 0014 74000000 		.4byte	.LFE63-.LFB63
 1038 0018 00000000 		.4byte	.LFB64
 1039 001c C0000000 		.4byte	.LFE64-.LFB64
 1040 0020 00000000 		.4byte	0
 1041 0024 00000000 		.4byte	0
 1042              		.section	.debug_ranges,"",%progbits
 1043              	.Ldebug_ranges0:
 1044 0000 4A000000 		.4byte	.LBB4
 1045 0004 4E000000 		.4byte	.LBE4
 1046 0008 56000000 		.4byte	.LBB8
 1047 000c 5A000000 		.4byte	.LBE8
 1048 0010 68000000 		.4byte	.LBB9
 1049 0014 70000000 		.4byte	.LBE9
 1050 0018 00000000 		.4byte	0
 1051 001c 00000000 		.4byte	0
 1052 0020 00000000 		.4byte	.LFB63
 1053 0024 74000000 		.4byte	.LFE63
 1054 0028 00000000 		.4byte	.LFB64
 1055 002c C0000000 		.4byte	.LFE64
 1056 0030 00000000 		.4byte	0
 1057 0034 00000000 		.4byte	0
 1058              		.section	.debug_line,"",%progbits
 1059              	.Ldebug_line0:
 1060 0000 C1010000 		.section	.debug_str,"MS",%progbits,1
 1060      02002F01 
 1060      00000201 
 1060      FB0E0D00 
 1060      01010101 
 1061              	.LASF40:
 1062 0000 41504231 		.ascii	"APB1RSTR\000"
 1062      52535452 
 1062      00
 1063              	.LASF17:
 1064 0009 44454D43 		.ascii	"DEMCR\000"
 1064      5200
 1065              	.LASF3:
 1066 000f 73686F72 		.ascii	"short int\000"
 1066      7420696E 
 1066      7400
 1067              	.LASF13:
 1068 0019 73697A65 		.ascii	"sizetype\000"
 1068      74797065 
 1068      00
 1069              	.LASF44:
 1070 0022 42444352 		.ascii	"BDCR\000"
ARM GAS  /var/folders/dt/0wfd0knj7gs46m8vwfzktm600000gn/T//cccDDPmP.s 			page 20


 1070      00
 1071              	.LASF26:
 1072 0027 50435352 		.ascii	"PCSR\000"
 1072      00
 1073              	.LASF25:
 1074 002c 464F4C44 		.ascii	"FOLDCNT\000"
 1074      434E5400 
 1075              	.LASF37:
 1076 0034 5057525F 		.ascii	"PWR_TypeDef\000"
 1076      54797065 
 1076      44656600 
 1077              	.LASF43:
 1078 0040 41504231 		.ascii	"APB1ENR\000"
 1078      454E5200 
 1079              	.LASF19:
 1080 0048 4354524C 		.ascii	"CTRL\000"
 1080      00
 1081              	.LASF32:
 1082 004d 4B455952 		.ascii	"KEYR\000"
 1082      00
 1083              	.LASF38:
 1084 0052 43464752 		.ascii	"CFGR\000"
 1084      00
 1085              	.LASF50:
 1086 0057 2F746D70 		.ascii	"/tmp/mlab-chibios/demos/STM32F107-serialshell\000"
 1086      2F6D6C61 
 1086      622D6368 
 1086      6962696F 
 1086      732F6465 
 1087              	.LASF15:
 1088 0085 44435253 		.ascii	"DCRSR\000"
 1088      5200
 1089              	.LASF51:
 1090 008b 68616C5F 		.ascii	"hal_lld_backup_domain_init\000"
 1090      6C6C645F 
 1090      6261636B 
 1090      75705F64 
 1090      6F6D6169 
 1091              	.LASF16:
 1092 00a6 44435244 		.ascii	"DCRDR\000"
 1092      5200
 1093              	.LASF1:
 1094 00ac 7369676E 		.ascii	"signed char\000"
 1094      65642063 
 1094      68617200 
 1095              	.LASF12:
 1096 00b8 494F5245 		.ascii	"IOREG32\000"
 1096      47333200 
 1097              	.LASF33:
 1098 00c0 4F50544B 		.ascii	"OPTKEYR\000"
 1098      45595200 
 1099              	.LASF45:
 1100 00c8 41484252 		.ascii	"AHBRSTR\000"
 1100      53545200 
 1101              	.LASF10:
 1102 00d0 6C6F6E67 		.ascii	"long long int\000"
 1102      206C6F6E 
ARM GAS  /var/folders/dt/0wfd0knj7gs46m8vwfzktm600000gn/T//cccDDPmP.s 			page 21


 1102      6720696E 
 1102      7400
 1103              	.LASF20:
 1104 00de 43594343 		.ascii	"CYCCNT\000"
 1104      4E5400
 1105              	.LASF30:
 1106 00e5 43414C49 		.ascii	"CALIB\000"
 1106      4200
 1107              	.LASF14:
 1108 00eb 44484353 		.ascii	"DHCSR\000"
 1108      5200
 1109              	.LASF7:
 1110 00f1 6C6F6E67 		.ascii	"long int\000"
 1110      20696E74 
 1110      00
 1111              	.LASF46:
 1112 00fa 43464752 		.ascii	"CFGR2\000"
 1112      3200
 1113              	.LASF47:
 1114 0100 5243435F 		.ascii	"RCC_TypeDef\000"
 1114      54797065 
 1114      44656600 
 1115              	.LASF41:
 1116 010c 41484245 		.ascii	"AHBENR\000"
 1116      4E5200
 1117              	.LASF39:
 1118 0113 41504232 		.ascii	"APB2RSTR\000"
 1118      52535452 
 1118      00
 1119              	.LASF35:
 1120 011c 57525052 		.ascii	"WRPR\000"
 1120      00
 1121              	.LASF22:
 1122 0121 45584343 		.ascii	"EXCCNT\000"
 1122      4E5400
 1123              	.LASF2:
 1124 0128 756E7369 		.ascii	"unsigned char\000"
 1124      676E6564 
 1124      20636861 
 1124      7200
 1125              	.LASF42:
 1126 0136 41504232 		.ascii	"APB2ENR\000"
 1126      454E5200 
 1127              	.LASF49:
 1128 013e 2E2E2F2E 		.ascii	"../../os/hal/platforms/STM32F1xx/hal_lld.c\000"
 1128      2E2F6F73 
 1128      2F68616C 
 1128      2F706C61 
 1128      74666F72 
 1129              	.LASF11:
 1130 0169 6C6F6E67 		.ascii	"long long unsigned int\000"
 1130      206C6F6E 
 1130      6720756E 
 1130      7369676E 
 1130      65642069 
 1131              	.LASF8:
 1132 0180 75696E74 		.ascii	"uint32_t\000"
ARM GAS  /var/folders/dt/0wfd0knj7gs46m8vwfzktm600000gn/T//cccDDPmP.s 			page 22


 1132      33325F74 
 1132      00
 1133              	.LASF0:
 1134 0189 756E7369 		.ascii	"unsigned int\000"
 1134      676E6564 
 1134      20696E74 
 1134      00
 1135              	.LASF5:
 1136 0196 75696E74 		.ascii	"uint16_t\000"
 1136      31365F74 
 1136      00
 1137              	.LASF48:
 1138 019f 474E5520 		.ascii	"GNU C 4.7.2\000"
 1138      4320342E 
 1138      372E3200 
 1139              	.LASF52:
 1140 01ab 68616C5F 		.ascii	"hal_lld_init\000"
 1140      6C6C645F 
 1140      696E6974 
 1140      00
 1141              	.LASF31:
 1142 01b8 53797354 		.ascii	"SysTick_Type\000"
 1142      69636B5F 
 1142      54797065 
 1142      00
 1143              	.LASF4:
 1144 01c5 73686F72 		.ascii	"short unsigned int\000"
 1144      7420756E 
 1144      7369676E 
 1144      65642069 
 1144      6E7400
 1145              	.LASF28:
 1146 01d8 63686172 		.ascii	"char\000"
 1146      00
 1147              	.LASF18:
 1148 01dd 434D785F 		.ascii	"CMx_SCS\000"
 1148      53435300 
 1149              	.LASF6:
 1150 01e5 696E7433 		.ascii	"int32_t\000"
 1150      325F7400 
 1151              	.LASF27:
 1152 01ed 434D785F 		.ascii	"CMx_DWT\000"
 1152      44575400 
 1153              	.LASF21:
 1154 01f5 43504943 		.ascii	"CPICNT\000"
 1154      4E5400
 1155              	.LASF9:
 1156 01fc 6C6F6E67 		.ascii	"long unsigned int\000"
 1156      20756E73 
 1156      69676E65 
 1156      6420696E 
 1156      7400
 1157              	.LASF23:
 1158 020e 534C4545 		.ascii	"SLEEPCNT\000"
 1158      50434E54 
 1158      00
 1159              	.LASF53:
ARM GAS  /var/folders/dt/0wfd0knj7gs46m8vwfzktm600000gn/T//cccDDPmP.s 			page 23


 1160 0217 73746D33 		.ascii	"stm32_clock_init\000"
 1160      325F636C 
 1160      6F636B5F 
 1160      696E6974 
 1160      00
 1161              	.LASF24:
 1162 0228 4C535543 		.ascii	"LSUCNT\000"
 1162      4E5400
 1163              	.LASF29:
 1164 022f 4C4F4144 		.ascii	"LOAD\000"
 1164      00
 1165              	.LASF34:
 1166 0234 52455345 		.ascii	"RESERVED\000"
 1166      52564544 
 1166      00
 1167              	.LASF36:
 1168 023d 464C4153 		.ascii	"FLASH_TypeDef\000"
 1168      485F5479 
 1168      70654465 
 1168      6600
 1169              	.LASF54:
 1170 024b 49544D5F 		.ascii	"ITM_RxBuffer\000"
 1170      52784275 
 1170      66666572 
 1170      00
 1171              		.ident	"GCC: (GNU) 4.7.2"
ARM GAS  /var/folders/dt/0wfd0knj7gs46m8vwfzktm600000gn/T//cccDDPmP.s 			page 24


DEFINED SYMBOLS
                            *ABS*:0000000000000000 hal_lld.c
/var/folders/dt/0wfd0knj7gs46m8vwfzktm600000gn/T//cccDDPmP.s:19     .text.hal_lld_init:0000000000000000 $t
/var/folders/dt/0wfd0knj7gs46m8vwfzktm600000gn/T//cccDDPmP.s:25     .text.hal_lld_init:0000000000000000 hal_lld_init
/var/folders/dt/0wfd0knj7gs46m8vwfzktm600000gn/T//cccDDPmP.s:120    .text.stm32_clock_init:0000000000000000 $t
/var/folders/dt/0wfd0knj7gs46m8vwfzktm600000gn/T//cccDDPmP.s:126    .text.stm32_clock_init:0000000000000000 stm32_clock_init
                     .debug_frame:0000000000000010 $d

NO UNDEFINED SYMBOLS
