ARM GAS  /tmp/ccwzIquL.s 			page 1


   1              		.syntax unified
   2              		.cpu cortex-m3
   3              		.fpu softvfp
   4              		.eabi_attribute 20, 1
   5              		.eabi_attribute 21, 1
   6              		.eabi_attribute 23, 3
   7              		.eabi_attribute 24, 1
   8              		.eabi_attribute 25, 1
   9              		.eabi_attribute 26, 1
  10              		.eabi_attribute 30, 2
  11              		.eabi_attribute 34, 1
  12              		.eabi_attribute 18, 4
  13              		.thumb
  14              		.file	"nvic.c"
  15              		.text
  16              	.Ltext0:
  17              		.cfi_sections	.debug_frame
  18              		.section	.text.nvicEnableVector,"ax",%progbits
  19              		.align	2
  20              		.p2align 4,,15
  21              		.global	nvicEnableVector
  22              		.thumb
  23              		.thumb_func
  24              		.type	nvicEnableVector, %function
  25              	nvicEnableVector:
  26              	.LFB7:
  27              		.file 1 "../../os/ports/common/ARMCMx/nvic.c"
  28              		.loc 1 46 0
  29              		.cfi_startproc
  30              		@ args = 0, pretend = 0, frame = 0
  31              		@ frame_needed = 0, uses_anonymous_args = 0
  32              		@ link register save eliminated.
  33              	.LVL0:
  34              		.loc 1 47 0
  35 0000 00F00303 		and	r3, r0, #3
  36              		.loc 1 46 0
  37 0004 70B4     		push	{r4, r5, r6}
  38              	.LCFI0:
  39              		.cfi_def_cfa_offset 12
  40              		.cfi_offset 4, -12
  41              		.cfi_offset 5, -8
  42              		.cfi_offset 6, -4
  43              		.loc 1 47 0
  44 0006 DA00     		lsls	r2, r3, #3
  45              	.LVL1:
  46              		.loc 1 49 0
  47 0008 FF25     		movs	r5, #255
  48 000a 05FA02F5 		lsl	r5, r5, r2
  49              		.loc 1 50 0
  50 000e 00F01F04 		and	r4, r0, #31
  51              		.loc 1 49 0
  52 0012 01FA02F1 		lsl	r1, r1, r2
  53              	.LVL2:
  54              		.loc 1 50 0
  55 0016 0122     		movs	r2, #1
  56              	.LVL3:
  57 0018 02FA04F2 		lsl	r2, r2, r4
ARM GAS  /tmp/ccwzIquL.s 			page 2


  58              		.loc 1 49 0
  59 001c 4FF46143 		mov	r3, #57600
  60 0020 8408     		lsrs	r4, r0, #2
  61 0022 CEF20003 		movt	r3, 57344
  62 0026 C034     		adds	r4, r4, #192
  63 0028 53F82460 		ldr	r6, [r3, r4, lsl #2]
  64              		.loc 1 50 0
  65 002c 4009     		lsrs	r0, r0, #5
  66              	.LVL4:
  67              		.loc 1 49 0
  68 002e 26EA0505 		bic	r5, r6, r5
  69 0032 0D43     		orrs	r5, r5, r1
  70              		.loc 1 50 0
  71 0034 00F16006 		add	r6, r0, #96
  72              		.loc 1 49 0
  73 0038 43F82450 		str	r5, [r3, r4, lsl #2]
  74              		.loc 1 50 0
  75 003c 43F82620 		str	r2, [r3, r6, lsl #2]
  76              		.loc 1 51 0
  77 0040 43F82020 		str	r2, [r3, r0, lsl #2]
  78              		.loc 1 52 0
  79 0044 70BC     		pop	{r4, r5, r6}
  80 0046 7047     		bx	lr
  81              		.cfi_endproc
  82              	.LFE7:
  83              		.size	nvicEnableVector, .-nvicEnableVector
  84 0048 AFF30080 		.section	.text.nvicDisableVector,"ax",%progbits
  84      AFF30080 
  85              		.align	2
  86              		.p2align 4,,15
  87              		.global	nvicDisableVector
  88              		.thumb
  89              		.thumb_func
  90              		.type	nvicDisableVector, %function
  91              	nvicDisableVector:
  92              	.LFB8:
  93              		.loc 1 60 0
  94              		.cfi_startproc
  95              		@ args = 0, pretend = 0, frame = 0
  96              		@ frame_needed = 0, uses_anonymous_args = 0
  97              		@ link register save eliminated.
  98              	.LVL5:
  99 0000 10B4     		push	{r4}
 100              	.LCFI1:
 101              		.cfi_def_cfa_offset 4
 102              		.cfi_offset 4, -4
 103              		.loc 1 63 0
 104 0002 00F01F03 		and	r3, r0, #31
 105 0006 0124     		movs	r4, #1
 106 0008 04FA03F4 		lsl	r4, r4, r3
 107              		.loc 1 61 0
 108 000c 00F00302 		and	r2, r0, #3
 109 0010 D100     		lsls	r1, r2, #3
 110              	.LVL6:
 111              		.loc 1 64 0
 112 0012 FF23     		movs	r3, #255
 113 0014 03FA01F2 		lsl	r2, r3, r1
ARM GAS  /tmp/ccwzIquL.s 			page 3


 114              		.loc 1 63 0
 115 0018 4109     		lsrs	r1, r0, #5
 116              	.LVL7:
 117 001a 4FF46143 		mov	r3, #57600
 118 001e CEF20003 		movt	r3, 57344
 119 0022 2031     		adds	r1, r1, #32
 120              		.loc 1 64 0
 121 0024 8008     		lsrs	r0, r0, #2
 122              	.LVL8:
 123              		.loc 1 63 0
 124 0026 43F82140 		str	r4, [r3, r1, lsl #2]
 125              		.loc 1 64 0
 126 002a C030     		adds	r0, r0, #192
 127 002c 53F82010 		ldr	r1, [r3, r0, lsl #2]
 128 0030 21EA0202 		bic	r2, r1, r2
 129 0034 43F82020 		str	r2, [r3, r0, lsl #2]
 130              		.loc 1 65 0
 131 0038 10BC     		pop	{r4}
 132 003a 7047     		bx	lr
 133              		.cfi_endproc
 134              	.LFE8:
 135              		.size	nvicDisableVector, .-nvicDisableVector
 136 003c AFF30080 		.section	.text.nvicSetSystemHandlerPriority,"ax",%progbits
 137              		.align	2
 138              		.p2align 4,,15
 139              		.global	nvicSetSystemHandlerPriority
 140              		.thumb
 141              		.thumb_func
 142              		.type	nvicSetSystemHandlerPriority, %function
 143              	nvicSetSystemHandlerPriority:
 144              	.LFB9:
 145              		.loc 1 74 0
 146              		.cfi_startproc
 147              		@ args = 0, pretend = 0, frame = 0
 148              		@ frame_needed = 0, uses_anonymous_args = 0
 149              		@ link register save eliminated.
 150              	.LVL9:
 151              		.loc 1 75 0
 152 0000 00F00303 		and	r3, r0, #3
 153              		.loc 1 74 0
 154 0004 10B4     		push	{r4}
 155              	.LCFI2:
 156              		.cfi_def_cfa_offset 4
 157              		.cfi_offset 4, -4
 158              		.loc 1 78 0
 159 0006 FF22     		movs	r2, #255
 160              		.loc 1 75 0
 161 0008 DC00     		lsls	r4, r3, #3
 162              	.LVL10:
 163              		.loc 1 78 0
 164 000a 02FA04F2 		lsl	r2, r2, r4
 165 000e 01FA04F1 		lsl	r1, r1, r4
 166              	.LVL11:
 167              		.loc 1 77 0
 168 0012 8008     		lsrs	r0, r0, #2
 169              	.LVL12:
 170 0014 4FF46D43 		mov	r3, #60672
ARM GAS  /tmp/ccwzIquL.s 			page 4


 171 0018 CEF20003 		movt	r3, 57344
 172 001c 0630     		adds	r0, r0, #6
 173 001e 53F82040 		ldr	r4, [r3, r0, lsl #2]
 174              	.LVL13:
 175 0022 24EA0202 		bic	r2, r4, r2
 176              		.loc 1 78 0
 177 0026 0A43     		orrs	r2, r2, r1
 178              		.loc 1 77 0
 179 0028 43F82020 		str	r2, [r3, r0, lsl #2]
 180              		.loc 1 79 0
 181 002c 10BC     		pop	{r4}
 182 002e 7047     		bx	lr
 183              		.cfi_endproc
 184              	.LFE9:
 185              		.size	nvicSetSystemHandlerPriority, .-nvicSetSystemHandlerPriority
 186              		.text
 187              	.Letext0:
 188              		.file 2 "/usr/bin/../lib/gcc/arm-none-eabi/4.7.4/../../../../arm-none-eabi/include/stdint.h"
 189              		.file 3 "../../os/ports/common/ARMCMx/nvic.h"
 190              		.section	.debug_info,"",%progbits
 191              	.Ldebug_info0:
 192 0000 4A040000 		.4byte	0x44a
 193 0004 0200     		.2byte	0x2
 194 0006 00000000 		.4byte	.Ldebug_abbrev0
 195 000a 04       		.byte	0x4
 196 000b 01       		.uleb128 0x1
 197 000c F4000000 		.4byte	.LASF45
 198 0010 01       		.byte	0x1
 199 0011 0F000000 		.4byte	.LASF46
 200 0015 AB010000 		.4byte	.LASF47
 201 0019 00000000 		.4byte	.Ldebug_ranges0+0
 202 001d 00000000 		.4byte	0
 203 0021 00000000 		.4byte	0
 204 0025 00000000 		.4byte	.Ldebug_line0
 205 0029 02       		.uleb128 0x2
 206 002a 04       		.byte	0x4
 207 002b 05       		.byte	0x5
 208 002c 696E7400 		.ascii	"int\000"
 209 0030 03       		.uleb128 0x3
 210 0031 04       		.byte	0x4
 211 0032 07       		.byte	0x7
 212 0033 E2000000 		.4byte	.LASF0
 213 0037 03       		.uleb128 0x3
 214 0038 01       		.byte	0x1
 215 0039 06       		.byte	0x6
 216 003a 02020000 		.4byte	.LASF1
 217 003e 03       		.uleb128 0x3
 218 003f 01       		.byte	0x1
 219 0040 08       		.byte	0x8
 220 0041 60000000 		.4byte	.LASF2
 221 0045 03       		.uleb128 0x3
 222 0046 02       		.byte	0x2
 223 0047 05       		.byte	0x5
 224 0048 D8000000 		.4byte	.LASF3
 225 004c 03       		.uleb128 0x3
 226 004d 02       		.byte	0x2
 227 004e 07       		.byte	0x7
ARM GAS  /tmp/ccwzIquL.s 			page 5


 228 004f 9E000000 		.4byte	.LASF4
 229 0053 03       		.uleb128 0x3
 230 0054 04       		.byte	0x4
 231 0055 05       		.byte	0x5
 232 0056 F4010000 		.4byte	.LASF5
 233 005a 04       		.uleb128 0x4
 234 005b EB010000 		.4byte	.LASF9
 235 005f 02       		.byte	0x2
 236 0060 50       		.byte	0x50
 237 0061 65000000 		.4byte	0x65
 238 0065 03       		.uleb128 0x3
 239 0066 04       		.byte	0x4
 240 0067 07       		.byte	0x7
 241 0068 BB000000 		.4byte	.LASF6
 242 006c 03       		.uleb128 0x3
 243 006d 08       		.byte	0x8
 244 006e 05       		.byte	0x5
 245 006f 82010000 		.4byte	.LASF7
 246 0073 03       		.uleb128 0x3
 247 0074 08       		.byte	0x8
 248 0075 07       		.byte	0x7
 249 0076 42010000 		.4byte	.LASF8
 250 007a 04       		.uleb128 0x4
 251 007b 58000000 		.4byte	.LASF10
 252 007f 03       		.byte	0x3
 253 0080 3A       		.byte	0x3a
 254 0081 85000000 		.4byte	0x85
 255 0085 05       		.uleb128 0x5
 256 0086 5A000000 		.4byte	0x5a
 257 008a 06       		.uleb128 0x6
 258 008b 040E     		.2byte	0xe04
 259 008d 03       		.byte	0x3
 260 008e 6A       		.byte	0x6a
 261 008f 55010000 		.4byte	0x155
 262 0093 07       		.uleb128 0x7
 263 0094 9B010000 		.4byte	.LASF11
 264 0098 03       		.byte	0x3
 265 0099 6B       		.byte	0x6b
 266 009a 6C010000 		.4byte	0x16c
 267 009e 02       		.byte	0x2
 268 009f 23       		.byte	0x23
 269 00a0 00       		.uleb128 0
 270 00a1 07       		.uleb128 0x7
 271 00a2 6E000000 		.4byte	.LASF12
 272 00a6 03       		.byte	0x3
 273 00a7 6C       		.byte	0x6c
 274 00a8 81010000 		.4byte	0x181
 275 00ac 02       		.byte	0x2
 276 00ad 23       		.byte	0x23
 277 00ae 20       		.uleb128 0x20
 278 00af 07       		.uleb128 0x7
 279 00b0 53000000 		.4byte	.LASF13
 280 00b4 03       		.byte	0x3
 281 00b5 6D       		.byte	0x6d
 282 00b6 86010000 		.4byte	0x186
 283 00ba 03       		.byte	0x3
 284 00bb 23       		.byte	0x23
ARM GAS  /tmp/ccwzIquL.s 			page 6


 285 00bc 8001     		.uleb128 0x80
 286 00be 07       		.uleb128 0x7
 287 00bf 76000000 		.4byte	.LASF14
 288 00c3 03       		.byte	0x3
 289 00c4 6E       		.byte	0x6e
 290 00c5 8B010000 		.4byte	0x18b
 291 00c9 03       		.byte	0x3
 292 00ca 23       		.byte	0x23
 293 00cb A001     		.uleb128 0xa0
 294 00cd 07       		.uleb128 0x7
 295 00ce EF000000 		.4byte	.LASF15
 296 00d2 03       		.byte	0x3
 297 00d3 6F       		.byte	0x6f
 298 00d4 90010000 		.4byte	0x190
 299 00d8 03       		.byte	0x3
 300 00d9 23       		.byte	0x23
 301 00da 8002     		.uleb128 0x100
 302 00dc 07       		.uleb128 0x7
 303 00dd 7E000000 		.4byte	.LASF16
 304 00e1 03       		.byte	0x3
 305 00e2 70       		.byte	0x70
 306 00e3 95010000 		.4byte	0x195
 307 00e7 03       		.byte	0x3
 308 00e8 23       		.byte	0x23
 309 00e9 A002     		.uleb128 0x120
 310 00eb 07       		.uleb128 0x7
 311 00ec 05000000 		.4byte	.LASF17
 312 00f0 03       		.byte	0x3
 313 00f1 71       		.byte	0x71
 314 00f2 9A010000 		.4byte	0x19a
 315 00f6 03       		.byte	0x3
 316 00f7 23       		.byte	0x23
 317 00f8 8003     		.uleb128 0x180
 318 00fa 07       		.uleb128 0x7
 319 00fb 86000000 		.4byte	.LASF18
 320 00ff 03       		.byte	0x3
 321 0100 72       		.byte	0x72
 322 0101 9F010000 		.4byte	0x19f
 323 0105 03       		.byte	0x3
 324 0106 23       		.byte	0x23
 325 0107 A003     		.uleb128 0x1a0
 326 0109 07       		.uleb128 0x7
 327 010a 2B020000 		.4byte	.LASF19
 328 010e 03       		.byte	0x3
 329 010f 73       		.byte	0x73
 330 0110 A4010000 		.4byte	0x1a4
 331 0114 03       		.byte	0x3
 332 0115 23       		.byte	0x23
 333 0116 8004     		.uleb128 0x200
 334 0118 07       		.uleb128 0x7
 335 0119 8E000000 		.4byte	.LASF20
 336 011d 03       		.byte	0x3
 337 011e 74       		.byte	0x74
 338 011f B9010000 		.4byte	0x1b9
 339 0123 03       		.byte	0x3
 340 0124 23       		.byte	0x23
 341 0125 A004     		.uleb128 0x220
ARM GAS  /tmp/ccwzIquL.s 			page 7


 342 0127 08       		.uleb128 0x8
 343 0128 49505200 		.ascii	"IPR\000"
 344 012c 03       		.byte	0x3
 345 012d 75       		.byte	0x75
 346 012e CE010000 		.4byte	0x1ce
 347 0132 03       		.byte	0x3
 348 0133 23       		.byte	0x23
 349 0134 8006     		.uleb128 0x300
 350 0136 07       		.uleb128 0x7
 351 0137 96000000 		.4byte	.LASF21
 352 013b 03       		.byte	0x3
 353 013c 76       		.byte	0x76
 354 013d E4010000 		.4byte	0x1e4
 355 0141 03       		.byte	0x3
 356 0142 23       		.byte	0x23
 357 0143 F007     		.uleb128 0x3f0
 358 0145 07       		.uleb128 0x7
 359 0146 D3000000 		.4byte	.LASF22
 360 014a 03       		.byte	0x3
 361 014b 77       		.byte	0x77
 362 014c 7A000000 		.4byte	0x7a
 363 0150 03       		.byte	0x3
 364 0151 23       		.byte	0x23
 365 0152 801C     		.uleb128 0xe00
 366 0154 00       		.byte	0
 367 0155 09       		.uleb128 0x9
 368 0156 7A000000 		.4byte	0x7a
 369 015a 65010000 		.4byte	0x165
 370 015e 0A       		.uleb128 0xa
 371 015f 65010000 		.4byte	0x165
 372 0163 07       		.byte	0x7
 373 0164 00       		.byte	0
 374 0165 03       		.uleb128 0x3
 375 0166 04       		.byte	0x4
 376 0167 07       		.byte	0x7
 377 0168 79010000 		.4byte	.LASF23
 378 016c 05       		.uleb128 0x5
 379 016d 55010000 		.4byte	0x155
 380 0171 09       		.uleb128 0x9
 381 0172 7A000000 		.4byte	0x7a
 382 0176 81010000 		.4byte	0x181
 383 017a 0A       		.uleb128 0xa
 384 017b 65010000 		.4byte	0x165
 385 017f 17       		.byte	0x17
 386 0180 00       		.byte	0
 387 0181 05       		.uleb128 0x5
 388 0182 71010000 		.4byte	0x171
 389 0186 05       		.uleb128 0x5
 390 0187 55010000 		.4byte	0x155
 391 018b 05       		.uleb128 0x5
 392 018c 71010000 		.4byte	0x171
 393 0190 05       		.uleb128 0x5
 394 0191 55010000 		.4byte	0x155
 395 0195 05       		.uleb128 0x5
 396 0196 71010000 		.4byte	0x171
 397 019a 05       		.uleb128 0x5
 398 019b 55010000 		.4byte	0x155
ARM GAS  /tmp/ccwzIquL.s 			page 8


 399 019f 05       		.uleb128 0x5
 400 01a0 71010000 		.4byte	0x171
 401 01a4 05       		.uleb128 0x5
 402 01a5 55010000 		.4byte	0x155
 403 01a9 09       		.uleb128 0x9
 404 01aa 7A000000 		.4byte	0x7a
 405 01ae B9010000 		.4byte	0x1b9
 406 01b2 0A       		.uleb128 0xa
 407 01b3 65010000 		.4byte	0x165
 408 01b7 37       		.byte	0x37
 409 01b8 00       		.byte	0
 410 01b9 05       		.uleb128 0x5
 411 01ba A9010000 		.4byte	0x1a9
 412 01be 09       		.uleb128 0x9
 413 01bf 7A000000 		.4byte	0x7a
 414 01c3 CE010000 		.4byte	0x1ce
 415 01c7 0A       		.uleb128 0xa
 416 01c8 65010000 		.4byte	0x165
 417 01cc 3B       		.byte	0x3b
 418 01cd 00       		.byte	0
 419 01ce 05       		.uleb128 0x5
 420 01cf BE010000 		.4byte	0x1be
 421 01d3 09       		.uleb128 0x9
 422 01d4 7A000000 		.4byte	0x7a
 423 01d8 E4010000 		.4byte	0x1e4
 424 01dc 0B       		.uleb128 0xb
 425 01dd 65010000 		.4byte	0x165
 426 01e1 8302     		.2byte	0x283
 427 01e3 00       		.byte	0
 428 01e4 05       		.uleb128 0x5
 429 01e5 D3010000 		.4byte	0x1d3
 430 01e9 04       		.uleb128 0x4
 431 01ea 45000000 		.4byte	.LASF24
 432 01ee 03       		.byte	0x3
 433 01ef 78       		.byte	0x78
 434 01f0 8A000000 		.4byte	0x8a
 435 01f4 0C       		.uleb128 0xc
 436 01f5 8C       		.byte	0x8c
 437 01f6 03       		.byte	0x3
 438 01f7 89       		.byte	0x89
 439 01f8 24030000 		.4byte	0x324
 440 01fc 07       		.uleb128 0x7
 441 01fd 90010000 		.4byte	.LASF25
 442 0201 03       		.byte	0x3
 443 0202 8A       		.byte	0x8a
 444 0203 7A000000 		.4byte	0x7a
 445 0207 02       		.byte	0x2
 446 0208 23       		.byte	0x23
 447 0209 00       		.uleb128 0
 448 020a 07       		.uleb128 0x7
 449 020b 59010000 		.4byte	.LASF26
 450 020f 03       		.byte	0x3
 451 0210 8B       		.byte	0x8b
 452 0211 7A000000 		.4byte	0x7a
 453 0215 02       		.byte	0x2
 454 0216 23       		.byte	0x23
 455 0217 04       		.uleb128 0x4
ARM GAS  /tmp/ccwzIquL.s 			page 9


 456 0218 07       		.uleb128 0x7
 457 0219 4E000000 		.4byte	.LASF27
 458 021d 03       		.byte	0x3
 459 021e 8C       		.byte	0x8c
 460 021f 7A000000 		.4byte	0x7a
 461 0223 02       		.byte	0x2
 462 0224 23       		.byte	0x23
 463 0225 08       		.uleb128 0x8
 464 0226 07       		.uleb128 0x7
 465 0227 66010000 		.4byte	.LASF28
 466 022b 03       		.byte	0x3
 467 022c 8D       		.byte	0x8d
 468 022d 7A000000 		.4byte	0x7a
 469 0231 02       		.byte	0x2
 470 0232 23       		.byte	0x23
 471 0233 0C       		.uleb128 0xc
 472 0234 08       		.uleb128 0x8
 473 0235 53435200 		.ascii	"SCR\000"
 474 0239 03       		.byte	0x3
 475 023a 8E       		.byte	0x8e
 476 023b 7A000000 		.4byte	0x7a
 477 023f 02       		.byte	0x2
 478 0240 23       		.byte	0x23
 479 0241 10       		.uleb128 0x10
 480 0242 08       		.uleb128 0x8
 481 0243 43435200 		.ascii	"CCR\000"
 482 0247 03       		.byte	0x3
 483 0248 8F       		.byte	0x8f
 484 0249 7A000000 		.4byte	0x7a
 485 024d 02       		.byte	0x2
 486 024e 23       		.byte	0x23
 487 024f 14       		.uleb128 0x14
 488 0250 07       		.uleb128 0x7
 489 0251 FD010000 		.4byte	.LASF29
 490 0255 03       		.byte	0x3
 491 0256 90       		.byte	0x90
 492 0257 34030000 		.4byte	0x334
 493 025b 02       		.byte	0x2
 494 025c 23       		.byte	0x23
 495 025d 18       		.uleb128 0x18
 496 025e 07       		.uleb128 0x7
 497 025f E5010000 		.4byte	.LASF30
 498 0263 03       		.byte	0x3
 499 0264 91       		.byte	0x91
 500 0265 7A000000 		.4byte	0x7a
 501 0269 02       		.byte	0x2
 502 026a 23       		.byte	0x23
 503 026b 24       		.uleb128 0x24
 504 026c 07       		.uleb128 0x7
 505 026d B1000000 		.4byte	.LASF31
 506 0271 03       		.byte	0x3
 507 0272 92       		.byte	0x92
 508 0273 7A000000 		.4byte	0x7a
 509 0277 02       		.byte	0x2
 510 0278 23       		.byte	0x23
 511 0279 28       		.uleb128 0x28
 512 027a 07       		.uleb128 0x7
ARM GAS  /tmp/ccwzIquL.s 			page 10


 513 027b B6000000 		.4byte	.LASF32
 514 027f 03       		.byte	0x3
 515 0280 93       		.byte	0x93
 516 0281 7A000000 		.4byte	0x7a
 517 0285 02       		.byte	0x2
 518 0286 23       		.byte	0x23
 519 0287 2C       		.uleb128 0x2c
 520 0288 07       		.uleb128 0x7
 521 0289 3D010000 		.4byte	.LASF33
 522 028d 03       		.byte	0x3
 523 028e 94       		.byte	0x94
 524 028f 7A000000 		.4byte	0x7a
 525 0293 02       		.byte	0x2
 526 0294 23       		.byte	0x23
 527 0295 30       		.uleb128 0x30
 528 0296 07       		.uleb128 0x7
 529 0297 A5010000 		.4byte	.LASF34
 530 029b 03       		.byte	0x3
 531 029c 95       		.byte	0x95
 532 029d 7A000000 		.4byte	0x7a
 533 02a1 02       		.byte	0x2
 534 02a2 23       		.byte	0x23
 535 02a3 34       		.uleb128 0x34
 536 02a4 07       		.uleb128 0x7
 537 02a5 6C010000 		.4byte	.LASF35
 538 02a9 03       		.byte	0x3
 539 02aa 96       		.byte	0x96
 540 02ab 7A000000 		.4byte	0x7a
 541 02af 02       		.byte	0x2
 542 02b0 23       		.byte	0x23
 543 02b1 38       		.uleb128 0x38
 544 02b2 07       		.uleb128 0x7
 545 02b3 A0010000 		.4byte	.LASF36
 546 02b7 03       		.byte	0x3
 547 02b8 97       		.byte	0x97
 548 02b9 7A000000 		.4byte	0x7a
 549 02bd 02       		.byte	0x2
 550 02be 23       		.byte	0x23
 551 02bf 3C       		.uleb128 0x3c
 552 02c0 08       		.uleb128 0x8
 553 02c1 50465200 		.ascii	"PFR\000"
 554 02c5 03       		.byte	0x3
 555 02c6 98       		.byte	0x98
 556 02c7 49030000 		.4byte	0x349
 557 02cb 02       		.byte	0x2
 558 02cc 23       		.byte	0x23
 559 02cd 40       		.uleb128 0x40
 560 02ce 08       		.uleb128 0x8
 561 02cf 44465200 		.ascii	"DFR\000"
 562 02d3 03       		.byte	0x3
 563 02d4 99       		.byte	0x99
 564 02d5 7A000000 		.4byte	0x7a
 565 02d9 02       		.byte	0x2
 566 02da 23       		.byte	0x23
 567 02db 48       		.uleb128 0x48
 568 02dc 08       		.uleb128 0x8
 569 02dd 41445200 		.ascii	"ADR\000"
ARM GAS  /tmp/ccwzIquL.s 			page 11


 570 02e1 03       		.byte	0x3
 571 02e2 9A       		.byte	0x9a
 572 02e3 7A000000 		.4byte	0x7a
 573 02e7 02       		.byte	0x2
 574 02e8 23       		.byte	0x23
 575 02e9 4C       		.uleb128 0x4c
 576 02ea 07       		.uleb128 0x7
 577 02eb 0A000000 		.4byte	.LASF37
 578 02ef 03       		.byte	0x3
 579 02f0 9B       		.byte	0x9b
 580 02f1 5E030000 		.4byte	0x35e
 581 02f5 02       		.byte	0x2
 582 02f6 23       		.byte	0x23
 583 02f7 50       		.uleb128 0x50
 584 02f8 08       		.uleb128 0x8
 585 02f9 53415200 		.ascii	"SAR\000"
 586 02fd 03       		.byte	0x3
 587 02fe 9C       		.byte	0x9c
 588 02ff 73030000 		.4byte	0x373
 589 0303 02       		.byte	0x2
 590 0304 23       		.byte	0x23
 591 0305 60       		.uleb128 0x60
 592 0306 07       		.uleb128 0x7
 593 0307 6E000000 		.4byte	.LASF12
 594 030b 03       		.byte	0x3
 595 030c 9D       		.byte	0x9d
 596 030d 78030000 		.4byte	0x378
 597 0311 02       		.byte	0x2
 598 0312 23       		.byte	0x23
 599 0313 74       		.uleb128 0x74
 600 0314 07       		.uleb128 0x7
 601 0315 CD000000 		.4byte	.LASF38
 602 0319 03       		.byte	0x3
 603 031a 9E       		.byte	0x9e
 604 031b 7A000000 		.4byte	0x7a
 605 031f 03       		.byte	0x3
 606 0320 23       		.byte	0x23
 607 0321 8801     		.uleb128 0x88
 608 0323 00       		.byte	0
 609 0324 09       		.uleb128 0x9
 610 0325 7A000000 		.4byte	0x7a
 611 0329 34030000 		.4byte	0x334
 612 032d 0A       		.uleb128 0xa
 613 032e 65010000 		.4byte	0x165
 614 0332 02       		.byte	0x2
 615 0333 00       		.byte	0
 616 0334 05       		.uleb128 0x5
 617 0335 24030000 		.4byte	0x324
 618 0339 09       		.uleb128 0x9
 619 033a 7A000000 		.4byte	0x7a
 620 033e 49030000 		.4byte	0x349
 621 0342 0A       		.uleb128 0xa
 622 0343 65010000 		.4byte	0x165
 623 0347 01       		.byte	0x1
 624 0348 00       		.byte	0
 625 0349 05       		.uleb128 0x5
 626 034a 39030000 		.4byte	0x339
ARM GAS  /tmp/ccwzIquL.s 			page 12


 627 034e 09       		.uleb128 0x9
 628 034f 7A000000 		.4byte	0x7a
 629 0353 5E030000 		.4byte	0x35e
 630 0357 0A       		.uleb128 0xa
 631 0358 65010000 		.4byte	0x165
 632 035c 03       		.byte	0x3
 633 035d 00       		.byte	0
 634 035e 05       		.uleb128 0x5
 635 035f 4E030000 		.4byte	0x34e
 636 0363 09       		.uleb128 0x9
 637 0364 7A000000 		.4byte	0x7a
 638 0368 73030000 		.4byte	0x373
 639 036c 0A       		.uleb128 0xa
 640 036d 65010000 		.4byte	0x165
 641 0371 04       		.byte	0x4
 642 0372 00       		.byte	0
 643 0373 05       		.uleb128 0x5
 644 0374 63030000 		.4byte	0x363
 645 0378 05       		.uleb128 0x5
 646 0379 63030000 		.4byte	0x363
 647 037d 04       		.uleb128 0x4
 648 037e 5E010000 		.4byte	.LASF39
 649 0382 03       		.byte	0x3
 650 0383 9F       		.byte	0x9f
 651 0384 F4010000 		.4byte	0x1f4
 652 0388 03       		.uleb128 0x3
 653 0389 01       		.byte	0x1
 654 038a 08       		.byte	0x8
 655 038b 96010000 		.4byte	.LASF40
 656 038f 0D       		.uleb128 0xd
 657 0390 01       		.byte	0x1
 658 0391 30020000 		.4byte	.LASF42
 659 0395 01       		.byte	0x1
 660 0396 2E       		.byte	0x2e
 661 0397 01       		.byte	0x1
 662 0398 00000000 		.4byte	.LFB7
 663 039c 48000000 		.4byte	.LFE7
 664 03a0 00000000 		.4byte	.LLST0
 665 03a4 01       		.byte	0x1
 666 03a5 D4030000 		.4byte	0x3d4
 667 03a9 0E       		.uleb128 0xe
 668 03aa 6E00     		.ascii	"n\000"
 669 03ac 01       		.byte	0x1
 670 03ad 2E       		.byte	0x2e
 671 03ae 5A000000 		.4byte	0x5a
 672 03b2 20000000 		.4byte	.LLST1
 673 03b6 0F       		.uleb128 0xf
 674 03b7 00000000 		.4byte	.LASF41
 675 03bb 01       		.byte	0x1
 676 03bc 2E       		.byte	0x2e
 677 03bd 5A000000 		.4byte	0x5a
 678 03c1 41000000 		.4byte	.LLST2
 679 03c5 10       		.uleb128 0x10
 680 03c6 736800   		.ascii	"sh\000"
 681 03c9 01       		.byte	0x1
 682 03ca 2F       		.byte	0x2f
 683 03cb 30000000 		.4byte	0x30
ARM GAS  /tmp/ccwzIquL.s 			page 13


 684 03cf 62000000 		.4byte	.LLST3
 685 03d3 00       		.byte	0
 686 03d4 0D       		.uleb128 0xd
 687 03d5 01       		.byte	0x1
 688 03d6 33000000 		.4byte	.LASF43
 689 03da 01       		.byte	0x1
 690 03db 3C       		.byte	0x3c
 691 03dc 01       		.byte	0x1
 692 03dd 00000000 		.4byte	.LFB8
 693 03e1 3C000000 		.4byte	.LFE8
 694 03e5 A9000000 		.4byte	.LLST4
 695 03e9 01       		.byte	0x1
 696 03ea 0A040000 		.4byte	0x40a
 697 03ee 0E       		.uleb128 0xe
 698 03ef 6E00     		.ascii	"n\000"
 699 03f1 01       		.byte	0x1
 700 03f2 3C       		.byte	0x3c
 701 03f3 5A000000 		.4byte	0x5a
 702 03f7 C9000000 		.4byte	.LLST5
 703 03fb 10       		.uleb128 0x10
 704 03fc 736800   		.ascii	"sh\000"
 705 03ff 01       		.byte	0x1
 706 0400 3D       		.byte	0x3d
 707 0401 30000000 		.4byte	0x30
 708 0405 EA000000 		.4byte	.LLST6
 709 0409 00       		.byte	0
 710 040a 11       		.uleb128 0x11
 711 040b 01       		.byte	0x1
 712 040c 0E020000 		.4byte	.LASF48
 713 0410 01       		.byte	0x1
 714 0411 4A       		.byte	0x4a
 715 0412 01       		.byte	0x1
 716 0413 00000000 		.4byte	.LFB9
 717 0417 30000000 		.4byte	.LFE9
 718 041b 31010000 		.4byte	.LLST7
 719 041f 01       		.byte	0x1
 720 0420 0F       		.uleb128 0xf
 721 0421 71010000 		.4byte	.LASF44
 722 0425 01       		.byte	0x1
 723 0426 4A       		.byte	0x4a
 724 0427 5A000000 		.4byte	0x5a
 725 042b 51010000 		.4byte	.LLST8
 726 042f 0F       		.uleb128 0xf
 727 0430 00000000 		.4byte	.LASF41
 728 0434 01       		.byte	0x1
 729 0435 4A       		.byte	0x4a
 730 0436 5A000000 		.4byte	0x5a
 731 043a 72010000 		.4byte	.LLST9
 732 043e 10       		.uleb128 0x10
 733 043f 736800   		.ascii	"sh\000"
 734 0442 01       		.byte	0x1
 735 0443 4B       		.byte	0x4b
 736 0444 30000000 		.4byte	0x30
 737 0448 93010000 		.4byte	.LLST10
 738 044c 00       		.byte	0
 739 044d 00       		.byte	0
 740              		.section	.debug_abbrev,"",%progbits
ARM GAS  /tmp/ccwzIquL.s 			page 14


 741              	.Ldebug_abbrev0:
 742 0000 01       		.uleb128 0x1
 743 0001 11       		.uleb128 0x11
 744 0002 01       		.byte	0x1
 745 0003 25       		.uleb128 0x25
 746 0004 0E       		.uleb128 0xe
 747 0005 13       		.uleb128 0x13
 748 0006 0B       		.uleb128 0xb
 749 0007 03       		.uleb128 0x3
 750 0008 0E       		.uleb128 0xe
 751 0009 1B       		.uleb128 0x1b
 752 000a 0E       		.uleb128 0xe
 753 000b 55       		.uleb128 0x55
 754 000c 06       		.uleb128 0x6
 755 000d 11       		.uleb128 0x11
 756 000e 01       		.uleb128 0x1
 757 000f 52       		.uleb128 0x52
 758 0010 01       		.uleb128 0x1
 759 0011 10       		.uleb128 0x10
 760 0012 06       		.uleb128 0x6
 761 0013 00       		.byte	0
 762 0014 00       		.byte	0
 763 0015 02       		.uleb128 0x2
 764 0016 24       		.uleb128 0x24
 765 0017 00       		.byte	0
 766 0018 0B       		.uleb128 0xb
 767 0019 0B       		.uleb128 0xb
 768 001a 3E       		.uleb128 0x3e
 769 001b 0B       		.uleb128 0xb
 770 001c 03       		.uleb128 0x3
 771 001d 08       		.uleb128 0x8
 772 001e 00       		.byte	0
 773 001f 00       		.byte	0
 774 0020 03       		.uleb128 0x3
 775 0021 24       		.uleb128 0x24
 776 0022 00       		.byte	0
 777 0023 0B       		.uleb128 0xb
 778 0024 0B       		.uleb128 0xb
 779 0025 3E       		.uleb128 0x3e
 780 0026 0B       		.uleb128 0xb
 781 0027 03       		.uleb128 0x3
 782 0028 0E       		.uleb128 0xe
 783 0029 00       		.byte	0
 784 002a 00       		.byte	0
 785 002b 04       		.uleb128 0x4
 786 002c 16       		.uleb128 0x16
 787 002d 00       		.byte	0
 788 002e 03       		.uleb128 0x3
 789 002f 0E       		.uleb128 0xe
 790 0030 3A       		.uleb128 0x3a
 791 0031 0B       		.uleb128 0xb
 792 0032 3B       		.uleb128 0x3b
 793 0033 0B       		.uleb128 0xb
 794 0034 49       		.uleb128 0x49
 795 0035 13       		.uleb128 0x13
 796 0036 00       		.byte	0
 797 0037 00       		.byte	0
ARM GAS  /tmp/ccwzIquL.s 			page 15


 798 0038 05       		.uleb128 0x5
 799 0039 35       		.uleb128 0x35
 800 003a 00       		.byte	0
 801 003b 49       		.uleb128 0x49
 802 003c 13       		.uleb128 0x13
 803 003d 00       		.byte	0
 804 003e 00       		.byte	0
 805 003f 06       		.uleb128 0x6
 806 0040 13       		.uleb128 0x13
 807 0041 01       		.byte	0x1
 808 0042 0B       		.uleb128 0xb
 809 0043 05       		.uleb128 0x5
 810 0044 3A       		.uleb128 0x3a
 811 0045 0B       		.uleb128 0xb
 812 0046 3B       		.uleb128 0x3b
 813 0047 0B       		.uleb128 0xb
 814 0048 01       		.uleb128 0x1
 815 0049 13       		.uleb128 0x13
 816 004a 00       		.byte	0
 817 004b 00       		.byte	0
 818 004c 07       		.uleb128 0x7
 819 004d 0D       		.uleb128 0xd
 820 004e 00       		.byte	0
 821 004f 03       		.uleb128 0x3
 822 0050 0E       		.uleb128 0xe
 823 0051 3A       		.uleb128 0x3a
 824 0052 0B       		.uleb128 0xb
 825 0053 3B       		.uleb128 0x3b
 826 0054 0B       		.uleb128 0xb
 827 0055 49       		.uleb128 0x49
 828 0056 13       		.uleb128 0x13
 829 0057 38       		.uleb128 0x38
 830 0058 0A       		.uleb128 0xa
 831 0059 00       		.byte	0
 832 005a 00       		.byte	0
 833 005b 08       		.uleb128 0x8
 834 005c 0D       		.uleb128 0xd
 835 005d 00       		.byte	0
 836 005e 03       		.uleb128 0x3
 837 005f 08       		.uleb128 0x8
 838 0060 3A       		.uleb128 0x3a
 839 0061 0B       		.uleb128 0xb
 840 0062 3B       		.uleb128 0x3b
 841 0063 0B       		.uleb128 0xb
 842 0064 49       		.uleb128 0x49
 843 0065 13       		.uleb128 0x13
 844 0066 38       		.uleb128 0x38
 845 0067 0A       		.uleb128 0xa
 846 0068 00       		.byte	0
 847 0069 00       		.byte	0
 848 006a 09       		.uleb128 0x9
 849 006b 01       		.uleb128 0x1
 850 006c 01       		.byte	0x1
 851 006d 49       		.uleb128 0x49
 852 006e 13       		.uleb128 0x13
 853 006f 01       		.uleb128 0x1
 854 0070 13       		.uleb128 0x13
ARM GAS  /tmp/ccwzIquL.s 			page 16


 855 0071 00       		.byte	0
 856 0072 00       		.byte	0
 857 0073 0A       		.uleb128 0xa
 858 0074 21       		.uleb128 0x21
 859 0075 00       		.byte	0
 860 0076 49       		.uleb128 0x49
 861 0077 13       		.uleb128 0x13
 862 0078 2F       		.uleb128 0x2f
 863 0079 0B       		.uleb128 0xb
 864 007a 00       		.byte	0
 865 007b 00       		.byte	0
 866 007c 0B       		.uleb128 0xb
 867 007d 21       		.uleb128 0x21
 868 007e 00       		.byte	0
 869 007f 49       		.uleb128 0x49
 870 0080 13       		.uleb128 0x13
 871 0081 2F       		.uleb128 0x2f
 872 0082 05       		.uleb128 0x5
 873 0083 00       		.byte	0
 874 0084 00       		.byte	0
 875 0085 0C       		.uleb128 0xc
 876 0086 13       		.uleb128 0x13
 877 0087 01       		.byte	0x1
 878 0088 0B       		.uleb128 0xb
 879 0089 0B       		.uleb128 0xb
 880 008a 3A       		.uleb128 0x3a
 881 008b 0B       		.uleb128 0xb
 882 008c 3B       		.uleb128 0x3b
 883 008d 0B       		.uleb128 0xb
 884 008e 01       		.uleb128 0x1
 885 008f 13       		.uleb128 0x13
 886 0090 00       		.byte	0
 887 0091 00       		.byte	0
 888 0092 0D       		.uleb128 0xd
 889 0093 2E       		.uleb128 0x2e
 890 0094 01       		.byte	0x1
 891 0095 3F       		.uleb128 0x3f
 892 0096 0C       		.uleb128 0xc
 893 0097 03       		.uleb128 0x3
 894 0098 0E       		.uleb128 0xe
 895 0099 3A       		.uleb128 0x3a
 896 009a 0B       		.uleb128 0xb
 897 009b 3B       		.uleb128 0x3b
 898 009c 0B       		.uleb128 0xb
 899 009d 27       		.uleb128 0x27
 900 009e 0C       		.uleb128 0xc
 901 009f 11       		.uleb128 0x11
 902 00a0 01       		.uleb128 0x1
 903 00a1 12       		.uleb128 0x12
 904 00a2 01       		.uleb128 0x1
 905 00a3 40       		.uleb128 0x40
 906 00a4 06       		.uleb128 0x6
 907 00a5 9742     		.uleb128 0x2117
 908 00a7 0C       		.uleb128 0xc
 909 00a8 01       		.uleb128 0x1
 910 00a9 13       		.uleb128 0x13
 911 00aa 00       		.byte	0
ARM GAS  /tmp/ccwzIquL.s 			page 17


 912 00ab 00       		.byte	0
 913 00ac 0E       		.uleb128 0xe
 914 00ad 05       		.uleb128 0x5
 915 00ae 00       		.byte	0
 916 00af 03       		.uleb128 0x3
 917 00b0 08       		.uleb128 0x8
 918 00b1 3A       		.uleb128 0x3a
 919 00b2 0B       		.uleb128 0xb
 920 00b3 3B       		.uleb128 0x3b
 921 00b4 0B       		.uleb128 0xb
 922 00b5 49       		.uleb128 0x49
 923 00b6 13       		.uleb128 0x13
 924 00b7 02       		.uleb128 0x2
 925 00b8 06       		.uleb128 0x6
 926 00b9 00       		.byte	0
 927 00ba 00       		.byte	0
 928 00bb 0F       		.uleb128 0xf
 929 00bc 05       		.uleb128 0x5
 930 00bd 00       		.byte	0
 931 00be 03       		.uleb128 0x3
 932 00bf 0E       		.uleb128 0xe
 933 00c0 3A       		.uleb128 0x3a
 934 00c1 0B       		.uleb128 0xb
 935 00c2 3B       		.uleb128 0x3b
 936 00c3 0B       		.uleb128 0xb
 937 00c4 49       		.uleb128 0x49
 938 00c5 13       		.uleb128 0x13
 939 00c6 02       		.uleb128 0x2
 940 00c7 06       		.uleb128 0x6
 941 00c8 00       		.byte	0
 942 00c9 00       		.byte	0
 943 00ca 10       		.uleb128 0x10
 944 00cb 34       		.uleb128 0x34
 945 00cc 00       		.byte	0
 946 00cd 03       		.uleb128 0x3
 947 00ce 08       		.uleb128 0x8
 948 00cf 3A       		.uleb128 0x3a
 949 00d0 0B       		.uleb128 0xb
 950 00d1 3B       		.uleb128 0x3b
 951 00d2 0B       		.uleb128 0xb
 952 00d3 49       		.uleb128 0x49
 953 00d4 13       		.uleb128 0x13
 954 00d5 02       		.uleb128 0x2
 955 00d6 06       		.uleb128 0x6
 956 00d7 00       		.byte	0
 957 00d8 00       		.byte	0
 958 00d9 11       		.uleb128 0x11
 959 00da 2E       		.uleb128 0x2e
 960 00db 01       		.byte	0x1
 961 00dc 3F       		.uleb128 0x3f
 962 00dd 0C       		.uleb128 0xc
 963 00de 03       		.uleb128 0x3
 964 00df 0E       		.uleb128 0xe
 965 00e0 3A       		.uleb128 0x3a
 966 00e1 0B       		.uleb128 0xb
 967 00e2 3B       		.uleb128 0x3b
 968 00e3 0B       		.uleb128 0xb
ARM GAS  /tmp/ccwzIquL.s 			page 18


 969 00e4 27       		.uleb128 0x27
 970 00e5 0C       		.uleb128 0xc
 971 00e6 11       		.uleb128 0x11
 972 00e7 01       		.uleb128 0x1
 973 00e8 12       		.uleb128 0x12
 974 00e9 01       		.uleb128 0x1
 975 00ea 40       		.uleb128 0x40
 976 00eb 06       		.uleb128 0x6
 977 00ec 9742     		.uleb128 0x2117
 978 00ee 0C       		.uleb128 0xc
 979 00ef 00       		.byte	0
 980 00f0 00       		.byte	0
 981 00f1 00       		.byte	0
 982              		.section	.debug_loc,"",%progbits
 983              	.Ldebug_loc0:
 984              	.LLST0:
 985 0000 00000000 		.4byte	.LFB7
 986 0004 06000000 		.4byte	.LCFI0
 987 0008 0200     		.2byte	0x2
 988 000a 7D       		.byte	0x7d
 989 000b 00       		.sleb128 0
 990 000c 06000000 		.4byte	.LCFI0
 991 0010 48000000 		.4byte	.LFE7
 992 0014 0200     		.2byte	0x2
 993 0016 7D       		.byte	0x7d
 994 0017 0C       		.sleb128 12
 995 0018 00000000 		.4byte	0
 996 001c 00000000 		.4byte	0
 997              	.LLST1:
 998 0020 00000000 		.4byte	.LVL0
 999 0024 2E000000 		.4byte	.LVL4
 1000 0028 0100     		.2byte	0x1
 1001 002a 50       		.byte	0x50
 1002 002b 2E000000 		.4byte	.LVL4
 1003 002f 48000000 		.4byte	.LFE7
 1004 0033 0400     		.2byte	0x4
 1005 0035 F3       		.byte	0xf3
 1006 0036 01       		.uleb128 0x1
 1007 0037 50       		.byte	0x50
 1008 0038 9F       		.byte	0x9f
 1009 0039 00000000 		.4byte	0
 1010 003d 00000000 		.4byte	0
 1011              	.LLST2:
 1012 0041 00000000 		.4byte	.LVL0
 1013 0045 16000000 		.4byte	.LVL2
 1014 0049 0100     		.2byte	0x1
 1015 004b 51       		.byte	0x51
 1016 004c 16000000 		.4byte	.LVL2
 1017 0050 48000000 		.4byte	.LFE7
 1018 0054 0400     		.2byte	0x4
 1019 0056 F3       		.byte	0xf3
 1020 0057 01       		.uleb128 0x1
 1021 0058 51       		.byte	0x51
 1022 0059 9F       		.byte	0x9f
 1023 005a 00000000 		.4byte	0
 1024 005e 00000000 		.4byte	0
 1025              	.LLST3:
ARM GAS  /tmp/ccwzIquL.s 			page 19


 1026 0062 00000000 		.4byte	.LVL0
 1027 0066 08000000 		.4byte	.LVL1
 1028 006a 0700     		.2byte	0x7
 1029 006c 70       		.byte	0x70
 1030 006d 00       		.sleb128 0
 1031 006e 33       		.byte	0x33
 1032 006f 1A       		.byte	0x1a
 1033 0070 33       		.byte	0x33
 1034 0071 24       		.byte	0x24
 1035 0072 9F       		.byte	0x9f
 1036 0073 08000000 		.4byte	.LVL1
 1037 0077 18000000 		.4byte	.LVL3
 1038 007b 0100     		.2byte	0x1
 1039 007d 52       		.byte	0x52
 1040 007e 18000000 		.4byte	.LVL3
 1041 0082 2E000000 		.4byte	.LVL4
 1042 0086 0700     		.2byte	0x7
 1043 0088 70       		.byte	0x70
 1044 0089 00       		.sleb128 0
 1045 008a 33       		.byte	0x33
 1046 008b 1A       		.byte	0x1a
 1047 008c 33       		.byte	0x33
 1048 008d 24       		.byte	0x24
 1049 008e 9F       		.byte	0x9f
 1050 008f 2E000000 		.4byte	.LVL4
 1051 0093 48000000 		.4byte	.LFE7
 1052 0097 0800     		.2byte	0x8
 1053 0099 F3       		.byte	0xf3
 1054 009a 01       		.uleb128 0x1
 1055 009b 50       		.byte	0x50
 1056 009c 33       		.byte	0x33
 1057 009d 1A       		.byte	0x1a
 1058 009e 33       		.byte	0x33
 1059 009f 24       		.byte	0x24
 1060 00a0 9F       		.byte	0x9f
 1061 00a1 00000000 		.4byte	0
 1062 00a5 00000000 		.4byte	0
 1063              	.LLST4:
 1064 00a9 00000000 		.4byte	.LFB8
 1065 00ad 02000000 		.4byte	.LCFI1
 1066 00b1 0200     		.2byte	0x2
 1067 00b3 7D       		.byte	0x7d
 1068 00b4 00       		.sleb128 0
 1069 00b5 02000000 		.4byte	.LCFI1
 1070 00b9 3C000000 		.4byte	.LFE8
 1071 00bd 0200     		.2byte	0x2
 1072 00bf 7D       		.byte	0x7d
 1073 00c0 04       		.sleb128 4
 1074 00c1 00000000 		.4byte	0
 1075 00c5 00000000 		.4byte	0
 1076              	.LLST5:
 1077 00c9 00000000 		.4byte	.LVL5
 1078 00cd 26000000 		.4byte	.LVL8
 1079 00d1 0100     		.2byte	0x1
 1080 00d3 50       		.byte	0x50
 1081 00d4 26000000 		.4byte	.LVL8
 1082 00d8 3C000000 		.4byte	.LFE8
ARM GAS  /tmp/ccwzIquL.s 			page 20


 1083 00dc 0400     		.2byte	0x4
 1084 00de F3       		.byte	0xf3
 1085 00df 01       		.uleb128 0x1
 1086 00e0 50       		.byte	0x50
 1087 00e1 9F       		.byte	0x9f
 1088 00e2 00000000 		.4byte	0
 1089 00e6 00000000 		.4byte	0
 1090              	.LLST6:
 1091 00ea 00000000 		.4byte	.LVL5
 1092 00ee 12000000 		.4byte	.LVL6
 1093 00f2 0700     		.2byte	0x7
 1094 00f4 70       		.byte	0x70
 1095 00f5 00       		.sleb128 0
 1096 00f6 33       		.byte	0x33
 1097 00f7 1A       		.byte	0x1a
 1098 00f8 33       		.byte	0x33
 1099 00f9 24       		.byte	0x24
 1100 00fa 9F       		.byte	0x9f
 1101 00fb 12000000 		.4byte	.LVL6
 1102 00ff 1A000000 		.4byte	.LVL7
 1103 0103 0100     		.2byte	0x1
 1104 0105 51       		.byte	0x51
 1105 0106 1A000000 		.4byte	.LVL7
 1106 010a 26000000 		.4byte	.LVL8
 1107 010e 0700     		.2byte	0x7
 1108 0110 70       		.byte	0x70
 1109 0111 00       		.sleb128 0
 1110 0112 33       		.byte	0x33
 1111 0113 1A       		.byte	0x1a
 1112 0114 33       		.byte	0x33
 1113 0115 24       		.byte	0x24
 1114 0116 9F       		.byte	0x9f
 1115 0117 26000000 		.4byte	.LVL8
 1116 011b 3C000000 		.4byte	.LFE8
 1117 011f 0800     		.2byte	0x8
 1118 0121 F3       		.byte	0xf3
 1119 0122 01       		.uleb128 0x1
 1120 0123 50       		.byte	0x50
 1121 0124 33       		.byte	0x33
 1122 0125 1A       		.byte	0x1a
 1123 0126 33       		.byte	0x33
 1124 0127 24       		.byte	0x24
 1125 0128 9F       		.byte	0x9f
 1126 0129 00000000 		.4byte	0
 1127 012d 00000000 		.4byte	0
 1128              	.LLST7:
 1129 0131 00000000 		.4byte	.LFB9
 1130 0135 06000000 		.4byte	.LCFI2
 1131 0139 0200     		.2byte	0x2
 1132 013b 7D       		.byte	0x7d
 1133 013c 00       		.sleb128 0
 1134 013d 06000000 		.4byte	.LCFI2
 1135 0141 30000000 		.4byte	.LFE9
 1136 0145 0200     		.2byte	0x2
 1137 0147 7D       		.byte	0x7d
 1138 0148 04       		.sleb128 4
 1139 0149 00000000 		.4byte	0
ARM GAS  /tmp/ccwzIquL.s 			page 21


 1140 014d 00000000 		.4byte	0
 1141              	.LLST8:
 1142 0151 00000000 		.4byte	.LVL9
 1143 0155 14000000 		.4byte	.LVL12
 1144 0159 0100     		.2byte	0x1
 1145 015b 50       		.byte	0x50
 1146 015c 14000000 		.4byte	.LVL12
 1147 0160 30000000 		.4byte	.LFE9
 1148 0164 0400     		.2byte	0x4
 1149 0166 F3       		.byte	0xf3
 1150 0167 01       		.uleb128 0x1
 1151 0168 50       		.byte	0x50
 1152 0169 9F       		.byte	0x9f
 1153 016a 00000000 		.4byte	0
 1154 016e 00000000 		.4byte	0
 1155              	.LLST9:
 1156 0172 00000000 		.4byte	.LVL9
 1157 0176 12000000 		.4byte	.LVL11
 1158 017a 0100     		.2byte	0x1
 1159 017c 51       		.byte	0x51
 1160 017d 12000000 		.4byte	.LVL11
 1161 0181 30000000 		.4byte	.LFE9
 1162 0185 0400     		.2byte	0x4
 1163 0187 F3       		.byte	0xf3
 1164 0188 01       		.uleb128 0x1
 1165 0189 51       		.byte	0x51
 1166 018a 9F       		.byte	0x9f
 1167 018b 00000000 		.4byte	0
 1168 018f 00000000 		.4byte	0
 1169              	.LLST10:
 1170 0193 00000000 		.4byte	.LVL9
 1171 0197 0A000000 		.4byte	.LVL10
 1172 019b 0700     		.2byte	0x7
 1173 019d 70       		.byte	0x70
 1174 019e 00       		.sleb128 0
 1175 019f 33       		.byte	0x33
 1176 01a0 1A       		.byte	0x1a
 1177 01a1 33       		.byte	0x33
 1178 01a2 24       		.byte	0x24
 1179 01a3 9F       		.byte	0x9f
 1180 01a4 0A000000 		.4byte	.LVL10
 1181 01a8 22000000 		.4byte	.LVL13
 1182 01ac 0100     		.2byte	0x1
 1183 01ae 54       		.byte	0x54
 1184 01af 22000000 		.4byte	.LVL13
 1185 01b3 30000000 		.4byte	.LFE9
 1186 01b7 0800     		.2byte	0x8
 1187 01b9 F3       		.byte	0xf3
 1188 01ba 01       		.uleb128 0x1
 1189 01bb 50       		.byte	0x50
 1190 01bc 33       		.byte	0x33
 1191 01bd 1A       		.byte	0x1a
 1192 01be 33       		.byte	0x33
 1193 01bf 24       		.byte	0x24
 1194 01c0 9F       		.byte	0x9f
 1195 01c1 00000000 		.4byte	0
 1196 01c5 00000000 		.4byte	0
ARM GAS  /tmp/ccwzIquL.s 			page 22


 1197              		.section	.debug_aranges,"",%progbits
 1198 0000 2C000000 		.4byte	0x2c
 1199 0004 0200     		.2byte	0x2
 1200 0006 00000000 		.4byte	.Ldebug_info0
 1201 000a 04       		.byte	0x4
 1202 000b 00       		.byte	0
 1203 000c 0000     		.2byte	0
 1204 000e 0000     		.2byte	0
 1205 0010 00000000 		.4byte	.LFB7
 1206 0014 48000000 		.4byte	.LFE7-.LFB7
 1207 0018 00000000 		.4byte	.LFB8
 1208 001c 3C000000 		.4byte	.LFE8-.LFB8
 1209 0020 00000000 		.4byte	.LFB9
 1210 0024 30000000 		.4byte	.LFE9-.LFB9
 1211 0028 00000000 		.4byte	0
 1212 002c 00000000 		.4byte	0
 1213              		.section	.debug_ranges,"",%progbits
 1214              	.Ldebug_ranges0:
 1215 0000 00000000 		.4byte	.LFB7
 1216 0004 48000000 		.4byte	.LFE7
 1217 0008 00000000 		.4byte	.LFB8
 1218 000c 3C000000 		.4byte	.LFE8
 1219 0010 00000000 		.4byte	.LFB9
 1220 0014 30000000 		.4byte	.LFE9
 1221 0018 00000000 		.4byte	0
 1222 001c 00000000 		.4byte	0
 1223              		.section	.debug_line,"",%progbits
 1224              	.Ldebug_line0:
 1225 0000 EE000000 		.section	.debug_str,"MS",%progbits,1
 1225      02009A00 
 1225      00000201 
 1225      FB0E0D00 
 1225      01010101 
 1226              	.LASF41:
 1227 0000 7072696F 		.ascii	"prio\000"
 1227      00
 1228              	.LASF17:
 1229 0005 49435052 		.ascii	"ICPR\000"
 1229      00
 1230              	.LASF37:
 1231 000a 4D4D4652 		.ascii	"MMFR\000"
 1231      00
 1232              	.LASF46:
 1233 000f 2E2E2F2E 		.ascii	"../../os/ports/common/ARMCMx/nvic.c\000"
 1233      2E2F6F73 
 1233      2F706F72 
 1233      74732F63 
 1233      6F6D6D6F 
 1234              	.LASF43:
 1235 0033 6E766963 		.ascii	"nvicDisableVector\000"
 1235      44697361 
 1235      626C6556 
 1235      6563746F 
 1235      7200
 1236              	.LASF24:
 1237 0045 434D785F 		.ascii	"CMx_NVIC\000"
 1237      4E564943 
ARM GAS  /tmp/ccwzIquL.s 			page 23


 1237      00
 1238              	.LASF27:
 1239 004e 56544F52 		.ascii	"VTOR\000"
 1239      00
 1240              	.LASF13:
 1241 0053 49434552 		.ascii	"ICER\000"
 1241      00
 1242              	.LASF10:
 1243 0058 494F5245 		.ascii	"IOREG32\000"
 1243      47333200 
 1244              	.LASF2:
 1245 0060 756E7369 		.ascii	"unsigned char\000"
 1245      676E6564 
 1245      20636861 
 1245      7200
 1246              	.LASF12:
 1247 006e 756E7573 		.ascii	"unused1\000"
 1247      65643100 
 1248              	.LASF14:
 1249 0076 756E7573 		.ascii	"unused2\000"
 1249      65643200 
 1250              	.LASF16:
 1251 007e 756E7573 		.ascii	"unused3\000"
 1251      65643300 
 1252              	.LASF18:
 1253 0086 756E7573 		.ascii	"unused4\000"
 1253      65643400 
 1254              	.LASF20:
 1255 008e 756E7573 		.ascii	"unused5\000"
 1255      65643500 
 1256              	.LASF21:
 1257 0096 756E7573 		.ascii	"unused6\000"
 1257      65643600 
 1258              	.LASF4:
 1259 009e 73686F72 		.ascii	"short unsigned int\000"
 1259      7420756E 
 1259      7369676E 
 1259      65642069 
 1259      6E7400
 1260              	.LASF31:
 1261 00b1 43465352 		.ascii	"CFSR\000"
 1261      00
 1262              	.LASF32:
 1263 00b6 48465352 		.ascii	"HFSR\000"
 1263      00
 1264              	.LASF6:
 1265 00bb 6C6F6E67 		.ascii	"long unsigned int\000"
 1265      20756E73 
 1265      69676E65 
 1265      6420696E 
 1265      7400
 1266              	.LASF38:
 1267 00cd 43504143 		.ascii	"CPACR\000"
 1267      5200
 1268              	.LASF22:
 1269 00d3 53544952 		.ascii	"STIR\000"
 1269      00
ARM GAS  /tmp/ccwzIquL.s 			page 24


 1270              	.LASF3:
 1271 00d8 73686F72 		.ascii	"short int\000"
 1271      7420696E 
 1271      7400
 1272              	.LASF0:
 1273 00e2 756E7369 		.ascii	"unsigned int\000"
 1273      676E6564 
 1273      20696E74 
 1273      00
 1274              	.LASF15:
 1275 00ef 49535052 		.ascii	"ISPR\000"
 1275      00
 1276              	.LASF45:
 1277 00f4 474E5520 		.ascii	"GNU C 4.7.4 20130613 (release) [ARM/embedded-4_7-br"
 1277      4320342E 
 1277      372E3420 
 1277      32303133 
 1277      30363133 
 1278 0127 616E6368 		.ascii	"anch revision 200083]\000"
 1278      20726576 
 1278      6973696F 
 1278      6E203230 
 1278      30303833 
 1279              	.LASF33:
 1280 013d 44465352 		.ascii	"DFSR\000"
 1280      00
 1281              	.LASF8:
 1282 0142 6C6F6E67 		.ascii	"long long unsigned int\000"
 1282      206C6F6E 
 1282      6720756E 
 1282      7369676E 
 1282      65642069 
 1283              	.LASF26:
 1284 0159 49435352 		.ascii	"ICSR\000"
 1284      00
 1285              	.LASF39:
 1286 015e 434D785F 		.ascii	"CMx_SCB\000"
 1286      53434200 
 1287              	.LASF28:
 1288 0166 41495243 		.ascii	"AIRCR\000"
 1288      5200
 1289              	.LASF35:
 1290 016c 42464152 		.ascii	"BFAR\000"
 1290      00
 1291              	.LASF44:
 1292 0171 68616E64 		.ascii	"handler\000"
 1292      6C657200 
 1293              	.LASF23:
 1294 0179 73697A65 		.ascii	"sizetype\000"
 1294      74797065 
 1294      00
 1295              	.LASF7:
 1296 0182 6C6F6E67 		.ascii	"long long int\000"
 1296      206C6F6E 
 1296      6720696E 
 1296      7400
 1297              	.LASF25:
ARM GAS  /tmp/ccwzIquL.s 			page 25


 1298 0190 43505549 		.ascii	"CPUID\000"
 1298      4400
 1299              	.LASF40:
 1300 0196 63686172 		.ascii	"char\000"
 1300      00
 1301              	.LASF11:
 1302 019b 49534552 		.ascii	"ISER\000"
 1302      00
 1303              	.LASF36:
 1304 01a0 41465352 		.ascii	"AFSR\000"
 1304      00
 1305              	.LASF34:
 1306 01a5 4D4D4641 		.ascii	"MMFAR\000"
 1306      5200
 1307              	.LASF47:
 1308 01ab 2F686F6D 		.ascii	"/home/kaklik/git/mlab-chibios/demos/STM32F107-seria"
 1308      652F6B61 
 1308      6B6C696B 
 1308      2F676974 
 1308      2F6D6C61 
 1309 01de 6C736865 		.ascii	"lshell\000"
 1309      6C6C00
 1310              	.LASF30:
 1311 01e5 53484353 		.ascii	"SHCSR\000"
 1311      5200
 1312              	.LASF9:
 1313 01eb 75696E74 		.ascii	"uint32_t\000"
 1313      33325F74 
 1313      00
 1314              	.LASF5:
 1315 01f4 6C6F6E67 		.ascii	"long int\000"
 1315      20696E74 
 1315      00
 1316              	.LASF29:
 1317 01fd 53485052 		.ascii	"SHPR\000"
 1317      00
 1318              	.LASF1:
 1319 0202 7369676E 		.ascii	"signed char\000"
 1319      65642063 
 1319      68617200 
 1320              	.LASF48:
 1321 020e 6E766963 		.ascii	"nvicSetSystemHandlerPriority\000"
 1321      53657453 
 1321      79737465 
 1321      6D48616E 
 1321      646C6572 
 1322              	.LASF19:
 1323 022b 49414252 		.ascii	"IABR\000"
 1323      00
 1324              	.LASF42:
 1325 0230 6E766963 		.ascii	"nvicEnableVector\000"
 1325      456E6162 
 1325      6C655665 
 1325      63746F72 
 1325      00
 1326              		.ident	"GCC: (GNU Tools for ARM Embedded Processors) 4.7.4 20130613 (release) [ARM/embedded-4_7-br
ARM GAS  /tmp/ccwzIquL.s 			page 26


DEFINED SYMBOLS
                            *ABS*:00000000 nvic.c
     /tmp/ccwzIquL.s:19     .text.nvicEnableVector:00000000 $t
     /tmp/ccwzIquL.s:25     .text.nvicEnableVector:00000000 nvicEnableVector
     /tmp/ccwzIquL.s:85     .text.nvicDisableVector:00000000 $t
     /tmp/ccwzIquL.s:91     .text.nvicDisableVector:00000000 nvicDisableVector
     /tmp/ccwzIquL.s:137    .text.nvicSetSystemHandlerPriority:00000000 $t
     /tmp/ccwzIquL.s:143    .text.nvicSetSystemHandlerPriority:00000000 nvicSetSystemHandlerPriority
                     .debug_frame:00000010 $d

NO UNDEFINED SYMBOLS
