ARM GAS  /var/folders/dt/0wfd0knj7gs46m8vwfzktm600000gn/T//ccP14pxz.s 			page 1


   1              		.syntax unified
   2              		.cpu cortex-m3
   3              		.fpu softvfp
   4              		.eabi_attribute 20, 1
   5              		.eabi_attribute 21, 1
   6              		.eabi_attribute 23, 3
   7              		.eabi_attribute 24, 1
   8              		.eabi_attribute 25, 1
   9              		.eabi_attribute 26, 1
  10              		.eabi_attribute 30, 2
  11              		.eabi_attribute 34, 1
  12              		.eabi_attribute 18, 4
  13              		.thumb
  14              		.file	"pal_lld.c"
  15              		.text
  16              	.Ltext0:
  17              		.cfi_sections	.debug_frame
  18              		.section	.text._pal_lld_init,"ax",%progbits
  19              		.align	2
  20              		.p2align 4,,15
  21              		.global	_pal_lld_init
  22              		.thumb
  23              		.thumb_func
  24              		.type	_pal_lld_init, %function
  25              	_pal_lld_init:
  26              	.LFB62:
  27              		.file 1 "../../os/hal/platforms/STM32/GPIOv1/pal_lld.c"
  28              		.loc 1 84 0
  29              		.cfi_startproc
  30              		@ args = 0, pretend = 0, frame = 0
  31              		@ frame_needed = 0, uses_anonymous_args = 0
  32              		@ link register save eliminated.
  33              	.LVL0:
  34              		.loc 1 89 0
  35 0000 4FF48053 		mov	r3, #4096
  36 0004 C4F20203 		movt	r3, 16386
  37 0008 9A69     		ldr	r2, [r3, #24]
  38              		.loc 1 84 0
  39 000a 10B4     		push	{r4}
  40              	.LCFI0:
  41              		.cfi_def_cfa_offset 4
  42              		.cfi_offset 4, -4
  43              		.loc 1 89 0
  44 000c 42F07D02 		orr	r2, r2, #125
  45 0010 9A61     		str	r2, [r3, #24]
  46              		.loc 1 94 0
  47 0012 0368     		ldr	r3, [r0, #0]
  48 0014 4FF40062 		mov	r2, #2048
  49 0018 C4F20102 		movt	r2, 16385
  50 001c D360     		str	r3, [r2, #12]
  51              		.loc 1 95 0
  52 001e 8168     		ldr	r1, [r0, #8]
  53              		.loc 1 97 0
  54 0020 4FF44063 		mov	r3, #3072
  55              		.loc 1 95 0
  56 0024 5160     		str	r1, [r2, #4]
  57              		.loc 1 96 0
ARM GAS  /var/folders/dt/0wfd0knj7gs46m8vwfzktm600000gn/T//ccP14pxz.s 			page 2


  58 0026 4168     		ldr	r1, [r0, #4]
  59              		.loc 1 97 0
  60 0028 C4F20103 		movt	r3, 16385
  61              		.loc 1 96 0
  62 002c 1160     		str	r1, [r2, #0]
  63              		.loc 1 97 0
  64 002e C268     		ldr	r2, [r0, #12]
  65              		.loc 1 100 0
  66 0030 4FF48051 		mov	r1, #4096
  67              		.loc 1 97 0
  68 0034 DA60     		str	r2, [r3, #12]
  69              		.loc 1 98 0
  70 0036 4269     		ldr	r2, [r0, #20]
  71              		.loc 1 100 0
  72 0038 C4F20101 		movt	r1, 16385
  73              		.loc 1 98 0
  74 003c 5A60     		str	r2, [r3, #4]
  75              		.loc 1 99 0
  76 003e 0469     		ldr	r4, [r0, #16]
  77              		.loc 1 103 0
  78 0040 4FF4A052 		mov	r2, #5120
  79              		.loc 1 99 0
  80 0044 1C60     		str	r4, [r3, #0]
  81              		.loc 1 100 0
  82 0046 8369     		ldr	r3, [r0, #24]
  83              		.loc 1 103 0
  84 0048 C4F20102 		movt	r2, 16385
  85              		.loc 1 100 0
  86 004c CB60     		str	r3, [r1, #12]
  87              		.loc 1 101 0
  88 004e 046A     		ldr	r4, [r0, #32]
  89              		.loc 1 107 0
  90 0050 4FF4C053 		mov	r3, #6144
  91              		.loc 1 101 0
  92 0054 4C60     		str	r4, [r1, #4]
  93              		.loc 1 102 0
  94 0056 C469     		ldr	r4, [r0, #28]
  95              		.loc 1 107 0
  96 0058 C4F20103 		movt	r3, 16385
  97              		.loc 1 102 0
  98 005c 0C60     		str	r4, [r1, #0]
  99              		.loc 1 103 0
 100 005e 416A     		ldr	r1, [r0, #36]
 101 0060 D160     		str	r1, [r2, #12]
 102              		.loc 1 104 0
 103 0062 C16A     		ldr	r1, [r0, #44]
 104 0064 5160     		str	r1, [r2, #4]
 105              		.loc 1 105 0
 106 0066 816A     		ldr	r1, [r0, #40]
 107 0068 1160     		str	r1, [r2, #0]
 108              		.loc 1 107 0
 109 006a 026B     		ldr	r2, [r0, #48]
 110 006c DA60     		str	r2, [r3, #12]
 111              		.loc 1 108 0
 112 006e 826B     		ldr	r2, [r0, #56]
 113 0070 5A60     		str	r2, [r3, #4]
 114              		.loc 1 109 0
ARM GAS  /var/folders/dt/0wfd0knj7gs46m8vwfzktm600000gn/T//ccP14pxz.s 			page 3


 115 0072 426B     		ldr	r2, [r0, #52]
 116 0074 1A60     		str	r2, [r3, #0]
 117              		.loc 1 121 0
 118 0076 10BC     		pop	{r4}
 119 0078 7047     		bx	lr
 120              		.cfi_endproc
 121              	.LFE62:
 122              		.size	_pal_lld_init, .-_pal_lld_init
 123 007a 00BFAFF3 		.section	.text._pal_lld_setgroupmode,"ax",%progbits
 123      0080
 124              		.align	2
 125              		.p2align 4,,15
 126              		.global	_pal_lld_setgroupmode
 127              		.thumb
 128              		.thumb_func
 129              		.type	_pal_lld_setgroupmode, %function
 130              	_pal_lld_setgroupmode:
 131              	.LFB63:
 132              		.loc 1 140 0
 133              		.cfi_startproc
 134              		@ args = 0, pretend = 0, frame = 0
 135              		@ frame_needed = 0, uses_anonymous_args = 0
 136              		@ link register save eliminated.
 137              	.LVL1:
 138              		.loc 1 164 0
 139 0000 032A     		cmp	r2, #3
 140              		.loc 1 140 0
 141 0002 F0B4     		push	{r4, r5, r6, r7}
 142              	.LCFI1:
 143              		.cfi_def_cfa_offset 16
 144              		.cfi_offset 4, -16
 145              		.cfi_offset 5, -12
 146              		.cfi_offset 6, -8
 147              		.cfi_offset 7, -4
 148              		.loc 1 165 0
 149 0004 08BF     		it	eq
 150 0006 0161     		streq	r1, [r0, #16]
 151              		.loc 1 164 0
 152 0008 02D0     		beq	.L4
 153              		.loc 1 166 0
 154 000a 042A     		cmp	r2, #4
 155              		.loc 1 167 0
 156 000c 08BF     		it	eq
 157 000e 4161     		streq	r1, [r0, #20]
 158              	.L4:
 159              		.loc 1 168 0
 160 0010 114C     		ldr	r4, .L12
 161              		.loc 1 169 0
 162 0012 0023     		movs	r3, #0
 163              		.loc 1 168 0
 164 0014 A75C     		ldrb	r7, [r4, r2]	@ zero_extendqisi2
 165              	.LVL2:
 166 0016 0826     		movs	r6, #8
 167              		.loc 1 169 0
 168 0018 1C46     		mov	r4, r3
 169 001a 1A46     		mov	r2, r3
 170              	.LVL3:
ARM GAS  /var/folders/dt/0wfd0knj7gs46m8vwfzktm600000gn/T//ccP14pxz.s 			page 4


 171 001c 1D46     		mov	r5, r3
 172              	.LVL4:
 173              	.L9:
 174              		.loc 1 174 0
 175 001e 2401     		lsls	r4, r4, #4
 176              		.loc 1 171 0
 177 0020 1201     		lsls	r2, r2, #4
 178              	.LVL5:
 179              		.loc 1 172 0
 180 0022 2D01     		lsls	r5, r5, #4
 181              	.LVL6:
 182              		.loc 1 173 0
 183 0024 1B01     		lsls	r3, r3, #4
 184              	.LVL7:
 185              		.loc 1 175 0
 186 0026 11F0800F 		tst	r1, #128
 187              		.loc 1 176 0
 188 002a 0CBF     		ite	eq
 189 002c 42F00F02 		orreq	r2, r2, #15
 190              	.LVL8:
 191              		.loc 1 178 0
 192 0030 3B43     		orrne	r3, r3, r7
 193              	.LVL9:
 194              		.loc 1 179 0
 195 0032 11F4004F 		tst	r1, #32768
 196              		.loc 1 180 0
 197 0036 0CBF     		ite	eq
 198 0038 45F00F05 		orreq	r5, r5, #15
 199              	.LVL10:
 200              		.loc 1 182 0
 201 003c 3C43     		orrne	r4, r4, r7
 202              	.LVL11:
 203              		.loc 1 183 0
 204 003e 4900     		lsls	r1, r1, #1
 205              	.LVL12:
 206              		.loc 1 170 0
 207 0040 013E     		subs	r6, r6, #1
 208 0042 ECD1     		bne	.L9
 209              		.loc 1 185 0
 210 0044 4168     		ldr	r1, [r0, #4]
 211              	.LVL13:
 212 0046 0D40     		ands	r5, r5, r1
 213              	.LVL14:
 214 0048 2C43     		orrs	r4, r4, r5
 215              	.LVL15:
 216 004a 4460     		str	r4, [r0, #4]
 217              		.loc 1 186 0
 218 004c 0168     		ldr	r1, [r0, #0]
 219 004e 0A40     		ands	r2, r2, r1
 220              	.LVL16:
 221 0050 1343     		orrs	r3, r3, r2
 222              	.LVL17:
 223 0052 0360     		str	r3, [r0, #0]
 224              		.loc 1 187 0
 225 0054 F0BC     		pop	{r4, r5, r6, r7}
 226 0056 7047     		bx	lr
 227              	.L13:
ARM GAS  /var/folders/dt/0wfd0knj7gs46m8vwfzktm600000gn/T//ccP14pxz.s 			page 5


 228              		.align	2
 229              	.L12:
 230 0058 00000000 		.word	.LANCHOR0
 231              		.cfi_endproc
 232              	.LFE63:
 233              		.size	_pal_lld_setgroupmode, .-_pal_lld_setgroupmode
 234 005c AFF30080 		.section	.rodata.cfgtab.5995,"a",%progbits
 235              		.align	2
 236              		.set	.LANCHOR0,. + 0
 237              		.type	cfgtab.5995, %object
 238              		.size	cfgtab.5995, 18
 239              	cfgtab.5995:
 240 0000 04       		.byte	4
 241 0001 02       		.byte	2
 242 0002 04       		.byte	4
 243 0003 08       		.byte	8
 244 0004 08       		.byte	8
 245 0005 00       		.byte	0
 246 0006 03       		.byte	3
 247 0007 07       		.byte	7
 248 0008 08       		.byte	8
 249 0009 08       		.byte	8
 250 000a 08       		.byte	8
 251 000b 08       		.byte	8
 252 000c 08       		.byte	8
 253 000d 08       		.byte	8
 254 000e 08       		.byte	8
 255 000f 08       		.byte	8
 256 0010 0B       		.byte	11
 257 0011 0F       		.byte	15
 258 0012 0000     		.text
 259              	.Letext0:
 260              		.file 2 "/Users/toxygen/Applications/yagarto-4.7.2/bin/../lib/gcc/arm-none-eabi/4.7.2/../../../../
 261              		.file 3 "../../os/hal/platforms/STM32F1xx/stm32f10x.h"
 262              		.file 4 "../../os/hal/platforms/STM32/GPIOv1/pal_lld.h"
 263              		.file 5 "../../os/ports/common/ARMCMx/CMSIS/include/core_cm3.h"
 264              		.section	.debug_info,"",%progbits
 265              	.Ldebug_info0:
 266 0000 AD030000 		.4byte	0x3ad
 267 0004 0200     		.2byte	0x2
 268 0006 00000000 		.4byte	.Ldebug_abbrev0
 269 000a 04       		.byte	0x4
 270 000b 01       		.uleb128 0x1
 271 000c 9C010000 		.4byte	.LASF44
 272 0010 01       		.byte	0x1
 273 0011 44000000 		.4byte	.LASF45
 274 0015 BD000000 		.4byte	.LASF46
 275 0019 00000000 		.4byte	.Ldebug_ranges0+0
 276 001d 00000000 		.4byte	0
 277 0021 00000000 		.4byte	0
 278 0025 00000000 		.4byte	.Ldebug_line0
 279 0029 02       		.uleb128 0x2
 280 002a 04       		.byte	0x4
 281 002b 05       		.byte	0x5
 282 002c 696E7400 		.ascii	"int\000"
 283 0030 03       		.uleb128 0x3
 284 0031 04       		.byte	0x4
ARM GAS  /var/folders/dt/0wfd0knj7gs46m8vwfzktm600000gn/T//ccP14pxz.s 			page 6


 285 0032 07       		.byte	0x7
 286 0033 89010000 		.4byte	.LASF0
 287 0037 03       		.uleb128 0x3
 288 0038 01       		.byte	0x1
 289 0039 06       		.byte	0x6
 290 003a F8000000 		.4byte	.LASF1
 291 003e 04       		.uleb128 0x4
 292 003f B5000000 		.4byte	.LASF5
 293 0043 02       		.byte	0x2
 294 0044 2A       		.byte	0x2a
 295 0045 49000000 		.4byte	0x49
 296 0049 03       		.uleb128 0x3
 297 004a 01       		.byte	0x1
 298 004b 08       		.byte	0x8
 299 004c 53010000 		.4byte	.LASF2
 300 0050 03       		.uleb128 0x3
 301 0051 02       		.byte	0x2
 302 0052 05       		.byte	0x5
 303 0053 72000000 		.4byte	.LASF3
 304 0057 03       		.uleb128 0x3
 305 0058 02       		.byte	0x2
 306 0059 07       		.byte	0x7
 307 005a BB010000 		.4byte	.LASF4
 308 005e 04       		.uleb128 0x4
 309 005f D3010000 		.4byte	.LASF6
 310 0063 02       		.byte	0x2
 311 0064 4F       		.byte	0x4f
 312 0065 69000000 		.4byte	0x69
 313 0069 03       		.uleb128 0x3
 314 006a 04       		.byte	0x4
 315 006b 05       		.byte	0x5
 316 006c 21010000 		.4byte	.LASF7
 317 0070 04       		.uleb128 0x4
 318 0071 80010000 		.4byte	.LASF8
 319 0075 02       		.byte	0x2
 320 0076 50       		.byte	0x50
 321 0077 7B000000 		.4byte	0x7b
 322 007b 03       		.uleb128 0x3
 323 007c 04       		.byte	0x4
 324 007d 07       		.byte	0x7
 325 007e F1010000 		.4byte	.LASF9
 326 0082 03       		.uleb128 0x3
 327 0083 08       		.byte	0x8
 328 0084 05       		.byte	0x5
 329 0085 13010000 		.4byte	.LASF10
 330 0089 03       		.uleb128 0x3
 331 008a 08       		.byte	0x8
 332 008b 07       		.byte	0x7
 333 008c 69010000 		.4byte	.LASF11
 334 0090 05       		.uleb128 0x5
 335 0091 70000000 		.4byte	0x70
 336 0095 03       		.uleb128 0x3
 337 0096 04       		.byte	0x4
 338 0097 07       		.byte	0x7
 339 0098 7C000000 		.4byte	.LASF12
 340 009c 03       		.uleb128 0x3
 341 009d 01       		.byte	0x1
ARM GAS  /var/folders/dt/0wfd0knj7gs46m8vwfzktm600000gn/T//ccP14pxz.s 			page 7


 342 009e 08       		.byte	0x8
 343 009f CE010000 		.4byte	.LASF13
 344 00a3 05       		.uleb128 0x5
 345 00a4 5E000000 		.4byte	0x5e
 346 00a8 06       		.uleb128 0x6
 347 00a9 1C       		.byte	0x1c
 348 00aa 03       		.byte	0x3
 349 00ab F803     		.2byte	0x3f8
 350 00ad 1B010000 		.4byte	0x11b
 351 00b1 07       		.uleb128 0x7
 352 00b2 43524C00 		.ascii	"CRL\000"
 353 00b6 03       		.byte	0x3
 354 00b7 FA03     		.2byte	0x3fa
 355 00b9 90000000 		.4byte	0x90
 356 00bd 02       		.byte	0x2
 357 00be 23       		.byte	0x23
 358 00bf 00       		.uleb128 0
 359 00c0 07       		.uleb128 0x7
 360 00c1 43524800 		.ascii	"CRH\000"
 361 00c5 03       		.byte	0x3
 362 00c6 FB03     		.2byte	0x3fb
 363 00c8 90000000 		.4byte	0x90
 364 00cc 02       		.byte	0x2
 365 00cd 23       		.byte	0x23
 366 00ce 04       		.uleb128 0x4
 367 00cf 07       		.uleb128 0x7
 368 00d0 49445200 		.ascii	"IDR\000"
 369 00d4 03       		.byte	0x3
 370 00d5 FC03     		.2byte	0x3fc
 371 00d7 90000000 		.4byte	0x90
 372 00db 02       		.byte	0x2
 373 00dc 23       		.byte	0x23
 374 00dd 08       		.uleb128 0x8
 375 00de 07       		.uleb128 0x7
 376 00df 4F445200 		.ascii	"ODR\000"
 377 00e3 03       		.byte	0x3
 378 00e4 FD03     		.2byte	0x3fd
 379 00e6 90000000 		.4byte	0x90
 380 00ea 02       		.byte	0x2
 381 00eb 23       		.byte	0x23
 382 00ec 0C       		.uleb128 0xc
 383 00ed 08       		.uleb128 0x8
 384 00ee A0000000 		.4byte	.LASF14
 385 00f2 03       		.byte	0x3
 386 00f3 FE03     		.2byte	0x3fe
 387 00f5 90000000 		.4byte	0x90
 388 00f9 02       		.byte	0x2
 389 00fa 23       		.byte	0x23
 390 00fb 10       		.uleb128 0x10
 391 00fc 07       		.uleb128 0x7
 392 00fd 42525200 		.ascii	"BRR\000"
 393 0101 03       		.byte	0x3
 394 0102 FF03     		.2byte	0x3ff
 395 0104 90000000 		.4byte	0x90
 396 0108 02       		.byte	0x2
 397 0109 23       		.byte	0x23
 398 010a 14       		.uleb128 0x14
ARM GAS  /var/folders/dt/0wfd0knj7gs46m8vwfzktm600000gn/T//ccP14pxz.s 			page 8


 399 010b 08       		.uleb128 0x8
 400 010c 21020000 		.4byte	.LASF15
 401 0110 03       		.byte	0x3
 402 0111 0004     		.2byte	0x400
 403 0113 90000000 		.4byte	0x90
 404 0117 02       		.byte	0x2
 405 0118 23       		.byte	0x23
 406 0119 18       		.uleb128 0x18
 407 011a 00       		.byte	0
 408 011b 09       		.uleb128 0x9
 409 011c 00000000 		.4byte	.LASF16
 410 0120 03       		.byte	0x3
 411 0121 0104     		.2byte	0x401
 412 0123 A8000000 		.4byte	0xa8
 413 0127 06       		.uleb128 0x6
 414 0128 30       		.byte	0x30
 415 0129 03       		.byte	0x3
 416 012a 4304     		.2byte	0x443
 417 012c E4010000 		.4byte	0x1e4
 418 0130 07       		.uleb128 0x7
 419 0131 435200   		.ascii	"CR\000"
 420 0134 03       		.byte	0x3
 421 0135 4504     		.2byte	0x445
 422 0137 90000000 		.4byte	0x90
 423 013b 02       		.byte	0x2
 424 013c 23       		.byte	0x23
 425 013d 00       		.uleb128 0
 426 013e 08       		.uleb128 0x8
 427 013f 1C020000 		.4byte	.LASF17
 428 0143 03       		.byte	0x3
 429 0144 4604     		.2byte	0x446
 430 0146 90000000 		.4byte	0x90
 431 014a 02       		.byte	0x2
 432 014b 23       		.byte	0x23
 433 014c 04       		.uleb128 0x4
 434 014d 07       		.uleb128 0x7
 435 014e 43495200 		.ascii	"CIR\000"
 436 0152 03       		.byte	0x3
 437 0153 4704     		.2byte	0x447
 438 0155 90000000 		.4byte	0x90
 439 0159 02       		.byte	0x2
 440 015a 23       		.byte	0x23
 441 015b 08       		.uleb128 0x8
 442 015c 08       		.uleb128 0x8
 443 015d 38010000 		.4byte	.LASF18
 444 0161 03       		.byte	0x3
 445 0162 4804     		.2byte	0x448
 446 0164 90000000 		.4byte	0x90
 447 0168 02       		.byte	0x2
 448 0169 23       		.byte	0x23
 449 016a 0C       		.uleb128 0xc
 450 016b 08       		.uleb128 0x8
 451 016c 92000000 		.4byte	.LASF19
 452 0170 03       		.byte	0x3
 453 0171 4904     		.2byte	0x449
 454 0173 90000000 		.4byte	0x90
 455 0177 02       		.byte	0x2
ARM GAS  /var/folders/dt/0wfd0knj7gs46m8vwfzktm600000gn/T//ccP14pxz.s 			page 9


 456 0178 23       		.byte	0x23
 457 0179 10       		.uleb128 0x10
 458 017a 08       		.uleb128 0x8
 459 017b 31010000 		.4byte	.LASF20
 460 017f 03       		.byte	0x3
 461 0180 4A04     		.2byte	0x44a
 462 0182 90000000 		.4byte	0x90
 463 0186 02       		.byte	0x2
 464 0187 23       		.byte	0x23
 465 0188 14       		.uleb128 0x14
 466 0189 08       		.uleb128 0x8
 467 018a 61010000 		.4byte	.LASF21
 468 018e 03       		.byte	0x3
 469 018f 4B04     		.2byte	0x44b
 470 0191 90000000 		.4byte	0x90
 471 0195 02       		.byte	0x2
 472 0196 23       		.byte	0x23
 473 0197 18       		.uleb128 0x18
 474 0198 08       		.uleb128 0x8
 475 0199 8A000000 		.4byte	.LASF22
 476 019d 03       		.byte	0x3
 477 019e 4C04     		.2byte	0x44c
 478 01a0 90000000 		.4byte	0x90
 479 01a4 02       		.byte	0x2
 480 01a5 23       		.byte	0x23
 481 01a6 1C       		.uleb128 0x1c
 482 01a7 08       		.uleb128 0x8
 483 01a8 85000000 		.4byte	.LASF23
 484 01ac 03       		.byte	0x3
 485 01ad 4D04     		.2byte	0x44d
 486 01af 90000000 		.4byte	0x90
 487 01b3 02       		.byte	0x2
 488 01b4 23       		.byte	0x23
 489 01b5 20       		.uleb128 0x20
 490 01b6 07       		.uleb128 0x7
 491 01b7 43535200 		.ascii	"CSR\000"
 492 01bb 03       		.byte	0x3
 493 01bc 4E04     		.2byte	0x44e
 494 01be 90000000 		.4byte	0x90
 495 01c2 02       		.byte	0x2
 496 01c3 23       		.byte	0x23
 497 01c4 24       		.uleb128 0x24
 498 01c5 08       		.uleb128 0x8
 499 01c6 0B010000 		.4byte	.LASF24
 500 01ca 03       		.byte	0x3
 501 01cb 5104     		.2byte	0x451
 502 01cd 90000000 		.4byte	0x90
 503 01d1 02       		.byte	0x2
 504 01d2 23       		.byte	0x23
 505 01d3 28       		.uleb128 0x28
 506 01d4 08       		.uleb128 0x8
 507 01d5 96010000 		.4byte	.LASF25
 508 01d9 03       		.byte	0x3
 509 01da 5204     		.2byte	0x452
 510 01dc 90000000 		.4byte	0x90
 511 01e0 02       		.byte	0x2
 512 01e1 23       		.byte	0x23
ARM GAS  /var/folders/dt/0wfd0knj7gs46m8vwfzktm600000gn/T//ccP14pxz.s 			page 10


 513 01e2 2C       		.uleb128 0x2c
 514 01e3 00       		.byte	0
 515 01e4 09       		.uleb128 0x9
 516 01e5 14000000 		.4byte	.LASF26
 517 01e9 03       		.byte	0x3
 518 01ea 5904     		.2byte	0x459
 519 01ec 27010000 		.4byte	0x127
 520 01f0 0A       		.uleb128 0xa
 521 01f1 0C       		.byte	0xc
 522 01f2 04       		.byte	0x4
 523 01f3 43       		.byte	0x43
 524 01f4 23020000 		.4byte	0x223
 525 01f8 0B       		.uleb128 0xb
 526 01f9 6F647200 		.ascii	"odr\000"
 527 01fd 04       		.byte	0x4
 528 01fe 45       		.byte	0x45
 529 01ff 70000000 		.4byte	0x70
 530 0203 02       		.byte	0x2
 531 0204 23       		.byte	0x23
 532 0205 00       		.uleb128 0
 533 0206 0B       		.uleb128 0xb
 534 0207 63726C00 		.ascii	"crl\000"
 535 020b 04       		.byte	0x4
 536 020c 47       		.byte	0x47
 537 020d 70000000 		.4byte	0x70
 538 0211 02       		.byte	0x2
 539 0212 23       		.byte	0x23
 540 0213 04       		.uleb128 0x4
 541 0214 0B       		.uleb128 0xb
 542 0215 63726800 		.ascii	"crh\000"
 543 0219 04       		.byte	0x4
 544 021a 49       		.byte	0x49
 545 021b 70000000 		.4byte	0x70
 546 021f 02       		.byte	0x2
 547 0220 23       		.byte	0x23
 548 0221 08       		.uleb128 0x8
 549 0222 00       		.byte	0
 550 0223 04       		.uleb128 0x4
 551 0224 A8010000 		.4byte	.LASF27
 552 0228 04       		.byte	0x4
 553 0229 4A       		.byte	0x4a
 554 022a F0010000 		.4byte	0x1f0
 555 022e 0A       		.uleb128 0xa
 556 022f 3C       		.byte	0x3c
 557 0230 04       		.byte	0x4
 558 0231 53       		.byte	0x53
 559 0232 7D020000 		.4byte	0x27d
 560 0236 0C       		.uleb128 0xc
 561 0237 04010000 		.4byte	.LASF28
 562 023b 04       		.byte	0x4
 563 023c 55       		.byte	0x55
 564 023d 23020000 		.4byte	0x223
 565 0241 02       		.byte	0x2
 566 0242 23       		.byte	0x23
 567 0243 00       		.uleb128 0
 568 0244 0C       		.uleb128 0xc
 569 0245 15020000 		.4byte	.LASF29
ARM GAS  /var/folders/dt/0wfd0knj7gs46m8vwfzktm600000gn/T//ccP14pxz.s 			page 11


 570 0249 04       		.byte	0x4
 571 024a 57       		.byte	0x57
 572 024b 23020000 		.4byte	0x223
 573 024f 02       		.byte	0x2
 574 0250 23       		.byte	0x23
 575 0251 0C       		.uleb128 0xc
 576 0252 0C       		.uleb128 0xc
 577 0253 0D000000 		.4byte	.LASF30
 578 0257 04       		.byte	0x4
 579 0258 59       		.byte	0x59
 580 0259 23020000 		.4byte	0x223
 581 025d 02       		.byte	0x2
 582 025e 23       		.byte	0x23
 583 025f 18       		.uleb128 0x18
 584 0260 0C       		.uleb128 0xc
 585 0261 2A010000 		.4byte	.LASF31
 586 0265 04       		.byte	0x4
 587 0266 5B       		.byte	0x5b
 588 0267 23020000 		.4byte	0x223
 589 026b 02       		.byte	0x2
 590 026c 23       		.byte	0x23
 591 026d 24       		.uleb128 0x24
 592 026e 0C       		.uleb128 0xc
 593 026f E5010000 		.4byte	.LASF32
 594 0273 04       		.byte	0x4
 595 0274 5E       		.byte	0x5e
 596 0275 23020000 		.4byte	0x223
 597 0279 02       		.byte	0x2
 598 027a 23       		.byte	0x23
 599 027b 30       		.uleb128 0x30
 600 027c 00       		.byte	0
 601 027d 04       		.uleb128 0x4
 602 027e DB010000 		.4byte	.LASF33
 603 0282 04       		.byte	0x4
 604 0283 68       		.byte	0x68
 605 0284 2E020000 		.4byte	0x22e
 606 0288 04       		.uleb128 0x4
 607 0289 EB000000 		.4byte	.LASF34
 608 028d 04       		.byte	0x4
 609 028e 78       		.byte	0x78
 610 028f 70000000 		.4byte	0x70
 611 0293 04       		.uleb128 0x4
 612 0294 AC000000 		.4byte	.LASF35
 613 0298 04       		.byte	0x4
 614 0299 7D       		.byte	0x7d
 615 029a 70000000 		.4byte	0x70
 616 029e 04       		.uleb128 0x4
 617 029f 41010000 		.4byte	.LASF36
 618 02a3 04       		.byte	0x4
 619 02a4 85       		.byte	0x85
 620 02a5 A9020000 		.4byte	0x2a9
 621 02a9 0D       		.uleb128 0xd
 622 02aa 04       		.byte	0x4
 623 02ab 1B010000 		.4byte	0x11b
 624 02af 0E       		.uleb128 0xe
 625 02b0 01       		.byte	0x1
 626 02b1 36000000 		.4byte	.LASF37
ARM GAS  /var/folders/dt/0wfd0knj7gs46m8vwfzktm600000gn/T//ccP14pxz.s 			page 12


 627 02b5 01       		.byte	0x1
 628 02b6 54       		.byte	0x54
 629 02b7 01       		.byte	0x1
 630 02b8 00000000 		.4byte	.LFB62
 631 02bc 7A000000 		.4byte	.LFE62
 632 02c0 00000000 		.4byte	.LLST0
 633 02c4 01       		.byte	0x1
 634 02c5 D7020000 		.4byte	0x2d7
 635 02c9 0F       		.uleb128 0xf
 636 02ca A5000000 		.4byte	.LASF39
 637 02ce 01       		.byte	0x1
 638 02cf 54       		.byte	0x54
 639 02d0 D7020000 		.4byte	0x2d7
 640 02d4 01       		.byte	0x1
 641 02d5 50       		.byte	0x50
 642 02d6 00       		.byte	0
 643 02d7 0D       		.uleb128 0xd
 644 02d8 04       		.byte	0x4
 645 02d9 DD020000 		.4byte	0x2dd
 646 02dd 10       		.uleb128 0x10
 647 02de 7D020000 		.4byte	0x27d
 648 02e2 0E       		.uleb128 0xe
 649 02e3 01       		.byte	0x1
 650 02e4 20000000 		.4byte	.LASF38
 651 02e8 01       		.byte	0x1
 652 02e9 8A       		.byte	0x8a
 653 02ea 01       		.byte	0x1
 654 02eb 00000000 		.4byte	.LFB63
 655 02ef 5C000000 		.4byte	.LFE63
 656 02f3 20000000 		.4byte	.LLST1
 657 02f7 01       		.byte	0x1
 658 02f8 8D030000 		.4byte	0x38d
 659 02fc 0F       		.uleb128 0xf
 660 02fd EC010000 		.4byte	.LASF40
 661 0301 01       		.byte	0x1
 662 0302 8A       		.byte	0x8a
 663 0303 9E020000 		.4byte	0x29e
 664 0307 01       		.byte	0x1
 665 0308 50       		.byte	0x50
 666 0309 11       		.uleb128 0x11
 667 030a 03020000 		.4byte	.LASF41
 668 030e 01       		.byte	0x1
 669 030f 8B       		.byte	0x8b
 670 0310 88020000 		.4byte	0x288
 671 0314 40000000 		.4byte	.LLST2
 672 0318 11       		.uleb128 0x11
 673 0319 9B000000 		.4byte	.LASF42
 674 031d 01       		.byte	0x1
 675 031e 8C       		.byte	0x8c
 676 031f 93020000 		.4byte	0x293
 677 0323 5E000000 		.4byte	.LLST3
 678 0327 12       		.uleb128 0x12
 679 0328 4C010000 		.4byte	.LASF43
 680 032c 01       		.byte	0x1
 681 032d 8D       		.byte	0x8d
 682 032e 9D030000 		.4byte	0x39d
 683 0332 05       		.byte	0x5
ARM GAS  /var/folders/dt/0wfd0knj7gs46m8vwfzktm600000gn/T//ccP14pxz.s 			page 13


 684 0333 03       		.byte	0x3
 685 0334 00000000 		.4byte	cfgtab.5995
 686 0338 13       		.uleb128 0x13
 687 0339 6D6800   		.ascii	"mh\000"
 688 033c 01       		.byte	0x1
 689 033d A1       		.byte	0xa1
 690 033e 70000000 		.4byte	0x70
 691 0342 7F000000 		.4byte	.LLST4
 692 0346 13       		.uleb128 0x13
 693 0347 6D6C00   		.ascii	"ml\000"
 694 034a 01       		.byte	0x1
 695 034b A1       		.byte	0xa1
 696 034c 70000000 		.4byte	0x70
 697 0350 9E000000 		.4byte	.LLST5
 698 0354 13       		.uleb128 0x13
 699 0355 63726800 		.ascii	"crh\000"
 700 0359 01       		.byte	0x1
 701 035a A1       		.byte	0xa1
 702 035b 70000000 		.4byte	0x70
 703 035f BD000000 		.4byte	.LLST6
 704 0363 13       		.uleb128 0x13
 705 0364 63726C00 		.ascii	"crl\000"
 706 0368 01       		.byte	0x1
 707 0369 A1       		.byte	0xa1
 708 036a 70000000 		.4byte	0x70
 709 036e DC000000 		.4byte	.LLST7
 710 0372 14       		.uleb128 0x14
 711 0373 63666700 		.ascii	"cfg\000"
 712 0377 01       		.byte	0x1
 713 0378 A1       		.byte	0xa1
 714 0379 70000000 		.4byte	0x70
 715 037d 01       		.byte	0x1
 716 037e 57       		.byte	0x57
 717 037f 13       		.uleb128 0x13
 718 0380 6900     		.ascii	"i\000"
 719 0382 01       		.byte	0x1
 720 0383 A2       		.byte	0xa2
 721 0384 30000000 		.4byte	0x30
 722 0388 FB000000 		.4byte	.LLST8
 723 038c 00       		.byte	0
 724 038d 15       		.uleb128 0x15
 725 038e 3E000000 		.4byte	0x3e
 726 0392 9D030000 		.4byte	0x39d
 727 0396 16       		.uleb128 0x16
 728 0397 95000000 		.4byte	0x95
 729 039b 11       		.byte	0x11
 730 039c 00       		.byte	0
 731 039d 10       		.uleb128 0x10
 732 039e 8D030000 		.4byte	0x38d
 733 03a2 17       		.uleb128 0x17
 734 03a3 08020000 		.4byte	.LASF47
 735 03a7 05       		.byte	0x5
 736 03a8 9404     		.2byte	0x494
 737 03aa A3000000 		.4byte	0xa3
 738 03ae 01       		.byte	0x1
 739 03af 01       		.byte	0x1
 740 03b0 00       		.byte	0
ARM GAS  /var/folders/dt/0wfd0knj7gs46m8vwfzktm600000gn/T//ccP14pxz.s 			page 14


 741              		.section	.debug_abbrev,"",%progbits
 742              	.Ldebug_abbrev0:
 743 0000 01       		.uleb128 0x1
 744 0001 11       		.uleb128 0x11
 745 0002 01       		.byte	0x1
 746 0003 25       		.uleb128 0x25
 747 0004 0E       		.uleb128 0xe
 748 0005 13       		.uleb128 0x13
 749 0006 0B       		.uleb128 0xb
 750 0007 03       		.uleb128 0x3
 751 0008 0E       		.uleb128 0xe
 752 0009 1B       		.uleb128 0x1b
 753 000a 0E       		.uleb128 0xe
 754 000b 55       		.uleb128 0x55
 755 000c 06       		.uleb128 0x6
 756 000d 11       		.uleb128 0x11
 757 000e 01       		.uleb128 0x1
 758 000f 52       		.uleb128 0x52
 759 0010 01       		.uleb128 0x1
 760 0011 10       		.uleb128 0x10
 761 0012 06       		.uleb128 0x6
 762 0013 00       		.byte	0
 763 0014 00       		.byte	0
 764 0015 02       		.uleb128 0x2
 765 0016 24       		.uleb128 0x24
 766 0017 00       		.byte	0
 767 0018 0B       		.uleb128 0xb
 768 0019 0B       		.uleb128 0xb
 769 001a 3E       		.uleb128 0x3e
 770 001b 0B       		.uleb128 0xb
 771 001c 03       		.uleb128 0x3
 772 001d 08       		.uleb128 0x8
 773 001e 00       		.byte	0
 774 001f 00       		.byte	0
 775 0020 03       		.uleb128 0x3
 776 0021 24       		.uleb128 0x24
 777 0022 00       		.byte	0
 778 0023 0B       		.uleb128 0xb
 779 0024 0B       		.uleb128 0xb
 780 0025 3E       		.uleb128 0x3e
 781 0026 0B       		.uleb128 0xb
 782 0027 03       		.uleb128 0x3
 783 0028 0E       		.uleb128 0xe
 784 0029 00       		.byte	0
 785 002a 00       		.byte	0
 786 002b 04       		.uleb128 0x4
 787 002c 16       		.uleb128 0x16
 788 002d 00       		.byte	0
 789 002e 03       		.uleb128 0x3
 790 002f 0E       		.uleb128 0xe
 791 0030 3A       		.uleb128 0x3a
 792 0031 0B       		.uleb128 0xb
 793 0032 3B       		.uleb128 0x3b
 794 0033 0B       		.uleb128 0xb
 795 0034 49       		.uleb128 0x49
 796 0035 13       		.uleb128 0x13
 797 0036 00       		.byte	0
ARM GAS  /var/folders/dt/0wfd0knj7gs46m8vwfzktm600000gn/T//ccP14pxz.s 			page 15


 798 0037 00       		.byte	0
 799 0038 05       		.uleb128 0x5
 800 0039 35       		.uleb128 0x35
 801 003a 00       		.byte	0
 802 003b 49       		.uleb128 0x49
 803 003c 13       		.uleb128 0x13
 804 003d 00       		.byte	0
 805 003e 00       		.byte	0
 806 003f 06       		.uleb128 0x6
 807 0040 13       		.uleb128 0x13
 808 0041 01       		.byte	0x1
 809 0042 0B       		.uleb128 0xb
 810 0043 0B       		.uleb128 0xb
 811 0044 3A       		.uleb128 0x3a
 812 0045 0B       		.uleb128 0xb
 813 0046 3B       		.uleb128 0x3b
 814 0047 05       		.uleb128 0x5
 815 0048 01       		.uleb128 0x1
 816 0049 13       		.uleb128 0x13
 817 004a 00       		.byte	0
 818 004b 00       		.byte	0
 819 004c 07       		.uleb128 0x7
 820 004d 0D       		.uleb128 0xd
 821 004e 00       		.byte	0
 822 004f 03       		.uleb128 0x3
 823 0050 08       		.uleb128 0x8
 824 0051 3A       		.uleb128 0x3a
 825 0052 0B       		.uleb128 0xb
 826 0053 3B       		.uleb128 0x3b
 827 0054 05       		.uleb128 0x5
 828 0055 49       		.uleb128 0x49
 829 0056 13       		.uleb128 0x13
 830 0057 38       		.uleb128 0x38
 831 0058 0A       		.uleb128 0xa
 832 0059 00       		.byte	0
 833 005a 00       		.byte	0
 834 005b 08       		.uleb128 0x8
 835 005c 0D       		.uleb128 0xd
 836 005d 00       		.byte	0
 837 005e 03       		.uleb128 0x3
 838 005f 0E       		.uleb128 0xe
 839 0060 3A       		.uleb128 0x3a
 840 0061 0B       		.uleb128 0xb
 841 0062 3B       		.uleb128 0x3b
 842 0063 05       		.uleb128 0x5
 843 0064 49       		.uleb128 0x49
 844 0065 13       		.uleb128 0x13
 845 0066 38       		.uleb128 0x38
 846 0067 0A       		.uleb128 0xa
 847 0068 00       		.byte	0
 848 0069 00       		.byte	0
 849 006a 09       		.uleb128 0x9
 850 006b 16       		.uleb128 0x16
 851 006c 00       		.byte	0
 852 006d 03       		.uleb128 0x3
 853 006e 0E       		.uleb128 0xe
 854 006f 3A       		.uleb128 0x3a
ARM GAS  /var/folders/dt/0wfd0knj7gs46m8vwfzktm600000gn/T//ccP14pxz.s 			page 16


 855 0070 0B       		.uleb128 0xb
 856 0071 3B       		.uleb128 0x3b
 857 0072 05       		.uleb128 0x5
 858 0073 49       		.uleb128 0x49
 859 0074 13       		.uleb128 0x13
 860 0075 00       		.byte	0
 861 0076 00       		.byte	0
 862 0077 0A       		.uleb128 0xa
 863 0078 13       		.uleb128 0x13
 864 0079 01       		.byte	0x1
 865 007a 0B       		.uleb128 0xb
 866 007b 0B       		.uleb128 0xb
 867 007c 3A       		.uleb128 0x3a
 868 007d 0B       		.uleb128 0xb
 869 007e 3B       		.uleb128 0x3b
 870 007f 0B       		.uleb128 0xb
 871 0080 01       		.uleb128 0x1
 872 0081 13       		.uleb128 0x13
 873 0082 00       		.byte	0
 874 0083 00       		.byte	0
 875 0084 0B       		.uleb128 0xb
 876 0085 0D       		.uleb128 0xd
 877 0086 00       		.byte	0
 878 0087 03       		.uleb128 0x3
 879 0088 08       		.uleb128 0x8
 880 0089 3A       		.uleb128 0x3a
 881 008a 0B       		.uleb128 0xb
 882 008b 3B       		.uleb128 0x3b
 883 008c 0B       		.uleb128 0xb
 884 008d 49       		.uleb128 0x49
 885 008e 13       		.uleb128 0x13
 886 008f 38       		.uleb128 0x38
 887 0090 0A       		.uleb128 0xa
 888 0091 00       		.byte	0
 889 0092 00       		.byte	0
 890 0093 0C       		.uleb128 0xc
 891 0094 0D       		.uleb128 0xd
 892 0095 00       		.byte	0
 893 0096 03       		.uleb128 0x3
 894 0097 0E       		.uleb128 0xe
 895 0098 3A       		.uleb128 0x3a
 896 0099 0B       		.uleb128 0xb
 897 009a 3B       		.uleb128 0x3b
 898 009b 0B       		.uleb128 0xb
 899 009c 49       		.uleb128 0x49
 900 009d 13       		.uleb128 0x13
 901 009e 38       		.uleb128 0x38
 902 009f 0A       		.uleb128 0xa
 903 00a0 00       		.byte	0
 904 00a1 00       		.byte	0
 905 00a2 0D       		.uleb128 0xd
 906 00a3 0F       		.uleb128 0xf
 907 00a4 00       		.byte	0
 908 00a5 0B       		.uleb128 0xb
 909 00a6 0B       		.uleb128 0xb
 910 00a7 49       		.uleb128 0x49
 911 00a8 13       		.uleb128 0x13
ARM GAS  /var/folders/dt/0wfd0knj7gs46m8vwfzktm600000gn/T//ccP14pxz.s 			page 17


 912 00a9 00       		.byte	0
 913 00aa 00       		.byte	0
 914 00ab 0E       		.uleb128 0xe
 915 00ac 2E       		.uleb128 0x2e
 916 00ad 01       		.byte	0x1
 917 00ae 3F       		.uleb128 0x3f
 918 00af 0C       		.uleb128 0xc
 919 00b0 03       		.uleb128 0x3
 920 00b1 0E       		.uleb128 0xe
 921 00b2 3A       		.uleb128 0x3a
 922 00b3 0B       		.uleb128 0xb
 923 00b4 3B       		.uleb128 0x3b
 924 00b5 0B       		.uleb128 0xb
 925 00b6 27       		.uleb128 0x27
 926 00b7 0C       		.uleb128 0xc
 927 00b8 11       		.uleb128 0x11
 928 00b9 01       		.uleb128 0x1
 929 00ba 12       		.uleb128 0x12
 930 00bb 01       		.uleb128 0x1
 931 00bc 40       		.uleb128 0x40
 932 00bd 06       		.uleb128 0x6
 933 00be 9742     		.uleb128 0x2117
 934 00c0 0C       		.uleb128 0xc
 935 00c1 01       		.uleb128 0x1
 936 00c2 13       		.uleb128 0x13
 937 00c3 00       		.byte	0
 938 00c4 00       		.byte	0
 939 00c5 0F       		.uleb128 0xf
 940 00c6 05       		.uleb128 0x5
 941 00c7 00       		.byte	0
 942 00c8 03       		.uleb128 0x3
 943 00c9 0E       		.uleb128 0xe
 944 00ca 3A       		.uleb128 0x3a
 945 00cb 0B       		.uleb128 0xb
 946 00cc 3B       		.uleb128 0x3b
 947 00cd 0B       		.uleb128 0xb
 948 00ce 49       		.uleb128 0x49
 949 00cf 13       		.uleb128 0x13
 950 00d0 02       		.uleb128 0x2
 951 00d1 0A       		.uleb128 0xa
 952 00d2 00       		.byte	0
 953 00d3 00       		.byte	0
 954 00d4 10       		.uleb128 0x10
 955 00d5 26       		.uleb128 0x26
 956 00d6 00       		.byte	0
 957 00d7 49       		.uleb128 0x49
 958 00d8 13       		.uleb128 0x13
 959 00d9 00       		.byte	0
 960 00da 00       		.byte	0
 961 00db 11       		.uleb128 0x11
 962 00dc 05       		.uleb128 0x5
 963 00dd 00       		.byte	0
 964 00de 03       		.uleb128 0x3
 965 00df 0E       		.uleb128 0xe
 966 00e0 3A       		.uleb128 0x3a
 967 00e1 0B       		.uleb128 0xb
 968 00e2 3B       		.uleb128 0x3b
ARM GAS  /var/folders/dt/0wfd0knj7gs46m8vwfzktm600000gn/T//ccP14pxz.s 			page 18


 969 00e3 0B       		.uleb128 0xb
 970 00e4 49       		.uleb128 0x49
 971 00e5 13       		.uleb128 0x13
 972 00e6 02       		.uleb128 0x2
 973 00e7 06       		.uleb128 0x6
 974 00e8 00       		.byte	0
 975 00e9 00       		.byte	0
 976 00ea 12       		.uleb128 0x12
 977 00eb 34       		.uleb128 0x34
 978 00ec 00       		.byte	0
 979 00ed 03       		.uleb128 0x3
 980 00ee 0E       		.uleb128 0xe
 981 00ef 3A       		.uleb128 0x3a
 982 00f0 0B       		.uleb128 0xb
 983 00f1 3B       		.uleb128 0x3b
 984 00f2 0B       		.uleb128 0xb
 985 00f3 49       		.uleb128 0x49
 986 00f4 13       		.uleb128 0x13
 987 00f5 02       		.uleb128 0x2
 988 00f6 0A       		.uleb128 0xa
 989 00f7 00       		.byte	0
 990 00f8 00       		.byte	0
 991 00f9 13       		.uleb128 0x13
 992 00fa 34       		.uleb128 0x34
 993 00fb 00       		.byte	0
 994 00fc 03       		.uleb128 0x3
 995 00fd 08       		.uleb128 0x8
 996 00fe 3A       		.uleb128 0x3a
 997 00ff 0B       		.uleb128 0xb
 998 0100 3B       		.uleb128 0x3b
 999 0101 0B       		.uleb128 0xb
 1000 0102 49       		.uleb128 0x49
 1001 0103 13       		.uleb128 0x13
 1002 0104 02       		.uleb128 0x2
 1003 0105 06       		.uleb128 0x6
 1004 0106 00       		.byte	0
 1005 0107 00       		.byte	0
 1006 0108 14       		.uleb128 0x14
 1007 0109 34       		.uleb128 0x34
 1008 010a 00       		.byte	0
 1009 010b 03       		.uleb128 0x3
 1010 010c 08       		.uleb128 0x8
 1011 010d 3A       		.uleb128 0x3a
 1012 010e 0B       		.uleb128 0xb
 1013 010f 3B       		.uleb128 0x3b
 1014 0110 0B       		.uleb128 0xb
 1015 0111 49       		.uleb128 0x49
 1016 0112 13       		.uleb128 0x13
 1017 0113 02       		.uleb128 0x2
 1018 0114 0A       		.uleb128 0xa
 1019 0115 00       		.byte	0
 1020 0116 00       		.byte	0
 1021 0117 15       		.uleb128 0x15
 1022 0118 01       		.uleb128 0x1
 1023 0119 01       		.byte	0x1
 1024 011a 49       		.uleb128 0x49
 1025 011b 13       		.uleb128 0x13
ARM GAS  /var/folders/dt/0wfd0knj7gs46m8vwfzktm600000gn/T//ccP14pxz.s 			page 19


 1026 011c 01       		.uleb128 0x1
 1027 011d 13       		.uleb128 0x13
 1028 011e 00       		.byte	0
 1029 011f 00       		.byte	0
 1030 0120 16       		.uleb128 0x16
 1031 0121 21       		.uleb128 0x21
 1032 0122 00       		.byte	0
 1033 0123 49       		.uleb128 0x49
 1034 0124 13       		.uleb128 0x13
 1035 0125 2F       		.uleb128 0x2f
 1036 0126 0B       		.uleb128 0xb
 1037 0127 00       		.byte	0
 1038 0128 00       		.byte	0
 1039 0129 17       		.uleb128 0x17
 1040 012a 34       		.uleb128 0x34
 1041 012b 00       		.byte	0
 1042 012c 03       		.uleb128 0x3
 1043 012d 0E       		.uleb128 0xe
 1044 012e 3A       		.uleb128 0x3a
 1045 012f 0B       		.uleb128 0xb
 1046 0130 3B       		.uleb128 0x3b
 1047 0131 05       		.uleb128 0x5
 1048 0132 49       		.uleb128 0x49
 1049 0133 13       		.uleb128 0x13
 1050 0134 3F       		.uleb128 0x3f
 1051 0135 0C       		.uleb128 0xc
 1052 0136 3C       		.uleb128 0x3c
 1053 0137 0C       		.uleb128 0xc
 1054 0138 00       		.byte	0
 1055 0139 00       		.byte	0
 1056 013a 00       		.byte	0
 1057              		.section	.debug_loc,"",%progbits
 1058              	.Ldebug_loc0:
 1059              	.LLST0:
 1060 0000 00000000 		.4byte	.LFB62
 1061 0004 0C000000 		.4byte	.LCFI0
 1062 0008 0200     		.2byte	0x2
 1063 000a 7D       		.byte	0x7d
 1064 000b 00       		.sleb128 0
 1065 000c 0C000000 		.4byte	.LCFI0
 1066 0010 7A000000 		.4byte	.LFE62
 1067 0014 0200     		.2byte	0x2
 1068 0016 7D       		.byte	0x7d
 1069 0017 04       		.sleb128 4
 1070 0018 00000000 		.4byte	0
 1071 001c 00000000 		.4byte	0
 1072              	.LLST1:
 1073 0020 00000000 		.4byte	.LFB63
 1074 0024 04000000 		.4byte	.LCFI1
 1075 0028 0200     		.2byte	0x2
 1076 002a 7D       		.byte	0x7d
 1077 002b 00       		.sleb128 0
 1078 002c 04000000 		.4byte	.LCFI1
 1079 0030 5C000000 		.4byte	.LFE63
 1080 0034 0200     		.2byte	0x2
 1081 0036 7D       		.byte	0x7d
 1082 0037 10       		.sleb128 16
ARM GAS  /var/folders/dt/0wfd0knj7gs46m8vwfzktm600000gn/T//ccP14pxz.s 			page 20


 1083 0038 00000000 		.4byte	0
 1084 003c 00000000 		.4byte	0
 1085              	.LLST2:
 1086 0040 00000000 		.4byte	.LVL1
 1087 0044 40000000 		.4byte	.LVL12
 1088 0048 0100     		.2byte	0x1
 1089 004a 51       		.byte	0x51
 1090 004b 40000000 		.4byte	.LVL12
 1091 004f 46000000 		.4byte	.LVL13
 1092 0053 0100     		.2byte	0x1
 1093 0055 51       		.byte	0x51
 1094 0056 00000000 		.4byte	0
 1095 005a 00000000 		.4byte	0
 1096              	.LLST3:
 1097 005e 00000000 		.4byte	.LVL1
 1098 0062 1C000000 		.4byte	.LVL3
 1099 0066 0100     		.2byte	0x1
 1100 0068 52       		.byte	0x52
 1101 0069 1C000000 		.4byte	.LVL3
 1102 006d 5C000000 		.4byte	.LFE63
 1103 0071 0400     		.2byte	0x4
 1104 0073 F3       		.byte	0xf3
 1105 0074 01       		.uleb128 0x1
 1106 0075 52       		.byte	0x52
 1107 0076 9F       		.byte	0x9f
 1108 0077 00000000 		.4byte	0
 1109 007b 00000000 		.4byte	0
 1110              	.LLST4:
 1111 007f 16000000 		.4byte	.LVL2
 1112 0083 1E000000 		.4byte	.LVL4
 1113 0087 0200     		.2byte	0x2
 1114 0089 30       		.byte	0x30
 1115 008a 9F       		.byte	0x9f
 1116 008b 24000000 		.4byte	.LVL6
 1117 008f 48000000 		.4byte	.LVL14
 1118 0093 0100     		.2byte	0x1
 1119 0095 55       		.byte	0x55
 1120 0096 00000000 		.4byte	0
 1121 009a 00000000 		.4byte	0
 1122              	.LLST5:
 1123 009e 16000000 		.4byte	.LVL2
 1124 00a2 1E000000 		.4byte	.LVL4
 1125 00a6 0200     		.2byte	0x2
 1126 00a8 30       		.byte	0x30
 1127 00a9 9F       		.byte	0x9f
 1128 00aa 22000000 		.4byte	.LVL5
 1129 00ae 50000000 		.4byte	.LVL16
 1130 00b2 0100     		.2byte	0x1
 1131 00b4 52       		.byte	0x52
 1132 00b5 00000000 		.4byte	0
 1133 00b9 00000000 		.4byte	0
 1134              	.LLST6:
 1135 00bd 16000000 		.4byte	.LVL2
 1136 00c1 1E000000 		.4byte	.LVL4
 1137 00c5 0200     		.2byte	0x2
 1138 00c7 30       		.byte	0x30
 1139 00c8 9F       		.byte	0x9f
ARM GAS  /var/folders/dt/0wfd0knj7gs46m8vwfzktm600000gn/T//ccP14pxz.s 			page 21


 1140 00c9 26000000 		.4byte	.LVL7
 1141 00cd 4A000000 		.4byte	.LVL15
 1142 00d1 0100     		.2byte	0x1
 1143 00d3 54       		.byte	0x54
 1144 00d4 00000000 		.4byte	0
 1145 00d8 00000000 		.4byte	0
 1146              	.LLST7:
 1147 00dc 16000000 		.4byte	.LVL2
 1148 00e0 1E000000 		.4byte	.LVL4
 1149 00e4 0200     		.2byte	0x2
 1150 00e6 30       		.byte	0x30
 1151 00e7 9F       		.byte	0x9f
 1152 00e8 26000000 		.4byte	.LVL7
 1153 00ec 52000000 		.4byte	.LVL17
 1154 00f0 0100     		.2byte	0x1
 1155 00f2 53       		.byte	0x53
 1156 00f3 00000000 		.4byte	0
 1157 00f7 00000000 		.4byte	0
 1158              	.LLST8:
 1159 00fb 16000000 		.4byte	.LVL2
 1160 00ff 1E000000 		.4byte	.LVL4
 1161 0103 0200     		.2byte	0x2
 1162 0105 30       		.byte	0x30
 1163 0106 9F       		.byte	0x9f
 1164 0107 00000000 		.4byte	0
 1165 010b 00000000 		.4byte	0
 1166              		.section	.debug_aranges,"",%progbits
 1167 0000 24000000 		.4byte	0x24
 1168 0004 0200     		.2byte	0x2
 1169 0006 00000000 		.4byte	.Ldebug_info0
 1170 000a 04       		.byte	0x4
 1171 000b 00       		.byte	0
 1172 000c 0000     		.2byte	0
 1173 000e 0000     		.2byte	0
 1174 0010 00000000 		.4byte	.LFB62
 1175 0014 7A000000 		.4byte	.LFE62-.LFB62
 1176 0018 00000000 		.4byte	.LFB63
 1177 001c 5C000000 		.4byte	.LFE63-.LFB63
 1178 0020 00000000 		.4byte	0
 1179 0024 00000000 		.4byte	0
 1180              		.section	.debug_ranges,"",%progbits
 1181              	.Ldebug_ranges0:
 1182 0000 00000000 		.4byte	.LFB62
 1183 0004 7A000000 		.4byte	.LFE62
 1184 0008 00000000 		.4byte	.LFB63
 1185 000c 5C000000 		.4byte	.LFE63
 1186 0010 00000000 		.4byte	0
 1187 0014 00000000 		.4byte	0
 1188              		.section	.debug_line,"",%progbits
 1189              	.Ldebug_line0:
 1190 0000 A9010000 		.section	.debug_str,"MS",%progbits,1
 1190      02003901 
 1190      00000201 
 1190      FB0E0D00 
 1190      01010101 
 1191              	.LASF16:
 1192 0000 4750494F 		.ascii	"GPIO_TypeDef\000"
ARM GAS  /var/folders/dt/0wfd0knj7gs46m8vwfzktm600000gn/T//ccP14pxz.s 			page 22


 1192      5F547970 
 1192      65446566 
 1192      00
 1193              	.LASF30:
 1194 000d 50434461 		.ascii	"PCData\000"
 1194      746100
 1195              	.LASF26:
 1196 0014 5243435F 		.ascii	"RCC_TypeDef\000"
 1196      54797065 
 1196      44656600 
 1197              	.LASF38:
 1198 0020 5F70616C 		.ascii	"_pal_lld_setgroupmode\000"
 1198      5F6C6C64 
 1198      5F736574 
 1198      67726F75 
 1198      706D6F64 
 1199              	.LASF37:
 1200 0036 5F70616C 		.ascii	"_pal_lld_init\000"
 1200      5F6C6C64 
 1200      5F696E69 
 1200      7400
 1201              	.LASF45:
 1202 0044 2E2E2F2E 		.ascii	"../../os/hal/platforms/STM32/GPIOv1/pal_lld.c\000"
 1202      2E2F6F73 
 1202      2F68616C 
 1202      2F706C61 
 1202      74666F72 
 1203              	.LASF3:
 1204 0072 73686F72 		.ascii	"short int\000"
 1204      7420696E 
 1204      7400
 1205              	.LASF12:
 1206 007c 73697A65 		.ascii	"sizetype\000"
 1206      74797065 
 1206      00
 1207              	.LASF23:
 1208 0085 42444352 		.ascii	"BDCR\000"
 1208      00
 1209              	.LASF22:
 1210 008a 41504231 		.ascii	"APB1ENR\000"
 1210      454E5200 
 1211              	.LASF19:
 1212 0092 41504231 		.ascii	"APB1RSTR\000"
 1212      52535452 
 1212      00
 1213              	.LASF42:
 1214 009b 6D6F6465 		.ascii	"mode\000"
 1214      00
 1215              	.LASF14:
 1216 00a0 42535252 		.ascii	"BSRR\000"
 1216      00
 1217              	.LASF39:
 1218 00a5 636F6E66 		.ascii	"config\000"
 1218      696700
 1219              	.LASF35:
 1220 00ac 696F6D6F 		.ascii	"iomode_t\000"
 1220      64655F74 
ARM GAS  /var/folders/dt/0wfd0knj7gs46m8vwfzktm600000gn/T//ccP14pxz.s 			page 23


 1220      00
 1221              	.LASF5:
 1222 00b5 75696E74 		.ascii	"uint8_t\000"
 1222      385F7400 
 1223              	.LASF46:
 1224 00bd 2F746D70 		.ascii	"/tmp/mlab-chibios/demos/STM32F107-serialshell\000"
 1224      2F6D6C61 
 1224      622D6368 
 1224      6962696F 
 1224      732F6465 
 1225              	.LASF34:
 1226 00eb 696F706F 		.ascii	"ioportmask_t\000"
 1226      72746D61 
 1226      736B5F74 
 1226      00
 1227              	.LASF1:
 1228 00f8 7369676E 		.ascii	"signed char\000"
 1228      65642063 
 1228      68617200 
 1229              	.LASF28:
 1230 0104 50414461 		.ascii	"PAData\000"
 1230      746100
 1231              	.LASF24:
 1232 010b 41484252 		.ascii	"AHBRSTR\000"
 1232      53545200 
 1233              	.LASF10:
 1234 0113 6C6F6E67 		.ascii	"long long int\000"
 1234      206C6F6E 
 1234      6720696E 
 1234      7400
 1235              	.LASF7:
 1236 0121 6C6F6E67 		.ascii	"long int\000"
 1236      20696E74 
 1236      00
 1237              	.LASF31:
 1238 012a 50444461 		.ascii	"PDData\000"
 1238      746100
 1239              	.LASF20:
 1240 0131 41484245 		.ascii	"AHBENR\000"
 1240      4E5200
 1241              	.LASF18:
 1242 0138 41504232 		.ascii	"APB2RSTR\000"
 1242      52535452 
 1242      00
 1243              	.LASF36:
 1244 0141 696F706F 		.ascii	"ioportid_t\000"
 1244      72746964 
 1244      5F7400
 1245              	.LASF43:
 1246 014c 63666774 		.ascii	"cfgtab\000"
 1246      616200
 1247              	.LASF2:
 1248 0153 756E7369 		.ascii	"unsigned char\000"
 1248      676E6564 
 1248      20636861 
 1248      7200
 1249              	.LASF21:
ARM GAS  /var/folders/dt/0wfd0knj7gs46m8vwfzktm600000gn/T//ccP14pxz.s 			page 24


 1250 0161 41504232 		.ascii	"APB2ENR\000"
 1250      454E5200 
 1251              	.LASF11:
 1252 0169 6C6F6E67 		.ascii	"long long unsigned int\000"
 1252      206C6F6E 
 1252      6720756E 
 1252      7369676E 
 1252      65642069 
 1253              	.LASF8:
 1254 0180 75696E74 		.ascii	"uint32_t\000"
 1254      33325F74 
 1254      00
 1255              	.LASF0:
 1256 0189 756E7369 		.ascii	"unsigned int\000"
 1256      676E6564 
 1256      20696E74 
 1256      00
 1257              	.LASF25:
 1258 0196 43464752 		.ascii	"CFGR2\000"
 1258      3200
 1259              	.LASF44:
 1260 019c 474E5520 		.ascii	"GNU C 4.7.2\000"
 1260      4320342E 
 1260      372E3200 
 1261              	.LASF27:
 1262 01a8 73746D33 		.ascii	"stm32_gpio_setup_t\000"
 1262      325F6770 
 1262      696F5F73 
 1262      65747570 
 1262      5F7400
 1263              	.LASF4:
 1264 01bb 73686F72 		.ascii	"short unsigned int\000"
 1264      7420756E 
 1264      7369676E 
 1264      65642069 
 1264      6E7400
 1265              	.LASF13:
 1266 01ce 63686172 		.ascii	"char\000"
 1266      00
 1267              	.LASF6:
 1268 01d3 696E7433 		.ascii	"int32_t\000"
 1268      325F7400 
 1269              	.LASF33:
 1270 01db 50414C43 		.ascii	"PALConfig\000"
 1270      6F6E6669 
 1270      6700
 1271              	.LASF32:
 1272 01e5 50454461 		.ascii	"PEData\000"
 1272      746100
 1273              	.LASF40:
 1274 01ec 706F7274 		.ascii	"port\000"
 1274      00
 1275              	.LASF9:
 1276 01f1 6C6F6E67 		.ascii	"long unsigned int\000"
 1276      20756E73 
 1276      69676E65 
 1276      6420696E 
ARM GAS  /var/folders/dt/0wfd0knj7gs46m8vwfzktm600000gn/T//ccP14pxz.s 			page 25


 1276      7400
 1277              	.LASF41:
 1278 0203 6D61736B 		.ascii	"mask\000"
 1278      00
 1279              	.LASF47:
 1280 0208 49544D5F 		.ascii	"ITM_RxBuffer\000"
 1280      52784275 
 1280      66666572 
 1280      00
 1281              	.LASF29:
 1282 0215 50424461 		.ascii	"PBData\000"
 1282      746100
 1283              	.LASF17:
 1284 021c 43464752 		.ascii	"CFGR\000"
 1284      00
 1285              	.LASF15:
 1286 0221 4C434B52 		.ascii	"LCKR\000"
 1286      00
 1287              		.ident	"GCC: (GNU) 4.7.2"
ARM GAS  /var/folders/dt/0wfd0knj7gs46m8vwfzktm600000gn/T//ccP14pxz.s 			page 26


DEFINED SYMBOLS
                            *ABS*:0000000000000000 pal_lld.c
/var/folders/dt/0wfd0knj7gs46m8vwfzktm600000gn/T//ccP14pxz.s:19     .text._pal_lld_init:0000000000000000 $t
/var/folders/dt/0wfd0knj7gs46m8vwfzktm600000gn/T//ccP14pxz.s:25     .text._pal_lld_init:0000000000000000 _pal_lld_init
/var/folders/dt/0wfd0knj7gs46m8vwfzktm600000gn/T//ccP14pxz.s:124    .text._pal_lld_setgroupmode:0000000000000000 $t
/var/folders/dt/0wfd0knj7gs46m8vwfzktm600000gn/T//ccP14pxz.s:130    .text._pal_lld_setgroupmode:0000000000000000 _pal_lld_setgroupmode
/var/folders/dt/0wfd0knj7gs46m8vwfzktm600000gn/T//ccP14pxz.s:230    .text._pal_lld_setgroupmode:0000000000000058 $d
/var/folders/dt/0wfd0knj7gs46m8vwfzktm600000gn/T//ccP14pxz.s:235    .rodata.cfgtab.5995:0000000000000000 $d
/var/folders/dt/0wfd0knj7gs46m8vwfzktm600000gn/T//ccP14pxz.s:239    .rodata.cfgtab.5995:0000000000000000 cfgtab.5995
                     .debug_frame:0000000000000010 $d
/var/folders/dt/0wfd0knj7gs46m8vwfzktm600000gn/T//ccP14pxz.s:234    .text._pal_lld_setgroupmode:000000000000005c $t

NO UNDEFINED SYMBOLS
