ARM GAS  /var/folders/dt/0wfd0knj7gs46m8vwfzktm600000gn/T//ccYJNlxW.s 			page 1


   1              		.syntax unified
   2              		.cpu cortex-m3
   3              		.fpu softvfp
   4              		.eabi_attribute 20, 1
   5              		.eabi_attribute 21, 1
   6              		.eabi_attribute 23, 3
   7              		.eabi_attribute 24, 1
   8              		.eabi_attribute 25, 1
   9              		.eabi_attribute 26, 1
  10              		.eabi_attribute 30, 2
  11              		.eabi_attribute 34, 1
  12              		.eabi_attribute 18, 4
  13              		.thumb
  14              		.file	"vectors.c"
  15              		.text
  16              	.Ltext0:
  17              		.cfi_sections	.debug_frame
  18              		.section	.text._unhandled_exception,"ax",%progbits
  19              		.align	2
  20              		.p2align 4,,15
  21              		.global	_unhandled_exception
  22              		.thumb
  23              		.thumb_func
  24              		.type	_unhandled_exception, %function
  25              	_unhandled_exception:
  26              	.LFB7:
  27              		.file 1 "../../os/ports/GCC/ARMCMx/STM32F1xx/vectors.c"
  28              		.loc 1 241 0
  29              		.cfi_startproc
  30              		@ Naked Function: prologue and epilogue provided by programmer.
  31              		@ Volatile: function does not return.
  32              		@ args = 0, pretend = 0, frame = 0
  33              		@ frame_needed = 0, uses_anonymous_args = 0
  34              	.L2:
  35 0000 FEE7     		b	.L2
  36              		.cfi_endproc
  37              	.LFE7:
  38              		.size	_unhandled_exception, .-_unhandled_exception
  39              		.weak	HardFaultVector
  40              		.thumb_set HardFaultVector,_unhandled_exception
  41              		.weak	MemManageVector
  42              		.thumb_set MemManageVector,_unhandled_exception
  43              		.weak	BusFaultVector
  44              		.thumb_set BusFaultVector,_unhandled_exception
  45              		.weak	UsageFaultVector
  46              		.thumb_set UsageFaultVector,_unhandled_exception
  47              		.weak	Vector1C
  48              		.thumb_set Vector1C,_unhandled_exception
  49              		.weak	Vector20
  50              		.thumb_set Vector20,_unhandled_exception
  51              		.weak	Vector24
  52              		.thumb_set Vector24,_unhandled_exception
  53              		.weak	Vector28
  54              		.thumb_set Vector28,_unhandled_exception
  55              		.weak	SVCallVector
  56              		.thumb_set SVCallVector,_unhandled_exception
  57              		.weak	DebugMonitorVector
ARM GAS  /var/folders/dt/0wfd0knj7gs46m8vwfzktm600000gn/T//ccYJNlxW.s 			page 2


  58              		.thumb_set DebugMonitorVector,_unhandled_exception
  59              		.weak	Vector34
  60              		.thumb_set Vector34,_unhandled_exception
  61              		.weak	PendSVVector
  62              		.thumb_set PendSVVector,_unhandled_exception
  63              		.weak	SysTickVector
  64              		.thumb_set SysTickVector,_unhandled_exception
  65              		.weak	Vector40
  66              		.thumb_set Vector40,_unhandled_exception
  67              		.weak	Vector44
  68              		.thumb_set Vector44,_unhandled_exception
  69              		.weak	Vector48
  70              		.thumb_set Vector48,_unhandled_exception
  71              		.weak	Vector4C
  72              		.thumb_set Vector4C,_unhandled_exception
  73              		.weak	Vector50
  74              		.thumb_set Vector50,_unhandled_exception
  75              		.weak	Vector54
  76              		.thumb_set Vector54,_unhandled_exception
  77              		.weak	Vector58
  78              		.thumb_set Vector58,_unhandled_exception
  79              		.weak	Vector5C
  80              		.thumb_set Vector5C,_unhandled_exception
  81              		.weak	Vector60
  82              		.thumb_set Vector60,_unhandled_exception
  83              		.weak	Vector64
  84              		.thumb_set Vector64,_unhandled_exception
  85              		.weak	Vector68
  86              		.thumb_set Vector68,_unhandled_exception
  87              		.weak	Vector6C
  88              		.thumb_set Vector6C,_unhandled_exception
  89              		.weak	Vector70
  90              		.thumb_set Vector70,_unhandled_exception
  91              		.weak	Vector74
  92              		.thumb_set Vector74,_unhandled_exception
  93              		.weak	Vector78
  94              		.thumb_set Vector78,_unhandled_exception
  95              		.weak	Vector7C
  96              		.thumb_set Vector7C,_unhandled_exception
  97              		.weak	Vector80
  98              		.thumb_set Vector80,_unhandled_exception
  99              		.weak	Vector84
 100              		.thumb_set Vector84,_unhandled_exception
 101              		.weak	Vector88
 102              		.thumb_set Vector88,_unhandled_exception
 103              		.weak	Vector8C
 104              		.thumb_set Vector8C,_unhandled_exception
 105              		.weak	Vector90
 106              		.thumb_set Vector90,_unhandled_exception
 107              		.weak	Vector94
 108              		.thumb_set Vector94,_unhandled_exception
 109              		.weak	Vector98
 110              		.thumb_set Vector98,_unhandled_exception
 111              		.weak	Vector9C
 112              		.thumb_set Vector9C,_unhandled_exception
 113              		.weak	VectorA0
 114              		.thumb_set VectorA0,_unhandled_exception
ARM GAS  /var/folders/dt/0wfd0knj7gs46m8vwfzktm600000gn/T//ccYJNlxW.s 			page 3


 115              		.weak	VectorA4
 116              		.thumb_set VectorA4,_unhandled_exception
 117              		.weak	VectorA8
 118              		.thumb_set VectorA8,_unhandled_exception
 119              		.weak	VectorAC
 120              		.thumb_set VectorAC,_unhandled_exception
 121              		.weak	VectorB0
 122              		.thumb_set VectorB0,_unhandled_exception
 123              		.weak	VectorB4
 124              		.thumb_set VectorB4,_unhandled_exception
 125              		.weak	VectorB8
 126              		.thumb_set VectorB8,_unhandled_exception
 127              		.weak	VectorBC
 128              		.thumb_set VectorBC,_unhandled_exception
 129              		.weak	VectorC0
 130              		.thumb_set VectorC0,_unhandled_exception
 131              		.weak	VectorC4
 132              		.thumb_set VectorC4,_unhandled_exception
 133              		.weak	VectorC8
 134              		.thumb_set VectorC8,_unhandled_exception
 135              		.weak	VectorCC
 136              		.thumb_set VectorCC,_unhandled_exception
 137              		.weak	VectorD0
 138              		.thumb_set VectorD0,_unhandled_exception
 139              		.weak	VectorD4
 140              		.thumb_set VectorD4,_unhandled_exception
 141              		.weak	VectorD8
 142              		.thumb_set VectorD8,_unhandled_exception
 143              		.weak	VectorDC
 144              		.thumb_set VectorDC,_unhandled_exception
 145              		.weak	VectorE0
 146              		.thumb_set VectorE0,_unhandled_exception
 147              		.weak	VectorE4
 148              		.thumb_set VectorE4,_unhandled_exception
 149              		.weak	VectorE8
 150              		.thumb_set VectorE8,_unhandled_exception
 151              		.weak	VectorEC
 152              		.thumb_set VectorEC,_unhandled_exception
 153              		.weak	VectorF0
 154              		.thumb_set VectorF0,_unhandled_exception
 155              		.weak	VectorF4
 156              		.thumb_set VectorF4,_unhandled_exception
 157              		.weak	VectorF8
 158              		.thumb_set VectorF8,_unhandled_exception
 159              		.weak	VectorFC
 160              		.thumb_set VectorFC,_unhandled_exception
 161              		.weak	Vector100
 162              		.thumb_set Vector100,_unhandled_exception
 163              		.weak	Vector104
 164              		.thumb_set Vector104,_unhandled_exception
 165              		.weak	Vector108
 166              		.thumb_set Vector108,_unhandled_exception
 167              		.weak	Vector10C
 168              		.thumb_set Vector10C,_unhandled_exception
 169              		.weak	Vector110
 170              		.thumb_set Vector110,_unhandled_exception
 171              		.weak	Vector114
ARM GAS  /var/folders/dt/0wfd0knj7gs46m8vwfzktm600000gn/T//ccYJNlxW.s 			page 4


 172              		.thumb_set Vector114,_unhandled_exception
 173              		.weak	Vector118
 174              		.thumb_set Vector118,_unhandled_exception
 175              		.weak	Vector11C
 176              		.thumb_set Vector11C,_unhandled_exception
 177              		.weak	Vector120
 178              		.thumb_set Vector120,_unhandled_exception
 179              		.weak	Vector124
 180              		.thumb_set Vector124,_unhandled_exception
 181              		.weak	Vector128
 182              		.thumb_set Vector128,_unhandled_exception
 183              		.weak	Vector12C
 184              		.thumb_set Vector12C,_unhandled_exception
 185              		.weak	Vector130
 186              		.thumb_set Vector130,_unhandled_exception
 187              		.weak	Vector134
 188              		.thumb_set Vector134,_unhandled_exception
 189              		.weak	Vector138
 190              		.thumb_set Vector138,_unhandled_exception
 191              		.weak	Vector13C
 192              		.thumb_set Vector13C,_unhandled_exception
 193              		.weak	Vector140
 194              		.thumb_set Vector140,_unhandled_exception
 195              		.weak	Vector144
 196              		.thumb_set Vector144,_unhandled_exception
 197              		.weak	Vector148
 198              		.thumb_set Vector148,_unhandled_exception
 199              		.weak	Vector14C
 200              		.thumb_set Vector14C,_unhandled_exception
 201              		.weak	NMIVector
 202              		.thumb_set NMIVector,_unhandled_exception
 203              		.global	_vectors
 204 0002 00BFAFF3 		.section	vectors,"aw",%progbits
 204      0080AFF3 
 204      0080AFF3 
 204      0080
 205              		.align	2
 206              		.type	_vectors, %object
 207              		.size	_vectors, 336
 208              	_vectors:
 209 0000 00000000 		.word	__main_stack_end__
 210 0004 00000000 		.word	ResetHandler
 211 0008 00000000 		.word	NMIVector
 212 000c 00000000 		.word	HardFaultVector
 213 0010 00000000 		.word	MemManageVector
 214 0014 00000000 		.word	BusFaultVector
 215 0018 00000000 		.word	UsageFaultVector
 216 001c 00000000 		.word	Vector1C
 217 0020 00000000 		.word	Vector20
 218 0024 00000000 		.word	Vector24
 219 0028 00000000 		.word	Vector28
 220 002c 00000000 		.word	SVCallVector
 221 0030 00000000 		.word	DebugMonitorVector
 222 0034 00000000 		.word	Vector34
 223 0038 00000000 		.word	PendSVVector
 224 003c 00000000 		.word	SysTickVector
 225 0040 00000000 		.word	Vector40
ARM GAS  /var/folders/dt/0wfd0knj7gs46m8vwfzktm600000gn/T//ccYJNlxW.s 			page 5


 226 0044 00000000 		.word	Vector44
 227 0048 00000000 		.word	Vector48
 228 004c 00000000 		.word	Vector4C
 229 0050 00000000 		.word	Vector50
 230 0054 00000000 		.word	Vector54
 231 0058 00000000 		.word	Vector58
 232 005c 00000000 		.word	Vector5C
 233 0060 00000000 		.word	Vector60
 234 0064 00000000 		.word	Vector64
 235 0068 00000000 		.word	Vector68
 236 006c 00000000 		.word	Vector6C
 237 0070 00000000 		.word	Vector70
 238 0074 00000000 		.word	Vector74
 239 0078 00000000 		.word	Vector78
 240 007c 00000000 		.word	Vector7C
 241 0080 00000000 		.word	Vector80
 242 0084 00000000 		.word	Vector84
 243 0088 00000000 		.word	Vector88
 244 008c 00000000 		.word	Vector8C
 245 0090 00000000 		.word	Vector90
 246 0094 00000000 		.word	Vector94
 247 0098 00000000 		.word	Vector98
 248 009c 00000000 		.word	Vector9C
 249 00a0 00000000 		.word	VectorA0
 250 00a4 00000000 		.word	VectorA4
 251 00a8 00000000 		.word	VectorA8
 252 00ac 00000000 		.word	VectorAC
 253 00b0 00000000 		.word	VectorB0
 254 00b4 00000000 		.word	VectorB4
 255 00b8 00000000 		.word	VectorB8
 256 00bc 00000000 		.word	VectorBC
 257 00c0 00000000 		.word	VectorC0
 258 00c4 00000000 		.word	VectorC4
 259 00c8 00000000 		.word	VectorC8
 260 00cc 00000000 		.word	VectorCC
 261 00d0 00000000 		.word	VectorD0
 262 00d4 00000000 		.word	VectorD4
 263 00d8 00000000 		.word	VectorD8
 264 00dc 00000000 		.word	VectorDC
 265 00e0 00000000 		.word	VectorE0
 266 00e4 00000000 		.word	VectorE4
 267 00e8 00000000 		.word	VectorE8
 268 00ec 00000000 		.word	VectorEC
 269 00f0 00000000 		.word	VectorF0
 270 00f4 00000000 		.word	VectorF4
 271 00f8 00000000 		.word	VectorF8
 272 00fc 00000000 		.word	VectorFC
 273 0100 00000000 		.word	Vector100
 274 0104 00000000 		.word	Vector104
 275 0108 00000000 		.word	Vector108
 276 010c 00000000 		.word	Vector10C
 277 0110 00000000 		.word	Vector110
 278 0114 00000000 		.word	Vector114
 279 0118 00000000 		.word	Vector118
 280 011c 00000000 		.word	Vector11C
 281 0120 00000000 		.word	Vector120
 282 0124 00000000 		.word	Vector124
ARM GAS  /var/folders/dt/0wfd0knj7gs46m8vwfzktm600000gn/T//ccYJNlxW.s 			page 6


 283 0128 00000000 		.word	Vector128
 284 012c 00000000 		.word	Vector12C
 285 0130 00000000 		.word	Vector130
 286 0134 00000000 		.word	Vector134
 287 0138 00000000 		.word	Vector138
 288 013c 00000000 		.word	Vector13C
 289 0140 00000000 		.word	Vector140
 290 0144 00000000 		.word	Vector144
 291 0148 00000000 		.word	Vector148
 292 014c 00000000 		.word	Vector14C
 293              		.text
 294              	.Letext0:
 295              		.file 2 "/Users/toxygen/Applications/yagarto-4.7.2/bin/../lib/gcc/arm-none-eabi/4.7.2/../../../../
 296              		.section	.debug_info,"",%progbits
 297              	.Ldebug_info0:
 298 0000 E5010000 		.4byte	0x1e5
 299 0004 0200     		.2byte	0x2
 300 0006 00000000 		.4byte	.Ldebug_abbrev0
 301 000a 04       		.byte	0x4
 302 000b 01       		.uleb128 0x1
 303 000c 98010000 		.4byte	.LASF33
 304 0010 01       		.byte	0x1
 305 0011 D2000000 		.4byte	.LASF34
 306 0015 8C000000 		.4byte	.LASF35
 307 0019 00000000 		.4byte	.Ldebug_ranges0+0
 308 001d 00000000 		.4byte	0
 309 0021 00000000 		.4byte	0
 310 0025 00000000 		.4byte	.Ldebug_line0
 311 0029 02       		.uleb128 0x2
 312 002a 04       		.byte	0x4
 313 002b 05       		.byte	0x5
 314 002c 696E7400 		.ascii	"int\000"
 315 0030 03       		.uleb128 0x3
 316 0031 04       		.byte	0x4
 317 0032 07       		.byte	0x7
 318 0033 BA000000 		.4byte	.LASF0
 319 0037 03       		.uleb128 0x3
 320 0038 01       		.byte	0x1
 321 0039 06       		.byte	0x6
 322 003a EA010000 		.4byte	.LASF1
 323 003e 03       		.uleb128 0x3
 324 003f 01       		.byte	0x1
 325 0040 08       		.byte	0x8
 326 0041 50000000 		.4byte	.LASF2
 327 0045 03       		.uleb128 0x3
 328 0046 02       		.byte	0x2
 329 0047 05       		.byte	0x5
 330 0048 C1010000 		.4byte	.LASF3
 331 004c 03       		.uleb128 0x3
 332 004d 02       		.byte	0x2
 333 004e 07       		.byte	0x7
 334 004f 70000000 		.4byte	.LASF4
 335 0053 03       		.uleb128 0x3
 336 0054 04       		.byte	0x4
 337 0055 05       		.byte	0x5
 338 0056 E1010000 		.4byte	.LASF5
 339 005a 04       		.uleb128 0x4
ARM GAS  /var/folders/dt/0wfd0knj7gs46m8vwfzktm600000gn/T//ccYJNlxW.s 			page 7


 340 005b D8010000 		.4byte	.LASF11
 341 005f 02       		.byte	0x2
 342 0060 50       		.byte	0x50
 343 0061 65000000 		.4byte	0x65
 344 0065 03       		.uleb128 0x3
 345 0066 04       		.byte	0x4
 346 0067 07       		.byte	0x7
 347 0068 5E000000 		.4byte	.LASF6
 348 006c 03       		.uleb128 0x3
 349 006d 08       		.byte	0x8
 350 006e 05       		.byte	0x5
 351 006f 74010000 		.4byte	.LASF7
 352 0073 03       		.uleb128 0x3
 353 0074 08       		.byte	0x8
 354 0075 07       		.byte	0x7
 355 0076 00010000 		.4byte	.LASF8
 356 007a 03       		.uleb128 0x3
 357 007b 04       		.byte	0x4
 358 007c 07       		.byte	0x7
 359 007d 4C010000 		.4byte	.LASF9
 360 0081 03       		.uleb128 0x3
 361 0082 01       		.byte	0x1
 362 0083 08       		.byte	0x8
 363 0084 82010000 		.4byte	.LASF10
 364 0088 04       		.uleb128 0x4
 365 0089 09000000 		.4byte	.LASF12
 366 008d 01       		.byte	0x1
 367 008e 48       		.byte	0x48
 368 008f 93000000 		.4byte	0x93
 369 0093 05       		.uleb128 0x5
 370 0094 04       		.byte	0x4
 371 0095 99000000 		.4byte	0x99
 372 0099 06       		.uleb128 0x6
 373 009a 01       		.byte	0x1
 374 009b 07       		.uleb128 0x7
 375 009c 5001     		.2byte	0x150
 376 009e 01       		.byte	0x1
 377 009f 4D       		.byte	0x4d
 378 00a0 93010000 		.4byte	0x193
 379 00a4 08       		.uleb128 0x8
 380 00a5 28000000 		.4byte	.LASF13
 381 00a9 01       		.byte	0x1
 382 00aa 4E       		.byte	0x4e
 383 00ab 93010000 		.4byte	0x193
 384 00af 02       		.byte	0x2
 385 00b0 23       		.byte	0x23
 386 00b1 00       		.uleb128 0
 387 00b2 08       		.uleb128 0x8
 388 00b3 CB010000 		.4byte	.LASF14
 389 00b7 01       		.byte	0x1
 390 00b8 4F       		.byte	0x4f
 391 00b9 88000000 		.4byte	0x88
 392 00bd 02       		.byte	0x2
 393 00be 23       		.byte	0x23
 394 00bf 04       		.uleb128 0x4
 395 00c0 08       		.uleb128 0x8
 396 00c1 C7000000 		.4byte	.LASF15
ARM GAS  /var/folders/dt/0wfd0knj7gs46m8vwfzktm600000gn/T//ccYJNlxW.s 			page 8


 397 00c5 01       		.byte	0x1
 398 00c6 50       		.byte	0x50
 399 00c7 88000000 		.4byte	0x88
 400 00cb 02       		.byte	0x2
 401 00cc 23       		.byte	0x23
 402 00cd 08       		.uleb128 0x8
 403 00ce 08       		.uleb128 0x8
 404 00cf 63010000 		.4byte	.LASF16
 405 00d3 01       		.byte	0x1
 406 00d4 51       		.byte	0x51
 407 00d5 88000000 		.4byte	0x88
 408 00d9 02       		.byte	0x2
 409 00da 23       		.byte	0x23
 410 00db 0C       		.uleb128 0xc
 411 00dc 08       		.uleb128 0x8
 412 00dd 87010000 		.4byte	.LASF17
 413 00e1 01       		.byte	0x1
 414 00e2 52       		.byte	0x52
 415 00e3 88000000 		.4byte	0x88
 416 00e7 02       		.byte	0x2
 417 00e8 23       		.byte	0x23
 418 00e9 10       		.uleb128 0x10
 419 00ea 08       		.uleb128 0x8
 420 00eb 17010000 		.4byte	.LASF18
 421 00ef 01       		.byte	0x1
 422 00f0 53       		.byte	0x53
 423 00f1 88000000 		.4byte	0x88
 424 00f5 02       		.byte	0x2
 425 00f6 23       		.byte	0x23
 426 00f7 14       		.uleb128 0x14
 427 00f8 08       		.uleb128 0x8
 428 00f9 30010000 		.4byte	.LASF19
 429 00fd 01       		.byte	0x1
 430 00fe 54       		.byte	0x54
 431 00ff 88000000 		.4byte	0x88
 432 0103 02       		.byte	0x2
 433 0104 23       		.byte	0x23
 434 0105 18       		.uleb128 0x18
 435 0106 08       		.uleb128 0x8
 436 0107 83000000 		.4byte	.LASF20
 437 010b 01       		.byte	0x1
 438 010c 55       		.byte	0x55
 439 010d 88000000 		.4byte	0x88
 440 0111 02       		.byte	0x2
 441 0112 23       		.byte	0x23
 442 0113 1C       		.uleb128 0x1c
 443 0114 08       		.uleb128 0x8
 444 0115 0A020000 		.4byte	.LASF21
 445 0119 01       		.byte	0x1
 446 011a 56       		.byte	0x56
 447 011b 88000000 		.4byte	0x88
 448 011f 02       		.byte	0x2
 449 0120 23       		.byte	0x23
 450 0121 20       		.uleb128 0x20
 451 0122 08       		.uleb128 0x8
 452 0123 00000000 		.4byte	.LASF22
 453 0127 01       		.byte	0x1
ARM GAS  /var/folders/dt/0wfd0knj7gs46m8vwfzktm600000gn/T//ccYJNlxW.s 			page 9


 454 0128 57       		.byte	0x57
 455 0129 88000000 		.4byte	0x88
 456 012d 02       		.byte	0x2
 457 012e 23       		.byte	0x23
 458 012f 24       		.uleb128 0x24
 459 0130 08       		.uleb128 0x8
 460 0131 27010000 		.4byte	.LASF23
 461 0135 01       		.byte	0x1
 462 0136 58       		.byte	0x58
 463 0137 88000000 		.4byte	0x88
 464 013b 02       		.byte	0x2
 465 013c 23       		.byte	0x23
 466 013d 28       		.uleb128 0x28
 467 013e 08       		.uleb128 0x8
 468 013f 42000000 		.4byte	.LASF24
 469 0143 01       		.byte	0x1
 470 0144 59       		.byte	0x59
 471 0145 88000000 		.4byte	0x88
 472 0149 02       		.byte	0x2
 473 014a 23       		.byte	0x23
 474 014b 2C       		.uleb128 0x2c
 475 014c 08       		.uleb128 0x8
 476 014d F6010000 		.4byte	.LASF25
 477 0151 01       		.byte	0x1
 478 0152 5A       		.byte	0x5a
 479 0153 88000000 		.4byte	0x88
 480 0157 02       		.byte	0x2
 481 0158 23       		.byte	0x23
 482 0159 30       		.uleb128 0x30
 483 015a 08       		.uleb128 0x8
 484 015b 16000000 		.4byte	.LASF26
 485 015f 01       		.byte	0x1
 486 0160 5B       		.byte	0x5b
 487 0161 88000000 		.4byte	0x88
 488 0165 02       		.byte	0x2
 489 0166 23       		.byte	0x23
 490 0167 34       		.uleb128 0x34
 491 0168 08       		.uleb128 0x8
 492 0169 55010000 		.4byte	.LASF27
 493 016d 01       		.byte	0x1
 494 016e 5C       		.byte	0x5c
 495 016f 88000000 		.4byte	0x88
 496 0173 02       		.byte	0x2
 497 0174 23       		.byte	0x23
 498 0175 38       		.uleb128 0x38
 499 0176 08       		.uleb128 0x8
 500 0177 33000000 		.4byte	.LASF28
 501 017b 01       		.byte	0x1
 502 017c 5D       		.byte	0x5d
 503 017d 88000000 		.4byte	0x88
 504 0181 02       		.byte	0x2
 505 0182 23       		.byte	0x23
 506 0183 3C       		.uleb128 0x3c
 507 0184 08       		.uleb128 0x8
 508 0185 B9010000 		.4byte	.LASF29
 509 0189 01       		.byte	0x1
 510 018a 5E       		.byte	0x5e
ARM GAS  /var/folders/dt/0wfd0knj7gs46m8vwfzktm600000gn/T//ccYJNlxW.s 			page 10


 511 018b 99010000 		.4byte	0x199
 512 018f 02       		.byte	0x2
 513 0190 23       		.byte	0x23
 514 0191 40       		.uleb128 0x40
 515 0192 00       		.byte	0
 516 0193 05       		.uleb128 0x5
 517 0194 04       		.byte	0x4
 518 0195 5A000000 		.4byte	0x5a
 519 0199 09       		.uleb128 0x9
 520 019a 88000000 		.4byte	0x88
 521 019e A9010000 		.4byte	0x1a9
 522 01a2 0A       		.uleb128 0xa
 523 01a3 7A000000 		.4byte	0x7a
 524 01a7 43       		.byte	0x43
 525 01a8 00       		.byte	0
 526 01a9 04       		.uleb128 0x4
 527 01aa 42010000 		.4byte	.LASF30
 528 01ae 01       		.byte	0x1
 529 01af 5F       		.byte	0x5f
 530 01b0 9B000000 		.4byte	0x9b
 531 01b4 0B       		.uleb128 0xb
 532 01b5 01       		.byte	0x1
 533 01b6 A4010000 		.4byte	.LASF36
 534 01ba 01       		.byte	0x1
 535 01bb F1       		.byte	0xf1
 536 01bc 01       		.byte	0x1
 537 01bd 00000000 		.4byte	.LFB7
 538 01c1 02000000 		.4byte	.LFE7
 539 01c5 02       		.byte	0x2
 540 01c6 7D       		.byte	0x7d
 541 01c7 00       		.sleb128 0
 542 01c8 01       		.byte	0x1
 543 01c9 0C       		.uleb128 0xc
 544 01ca 13020000 		.4byte	.LASF31
 545 01ce 01       		.byte	0x1
 546 01cf 62       		.byte	0x62
 547 01d0 5A000000 		.4byte	0x5a
 548 01d4 01       		.byte	0x1
 549 01d5 01       		.byte	0x1
 550 01d6 0D       		.uleb128 0xd
 551 01d7 1F000000 		.4byte	.LASF32
 552 01db 01       		.byte	0x1
 553 01dc C5       		.byte	0xc5
 554 01dd A9010000 		.4byte	0x1a9
 555 01e1 01       		.byte	0x1
 556 01e2 05       		.byte	0x5
 557 01e3 03       		.byte	0x3
 558 01e4 00000000 		.4byte	_vectors
 559 01e8 00       		.byte	0
 560              		.section	.debug_abbrev,"",%progbits
 561              	.Ldebug_abbrev0:
 562 0000 01       		.uleb128 0x1
 563 0001 11       		.uleb128 0x11
 564 0002 01       		.byte	0x1
 565 0003 25       		.uleb128 0x25
 566 0004 0E       		.uleb128 0xe
 567 0005 13       		.uleb128 0x13
ARM GAS  /var/folders/dt/0wfd0knj7gs46m8vwfzktm600000gn/T//ccYJNlxW.s 			page 11


 568 0006 0B       		.uleb128 0xb
 569 0007 03       		.uleb128 0x3
 570 0008 0E       		.uleb128 0xe
 571 0009 1B       		.uleb128 0x1b
 572 000a 0E       		.uleb128 0xe
 573 000b 55       		.uleb128 0x55
 574 000c 06       		.uleb128 0x6
 575 000d 11       		.uleb128 0x11
 576 000e 01       		.uleb128 0x1
 577 000f 52       		.uleb128 0x52
 578 0010 01       		.uleb128 0x1
 579 0011 10       		.uleb128 0x10
 580 0012 06       		.uleb128 0x6
 581 0013 00       		.byte	0
 582 0014 00       		.byte	0
 583 0015 02       		.uleb128 0x2
 584 0016 24       		.uleb128 0x24
 585 0017 00       		.byte	0
 586 0018 0B       		.uleb128 0xb
 587 0019 0B       		.uleb128 0xb
 588 001a 3E       		.uleb128 0x3e
 589 001b 0B       		.uleb128 0xb
 590 001c 03       		.uleb128 0x3
 591 001d 08       		.uleb128 0x8
 592 001e 00       		.byte	0
 593 001f 00       		.byte	0
 594 0020 03       		.uleb128 0x3
 595 0021 24       		.uleb128 0x24
 596 0022 00       		.byte	0
 597 0023 0B       		.uleb128 0xb
 598 0024 0B       		.uleb128 0xb
 599 0025 3E       		.uleb128 0x3e
 600 0026 0B       		.uleb128 0xb
 601 0027 03       		.uleb128 0x3
 602 0028 0E       		.uleb128 0xe
 603 0029 00       		.byte	0
 604 002a 00       		.byte	0
 605 002b 04       		.uleb128 0x4
 606 002c 16       		.uleb128 0x16
 607 002d 00       		.byte	0
 608 002e 03       		.uleb128 0x3
 609 002f 0E       		.uleb128 0xe
 610 0030 3A       		.uleb128 0x3a
 611 0031 0B       		.uleb128 0xb
 612 0032 3B       		.uleb128 0x3b
 613 0033 0B       		.uleb128 0xb
 614 0034 49       		.uleb128 0x49
 615 0035 13       		.uleb128 0x13
 616 0036 00       		.byte	0
 617 0037 00       		.byte	0
 618 0038 05       		.uleb128 0x5
 619 0039 0F       		.uleb128 0xf
 620 003a 00       		.byte	0
 621 003b 0B       		.uleb128 0xb
 622 003c 0B       		.uleb128 0xb
 623 003d 49       		.uleb128 0x49
 624 003e 13       		.uleb128 0x13
ARM GAS  /var/folders/dt/0wfd0knj7gs46m8vwfzktm600000gn/T//ccYJNlxW.s 			page 12


 625 003f 00       		.byte	0
 626 0040 00       		.byte	0
 627 0041 06       		.uleb128 0x6
 628 0042 15       		.uleb128 0x15
 629 0043 00       		.byte	0
 630 0044 27       		.uleb128 0x27
 631 0045 0C       		.uleb128 0xc
 632 0046 00       		.byte	0
 633 0047 00       		.byte	0
 634 0048 07       		.uleb128 0x7
 635 0049 13       		.uleb128 0x13
 636 004a 01       		.byte	0x1
 637 004b 0B       		.uleb128 0xb
 638 004c 05       		.uleb128 0x5
 639 004d 3A       		.uleb128 0x3a
 640 004e 0B       		.uleb128 0xb
 641 004f 3B       		.uleb128 0x3b
 642 0050 0B       		.uleb128 0xb
 643 0051 01       		.uleb128 0x1
 644 0052 13       		.uleb128 0x13
 645 0053 00       		.byte	0
 646 0054 00       		.byte	0
 647 0055 08       		.uleb128 0x8
 648 0056 0D       		.uleb128 0xd
 649 0057 00       		.byte	0
 650 0058 03       		.uleb128 0x3
 651 0059 0E       		.uleb128 0xe
 652 005a 3A       		.uleb128 0x3a
 653 005b 0B       		.uleb128 0xb
 654 005c 3B       		.uleb128 0x3b
 655 005d 0B       		.uleb128 0xb
 656 005e 49       		.uleb128 0x49
 657 005f 13       		.uleb128 0x13
 658 0060 38       		.uleb128 0x38
 659 0061 0A       		.uleb128 0xa
 660 0062 00       		.byte	0
 661 0063 00       		.byte	0
 662 0064 09       		.uleb128 0x9
 663 0065 01       		.uleb128 0x1
 664 0066 01       		.byte	0x1
 665 0067 49       		.uleb128 0x49
 666 0068 13       		.uleb128 0x13
 667 0069 01       		.uleb128 0x1
 668 006a 13       		.uleb128 0x13
 669 006b 00       		.byte	0
 670 006c 00       		.byte	0
 671 006d 0A       		.uleb128 0xa
 672 006e 21       		.uleb128 0x21
 673 006f 00       		.byte	0
 674 0070 49       		.uleb128 0x49
 675 0071 13       		.uleb128 0x13
 676 0072 2F       		.uleb128 0x2f
 677 0073 0B       		.uleb128 0xb
 678 0074 00       		.byte	0
 679 0075 00       		.byte	0
 680 0076 0B       		.uleb128 0xb
 681 0077 2E       		.uleb128 0x2e
ARM GAS  /var/folders/dt/0wfd0knj7gs46m8vwfzktm600000gn/T//ccYJNlxW.s 			page 13


 682 0078 00       		.byte	0
 683 0079 3F       		.uleb128 0x3f
 684 007a 0C       		.uleb128 0xc
 685 007b 03       		.uleb128 0x3
 686 007c 0E       		.uleb128 0xe
 687 007d 3A       		.uleb128 0x3a
 688 007e 0B       		.uleb128 0xb
 689 007f 3B       		.uleb128 0x3b
 690 0080 0B       		.uleb128 0xb
 691 0081 27       		.uleb128 0x27
 692 0082 0C       		.uleb128 0xc
 693 0083 11       		.uleb128 0x11
 694 0084 01       		.uleb128 0x1
 695 0085 12       		.uleb128 0x12
 696 0086 01       		.uleb128 0x1
 697 0087 40       		.uleb128 0x40
 698 0088 0A       		.uleb128 0xa
 699 0089 9742     		.uleb128 0x2117
 700 008b 0C       		.uleb128 0xc
 701 008c 00       		.byte	0
 702 008d 00       		.byte	0
 703 008e 0C       		.uleb128 0xc
 704 008f 34       		.uleb128 0x34
 705 0090 00       		.byte	0
 706 0091 03       		.uleb128 0x3
 707 0092 0E       		.uleb128 0xe
 708 0093 3A       		.uleb128 0x3a
 709 0094 0B       		.uleb128 0xb
 710 0095 3B       		.uleb128 0x3b
 711 0096 0B       		.uleb128 0xb
 712 0097 49       		.uleb128 0x49
 713 0098 13       		.uleb128 0x13
 714 0099 3F       		.uleb128 0x3f
 715 009a 0C       		.uleb128 0xc
 716 009b 3C       		.uleb128 0x3c
 717 009c 0C       		.uleb128 0xc
 718 009d 00       		.byte	0
 719 009e 00       		.byte	0
 720 009f 0D       		.uleb128 0xd
 721 00a0 34       		.uleb128 0x34
 722 00a1 00       		.byte	0
 723 00a2 03       		.uleb128 0x3
 724 00a3 0E       		.uleb128 0xe
 725 00a4 3A       		.uleb128 0x3a
 726 00a5 0B       		.uleb128 0xb
 727 00a6 3B       		.uleb128 0x3b
 728 00a7 0B       		.uleb128 0xb
 729 00a8 49       		.uleb128 0x49
 730 00a9 13       		.uleb128 0x13
 731 00aa 3F       		.uleb128 0x3f
 732 00ab 0C       		.uleb128 0xc
 733 00ac 02       		.uleb128 0x2
 734 00ad 0A       		.uleb128 0xa
 735 00ae 00       		.byte	0
 736 00af 00       		.byte	0
 737 00b0 00       		.byte	0
 738              		.section	.debug_aranges,"",%progbits
ARM GAS  /var/folders/dt/0wfd0knj7gs46m8vwfzktm600000gn/T//ccYJNlxW.s 			page 14


 739 0000 1C000000 		.4byte	0x1c
 740 0004 0200     		.2byte	0x2
 741 0006 00000000 		.4byte	.Ldebug_info0
 742 000a 04       		.byte	0x4
 743 000b 00       		.byte	0
 744 000c 0000     		.2byte	0
 745 000e 0000     		.2byte	0
 746 0010 00000000 		.4byte	.LFB7
 747 0014 02000000 		.4byte	.LFE7-.LFB7
 748 0018 00000000 		.4byte	0
 749 001c 00000000 		.4byte	0
 750              		.section	.debug_ranges,"",%progbits
 751              	.Ldebug_ranges0:
 752 0000 00000000 		.4byte	.LFB7
 753 0004 02000000 		.4byte	.LFE7
 754 0008 00000000 		.4byte	0
 755 000c 00000000 		.4byte	0
 756              		.section	.debug_line,"",%progbits
 757              	.Ldebug_line0:
 758 0000 D9000000 		.section	.debug_str,"MS",%progbits,1
 758      0200C300 
 758      00000201 
 758      FB0E0D00 
 758      01010101 
 759              	.LASF22:
 760 0000 76656374 		.ascii	"vector24\000"
 760      6F723234 
 760      00
 761              	.LASF12:
 762 0009 6972715F 		.ascii	"irq_vector_t\000"
 762      76656374 
 762      6F725F74 
 762      00
 763              	.LASF26:
 764 0016 76656374 		.ascii	"vector34\000"
 764      6F723334 
 764      00
 765              	.LASF32:
 766 001f 5F766563 		.ascii	"_vectors\000"
 766      746F7273 
 766      00
 767              	.LASF13:
 768 0028 696E6974 		.ascii	"init_stack\000"
 768      5F737461 
 768      636B00
 769              	.LASF28:
 770 0033 73797374 		.ascii	"systick_vector\000"
 770      69636B5F 
 770      76656374 
 770      6F7200
 771              	.LASF24:
 772 0042 73766361 		.ascii	"svcall_vector\000"
 772      6C6C5F76 
 772      6563746F 
 772      7200
 773              	.LASF2:
 774 0050 756E7369 		.ascii	"unsigned char\000"
ARM GAS  /var/folders/dt/0wfd0knj7gs46m8vwfzktm600000gn/T//ccYJNlxW.s 			page 15


 774      676E6564 
 774      20636861 
 774      7200
 775              	.LASF6:
 776 005e 6C6F6E67 		.ascii	"long unsigned int\000"
 776      20756E73 
 776      69676E65 
 776      6420696E 
 776      7400
 777              	.LASF4:
 778 0070 73686F72 		.ascii	"short unsigned int\000"
 778      7420756E 
 778      7369676E 
 778      65642069 
 778      6E7400
 779              	.LASF20:
 780 0083 76656374 		.ascii	"vector1c\000"
 780      6F723163 
 780      00
 781              	.LASF35:
 782 008c 2F746D70 		.ascii	"/tmp/mlab-chibios/demos/STM32F107-serialshell\000"
 782      2F6D6C61 
 782      622D6368 
 782      6962696F 
 782      732F6465 
 783              	.LASF0:
 784 00ba 756E7369 		.ascii	"unsigned int\000"
 784      676E6564 
 784      20696E74 
 784      00
 785              	.LASF15:
 786 00c7 6E6D695F 		.ascii	"nmi_vector\000"
 786      76656374 
 786      6F7200
 787              	.LASF34:
 788 00d2 2E2E2F2E 		.ascii	"../../os/ports/GCC/ARMCMx/STM32F1xx/vectors.c\000"
 788      2E2F6F73 
 788      2F706F72 
 788      74732F47 
 788      43432F41 
 789              	.LASF8:
 790 0100 6C6F6E67 		.ascii	"long long unsigned int\000"
 790      206C6F6E 
 790      6720756E 
 790      7369676E 
 790      65642069 
 791              	.LASF18:
 792 0117 62757366 		.ascii	"busfault_vector\000"
 792      61756C74 
 792      5F766563 
 792      746F7200 
 793              	.LASF23:
 794 0127 76656374 		.ascii	"vector28\000"
 794      6F723238 
 794      00
 795              	.LASF19:
 796 0130 75736167 		.ascii	"usagefault_vector\000"
ARM GAS  /var/folders/dt/0wfd0knj7gs46m8vwfzktm600000gn/T//ccYJNlxW.s 			page 16


 796      65666175 
 796      6C745F76 
 796      6563746F 
 796      7200
 797              	.LASF30:
 798 0142 76656374 		.ascii	"vectors_t\000"
 798      6F72735F 
 798      7400
 799              	.LASF9:
 800 014c 73697A65 		.ascii	"sizetype\000"
 800      74797065 
 800      00
 801              	.LASF27:
 802 0155 70656E64 		.ascii	"pendsv_vector\000"
 802      73765F76 
 802      6563746F 
 802      7200
 803              	.LASF16:
 804 0163 68617264 		.ascii	"hardfault_vector\000"
 804      6661756C 
 804      745F7665 
 804      63746F72 
 804      00
 805              	.LASF7:
 806 0174 6C6F6E67 		.ascii	"long long int\000"
 806      206C6F6E 
 806      6720696E 
 806      7400
 807              	.LASF10:
 808 0182 63686172 		.ascii	"char\000"
 808      00
 809              	.LASF17:
 810 0187 6D656D6D 		.ascii	"memmanage_vector\000"
 810      616E6167 
 810      655F7665 
 810      63746F72 
 810      00
 811              	.LASF33:
 812 0198 474E5520 		.ascii	"GNU C 4.7.2\000"
 812      4320342E 
 812      372E3200 
 813              	.LASF36:
 814 01a4 5F756E68 		.ascii	"_unhandled_exception\000"
 814      616E646C 
 814      65645F65 
 814      78636570 
 814      74696F6E 
 815              	.LASF29:
 816 01b9 76656374 		.ascii	"vectors\000"
 816      6F727300 
 817              	.LASF3:
 818 01c1 73686F72 		.ascii	"short int\000"
 818      7420696E 
 818      7400
 819              	.LASF14:
 820 01cb 72657365 		.ascii	"reset_vector\000"
 820      745F7665 
ARM GAS  /var/folders/dt/0wfd0knj7gs46m8vwfzktm600000gn/T//ccYJNlxW.s 			page 17


 820      63746F72 
 820      00
 821              	.LASF11:
 822 01d8 75696E74 		.ascii	"uint32_t\000"
 822      33325F74 
 822      00
 823              	.LASF5:
 824 01e1 6C6F6E67 		.ascii	"long int\000"
 824      20696E74 
 824      00
 825              	.LASF1:
 826 01ea 7369676E 		.ascii	"signed char\000"
 826      65642063 
 826      68617200 
 827              	.LASF25:
 828 01f6 64656275 		.ascii	"debugmonitor_vector\000"
 828      676D6F6E 
 828      69746F72 
 828      5F766563 
 828      746F7200 
 829              	.LASF21:
 830 020a 76656374 		.ascii	"vector20\000"
 830      6F723230 
 830      00
 831              	.LASF31:
 832 0213 5F5F6D61 		.ascii	"__main_stack_end__\000"
 832      696E5F73 
 832      7461636B 
 832      5F656E64 
 832      5F5F00
 833              		.ident	"GCC: (GNU) 4.7.2"
ARM GAS  /var/folders/dt/0wfd0knj7gs46m8vwfzktm600000gn/T//ccYJNlxW.s 			page 18


DEFINED SYMBOLS
                            *ABS*:0000000000000000 vectors.c
/var/folders/dt/0wfd0knj7gs46m8vwfzktm600000gn/T//ccYJNlxW.s:19     .text._unhandled_exception:0000000000000000 $t
/var/folders/dt/0wfd0knj7gs46m8vwfzktm600000gn/T//ccYJNlxW.s:25     .text._unhandled_exception:0000000000000000 _unhandled_exception
/var/folders/dt/0wfd0knj7gs46m8vwfzktm600000gn/T//ccYJNlxW.s:25     .text._unhandled_exception:0000000000000000 HardFaultVector
/var/folders/dt/0wfd0knj7gs46m8vwfzktm600000gn/T//ccYJNlxW.s:25     .text._unhandled_exception:0000000000000000 MemManageVector
/var/folders/dt/0wfd0knj7gs46m8vwfzktm600000gn/T//ccYJNlxW.s:25     .text._unhandled_exception:0000000000000000 BusFaultVector
/var/folders/dt/0wfd0knj7gs46m8vwfzktm600000gn/T//ccYJNlxW.s:25     .text._unhandled_exception:0000000000000000 UsageFaultVector
/var/folders/dt/0wfd0knj7gs46m8vwfzktm600000gn/T//ccYJNlxW.s:25     .text._unhandled_exception:0000000000000000 Vector1C
/var/folders/dt/0wfd0knj7gs46m8vwfzktm600000gn/T//ccYJNlxW.s:25     .text._unhandled_exception:0000000000000000 Vector20
/var/folders/dt/0wfd0knj7gs46m8vwfzktm600000gn/T//ccYJNlxW.s:25     .text._unhandled_exception:0000000000000000 Vector24
/var/folders/dt/0wfd0knj7gs46m8vwfzktm600000gn/T//ccYJNlxW.s:25     .text._unhandled_exception:0000000000000000 Vector28
/var/folders/dt/0wfd0knj7gs46m8vwfzktm600000gn/T//ccYJNlxW.s:25     .text._unhandled_exception:0000000000000000 SVCallVector
/var/folders/dt/0wfd0knj7gs46m8vwfzktm600000gn/T//ccYJNlxW.s:25     .text._unhandled_exception:0000000000000000 DebugMonitorVector
/var/folders/dt/0wfd0knj7gs46m8vwfzktm600000gn/T//ccYJNlxW.s:25     .text._unhandled_exception:0000000000000000 Vector34
/var/folders/dt/0wfd0knj7gs46m8vwfzktm600000gn/T//ccYJNlxW.s:25     .text._unhandled_exception:0000000000000000 PendSVVector
/var/folders/dt/0wfd0knj7gs46m8vwfzktm600000gn/T//ccYJNlxW.s:25     .text._unhandled_exception:0000000000000000 SysTickVector
/var/folders/dt/0wfd0knj7gs46m8vwfzktm600000gn/T//ccYJNlxW.s:25     .text._unhandled_exception:0000000000000000 Vector40
/var/folders/dt/0wfd0knj7gs46m8vwfzktm600000gn/T//ccYJNlxW.s:25     .text._unhandled_exception:0000000000000000 Vector44
/var/folders/dt/0wfd0knj7gs46m8vwfzktm600000gn/T//ccYJNlxW.s:25     .text._unhandled_exception:0000000000000000 Vector48
/var/folders/dt/0wfd0knj7gs46m8vwfzktm600000gn/T//ccYJNlxW.s:25     .text._unhandled_exception:0000000000000000 Vector4C
/var/folders/dt/0wfd0knj7gs46m8vwfzktm600000gn/T//ccYJNlxW.s:25     .text._unhandled_exception:0000000000000000 Vector50
/var/folders/dt/0wfd0knj7gs46m8vwfzktm600000gn/T//ccYJNlxW.s:25     .text._unhandled_exception:0000000000000000 Vector54
/var/folders/dt/0wfd0knj7gs46m8vwfzktm600000gn/T//ccYJNlxW.s:25     .text._unhandled_exception:0000000000000000 Vector58
/var/folders/dt/0wfd0knj7gs46m8vwfzktm600000gn/T//ccYJNlxW.s:25     .text._unhandled_exception:0000000000000000 Vector5C
/var/folders/dt/0wfd0knj7gs46m8vwfzktm600000gn/T//ccYJNlxW.s:25     .text._unhandled_exception:0000000000000000 Vector60
/var/folders/dt/0wfd0knj7gs46m8vwfzktm600000gn/T//ccYJNlxW.s:25     .text._unhandled_exception:0000000000000000 Vector64
/var/folders/dt/0wfd0knj7gs46m8vwfzktm600000gn/T//ccYJNlxW.s:25     .text._unhandled_exception:0000000000000000 Vector68
/var/folders/dt/0wfd0knj7gs46m8vwfzktm600000gn/T//ccYJNlxW.s:25     .text._unhandled_exception:0000000000000000 Vector6C
/var/folders/dt/0wfd0knj7gs46m8vwfzktm600000gn/T//ccYJNlxW.s:25     .text._unhandled_exception:0000000000000000 Vector70
/var/folders/dt/0wfd0knj7gs46m8vwfzktm600000gn/T//ccYJNlxW.s:25     .text._unhandled_exception:0000000000000000 Vector74
/var/folders/dt/0wfd0knj7gs46m8vwfzktm600000gn/T//ccYJNlxW.s:25     .text._unhandled_exception:0000000000000000 Vector78
/var/folders/dt/0wfd0knj7gs46m8vwfzktm600000gn/T//ccYJNlxW.s:25     .text._unhandled_exception:0000000000000000 Vector7C
/var/folders/dt/0wfd0knj7gs46m8vwfzktm600000gn/T//ccYJNlxW.s:25     .text._unhandled_exception:0000000000000000 Vector80
/var/folders/dt/0wfd0knj7gs46m8vwfzktm600000gn/T//ccYJNlxW.s:25     .text._unhandled_exception:0000000000000000 Vector84
/var/folders/dt/0wfd0knj7gs46m8vwfzktm600000gn/T//ccYJNlxW.s:25     .text._unhandled_exception:0000000000000000 Vector88
/var/folders/dt/0wfd0knj7gs46m8vwfzktm600000gn/T//ccYJNlxW.s:25     .text._unhandled_exception:0000000000000000 Vector8C
/var/folders/dt/0wfd0knj7gs46m8vwfzktm600000gn/T//ccYJNlxW.s:25     .text._unhandled_exception:0000000000000000 Vector90
/var/folders/dt/0wfd0knj7gs46m8vwfzktm600000gn/T//ccYJNlxW.s:25     .text._unhandled_exception:0000000000000000 Vector94
/var/folders/dt/0wfd0knj7gs46m8vwfzktm600000gn/T//ccYJNlxW.s:25     .text._unhandled_exception:0000000000000000 Vector98
/var/folders/dt/0wfd0knj7gs46m8vwfzktm600000gn/T//ccYJNlxW.s:25     .text._unhandled_exception:0000000000000000 Vector9C
/var/folders/dt/0wfd0knj7gs46m8vwfzktm600000gn/T//ccYJNlxW.s:25     .text._unhandled_exception:0000000000000000 VectorA0
/var/folders/dt/0wfd0knj7gs46m8vwfzktm600000gn/T//ccYJNlxW.s:25     .text._unhandled_exception:0000000000000000 VectorA4
/var/folders/dt/0wfd0knj7gs46m8vwfzktm600000gn/T//ccYJNlxW.s:25     .text._unhandled_exception:0000000000000000 VectorA8
/var/folders/dt/0wfd0knj7gs46m8vwfzktm600000gn/T//ccYJNlxW.s:25     .text._unhandled_exception:0000000000000000 VectorAC
/var/folders/dt/0wfd0knj7gs46m8vwfzktm600000gn/T//ccYJNlxW.s:25     .text._unhandled_exception:0000000000000000 VectorB0
/var/folders/dt/0wfd0knj7gs46m8vwfzktm600000gn/T//ccYJNlxW.s:25     .text._unhandled_exception:0000000000000000 VectorB4
/var/folders/dt/0wfd0knj7gs46m8vwfzktm600000gn/T//ccYJNlxW.s:25     .text._unhandled_exception:0000000000000000 VectorB8
/var/folders/dt/0wfd0knj7gs46m8vwfzktm600000gn/T//ccYJNlxW.s:25     .text._unhandled_exception:0000000000000000 VectorBC
/var/folders/dt/0wfd0knj7gs46m8vwfzktm600000gn/T//ccYJNlxW.s:25     .text._unhandled_exception:0000000000000000 VectorC0
/var/folders/dt/0wfd0knj7gs46m8vwfzktm600000gn/T//ccYJNlxW.s:25     .text._unhandled_exception:0000000000000000 VectorC4
/var/folders/dt/0wfd0knj7gs46m8vwfzktm600000gn/T//ccYJNlxW.s:25     .text._unhandled_exception:0000000000000000 VectorC8
/var/folders/dt/0wfd0knj7gs46m8vwfzktm600000gn/T//ccYJNlxW.s:25     .text._unhandled_exception:0000000000000000 VectorCC
/var/folders/dt/0wfd0knj7gs46m8vwfzktm600000gn/T//ccYJNlxW.s:25     .text._unhandled_exception:0000000000000000 VectorD0
/var/folders/dt/0wfd0knj7gs46m8vwfzktm600000gn/T//ccYJNlxW.s:25     .text._unhandled_exception:0000000000000000 VectorD4
/var/folders/dt/0wfd0knj7gs46m8vwfzktm600000gn/T//ccYJNlxW.s:25     .text._unhandled_exception:0000000000000000 VectorD8
/var/folders/dt/0wfd0knj7gs46m8vwfzktm600000gn/T//ccYJNlxW.s:25     .text._unhandled_exception:0000000000000000 VectorDC
ARM GAS  /var/folders/dt/0wfd0knj7gs46m8vwfzktm600000gn/T//ccYJNlxW.s 			page 19


/var/folders/dt/0wfd0knj7gs46m8vwfzktm600000gn/T//ccYJNlxW.s:25     .text._unhandled_exception:0000000000000000 VectorE0
/var/folders/dt/0wfd0knj7gs46m8vwfzktm600000gn/T//ccYJNlxW.s:25     .text._unhandled_exception:0000000000000000 VectorE4
/var/folders/dt/0wfd0knj7gs46m8vwfzktm600000gn/T//ccYJNlxW.s:25     .text._unhandled_exception:0000000000000000 VectorE8
/var/folders/dt/0wfd0knj7gs46m8vwfzktm600000gn/T//ccYJNlxW.s:25     .text._unhandled_exception:0000000000000000 VectorEC
/var/folders/dt/0wfd0knj7gs46m8vwfzktm600000gn/T//ccYJNlxW.s:25     .text._unhandled_exception:0000000000000000 VectorF0
/var/folders/dt/0wfd0knj7gs46m8vwfzktm600000gn/T//ccYJNlxW.s:25     .text._unhandled_exception:0000000000000000 VectorF4
/var/folders/dt/0wfd0knj7gs46m8vwfzktm600000gn/T//ccYJNlxW.s:25     .text._unhandled_exception:0000000000000000 VectorF8
/var/folders/dt/0wfd0knj7gs46m8vwfzktm600000gn/T//ccYJNlxW.s:25     .text._unhandled_exception:0000000000000000 VectorFC
/var/folders/dt/0wfd0knj7gs46m8vwfzktm600000gn/T//ccYJNlxW.s:25     .text._unhandled_exception:0000000000000000 Vector100
/var/folders/dt/0wfd0knj7gs46m8vwfzktm600000gn/T//ccYJNlxW.s:25     .text._unhandled_exception:0000000000000000 Vector104
/var/folders/dt/0wfd0knj7gs46m8vwfzktm600000gn/T//ccYJNlxW.s:25     .text._unhandled_exception:0000000000000000 Vector108
/var/folders/dt/0wfd0knj7gs46m8vwfzktm600000gn/T//ccYJNlxW.s:25     .text._unhandled_exception:0000000000000000 Vector10C
/var/folders/dt/0wfd0knj7gs46m8vwfzktm600000gn/T//ccYJNlxW.s:25     .text._unhandled_exception:0000000000000000 Vector110
/var/folders/dt/0wfd0knj7gs46m8vwfzktm600000gn/T//ccYJNlxW.s:25     .text._unhandled_exception:0000000000000000 Vector114
/var/folders/dt/0wfd0knj7gs46m8vwfzktm600000gn/T//ccYJNlxW.s:25     .text._unhandled_exception:0000000000000000 Vector118
/var/folders/dt/0wfd0knj7gs46m8vwfzktm600000gn/T//ccYJNlxW.s:25     .text._unhandled_exception:0000000000000000 Vector11C
/var/folders/dt/0wfd0knj7gs46m8vwfzktm600000gn/T//ccYJNlxW.s:25     .text._unhandled_exception:0000000000000000 Vector120
/var/folders/dt/0wfd0knj7gs46m8vwfzktm600000gn/T//ccYJNlxW.s:25     .text._unhandled_exception:0000000000000000 Vector124
/var/folders/dt/0wfd0knj7gs46m8vwfzktm600000gn/T//ccYJNlxW.s:25     .text._unhandled_exception:0000000000000000 Vector128
/var/folders/dt/0wfd0knj7gs46m8vwfzktm600000gn/T//ccYJNlxW.s:25     .text._unhandled_exception:0000000000000000 Vector12C
/var/folders/dt/0wfd0knj7gs46m8vwfzktm600000gn/T//ccYJNlxW.s:25     .text._unhandled_exception:0000000000000000 Vector130
/var/folders/dt/0wfd0knj7gs46m8vwfzktm600000gn/T//ccYJNlxW.s:25     .text._unhandled_exception:0000000000000000 Vector134
/var/folders/dt/0wfd0knj7gs46m8vwfzktm600000gn/T//ccYJNlxW.s:25     .text._unhandled_exception:0000000000000000 Vector138
/var/folders/dt/0wfd0knj7gs46m8vwfzktm600000gn/T//ccYJNlxW.s:25     .text._unhandled_exception:0000000000000000 Vector13C
/var/folders/dt/0wfd0knj7gs46m8vwfzktm600000gn/T//ccYJNlxW.s:25     .text._unhandled_exception:0000000000000000 Vector140
/var/folders/dt/0wfd0knj7gs46m8vwfzktm600000gn/T//ccYJNlxW.s:25     .text._unhandled_exception:0000000000000000 Vector144
/var/folders/dt/0wfd0knj7gs46m8vwfzktm600000gn/T//ccYJNlxW.s:25     .text._unhandled_exception:0000000000000000 Vector148
/var/folders/dt/0wfd0knj7gs46m8vwfzktm600000gn/T//ccYJNlxW.s:25     .text._unhandled_exception:0000000000000000 Vector14C
/var/folders/dt/0wfd0knj7gs46m8vwfzktm600000gn/T//ccYJNlxW.s:25     .text._unhandled_exception:0000000000000000 NMIVector
/var/folders/dt/0wfd0knj7gs46m8vwfzktm600000gn/T//ccYJNlxW.s:208    vectors:0000000000000000 _vectors
/var/folders/dt/0wfd0knj7gs46m8vwfzktm600000gn/T//ccYJNlxW.s:205    vectors:0000000000000000 $d
                     .debug_frame:0000000000000010 $d

UNDEFINED SYMBOLS
__main_stack_end__
ResetHandler
