ARM GAS  /var/folders/dt/0wfd0knj7gs46m8vwfzktm600000gn/T//ccUEehJ5.s 			page 1


   1              		.syntax unified
   2              		.cpu cortex-m3
   3              		.fpu softvfp
   4              		.eabi_attribute 20, 1
   5              		.eabi_attribute 21, 1
   6              		.eabi_attribute 23, 3
   7              		.eabi_attribute 24, 1
   8              		.eabi_attribute 25, 1
   9              		.eabi_attribute 26, 1
  10              		.eabi_attribute 30, 2
  11              		.eabi_attribute 34, 1
  12              		.eabi_attribute 18, 4
  13              		.thumb
  14              		.file	"board.c"
  15              		.text
  16              	.Ltext0:
  17              		.cfi_sections	.debug_frame
  18              		.section	.text.__early_init,"ax",%progbits
  19              		.align	2
  20              		.p2align 4,,15
  21              		.global	__early_init
  22              		.thumb
  23              		.thumb_func
  24              		.type	__early_init, %function
  25              	__early_init:
  26              	.LFB63:
  27              		.file 1 "../../boards/stm32f107/board.c"
  28              		.loc 1 40 0
  29              		.cfi_startproc
  30              		@ args = 0, pretend = 0, frame = 0
  31              		@ frame_needed = 0, uses_anonymous_args = 0
  32              		@ link register save eliminated.
  33              		.loc 1 43 0
  34              		.loc 1 42 0
  35 0000 FFF7FEBF 		b	stm32_clock_init
  36              	.LVL0:
  37              		.cfi_endproc
  38              	.LFE63:
  39              		.size	__early_init, .-__early_init
  40 0004 AFF30080 		.section	.text.boardInit,"ax",%progbits
  40      AFF30080 
  40      AFF30080 
  41              		.align	2
  42              		.p2align 4,,15
  43              		.global	boardInit
  44              		.thumb
  45              		.thumb_func
  46              		.type	boardInit, %function
  47              	boardInit:
  48              	.LFB64:
  49              		.loc 1 72 0
  50              		.cfi_startproc
  51              		@ args = 0, pretend = 0, frame = 0
  52              		@ frame_needed = 0, uses_anonymous_args = 0
  53              		@ link register save eliminated.
  54              		.loc 1 80 0
  55 0000 0023     		movs	r3, #0
ARM GAS  /var/folders/dt/0wfd0knj7gs46m8vwfzktm600000gn/T//ccUEehJ5.s 			page 2


  56 0002 C4F20103 		movt	r3, 16385
  57 0006 5A68     		ldr	r2, [r3, #4]
  58 0008 42F08052 		orr	r2, r2, #268435456
  59 000c 42F03202 		orr	r2, r2, #50
  60 0010 5A60     		str	r2, [r3, #4]
  61 0012 7047     		bx	lr
  62              		.cfi_endproc
  63              	.LFE64:
  64              		.size	boardInit, .-boardInit
  65              		.global	pal_default_config
  66 0014 AFF30080 		.section	.rodata.pal_default_config,"a",%progbits
  66      AFF30080 
  66      AFF30080 
  67              		.align	2
  68              		.type	pal_default_config, %object
  69              		.size	pal_default_config, 60
  70              	pal_default_config:
  71 0000 FFFFFFFF 		.word	-1
  72 0004 448B8748 		.word	1216842564
  73 0008 4B444444 		.word	1145324619
  74 000c 7FFDFFFF 		.word	-641
  75 0010 88448438 		.word	948192392
  76 0014 3BB8BB38 		.word	951826491
  77 0018 3FFFFFFF 		.word	-193
  78 001c B8884433 		.word	860129464
  79 0020 888B4B44 		.word	1145801608
  80 0024 FFFFFFFF 		.word	-1
  81 0028 88888888 		.word	-2004318072
  82 002c 88888888 		.word	-2004318072
  83 0030 00000000 		.space	12
  83      00000000 
  83      00000000 
  84              		.text
  85              	.Letext0:
  86              		.file 2 "/Users/toxygen/Applications/yagarto-4.7.2/bin/../lib/gcc/arm-none-eabi/4.7.2/../../../../
  87              		.file 3 "../../os/hal/platforms/STM32F1xx/stm32f10x.h"
  88              		.file 4 "../../os/hal/platforms/STM32/GPIOv1/pal_lld.h"
  89              		.file 5 "../../os/ports/common/ARMCMx/CMSIS/include/core_cm3.h"
  90              		.file 6 "../../os/hal/platforms/STM32F1xx/hal_lld.h"
  91              		.section	.debug_info,"",%progbits
  92              	.Ldebug_info0:
  93 0000 17020000 		.4byte	0x217
  94 0004 0200     		.2byte	0x2
  95 0006 00000000 		.4byte	.Ldebug_abbrev0
  96 000a 04       		.byte	0x4
  97 000b 01       		.uleb128 0x1
  98 000c 40010000 		.4byte	.LASF29
  99 0010 01       		.byte	0x1
 100 0011 14000000 		.4byte	.LASF30
 101 0015 8A010000 		.4byte	.LASF31
 102 0019 00000000 		.4byte	.Ldebug_ranges0+0
 103 001d 00000000 		.4byte	0
 104 0021 00000000 		.4byte	0
 105 0025 00000000 		.4byte	.Ldebug_line0
 106 0029 02       		.uleb128 0x2
 107 002a 04       		.byte	0x4
 108 002b 05       		.byte	0x5
ARM GAS  /var/folders/dt/0wfd0knj7gs46m8vwfzktm600000gn/T//ccUEehJ5.s 			page 3


 109 002c 696E7400 		.ascii	"int\000"
 110 0030 03       		.uleb128 0x3
 111 0031 04       		.byte	0x4
 112 0032 07       		.byte	0x7
 113 0033 33000000 		.4byte	.LASF0
 114 0037 03       		.uleb128 0x3
 115 0038 01       		.byte	0x1
 116 0039 06       		.byte	0x6
 117 003a 78010000 		.4byte	.LASF1
 118 003e 03       		.uleb128 0x3
 119 003f 01       		.byte	0x1
 120 0040 08       		.byte	0x8
 121 0041 6D000000 		.4byte	.LASF2
 122 0045 03       		.uleb128 0x3
 123 0046 02       		.byte	0x2
 124 0047 05       		.byte	0x5
 125 0048 4C010000 		.4byte	.LASF3
 126 004c 03       		.uleb128 0x3
 127 004d 02       		.byte	0x2
 128 004e 07       		.byte	0x7
 129 004f B1000000 		.4byte	.LASF4
 130 0053 04       		.uleb128 0x4
 131 0054 21010000 		.4byte	.LASF6
 132 0058 02       		.byte	0x2
 133 0059 4F       		.byte	0x4f
 134 005a 5E000000 		.4byte	0x5e
 135 005e 03       		.uleb128 0x3
 136 005f 04       		.byte	0x4
 137 0060 05       		.byte	0x5
 138 0061 6A010000 		.4byte	.LASF5
 139 0065 04       		.uleb128 0x4
 140 0066 C4000000 		.4byte	.LASF7
 141 006a 02       		.byte	0x2
 142 006b 50       		.byte	0x50
 143 006c 70000000 		.4byte	0x70
 144 0070 03       		.uleb128 0x3
 145 0071 04       		.byte	0x4
 146 0072 07       		.byte	0x7
 147 0073 9F000000 		.4byte	.LASF8
 148 0077 03       		.uleb128 0x3
 149 0078 08       		.byte	0x8
 150 0079 05       		.byte	0x5
 151 007a 32010000 		.4byte	.LASF9
 152 007e 03       		.uleb128 0x3
 153 007f 08       		.byte	0x8
 154 0080 07       		.byte	0x7
 155 0081 4F000000 		.4byte	.LASF10
 156 0085 03       		.uleb128 0x3
 157 0086 01       		.byte	0x1
 158 0087 02       		.byte	0x2
 159 0088 84010000 		.4byte	.LASF11
 160 008c 05       		.uleb128 0x5
 161 008d 65000000 		.4byte	0x65
 162 0091 03       		.uleb128 0x3
 163 0092 04       		.byte	0x4
 164 0093 07       		.byte	0x7
 165 0094 29010000 		.4byte	.LASF12
ARM GAS  /var/folders/dt/0wfd0knj7gs46m8vwfzktm600000gn/T//ccUEehJ5.s 			page 4


 166 0098 03       		.uleb128 0x3
 167 0099 01       		.byte	0x1
 168 009a 08       		.byte	0x8
 169 009b 05010000 		.4byte	.LASF13
 170 009f 06       		.uleb128 0x6
 171 00a0 65000000 		.4byte	0x65
 172 00a4 AF000000 		.4byte	0xaf
 173 00a8 07       		.uleb128 0x7
 174 00a9 91000000 		.4byte	0x91
 175 00ad 03       		.byte	0x3
 176 00ae 00       		.byte	0
 177 00af 05       		.uleb128 0x5
 178 00b0 53000000 		.4byte	0x53
 179 00b4 08       		.uleb128 0x8
 180 00b5 20       		.byte	0x20
 181 00b6 03       		.byte	0x3
 182 00b7 0704     		.2byte	0x407
 183 00b9 09010000 		.4byte	0x109
 184 00bd 09       		.uleb128 0x9
 185 00be 73010000 		.4byte	.LASF14
 186 00c2 03       		.byte	0x3
 187 00c3 0904     		.2byte	0x409
 188 00c5 8C000000 		.4byte	0x8c
 189 00c9 02       		.byte	0x2
 190 00ca 23       		.byte	0x23
 191 00cb 00       		.uleb128 0
 192 00cc 09       		.uleb128 0x9
 193 00cd 40000000 		.4byte	.LASF15
 194 00d1 03       		.byte	0x3
 195 00d2 0A04     		.2byte	0x40a
 196 00d4 8C000000 		.4byte	0x8c
 197 00d8 02       		.byte	0x2
 198 00d9 23       		.byte	0x23
 199 00da 04       		.uleb128 0x4
 200 00db 09       		.uleb128 0x9
 201 00dc F7000000 		.4byte	.LASF16
 202 00e0 03       		.byte	0x3
 203 00e1 0B04     		.2byte	0x40b
 204 00e3 09010000 		.4byte	0x109
 205 00e7 02       		.byte	0x2
 206 00e8 23       		.byte	0x23
 207 00e9 08       		.uleb128 0x8
 208 00ea 09       		.uleb128 0x9
 209 00eb 45000000 		.4byte	.LASF17
 210 00ef 03       		.byte	0x3
 211 00f0 0C04     		.2byte	0x40c
 212 00f2 65000000 		.4byte	0x65
 213 00f6 02       		.byte	0x2
 214 00f7 23       		.byte	0x23
 215 00f8 18       		.uleb128 0x18
 216 00f9 09       		.uleb128 0x9
 217 00fa 5D010000 		.4byte	.LASF18
 218 00fe 03       		.byte	0x3
 219 00ff 0D04     		.2byte	0x40d
 220 0101 8C000000 		.4byte	0x8c
 221 0105 02       		.byte	0x2
 222 0106 23       		.byte	0x23
ARM GAS  /var/folders/dt/0wfd0knj7gs46m8vwfzktm600000gn/T//ccUEehJ5.s 			page 5


 223 0107 1C       		.uleb128 0x1c
 224 0108 00       		.byte	0
 225 0109 05       		.uleb128 0x5
 226 010a 9F000000 		.4byte	0x9f
 227 010e 0A       		.uleb128 0xa
 228 010f 00000000 		.4byte	.LASF19
 229 0113 03       		.byte	0x3
 230 0114 0E04     		.2byte	0x40e
 231 0116 B4000000 		.4byte	0xb4
 232 011a 0B       		.uleb128 0xb
 233 011b 0C       		.byte	0xc
 234 011c 04       		.byte	0x4
 235 011d 38       		.byte	0x38
 236 011e 4D010000 		.4byte	0x14d
 237 0122 0C       		.uleb128 0xc
 238 0123 6F647200 		.ascii	"odr\000"
 239 0127 04       		.byte	0x4
 240 0128 3A       		.byte	0x3a
 241 0129 65000000 		.4byte	0x65
 242 012d 02       		.byte	0x2
 243 012e 23       		.byte	0x23
 244 012f 00       		.uleb128 0
 245 0130 0C       		.uleb128 0xc
 246 0131 63726C00 		.ascii	"crl\000"
 247 0135 04       		.byte	0x4
 248 0136 3C       		.byte	0x3c
 249 0137 65000000 		.4byte	0x65
 250 013b 02       		.byte	0x2
 251 013c 23       		.byte	0x23
 252 013d 04       		.uleb128 0x4
 253 013e 0C       		.uleb128 0xc
 254 013f 63726800 		.ascii	"crh\000"
 255 0143 04       		.byte	0x4
 256 0144 3E       		.byte	0x3e
 257 0145 65000000 		.4byte	0x65
 258 0149 02       		.byte	0x2
 259 014a 23       		.byte	0x23
 260 014b 08       		.uleb128 0x8
 261 014c 00       		.byte	0
 262 014d 04       		.uleb128 0x4
 263 014e 7B000000 		.4byte	.LASF20
 264 0152 04       		.byte	0x4
 265 0153 3F       		.byte	0x3f
 266 0154 1A010000 		.4byte	0x11a
 267 0158 0B       		.uleb128 0xb
 268 0159 3C       		.byte	0x3c
 269 015a 04       		.byte	0x4
 270 015b 48       		.byte	0x48
 271 015c A7010000 		.4byte	0x1a7
 272 0160 0D       		.uleb128 0xd
 273 0161 63010000 		.4byte	.LASF21
 274 0165 04       		.byte	0x4
 275 0166 4A       		.byte	0x4a
 276 0167 4D010000 		.4byte	0x14d
 277 016b 02       		.byte	0x2
 278 016c 23       		.byte	0x23
 279 016d 00       		.uleb128 0
ARM GAS  /var/folders/dt/0wfd0knj7gs46m8vwfzktm600000gn/T//ccUEehJ5.s 			page 6


 280 016e 0D       		.uleb128 0xd
 281 016f FE000000 		.4byte	.LASF22
 282 0173 04       		.byte	0x4
 283 0174 4C       		.byte	0x4c
 284 0175 4D010000 		.4byte	0x14d
 285 0179 02       		.byte	0x2
 286 017a 23       		.byte	0x23
 287 017b 0C       		.uleb128 0xc
 288 017c 0D       		.uleb128 0xd
 289 017d 56010000 		.4byte	.LASF23
 290 0181 04       		.byte	0x4
 291 0182 4E       		.byte	0x4e
 292 0183 4D010000 		.4byte	0x14d
 293 0187 02       		.byte	0x2
 294 0188 23       		.byte	0x23
 295 0189 18       		.uleb128 0x18
 296 018a 0D       		.uleb128 0xd
 297 018b 0D000000 		.4byte	.LASF24
 298 018f 04       		.byte	0x4
 299 0190 50       		.byte	0x50
 300 0191 4D010000 		.4byte	0x14d
 301 0195 02       		.byte	0x2
 302 0196 23       		.byte	0x23
 303 0197 24       		.uleb128 0x24
 304 0198 0D       		.uleb128 0xd
 305 0199 66000000 		.4byte	.LASF25
 306 019d 04       		.byte	0x4
 307 019e 53       		.byte	0x53
 308 019f 4D010000 		.4byte	0x14d
 309 01a3 02       		.byte	0x2
 310 01a4 23       		.byte	0x23
 311 01a5 30       		.uleb128 0x30
 312 01a6 00       		.byte	0
 313 01a7 04       		.uleb128 0x4
 314 01a8 DA000000 		.4byte	.LASF26
 315 01ac 04       		.byte	0x4
 316 01ad 5D       		.byte	0x5d
 317 01ae 58010000 		.4byte	0x158
 318 01b2 0E       		.uleb128 0xe
 319 01b3 01       		.byte	0x1
 320 01b4 14010000 		.4byte	.LASF32
 321 01b8 01       		.byte	0x1
 322 01b9 28       		.byte	0x28
 323 01ba 01       		.byte	0x1
 324 01bb 00000000 		.4byte	.LFB63
 325 01bf 04000000 		.4byte	.LFE63
 326 01c3 02       		.byte	0x2
 327 01c4 7D       		.byte	0x7d
 328 01c5 00       		.sleb128 0
 329 01c6 01       		.byte	0x1
 330 01c7 D6010000 		.4byte	0x1d6
 331 01cb 0F       		.uleb128 0xf
 332 01cc 04000000 		.4byte	.LVL0
 333 01d0 01       		.byte	0x1
 334 01d1 10020000 		.4byte	0x210
 335 01d5 00       		.byte	0
 336 01d6 10       		.uleb128 0x10
ARM GAS  /var/folders/dt/0wfd0knj7gs46m8vwfzktm600000gn/T//ccUEehJ5.s 			page 7


 337 01d7 01       		.byte	0x1
 338 01d8 0A010000 		.4byte	.LASF33
 339 01dc 01       		.byte	0x1
 340 01dd 48       		.byte	0x48
 341 01de 01       		.byte	0x1
 342 01df 00000000 		.4byte	.LFB64
 343 01e3 14000000 		.4byte	.LFE64
 344 01e7 02       		.byte	0x2
 345 01e8 7D       		.byte	0x7d
 346 01e9 00       		.sleb128 0
 347 01ea 01       		.byte	0x1
 348 01eb 11       		.uleb128 0x11
 349 01ec CD000000 		.4byte	.LASF27
 350 01f0 05       		.byte	0x5
 351 01f1 0706     		.2byte	0x607
 352 01f3 AF000000 		.4byte	0xaf
 353 01f7 01       		.byte	0x1
 354 01f8 01       		.byte	0x1
 355 01f9 12       		.uleb128 0x12
 356 01fa E4000000 		.4byte	.LASF28
 357 01fe 01       		.byte	0x1
 358 01ff 1A       		.byte	0x1a
 359 0200 0B020000 		.4byte	0x20b
 360 0204 01       		.byte	0x1
 361 0205 05       		.byte	0x5
 362 0206 03       		.byte	0x3
 363 0207 00000000 		.4byte	pal_default_config
 364 020b 13       		.uleb128 0x13
 365 020c A7010000 		.4byte	0x1a7
 366 0210 14       		.uleb128 0x14
 367 0211 01       		.byte	0x1
 368 0212 8E000000 		.4byte	.LASF34
 369 0216 06       		.byte	0x6
 370 0217 F8       		.byte	0xf8
 371 0218 01       		.byte	0x1
 372 0219 01       		.byte	0x1
 373 021a 00       		.byte	0
 374              		.section	.debug_abbrev,"",%progbits
 375              	.Ldebug_abbrev0:
 376 0000 01       		.uleb128 0x1
 377 0001 11       		.uleb128 0x11
 378 0002 01       		.byte	0x1
 379 0003 25       		.uleb128 0x25
 380 0004 0E       		.uleb128 0xe
 381 0005 13       		.uleb128 0x13
 382 0006 0B       		.uleb128 0xb
 383 0007 03       		.uleb128 0x3
 384 0008 0E       		.uleb128 0xe
 385 0009 1B       		.uleb128 0x1b
 386 000a 0E       		.uleb128 0xe
 387 000b 55       		.uleb128 0x55
 388 000c 06       		.uleb128 0x6
 389 000d 11       		.uleb128 0x11
 390 000e 01       		.uleb128 0x1
 391 000f 52       		.uleb128 0x52
 392 0010 01       		.uleb128 0x1
 393 0011 10       		.uleb128 0x10
ARM GAS  /var/folders/dt/0wfd0knj7gs46m8vwfzktm600000gn/T//ccUEehJ5.s 			page 8


 394 0012 06       		.uleb128 0x6
 395 0013 00       		.byte	0
 396 0014 00       		.byte	0
 397 0015 02       		.uleb128 0x2
 398 0016 24       		.uleb128 0x24
 399 0017 00       		.byte	0
 400 0018 0B       		.uleb128 0xb
 401 0019 0B       		.uleb128 0xb
 402 001a 3E       		.uleb128 0x3e
 403 001b 0B       		.uleb128 0xb
 404 001c 03       		.uleb128 0x3
 405 001d 08       		.uleb128 0x8
 406 001e 00       		.byte	0
 407 001f 00       		.byte	0
 408 0020 03       		.uleb128 0x3
 409 0021 24       		.uleb128 0x24
 410 0022 00       		.byte	0
 411 0023 0B       		.uleb128 0xb
 412 0024 0B       		.uleb128 0xb
 413 0025 3E       		.uleb128 0x3e
 414 0026 0B       		.uleb128 0xb
 415 0027 03       		.uleb128 0x3
 416 0028 0E       		.uleb128 0xe
 417 0029 00       		.byte	0
 418 002a 00       		.byte	0
 419 002b 04       		.uleb128 0x4
 420 002c 16       		.uleb128 0x16
 421 002d 00       		.byte	0
 422 002e 03       		.uleb128 0x3
 423 002f 0E       		.uleb128 0xe
 424 0030 3A       		.uleb128 0x3a
 425 0031 0B       		.uleb128 0xb
 426 0032 3B       		.uleb128 0x3b
 427 0033 0B       		.uleb128 0xb
 428 0034 49       		.uleb128 0x49
 429 0035 13       		.uleb128 0x13
 430 0036 00       		.byte	0
 431 0037 00       		.byte	0
 432 0038 05       		.uleb128 0x5
 433 0039 35       		.uleb128 0x35
 434 003a 00       		.byte	0
 435 003b 49       		.uleb128 0x49
 436 003c 13       		.uleb128 0x13
 437 003d 00       		.byte	0
 438 003e 00       		.byte	0
 439 003f 06       		.uleb128 0x6
 440 0040 01       		.uleb128 0x1
 441 0041 01       		.byte	0x1
 442 0042 49       		.uleb128 0x49
 443 0043 13       		.uleb128 0x13
 444 0044 01       		.uleb128 0x1
 445 0045 13       		.uleb128 0x13
 446 0046 00       		.byte	0
 447 0047 00       		.byte	0
 448 0048 07       		.uleb128 0x7
 449 0049 21       		.uleb128 0x21
 450 004a 00       		.byte	0
ARM GAS  /var/folders/dt/0wfd0knj7gs46m8vwfzktm600000gn/T//ccUEehJ5.s 			page 9


 451 004b 49       		.uleb128 0x49
 452 004c 13       		.uleb128 0x13
 453 004d 2F       		.uleb128 0x2f
 454 004e 0B       		.uleb128 0xb
 455 004f 00       		.byte	0
 456 0050 00       		.byte	0
 457 0051 08       		.uleb128 0x8
 458 0052 13       		.uleb128 0x13
 459 0053 01       		.byte	0x1
 460 0054 0B       		.uleb128 0xb
 461 0055 0B       		.uleb128 0xb
 462 0056 3A       		.uleb128 0x3a
 463 0057 0B       		.uleb128 0xb
 464 0058 3B       		.uleb128 0x3b
 465 0059 05       		.uleb128 0x5
 466 005a 01       		.uleb128 0x1
 467 005b 13       		.uleb128 0x13
 468 005c 00       		.byte	0
 469 005d 00       		.byte	0
 470 005e 09       		.uleb128 0x9
 471 005f 0D       		.uleb128 0xd
 472 0060 00       		.byte	0
 473 0061 03       		.uleb128 0x3
 474 0062 0E       		.uleb128 0xe
 475 0063 3A       		.uleb128 0x3a
 476 0064 0B       		.uleb128 0xb
 477 0065 3B       		.uleb128 0x3b
 478 0066 05       		.uleb128 0x5
 479 0067 49       		.uleb128 0x49
 480 0068 13       		.uleb128 0x13
 481 0069 38       		.uleb128 0x38
 482 006a 0A       		.uleb128 0xa
 483 006b 00       		.byte	0
 484 006c 00       		.byte	0
 485 006d 0A       		.uleb128 0xa
 486 006e 16       		.uleb128 0x16
 487 006f 00       		.byte	0
 488 0070 03       		.uleb128 0x3
 489 0071 0E       		.uleb128 0xe
 490 0072 3A       		.uleb128 0x3a
 491 0073 0B       		.uleb128 0xb
 492 0074 3B       		.uleb128 0x3b
 493 0075 05       		.uleb128 0x5
 494 0076 49       		.uleb128 0x49
 495 0077 13       		.uleb128 0x13
 496 0078 00       		.byte	0
 497 0079 00       		.byte	0
 498 007a 0B       		.uleb128 0xb
 499 007b 13       		.uleb128 0x13
 500 007c 01       		.byte	0x1
 501 007d 0B       		.uleb128 0xb
 502 007e 0B       		.uleb128 0xb
 503 007f 3A       		.uleb128 0x3a
 504 0080 0B       		.uleb128 0xb
 505 0081 3B       		.uleb128 0x3b
 506 0082 0B       		.uleb128 0xb
 507 0083 01       		.uleb128 0x1
ARM GAS  /var/folders/dt/0wfd0knj7gs46m8vwfzktm600000gn/T//ccUEehJ5.s 			page 10


 508 0084 13       		.uleb128 0x13
 509 0085 00       		.byte	0
 510 0086 00       		.byte	0
 511 0087 0C       		.uleb128 0xc
 512 0088 0D       		.uleb128 0xd
 513 0089 00       		.byte	0
 514 008a 03       		.uleb128 0x3
 515 008b 08       		.uleb128 0x8
 516 008c 3A       		.uleb128 0x3a
 517 008d 0B       		.uleb128 0xb
 518 008e 3B       		.uleb128 0x3b
 519 008f 0B       		.uleb128 0xb
 520 0090 49       		.uleb128 0x49
 521 0091 13       		.uleb128 0x13
 522 0092 38       		.uleb128 0x38
 523 0093 0A       		.uleb128 0xa
 524 0094 00       		.byte	0
 525 0095 00       		.byte	0
 526 0096 0D       		.uleb128 0xd
 527 0097 0D       		.uleb128 0xd
 528 0098 00       		.byte	0
 529 0099 03       		.uleb128 0x3
 530 009a 0E       		.uleb128 0xe
 531 009b 3A       		.uleb128 0x3a
 532 009c 0B       		.uleb128 0xb
 533 009d 3B       		.uleb128 0x3b
 534 009e 0B       		.uleb128 0xb
 535 009f 49       		.uleb128 0x49
 536 00a0 13       		.uleb128 0x13
 537 00a1 38       		.uleb128 0x38
 538 00a2 0A       		.uleb128 0xa
 539 00a3 00       		.byte	0
 540 00a4 00       		.byte	0
 541 00a5 0E       		.uleb128 0xe
 542 00a6 2E       		.uleb128 0x2e
 543 00a7 01       		.byte	0x1
 544 00a8 3F       		.uleb128 0x3f
 545 00a9 0C       		.uleb128 0xc
 546 00aa 03       		.uleb128 0x3
 547 00ab 0E       		.uleb128 0xe
 548 00ac 3A       		.uleb128 0x3a
 549 00ad 0B       		.uleb128 0xb
 550 00ae 3B       		.uleb128 0x3b
 551 00af 0B       		.uleb128 0xb
 552 00b0 27       		.uleb128 0x27
 553 00b1 0C       		.uleb128 0xc
 554 00b2 11       		.uleb128 0x11
 555 00b3 01       		.uleb128 0x1
 556 00b4 12       		.uleb128 0x12
 557 00b5 01       		.uleb128 0x1
 558 00b6 40       		.uleb128 0x40
 559 00b7 0A       		.uleb128 0xa
 560 00b8 9742     		.uleb128 0x2117
 561 00ba 0C       		.uleb128 0xc
 562 00bb 01       		.uleb128 0x1
 563 00bc 13       		.uleb128 0x13
 564 00bd 00       		.byte	0
ARM GAS  /var/folders/dt/0wfd0knj7gs46m8vwfzktm600000gn/T//ccUEehJ5.s 			page 11


 565 00be 00       		.byte	0
 566 00bf 0F       		.uleb128 0xf
 567 00c0 898201   		.uleb128 0x4109
 568 00c3 00       		.byte	0
 569 00c4 11       		.uleb128 0x11
 570 00c5 01       		.uleb128 0x1
 571 00c6 9542     		.uleb128 0x2115
 572 00c8 0C       		.uleb128 0xc
 573 00c9 31       		.uleb128 0x31
 574 00ca 13       		.uleb128 0x13
 575 00cb 00       		.byte	0
 576 00cc 00       		.byte	0
 577 00cd 10       		.uleb128 0x10
 578 00ce 2E       		.uleb128 0x2e
 579 00cf 00       		.byte	0
 580 00d0 3F       		.uleb128 0x3f
 581 00d1 0C       		.uleb128 0xc
 582 00d2 03       		.uleb128 0x3
 583 00d3 0E       		.uleb128 0xe
 584 00d4 3A       		.uleb128 0x3a
 585 00d5 0B       		.uleb128 0xb
 586 00d6 3B       		.uleb128 0x3b
 587 00d7 0B       		.uleb128 0xb
 588 00d8 27       		.uleb128 0x27
 589 00d9 0C       		.uleb128 0xc
 590 00da 11       		.uleb128 0x11
 591 00db 01       		.uleb128 0x1
 592 00dc 12       		.uleb128 0x12
 593 00dd 01       		.uleb128 0x1
 594 00de 40       		.uleb128 0x40
 595 00df 0A       		.uleb128 0xa
 596 00e0 9742     		.uleb128 0x2117
 597 00e2 0C       		.uleb128 0xc
 598 00e3 00       		.byte	0
 599 00e4 00       		.byte	0
 600 00e5 11       		.uleb128 0x11
 601 00e6 34       		.uleb128 0x34
 602 00e7 00       		.byte	0
 603 00e8 03       		.uleb128 0x3
 604 00e9 0E       		.uleb128 0xe
 605 00ea 3A       		.uleb128 0x3a
 606 00eb 0B       		.uleb128 0xb
 607 00ec 3B       		.uleb128 0x3b
 608 00ed 05       		.uleb128 0x5
 609 00ee 49       		.uleb128 0x49
 610 00ef 13       		.uleb128 0x13
 611 00f0 3F       		.uleb128 0x3f
 612 00f1 0C       		.uleb128 0xc
 613 00f2 3C       		.uleb128 0x3c
 614 00f3 0C       		.uleb128 0xc
 615 00f4 00       		.byte	0
 616 00f5 00       		.byte	0
 617 00f6 12       		.uleb128 0x12
 618 00f7 34       		.uleb128 0x34
 619 00f8 00       		.byte	0
 620 00f9 03       		.uleb128 0x3
 621 00fa 0E       		.uleb128 0xe
ARM GAS  /var/folders/dt/0wfd0knj7gs46m8vwfzktm600000gn/T//ccUEehJ5.s 			page 12


 622 00fb 3A       		.uleb128 0x3a
 623 00fc 0B       		.uleb128 0xb
 624 00fd 3B       		.uleb128 0x3b
 625 00fe 0B       		.uleb128 0xb
 626 00ff 49       		.uleb128 0x49
 627 0100 13       		.uleb128 0x13
 628 0101 3F       		.uleb128 0x3f
 629 0102 0C       		.uleb128 0xc
 630 0103 02       		.uleb128 0x2
 631 0104 0A       		.uleb128 0xa
 632 0105 00       		.byte	0
 633 0106 00       		.byte	0
 634 0107 13       		.uleb128 0x13
 635 0108 26       		.uleb128 0x26
 636 0109 00       		.byte	0
 637 010a 49       		.uleb128 0x49
 638 010b 13       		.uleb128 0x13
 639 010c 00       		.byte	0
 640 010d 00       		.byte	0
 641 010e 14       		.uleb128 0x14
 642 010f 2E       		.uleb128 0x2e
 643 0110 00       		.byte	0
 644 0111 3F       		.uleb128 0x3f
 645 0112 0C       		.uleb128 0xc
 646 0113 03       		.uleb128 0x3
 647 0114 0E       		.uleb128 0xe
 648 0115 3A       		.uleb128 0x3a
 649 0116 0B       		.uleb128 0xb
 650 0117 3B       		.uleb128 0x3b
 651 0118 0B       		.uleb128 0xb
 652 0119 27       		.uleb128 0x27
 653 011a 0C       		.uleb128 0xc
 654 011b 3C       		.uleb128 0x3c
 655 011c 0C       		.uleb128 0xc
 656 011d 00       		.byte	0
 657 011e 00       		.byte	0
 658 011f 00       		.byte	0
 659              		.section	.debug_aranges,"",%progbits
 660 0000 24000000 		.4byte	0x24
 661 0004 0200     		.2byte	0x2
 662 0006 00000000 		.4byte	.Ldebug_info0
 663 000a 04       		.byte	0x4
 664 000b 00       		.byte	0
 665 000c 0000     		.2byte	0
 666 000e 0000     		.2byte	0
 667 0010 00000000 		.4byte	.LFB63
 668 0014 04000000 		.4byte	.LFE63-.LFB63
 669 0018 00000000 		.4byte	.LFB64
 670 001c 14000000 		.4byte	.LFE64-.LFB64
 671 0020 00000000 		.4byte	0
 672 0024 00000000 		.4byte	0
 673              		.section	.debug_ranges,"",%progbits
 674              	.Ldebug_ranges0:
 675 0000 00000000 		.4byte	.LFB63
 676 0004 04000000 		.4byte	.LFE63
 677 0008 00000000 		.4byte	.LFB64
 678 000c 14000000 		.4byte	.LFE64
ARM GAS  /var/folders/dt/0wfd0knj7gs46m8vwfzktm600000gn/T//ccUEehJ5.s 			page 13


 679 0010 00000000 		.4byte	0
 680 0014 00000000 		.4byte	0
 681              		.section	.debug_line,"",%progbits
 682              	.Ldebug_line0:
 683 0000 83010000 		.section	.debug_str,"MS",%progbits,1
 683      02005B01 
 683      00000201 
 683      FB0E0D00 
 683      01010101 
 684              	.LASF19:
 685 0000 4146494F 		.ascii	"AFIO_TypeDef\000"
 685      5F547970 
 685      65446566 
 685      00
 686              	.LASF24:
 687 000d 50444461 		.ascii	"PDData\000"
 687      746100
 688              	.LASF30:
 689 0014 2E2E2F2E 		.ascii	"../../boards/stm32f107/board.c\000"
 689      2E2F626F 
 689      61726473 
 689      2F73746D 
 689      33326631 
 690              	.LASF0:
 691 0033 756E7369 		.ascii	"unsigned int\000"
 691      676E6564 
 691      20696E74 
 691      00
 692              	.LASF15:
 693 0040 4D415052 		.ascii	"MAPR\000"
 693      00
 694              	.LASF17:
 695 0045 52455345 		.ascii	"RESERVED0\000"
 695      52564544 
 695      3000
 696              	.LASF10:
 697 004f 6C6F6E67 		.ascii	"long long unsigned int\000"
 697      206C6F6E 
 697      6720756E 
 697      7369676E 
 697      65642069 
 698              	.LASF25:
 699 0066 50454461 		.ascii	"PEData\000"
 699      746100
 700              	.LASF2:
 701 006d 756E7369 		.ascii	"unsigned char\000"
 701      676E6564 
 701      20636861 
 701      7200
 702              	.LASF20:
 703 007b 73746D33 		.ascii	"stm32_gpio_setup_t\000"
 703      325F6770 
 703      696F5F73 
 703      65747570 
 703      5F7400
 704              	.LASF34:
 705 008e 73746D33 		.ascii	"stm32_clock_init\000"
ARM GAS  /var/folders/dt/0wfd0knj7gs46m8vwfzktm600000gn/T//ccUEehJ5.s 			page 14


 705      325F636C 
 705      6F636B5F 
 705      696E6974 
 705      00
 706              	.LASF8:
 707 009f 6C6F6E67 		.ascii	"long unsigned int\000"
 707      20756E73 
 707      69676E65 
 707      6420696E 
 707      7400
 708              	.LASF4:
 709 00b1 73686F72 		.ascii	"short unsigned int\000"
 709      7420756E 
 709      7369676E 
 709      65642069 
 709      6E7400
 710              	.LASF7:
 711 00c4 75696E74 		.ascii	"uint32_t\000"
 711      33325F74 
 711      00
 712              	.LASF27:
 713 00cd 49544D5F 		.ascii	"ITM_RxBuffer\000"
 713      52784275 
 713      66666572 
 713      00
 714              	.LASF26:
 715 00da 50414C43 		.ascii	"PALConfig\000"
 715      6F6E6669 
 715      6700
 716              	.LASF28:
 717 00e4 70616C5F 		.ascii	"pal_default_config\000"
 717      64656661 
 717      756C745F 
 717      636F6E66 
 717      696700
 718              	.LASF16:
 719 00f7 45585449 		.ascii	"EXTICR\000"
 719      435200
 720              	.LASF22:
 721 00fe 50424461 		.ascii	"PBData\000"
 721      746100
 722              	.LASF13:
 723 0105 63686172 		.ascii	"char\000"
 723      00
 724              	.LASF33:
 725 010a 626F6172 		.ascii	"boardInit\000"
 725      64496E69 
 725      7400
 726              	.LASF32:
 727 0114 5F5F6561 		.ascii	"__early_init\000"
 727      726C795F 
 727      696E6974 
 727      00
 728              	.LASF6:
 729 0121 696E7433 		.ascii	"int32_t\000"
 729      325F7400 
 730              	.LASF12:
ARM GAS  /var/folders/dt/0wfd0knj7gs46m8vwfzktm600000gn/T//ccUEehJ5.s 			page 15


 731 0129 73697A65 		.ascii	"sizetype\000"
 731      74797065 
 731      00
 732              	.LASF9:
 733 0132 6C6F6E67 		.ascii	"long long int\000"
 733      206C6F6E 
 733      6720696E 
 733      7400
 734              	.LASF29:
 735 0140 474E5520 		.ascii	"GNU C 4.7.2\000"
 735      4320342E 
 735      372E3200 
 736              	.LASF3:
 737 014c 73686F72 		.ascii	"short int\000"
 737      7420696E 
 737      7400
 738              	.LASF23:
 739 0156 50434461 		.ascii	"PCData\000"
 739      746100
 740              	.LASF18:
 741 015d 4D415052 		.ascii	"MAPR2\000"
 741      3200
 742              	.LASF21:
 743 0163 50414461 		.ascii	"PAData\000"
 743      746100
 744              	.LASF5:
 745 016a 6C6F6E67 		.ascii	"long int\000"
 745      20696E74 
 745      00
 746              	.LASF14:
 747 0173 45564352 		.ascii	"EVCR\000"
 747      00
 748              	.LASF1:
 749 0178 7369676E 		.ascii	"signed char\000"
 749      65642063 
 749      68617200 
 750              	.LASF11:
 751 0184 5F426F6F 		.ascii	"_Bool\000"
 751      6C00
 752              	.LASF31:
 753 018a 2F557365 		.ascii	"/Users/toxygen/dev/chibi/ChibiOS_2.6.1/demos/ARMCM3"
 753      72732F74 
 753      6F787967 
 753      656E2F64 
 753      65762F63 
 754 01bd 2D53544D 		.ascii	"-STM32F107\000"
 754      33324631 
 754      303700
 755              		.ident	"GCC: (GNU) 4.7.2"
ARM GAS  /var/folders/dt/0wfd0knj7gs46m8vwfzktm600000gn/T//ccUEehJ5.s 			page 16


DEFINED SYMBOLS
                            *ABS*:0000000000000000 board.c
/var/folders/dt/0wfd0knj7gs46m8vwfzktm600000gn/T//ccUEehJ5.s:19     .text.__early_init:0000000000000000 $t
/var/folders/dt/0wfd0knj7gs46m8vwfzktm600000gn/T//ccUEehJ5.s:25     .text.__early_init:0000000000000000 __early_init
/var/folders/dt/0wfd0knj7gs46m8vwfzktm600000gn/T//ccUEehJ5.s:41     .text.boardInit:0000000000000000 $t
/var/folders/dt/0wfd0knj7gs46m8vwfzktm600000gn/T//ccUEehJ5.s:47     .text.boardInit:0000000000000000 boardInit
/var/folders/dt/0wfd0knj7gs46m8vwfzktm600000gn/T//ccUEehJ5.s:70     .rodata.pal_default_config:0000000000000000 pal_default_config
/var/folders/dt/0wfd0knj7gs46m8vwfzktm600000gn/T//ccUEehJ5.s:67     .rodata.pal_default_config:0000000000000000 $d
                     .debug_frame:0000000000000010 $d

UNDEFINED SYMBOLS
stm32_clock_init
