ARM GAS  /var/folders/dt/0wfd0knj7gs46m8vwfzktm600000gn/T//ccuzbgbJ.s 			page 1


   1              		.syntax unified
   2              		.cpu cortex-m3
   3              		.fpu softvfp
   4              		.eabi_attribute 20, 1
   5              		.eabi_attribute 21, 1
   6              		.eabi_attribute 23, 3
   7              		.eabi_attribute 24, 1
   8              		.eabi_attribute 25, 1
   9              		.eabi_attribute 26, 1
  10              		.eabi_attribute 30, 2
  11              		.eabi_attribute 34, 1
  12              		.eabi_attribute 18, 4
  13              		.thumb
  14              		.file	"chcore_v7m.c"
  15              		.text
  16              	.Ltext0:
  17              		.cfi_sections	.debug_frame
  18              		.section	.text._port_switch_from_isr,"ax",%progbits
  19              		.align	2
  20              		.p2align 4,,15
  21              		.global	_port_switch_from_isr
  22              		.thumb
  23              		.thumb_func
  24              		.type	_port_switch_from_isr, %function
  25              	_port_switch_from_isr:
  26              	.LFB11:
  27              		.file 1 "../../os/ports/GCC/ARMCMx/chcore_v7m.c"
  28              		.loc 1 207 0
  29              		.cfi_startproc
  30              		@ Naked Function: prologue and epilogue provided by programmer.
  31              		@ args = 0, pretend = 0, frame = 0
  32              		@ frame_needed = 0, uses_anonymous_args = 0
  33              		.loc 1 210 0
  34 0000 FFF7FEFF 		bl	chSchDoReschedule
  35              	.LVL0:
  36              		.loc 1 212 0
  37              	@ 212 "../../os/ports/GCC/ARMCMx/chcore_v7m.c" 1
  38              		_port_exit_from_isr:
  39              	@ 0 "" 2
  40              		.loc 1 214 0
  41              	@ 214 "../../os/ports/GCC/ARMCMx/chcore_v7m.c" 1
  42 0004 00DF     		svc     #0
  43              	@ 0 "" 2
  44              		.loc 1 221 0
  45              		.thumb
  46              		.cfi_endproc
  47              	.LFE11:
  48              		.size	_port_switch_from_isr, .-_port_switch_from_isr
  49 0006 00BFAFF3 		.section	.text.SVCallVector,"ax",%progbits
  49      0080AFF3 
  49      0080
  50              		.align	2
  51              		.p2align 4,,15
  52              		.global	SVCallVector
  53              		.thumb
  54              		.thumb_func
  55              		.type	SVCallVector, %function
ARM GAS  /var/folders/dt/0wfd0knj7gs46m8vwfzktm600000gn/T//ccuzbgbJ.s 			page 2


  56              	SVCallVector:
  57              	.LFB8:
  58              		.loc 1 65 0
  59              		.cfi_startproc
  60              		@ args = 0, pretend = 0, frame = 0
  61              		@ frame_needed = 0, uses_anonymous_args = 0
  62              		@ link register save eliminated.
  63              		.loc 1 69 0
  64              	@ 69 "../../os/ports/GCC/ARMCMx/chcore_v7m.c" 1
  65 0000 EFF30983 		mrs     r3, PSP
  66              	@ 0 "" 2
  67              	.LVL1:
  68              		.loc 1 73 0
  69              		.thumb
  70 0004 2033     		adds	r3, r3, #32
  71              	.LVL2:
  72              		.loc 1 80 0
  73              	@ 80 "../../os/ports/GCC/ARMCMx/chcore_v7m.c" 1
  74 0006 83F30988 		msr     PSP, r3
  75              	@ 0 "" 2
  76              		.thumb
  77              	.LBB2:
  78              		.loc 1 81 0
  79 000a 0023     		movs	r3, #0
  80              	.LVL3:
  81              	@ 81 "../../os/ports/GCC/ARMCMx/chcore_v7m.c" 1
  82 000c 83F31188 		msr     BASEPRI, r3
  83              	@ 0 "" 2
  84              	.LVL4:
  85              		.thumb
  86 0010 7047     		bx	lr
  87              	.LBE2:
  88              		.cfi_endproc
  89              	.LFE8:
  90              		.size	SVCallVector, .-SVCallVector
  91 0012 00BFAFF3 		.section	.text._port_init,"ax",%progbits
  91      0080AFF3 
  91      0080AFF3 
  91      0080
  92              		.align	2
  93              		.p2align 4,,15
  94              		.global	_port_init
  95              		.thumb
  96              		.thumb_func
  97              		.type	_port_init, %function
  98              	_port_init:
  99              	.LFB9:
 100              		.loc 1 118 0
 101              		.cfi_startproc
 102              		@ args = 0, pretend = 0, frame = 0
 103              		@ frame_needed = 0, uses_anonymous_args = 0
 104 0000 08B5     		push	{r3, lr}
 105              	.LCFI0:
 106              		.cfi_def_cfa_offset 8
 107              		.cfi_offset 3, -8
 108              		.cfi_offset 14, -4
 109              		.loc 1 122 0
ARM GAS  /var/folders/dt/0wfd0knj7gs46m8vwfzktm600000gn/T//ccuzbgbJ.s 			page 3


 110 0002 4FF44072 		mov	r2, #768
 111              		.loc 1 121 0
 112 0006 4FF46D43 		mov	r3, #60672
 113 000a CEF20003 		movt	r3, 57344
 114              		.loc 1 122 0
 115 000e C0F2FA52 		movt	r2, 1530
 116              		.loc 1 121 0
 117 0012 0021     		movs	r1, #0
 118 0014 9960     		str	r1, [r3, #8]
 119              		.loc 1 125 0
 120 0016 0720     		movs	r0, #7
 121 0018 1021     		movs	r1, #16
 122              		.loc 1 122 0
 123 001a DA60     		str	r2, [r3, #12]
 124              		.loc 1 125 0
 125 001c FFF7FEFF 		bl	nvicSetSystemHandlerPriority
 126              	.LVL5:
 127              		.loc 1 127 0
 128 0020 0A20     		movs	r0, #10
 129 0022 4FF40071 		mov	r1, #512
 130 0026 FFF7FEFF 		bl	nvicSetSystemHandlerPriority
 131              	.LVL6:
 132              		.loc 1 129 0
 133 002a 0B20     		movs	r0, #11
 134 002c 8021     		movs	r1, #128
 135              		.loc 1 131 0
 136 002e BDE80840 		pop	{r3, lr}
 137              		.loc 1 129 0
 138 0032 FFF7FEBF 		b	nvicSetSystemHandlerPriority
 139              	.LVL7:
 140              		.cfi_endproc
 141              	.LFE9:
 142              		.size	_port_init, .-_port_init
 143 0036 00BFAFF3 		.section	.text._port_irq_epilogue,"ax",%progbits
 143      0080AFF3 
 143      0080
 144              		.align	2
 145              		.p2align 4,,15
 146              		.global	_port_irq_epilogue
 147              		.thumb
 148              		.thumb_func
 149              		.type	_port_irq_epilogue, %function
 150              	_port_irq_epilogue:
 151              	.LFB10:
 152              		.loc 1 148 0
 153              		.cfi_startproc
 154              		@ args = 0, pretend = 0, frame = 0
 155              		@ frame_needed = 0, uses_anonymous_args = 0
 156              		@ link register save eliminated.
 157              	.LBB3:
 158              		.loc 1 150 0
 159 0000 2023     		movs	r3, #32
 160              	.LVL8:
 161              	@ 150 "../../os/ports/GCC/ARMCMx/chcore_v7m.c" 1
 162 0002 83F31188 		msr     BASEPRI, r3
 163              	@ 0 "" 2
 164              	.LVL9:
ARM GAS  /var/folders/dt/0wfd0knj7gs46m8vwfzktm600000gn/T//ccuzbgbJ.s 			page 4


 165              		.thumb
 166              	.LBE3:
 167              		.loc 1 151 0
 168 0006 4FF46D43 		mov	r3, #60672
 169              	.LVL10:
 170 000a CEF20003 		movt	r3, 57344
 171 000e 5B68     		ldr	r3, [r3, #4]
 172 0010 13F40063 		ands	r3, r3, #2048
 173 0014 19D0     		beq	.L5
 174              	.LBB4:
 175              		.loc 1 155 0
 176              	@ 155 "../../os/ports/GCC/ARMCMx/chcore_v7m.c" 1
 177 0016 EFF30983 		mrs     r3, PSP
 178              	@ 0 "" 2
 179              	.LVL11:
 180              		.loc 1 159 0
 181              		.thumb
 182 001a A3F12002 		sub	r2, r3, #32
 183              	.LVL12:
 184              		.loc 1 160 0
 185              	@ 160 "../../os/ports/GCC/ARMCMx/chcore_v7m.c" 1
 186 001e 82F30988 		msr     PSP, r2
 187              	@ 0 "" 2
 188              		.loc 1 165 0
 189              		.thumb
 190 0022 1049     		ldr	r1, .L12
 191              		.loc 1 161 0
 192 0024 4FF08070 		mov	r0, #16777216
 193              		.loc 1 165 0
 194 0028 8A69     		ldr	r2, [r1, #24]
 195              	.LVL13:
 196              		.loc 1 161 0
 197 002a 43F8040C 		str	r0, [r3, #-4]
 198              		.loc 1 165 0
 199 002e D07F     		ldrb	r0, [r2, #31]	@ zero_extendqisi2
 200 0030 0968     		ldr	r1, [r1, #0]
 201 0032 9268     		ldr	r2, [r2, #8]
 202 0034 8968     		ldr	r1, [r1, #8]
 203 0036 58B1     		cbz	r0, .L6
 204              		.loc 1 165 0 is_stmt 0 discriminator 1
 205 0038 9142     		cmp	r1, r2
 206 003a 94BF     		ite	ls
 207 003c 0022     		movls	r2, #0
 208 003e 0122     		movhi	r2, #1
 209 0040 62B1     		cbz	r2, .L8
 210              	.L11:
 211              		.loc 1 167 0 is_stmt 1
 212 0042 094A     		ldr	r2, .L12+4
 213 0044 43F8082C 		str	r2, [r3, #-8]
 214 0048 7047     		bx	lr
 215              	.LVL14:
 216              	.L5:
 217              	.LBE4:
 218              	.LBB5:
 219              		.loc 1 197 0
 220              	@ 197 "../../os/ports/GCC/ARMCMx/chcore_v7m.c" 1
 221 004a 83F31188 		msr     BASEPRI, r3
ARM GAS  /var/folders/dt/0wfd0knj7gs46m8vwfzktm600000gn/T//ccuzbgbJ.s 			page 5


 222              	@ 0 "" 2
 223              	.LVL15:
 224              		.thumb
 225 004e 7047     		bx	lr
 226              	.LVL16:
 227              	.L6:
 228              	.LBE5:
 229              	.LBB6:
 230              		.loc 1 165 0 discriminator 2
 231 0050 9142     		cmp	r1, r2
 232 0052 34BF     		ite	cc
 233 0054 0022     		movcc	r2, #0
 234 0056 0122     		movcs	r2, #1
 235 0058 002A     		cmp	r2, #0
 236 005a F2D1     		bne	.L11
 237              	.L8:
 238              		.loc 1 176 0
 239 005c 034A     		ldr	r2, .L12+8
 240 005e 43F8082C 		str	r2, [r3, #-8]
 241 0062 7047     		bx	lr
 242              	.L13:
 243              		.align	2
 244              	.L12:
 245 0064 00000000 		.word	rlist
 246 0068 00000000 		.word	_port_switch_from_isr
 247 006c 04000000 		.word	_port_exit_from_isr
 248              	.LBE6:
 249              		.cfi_endproc
 250              	.LFE10:
 251              		.size	_port_irq_epilogue, .-_port_irq_epilogue
 252              		.section	.text.SysTickVector,"ax",%progbits
 253              		.align	2
 254              		.p2align 4,,15
 255              		.global	SysTickVector
 256              		.thumb
 257              		.thumb_func
 258              		.type	SysTickVector, %function
 259              	SysTickVector:
 260              	.LFB7:
 261              		.loc 1 47 0
 262              		.cfi_startproc
 263              		@ args = 0, pretend = 0, frame = 0
 264              		@ frame_needed = 0, uses_anonymous_args = 0
 265 0000 08B5     		push	{r3, lr}
 266              	.LCFI1:
 267              		.cfi_def_cfa_offset 8
 268              		.cfi_offset 3, -8
 269              		.cfi_offset 14, -4
 270              	.LBB7:
 271              		.loc 1 51 0
 272 0002 2023     		movs	r3, #32
 273              	.LVL17:
 274              	@ 51 "../../os/ports/GCC/ARMCMx/chcore_v7m.c" 1
 275 0004 83F31188 		msr     BASEPRI, r3
 276              	@ 0 "" 2
 277              	.LVL18:
 278              		.thumb
ARM GAS  /var/folders/dt/0wfd0knj7gs46m8vwfzktm600000gn/T//ccuzbgbJ.s 			page 6


 279              	.LBE7:
 280              		.loc 1 52 0
 281 0008 FFF7FEFF 		bl	chSysTimerHandlerI
 282              	.LVL19:
 283              	.LBB8:
 284              		.loc 1 53 0
 285 000c 0023     		movs	r3, #0
 286              	.LVL20:
 287              	@ 53 "../../os/ports/GCC/ARMCMx/chcore_v7m.c" 1
 288 000e 83F31188 		msr     BASEPRI, r3
 289              	@ 0 "" 2
 290              	.LVL21:
 291              		.thumb
 292              	.LBE8:
 293              		.loc 1 56 0
 294 0012 BDE80840 		pop	{r3, lr}
 295              		.loc 1 55 0
 296 0016 FFF7FEBF 		b	_port_irq_epilogue
 297              	.LVL22:
 298              		.cfi_endproc
 299              	.LFE7:
 300              		.size	SysTickVector, .-SysTickVector
 301 001a 00BFAFF3 		.section	.text._port_switch,"ax",%progbits
 301      0080
 302              		.align	2
 303              		.p2align 4,,15
 304              		.global	_port_switch
 305              		.thumb
 306              		.thumb_func
 307              		.type	_port_switch, %function
 308              	_port_switch:
 309              	.LFB12:
 310              		.loc 1 236 0
 311              		.cfi_startproc
 312              		@ Naked Function: prologue and epilogue provided by programmer.
 313              		@ args = 0, pretend = 0, frame = 0
 314              		@ frame_needed = 0, uses_anonymous_args = 0
 315              	.LVL23:
 316              		.loc 1 238 0
 317              	@ 238 "../../os/ports/GCC/ARMCMx/chcore_v7m.c" 1
 318 0000 2DE9F04F 		push    {r4, r5, r6, r7, r8, r9, r10, r11, lr}
 319              	@ 0 "" 2
 320              		.loc 1 244 0
 321              	@ 244 "../../os/ports/GCC/ARMCMx/chcore_v7m.c" 1
 322 0004 C1F80CD0 		str     sp, [r1, #12]                          
 323 0008 D0F80CD0 		ldr     sp, [r0, #12]
 324              	@ 0 "" 2
 325              		.loc 1 250 0
 326              	@ 250 "../../os/ports/GCC/ARMCMx/chcore_v7m.c" 1
 327 000c BDE8F08F 		pop     {r4, r5, r6, r7, r8, r9, r10, r11, pc}
 328              	@ 0 "" 2
 329              		.loc 1 252 0
 330              		.thumb
 331              		.cfi_endproc
 332              	.LFE12:
 333              		.size	_port_switch, .-_port_switch
 334              		.section	.text._port_thread_start,"ax",%progbits
ARM GAS  /var/folders/dt/0wfd0knj7gs46m8vwfzktm600000gn/T//ccuzbgbJ.s 			page 7


 335              		.align	2
 336              		.p2align 4,,15
 337              		.global	_port_thread_start
 338              		.thumb
 339              		.thumb_func
 340              		.type	_port_thread_start, %function
 341              	_port_thread_start:
 342              	.LFB13:
 343              		.loc 1 259 0
 344              		.cfi_startproc
 345              		@ args = 0, pretend = 0, frame = 0
 346              		@ frame_needed = 0, uses_anonymous_args = 0
 347              		@ link register save eliminated.
 348              	.LBB9:
 349              		.loc 1 261 0
 350 0000 0023     		movs	r3, #0
 351              	.LVL24:
 352              	@ 261 "../../os/ports/GCC/ARMCMx/chcore_v7m.c" 1
 353 0002 83F31188 		msr     BASEPRI, r3
 354              	@ 0 "" 2
 355              	.LVL25:
 356              		.thumb
 357              	.LBE9:
 358              		.loc 1 262 0
 359              	@ 262 "../../os/ports/GCC/ARMCMx/chcore_v7m.c" 1
 360 0006 2846     		mov     r0, r5                                 
 361 0008 A047     		blx     r4                                     
 362 000a FFF7FEFF 		bl      chThdExit
 363              	@ 0 "" 2
 364              		.thumb
 365 000e 7047     		bx	lr
 366              		.cfi_endproc
 367              	.LFE13:
 368              		.size	_port_thread_start, .-_port_thread_start
 369              		.text
 370              	.Letext0:
 371              		.file 2 "/Users/toxygen/Applications/yagarto-4.7.2/bin/../lib/gcc/arm-none-eabi/4.7.2/../../../../
 372              		.file 3 "../../os/ports/GCC/ARMCMx/chtypes.h"
 373              		.file 4 "../../os/kernel/include/chlists.h"
 374              		.file 5 "../../os/kernel/include/chthreads.h"
 375              		.file 6 "../../os/ports/GCC/ARMCMx/chcore_v7m.h"
 376              		.file 7 "../../os/ports/common/ARMCMx/nvic.h"
 377              		.file 8 "../../os/kernel/include/chschd.h"
 378              		.file 9 "../../os/kernel/include/chmtx.h"
 379              		.file 10 "../../os/kernel/include/chsys.h"
 380              		.section	.debug_info,"",%progbits
 381              	.Ldebug_info0:
 382 0000 9A080000 		.4byte	0x89a
 383 0004 0200     		.2byte	0x2
 384 0006 00000000 		.4byte	.Ldebug_abbrev0
 385 000a 04       		.byte	0x4
 386 000b 01       		.uleb128 0x1
 387 000c 35020000 		.4byte	.LASF93
 388 0010 01       		.byte	0x1
 389 0011 16030000 		.4byte	.LASF94
 390 0015 A0000000 		.4byte	.LASF95
 391 0019 18000000 		.4byte	.Ldebug_ranges0+0x18
ARM GAS  /var/folders/dt/0wfd0knj7gs46m8vwfzktm600000gn/T//ccuzbgbJ.s 			page 8


 392 001d 00000000 		.4byte	0
 393 0021 00000000 		.4byte	0
 394 0025 00000000 		.4byte	.Ldebug_line0
 395 0029 02       		.uleb128 0x2
 396 002a 04       		.byte	0x4
 397 002b 05       		.byte	0x5
 398 002c 696E7400 		.ascii	"int\000"
 399 0030 03       		.uleb128 0x3
 400 0031 04       		.byte	0x4
 401 0032 07       		.byte	0x7
 402 0033 47010000 		.4byte	.LASF0
 403 0037 03       		.uleb128 0x3
 404 0038 01       		.byte	0x1
 405 0039 06       		.byte	0x6
 406 003a 71000000 		.4byte	.LASF1
 407 003e 04       		.uleb128 0x4
 408 003f A0030000 		.4byte	.LASF5
 409 0043 02       		.byte	0x2
 410 0044 2A       		.byte	0x2a
 411 0045 49000000 		.4byte	0x49
 412 0049 03       		.uleb128 0x3
 413 004a 01       		.byte	0x1
 414 004b 08       		.byte	0x8
 415 004c 7D020000 		.4byte	.LASF2
 416 0050 03       		.uleb128 0x3
 417 0051 02       		.byte	0x2
 418 0052 05       		.byte	0x5
 419 0053 9B020000 		.4byte	.LASF3
 420 0057 03       		.uleb128 0x3
 421 0058 02       		.byte	0x2
 422 0059 07       		.byte	0x7
 423 005a A4010000 		.4byte	.LASF4
 424 005e 04       		.uleb128 0x4
 425 005f 75020000 		.4byte	.LASF6
 426 0063 02       		.byte	0x2
 427 0064 4F       		.byte	0x4f
 428 0065 69000000 		.4byte	0x69
 429 0069 03       		.uleb128 0x3
 430 006a 04       		.byte	0x4
 431 006b 05       		.byte	0x5
 432 006c 97000000 		.4byte	.LASF7
 433 0070 04       		.uleb128 0x4
 434 0071 EB020000 		.4byte	.LASF8
 435 0075 02       		.byte	0x2
 436 0076 50       		.byte	0x50
 437 0077 7B000000 		.4byte	0x7b
 438 007b 03       		.uleb128 0x3
 439 007c 04       		.byte	0x4
 440 007d 07       		.byte	0x7
 441 007e 6F010000 		.4byte	.LASF9
 442 0082 03       		.uleb128 0x3
 443 0083 08       		.byte	0x8
 444 0084 05       		.byte	0x5
 445 0085 63000000 		.4byte	.LASF10
 446 0089 03       		.uleb128 0x3
 447 008a 08       		.byte	0x8
 448 008b 07       		.byte	0x7
ARM GAS  /var/folders/dt/0wfd0knj7gs46m8vwfzktm600000gn/T//ccuzbgbJ.s 			page 9


 449 008c 36000000 		.4byte	.LASF11
 450 0090 03       		.uleb128 0x3
 451 0091 01       		.byte	0x1
 452 0092 02       		.byte	0x2
 453 0093 6F020000 		.4byte	.LASF12
 454 0097 04       		.uleb128 0x4
 455 0098 E6010000 		.4byte	.LASF13
 456 009c 03       		.byte	0x3
 457 009d 2C       		.byte	0x2c
 458 009e 3E000000 		.4byte	0x3e
 459 00a2 04       		.uleb128 0x4
 460 00a3 DE000000 		.4byte	.LASF14
 461 00a7 03       		.byte	0x3
 462 00a8 2D       		.byte	0x2d
 463 00a9 3E000000 		.4byte	0x3e
 464 00ad 04       		.uleb128 0x4
 465 00ae 53020000 		.4byte	.LASF15
 466 00b2 03       		.byte	0x3
 467 00b3 2E       		.byte	0x2e
 468 00b4 3E000000 		.4byte	0x3e
 469 00b8 04       		.uleb128 0x4
 470 00b9 8D000000 		.4byte	.LASF16
 471 00bd 03       		.byte	0x3
 472 00be 2F       		.byte	0x2f
 473 00bf 3E000000 		.4byte	0x3e
 474 00c3 04       		.uleb128 0x4
 475 00c4 67020000 		.4byte	.LASF17
 476 00c8 03       		.byte	0x3
 477 00c9 30       		.byte	0x30
 478 00ca 70000000 		.4byte	0x70
 479 00ce 04       		.uleb128 0x4
 480 00cf BC010000 		.4byte	.LASF18
 481 00d3 03       		.byte	0x3
 482 00d4 31       		.byte	0x31
 483 00d5 5E000000 		.4byte	0x5e
 484 00d9 04       		.uleb128 0x4
 485 00da FA010000 		.4byte	.LASF19
 486 00de 03       		.byte	0x3
 487 00df 33       		.byte	0x33
 488 00e0 70000000 		.4byte	0x70
 489 00e4 04       		.uleb128 0x4
 490 00e5 44030000 		.4byte	.LASF20
 491 00e9 03       		.byte	0x3
 492 00ea 35       		.byte	0x35
 493 00eb 70000000 		.4byte	0x70
 494 00ef 04       		.uleb128 0x4
 495 00f0 D9020000 		.4byte	.LASF21
 496 00f4 04       		.byte	0x4
 497 00f5 2A       		.byte	0x2a
 498 00f6 FA000000 		.4byte	0xfa
 499 00fa 05       		.uleb128 0x5
 500 00fb D9020000 		.4byte	.LASF21
 501 00ff 48       		.byte	0x48
 502 0100 05       		.byte	0x5
 503 0101 5E       		.byte	0x5e
 504 0102 1F020000 		.4byte	0x21f
 505 0106 06       		.uleb128 0x6
ARM GAS  /var/folders/dt/0wfd0knj7gs46m8vwfzktm600000gn/T//ccuzbgbJ.s 			page 10


 506 0107 CA020000 		.4byte	.LASF22
 507 010b 05       		.byte	0x5
 508 010c 5F       		.byte	0x5f
 509 010d 44020000 		.4byte	0x244
 510 0111 02       		.byte	0x2
 511 0112 23       		.byte	0x23
 512 0113 00       		.uleb128 0
 513 0114 06       		.uleb128 0x6
 514 0115 60020000 		.4byte	.LASF23
 515 0119 05       		.byte	0x5
 516 011a 61       		.byte	0x61
 517 011b 44020000 		.4byte	0x244
 518 011f 02       		.byte	0x2
 519 0120 23       		.byte	0x23
 520 0121 04       		.uleb128 0x4
 521 0122 06       		.uleb128 0x6
 522 0123 5C000000 		.4byte	.LASF24
 523 0127 05       		.byte	0x5
 524 0128 63       		.byte	0x63
 525 0129 C3000000 		.4byte	0xc3
 526 012d 02       		.byte	0x2
 527 012e 23       		.byte	0x23
 528 012f 08       		.uleb128 0x8
 529 0130 06       		.uleb128 0x6
 530 0131 D4030000 		.4byte	.LASF25
 531 0135 05       		.byte	0x5
 532 0136 64       		.byte	0x64
 533 0137 8A030000 		.4byte	0x38a
 534 013b 02       		.byte	0x2
 535 013c 23       		.byte	0x23
 536 013d 0C       		.uleb128 0xc
 537 013e 06       		.uleb128 0x6
 538 013f FA000000 		.4byte	.LASF26
 539 0143 05       		.byte	0x5
 540 0144 66       		.byte	0x66
 541 0145 44020000 		.4byte	0x244
 542 0149 02       		.byte	0x2
 543 014a 23       		.byte	0x23
 544 014b 10       		.uleb128 0x10
 545 014c 06       		.uleb128 0x6
 546 014d 1A020000 		.4byte	.LASF27
 547 0151 05       		.byte	0x5
 548 0152 67       		.byte	0x67
 549 0153 44020000 		.4byte	0x244
 550 0157 02       		.byte	0x2
 551 0158 23       		.byte	0x23
 552 0159 14       		.uleb128 0x14
 553 015a 06       		.uleb128 0x6
 554 015b BA030000 		.4byte	.LASF28
 555 015f 05       		.byte	0x5
 556 0160 6E       		.byte	0x6e
 557 0161 42060000 		.4byte	0x642
 558 0165 02       		.byte	0x2
 559 0166 23       		.byte	0x23
 560 0167 18       		.uleb128 0x18
 561 0168 06       		.uleb128 0x6
 562 0169 A5020000 		.4byte	.LASF29
ARM GAS  /var/folders/dt/0wfd0knj7gs46m8vwfzktm600000gn/T//ccuzbgbJ.s 			page 11


 563 016d 05       		.byte	0x5
 564 016e 79       		.byte	0x79
 565 016f A2000000 		.4byte	0xa2
 566 0173 02       		.byte	0x2
 567 0174 23       		.byte	0x23
 568 0175 1C       		.uleb128 0x1c
 569 0176 06       		.uleb128 0x6
 570 0177 D1020000 		.4byte	.LASF30
 571 017b 05       		.byte	0x5
 572 017c 7D       		.byte	0x7d
 573 017d 97000000 		.4byte	0x97
 574 0181 02       		.byte	0x2
 575 0182 23       		.byte	0x23
 576 0183 1D       		.uleb128 0x1d
 577 0184 06       		.uleb128 0x6
 578 0185 84030000 		.4byte	.LASF31
 579 0189 05       		.byte	0x5
 580 018a 82       		.byte	0x82
 581 018b AD000000 		.4byte	0xad
 582 018f 02       		.byte	0x2
 583 0190 23       		.byte	0x23
 584 0191 1E       		.uleb128 0x1e
 585 0192 06       		.uleb128 0x6
 586 0193 AD020000 		.4byte	.LASF32
 587 0197 05       		.byte	0x5
 588 0198 88       		.byte	0x88
 589 0199 B8000000 		.4byte	0xb8
 590 019d 02       		.byte	0x2
 591 019e 23       		.byte	0x23
 592 019f 1F       		.uleb128 0x1f
 593 01a0 06       		.uleb128 0x6
 594 01a1 66030000 		.4byte	.LASF33
 595 01a5 05       		.byte	0x5
 596 01a6 8F       		.byte	0x8f
 597 01a7 58050000 		.4byte	0x558
 598 01ab 02       		.byte	0x2
 599 01ac 23       		.byte	0x23
 600 01ad 20       		.uleb128 0x20
 601 01ae 07       		.uleb128 0x7
 602 01af 705F7500 		.ascii	"p_u\000"
 603 01b3 05       		.byte	0x5
 604 01b4 B4       		.byte	0xb4
 605 01b5 0D060000 		.4byte	0x60d
 606 01b9 02       		.byte	0x2
 607 01ba 23       		.byte	0x23
 608 01bb 24       		.uleb128 0x24
 609 01bc 06       		.uleb128 0x6
 610 01bd DA030000 		.4byte	.LASF34
 611 01c1 05       		.byte	0x5
 612 01c2 B9       		.byte	0xb9
 613 01c3 6C020000 		.4byte	0x26c
 614 01c7 02       		.byte	0x2
 615 01c8 23       		.byte	0x23
 616 01c9 28       		.uleb128 0x28
 617 01ca 06       		.uleb128 0x6
 618 01cb 79030000 		.4byte	.LASF35
 619 01cf 05       		.byte	0x5
ARM GAS  /var/folders/dt/0wfd0knj7gs46m8vwfzktm600000gn/T//ccuzbgbJ.s 			page 12


 620 01d0 BF       		.byte	0xbf
 621 01d1 4A020000 		.4byte	0x24a
 622 01d5 02       		.byte	0x2
 623 01d6 23       		.byte	0x23
 624 01d7 2C       		.uleb128 0x2c
 625 01d8 06       		.uleb128 0x6
 626 01d9 00000000 		.4byte	.LASF36
 627 01dd 05       		.byte	0x5
 628 01de C3       		.byte	0xc3
 629 01df CE000000 		.4byte	0xce
 630 01e3 02       		.byte	0x2
 631 01e4 23       		.byte	0x23
 632 01e5 34       		.uleb128 0x34
 633 01e6 06       		.uleb128 0x6
 634 01e7 E0020000 		.4byte	.LASF37
 635 01eb 05       		.byte	0x5
 636 01ec C9       		.byte	0xc9
 637 01ed D9000000 		.4byte	0xd9
 638 01f1 02       		.byte	0x2
 639 01f2 23       		.byte	0x23
 640 01f3 38       		.uleb128 0x38
 641 01f4 06       		.uleb128 0x6
 642 01f5 91020000 		.4byte	.LASF38
 643 01f9 05       		.byte	0x5
 644 01fa D0       		.byte	0xd0
 645 01fb 54060000 		.4byte	0x654
 646 01ff 02       		.byte	0x2
 647 0200 23       		.byte	0x23
 648 0201 3C       		.uleb128 0x3c
 649 0202 06       		.uleb128 0x6
 650 0203 4E030000 		.4byte	.LASF39
 651 0207 05       		.byte	0x5
 652 0208 D4       		.byte	0xd4
 653 0209 C3000000 		.4byte	0xc3
 654 020d 02       		.byte	0x2
 655 020e 23       		.byte	0x23
 656 020f 40       		.uleb128 0x40
 657 0210 06       		.uleb128 0x6
 658 0211 7D000000 		.4byte	.LASF40
 659 0215 05       		.byte	0x5
 660 0216 DA       		.byte	0xda
 661 0217 82020000 		.4byte	0x282
 662 021b 02       		.byte	0x2
 663 021c 23       		.byte	0x23
 664 021d 44       		.uleb128 0x44
 665 021e 00       		.byte	0
 666 021f 08       		.uleb128 0x8
 667 0220 08       		.byte	0x8
 668 0221 04       		.byte	0x4
 669 0222 61       		.byte	0x61
 670 0223 44020000 		.4byte	0x244
 671 0227 06       		.uleb128 0x6
 672 0228 CA020000 		.4byte	.LASF22
 673 022c 04       		.byte	0x4
 674 022d 62       		.byte	0x62
 675 022e 44020000 		.4byte	0x244
 676 0232 02       		.byte	0x2
ARM GAS  /var/folders/dt/0wfd0knj7gs46m8vwfzktm600000gn/T//ccuzbgbJ.s 			page 13


 677 0233 23       		.byte	0x23
 678 0234 00       		.uleb128 0
 679 0235 06       		.uleb128 0x6
 680 0236 60020000 		.4byte	.LASF23
 681 023a 04       		.byte	0x4
 682 023b 64       		.byte	0x64
 683 023c 44020000 		.4byte	0x244
 684 0240 02       		.byte	0x2
 685 0241 23       		.byte	0x23
 686 0242 04       		.uleb128 0x4
 687 0243 00       		.byte	0
 688 0244 09       		.uleb128 0x9
 689 0245 04       		.byte	0x4
 690 0246 EF000000 		.4byte	0xef
 691 024a 04       		.uleb128 0x4
 692 024b 28020000 		.4byte	.LASF41
 693 024f 04       		.byte	0x4
 694 0250 66       		.byte	0x66
 695 0251 1F020000 		.4byte	0x21f
 696 0255 08       		.uleb128 0x8
 697 0256 04       		.byte	0x4
 698 0257 04       		.byte	0x4
 699 0258 6B       		.byte	0x6b
 700 0259 6C020000 		.4byte	0x26c
 701 025d 06       		.uleb128 0x6
 702 025e CA020000 		.4byte	.LASF22
 703 0262 04       		.byte	0x4
 704 0263 6D       		.byte	0x6d
 705 0264 44020000 		.4byte	0x244
 706 0268 02       		.byte	0x2
 707 0269 23       		.byte	0x23
 708 026a 00       		.uleb128 0
 709 026b 00       		.byte	0
 710 026c 04       		.uleb128 0x4
 711 026d EE010000 		.4byte	.LASF42
 712 0271 04       		.byte	0x4
 713 0272 70       		.byte	0x70
 714 0273 55020000 		.4byte	0x255
 715 0277 04       		.uleb128 0x4
 716 0278 2C010000 		.4byte	.LASF43
 717 027c 06       		.byte	0x6
 718 027d E5       		.byte	0xe5
 719 027e 82020000 		.4byte	0x282
 720 0282 0A       		.uleb128 0xa
 721 0283 04       		.byte	0x4
 722 0284 05       		.uleb128 0x5
 723 0285 5B010000 		.4byte	.LASF44
 724 0289 20       		.byte	0x20
 725 028a 06       		.byte	0x6
 726 028b ED       		.byte	0xed
 727 028c FC020000 		.4byte	0x2fc
 728 0290 07       		.uleb128 0x7
 729 0291 723000   		.ascii	"r0\000"
 730 0294 06       		.byte	0x6
 731 0295 EE       		.byte	0xee
 732 0296 77020000 		.4byte	0x277
 733 029a 02       		.byte	0x2
ARM GAS  /var/folders/dt/0wfd0knj7gs46m8vwfzktm600000gn/T//ccuzbgbJ.s 			page 14


 734 029b 23       		.byte	0x23
 735 029c 00       		.uleb128 0
 736 029d 07       		.uleb128 0x7
 737 029e 723100   		.ascii	"r1\000"
 738 02a1 06       		.byte	0x6
 739 02a2 EF       		.byte	0xef
 740 02a3 77020000 		.4byte	0x277
 741 02a7 02       		.byte	0x2
 742 02a8 23       		.byte	0x23
 743 02a9 04       		.uleb128 0x4
 744 02aa 07       		.uleb128 0x7
 745 02ab 723200   		.ascii	"r2\000"
 746 02ae 06       		.byte	0x6
 747 02af F0       		.byte	0xf0
 748 02b0 77020000 		.4byte	0x277
 749 02b4 02       		.byte	0x2
 750 02b5 23       		.byte	0x23
 751 02b6 08       		.uleb128 0x8
 752 02b7 07       		.uleb128 0x7
 753 02b8 723300   		.ascii	"r3\000"
 754 02bb 06       		.byte	0x6
 755 02bc F1       		.byte	0xf1
 756 02bd 77020000 		.4byte	0x277
 757 02c1 02       		.byte	0x2
 758 02c2 23       		.byte	0x23
 759 02c3 0C       		.uleb128 0xc
 760 02c4 07       		.uleb128 0x7
 761 02c5 72313200 		.ascii	"r12\000"
 762 02c9 06       		.byte	0x6
 763 02ca F2       		.byte	0xf2
 764 02cb 77020000 		.4byte	0x277
 765 02cf 02       		.byte	0x2
 766 02d0 23       		.byte	0x23
 767 02d1 10       		.uleb128 0x10
 768 02d2 06       		.uleb128 0x6
 769 02d3 54010000 		.4byte	.LASF45
 770 02d7 06       		.byte	0x6
 771 02d8 F3       		.byte	0xf3
 772 02d9 77020000 		.4byte	0x277
 773 02dd 02       		.byte	0x2
 774 02de 23       		.byte	0x23
 775 02df 14       		.uleb128 0x14
 776 02e0 07       		.uleb128 0x7
 777 02e1 706300   		.ascii	"pc\000"
 778 02e4 06       		.byte	0x6
 779 02e5 F4       		.byte	0xf4
 780 02e6 77020000 		.4byte	0x277
 781 02ea 02       		.byte	0x2
 782 02eb 23       		.byte	0x23
 783 02ec 18       		.uleb128 0x18
 784 02ed 06       		.uleb128 0x6
 785 02ee B7020000 		.4byte	.LASF46
 786 02f2 06       		.byte	0x6
 787 02f3 F5       		.byte	0xf5
 788 02f4 77020000 		.4byte	0x277
 789 02f8 02       		.byte	0x2
 790 02f9 23       		.byte	0x23
ARM GAS  /var/folders/dt/0wfd0knj7gs46m8vwfzktm600000gn/T//ccuzbgbJ.s 			page 15


 791 02fa 1C       		.uleb128 0x1c
 792 02fb 00       		.byte	0
 793 02fc 0B       		.uleb128 0xb
 794 02fd 72030000 		.4byte	.LASF47
 795 0301 24       		.byte	0x24
 796 0302 06       		.byte	0x6
 797 0303 0C01     		.2byte	0x10c
 798 0305 8A030000 		.4byte	0x38a
 799 0309 0C       		.uleb128 0xc
 800 030a 723400   		.ascii	"r4\000"
 801 030d 06       		.byte	0x6
 802 030e 1F01     		.2byte	0x11f
 803 0310 77020000 		.4byte	0x277
 804 0314 02       		.byte	0x2
 805 0315 23       		.byte	0x23
 806 0316 00       		.uleb128 0
 807 0317 0C       		.uleb128 0xc
 808 0318 723500   		.ascii	"r5\000"
 809 031b 06       		.byte	0x6
 810 031c 2001     		.2byte	0x120
 811 031e 77020000 		.4byte	0x277
 812 0322 02       		.byte	0x2
 813 0323 23       		.byte	0x23
 814 0324 04       		.uleb128 0x4
 815 0325 0C       		.uleb128 0xc
 816 0326 723600   		.ascii	"r6\000"
 817 0329 06       		.byte	0x6
 818 032a 2101     		.2byte	0x121
 819 032c 77020000 		.4byte	0x277
 820 0330 02       		.byte	0x2
 821 0331 23       		.byte	0x23
 822 0332 08       		.uleb128 0x8
 823 0333 0C       		.uleb128 0xc
 824 0334 723700   		.ascii	"r7\000"
 825 0337 06       		.byte	0x6
 826 0338 2201     		.2byte	0x122
 827 033a 77020000 		.4byte	0x277
 828 033e 02       		.byte	0x2
 829 033f 23       		.byte	0x23
 830 0340 0C       		.uleb128 0xc
 831 0341 0C       		.uleb128 0xc
 832 0342 723800   		.ascii	"r8\000"
 833 0345 06       		.byte	0x6
 834 0346 2301     		.2byte	0x123
 835 0348 77020000 		.4byte	0x277
 836 034c 02       		.byte	0x2
 837 034d 23       		.byte	0x23
 838 034e 10       		.uleb128 0x10
 839 034f 0C       		.uleb128 0xc
 840 0350 723900   		.ascii	"r9\000"
 841 0353 06       		.byte	0x6
 842 0354 2401     		.2byte	0x124
 843 0356 77020000 		.4byte	0x277
 844 035a 02       		.byte	0x2
 845 035b 23       		.byte	0x23
 846 035c 14       		.uleb128 0x14
 847 035d 0C       		.uleb128 0xc
ARM GAS  /var/folders/dt/0wfd0knj7gs46m8vwfzktm600000gn/T//ccuzbgbJ.s 			page 16


 848 035e 72313000 		.ascii	"r10\000"
 849 0362 06       		.byte	0x6
 850 0363 2501     		.2byte	0x125
 851 0365 77020000 		.4byte	0x277
 852 0369 02       		.byte	0x2
 853 036a 23       		.byte	0x23
 854 036b 18       		.uleb128 0x18
 855 036c 0C       		.uleb128 0xc
 856 036d 72313100 		.ascii	"r11\000"
 857 0371 06       		.byte	0x6
 858 0372 2601     		.2byte	0x126
 859 0374 77020000 		.4byte	0x277
 860 0378 02       		.byte	0x2
 861 0379 23       		.byte	0x23
 862 037a 1C       		.uleb128 0x1c
 863 037b 0C       		.uleb128 0xc
 864 037c 6C7200   		.ascii	"lr\000"
 865 037f 06       		.byte	0x6
 866 0380 2701     		.2byte	0x127
 867 0382 77020000 		.4byte	0x277
 868 0386 02       		.byte	0x2
 869 0387 23       		.byte	0x23
 870 0388 20       		.uleb128 0x20
 871 0389 00       		.byte	0
 872 038a 0B       		.uleb128 0xb
 873 038b 9C010000 		.4byte	.LASF48
 874 038f 04       		.byte	0x4
 875 0390 06       		.byte	0x6
 876 0391 3101     		.2byte	0x131
 877 0393 A7030000 		.4byte	0x3a7
 878 0397 0C       		.uleb128 0xc
 879 0398 72313300 		.ascii	"r13\000"
 880 039c 06       		.byte	0x6
 881 039d 3201     		.2byte	0x132
 882 039f A7030000 		.4byte	0x3a7
 883 03a3 02       		.byte	0x2
 884 03a4 23       		.byte	0x23
 885 03a5 00       		.uleb128 0
 886 03a6 00       		.byte	0
 887 03a7 09       		.uleb128 0x9
 888 03a8 04       		.byte	0x4
 889 03a9 FC020000 		.4byte	0x2fc
 890 03ad 04       		.uleb128 0x4
 891 03ae 0E030000 		.4byte	.LASF49
 892 03b2 07       		.byte	0x7
 893 03b3 3A       		.byte	0x3a
 894 03b4 B8030000 		.4byte	0x3b8
 895 03b8 0D       		.uleb128 0xd
 896 03b9 70000000 		.4byte	0x70
 897 03bd 03       		.uleb128 0x3
 898 03be 04       		.byte	0x4
 899 03bf 07       		.byte	0x7
 900 03c0 0C020000 		.4byte	.LASF50
 901 03c4 08       		.uleb128 0x8
 902 03c5 8C       		.byte	0x8c
 903 03c6 07       		.byte	0x7
 904 03c7 89       		.byte	0x89
ARM GAS  /var/folders/dt/0wfd0knj7gs46m8vwfzktm600000gn/T//ccuzbgbJ.s 			page 17


 905 03c8 F4040000 		.4byte	0x4f4
 906 03cc 06       		.uleb128 0x6
 907 03cd 56000000 		.4byte	.LASF51
 908 03d1 07       		.byte	0x7
 909 03d2 8A       		.byte	0x8a
 910 03d3 AD030000 		.4byte	0x3ad
 911 03d7 02       		.byte	0x2
 912 03d8 23       		.byte	0x23
 913 03d9 00       		.uleb128 0
 914 03da 06       		.uleb128 0x6
 915 03db B7010000 		.4byte	.LASF52
 916 03df 07       		.byte	0x7
 917 03e0 8B       		.byte	0x8b
 918 03e1 AD030000 		.4byte	0x3ad
 919 03e5 02       		.byte	0x2
 920 03e6 23       		.byte	0x23
 921 03e7 04       		.uleb128 0x4
 922 03e8 06       		.uleb128 0x6
 923 03e9 81010000 		.4byte	.LASF53
 924 03ed 07       		.byte	0x7
 925 03ee 8C       		.byte	0x8c
 926 03ef AD030000 		.4byte	0x3ad
 927 03f3 02       		.byte	0x2
 928 03f4 23       		.byte	0x23
 929 03f5 08       		.uleb128 0x8
 930 03f6 06       		.uleb128 0x6
 931 03f7 C2010000 		.4byte	.LASF54
 932 03fb 07       		.byte	0x7
 933 03fc 8D       		.byte	0x8d
 934 03fd AD030000 		.4byte	0x3ad
 935 0401 02       		.byte	0x2
 936 0402 23       		.byte	0x23
 937 0403 0C       		.uleb128 0xc
 938 0404 07       		.uleb128 0x7
 939 0405 53435200 		.ascii	"SCR\000"
 940 0409 07       		.byte	0x7
 941 040a 8E       		.byte	0x8e
 942 040b AD030000 		.4byte	0x3ad
 943 040f 02       		.byte	0x2
 944 0410 23       		.byte	0x23
 945 0411 10       		.uleb128 0x10
 946 0412 07       		.uleb128 0x7
 947 0413 43435200 		.ascii	"CCR\000"
 948 0417 07       		.byte	0x7
 949 0418 8F       		.byte	0x8f
 950 0419 AD030000 		.4byte	0x3ad
 951 041d 02       		.byte	0x2
 952 041e 23       		.byte	0x23
 953 041f 14       		.uleb128 0x14
 954 0420 06       		.uleb128 0x6
 955 0421 6D030000 		.4byte	.LASF55
 956 0425 07       		.byte	0x7
 957 0426 90       		.byte	0x90
 958 0427 04050000 		.4byte	0x504
 959 042b 02       		.byte	0x2
 960 042c 23       		.byte	0x23
 961 042d 18       		.uleb128 0x18
ARM GAS  /var/folders/dt/0wfd0knj7gs46m8vwfzktm600000gn/T//ccuzbgbJ.s 			page 18


 962 042e 06       		.uleb128 0x6
 963 042f 8B020000 		.4byte	.LASF56
 964 0433 07       		.byte	0x7
 965 0434 91       		.byte	0x91
 966 0435 AD030000 		.4byte	0x3ad
 967 0439 02       		.byte	0x2
 968 043a 23       		.byte	0x23
 969 043b 24       		.uleb128 0x24
 970 043c 06       		.uleb128 0x6
 971 043d 15020000 		.4byte	.LASF57
 972 0441 07       		.byte	0x7
 973 0442 92       		.byte	0x92
 974 0443 AD030000 		.4byte	0x3ad
 975 0447 02       		.byte	0x2
 976 0448 23       		.byte	0x23
 977 0449 28       		.uleb128 0x28
 978 044a 06       		.uleb128 0x6
 979 044b C7030000 		.4byte	.LASF58
 980 044f 07       		.byte	0x7
 981 0450 93       		.byte	0x93
 982 0451 AD030000 		.4byte	0x3ad
 983 0455 02       		.byte	0x2
 984 0456 23       		.byte	0x23
 985 0457 2C       		.uleb128 0x2c
 986 0458 06       		.uleb128 0x6
 987 0459 C8010000 		.4byte	.LASF59
 988 045d 07       		.byte	0x7
 989 045e 94       		.byte	0x94
 990 045f AD030000 		.4byte	0x3ad
 991 0463 02       		.byte	0x2
 992 0464 23       		.byte	0x23
 993 0465 30       		.uleb128 0x30
 994 0466 06       		.uleb128 0x6
 995 0467 CD010000 		.4byte	.LASF60
 996 046b 07       		.byte	0x7
 997 046c 95       		.byte	0x95
 998 046d AD030000 		.4byte	0x3ad
 999 0471 02       		.byte	0x2
 1000 0472 23       		.byte	0x23
 1001 0473 34       		.uleb128 0x34
 1002 0474 06       		.uleb128 0x6
 1003 0475 02010000 		.4byte	.LASF61
 1004 0479 07       		.byte	0x7
 1005 047a 96       		.byte	0x96
 1006 047b AD030000 		.4byte	0x3ad
 1007 047f 02       		.byte	0x2
 1008 0480 23       		.byte	0x23
 1009 0481 38       		.uleb128 0x38
 1010 0482 06       		.uleb128 0x6
 1011 0483 FC020000 		.4byte	.LASF62
 1012 0487 07       		.byte	0x7
 1013 0488 97       		.byte	0x97
 1014 0489 AD030000 		.4byte	0x3ad
 1015 048d 02       		.byte	0x2
 1016 048e 23       		.byte	0x23
 1017 048f 3C       		.uleb128 0x3c
 1018 0490 07       		.uleb128 0x7
ARM GAS  /var/folders/dt/0wfd0knj7gs46m8vwfzktm600000gn/T//ccuzbgbJ.s 			page 19


 1019 0491 50465200 		.ascii	"PFR\000"
 1020 0495 07       		.byte	0x7
 1021 0496 98       		.byte	0x98
 1022 0497 19050000 		.4byte	0x519
 1023 049b 02       		.byte	0x2
 1024 049c 23       		.byte	0x23
 1025 049d 40       		.uleb128 0x40
 1026 049e 07       		.uleb128 0x7
 1027 049f 44465200 		.ascii	"DFR\000"
 1028 04a3 07       		.byte	0x7
 1029 04a4 99       		.byte	0x99
 1030 04a5 AD030000 		.4byte	0x3ad
 1031 04a9 02       		.byte	0x2
 1032 04aa 23       		.byte	0x23
 1033 04ab 48       		.uleb128 0x48
 1034 04ac 07       		.uleb128 0x7
 1035 04ad 41445200 		.ascii	"ADR\000"
 1036 04b1 07       		.byte	0x7
 1037 04b2 9A       		.byte	0x9a
 1038 04b3 AD030000 		.4byte	0x3ad
 1039 04b7 02       		.byte	0x2
 1040 04b8 23       		.byte	0x23
 1041 04b9 4C       		.uleb128 0x4c
 1042 04ba 06       		.uleb128 0x6
 1043 04bb 95030000 		.4byte	.LASF63
 1044 04bf 07       		.byte	0x7
 1045 04c0 9B       		.byte	0x9b
 1046 04c1 2E050000 		.4byte	0x52e
 1047 04c5 02       		.byte	0x2
 1048 04c6 23       		.byte	0x23
 1049 04c7 50       		.uleb128 0x50
 1050 04c8 07       		.uleb128 0x7
 1051 04c9 53415200 		.ascii	"SAR\000"
 1052 04cd 07       		.byte	0x7
 1053 04ce 9C       		.byte	0x9c
 1054 04cf 43050000 		.4byte	0x543
 1055 04d3 02       		.byte	0x2
 1056 04d4 23       		.byte	0x23
 1057 04d5 60       		.uleb128 0x60
 1058 04d6 06       		.uleb128 0x6
 1059 04d7 01030000 		.4byte	.LASF64
 1060 04db 07       		.byte	0x7
 1061 04dc 9D       		.byte	0x9d
 1062 04dd 48050000 		.4byte	0x548
 1063 04e1 02       		.byte	0x2
 1064 04e2 23       		.byte	0x23
 1065 04e3 74       		.uleb128 0x74
 1066 04e4 06       		.uleb128 0x6
 1067 04e5 C1030000 		.4byte	.LASF65
 1068 04e9 07       		.byte	0x7
 1069 04ea 9E       		.byte	0x9e
 1070 04eb AD030000 		.4byte	0x3ad
 1071 04ef 03       		.byte	0x3
 1072 04f0 23       		.byte	0x23
 1073 04f1 8801     		.uleb128 0x88
 1074 04f3 00       		.byte	0
 1075 04f4 0E       		.uleb128 0xe
ARM GAS  /var/folders/dt/0wfd0knj7gs46m8vwfzktm600000gn/T//ccuzbgbJ.s 			page 20


 1076 04f5 AD030000 		.4byte	0x3ad
 1077 04f9 04050000 		.4byte	0x504
 1078 04fd 0F       		.uleb128 0xf
 1079 04fe BD030000 		.4byte	0x3bd
 1080 0502 02       		.byte	0x2
 1081 0503 00       		.byte	0
 1082 0504 0D       		.uleb128 0xd
 1083 0505 F4040000 		.4byte	0x4f4
 1084 0509 0E       		.uleb128 0xe
 1085 050a AD030000 		.4byte	0x3ad
 1086 050e 19050000 		.4byte	0x519
 1087 0512 0F       		.uleb128 0xf
 1088 0513 BD030000 		.4byte	0x3bd
 1089 0517 01       		.byte	0x1
 1090 0518 00       		.byte	0
 1091 0519 0D       		.uleb128 0xd
 1092 051a 09050000 		.4byte	0x509
 1093 051e 0E       		.uleb128 0xe
 1094 051f AD030000 		.4byte	0x3ad
 1095 0523 2E050000 		.4byte	0x52e
 1096 0527 0F       		.uleb128 0xf
 1097 0528 BD030000 		.4byte	0x3bd
 1098 052c 03       		.byte	0x3
 1099 052d 00       		.byte	0
 1100 052e 0D       		.uleb128 0xd
 1101 052f 1E050000 		.4byte	0x51e
 1102 0533 0E       		.uleb128 0xe
 1103 0534 AD030000 		.4byte	0x3ad
 1104 0538 43050000 		.4byte	0x543
 1105 053c 0F       		.uleb128 0xf
 1106 053d BD030000 		.4byte	0x3bd
 1107 0541 04       		.byte	0x4
 1108 0542 00       		.byte	0
 1109 0543 0D       		.uleb128 0xd
 1110 0544 33050000 		.4byte	0x533
 1111 0548 0D       		.uleb128 0xd
 1112 0549 33050000 		.4byte	0x533
 1113 054d 04       		.uleb128 0x4
 1114 054e 0D000000 		.4byte	.LASF66
 1115 0552 07       		.byte	0x7
 1116 0553 9F       		.byte	0x9f
 1117 0554 C4030000 		.4byte	0x3c4
 1118 0558 0D       		.uleb128 0xd
 1119 0559 E4000000 		.4byte	0xe4
 1120 055d 08       		.uleb128 0x8
 1121 055e 1C       		.byte	0x1c
 1122 055f 08       		.byte	0x8
 1123 0560 5E       		.byte	0x5e
 1124 0561 BA050000 		.4byte	0x5ba
 1125 0565 06       		.uleb128 0x6
 1126 0566 F4020000 		.4byte	.LASF67
 1127 056a 08       		.byte	0x8
 1128 056b 5F       		.byte	0x5f
 1129 056c 4A020000 		.4byte	0x24a
 1130 0570 02       		.byte	0x2
 1131 0571 23       		.byte	0x23
 1132 0572 00       		.uleb128 0
ARM GAS  /var/folders/dt/0wfd0knj7gs46m8vwfzktm600000gn/T//ccuzbgbJ.s 			page 21


 1133 0573 06       		.uleb128 0x6
 1134 0574 BC020000 		.4byte	.LASF68
 1135 0578 08       		.byte	0x8
 1136 0579 60       		.byte	0x60
 1137 057a C3000000 		.4byte	0xc3
 1138 057e 02       		.byte	0x2
 1139 057f 23       		.byte	0x23
 1140 0580 08       		.uleb128 0x8
 1141 0581 06       		.uleb128 0x6
 1142 0582 22020000 		.4byte	.LASF69
 1143 0586 08       		.byte	0x8
 1144 0587 62       		.byte	0x62
 1145 0588 8A030000 		.4byte	0x38a
 1146 058c 02       		.byte	0x2
 1147 058d 23       		.byte	0x23
 1148 058e 0C       		.uleb128 0xc
 1149 058f 06       		.uleb128 0x6
 1150 0590 07010000 		.4byte	.LASF70
 1151 0594 08       		.byte	0x8
 1152 0595 65       		.byte	0x65
 1153 0596 44020000 		.4byte	0x244
 1154 059a 02       		.byte	0x2
 1155 059b 23       		.byte	0x23
 1156 059c 10       		.uleb128 0x10
 1157 059d 06       		.uleb128 0x6
 1158 059e 4B020000 		.4byte	.LASF71
 1159 05a2 08       		.byte	0x8
 1160 05a3 66       		.byte	0x66
 1161 05a4 44020000 		.4byte	0x244
 1162 05a8 02       		.byte	0x2
 1163 05a9 23       		.byte	0x23
 1164 05aa 14       		.uleb128 0x14
 1165 05ab 06       		.uleb128 0x6
 1166 05ac 41020000 		.4byte	.LASF72
 1167 05b0 08       		.byte	0x8
 1168 05b1 69       		.byte	0x69
 1169 05b2 44020000 		.4byte	0x244
 1170 05b6 02       		.byte	0x2
 1171 05b7 23       		.byte	0x23
 1172 05b8 18       		.uleb128 0x18
 1173 05b9 00       		.byte	0
 1174 05ba 04       		.uleb128 0x4
 1175 05bb 8B030000 		.4byte	.LASF73
 1176 05bf 08       		.byte	0x8
 1177 05c0 6B       		.byte	0x6b
 1178 05c1 5D050000 		.4byte	0x55d
 1179 05c5 05       		.uleb128 0x5
 1180 05c6 06020000 		.4byte	.LASF74
 1181 05ca 10       		.byte	0x10
 1182 05cb 09       		.byte	0x9
 1183 05cc 2C       		.byte	0x2c
 1184 05cd FC050000 		.4byte	0x5fc
 1185 05d1 06       		.uleb128 0x6
 1186 05d2 85000000 		.4byte	.LASF75
 1187 05d6 09       		.byte	0x9
 1188 05d7 2D       		.byte	0x2d
 1189 05d8 4A020000 		.4byte	0x24a
ARM GAS  /var/folders/dt/0wfd0knj7gs46m8vwfzktm600000gn/T//ccuzbgbJ.s 			page 22


 1190 05dc 02       		.byte	0x2
 1191 05dd 23       		.byte	0x23
 1192 05de 00       		.uleb128 0
 1193 05df 06       		.uleb128 0x6
 1194 05e0 CC030000 		.4byte	.LASF76
 1195 05e4 09       		.byte	0x9
 1196 05e5 2F       		.byte	0x2f
 1197 05e6 44020000 		.4byte	0x244
 1198 05ea 02       		.byte	0x2
 1199 05eb 23       		.byte	0x23
 1200 05ec 08       		.uleb128 0x8
 1201 05ed 06       		.uleb128 0x6
 1202 05ee 3D030000 		.4byte	.LASF77
 1203 05f2 09       		.byte	0x9
 1204 05f3 31       		.byte	0x31
 1205 05f4 FC050000 		.4byte	0x5fc
 1206 05f8 02       		.byte	0x2
 1207 05f9 23       		.byte	0x23
 1208 05fa 0C       		.uleb128 0xc
 1209 05fb 00       		.byte	0
 1210 05fc 09       		.uleb128 0x9
 1211 05fd 04       		.byte	0x4
 1212 05fe C5050000 		.4byte	0x5c5
 1213 0602 04       		.uleb128 0x4
 1214 0603 06020000 		.4byte	.LASF74
 1215 0607 09       		.byte	0x9
 1216 0608 33       		.byte	0x33
 1217 0609 C5050000 		.4byte	0x5c5
 1218 060d 10       		.uleb128 0x10
 1219 060e 04       		.byte	0x4
 1220 060f 05       		.byte	0x5
 1221 0610 96       		.byte	0x96
 1222 0611 42060000 		.4byte	0x642
 1223 0615 11       		.uleb128 0x11
 1224 0616 06000000 		.4byte	.LASF78
 1225 061a 05       		.byte	0x5
 1226 061b 9D       		.byte	0x9d
 1227 061c CE000000 		.4byte	0xce
 1228 0620 11       		.uleb128 0x11
 1229 0621 4D000000 		.4byte	.LASF79
 1230 0625 05       		.byte	0x5
 1231 0626 A4       		.byte	0xa4
 1232 0627 CE000000 		.4byte	0xce
 1233 062b 11       		.uleb128 0x11
 1234 062c B3030000 		.4byte	.LASF80
 1235 0630 05       		.byte	0x5
 1236 0631 AB       		.byte	0xab
 1237 0632 82020000 		.4byte	0x282
 1238 0636 11       		.uleb128 0x11
 1239 0637 C3020000 		.4byte	.LASF81
 1240 063b 05       		.byte	0x5
 1241 063c B2       		.byte	0xb2
 1242 063d D9000000 		.4byte	0xd9
 1243 0641 00       		.byte	0
 1244 0642 09       		.uleb128 0x9
 1245 0643 04       		.byte	0x4
 1246 0644 48060000 		.4byte	0x648
ARM GAS  /var/folders/dt/0wfd0knj7gs46m8vwfzktm600000gn/T//ccuzbgbJ.s 			page 23


 1247 0648 12       		.uleb128 0x12
 1248 0649 4D060000 		.4byte	0x64d
 1249 064d 03       		.uleb128 0x3
 1250 064e 01       		.byte	0x1
 1251 064f 08       		.byte	0x8
 1252 0650 09030000 		.4byte	.LASF82
 1253 0654 09       		.uleb128 0x9
 1254 0655 04       		.byte	0x4
 1255 0656 02060000 		.4byte	0x602
 1256 065a 13       		.uleb128 0x13
 1257 065b 01       		.byte	0x1
 1258 065c 86010000 		.4byte	.LASF83
 1259 0660 01       		.byte	0x1
 1260 0661 CF       		.byte	0xcf
 1261 0662 01       		.byte	0x1
 1262 0663 00000000 		.4byte	.LFB11
 1263 0667 06000000 		.4byte	.LFE11
 1264 066b 02       		.byte	0x2
 1265 066c 7D       		.byte	0x7d
 1266 066d 00       		.sleb128 0
 1267 066e 01       		.byte	0x1
 1268 066f 7D060000 		.4byte	0x67d
 1269 0673 14       		.uleb128 0x14
 1270 0674 04000000 		.4byte	.LVL0
 1271 0678 6F080000 		.4byte	0x86f
 1272 067c 00       		.byte	0
 1273 067d 13       		.uleb128 0x13
 1274 067e 01       		.byte	0x1
 1275 067f 59030000 		.4byte	.LASF84
 1276 0683 01       		.byte	0x1
 1277 0684 41       		.byte	0x41
 1278 0685 01       		.byte	0x1
 1279 0686 00000000 		.4byte	.LFB8
 1280 068a 12000000 		.4byte	.LFE8
 1281 068e 02       		.byte	0x2
 1282 068f 7D       		.byte	0x7d
 1283 0690 00       		.sleb128 0
 1284 0691 01       		.byte	0x1
 1285 0692 BF060000 		.4byte	0x6bf
 1286 0696 15       		.uleb128 0x15
 1287 0697 5B020000 		.4byte	.LASF85
 1288 069b 01       		.byte	0x1
 1289 069c 42       		.byte	0x42
 1290 069d BF060000 		.4byte	0x6bf
 1291 06a1 00000000 		.4byte	.LLST0
 1292 06a5 16       		.uleb128 0x16
 1293 06a6 0A000000 		.4byte	.LBB2
 1294 06aa 12000000 		.4byte	.LBE2
 1295 06ae 17       		.uleb128 0x17
 1296 06af 746D7000 		.ascii	"tmp\000"
 1297 06b3 01       		.byte	0x1
 1298 06b4 51       		.byte	0x51
 1299 06b5 70000000 		.4byte	0x70
 1300 06b9 20000000 		.4byte	.LLST1
 1301 06bd 00       		.byte	0
 1302 06be 00       		.byte	0
 1303 06bf 09       		.uleb128 0x9
ARM GAS  /var/folders/dt/0wfd0knj7gs46m8vwfzktm600000gn/T//ccuzbgbJ.s 			page 24


 1304 06c0 04       		.byte	0x4
 1305 06c1 84020000 		.4byte	0x284
 1306 06c5 18       		.uleb128 0x18
 1307 06c6 01       		.byte	0x1
 1308 06c7 A8030000 		.4byte	.LASF86
 1309 06cb 01       		.byte	0x1
 1310 06cc 76       		.byte	0x76
 1311 06cd 01       		.byte	0x1
 1312 06ce 00000000 		.4byte	.LFB9
 1313 06d2 36000000 		.4byte	.LFE9
 1314 06d6 33000000 		.4byte	.LLST2
 1315 06da 01       		.byte	0x1
 1316 06db 28070000 		.4byte	0x728
 1317 06df 19       		.uleb128 0x19
 1318 06e0 20000000 		.4byte	.LVL5
 1319 06e4 79080000 		.4byte	0x879
 1320 06e8 F7060000 		.4byte	0x6f7
 1321 06ec 1A       		.uleb128 0x1a
 1322 06ed 01       		.byte	0x1
 1323 06ee 51       		.byte	0x51
 1324 06ef 01       		.byte	0x1
 1325 06f0 40       		.byte	0x40
 1326 06f1 1A       		.uleb128 0x1a
 1327 06f2 01       		.byte	0x1
 1328 06f3 50       		.byte	0x50
 1329 06f4 01       		.byte	0x1
 1330 06f5 37       		.byte	0x37
 1331 06f6 00       		.byte	0
 1332 06f7 19       		.uleb128 0x19
 1333 06f8 2A000000 		.4byte	.LVL6
 1334 06fc 79080000 		.4byte	0x879
 1335 0700 11070000 		.4byte	0x711
 1336 0704 1A       		.uleb128 0x1a
 1337 0705 01       		.byte	0x1
 1338 0706 51       		.byte	0x51
 1339 0707 03       		.byte	0x3
 1340 0708 0A       		.byte	0xa
 1341 0709 0002     		.2byte	0x200
 1342 070b 1A       		.uleb128 0x1a
 1343 070c 01       		.byte	0x1
 1344 070d 50       		.byte	0x50
 1345 070e 01       		.byte	0x1
 1346 070f 3A       		.byte	0x3a
 1347 0710 00       		.byte	0
 1348 0711 1B       		.uleb128 0x1b
 1349 0712 36000000 		.4byte	.LVL7
 1350 0716 01       		.byte	0x1
 1351 0717 79080000 		.4byte	0x879
 1352 071b 1A       		.uleb128 0x1a
 1353 071c 01       		.byte	0x1
 1354 071d 51       		.byte	0x51
 1355 071e 02       		.byte	0x2
 1356 071f 08       		.byte	0x8
 1357 0720 80       		.byte	0x80
 1358 0721 1A       		.uleb128 0x1a
 1359 0722 01       		.byte	0x1
 1360 0723 50       		.byte	0x50
ARM GAS  /var/folders/dt/0wfd0knj7gs46m8vwfzktm600000gn/T//ccuzbgbJ.s 			page 25


 1361 0724 01       		.byte	0x1
 1362 0725 3B       		.byte	0x3b
 1363 0726 00       		.byte	0
 1364 0727 00       		.byte	0
 1365 0728 13       		.uleb128 0x13
 1366 0729 01       		.byte	0x1
 1367 072a D3010000 		.4byte	.LASF87
 1368 072e 01       		.byte	0x1
 1369 072f 94       		.byte	0x94
 1370 0730 01       		.byte	0x1
 1371 0731 00000000 		.4byte	.LFB10
 1372 0735 70000000 		.4byte	.LFE10
 1373 0739 02       		.byte	0x2
 1374 073a 7D       		.byte	0x7d
 1375 073b 00       		.sleb128 0
 1376 073c 01       		.byte	0x1
 1377 073d 91070000 		.4byte	0x791
 1378 0741 1C       		.uleb128 0x1c
 1379 0742 00000000 		.4byte	.LBB3
 1380 0746 06000000 		.4byte	.LBE3
 1381 074a 5E070000 		.4byte	0x75e
 1382 074e 17       		.uleb128 0x17
 1383 074f 746D7000 		.ascii	"tmp\000"
 1384 0753 01       		.byte	0x1
 1385 0754 96       		.byte	0x96
 1386 0755 70000000 		.4byte	0x70
 1387 0759 53000000 		.4byte	.LLST3
 1388 075d 00       		.byte	0
 1389 075e 1D       		.uleb128 0x1d
 1390 075f 00000000 		.4byte	.Ldebug_ranges0+0
 1391 0763 77070000 		.4byte	0x777
 1392 0767 15       		.uleb128 0x15
 1393 0768 5B020000 		.4byte	.LASF85
 1394 076c 01       		.byte	0x1
 1395 076d 98       		.byte	0x98
 1396 076e BF060000 		.4byte	0x6bf
 1397 0772 66000000 		.4byte	.LLST4
 1398 0776 00       		.byte	0
 1399 0777 16       		.uleb128 0x16
 1400 0778 4A000000 		.4byte	.LBB5
 1401 077c 50000000 		.4byte	.LBE5
 1402 0780 17       		.uleb128 0x17
 1403 0781 746D7000 		.ascii	"tmp\000"
 1404 0785 01       		.byte	0x1
 1405 0786 C5       		.byte	0xc5
 1406 0787 70000000 		.4byte	0x70
 1407 078b A0000000 		.4byte	.LLST5
 1408 078f 00       		.byte	0
 1409 0790 00       		.byte	0
 1410 0791 18       		.uleb128 0x18
 1411 0792 01       		.byte	0x1
 1412 0793 28000000 		.4byte	.LASF88
 1413 0797 01       		.byte	0x1
 1414 0798 2F       		.byte	0x2f
 1415 0799 01       		.byte	0x1
 1416 079a 00000000 		.4byte	.LFB7
 1417 079e 1A000000 		.4byte	.LFE7
ARM GAS  /var/folders/dt/0wfd0knj7gs46m8vwfzktm600000gn/T//ccuzbgbJ.s 			page 26


 1418 07a2 B3000000 		.4byte	.LLST6
 1419 07a6 01       		.byte	0x1
 1420 07a7 F9070000 		.4byte	0x7f9
 1421 07ab 1C       		.uleb128 0x1c
 1422 07ac 02000000 		.4byte	.LBB7
 1423 07b0 08000000 		.4byte	.LBE7
 1424 07b4 C8070000 		.4byte	0x7c8
 1425 07b8 17       		.uleb128 0x17
 1426 07b9 746D7000 		.ascii	"tmp\000"
 1427 07bd 01       		.byte	0x1
 1428 07be 33       		.byte	0x33
 1429 07bf 70000000 		.4byte	0x70
 1430 07c3 D3000000 		.4byte	.LLST7
 1431 07c7 00       		.byte	0
 1432 07c8 1C       		.uleb128 0x1c
 1433 07c9 0C000000 		.4byte	.LBB8
 1434 07cd 12000000 		.4byte	.LBE8
 1435 07d1 E5070000 		.4byte	0x7e5
 1436 07d5 17       		.uleb128 0x17
 1437 07d6 746D7000 		.ascii	"tmp\000"
 1438 07da 01       		.byte	0x1
 1439 07db 35       		.byte	0x35
 1440 07dc 70000000 		.4byte	0x70
 1441 07e0 E6000000 		.4byte	.LLST8
 1442 07e4 00       		.byte	0
 1443 07e5 14       		.uleb128 0x14
 1444 07e6 0C000000 		.4byte	.LVL19
 1445 07ea 93080000 		.4byte	0x893
 1446 07ee 1E       		.uleb128 0x1e
 1447 07ef 1A000000 		.4byte	.LVL22
 1448 07f3 01       		.byte	0x1
 1449 07f4 28070000 		.4byte	0x728
 1450 07f8 00       		.byte	0
 1451 07f9 13       		.uleb128 0x13
 1452 07fa 01       		.byte	0x1
 1453 07fb 62010000 		.4byte	.LASF89
 1454 07ff 01       		.byte	0x1
 1455 0800 EC       		.byte	0xec
 1456 0801 01       		.byte	0x1
 1457 0802 00000000 		.4byte	.LFB12
 1458 0806 10000000 		.4byte	.LFE12
 1459 080a 02       		.byte	0x2
 1460 080b 7D       		.byte	0x7d
 1461 080c 00       		.sleb128 0
 1462 080d 01       		.byte	0x1
 1463 080e 2D080000 		.4byte	0x82d
 1464 0812 1F       		.uleb128 0x1f
 1465 0813 6E747000 		.ascii	"ntp\000"
 1466 0817 01       		.byte	0x1
 1467 0818 EC       		.byte	0xec
 1468 0819 44020000 		.4byte	0x244
 1469 081d 01       		.byte	0x1
 1470 081e 50       		.byte	0x50
 1471 081f 1F       		.uleb128 0x1f
 1472 0820 6F747000 		.ascii	"otp\000"
 1473 0824 01       		.byte	0x1
 1474 0825 EC       		.byte	0xec
ARM GAS  /var/folders/dt/0wfd0knj7gs46m8vwfzktm600000gn/T//ccuzbgbJ.s 			page 27


 1475 0826 44020000 		.4byte	0x244
 1476 082a 01       		.byte	0x1
 1477 082b 51       		.byte	0x51
 1478 082c 00       		.byte	0
 1479 082d 20       		.uleb128 0x20
 1480 082e 01       		.byte	0x1
 1481 082f E7000000 		.4byte	.LASF90
 1482 0833 01       		.byte	0x1
 1483 0834 0301     		.2byte	0x103
 1484 0836 01       		.byte	0x1
 1485 0837 00000000 		.4byte	.LFB13
 1486 083b 10000000 		.4byte	.LFE13
 1487 083f 02       		.byte	0x2
 1488 0840 7D       		.byte	0x7d
 1489 0841 00       		.sleb128 0
 1490 0842 01       		.byte	0x1
 1491 0843 62080000 		.4byte	0x862
 1492 0847 16       		.uleb128 0x16
 1493 0848 00000000 		.4byte	.LBB9
 1494 084c 06000000 		.4byte	.LBE9
 1495 0850 21       		.uleb128 0x21
 1496 0851 746D7000 		.ascii	"tmp\000"
 1497 0855 01       		.byte	0x1
 1498 0856 0501     		.2byte	0x105
 1499 0858 70000000 		.4byte	0x70
 1500 085c F9000000 		.4byte	.LLST9
 1501 0860 00       		.byte	0
 1502 0861 00       		.byte	0
 1503 0862 22       		.uleb128 0x22
 1504 0863 9A030000 		.4byte	.LASF96
 1505 0867 08       		.byte	0x8
 1506 0868 6F       		.byte	0x6f
 1507 0869 BA050000 		.4byte	0x5ba
 1508 086d 01       		.byte	0x1
 1509 086e 01       		.byte	0x1
 1510 086f 23       		.uleb128 0x23
 1511 0870 01       		.byte	0x1
 1512 0871 35010000 		.4byte	.LASF91
 1513 0875 08       		.byte	0x8
 1514 0876 A8       		.byte	0xa8
 1515 0877 01       		.byte	0x1
 1516 0878 01       		.byte	0x1
 1517 0879 24       		.uleb128 0x24
 1518 087a 01       		.byte	0x1
 1519 087b 0F010000 		.4byte	.LASF97
 1520 087f 07       		.byte	0x7
 1521 0880 2501     		.2byte	0x125
 1522 0882 01       		.byte	0x1
 1523 0883 01       		.byte	0x1
 1524 0884 93080000 		.4byte	0x893
 1525 0888 25       		.uleb128 0x25
 1526 0889 70000000 		.4byte	0x70
 1527 088d 25       		.uleb128 0x25
 1528 088e 70000000 		.4byte	0x70
 1529 0892 00       		.byte	0
 1530 0893 23       		.uleb128 0x23
 1531 0894 01       		.byte	0x1
ARM GAS  /var/folders/dt/0wfd0knj7gs46m8vwfzktm600000gn/T//ccuzbgbJ.s 			page 28


 1532 0895 15000000 		.4byte	.LASF92
 1533 0899 0A       		.byte	0xa
 1534 089a F7       		.byte	0xf7
 1535 089b 01       		.byte	0x1
 1536 089c 01       		.byte	0x1
 1537 089d 00       		.byte	0
 1538              		.section	.debug_abbrev,"",%progbits
 1539              	.Ldebug_abbrev0:
 1540 0000 01       		.uleb128 0x1
 1541 0001 11       		.uleb128 0x11
 1542 0002 01       		.byte	0x1
 1543 0003 25       		.uleb128 0x25
 1544 0004 0E       		.uleb128 0xe
 1545 0005 13       		.uleb128 0x13
 1546 0006 0B       		.uleb128 0xb
 1547 0007 03       		.uleb128 0x3
 1548 0008 0E       		.uleb128 0xe
 1549 0009 1B       		.uleb128 0x1b
 1550 000a 0E       		.uleb128 0xe
 1551 000b 55       		.uleb128 0x55
 1552 000c 06       		.uleb128 0x6
 1553 000d 11       		.uleb128 0x11
 1554 000e 01       		.uleb128 0x1
 1555 000f 52       		.uleb128 0x52
 1556 0010 01       		.uleb128 0x1
 1557 0011 10       		.uleb128 0x10
 1558 0012 06       		.uleb128 0x6
 1559 0013 00       		.byte	0
 1560 0014 00       		.byte	0
 1561 0015 02       		.uleb128 0x2
 1562 0016 24       		.uleb128 0x24
 1563 0017 00       		.byte	0
 1564 0018 0B       		.uleb128 0xb
 1565 0019 0B       		.uleb128 0xb
 1566 001a 3E       		.uleb128 0x3e
 1567 001b 0B       		.uleb128 0xb
 1568 001c 03       		.uleb128 0x3
 1569 001d 08       		.uleb128 0x8
 1570 001e 00       		.byte	0
 1571 001f 00       		.byte	0
 1572 0020 03       		.uleb128 0x3
 1573 0021 24       		.uleb128 0x24
 1574 0022 00       		.byte	0
 1575 0023 0B       		.uleb128 0xb
 1576 0024 0B       		.uleb128 0xb
 1577 0025 3E       		.uleb128 0x3e
 1578 0026 0B       		.uleb128 0xb
 1579 0027 03       		.uleb128 0x3
 1580 0028 0E       		.uleb128 0xe
 1581 0029 00       		.byte	0
 1582 002a 00       		.byte	0
 1583 002b 04       		.uleb128 0x4
 1584 002c 16       		.uleb128 0x16
 1585 002d 00       		.byte	0
 1586 002e 03       		.uleb128 0x3
 1587 002f 0E       		.uleb128 0xe
 1588 0030 3A       		.uleb128 0x3a
ARM GAS  /var/folders/dt/0wfd0knj7gs46m8vwfzktm600000gn/T//ccuzbgbJ.s 			page 29


 1589 0031 0B       		.uleb128 0xb
 1590 0032 3B       		.uleb128 0x3b
 1591 0033 0B       		.uleb128 0xb
 1592 0034 49       		.uleb128 0x49
 1593 0035 13       		.uleb128 0x13
 1594 0036 00       		.byte	0
 1595 0037 00       		.byte	0
 1596 0038 05       		.uleb128 0x5
 1597 0039 13       		.uleb128 0x13
 1598 003a 01       		.byte	0x1
 1599 003b 03       		.uleb128 0x3
 1600 003c 0E       		.uleb128 0xe
 1601 003d 0B       		.uleb128 0xb
 1602 003e 0B       		.uleb128 0xb
 1603 003f 3A       		.uleb128 0x3a
 1604 0040 0B       		.uleb128 0xb
 1605 0041 3B       		.uleb128 0x3b
 1606 0042 0B       		.uleb128 0xb
 1607 0043 01       		.uleb128 0x1
 1608 0044 13       		.uleb128 0x13
 1609 0045 00       		.byte	0
 1610 0046 00       		.byte	0
 1611 0047 06       		.uleb128 0x6
 1612 0048 0D       		.uleb128 0xd
 1613 0049 00       		.byte	0
 1614 004a 03       		.uleb128 0x3
 1615 004b 0E       		.uleb128 0xe
 1616 004c 3A       		.uleb128 0x3a
 1617 004d 0B       		.uleb128 0xb
 1618 004e 3B       		.uleb128 0x3b
 1619 004f 0B       		.uleb128 0xb
 1620 0050 49       		.uleb128 0x49
 1621 0051 13       		.uleb128 0x13
 1622 0052 38       		.uleb128 0x38
 1623 0053 0A       		.uleb128 0xa
 1624 0054 00       		.byte	0
 1625 0055 00       		.byte	0
 1626 0056 07       		.uleb128 0x7
 1627 0057 0D       		.uleb128 0xd
 1628 0058 00       		.byte	0
 1629 0059 03       		.uleb128 0x3
 1630 005a 08       		.uleb128 0x8
 1631 005b 3A       		.uleb128 0x3a
 1632 005c 0B       		.uleb128 0xb
 1633 005d 3B       		.uleb128 0x3b
 1634 005e 0B       		.uleb128 0xb
 1635 005f 49       		.uleb128 0x49
 1636 0060 13       		.uleb128 0x13
 1637 0061 38       		.uleb128 0x38
 1638 0062 0A       		.uleb128 0xa
 1639 0063 00       		.byte	0
 1640 0064 00       		.byte	0
 1641 0065 08       		.uleb128 0x8
 1642 0066 13       		.uleb128 0x13
 1643 0067 01       		.byte	0x1
 1644 0068 0B       		.uleb128 0xb
 1645 0069 0B       		.uleb128 0xb
ARM GAS  /var/folders/dt/0wfd0knj7gs46m8vwfzktm600000gn/T//ccuzbgbJ.s 			page 30


 1646 006a 3A       		.uleb128 0x3a
 1647 006b 0B       		.uleb128 0xb
 1648 006c 3B       		.uleb128 0x3b
 1649 006d 0B       		.uleb128 0xb
 1650 006e 01       		.uleb128 0x1
 1651 006f 13       		.uleb128 0x13
 1652 0070 00       		.byte	0
 1653 0071 00       		.byte	0
 1654 0072 09       		.uleb128 0x9
 1655 0073 0F       		.uleb128 0xf
 1656 0074 00       		.byte	0
 1657 0075 0B       		.uleb128 0xb
 1658 0076 0B       		.uleb128 0xb
 1659 0077 49       		.uleb128 0x49
 1660 0078 13       		.uleb128 0x13
 1661 0079 00       		.byte	0
 1662 007a 00       		.byte	0
 1663 007b 0A       		.uleb128 0xa
 1664 007c 0F       		.uleb128 0xf
 1665 007d 00       		.byte	0
 1666 007e 0B       		.uleb128 0xb
 1667 007f 0B       		.uleb128 0xb
 1668 0080 00       		.byte	0
 1669 0081 00       		.byte	0
 1670 0082 0B       		.uleb128 0xb
 1671 0083 13       		.uleb128 0x13
 1672 0084 01       		.byte	0x1
 1673 0085 03       		.uleb128 0x3
 1674 0086 0E       		.uleb128 0xe
 1675 0087 0B       		.uleb128 0xb
 1676 0088 0B       		.uleb128 0xb
 1677 0089 3A       		.uleb128 0x3a
 1678 008a 0B       		.uleb128 0xb
 1679 008b 3B       		.uleb128 0x3b
 1680 008c 05       		.uleb128 0x5
 1681 008d 01       		.uleb128 0x1
 1682 008e 13       		.uleb128 0x13
 1683 008f 00       		.byte	0
 1684 0090 00       		.byte	0
 1685 0091 0C       		.uleb128 0xc
 1686 0092 0D       		.uleb128 0xd
 1687 0093 00       		.byte	0
 1688 0094 03       		.uleb128 0x3
 1689 0095 08       		.uleb128 0x8
 1690 0096 3A       		.uleb128 0x3a
 1691 0097 0B       		.uleb128 0xb
 1692 0098 3B       		.uleb128 0x3b
 1693 0099 05       		.uleb128 0x5
 1694 009a 49       		.uleb128 0x49
 1695 009b 13       		.uleb128 0x13
 1696 009c 38       		.uleb128 0x38
 1697 009d 0A       		.uleb128 0xa
 1698 009e 00       		.byte	0
 1699 009f 00       		.byte	0
 1700 00a0 0D       		.uleb128 0xd
 1701 00a1 35       		.uleb128 0x35
 1702 00a2 00       		.byte	0
ARM GAS  /var/folders/dt/0wfd0knj7gs46m8vwfzktm600000gn/T//ccuzbgbJ.s 			page 31


 1703 00a3 49       		.uleb128 0x49
 1704 00a4 13       		.uleb128 0x13
 1705 00a5 00       		.byte	0
 1706 00a6 00       		.byte	0
 1707 00a7 0E       		.uleb128 0xe
 1708 00a8 01       		.uleb128 0x1
 1709 00a9 01       		.byte	0x1
 1710 00aa 49       		.uleb128 0x49
 1711 00ab 13       		.uleb128 0x13
 1712 00ac 01       		.uleb128 0x1
 1713 00ad 13       		.uleb128 0x13
 1714 00ae 00       		.byte	0
 1715 00af 00       		.byte	0
 1716 00b0 0F       		.uleb128 0xf
 1717 00b1 21       		.uleb128 0x21
 1718 00b2 00       		.byte	0
 1719 00b3 49       		.uleb128 0x49
 1720 00b4 13       		.uleb128 0x13
 1721 00b5 2F       		.uleb128 0x2f
 1722 00b6 0B       		.uleb128 0xb
 1723 00b7 00       		.byte	0
 1724 00b8 00       		.byte	0
 1725 00b9 10       		.uleb128 0x10
 1726 00ba 17       		.uleb128 0x17
 1727 00bb 01       		.byte	0x1
 1728 00bc 0B       		.uleb128 0xb
 1729 00bd 0B       		.uleb128 0xb
 1730 00be 3A       		.uleb128 0x3a
 1731 00bf 0B       		.uleb128 0xb
 1732 00c0 3B       		.uleb128 0x3b
 1733 00c1 0B       		.uleb128 0xb
 1734 00c2 01       		.uleb128 0x1
 1735 00c3 13       		.uleb128 0x13
 1736 00c4 00       		.byte	0
 1737 00c5 00       		.byte	0
 1738 00c6 11       		.uleb128 0x11
 1739 00c7 0D       		.uleb128 0xd
 1740 00c8 00       		.byte	0
 1741 00c9 03       		.uleb128 0x3
 1742 00ca 0E       		.uleb128 0xe
 1743 00cb 3A       		.uleb128 0x3a
 1744 00cc 0B       		.uleb128 0xb
 1745 00cd 3B       		.uleb128 0x3b
 1746 00ce 0B       		.uleb128 0xb
 1747 00cf 49       		.uleb128 0x49
 1748 00d0 13       		.uleb128 0x13
 1749 00d1 00       		.byte	0
 1750 00d2 00       		.byte	0
 1751 00d3 12       		.uleb128 0x12
 1752 00d4 26       		.uleb128 0x26
 1753 00d5 00       		.byte	0
 1754 00d6 49       		.uleb128 0x49
 1755 00d7 13       		.uleb128 0x13
 1756 00d8 00       		.byte	0
 1757 00d9 00       		.byte	0
 1758 00da 13       		.uleb128 0x13
 1759 00db 2E       		.uleb128 0x2e
ARM GAS  /var/folders/dt/0wfd0knj7gs46m8vwfzktm600000gn/T//ccuzbgbJ.s 			page 32


 1760 00dc 01       		.byte	0x1
 1761 00dd 3F       		.uleb128 0x3f
 1762 00de 0C       		.uleb128 0xc
 1763 00df 03       		.uleb128 0x3
 1764 00e0 0E       		.uleb128 0xe
 1765 00e1 3A       		.uleb128 0x3a
 1766 00e2 0B       		.uleb128 0xb
 1767 00e3 3B       		.uleb128 0x3b
 1768 00e4 0B       		.uleb128 0xb
 1769 00e5 27       		.uleb128 0x27
 1770 00e6 0C       		.uleb128 0xc
 1771 00e7 11       		.uleb128 0x11
 1772 00e8 01       		.uleb128 0x1
 1773 00e9 12       		.uleb128 0x12
 1774 00ea 01       		.uleb128 0x1
 1775 00eb 40       		.uleb128 0x40
 1776 00ec 0A       		.uleb128 0xa
 1777 00ed 9742     		.uleb128 0x2117
 1778 00ef 0C       		.uleb128 0xc
 1779 00f0 01       		.uleb128 0x1
 1780 00f1 13       		.uleb128 0x13
 1781 00f2 00       		.byte	0
 1782 00f3 00       		.byte	0
 1783 00f4 14       		.uleb128 0x14
 1784 00f5 898201   		.uleb128 0x4109
 1785 00f8 00       		.byte	0
 1786 00f9 11       		.uleb128 0x11
 1787 00fa 01       		.uleb128 0x1
 1788 00fb 31       		.uleb128 0x31
 1789 00fc 13       		.uleb128 0x13
 1790 00fd 00       		.byte	0
 1791 00fe 00       		.byte	0
 1792 00ff 15       		.uleb128 0x15
 1793 0100 34       		.uleb128 0x34
 1794 0101 00       		.byte	0
 1795 0102 03       		.uleb128 0x3
 1796 0103 0E       		.uleb128 0xe
 1797 0104 3A       		.uleb128 0x3a
 1798 0105 0B       		.uleb128 0xb
 1799 0106 3B       		.uleb128 0x3b
 1800 0107 0B       		.uleb128 0xb
 1801 0108 49       		.uleb128 0x49
 1802 0109 13       		.uleb128 0x13
 1803 010a 02       		.uleb128 0x2
 1804 010b 06       		.uleb128 0x6
 1805 010c 00       		.byte	0
 1806 010d 00       		.byte	0
 1807 010e 16       		.uleb128 0x16
 1808 010f 0B       		.uleb128 0xb
 1809 0110 01       		.byte	0x1
 1810 0111 11       		.uleb128 0x11
 1811 0112 01       		.uleb128 0x1
 1812 0113 12       		.uleb128 0x12
 1813 0114 01       		.uleb128 0x1
 1814 0115 00       		.byte	0
 1815 0116 00       		.byte	0
 1816 0117 17       		.uleb128 0x17
ARM GAS  /var/folders/dt/0wfd0knj7gs46m8vwfzktm600000gn/T//ccuzbgbJ.s 			page 33


 1817 0118 34       		.uleb128 0x34
 1818 0119 00       		.byte	0
 1819 011a 03       		.uleb128 0x3
 1820 011b 08       		.uleb128 0x8
 1821 011c 3A       		.uleb128 0x3a
 1822 011d 0B       		.uleb128 0xb
 1823 011e 3B       		.uleb128 0x3b
 1824 011f 0B       		.uleb128 0xb
 1825 0120 49       		.uleb128 0x49
 1826 0121 13       		.uleb128 0x13
 1827 0122 02       		.uleb128 0x2
 1828 0123 06       		.uleb128 0x6
 1829 0124 00       		.byte	0
 1830 0125 00       		.byte	0
 1831 0126 18       		.uleb128 0x18
 1832 0127 2E       		.uleb128 0x2e
 1833 0128 01       		.byte	0x1
 1834 0129 3F       		.uleb128 0x3f
 1835 012a 0C       		.uleb128 0xc
 1836 012b 03       		.uleb128 0x3
 1837 012c 0E       		.uleb128 0xe
 1838 012d 3A       		.uleb128 0x3a
 1839 012e 0B       		.uleb128 0xb
 1840 012f 3B       		.uleb128 0x3b
 1841 0130 0B       		.uleb128 0xb
 1842 0131 27       		.uleb128 0x27
 1843 0132 0C       		.uleb128 0xc
 1844 0133 11       		.uleb128 0x11
 1845 0134 01       		.uleb128 0x1
 1846 0135 12       		.uleb128 0x12
 1847 0136 01       		.uleb128 0x1
 1848 0137 40       		.uleb128 0x40
 1849 0138 06       		.uleb128 0x6
 1850 0139 9742     		.uleb128 0x2117
 1851 013b 0C       		.uleb128 0xc
 1852 013c 01       		.uleb128 0x1
 1853 013d 13       		.uleb128 0x13
 1854 013e 00       		.byte	0
 1855 013f 00       		.byte	0
 1856 0140 19       		.uleb128 0x19
 1857 0141 898201   		.uleb128 0x4109
 1858 0144 01       		.byte	0x1
 1859 0145 11       		.uleb128 0x11
 1860 0146 01       		.uleb128 0x1
 1861 0147 31       		.uleb128 0x31
 1862 0148 13       		.uleb128 0x13
 1863 0149 01       		.uleb128 0x1
 1864 014a 13       		.uleb128 0x13
 1865 014b 00       		.byte	0
 1866 014c 00       		.byte	0
 1867 014d 1A       		.uleb128 0x1a
 1868 014e 8A8201   		.uleb128 0x410a
 1869 0151 00       		.byte	0
 1870 0152 02       		.uleb128 0x2
 1871 0153 0A       		.uleb128 0xa
 1872 0154 9142     		.uleb128 0x2111
 1873 0156 0A       		.uleb128 0xa
ARM GAS  /var/folders/dt/0wfd0knj7gs46m8vwfzktm600000gn/T//ccuzbgbJ.s 			page 34


 1874 0157 00       		.byte	0
 1875 0158 00       		.byte	0
 1876 0159 1B       		.uleb128 0x1b
 1877 015a 898201   		.uleb128 0x4109
 1878 015d 01       		.byte	0x1
 1879 015e 11       		.uleb128 0x11
 1880 015f 01       		.uleb128 0x1
 1881 0160 9542     		.uleb128 0x2115
 1882 0162 0C       		.uleb128 0xc
 1883 0163 31       		.uleb128 0x31
 1884 0164 13       		.uleb128 0x13
 1885 0165 00       		.byte	0
 1886 0166 00       		.byte	0
 1887 0167 1C       		.uleb128 0x1c
 1888 0168 0B       		.uleb128 0xb
 1889 0169 01       		.byte	0x1
 1890 016a 11       		.uleb128 0x11
 1891 016b 01       		.uleb128 0x1
 1892 016c 12       		.uleb128 0x12
 1893 016d 01       		.uleb128 0x1
 1894 016e 01       		.uleb128 0x1
 1895 016f 13       		.uleb128 0x13
 1896 0170 00       		.byte	0
 1897 0171 00       		.byte	0
 1898 0172 1D       		.uleb128 0x1d
 1899 0173 0B       		.uleb128 0xb
 1900 0174 01       		.byte	0x1
 1901 0175 55       		.uleb128 0x55
 1902 0176 06       		.uleb128 0x6
 1903 0177 01       		.uleb128 0x1
 1904 0178 13       		.uleb128 0x13
 1905 0179 00       		.byte	0
 1906 017a 00       		.byte	0
 1907 017b 1E       		.uleb128 0x1e
 1908 017c 898201   		.uleb128 0x4109
 1909 017f 00       		.byte	0
 1910 0180 11       		.uleb128 0x11
 1911 0181 01       		.uleb128 0x1
 1912 0182 9542     		.uleb128 0x2115
 1913 0184 0C       		.uleb128 0xc
 1914 0185 31       		.uleb128 0x31
 1915 0186 13       		.uleb128 0x13
 1916 0187 00       		.byte	0
 1917 0188 00       		.byte	0
 1918 0189 1F       		.uleb128 0x1f
 1919 018a 05       		.uleb128 0x5
 1920 018b 00       		.byte	0
 1921 018c 03       		.uleb128 0x3
 1922 018d 08       		.uleb128 0x8
 1923 018e 3A       		.uleb128 0x3a
 1924 018f 0B       		.uleb128 0xb
 1925 0190 3B       		.uleb128 0x3b
 1926 0191 0B       		.uleb128 0xb
 1927 0192 49       		.uleb128 0x49
 1928 0193 13       		.uleb128 0x13
 1929 0194 02       		.uleb128 0x2
 1930 0195 0A       		.uleb128 0xa
ARM GAS  /var/folders/dt/0wfd0knj7gs46m8vwfzktm600000gn/T//ccuzbgbJ.s 			page 35


 1931 0196 00       		.byte	0
 1932 0197 00       		.byte	0
 1933 0198 20       		.uleb128 0x20
 1934 0199 2E       		.uleb128 0x2e
 1935 019a 01       		.byte	0x1
 1936 019b 3F       		.uleb128 0x3f
 1937 019c 0C       		.uleb128 0xc
 1938 019d 03       		.uleb128 0x3
 1939 019e 0E       		.uleb128 0xe
 1940 019f 3A       		.uleb128 0x3a
 1941 01a0 0B       		.uleb128 0xb
 1942 01a1 3B       		.uleb128 0x3b
 1943 01a2 05       		.uleb128 0x5
 1944 01a3 27       		.uleb128 0x27
 1945 01a4 0C       		.uleb128 0xc
 1946 01a5 11       		.uleb128 0x11
 1947 01a6 01       		.uleb128 0x1
 1948 01a7 12       		.uleb128 0x12
 1949 01a8 01       		.uleb128 0x1
 1950 01a9 40       		.uleb128 0x40
 1951 01aa 0A       		.uleb128 0xa
 1952 01ab 9742     		.uleb128 0x2117
 1953 01ad 0C       		.uleb128 0xc
 1954 01ae 01       		.uleb128 0x1
 1955 01af 13       		.uleb128 0x13
 1956 01b0 00       		.byte	0
 1957 01b1 00       		.byte	0
 1958 01b2 21       		.uleb128 0x21
 1959 01b3 34       		.uleb128 0x34
 1960 01b4 00       		.byte	0
 1961 01b5 03       		.uleb128 0x3
 1962 01b6 08       		.uleb128 0x8
 1963 01b7 3A       		.uleb128 0x3a
 1964 01b8 0B       		.uleb128 0xb
 1965 01b9 3B       		.uleb128 0x3b
 1966 01ba 05       		.uleb128 0x5
 1967 01bb 49       		.uleb128 0x49
 1968 01bc 13       		.uleb128 0x13
 1969 01bd 02       		.uleb128 0x2
 1970 01be 06       		.uleb128 0x6
 1971 01bf 00       		.byte	0
 1972 01c0 00       		.byte	0
 1973 01c1 22       		.uleb128 0x22
 1974 01c2 34       		.uleb128 0x34
 1975 01c3 00       		.byte	0
 1976 01c4 03       		.uleb128 0x3
 1977 01c5 0E       		.uleb128 0xe
 1978 01c6 3A       		.uleb128 0x3a
 1979 01c7 0B       		.uleb128 0xb
 1980 01c8 3B       		.uleb128 0x3b
 1981 01c9 0B       		.uleb128 0xb
 1982 01ca 49       		.uleb128 0x49
 1983 01cb 13       		.uleb128 0x13
 1984 01cc 3F       		.uleb128 0x3f
 1985 01cd 0C       		.uleb128 0xc
 1986 01ce 3C       		.uleb128 0x3c
 1987 01cf 0C       		.uleb128 0xc
ARM GAS  /var/folders/dt/0wfd0knj7gs46m8vwfzktm600000gn/T//ccuzbgbJ.s 			page 36


 1988 01d0 00       		.byte	0
 1989 01d1 00       		.byte	0
 1990 01d2 23       		.uleb128 0x23
 1991 01d3 2E       		.uleb128 0x2e
 1992 01d4 00       		.byte	0
 1993 01d5 3F       		.uleb128 0x3f
 1994 01d6 0C       		.uleb128 0xc
 1995 01d7 03       		.uleb128 0x3
 1996 01d8 0E       		.uleb128 0xe
 1997 01d9 3A       		.uleb128 0x3a
 1998 01da 0B       		.uleb128 0xb
 1999 01db 3B       		.uleb128 0x3b
 2000 01dc 0B       		.uleb128 0xb
 2001 01dd 27       		.uleb128 0x27
 2002 01de 0C       		.uleb128 0xc
 2003 01df 3C       		.uleb128 0x3c
 2004 01e0 0C       		.uleb128 0xc
 2005 01e1 00       		.byte	0
 2006 01e2 00       		.byte	0
 2007 01e3 24       		.uleb128 0x24
 2008 01e4 2E       		.uleb128 0x2e
 2009 01e5 01       		.byte	0x1
 2010 01e6 3F       		.uleb128 0x3f
 2011 01e7 0C       		.uleb128 0xc
 2012 01e8 03       		.uleb128 0x3
 2013 01e9 0E       		.uleb128 0xe
 2014 01ea 3A       		.uleb128 0x3a
 2015 01eb 0B       		.uleb128 0xb
 2016 01ec 3B       		.uleb128 0x3b
 2017 01ed 05       		.uleb128 0x5
 2018 01ee 27       		.uleb128 0x27
 2019 01ef 0C       		.uleb128 0xc
 2020 01f0 3C       		.uleb128 0x3c
 2021 01f1 0C       		.uleb128 0xc
 2022 01f2 01       		.uleb128 0x1
 2023 01f3 13       		.uleb128 0x13
 2024 01f4 00       		.byte	0
 2025 01f5 00       		.byte	0
 2026 01f6 25       		.uleb128 0x25
 2027 01f7 05       		.uleb128 0x5
 2028 01f8 00       		.byte	0
 2029 01f9 49       		.uleb128 0x49
 2030 01fa 13       		.uleb128 0x13
 2031 01fb 00       		.byte	0
 2032 01fc 00       		.byte	0
 2033 01fd 00       		.byte	0
 2034              		.section	.debug_loc,"",%progbits
 2035              	.Ldebug_loc0:
 2036              	.LLST0:
 2037 0000 04000000 		.4byte	.LVL1
 2038 0004 06000000 		.4byte	.LVL2
 2039 0008 0300     		.2byte	0x3
 2040 000a 73       		.byte	0x73
 2041 000b 20       		.sleb128 32
 2042 000c 9F       		.byte	0x9f
 2043 000d 06000000 		.4byte	.LVL2
 2044 0011 0C000000 		.4byte	.LVL3
ARM GAS  /var/folders/dt/0wfd0knj7gs46m8vwfzktm600000gn/T//ccuzbgbJ.s 			page 37


 2045 0015 0100     		.2byte	0x1
 2046 0017 53       		.byte	0x53
 2047 0018 00000000 		.4byte	0
 2048 001c 00000000 		.4byte	0
 2049              	.LLST1:
 2050 0020 10000000 		.4byte	.LVL4
 2051 0024 12000000 		.4byte	.LFE8
 2052 0028 0100     		.2byte	0x1
 2053 002a 53       		.byte	0x53
 2054 002b 00000000 		.4byte	0
 2055 002f 00000000 		.4byte	0
 2056              	.LLST2:
 2057 0033 00000000 		.4byte	.LFB9
 2058 0037 02000000 		.4byte	.LCFI0
 2059 003b 0200     		.2byte	0x2
 2060 003d 7D       		.byte	0x7d
 2061 003e 00       		.sleb128 0
 2062 003f 02000000 		.4byte	.LCFI0
 2063 0043 36000000 		.4byte	.LFE9
 2064 0047 0200     		.2byte	0x2
 2065 0049 7D       		.byte	0x7d
 2066 004a 08       		.sleb128 8
 2067 004b 00000000 		.4byte	0
 2068 004f 00000000 		.4byte	0
 2069              	.LLST3:
 2070 0053 06000000 		.4byte	.LVL9
 2071 0057 0A000000 		.4byte	.LVL10
 2072 005b 0100     		.2byte	0x1
 2073 005d 53       		.byte	0x53
 2074 005e 00000000 		.4byte	0
 2075 0062 00000000 		.4byte	0
 2076              	.LLST4:
 2077 0066 1A000000 		.4byte	.LVL11
 2078 006a 1E000000 		.4byte	.LVL12
 2079 006e 0300     		.2byte	0x3
 2080 0070 73       		.byte	0x73
 2081 0071 60       		.sleb128 -32
 2082 0072 9F       		.byte	0x9f
 2083 0073 1E000000 		.4byte	.LVL12
 2084 0077 2A000000 		.4byte	.LVL13
 2085 007b 0100     		.2byte	0x1
 2086 007d 52       		.byte	0x52
 2087 007e 2A000000 		.4byte	.LVL13
 2088 0082 4A000000 		.4byte	.LVL14
 2089 0086 0300     		.2byte	0x3
 2090 0088 73       		.byte	0x73
 2091 0089 60       		.sleb128 -32
 2092 008a 9F       		.byte	0x9f
 2093 008b 50000000 		.4byte	.LVL16
 2094 008f 70000000 		.4byte	.LFE10
 2095 0093 0300     		.2byte	0x3
 2096 0095 73       		.byte	0x73
 2097 0096 60       		.sleb128 -32
 2098 0097 9F       		.byte	0x9f
 2099 0098 00000000 		.4byte	0
 2100 009c 00000000 		.4byte	0
 2101              	.LLST5:
ARM GAS  /var/folders/dt/0wfd0knj7gs46m8vwfzktm600000gn/T//ccuzbgbJ.s 			page 38


 2102 00a0 4E000000 		.4byte	.LVL15
 2103 00a4 50000000 		.4byte	.LVL16
 2104 00a8 0100     		.2byte	0x1
 2105 00aa 53       		.byte	0x53
 2106 00ab 00000000 		.4byte	0
 2107 00af 00000000 		.4byte	0
 2108              	.LLST6:
 2109 00b3 00000000 		.4byte	.LFB7
 2110 00b7 02000000 		.4byte	.LCFI1
 2111 00bb 0200     		.2byte	0x2
 2112 00bd 7D       		.byte	0x7d
 2113 00be 00       		.sleb128 0
 2114 00bf 02000000 		.4byte	.LCFI1
 2115 00c3 1A000000 		.4byte	.LFE7
 2116 00c7 0200     		.2byte	0x2
 2117 00c9 7D       		.byte	0x7d
 2118 00ca 08       		.sleb128 8
 2119 00cb 00000000 		.4byte	0
 2120 00cf 00000000 		.4byte	0
 2121              	.LLST7:
 2122 00d3 08000000 		.4byte	.LVL18
 2123 00d7 0B000000 		.4byte	.LVL19-1
 2124 00db 0100     		.2byte	0x1
 2125 00dd 53       		.byte	0x53
 2126 00de 00000000 		.4byte	0
 2127 00e2 00000000 		.4byte	0
 2128              	.LLST8:
 2129 00e6 12000000 		.4byte	.LVL21
 2130 00ea 19000000 		.4byte	.LVL22-1
 2131 00ee 0100     		.2byte	0x1
 2132 00f0 53       		.byte	0x53
 2133 00f1 00000000 		.4byte	0
 2134 00f5 00000000 		.4byte	0
 2135              	.LLST9:
 2136 00f9 06000000 		.4byte	.LVL25
 2137 00fd 10000000 		.4byte	.LFE13
 2138 0101 0100     		.2byte	0x1
 2139 0103 53       		.byte	0x53
 2140 0104 00000000 		.4byte	0
 2141 0108 00000000 		.4byte	0
 2142              		.section	.debug_aranges,"",%progbits
 2143 0000 4C000000 		.4byte	0x4c
 2144 0004 0200     		.2byte	0x2
 2145 0006 00000000 		.4byte	.Ldebug_info0
 2146 000a 04       		.byte	0x4
 2147 000b 00       		.byte	0
 2148 000c 0000     		.2byte	0
 2149 000e 0000     		.2byte	0
 2150 0010 00000000 		.4byte	.LFB11
 2151 0014 06000000 		.4byte	.LFE11-.LFB11
 2152 0018 00000000 		.4byte	.LFB8
 2153 001c 12000000 		.4byte	.LFE8-.LFB8
 2154 0020 00000000 		.4byte	.LFB9
 2155 0024 36000000 		.4byte	.LFE9-.LFB9
 2156 0028 00000000 		.4byte	.LFB10
 2157 002c 70000000 		.4byte	.LFE10-.LFB10
 2158 0030 00000000 		.4byte	.LFB7
ARM GAS  /var/folders/dt/0wfd0knj7gs46m8vwfzktm600000gn/T//ccuzbgbJ.s 			page 39


 2159 0034 1A000000 		.4byte	.LFE7-.LFB7
 2160 0038 00000000 		.4byte	.LFB12
 2161 003c 10000000 		.4byte	.LFE12-.LFB12
 2162 0040 00000000 		.4byte	.LFB13
 2163 0044 10000000 		.4byte	.LFE13-.LFB13
 2164 0048 00000000 		.4byte	0
 2165 004c 00000000 		.4byte	0
 2166              		.section	.debug_ranges,"",%progbits
 2167              	.Ldebug_ranges0:
 2168 0000 16000000 		.4byte	.LBB4
 2169 0004 4A000000 		.4byte	.LBE4
 2170 0008 50000000 		.4byte	.LBB6
 2171 000c 70000000 		.4byte	.LBE6
 2172 0010 00000000 		.4byte	0
 2173 0014 00000000 		.4byte	0
 2174 0018 00000000 		.4byte	.LFB11
 2175 001c 06000000 		.4byte	.LFE11
 2176 0020 00000000 		.4byte	.LFB8
 2177 0024 12000000 		.4byte	.LFE8
 2178 0028 00000000 		.4byte	.LFB9
 2179 002c 36000000 		.4byte	.LFE9
 2180 0030 00000000 		.4byte	.LFB10
 2181 0034 70000000 		.4byte	.LFE10
 2182 0038 00000000 		.4byte	.LFB7
 2183 003c 1A000000 		.4byte	.LFE7
 2184 0040 00000000 		.4byte	.LFB12
 2185 0044 10000000 		.4byte	.LFE12
 2186 0048 00000000 		.4byte	.LFB13
 2187 004c 10000000 		.4byte	.LFE13
 2188 0050 00000000 		.4byte	0
 2189 0054 00000000 		.4byte	0
 2190              		.section	.debug_line,"",%progbits
 2191              	.Ldebug_line0:
 2192 0000 0B020000 		.section	.debug_str,"MS",%progbits,1
 2192      02005601 
 2192      00000201 
 2192      FB0E0D00 
 2192      01010101 
 2193              	.LASF36:
 2194 0000 705F6D73 		.ascii	"p_msg\000"
 2194      6700
 2195              	.LASF78:
 2196 0006 7264796D 		.ascii	"rdymsg\000"
 2196      736700
 2197              	.LASF66:
 2198 000d 434D785F 		.ascii	"CMx_SCB\000"
 2198      53434200 
 2199              	.LASF92:
 2200 0015 63685379 		.ascii	"chSysTimerHandlerI\000"
 2200      7354696D 
 2200      65724861 
 2200      6E646C65 
 2200      724900
 2201              	.LASF88:
 2202 0028 53797354 		.ascii	"SysTickVector\000"
 2202      69636B56 
 2202      6563746F 
ARM GAS  /var/folders/dt/0wfd0knj7gs46m8vwfzktm600000gn/T//ccuzbgbJ.s 			page 40


 2202      7200
 2203              	.LASF11:
 2204 0036 6C6F6E67 		.ascii	"long long unsigned int\000"
 2204      206C6F6E 
 2204      6720756E 
 2204      7369676E 
 2204      65642069 
 2205              	.LASF79:
 2206 004d 65786974 		.ascii	"exitcode\000"
 2206      636F6465 
 2206      00
 2207              	.LASF51:
 2208 0056 43505549 		.ascii	"CPUID\000"
 2208      4400
 2209              	.LASF24:
 2210 005c 705F7072 		.ascii	"p_prio\000"
 2210      696F00
 2211              	.LASF10:
 2212 0063 6C6F6E67 		.ascii	"long long int\000"
 2212      206C6F6E 
 2212      6720696E 
 2212      7400
 2213              	.LASF1:
 2214 0071 7369676E 		.ascii	"signed char\000"
 2214      65642063 
 2214      68617200 
 2215              	.LASF40:
 2216 007d 705F6D70 		.ascii	"p_mpool\000"
 2216      6F6F6C00 
 2217              	.LASF75:
 2218 0085 6D5F7175 		.ascii	"m_queue\000"
 2218      65756500 
 2219              	.LASF16:
 2220 008d 74736C69 		.ascii	"tslices_t\000"
 2220      6365735F 
 2220      7400
 2221              	.LASF7:
 2222 0097 6C6F6E67 		.ascii	"long int\000"
 2222      20696E74 
 2222      00
 2223              	.LASF95:
 2224 00a0 2F557365 		.ascii	"/Users/toxygen/dev/chibi/ChibiOS_2.6.1/demos/ARMCM3"
 2224      72732F74 
 2224      6F787967 
 2224      656E2F64 
 2224      65762F63 
 2225 00d3 2D53544D 		.ascii	"-STM32F107\000"
 2225      33324631 
 2225      303700
 2226              	.LASF14:
 2227 00de 74737461 		.ascii	"tstate_t\000"
 2227      74655F74 
 2227      00
 2228              	.LASF90:
 2229 00e7 5F706F72 		.ascii	"_port_thread_start\000"
 2229      745F7468 
 2229      72656164 
ARM GAS  /var/folders/dt/0wfd0knj7gs46m8vwfzktm600000gn/T//ccuzbgbJ.s 			page 41


 2229      5F737461 
 2229      727400
 2230              	.LASF26:
 2231 00fa 705F6E65 		.ascii	"p_newer\000"
 2231      77657200 
 2232              	.LASF61:
 2233 0102 42464152 		.ascii	"BFAR\000"
 2233      00
 2234              	.LASF70:
 2235 0107 725F6E65 		.ascii	"r_newer\000"
 2235      77657200 
 2236              	.LASF97:
 2237 010f 6E766963 		.ascii	"nvicSetSystemHandlerPriority\000"
 2237      53657453 
 2237      79737465 
 2237      6D48616E 
 2237      646C6572 
 2238              	.LASF43:
 2239 012c 72656761 		.ascii	"regarm_t\000"
 2239      726D5F74 
 2239      00
 2240              	.LASF91:
 2241 0135 63685363 		.ascii	"chSchDoReschedule\000"
 2241      68446F52 
 2241      65736368 
 2241      6564756C 
 2241      6500
 2242              	.LASF0:
 2243 0147 756E7369 		.ascii	"unsigned int\000"
 2243      676E6564 
 2243      20696E74 
 2243      00
 2244              	.LASF45:
 2245 0154 6C725F74 		.ascii	"lr_thd\000"
 2245      686400
 2246              	.LASF44:
 2247 015b 65787463 		.ascii	"extctx\000"
 2247      747800
 2248              	.LASF89:
 2249 0162 5F706F72 		.ascii	"_port_switch\000"
 2249      745F7377 
 2249      69746368 
 2249      00
 2250              	.LASF9:
 2251 016f 6C6F6E67 		.ascii	"long unsigned int\000"
 2251      20756E73 
 2251      69676E65 
 2251      6420696E 
 2251      7400
 2252              	.LASF53:
 2253 0181 56544F52 		.ascii	"VTOR\000"
 2253      00
 2254              	.LASF83:
 2255 0186 5F706F72 		.ascii	"_port_switch_from_isr\000"
 2255      745F7377 
 2255      69746368 
 2255      5F66726F 
ARM GAS  /var/folders/dt/0wfd0knj7gs46m8vwfzktm600000gn/T//ccuzbgbJ.s 			page 42


 2255      6D5F6973 
 2256              	.LASF48:
 2257 019c 636F6E74 		.ascii	"context\000"
 2257      65787400 
 2258              	.LASF4:
 2259 01a4 73686F72 		.ascii	"short unsigned int\000"
 2259      7420756E 
 2259      7369676E 
 2259      65642069 
 2259      6E7400
 2260              	.LASF52:
 2261 01b7 49435352 		.ascii	"ICSR\000"
 2261      00
 2262              	.LASF18:
 2263 01bc 6D73675F 		.ascii	"msg_t\000"
 2263      7400
 2264              	.LASF54:
 2265 01c2 41495243 		.ascii	"AIRCR\000"
 2265      5200
 2266              	.LASF59:
 2267 01c8 44465352 		.ascii	"DFSR\000"
 2267      00
 2268              	.LASF60:
 2269 01cd 4D4D4641 		.ascii	"MMFAR\000"
 2269      5200
 2270              	.LASF87:
 2271 01d3 5F706F72 		.ascii	"_port_irq_epilogue\000"
 2271      745F6972 
 2271      715F6570 
 2271      696C6F67 
 2271      756500
 2272              	.LASF13:
 2273 01e6 746D6F64 		.ascii	"tmode_t\000"
 2273      655F7400 
 2274              	.LASF42:
 2275 01ee 54687265 		.ascii	"ThreadsList\000"
 2275      6164734C 
 2275      69737400 
 2276              	.LASF19:
 2277 01fa 6576656E 		.ascii	"eventmask_t\000"
 2277      746D6173 
 2277      6B5F7400 
 2278              	.LASF74:
 2279 0206 4D757465 		.ascii	"Mutex\000"
 2279      7800
 2280              	.LASF50:
 2281 020c 73697A65 		.ascii	"sizetype\000"
 2281      74797065 
 2281      00
 2282              	.LASF57:
 2283 0215 43465352 		.ascii	"CFSR\000"
 2283      00
 2284              	.LASF27:
 2285 021a 705F6F6C 		.ascii	"p_older\000"
 2285      64657200 
 2286              	.LASF69:
 2287 0222 725F6374 		.ascii	"r_ctx\000"
ARM GAS  /var/folders/dt/0wfd0knj7gs46m8vwfzktm600000gn/T//ccuzbgbJ.s 			page 43


 2287      7800
 2288              	.LASF41:
 2289 0228 54687265 		.ascii	"ThreadsQueue\000"
 2289      61647351 
 2289      75657565 
 2289      00
 2290              	.LASF93:
 2291 0235 474E5520 		.ascii	"GNU C 4.7.2\000"
 2291      4320342E 
 2291      372E3200 
 2292              	.LASF72:
 2293 0241 725F6375 		.ascii	"r_current\000"
 2293      7272656E 
 2293      7400
 2294              	.LASF71:
 2295 024b 725F6F6C 		.ascii	"r_older\000"
 2295      64657200 
 2296              	.LASF15:
 2297 0253 74726566 		.ascii	"trefs_t\000"
 2297      735F7400 
 2298              	.LASF85:
 2299 025b 63747870 		.ascii	"ctxp\000"
 2299      00
 2300              	.LASF23:
 2301 0260 705F7072 		.ascii	"p_prev\000"
 2301      657600
 2302              	.LASF17:
 2303 0267 74707269 		.ascii	"tprio_t\000"
 2303      6F5F7400 
 2304              	.LASF12:
 2305 026f 5F426F6F 		.ascii	"_Bool\000"
 2305      6C00
 2306              	.LASF6:
 2307 0275 696E7433 		.ascii	"int32_t\000"
 2307      325F7400 
 2308              	.LASF2:
 2309 027d 756E7369 		.ascii	"unsigned char\000"
 2309      676E6564 
 2309      20636861 
 2309      7200
 2310              	.LASF56:
 2311 028b 53484353 		.ascii	"SHCSR\000"
 2311      5200
 2312              	.LASF38:
 2313 0291 705F6D74 		.ascii	"p_mtxlist\000"
 2313      786C6973 
 2313      7400
 2314              	.LASF3:
 2315 029b 73686F72 		.ascii	"short int\000"
 2315      7420696E 
 2315      7400
 2316              	.LASF29:
 2317 02a5 705F7374 		.ascii	"p_state\000"
 2317      61746500 
 2318              	.LASF32:
 2319 02ad 705F7072 		.ascii	"p_preempt\000"
 2319      65656D70 
ARM GAS  /var/folders/dt/0wfd0knj7gs46m8vwfzktm600000gn/T//ccuzbgbJ.s 			page 44


 2319      7400
 2320              	.LASF46:
 2321 02b7 78707372 		.ascii	"xpsr\000"
 2321      00
 2322              	.LASF68:
 2323 02bc 725F7072 		.ascii	"r_prio\000"
 2323      696F00
 2324              	.LASF81:
 2325 02c3 65776D61 		.ascii	"ewmask\000"
 2325      736B00
 2326              	.LASF22:
 2327 02ca 705F6E65 		.ascii	"p_next\000"
 2327      787400
 2328              	.LASF30:
 2329 02d1 705F666C 		.ascii	"p_flags\000"
 2329      61677300 
 2330              	.LASF21:
 2331 02d9 54687265 		.ascii	"Thread\000"
 2331      616400
 2332              	.LASF37:
 2333 02e0 705F6570 		.ascii	"p_epending\000"
 2333      656E6469 
 2333      6E6700
 2334              	.LASF8:
 2335 02eb 75696E74 		.ascii	"uint32_t\000"
 2335      33325F74 
 2335      00
 2336              	.LASF67:
 2337 02f4 725F7175 		.ascii	"r_queue\000"
 2337      65756500 
 2338              	.LASF62:
 2339 02fc 41465352 		.ascii	"AFSR\000"
 2339      00
 2340              	.LASF64:
 2341 0301 756E7573 		.ascii	"unused1\000"
 2341      65643100 
 2342              	.LASF82:
 2343 0309 63686172 		.ascii	"char\000"
 2343      00
 2344              	.LASF49:
 2345 030e 494F5245 		.ascii	"IOREG32\000"
 2345      47333200 
 2346              	.LASF94:
 2347 0316 2E2E2F2E 		.ascii	"../../os/ports/GCC/ARMCMx/chcore_v7m.c\000"
 2347      2E2F6F73 
 2347      2F706F72 
 2347      74732F47 
 2347      43432F41 
 2348              	.LASF77:
 2349 033d 6D5F6E65 		.ascii	"m_next\000"
 2349      787400
 2350              	.LASF20:
 2351 0344 73797374 		.ascii	"systime_t\000"
 2351      696D655F 
 2351      7400
 2352              	.LASF39:
 2353 034e 705F7265 		.ascii	"p_realprio\000"
ARM GAS  /var/folders/dt/0wfd0knj7gs46m8vwfzktm600000gn/T//ccuzbgbJ.s 			page 45


 2353      616C7072 
 2353      696F00
 2354              	.LASF84:
 2355 0359 53564361 		.ascii	"SVCallVector\000"
 2355      6C6C5665 
 2355      63746F72 
 2355      00
 2356              	.LASF33:
 2357 0366 705F7469 		.ascii	"p_time\000"
 2357      6D6500
 2358              	.LASF55:
 2359 036d 53485052 		.ascii	"SHPR\000"
 2359      00
 2360              	.LASF47:
 2361 0372 696E7463 		.ascii	"intctx\000"
 2361      747800
 2362              	.LASF35:
 2363 0379 705F6D73 		.ascii	"p_msgqueue\000"
 2363      67717565 
 2363      756500
 2364              	.LASF31:
 2365 0384 705F7265 		.ascii	"p_refs\000"
 2365      667300
 2366              	.LASF73:
 2367 038b 52656164 		.ascii	"ReadyList\000"
 2367      794C6973 
 2367      7400
 2368              	.LASF63:
 2369 0395 4D4D4652 		.ascii	"MMFR\000"
 2369      00
 2370              	.LASF96:
 2371 039a 726C6973 		.ascii	"rlist\000"
 2371      7400
 2372              	.LASF5:
 2373 03a0 75696E74 		.ascii	"uint8_t\000"
 2373      385F7400 
 2374              	.LASF86:
 2375 03a8 5F706F72 		.ascii	"_port_init\000"
 2375      745F696E 
 2375      697400
 2376              	.LASF80:
 2377 03b3 77746F62 		.ascii	"wtobjp\000"
 2377      6A7000
 2378              	.LASF28:
 2379 03ba 705F6E61 		.ascii	"p_name\000"
 2379      6D6500
 2380              	.LASF65:
 2381 03c1 43504143 		.ascii	"CPACR\000"
 2381      5200
 2382              	.LASF58:
 2383 03c7 48465352 		.ascii	"HFSR\000"
 2383      00
 2384              	.LASF76:
 2385 03cc 6D5F6F77 		.ascii	"m_owner\000"
 2385      6E657200 
 2386              	.LASF25:
 2387 03d4 705F6374 		.ascii	"p_ctx\000"
ARM GAS  /var/folders/dt/0wfd0knj7gs46m8vwfzktm600000gn/T//ccuzbgbJ.s 			page 46


 2387      7800
 2388              	.LASF34:
 2389 03da 705F7761 		.ascii	"p_waiting\000"
 2389      6974696E 
 2389      6700
 2390              		.ident	"GCC: (GNU) 4.7.2"
ARM GAS  /var/folders/dt/0wfd0knj7gs46m8vwfzktm600000gn/T//ccuzbgbJ.s 			page 47


DEFINED SYMBOLS
                            *ABS*:0000000000000000 chcore_v7m.c
/var/folders/dt/0wfd0knj7gs46m8vwfzktm600000gn/T//ccuzbgbJ.s:19     .text._port_switch_from_isr:0000000000000000 $t
/var/folders/dt/0wfd0knj7gs46m8vwfzktm600000gn/T//ccuzbgbJ.s:25     .text._port_switch_from_isr:0000000000000000 _port_switch_from_isr
/var/folders/dt/0wfd0knj7gs46m8vwfzktm600000gn/T//ccuzbgbJ.s:38     .text._port_switch_from_isr:0000000000000004 _port_exit_from_isr
/var/folders/dt/0wfd0knj7gs46m8vwfzktm600000gn/T//ccuzbgbJ.s:50     .text.SVCallVector:0000000000000000 $t
/var/folders/dt/0wfd0knj7gs46m8vwfzktm600000gn/T//ccuzbgbJ.s:56     .text.SVCallVector:0000000000000000 SVCallVector
/var/folders/dt/0wfd0knj7gs46m8vwfzktm600000gn/T//ccuzbgbJ.s:92     .text._port_init:0000000000000000 $t
/var/folders/dt/0wfd0knj7gs46m8vwfzktm600000gn/T//ccuzbgbJ.s:98     .text._port_init:0000000000000000 _port_init
/var/folders/dt/0wfd0knj7gs46m8vwfzktm600000gn/T//ccuzbgbJ.s:144    .text._port_irq_epilogue:0000000000000000 $t
/var/folders/dt/0wfd0knj7gs46m8vwfzktm600000gn/T//ccuzbgbJ.s:150    .text._port_irq_epilogue:0000000000000000 _port_irq_epilogue
/var/folders/dt/0wfd0knj7gs46m8vwfzktm600000gn/T//ccuzbgbJ.s:245    .text._port_irq_epilogue:0000000000000064 $d
/var/folders/dt/0wfd0knj7gs46m8vwfzktm600000gn/T//ccuzbgbJ.s:253    .text.SysTickVector:0000000000000000 $t
/var/folders/dt/0wfd0knj7gs46m8vwfzktm600000gn/T//ccuzbgbJ.s:259    .text.SysTickVector:0000000000000000 SysTickVector
/var/folders/dt/0wfd0knj7gs46m8vwfzktm600000gn/T//ccuzbgbJ.s:302    .text._port_switch:0000000000000000 $t
/var/folders/dt/0wfd0knj7gs46m8vwfzktm600000gn/T//ccuzbgbJ.s:308    .text._port_switch:0000000000000000 _port_switch
/var/folders/dt/0wfd0knj7gs46m8vwfzktm600000gn/T//ccuzbgbJ.s:335    .text._port_thread_start:0000000000000000 $t
/var/folders/dt/0wfd0knj7gs46m8vwfzktm600000gn/T//ccuzbgbJ.s:341    .text._port_thread_start:0000000000000000 _port_thread_start
                     .debug_frame:0000000000000010 $d

UNDEFINED SYMBOLS
chSchDoReschedule
nvicSetSystemHandlerPriority
rlist
chSysTimerHandlerI
chThdExit
