ARM GAS  /var/folders/dt/0wfd0knj7gs46m8vwfzktm600000gn/T//ccWxyzE7.s 			page 1


   1              		.syntax unified
   2              		.cpu cortex-m3
   3              		.fpu softvfp
   4              		.eabi_attribute 20, 1
   5              		.eabi_attribute 21, 1
   6              		.eabi_attribute 23, 3
   7              		.eabi_attribute 24, 1
   8              		.eabi_attribute 25, 1
   9              		.eabi_attribute 26, 1
  10              		.eabi_attribute 30, 2
  11              		.eabi_attribute 34, 1
  12              		.eabi_attribute 18, 4
  13              		.thumb
  14              		.file	"chdynamic.c"
  15              		.text
  16              	.Ltext0:
  17              		.cfi_sections	.debug_frame
  18              		.section	.text.chThdAddRef,"ax",%progbits
  19              		.align	2
  20              		.p2align 4,,15
  21              		.global	chThdAddRef
  22              		.thumb
  23              		.thumb_func
  24              		.type	chThdAddRef, %function
  25              	chThdAddRef:
  26              	.LFB7:
  27              		.file 1 "../../os/kernel/src/chdynamic.c"
  28              		.loc 1 52 0
  29              		.cfi_startproc
  30              		@ args = 0, pretend = 0, frame = 0
  31              		@ frame_needed = 0, uses_anonymous_args = 0
  32              		@ link register save eliminated.
  33              	.LVL0:
  34              	.LBB2:
  35              		.loc 1 54 0
  36 0000 2023     		movs	r3, #32
  37              	.LVL1:
  38              	@ 54 "../../os/kernel/src/chdynamic.c" 1
  39 0002 83F31188 		msr     BASEPRI, r3
  40              	@ 0 "" 2
  41              	.LVL2:
  42              		.thumb
  43              	.LBE2:
  44              		.loc 1 56 0
  45 0006 817F     		ldrb	r1, [r0, #30]	@ zero_extendqisi2
  46              	.LBB3:
  47              		.loc 1 57 0
  48 0008 0023     		movs	r3, #0
  49              	.LVL3:
  50              	.LBE3:
  51              		.loc 1 56 0
  52 000a 0131     		adds	r1, r1, #1
  53 000c 8177     		strb	r1, [r0, #30]
  54              	.LBB4:
  55              		.loc 1 57 0
  56              	@ 57 "../../os/kernel/src/chdynamic.c" 1
  57 000e 83F31188 		msr     BASEPRI, r3
ARM GAS  /var/folders/dt/0wfd0knj7gs46m8vwfzktm600000gn/T//ccWxyzE7.s 			page 2


  58              	@ 0 "" 2
  59              	.LVL4:
  60              		.thumb
  61              	.LBE4:
  62              		.loc 1 59 0
  63 0012 7047     		bx	lr
  64              		.cfi_endproc
  65              	.LFE7:
  66              		.size	chThdAddRef, .-chThdAddRef
  67 0014 AFF30080 		.section	.text.chThdRelease,"ax",%progbits
  67      AFF30080 
  67      AFF30080 
  68              		.align	2
  69              		.p2align 4,,15
  70              		.global	chThdRelease
  71              		.thumb
  72              		.thumb_func
  73              		.type	chThdRelease, %function
  74              	chThdRelease:
  75              	.LFB8:
  76              		.loc 1 74 0
  77              		.cfi_startproc
  78              		@ args = 0, pretend = 0, frame = 0
  79              		@ frame_needed = 0, uses_anonymous_args = 0
  80              		@ link register save eliminated.
  81              	.LVL5:
  82              		.loc 1 74 0
  83 0000 0146     		mov	r1, r0
  84              	.LBB5:
  85              		.loc 1 77 0
  86 0002 2023     		movs	r3, #32
  87              	.LVL6:
  88              	@ 77 "../../os/kernel/src/chdynamic.c" 1
  89 0004 83F31188 		msr     BASEPRI, r3
  90              	@ 0 "" 2
  91              	.LVL7:
  92              		.thumb
  93              	.LBE5:
  94              		.loc 1 79 0
  95 0008 827F     		ldrb	r2, [r0, #30]	@ zero_extendqisi2
  96              	.LBB6:
  97              		.loc 1 80 0
  98 000a 0023     		movs	r3, #0
  99              	.LVL8:
 100              	.LBE6:
 101              		.loc 1 79 0
 102 000c 013A     		subs	r2, r2, #1
 103 000e D2B2     		uxtb	r2, r2
 104 0010 8277     		strb	r2, [r0, #30]
 105              	.LVL9:
 106              	.LBB7:
 107              		.loc 1 80 0
 108              	@ 80 "../../os/kernel/src/chdynamic.c" 1
 109 0012 83F31188 		msr     BASEPRI, r3
 110              	@ 0 "" 2
 111              	.LVL10:
 112              		.thumb
ARM GAS  /var/folders/dt/0wfd0knj7gs46m8vwfzktm600000gn/T//ccWxyzE7.s 			page 3


 113              	.LBE7:
 114              		.loc 1 85 0
 115 0016 12B9     		cbnz	r2, .L2
 116              		.loc 1 85 0 is_stmt 0 discriminator 1
 117 0018 037F     		ldrb	r3, [r0, #28]	@ zero_extendqisi2
 118              	.LVL11:
 119 001a 0E2B     		cmp	r3, #14
 120 001c 00D0     		beq	.L7
 121              	.LVL12:
 122              	.L2:
 123 001e 7047     		bx	lr
 124              	.LVL13:
 125              	.L7:
 126              		.loc 1 86 0 is_stmt 1
 127 0020 437F     		ldrb	r3, [r0, #29]	@ zero_extendqisi2
 128 0022 03F00303 		and	r3, r3, #3
 129 0026 012B     		cmp	r3, #1
 130 0028 09D0     		beq	.L4
 131 002a 022B     		cmp	r3, #2
 132 002c F7D1     		bne	.L2
 133              		.loc 1 98 0
 134 002e 4369     		ldr	r3, [r0, #20]
 135 0030 0269     		ldr	r2, [r0, #16]
 136              	.LVL14:
 137              		.loc 1 100 0
 138 0032 406C     		ldr	r0, [r0, #68]
 139              	.LVL15:
 140              		.loc 1 98 0
 141 0034 1A61     		str	r2, [r3, #16]
 142 0036 0A69     		ldr	r2, [r1, #16]
 143 0038 5361     		str	r3, [r2, #20]
 144              		.loc 1 105 0
 145              		.loc 1 100 0
 146 003a FFF7FEBF 		b	chPoolFree
 147              	.LVL16:
 148              	.L4:
 149              		.loc 1 90 0
 150 003e 4369     		ldr	r3, [r0, #20]
 151 0040 0269     		ldr	r2, [r0, #16]
 152              	.LVL17:
 153 0042 1A61     		str	r2, [r3, #16]
 154 0044 0269     		ldr	r2, [r0, #16]
 155 0046 5361     		str	r3, [r2, #20]
 156              		.loc 1 105 0
 157              		.loc 1 92 0
 158 0048 FFF7FEBF 		b	chHeapFree
 159              	.LVL18:
 160              		.cfi_endproc
 161              	.LFE8:
 162              		.size	chThdRelease, .-chThdRelease
 163 004c AFF30080 		.section	.text.chThdCreateFromHeap,"ax",%progbits
 164              		.align	2
 165              		.p2align 4,,15
 166              		.global	chThdCreateFromHeap
 167              		.thumb
 168              		.thumb_func
 169              		.type	chThdCreateFromHeap, %function
ARM GAS  /var/folders/dt/0wfd0knj7gs46m8vwfzktm600000gn/T//ccWxyzE7.s 			page 4


 170              	chThdCreateFromHeap:
 171              	.LFB9:
 172              		.loc 1 131 0
 173              		.cfi_startproc
 174              		@ args = 4, pretend = 0, frame = 0
 175              		@ frame_needed = 0, uses_anonymous_args = 0
 176              	.LVL19:
 177 0000 F0B5     		push	{r4, r5, r6, r7, lr}
 178              	.LCFI0:
 179              		.cfi_def_cfa_offset 20
 180              		.cfi_offset 4, -20
 181              		.cfi_offset 5, -16
 182              		.cfi_offset 6, -12
 183              		.cfi_offset 7, -8
 184              		.cfi_offset 14, -4
 185 0002 83B0     		sub	sp, sp, #12
 186              	.LCFI1:
 187              		.cfi_def_cfa_offset 32
 188              		.loc 1 131 0
 189 0004 0D46     		mov	r5, r1
 190 0006 1746     		mov	r7, r2
 191 0008 1E46     		mov	r6, r3
 192              		.loc 1 135 0
 193 000a FFF7FEFF 		bl	chHeapAlloc
 194              	.LVL20:
 195              		.loc 1 136 0
 196 000e 0446     		mov	r4, r0
 197 0010 90B1     		cbz	r0, .L9
 198              	.LBB8:
 199              		.loc 1 148 0
 200 0012 2023     		movs	r3, #32
 201              	.LVL21:
 202              	@ 148 "../../os/kernel/src/chdynamic.c" 1
 203 0014 83F31188 		msr     BASEPRI, r3
 204              	@ 0 "" 2
 205              	.LVL22:
 206              		.thumb
 207              	.LBE8:
 208              		.loc 1 149 0
 209 0018 089C     		ldr	r4, [sp, #32]
 210 001a 3346     		mov	r3, r6
 211              	.LVL23:
 212 001c 2946     		mov	r1, r5
 213 001e 3A46     		mov	r2, r7
 214 0020 0094     		str	r4, [sp, #0]
 215 0022 FFF7FEFF 		bl	chThdCreateI
 216              	.LVL24:
 217              		.loc 1 150 0
 218 0026 0123     		movs	r3, #1
 219 0028 4377     		strb	r3, [r0, #29]
 220              		.loc 1 151 0
 221 002a 0021     		movs	r1, #0
 222              		.loc 1 149 0
 223 002c 0446     		mov	r4, r0
 224              	.LVL25:
 225              		.loc 1 151 0
 226 002e FFF7FEFF 		bl	chSchWakeupS
ARM GAS  /var/folders/dt/0wfd0knj7gs46m8vwfzktm600000gn/T//ccWxyzE7.s 			page 5


 227              	.LVL26:
 228              	.LBB9:
 229              		.loc 1 152 0
 230 0032 0023     		movs	r3, #0
 231              	.LVL27:
 232              	@ 152 "../../os/kernel/src/chdynamic.c" 1
 233 0034 83F31188 		msr     BASEPRI, r3
 234              	@ 0 "" 2
 235              	.LVL28:
 236              		.thumb
 237              	.L9:
 238              	.LBE9:
 239              		.loc 1 154 0
 240 0038 2046     		mov	r0, r4
 241 003a 03B0     		add	sp, sp, #12
 242 003c F0BD     		pop	{r4, r5, r6, r7, pc}
 243              		.cfi_endproc
 244              	.LFE9:
 245              		.size	chThdCreateFromHeap, .-chThdCreateFromHeap
 246 003e 00BF     		.section	.text.chThdCreateFromMemoryPool,"ax",%progbits
 247              		.align	2
 248              		.p2align 4,,15
 249              		.global	chThdCreateFromMemoryPool
 250              		.thumb
 251              		.thumb_func
 252              		.type	chThdCreateFromMemoryPool, %function
 253              	chThdCreateFromMemoryPool:
 254              	.LFB10:
 255              		.loc 1 180 0
 256              		.cfi_startproc
 257              		@ args = 0, pretend = 0, frame = 0
 258              		@ frame_needed = 0, uses_anonymous_args = 0
 259              	.LVL29:
 260 0000 2DE9F041 		push	{r4, r5, r6, r7, r8, lr}
 261              	.LCFI2:
 262              		.cfi_def_cfa_offset 24
 263              		.cfi_offset 4, -24
 264              		.cfi_offset 5, -20
 265              		.cfi_offset 6, -16
 266              		.cfi_offset 7, -12
 267              		.cfi_offset 8, -8
 268              		.cfi_offset 14, -4
 269 0004 82B0     		sub	sp, sp, #8
 270              	.LCFI3:
 271              		.cfi_def_cfa_offset 32
 272              		.loc 1 180 0
 273 0006 0546     		mov	r5, r0
 274 0008 0F46     		mov	r7, r1
 275 000a 9046     		mov	r8, r2
 276 000c 1E46     		mov	r6, r3
 277              		.loc 1 186 0
 278 000e FFF7FEFF 		bl	chPoolAlloc
 279              	.LVL30:
 280              		.loc 1 187 0
 281 0012 0446     		mov	r4, r0
 282 0014 90B1     		cbz	r0, .L12
 283              	.LBB10:
ARM GAS  /var/folders/dt/0wfd0knj7gs46m8vwfzktm600000gn/T//ccWxyzE7.s 			page 6


 284              		.loc 1 199 0
 285 0016 2023     		movs	r3, #32
 286              	.LVL31:
 287              	@ 199 "../../os/kernel/src/chdynamic.c" 1
 288 0018 83F31188 		msr     BASEPRI, r3
 289              	@ 0 "" 2
 290              	.LVL32:
 291              		.thumb
 292              	.LBE10:
 293              		.loc 1 200 0
 294 001c 6968     		ldr	r1, [r5, #4]
 295 001e 4346     		mov	r3, r8
 296              	.LVL33:
 297 0020 3A46     		mov	r2, r7
 298 0022 0096     		str	r6, [sp, #0]
 299 0024 FFF7FEFF 		bl	chThdCreateI
 300              	.LVL34:
 301              		.loc 1 201 0
 302 0028 0223     		movs	r3, #2
 303 002a 4377     		strb	r3, [r0, #29]
 304              		.loc 1 202 0
 305 002c 4564     		str	r5, [r0, #68]
 306              		.loc 1 203 0
 307 002e 0021     		movs	r1, #0
 308              		.loc 1 200 0
 309 0030 0446     		mov	r4, r0
 310              	.LVL35:
 311              		.loc 1 203 0
 312 0032 FFF7FEFF 		bl	chSchWakeupS
 313              	.LVL36:
 314              	.LBB11:
 315              		.loc 1 204 0
 316 0036 0023     		movs	r3, #0
 317              	.LVL37:
 318              	@ 204 "../../os/kernel/src/chdynamic.c" 1
 319 0038 83F31188 		msr     BASEPRI, r3
 320              	@ 0 "" 2
 321              	.LVL38:
 322              		.thumb
 323              	.L12:
 324              	.LBE11:
 325              		.loc 1 206 0
 326 003c 2046     		mov	r0, r4
 327 003e 02B0     		add	sp, sp, #8
 328 0040 BDE8F081 		pop	{r4, r5, r6, r7, r8, pc}
 329              		.cfi_endproc
 330              	.LFE10:
 331              		.size	chThdCreateFromMemoryPool, .-chThdCreateFromMemoryPool
 332 0044 AFF30080 		.text
 332      AFF30080 
 332      AFF30080 
 333              	.Letext0:
 334              		.file 2 "/Users/toxygen/Applications/yagarto-4.7.2/bin/../lib/gcc/arm-none-eabi/4.7.2/include/stdd
 335              		.file 3 "/Users/toxygen/Applications/yagarto-4.7.2/bin/../lib/gcc/arm-none-eabi/4.7.2/../../../../
 336              		.file 4 "../../os/ports/GCC/ARMCMx/chtypes.h"
 337              		.file 5 "../../os/kernel/include/chlists.h"
 338              		.file 6 "../../os/kernel/include/chthreads.h"
ARM GAS  /var/folders/dt/0wfd0knj7gs46m8vwfzktm600000gn/T//ccWxyzE7.s 			page 7


 339              		.file 7 "../../os/ports/GCC/ARMCMx/chcore_v7m.h"
 340              		.file 8 "../../os/kernel/include/chmtx.h"
 341              		.file 9 "../../os/kernel/include/chmemcore.h"
 342              		.file 10 "../../os/kernel/include/chheap.h"
 343              		.file 11 "../../os/kernel/include/chmempools.h"
 344              		.file 12 "../../os/kernel/include/chschd.h"
 345              		.section	.debug_info,"",%progbits
 346              	.Ldebug_info0:
 347 0000 F7080000 		.4byte	0x8f7
 348 0004 0200     		.2byte	0x2
 349 0006 00000000 		.4byte	.Ldebug_abbrev0
 350 000a 04       		.byte	0x4
 351 000b 01       		.uleb128 0x1
 352 000c 40020000 		.4byte	.LASF88
 353 0010 01       		.byte	0x1
 354 0011 0E000000 		.4byte	.LASF89
 355 0015 F1000000 		.4byte	.LASF90
 356 0019 30000000 		.4byte	.Ldebug_ranges0+0x30
 357 001d 00000000 		.4byte	0
 358 0021 00000000 		.4byte	0
 359 0025 00000000 		.4byte	.Ldebug_line0
 360 0029 02       		.uleb128 0x2
 361 002a 04       		.byte	0x4
 362 002b 05       		.byte	0x5
 363 002c 696E7400 		.ascii	"int\000"
 364 0030 03       		.uleb128 0x3
 365 0031 2E000000 		.4byte	.LASF2
 366 0035 02       		.byte	0x2
 367 0036 D5       		.byte	0xd5
 368 0037 3B000000 		.4byte	0x3b
 369 003b 04       		.uleb128 0x4
 370 003c 04       		.byte	0x4
 371 003d 07       		.byte	0x7
 372 003e 91010000 		.4byte	.LASF0
 373 0042 04       		.uleb128 0x4
 374 0043 01       		.byte	0x1
 375 0044 06       		.byte	0x6
 376 0045 A4000000 		.4byte	.LASF1
 377 0049 03       		.uleb128 0x3
 378 004a 82030000 		.4byte	.LASF3
 379 004e 03       		.byte	0x3
 380 004f 2A       		.byte	0x2a
 381 0050 54000000 		.4byte	0x54
 382 0054 04       		.uleb128 0x4
 383 0055 01       		.byte	0x1
 384 0056 08       		.byte	0x8
 385 0057 8E020000 		.4byte	.LASF4
 386 005b 04       		.uleb128 0x4
 387 005c 02       		.byte	0x2
 388 005d 05       		.byte	0x5
 389 005e B1020000 		.4byte	.LASF5
 390 0062 04       		.uleb128 0x4
 391 0063 02       		.byte	0x2
 392 0064 07       		.byte	0x7
 393 0065 BD010000 		.4byte	.LASF6
 394 0069 03       		.uleb128 0x3
 395 006a 86020000 		.4byte	.LASF7
ARM GAS  /var/folders/dt/0wfd0knj7gs46m8vwfzktm600000gn/T//ccWxyzE7.s 			page 8


 396 006e 03       		.byte	0x3
 397 006f 4F       		.byte	0x4f
 398 0070 74000000 		.4byte	0x74
 399 0074 04       		.uleb128 0x4
 400 0075 04       		.byte	0x4
 401 0076 05       		.byte	0x5
 402 0077 E8000000 		.4byte	.LASF8
 403 007b 03       		.uleb128 0x3
 404 007c 1A030000 		.4byte	.LASF9
 405 0080 03       		.byte	0x3
 406 0081 50       		.byte	0x50
 407 0082 86000000 		.4byte	0x86
 408 0086 04       		.uleb128 0x4
 409 0087 04       		.byte	0x4
 410 0088 07       		.byte	0x7
 411 0089 9E010000 		.4byte	.LASF10
 412 008d 04       		.uleb128 0x4
 413 008e 08       		.byte	0x8
 414 008f 05       		.byte	0x5
 415 0090 96000000 		.4byte	.LASF11
 416 0094 03       		.uleb128 0x3
 417 0095 3C000000 		.4byte	.LASF12
 418 0099 03       		.byte	0x3
 419 009a 78       		.byte	0x78
 420 009b 9F000000 		.4byte	0x9f
 421 009f 04       		.uleb128 0x4
 422 00a0 08       		.byte	0x8
 423 00a1 07       		.byte	0x7
 424 00a2 5D000000 		.4byte	.LASF13
 425 00a6 04       		.uleb128 0x4
 426 00a7 01       		.byte	0x1
 427 00a8 02       		.byte	0x2
 428 00a9 80020000 		.4byte	.LASF14
 429 00ad 03       		.uleb128 0x3
 430 00ae D6010000 		.4byte	.LASF15
 431 00b2 04       		.byte	0x4
 432 00b3 2C       		.byte	0x2c
 433 00b4 49000000 		.4byte	0x49
 434 00b8 03       		.uleb128 0x3
 435 00b9 2F010000 		.4byte	.LASF16
 436 00bd 04       		.byte	0x4
 437 00be 2D       		.byte	0x2d
 438 00bf 49000000 		.4byte	0x49
 439 00c3 03       		.uleb128 0x3
 440 00c4 64020000 		.4byte	.LASF17
 441 00c8 04       		.byte	0x4
 442 00c9 2E       		.byte	0x2e
 443 00ca 49000000 		.4byte	0x49
 444 00ce 03       		.uleb128 0x3
 445 00cf D1000000 		.4byte	.LASF18
 446 00d3 04       		.byte	0x4
 447 00d4 2F       		.byte	0x2f
 448 00d5 49000000 		.4byte	0x49
 449 00d9 03       		.uleb128 0x3
 450 00da 78020000 		.4byte	.LASF19
 451 00de 04       		.byte	0x4
 452 00df 30       		.byte	0x30
ARM GAS  /var/folders/dt/0wfd0knj7gs46m8vwfzktm600000gn/T//ccWxyzE7.s 			page 9


 453 00e0 7B000000 		.4byte	0x7b
 454 00e4 03       		.uleb128 0x3
 455 00e5 D0010000 		.4byte	.LASF20
 456 00e9 04       		.byte	0x4
 457 00ea 31       		.byte	0x31
 458 00eb 69000000 		.4byte	0x69
 459 00ef 03       		.uleb128 0x3
 460 00f0 EA010000 		.4byte	.LASF21
 461 00f4 04       		.byte	0x4
 462 00f5 33       		.byte	0x33
 463 00f6 7B000000 		.4byte	0x7b
 464 00fa 03       		.uleb128 0x3
 465 00fb 34030000 		.4byte	.LASF22
 466 00ff 04       		.byte	0x4
 467 0100 35       		.byte	0x35
 468 0101 7B000000 		.4byte	0x7b
 469 0105 03       		.uleb128 0x3
 470 0106 FC020000 		.4byte	.LASF23
 471 010a 05       		.byte	0x5
 472 010b 2A       		.byte	0x2a
 473 010c 10010000 		.4byte	0x110
 474 0110 05       		.uleb128 0x5
 475 0111 FC020000 		.4byte	.LASF23
 476 0115 48       		.byte	0x48
 477 0116 06       		.byte	0x6
 478 0117 5E       		.byte	0x5e
 479 0118 35020000 		.4byte	0x235
 480 011c 06       		.uleb128 0x6
 481 011d E0020000 		.4byte	.LASF24
 482 0121 06       		.byte	0x6
 483 0122 5F       		.byte	0x5f
 484 0123 5A020000 		.4byte	0x25a
 485 0127 02       		.byte	0x2
 486 0128 23       		.byte	0x23
 487 0129 00       		.uleb128 0
 488 012a 06       		.uleb128 0x6
 489 012b 71020000 		.4byte	.LASF25
 490 012f 06       		.byte	0x6
 491 0130 61       		.byte	0x61
 492 0131 5A020000 		.4byte	0x25a
 493 0135 02       		.byte	0x2
 494 0136 23       		.byte	0x23
 495 0137 04       		.uleb128 0x4
 496 0138 06       		.uleb128 0x6
 497 0139 8F000000 		.4byte	.LASF26
 498 013d 06       		.byte	0x6
 499 013e 63       		.byte	0x63
 500 013f D9000000 		.4byte	0xd9
 501 0143 02       		.byte	0x2
 502 0144 23       		.byte	0x23
 503 0145 08       		.uleb128 0x8
 504 0146 06       		.uleb128 0x6
 505 0147 B7030000 		.4byte	.LASF27
 506 014b 06       		.byte	0x6
 507 014c 64       		.byte	0x64
 508 014d 33030000 		.4byte	0x333
 509 0151 02       		.byte	0x2
ARM GAS  /var/folders/dt/0wfd0knj7gs46m8vwfzktm600000gn/T//ccWxyzE7.s 			page 10


 510 0152 23       		.byte	0x23
 511 0153 0C       		.uleb128 0xc
 512 0154 06       		.uleb128 0x6
 513 0155 54010000 		.4byte	.LASF28
 514 0159 06       		.byte	0x6
 515 015a 66       		.byte	0x66
 516 015b 5A020000 		.4byte	0x25a
 517 015f 02       		.byte	0x2
 518 0160 23       		.byte	0x23
 519 0161 10       		.uleb128 0x10
 520 0162 06       		.uleb128 0x6
 521 0163 1C020000 		.4byte	.LASF29
 522 0167 06       		.byte	0x6
 523 0168 67       		.byte	0x67
 524 0169 5A020000 		.4byte	0x25a
 525 016d 02       		.byte	0x2
 526 016e 23       		.byte	0x23
 527 016f 14       		.uleb128 0x14
 528 0170 06       		.uleb128 0x6
 529 0171 A8030000 		.4byte	.LASF30
 530 0175 06       		.byte	0x6
 531 0176 6E       		.byte	0x6e
 532 0177 10050000 		.4byte	0x510
 533 017b 02       		.byte	0x2
 534 017c 23       		.byte	0x23
 535 017d 18       		.uleb128 0x18
 536 017e 06       		.uleb128 0x6
 537 017f BB020000 		.4byte	.LASF31
 538 0183 06       		.byte	0x6
 539 0184 79       		.byte	0x79
 540 0185 B8000000 		.4byte	0xb8
 541 0189 02       		.byte	0x2
 542 018a 23       		.byte	0x23
 543 018b 1C       		.uleb128 0x1c
 544 018c 06       		.uleb128 0x6
 545 018d E7020000 		.4byte	.LASF32
 546 0191 06       		.byte	0x6
 547 0192 7D       		.byte	0x7d
 548 0193 AD000000 		.4byte	0xad
 549 0197 02       		.byte	0x2
 550 0198 23       		.byte	0x23
 551 0199 1D       		.uleb128 0x1d
 552 019a 06       		.uleb128 0x6
 553 019b 7B030000 		.4byte	.LASF33
 554 019f 06       		.byte	0x6
 555 01a0 82       		.byte	0x82
 556 01a1 C3000000 		.4byte	0xc3
 557 01a5 02       		.byte	0x2
 558 01a6 23       		.byte	0x23
 559 01a7 1E       		.uleb128 0x1e
 560 01a8 06       		.uleb128 0x6
 561 01a9 C3020000 		.4byte	.LASF34
 562 01ad 06       		.byte	0x6
 563 01ae 88       		.byte	0x88
 564 01af CE000000 		.4byte	0xce
 565 01b3 02       		.byte	0x2
 566 01b4 23       		.byte	0x23
ARM GAS  /var/folders/dt/0wfd0knj7gs46m8vwfzktm600000gn/T//ccWxyzE7.s 			page 11


 567 01b5 1F       		.uleb128 0x1f
 568 01b6 06       		.uleb128 0x6
 569 01b7 49030000 		.4byte	.LASF35
 570 01bb 06       		.byte	0x6
 571 01bc 8F       		.byte	0x8f
 572 01bd 5D030000 		.4byte	0x35d
 573 01c1 02       		.byte	0x2
 574 01c2 23       		.byte	0x23
 575 01c3 20       		.uleb128 0x20
 576 01c4 07       		.uleb128 0x7
 577 01c5 705F7500 		.ascii	"p_u\000"
 578 01c9 06       		.byte	0x6
 579 01ca B4       		.byte	0xb4
 580 01cb DB040000 		.4byte	0x4db
 581 01cf 02       		.byte	0x2
 582 01d0 23       		.byte	0x23
 583 01d1 24       		.uleb128 0x24
 584 01d2 06       		.uleb128 0x6
 585 01d3 BD030000 		.4byte	.LASF36
 586 01d7 06       		.byte	0x6
 587 01d8 B9       		.byte	0xb9
 588 01d9 82020000 		.4byte	0x282
 589 01dd 02       		.byte	0x2
 590 01de 23       		.byte	0x23
 591 01df 28       		.uleb128 0x28
 592 01e0 06       		.uleb128 0x6
 593 01e1 57030000 		.4byte	.LASF37
 594 01e5 06       		.byte	0x6
 595 01e6 BF       		.byte	0xbf
 596 01e7 60020000 		.4byte	0x260
 597 01eb 02       		.byte	0x2
 598 01ec 23       		.byte	0x23
 599 01ed 2C       		.uleb128 0x2c
 600 01ee 06       		.uleb128 0x6
 601 01ef 08000000 		.4byte	.LASF38
 602 01f3 06       		.byte	0x6
 603 01f4 C3       		.byte	0xc3
 604 01f5 E4000000 		.4byte	0xe4
 605 01f9 02       		.byte	0x2
 606 01fa 23       		.byte	0x23
 607 01fb 34       		.uleb128 0x34
 608 01fc 06       		.uleb128 0x6
 609 01fd 0F030000 		.4byte	.LASF39
 610 0201 06       		.byte	0x6
 611 0202 C9       		.byte	0xc9
 612 0203 EF000000 		.4byte	0xef
 613 0207 02       		.byte	0x2
 614 0208 23       		.byte	0x23
 615 0209 38       		.uleb128 0x38
 616 020a 06       		.uleb128 0x6
 617 020b A7020000 		.4byte	.LASF40
 618 020f 06       		.byte	0x6
 619 0210 D0       		.byte	0xd0
 620 0211 22050000 		.4byte	0x522
 621 0215 02       		.byte	0x2
 622 0216 23       		.byte	0x23
 623 0217 3C       		.uleb128 0x3c
ARM GAS  /var/folders/dt/0wfd0knj7gs46m8vwfzktm600000gn/T//ccWxyzE7.s 			page 12


 624 0218 06       		.uleb128 0x6
 625 0219 3E030000 		.4byte	.LASF41
 626 021d 06       		.byte	0x6
 627 021e D4       		.byte	0xd4
 628 021f D9000000 		.4byte	0xd9
 629 0223 02       		.byte	0x2
 630 0224 23       		.byte	0x23
 631 0225 40       		.uleb128 0x40
 632 0226 06       		.uleb128 0x6
 633 0227 B6000000 		.4byte	.LASF42
 634 022b 06       		.byte	0x6
 635 022c DA       		.byte	0xda
 636 022d 98020000 		.4byte	0x298
 637 0231 02       		.byte	0x2
 638 0232 23       		.byte	0x23
 639 0233 44       		.uleb128 0x44
 640 0234 00       		.byte	0
 641 0235 08       		.uleb128 0x8
 642 0236 08       		.byte	0x8
 643 0237 05       		.byte	0x5
 644 0238 61       		.byte	0x61
 645 0239 5A020000 		.4byte	0x25a
 646 023d 06       		.uleb128 0x6
 647 023e E0020000 		.4byte	.LASF24
 648 0242 05       		.byte	0x5
 649 0243 62       		.byte	0x62
 650 0244 5A020000 		.4byte	0x25a
 651 0248 02       		.byte	0x2
 652 0249 23       		.byte	0x23
 653 024a 00       		.uleb128 0
 654 024b 06       		.uleb128 0x6
 655 024c 71020000 		.4byte	.LASF25
 656 0250 05       		.byte	0x5
 657 0251 64       		.byte	0x64
 658 0252 5A020000 		.4byte	0x25a
 659 0256 02       		.byte	0x2
 660 0257 23       		.byte	0x23
 661 0258 04       		.uleb128 0x4
 662 0259 00       		.byte	0
 663 025a 09       		.uleb128 0x9
 664 025b 04       		.byte	0x4
 665 025c 05010000 		.4byte	0x105
 666 0260 03       		.uleb128 0x3
 667 0261 24020000 		.4byte	.LASF43
 668 0265 05       		.byte	0x5
 669 0266 66       		.byte	0x66
 670 0267 35020000 		.4byte	0x235
 671 026b 08       		.uleb128 0x8
 672 026c 04       		.byte	0x4
 673 026d 05       		.byte	0x5
 674 026e 6B       		.byte	0x6b
 675 026f 82020000 		.4byte	0x282
 676 0273 06       		.uleb128 0x6
 677 0274 E0020000 		.4byte	.LASF24
 678 0278 05       		.byte	0x5
 679 0279 6D       		.byte	0x6d
 680 027a 5A020000 		.4byte	0x25a
ARM GAS  /var/folders/dt/0wfd0knj7gs46m8vwfzktm600000gn/T//ccWxyzE7.s 			page 13


 681 027e 02       		.byte	0x2
 682 027f 23       		.byte	0x23
 683 0280 00       		.uleb128 0
 684 0281 00       		.byte	0
 685 0282 03       		.uleb128 0x3
 686 0283 DE010000 		.4byte	.LASF44
 687 0287 05       		.byte	0x5
 688 0288 70       		.byte	0x70
 689 0289 6B020000 		.4byte	0x26b
 690 028d 03       		.uleb128 0x3
 691 028e 82010000 		.4byte	.LASF45
 692 0292 07       		.byte	0x7
 693 0293 E5       		.byte	0xe5
 694 0294 98020000 		.4byte	0x298
 695 0298 0A       		.uleb128 0xa
 696 0299 04       		.byte	0x4
 697 029a 03       		.uleb128 0x3
 698 029b 08020000 		.4byte	.LASF46
 699 029f 07       		.byte	0x7
 700 02a0 EB       		.byte	0xeb
 701 02a1 94000000 		.4byte	0x94
 702 02a5 0B       		.uleb128 0xb
 703 02a6 50030000 		.4byte	.LASF47
 704 02aa 24       		.byte	0x24
 705 02ab 07       		.byte	0x7
 706 02ac 0C01     		.2byte	0x10c
 707 02ae 33030000 		.4byte	0x333
 708 02b2 0C       		.uleb128 0xc
 709 02b3 723400   		.ascii	"r4\000"
 710 02b6 07       		.byte	0x7
 711 02b7 1F01     		.2byte	0x11f
 712 02b9 8D020000 		.4byte	0x28d
 713 02bd 02       		.byte	0x2
 714 02be 23       		.byte	0x23
 715 02bf 00       		.uleb128 0
 716 02c0 0C       		.uleb128 0xc
 717 02c1 723500   		.ascii	"r5\000"
 718 02c4 07       		.byte	0x7
 719 02c5 2001     		.2byte	0x120
 720 02c7 8D020000 		.4byte	0x28d
 721 02cb 02       		.byte	0x2
 722 02cc 23       		.byte	0x23
 723 02cd 04       		.uleb128 0x4
 724 02ce 0C       		.uleb128 0xc
 725 02cf 723600   		.ascii	"r6\000"
 726 02d2 07       		.byte	0x7
 727 02d3 2101     		.2byte	0x121
 728 02d5 8D020000 		.4byte	0x28d
 729 02d9 02       		.byte	0x2
 730 02da 23       		.byte	0x23
 731 02db 08       		.uleb128 0x8
 732 02dc 0C       		.uleb128 0xc
 733 02dd 723700   		.ascii	"r7\000"
 734 02e0 07       		.byte	0x7
 735 02e1 2201     		.2byte	0x122
 736 02e3 8D020000 		.4byte	0x28d
 737 02e7 02       		.byte	0x2
ARM GAS  /var/folders/dt/0wfd0knj7gs46m8vwfzktm600000gn/T//ccWxyzE7.s 			page 14


 738 02e8 23       		.byte	0x23
 739 02e9 0C       		.uleb128 0xc
 740 02ea 0C       		.uleb128 0xc
 741 02eb 723800   		.ascii	"r8\000"
 742 02ee 07       		.byte	0x7
 743 02ef 2301     		.2byte	0x123
 744 02f1 8D020000 		.4byte	0x28d
 745 02f5 02       		.byte	0x2
 746 02f6 23       		.byte	0x23
 747 02f7 10       		.uleb128 0x10
 748 02f8 0C       		.uleb128 0xc
 749 02f9 723900   		.ascii	"r9\000"
 750 02fc 07       		.byte	0x7
 751 02fd 2401     		.2byte	0x124
 752 02ff 8D020000 		.4byte	0x28d
 753 0303 02       		.byte	0x2
 754 0304 23       		.byte	0x23
 755 0305 14       		.uleb128 0x14
 756 0306 0C       		.uleb128 0xc
 757 0307 72313000 		.ascii	"r10\000"
 758 030b 07       		.byte	0x7
 759 030c 2501     		.2byte	0x125
 760 030e 8D020000 		.4byte	0x28d
 761 0312 02       		.byte	0x2
 762 0313 23       		.byte	0x23
 763 0314 18       		.uleb128 0x18
 764 0315 0C       		.uleb128 0xc
 765 0316 72313100 		.ascii	"r11\000"
 766 031a 07       		.byte	0x7
 767 031b 2601     		.2byte	0x126
 768 031d 8D020000 		.4byte	0x28d
 769 0321 02       		.byte	0x2
 770 0322 23       		.byte	0x23
 771 0323 1C       		.uleb128 0x1c
 772 0324 0C       		.uleb128 0xc
 773 0325 6C7200   		.ascii	"lr\000"
 774 0328 07       		.byte	0x7
 775 0329 2701     		.2byte	0x127
 776 032b 8D020000 		.4byte	0x28d
 777 032f 02       		.byte	0x2
 778 0330 23       		.byte	0x23
 779 0331 20       		.uleb128 0x20
 780 0332 00       		.byte	0
 781 0333 0B       		.uleb128 0xb
 782 0334 B0010000 		.4byte	.LASF48
 783 0338 04       		.byte	0x4
 784 0339 07       		.byte	0x7
 785 033a 3101     		.2byte	0x131
 786 033c 50030000 		.4byte	0x350
 787 0340 0C       		.uleb128 0xc
 788 0341 72313300 		.ascii	"r13\000"
 789 0345 07       		.byte	0x7
 790 0346 3201     		.2byte	0x132
 791 0348 50030000 		.4byte	0x350
 792 034c 02       		.byte	0x2
 793 034d 23       		.byte	0x23
 794 034e 00       		.uleb128 0
ARM GAS  /var/folders/dt/0wfd0knj7gs46m8vwfzktm600000gn/T//ccWxyzE7.s 			page 15


 795 034f 00       		.byte	0
 796 0350 09       		.uleb128 0x9
 797 0351 04       		.byte	0x4
 798 0352 A5020000 		.4byte	0x2a5
 799 0356 04       		.uleb128 0x4
 800 0357 04       		.byte	0x4
 801 0358 07       		.byte	0x7
 802 0359 13020000 		.4byte	.LASF49
 803 035d 0D       		.uleb128 0xd
 804 035e FA000000 		.4byte	0xfa
 805 0362 05       		.uleb128 0x5
 806 0363 F6010000 		.4byte	.LASF50
 807 0367 10       		.byte	0x10
 808 0368 08       		.byte	0x8
 809 0369 2C       		.byte	0x2c
 810 036a 99030000 		.4byte	0x399
 811 036e 06       		.uleb128 0x6
 812 036f BE000000 		.4byte	.LASF51
 813 0373 08       		.byte	0x8
 814 0374 2D       		.byte	0x2d
 815 0375 60020000 		.4byte	0x260
 816 0379 02       		.byte	0x2
 817 037a 23       		.byte	0x23
 818 037b 00       		.uleb128 0
 819 037c 06       		.uleb128 0x6
 820 037d AF030000 		.4byte	.LASF52
 821 0381 08       		.byte	0x8
 822 0382 2F       		.byte	0x2f
 823 0383 5A020000 		.4byte	0x25a
 824 0387 02       		.byte	0x2
 825 0388 23       		.byte	0x23
 826 0389 08       		.uleb128 0x8
 827 038a 06       		.uleb128 0x6
 828 038b 2D030000 		.4byte	.LASF53
 829 038f 08       		.byte	0x8
 830 0390 31       		.byte	0x31
 831 0391 99030000 		.4byte	0x399
 832 0395 02       		.byte	0x2
 833 0396 23       		.byte	0x23
 834 0397 0C       		.uleb128 0xc
 835 0398 00       		.byte	0
 836 0399 09       		.uleb128 0x9
 837 039a 04       		.byte	0x4
 838 039b 62030000 		.4byte	0x362
 839 039f 03       		.uleb128 0x3
 840 03a0 F6010000 		.4byte	.LASF50
 841 03a4 08       		.byte	0x8
 842 03a5 33       		.byte	0x33
 843 03a6 62030000 		.4byte	0x362
 844 03aa 03       		.uleb128 0x3
 845 03ab 50000000 		.4byte	.LASF54
 846 03af 09       		.byte	0x9
 847 03b0 2C       		.byte	0x2c
 848 03b1 B5030000 		.4byte	0x3b5
 849 03b5 09       		.uleb128 0x9
 850 03b6 04       		.byte	0x4
 851 03b7 BB030000 		.4byte	0x3bb
ARM GAS  /var/folders/dt/0wfd0knj7gs46m8vwfzktm600000gn/T//ccWxyzE7.s 			page 16


 852 03bb 0E       		.uleb128 0xe
 853 03bc 01       		.byte	0x1
 854 03bd 98020000 		.4byte	0x298
 855 03c1 CB030000 		.4byte	0x3cb
 856 03c5 0F       		.uleb128 0xf
 857 03c6 30000000 		.4byte	0x30
 858 03ca 00       		.byte	0
 859 03cb 03       		.uleb128 0x3
 860 03cc 51020000 		.4byte	.LASF55
 861 03d0 0A       		.byte	0xa
 862 03d1 34       		.byte	0x34
 863 03d2 D6030000 		.4byte	0x3d6
 864 03d6 05       		.uleb128 0x5
 865 03d7 C7030000 		.4byte	.LASF56
 866 03db 20       		.byte	0x20
 867 03dc 0A       		.byte	0xa
 868 03dd 47       		.byte	0x47
 869 03de 0D040000 		.4byte	0x40d
 870 03e2 06       		.uleb128 0x6
 871 03e3 9C020000 		.4byte	.LASF57
 872 03e7 0A       		.byte	0xa
 873 03e8 48       		.byte	0x48
 874 03e9 AA030000 		.4byte	0x3aa
 875 03ed 02       		.byte	0x2
 876 03ee 23       		.byte	0x23
 877 03ef 00       		.uleb128 0
 878 03f0 06       		.uleb128 0x6
 879 03f1 7D000000 		.4byte	.LASF58
 880 03f5 0A       		.byte	0xa
 881 03f6 4A       		.byte	0x4a
 882 03f7 2C040000 		.4byte	0x42c
 883 03fb 02       		.byte	0x2
 884 03fc 23       		.byte	0x23
 885 03fd 08       		.uleb128 0x8
 886 03fe 06       		.uleb128 0x6
 887 03ff B0000000 		.4byte	.LASF59
 888 0403 0A       		.byte	0xa
 889 0404 4C       		.byte	0x4c
 890 0405 9F030000 		.4byte	0x39f
 891 0409 02       		.byte	0x2
 892 040a 23       		.byte	0x23
 893 040b 10       		.uleb128 0x10
 894 040c 00       		.byte	0
 895 040d 10       		.uleb128 0x10
 896 040e 04       		.byte	0x4
 897 040f 0A       		.byte	0xa
 898 0410 3C       		.byte	0x3c
 899 0411 2C040000 		.4byte	0x42c
 900 0415 11       		.uleb128 0x11
 901 0416 8A000000 		.4byte	.LASF60
 902 041a 0A       		.byte	0xa
 903 041b 3D       		.byte	0x3d
 904 041c 4D040000 		.4byte	0x44d
 905 0420 11       		.uleb128 0x11
 906 0421 23030000 		.4byte	.LASF61
 907 0425 0A       		.byte	0xa
 908 0426 3E       		.byte	0x3e
ARM GAS  /var/folders/dt/0wfd0knj7gs46m8vwfzktm600000gn/T//ccWxyzE7.s 			page 17


 909 0427 53040000 		.4byte	0x453
 910 042b 00       		.byte	0
 911 042c 12       		.uleb128 0x12
 912 042d CD020000 		.4byte	.LASF91
 913 0431 08       		.byte	0x8
 914 0432 0A       		.byte	0xa
 915 0433 39       		.byte	0x39
 916 0434 4D040000 		.4byte	0x44d
 917 0438 11       		.uleb128 0x11
 918 0439 8B010000 		.4byte	.LASF62
 919 043d 0A       		.byte	0xa
 920 043e 3A       		.byte	0x3a
 921 043f 9A020000 		.4byte	0x29a
 922 0443 13       		.uleb128 0x13
 923 0444 6800     		.ascii	"h\000"
 924 0446 0A       		.byte	0xa
 925 0447 41       		.byte	0x41
 926 0448 59040000 		.4byte	0x459
 927 044c 00       		.byte	0
 928 044d 09       		.uleb128 0x9
 929 044e 04       		.byte	0x4
 930 044f 2C040000 		.4byte	0x42c
 931 0453 09       		.uleb128 0x9
 932 0454 04       		.byte	0x4
 933 0455 CB030000 		.4byte	0x3cb
 934 0459 08       		.uleb128 0x8
 935 045a 08       		.byte	0x8
 936 045b 0A       		.byte	0xa
 937 045c 3B       		.byte	0x3b
 938 045d 7C040000 		.4byte	0x47c
 939 0461 07       		.uleb128 0x7
 940 0462 7500     		.ascii	"u\000"
 941 0464 0A       		.byte	0xa
 942 0465 3F       		.byte	0x3f
 943 0466 0D040000 		.4byte	0x40d
 944 046a 02       		.byte	0x2
 945 046b 23       		.byte	0x23
 946 046c 00       		.uleb128 0
 947 046d 06       		.uleb128 0x6
 948 046e B8010000 		.4byte	.LASF63
 949 0472 0A       		.byte	0xa
 950 0473 40       		.byte	0x40
 951 0474 30000000 		.4byte	0x30
 952 0478 02       		.byte	0x2
 953 0479 23       		.byte	0x23
 954 047a 04       		.uleb128 0x4
 955 047b 00       		.byte	0
 956 047c 05       		.uleb128 0x5
 957 047d 6F030000 		.4byte	.LASF64
 958 0481 04       		.byte	0x4
 959 0482 0B       		.byte	0xb
 960 0483 2C       		.byte	0x2c
 961 0484 97040000 		.4byte	0x497
 962 0488 06       		.uleb128 0x6
 963 0489 5C020000 		.4byte	.LASF65
 964 048d 0B       		.byte	0xb
 965 048e 2D       		.byte	0x2d
ARM GAS  /var/folders/dt/0wfd0knj7gs46m8vwfzktm600000gn/T//ccWxyzE7.s 			page 18


 966 048f 97040000 		.4byte	0x497
 967 0493 02       		.byte	0x2
 968 0494 23       		.byte	0x23
 969 0495 00       		.uleb128 0
 970 0496 00       		.byte	0
 971 0497 09       		.uleb128 0x9
 972 0498 04       		.byte	0x4
 973 0499 7C040000 		.4byte	0x47c
 974 049d 08       		.uleb128 0x8
 975 049e 0C       		.byte	0xc
 976 049f 0B       		.byte	0xb
 977 04a0 34       		.byte	0x34
 978 04a1 D0040000 		.4byte	0x4d0
 979 04a5 06       		.uleb128 0x6
 980 04a6 4C010000 		.4byte	.LASF66
 981 04aa 0B       		.byte	0xb
 982 04ab 35       		.byte	0x35
 983 04ac 97040000 		.4byte	0x497
 984 04b0 02       		.byte	0x2
 985 04b1 23       		.byte	0x23
 986 04b2 00       		.uleb128 0
 987 04b3 06       		.uleb128 0x6
 988 04b4 31020000 		.4byte	.LASF67
 989 04b8 0B       		.byte	0xb
 990 04b9 36       		.byte	0x36
 991 04ba 30000000 		.4byte	0x30
 992 04be 02       		.byte	0x2
 993 04bf 23       		.byte	0x23
 994 04c0 04       		.uleb128 0x4
 995 04c1 06       		.uleb128 0x6
 996 04c2 76010000 		.4byte	.LASF68
 997 04c6 0B       		.byte	0xb
 998 04c7 38       		.byte	0x38
 999 04c8 AA030000 		.4byte	0x3aa
 1000 04cc 02       		.byte	0x2
 1001 04cd 23       		.byte	0x23
 1002 04ce 08       		.uleb128 0x8
 1003 04cf 00       		.byte	0
 1004 04d0 03       		.uleb128 0x3
 1005 04d1 45000000 		.4byte	.LASF69
 1006 04d5 0B       		.byte	0xb
 1007 04d6 3A       		.byte	0x3a
 1008 04d7 9D040000 		.4byte	0x49d
 1009 04db 10       		.uleb128 0x10
 1010 04dc 04       		.byte	0x4
 1011 04dd 06       		.byte	0x6
 1012 04de 96       		.byte	0x96
 1013 04df 10050000 		.4byte	0x510
 1014 04e3 11       		.uleb128 0x11
 1015 04e4 35000000 		.4byte	.LASF70
 1016 04e8 06       		.byte	0x6
 1017 04e9 9D       		.byte	0x9d
 1018 04ea E4000000 		.4byte	0xe4
 1019 04ee 11       		.uleb128 0x11
 1020 04ef 74000000 		.4byte	.LASF71
 1021 04f3 06       		.byte	0x6
 1022 04f4 A4       		.byte	0xa4
ARM GAS  /var/folders/dt/0wfd0knj7gs46m8vwfzktm600000gn/T//ccWxyzE7.s 			page 19


 1023 04f5 E4000000 		.4byte	0xe4
 1024 04f9 11       		.uleb128 0x11
 1025 04fa A1030000 		.4byte	.LASF72
 1026 04fe 06       		.byte	0x6
 1027 04ff AB       		.byte	0xab
 1028 0500 98020000 		.4byte	0x298
 1029 0504 11       		.uleb128 0x11
 1030 0505 D9020000 		.4byte	.LASF73
 1031 0509 06       		.byte	0x6
 1032 050a B2       		.byte	0xb2
 1033 050b EF000000 		.4byte	0xef
 1034 050f 00       		.byte	0
 1035 0510 09       		.uleb128 0x9
 1036 0511 04       		.byte	0x4
 1037 0512 16050000 		.4byte	0x516
 1038 0516 14       		.uleb128 0x14
 1039 0517 1B050000 		.4byte	0x51b
 1040 051b 04       		.uleb128 0x4
 1041 051c 01       		.byte	0x1
 1042 051d 08       		.byte	0x8
 1043 051e 28030000 		.4byte	.LASF74
 1044 0522 09       		.uleb128 0x9
 1045 0523 04       		.byte	0x4
 1046 0524 9F030000 		.4byte	0x39f
 1047 0528 03       		.uleb128 0x3
 1048 0529 00000000 		.4byte	.LASF75
 1049 052d 06       		.byte	0x6
 1050 052e E5       		.byte	0xe5
 1051 052f 33050000 		.4byte	0x533
 1052 0533 09       		.uleb128 0x9
 1053 0534 04       		.byte	0x4
 1054 0535 39050000 		.4byte	0x539
 1055 0539 0E       		.uleb128 0xe
 1056 053a 01       		.byte	0x1
 1057 053b E4000000 		.4byte	0xe4
 1058 053f 49050000 		.4byte	0x549
 1059 0543 0F       		.uleb128 0xf
 1060 0544 98020000 		.4byte	0x298
 1061 0548 00       		.byte	0
 1062 0549 15       		.uleb128 0x15
 1063 054a 01       		.byte	0x1
 1064 054b FC010000 		.4byte	.LASF77
 1065 054f 01       		.byte	0x1
 1066 0550 34       		.byte	0x34
 1067 0551 01       		.byte	0x1
 1068 0552 5A020000 		.4byte	0x25a
 1069 0556 00000000 		.4byte	.LFB7
 1070 055a 14000000 		.4byte	.LFE7
 1071 055e 02       		.byte	0x2
 1072 055f 7D       		.byte	0x7d
 1073 0560 00       		.sleb128 0
 1074 0561 01       		.byte	0x1
 1075 0562 A5050000 		.4byte	0x5a5
 1076 0566 16       		.uleb128 0x16
 1077 0567 747000   		.ascii	"tp\000"
 1078 056a 01       		.byte	0x1
 1079 056b 34       		.byte	0x34
ARM GAS  /var/folders/dt/0wfd0knj7gs46m8vwfzktm600000gn/T//ccWxyzE7.s 			page 20


 1080 056c 5A020000 		.4byte	0x25a
 1081 0570 01       		.byte	0x1
 1082 0571 50       		.byte	0x50
 1083 0572 17       		.uleb128 0x17
 1084 0573 00000000 		.4byte	.LBB2
 1085 0577 06000000 		.4byte	.LBE2
 1086 057b 8F050000 		.4byte	0x58f
 1087 057f 18       		.uleb128 0x18
 1088 0580 746D7000 		.ascii	"tmp\000"
 1089 0584 01       		.byte	0x1
 1090 0585 36       		.byte	0x36
 1091 0586 7B000000 		.4byte	0x7b
 1092 058a 00000000 		.4byte	.LLST0
 1093 058e 00       		.byte	0
 1094 058f 19       		.uleb128 0x19
 1095 0590 00000000 		.4byte	.Ldebug_ranges0+0
 1096 0594 18       		.uleb128 0x18
 1097 0595 746D7000 		.ascii	"tmp\000"
 1098 0599 01       		.byte	0x1
 1099 059a 39       		.byte	0x39
 1100 059b 7B000000 		.4byte	0x7b
 1101 059f 13000000 		.4byte	.LLST1
 1102 05a3 00       		.byte	0
 1103 05a4 00       		.byte	0
 1104 05a5 1A       		.uleb128 0x1a
 1105 05a6 01       		.byte	0x1
 1106 05a7 EF020000 		.4byte	.LASF92
 1107 05ab 01       		.byte	0x1
 1108 05ac 4A       		.byte	0x4a
 1109 05ad 01       		.byte	0x1
 1110 05ae 00000000 		.4byte	.LFB8
 1111 05b2 4C000000 		.4byte	.LFE8
 1112 05b6 02       		.byte	0x2
 1113 05b7 7D       		.byte	0x7d
 1114 05b8 00       		.sleb128 0
 1115 05b9 01       		.byte	0x1
 1116 05ba 3A060000 		.4byte	0x63a
 1117 05be 1B       		.uleb128 0x1b
 1118 05bf 747000   		.ascii	"tp\000"
 1119 05c2 01       		.byte	0x1
 1120 05c3 4A       		.byte	0x4a
 1121 05c4 5A020000 		.4byte	0x25a
 1122 05c8 26000000 		.4byte	.LLST2
 1123 05cc 1C       		.uleb128 0x1c
 1124 05cd 6C020000 		.4byte	.LASF76
 1125 05d1 01       		.byte	0x1
 1126 05d2 4B       		.byte	0x4b
 1127 05d3 C3000000 		.4byte	0xc3
 1128 05d7 6B000000 		.4byte	.LLST3
 1129 05db 17       		.uleb128 0x17
 1130 05dc 02000000 		.4byte	.LBB5
 1131 05e0 08000000 		.4byte	.LBE5
 1132 05e4 F8050000 		.4byte	0x5f8
 1133 05e8 18       		.uleb128 0x18
 1134 05e9 746D7000 		.ascii	"tmp\000"
 1135 05ed 01       		.byte	0x1
 1136 05ee 4D       		.byte	0x4d
ARM GAS  /var/folders/dt/0wfd0knj7gs46m8vwfzktm600000gn/T//ccWxyzE7.s 			page 21


 1137 05ef 7B000000 		.4byte	0x7b
 1138 05f3 C5000000 		.4byte	.LLST4
 1139 05f7 00       		.byte	0
 1140 05f8 1D       		.uleb128 0x1d
 1141 05f9 18000000 		.4byte	.Ldebug_ranges0+0x18
 1142 05fd 11060000 		.4byte	0x611
 1143 0601 18       		.uleb128 0x18
 1144 0602 746D7000 		.ascii	"tmp\000"
 1145 0606 01       		.byte	0x1
 1146 0607 50       		.byte	0x50
 1147 0608 7B000000 		.4byte	0x7b
 1148 060c D8000000 		.4byte	.LLST5
 1149 0610 00       		.byte	0
 1150 0611 1E       		.uleb128 0x1e
 1151 0612 3E000000 		.4byte	.LVL16
 1152 0616 01       		.byte	0x1
 1153 0617 56080000 		.4byte	0x856
 1154 061b 27060000 		.4byte	0x627
 1155 061f 1F       		.uleb128 0x1f
 1156 0620 01       		.byte	0x1
 1157 0621 51       		.byte	0x51
 1158 0622 03       		.byte	0x3
 1159 0623 F3       		.byte	0xf3
 1160 0624 01       		.uleb128 0x1
 1161 0625 50       		.byte	0x50
 1162 0626 00       		.byte	0
 1163 0627 20       		.uleb128 0x20
 1164 0628 4C000000 		.4byte	.LVL18
 1165 062c 01       		.byte	0x1
 1166 062d 6F080000 		.4byte	0x86f
 1167 0631 1F       		.uleb128 0x1f
 1168 0632 01       		.byte	0x1
 1169 0633 50       		.byte	0x50
 1170 0634 03       		.byte	0x3
 1171 0635 F3       		.byte	0xf3
 1172 0636 01       		.uleb128 0x1
 1173 0637 50       		.byte	0x50
 1174 0638 00       		.byte	0
 1175 0639 00       		.byte	0
 1176 063a 21       		.uleb128 0x21
 1177 063b 01       		.byte	0x1
 1178 063c 38010000 		.4byte	.LASF78
 1179 0640 01       		.byte	0x1
 1180 0641 82       		.byte	0x82
 1181 0642 01       		.byte	0x1
 1182 0643 5A020000 		.4byte	0x25a
 1183 0647 00000000 		.4byte	.LFB9
 1184 064b 3E000000 		.4byte	.LFE9
 1185 064f F6000000 		.4byte	.LLST6
 1186 0653 01       		.byte	0x1
 1187 0654 50070000 		.4byte	0x750
 1188 0658 22       		.uleb128 0x22
 1189 0659 84000000 		.4byte	.LASF79
 1190 065d 01       		.byte	0x1
 1191 065e 82       		.byte	0x82
 1192 065f 53040000 		.4byte	0x453
 1193 0663 22010000 		.4byte	.LLST7
ARM GAS  /var/folders/dt/0wfd0knj7gs46m8vwfzktm600000gn/T//ccWxyzE7.s 			page 22


 1194 0667 22       		.uleb128 0x22
 1195 0668 B8010000 		.4byte	.LASF63
 1196 066c 01       		.byte	0x1
 1197 066d 82       		.byte	0x82
 1198 066e 30000000 		.4byte	0x30
 1199 0672 43010000 		.4byte	.LLST8
 1200 0676 22       		.uleb128 0x22
 1201 0677 4C020000 		.4byte	.LASF80
 1202 067b 01       		.byte	0x1
 1203 067c 83       		.byte	0x83
 1204 067d D9000000 		.4byte	0xd9
 1205 0681 61010000 		.4byte	.LLST9
 1206 0685 1B       		.uleb128 0x1b
 1207 0686 706600   		.ascii	"pf\000"
 1208 0689 01       		.byte	0x1
 1209 068a 83       		.byte	0x83
 1210 068b 28050000 		.4byte	0x528
 1211 068f 7F010000 		.4byte	.LLST10
 1212 0693 16       		.uleb128 0x16
 1213 0694 61726700 		.ascii	"arg\000"
 1214 0698 01       		.byte	0x1
 1215 0699 83       		.byte	0x83
 1216 069a 98020000 		.4byte	0x298
 1217 069e 02       		.byte	0x2
 1218 069f 91       		.byte	0x91
 1219 06a0 00       		.sleb128 0
 1220 06a1 18       		.uleb128 0x18
 1221 06a2 77737000 		.ascii	"wsp\000"
 1222 06a6 01       		.byte	0x1
 1223 06a7 84       		.byte	0x84
 1224 06a8 98020000 		.4byte	0x298
 1225 06ac 9D010000 		.4byte	.LLST11
 1226 06b0 18       		.uleb128 0x18
 1227 06b1 747000   		.ascii	"tp\000"
 1228 06b4 01       		.byte	0x1
 1229 06b5 85       		.byte	0x85
 1230 06b6 5A020000 		.4byte	0x25a
 1231 06ba B0010000 		.4byte	.LLST12
 1232 06be 17       		.uleb128 0x17
 1233 06bf 12000000 		.4byte	.LBB8
 1234 06c3 18000000 		.4byte	.LBE8
 1235 06c7 DB060000 		.4byte	0x6db
 1236 06cb 18       		.uleb128 0x18
 1237 06cc 746D7000 		.ascii	"tmp\000"
 1238 06d0 01       		.byte	0x1
 1239 06d1 94       		.byte	0x94
 1240 06d2 7B000000 		.4byte	0x7b
 1241 06d6 CE010000 		.4byte	.LLST13
 1242 06da 00       		.byte	0
 1243 06db 17       		.uleb128 0x17
 1244 06dc 32000000 		.4byte	.LBB9
 1245 06e0 38000000 		.4byte	.LBE9
 1246 06e4 F8060000 		.4byte	0x6f8
 1247 06e8 18       		.uleb128 0x18
 1248 06e9 746D7000 		.ascii	"tmp\000"
 1249 06ed 01       		.byte	0x1
 1250 06ee 98       		.byte	0x98
ARM GAS  /var/folders/dt/0wfd0knj7gs46m8vwfzktm600000gn/T//ccWxyzE7.s 			page 23


 1251 06ef 7B000000 		.4byte	0x7b
 1252 06f3 E1010000 		.4byte	.LLST14
 1253 06f7 00       		.byte	0
 1254 06f8 23       		.uleb128 0x23
 1255 06f9 0E000000 		.4byte	.LVL20
 1256 06fd 83080000 		.4byte	0x883
 1257 0701 13070000 		.4byte	0x713
 1258 0705 1F       		.uleb128 0x1f
 1259 0706 01       		.byte	0x1
 1260 0707 51       		.byte	0x51
 1261 0708 02       		.byte	0x2
 1262 0709 75       		.byte	0x75
 1263 070a 00       		.sleb128 0
 1264 070b 1F       		.uleb128 0x1f
 1265 070c 01       		.byte	0x1
 1266 070d 50       		.byte	0x50
 1267 070e 03       		.byte	0x3
 1268 070f F3       		.byte	0xf3
 1269 0710 01       		.uleb128 0x1
 1270 0711 50       		.byte	0x50
 1271 0712 00       		.byte	0
 1272 0713 23       		.uleb128 0x23
 1273 0714 26000000 		.4byte	.LVL24
 1274 0718 A0080000 		.4byte	0x8a0
 1275 071c 3A070000 		.4byte	0x73a
 1276 0720 1F       		.uleb128 0x1f
 1277 0721 01       		.byte	0x1
 1278 0722 53       		.byte	0x53
 1279 0723 02       		.byte	0x2
 1280 0724 76       		.byte	0x76
 1281 0725 00       		.sleb128 0
 1282 0726 1F       		.uleb128 0x1f
 1283 0727 01       		.byte	0x1
 1284 0728 52       		.byte	0x52
 1285 0729 02       		.byte	0x2
 1286 072a 77       		.byte	0x77
 1287 072b 00       		.sleb128 0
 1288 072c 1F       		.uleb128 0x1f
 1289 072d 01       		.byte	0x1
 1290 072e 51       		.byte	0x51
 1291 072f 02       		.byte	0x2
 1292 0730 75       		.byte	0x75
 1293 0731 00       		.sleb128 0
 1294 0732 1F       		.uleb128 0x1f
 1295 0733 02       		.byte	0x2
 1296 0734 7D       		.byte	0x7d
 1297 0735 00       		.sleb128 0
 1298 0736 02       		.byte	0x2
 1299 0737 74       		.byte	0x74
 1300 0738 00       		.sleb128 0
 1301 0739 00       		.byte	0
 1302 073a 24       		.uleb128 0x24
 1303 073b 32000000 		.4byte	.LVL26
 1304 073f CD080000 		.4byte	0x8cd
 1305 0743 1F       		.uleb128 0x1f
 1306 0744 01       		.byte	0x1
 1307 0745 51       		.byte	0x51
ARM GAS  /var/folders/dt/0wfd0knj7gs46m8vwfzktm600000gn/T//ccWxyzE7.s 			page 24


 1308 0746 01       		.byte	0x1
 1309 0747 30       		.byte	0x30
 1310 0748 1F       		.uleb128 0x1f
 1311 0749 01       		.byte	0x1
 1312 074a 50       		.byte	0x50
 1313 074b 02       		.byte	0x2
 1314 074c 74       		.byte	0x74
 1315 074d 00       		.sleb128 0
 1316 074e 00       		.byte	0
 1317 074f 00       		.byte	0
 1318 0750 21       		.uleb128 0x21
 1319 0751 01       		.byte	0x1
 1320 0752 5C010000 		.4byte	.LASF81
 1321 0756 01       		.byte	0x1
 1322 0757 B3       		.byte	0xb3
 1323 0758 01       		.byte	0x1
 1324 0759 5A020000 		.4byte	0x25a
 1325 075d 00000000 		.4byte	.LFB10
 1326 0761 44000000 		.4byte	.LFE10
 1327 0765 F4010000 		.4byte	.LLST15
 1328 0769 01       		.byte	0x1
 1329 076a 50080000 		.4byte	0x850
 1330 076e 1B       		.uleb128 0x1b
 1331 076f 6D7000   		.ascii	"mp\000"
 1332 0772 01       		.byte	0x1
 1333 0773 B3       		.byte	0xb3
 1334 0774 50080000 		.4byte	0x850
 1335 0778 20020000 		.4byte	.LLST16
 1336 077c 22       		.uleb128 0x22
 1337 077d 4C020000 		.4byte	.LASF80
 1338 0781 01       		.byte	0x1
 1339 0782 B3       		.byte	0xb3
 1340 0783 D9000000 		.4byte	0xd9
 1341 0787 3E020000 		.4byte	.LLST17
 1342 078b 1B       		.uleb128 0x1b
 1343 078c 706600   		.ascii	"pf\000"
 1344 078f 01       		.byte	0x1
 1345 0790 B4       		.byte	0xb4
 1346 0791 28050000 		.4byte	0x528
 1347 0795 5C020000 		.4byte	.LLST18
 1348 0799 1B       		.uleb128 0x1b
 1349 079a 61726700 		.ascii	"arg\000"
 1350 079e 01       		.byte	0x1
 1351 079f B4       		.byte	0xb4
 1352 07a0 98020000 		.4byte	0x298
 1353 07a4 7A020000 		.4byte	.LLST19
 1354 07a8 18       		.uleb128 0x18
 1355 07a9 77737000 		.ascii	"wsp\000"
 1356 07ad 01       		.byte	0x1
 1357 07ae B5       		.byte	0xb5
 1358 07af 98020000 		.4byte	0x298
 1359 07b3 98020000 		.4byte	.LLST20
 1360 07b7 18       		.uleb128 0x18
 1361 07b8 747000   		.ascii	"tp\000"
 1362 07bb 01       		.byte	0x1
 1363 07bc B6       		.byte	0xb6
 1364 07bd 5A020000 		.4byte	0x25a
ARM GAS  /var/folders/dt/0wfd0knj7gs46m8vwfzktm600000gn/T//ccWxyzE7.s 			page 25


 1365 07c1 B6020000 		.4byte	.LLST21
 1366 07c5 17       		.uleb128 0x17
 1367 07c6 16000000 		.4byte	.LBB10
 1368 07ca 1C000000 		.4byte	.LBE10
 1369 07ce E2070000 		.4byte	0x7e2
 1370 07d2 18       		.uleb128 0x18
 1371 07d3 746D7000 		.ascii	"tmp\000"
 1372 07d7 01       		.byte	0x1
 1373 07d8 C7       		.byte	0xc7
 1374 07d9 7B000000 		.4byte	0x7b
 1375 07dd D4020000 		.4byte	.LLST22
 1376 07e1 00       		.byte	0
 1377 07e2 17       		.uleb128 0x17
 1378 07e3 36000000 		.4byte	.LBB11
 1379 07e7 3C000000 		.4byte	.LBE11
 1380 07eb FF070000 		.4byte	0x7ff
 1381 07ef 18       		.uleb128 0x18
 1382 07f0 746D7000 		.ascii	"tmp\000"
 1383 07f4 01       		.byte	0x1
 1384 07f5 CC       		.byte	0xcc
 1385 07f6 7B000000 		.4byte	0x7b
 1386 07fa E7020000 		.4byte	.LLST23
 1387 07fe 00       		.byte	0
 1388 07ff 23       		.uleb128 0x23
 1389 0800 12000000 		.4byte	.LVL30
 1390 0804 E6080000 		.4byte	0x8e6
 1391 0808 13080000 		.4byte	0x813
 1392 080c 1F       		.uleb128 0x1f
 1393 080d 01       		.byte	0x1
 1394 080e 50       		.byte	0x50
 1395 080f 02       		.byte	0x2
 1396 0810 75       		.byte	0x75
 1397 0811 00       		.sleb128 0
 1398 0812 00       		.byte	0
 1399 0813 23       		.uleb128 0x23
 1400 0814 28000000 		.4byte	.LVL34
 1401 0818 A0080000 		.4byte	0x8a0
 1402 081c 3A080000 		.4byte	0x83a
 1403 0820 1F       		.uleb128 0x1f
 1404 0821 01       		.byte	0x1
 1405 0822 53       		.byte	0x53
 1406 0823 02       		.byte	0x2
 1407 0824 78       		.byte	0x78
 1408 0825 00       		.sleb128 0
 1409 0826 1F       		.uleb128 0x1f
 1410 0827 01       		.byte	0x1
 1411 0828 52       		.byte	0x52
 1412 0829 02       		.byte	0x2
 1413 082a 77       		.byte	0x77
 1414 082b 00       		.sleb128 0
 1415 082c 1F       		.uleb128 0x1f
 1416 082d 01       		.byte	0x1
 1417 082e 50       		.byte	0x50
 1418 082f 02       		.byte	0x2
 1419 0830 74       		.byte	0x74
 1420 0831 00       		.sleb128 0
 1421 0832 1F       		.uleb128 0x1f
ARM GAS  /var/folders/dt/0wfd0knj7gs46m8vwfzktm600000gn/T//ccWxyzE7.s 			page 26


 1422 0833 02       		.byte	0x2
 1423 0834 7D       		.byte	0x7d
 1424 0835 00       		.sleb128 0
 1425 0836 02       		.byte	0x2
 1426 0837 76       		.byte	0x76
 1427 0838 00       		.sleb128 0
 1428 0839 00       		.byte	0
 1429 083a 24       		.uleb128 0x24
 1430 083b 36000000 		.4byte	.LVL36
 1431 083f CD080000 		.4byte	0x8cd
 1432 0843 1F       		.uleb128 0x1f
 1433 0844 01       		.byte	0x1
 1434 0845 51       		.byte	0x51
 1435 0846 01       		.byte	0x1
 1436 0847 30       		.byte	0x30
 1437 0848 1F       		.uleb128 0x1f
 1438 0849 01       		.byte	0x1
 1439 084a 50       		.byte	0x50
 1440 084b 02       		.byte	0x2
 1441 084c 74       		.byte	0x74
 1442 084d 00       		.sleb128 0
 1443 084e 00       		.byte	0
 1444 084f 00       		.byte	0
 1445 0850 09       		.uleb128 0x9
 1446 0851 04       		.byte	0x4
 1447 0852 D0040000 		.4byte	0x4d0
 1448 0856 25       		.uleb128 0x25
 1449 0857 01       		.byte	0x1
 1450 0858 96030000 		.4byte	.LASF82
 1451 085c 0B       		.byte	0xb
 1452 085d 84       		.byte	0x84
 1453 085e 01       		.byte	0x1
 1454 085f 01       		.byte	0x1
 1455 0860 6F080000 		.4byte	0x86f
 1456 0864 0F       		.uleb128 0xf
 1457 0865 50080000 		.4byte	0x850
 1458 0869 0F       		.uleb128 0xf
 1459 086a 98020000 		.4byte	0x298
 1460 086e 00       		.byte	0
 1461 086f 25       		.uleb128 0x25
 1462 0870 01       		.byte	0x1
 1463 0871 C6000000 		.4byte	.LASF83
 1464 0875 0A       		.byte	0xa
 1465 0876 5A       		.byte	0x5a
 1466 0877 01       		.byte	0x1
 1467 0878 01       		.byte	0x1
 1468 0879 83080000 		.4byte	0x883
 1469 087d 0F       		.uleb128 0xf
 1470 087e 98020000 		.4byte	0x298
 1471 0882 00       		.byte	0
 1472 0883 26       		.uleb128 0x26
 1473 0884 01       		.byte	0x1
 1474 0885 03030000 		.4byte	.LASF84
 1475 0889 0A       		.byte	0xa
 1476 088a 59       		.byte	0x59
 1477 088b 01       		.byte	0x1
 1478 088c 98020000 		.4byte	0x298
ARM GAS  /var/folders/dt/0wfd0knj7gs46m8vwfzktm600000gn/T//ccWxyzE7.s 			page 27


 1479 0890 01       		.byte	0x1
 1480 0891 A0080000 		.4byte	0x8a0
 1481 0895 0F       		.uleb128 0xf
 1482 0896 53040000 		.4byte	0x453
 1483 089a 0F       		.uleb128 0xf
 1484 089b 30000000 		.4byte	0x30
 1485 089f 00       		.byte	0
 1486 08a0 27       		.uleb128 0x27
 1487 08a1 01       		.byte	0x1
 1488 08a2 DB000000 		.4byte	.LASF85
 1489 08a6 06       		.byte	0x6
 1490 08a7 6E01     		.2byte	0x16e
 1491 08a9 01       		.byte	0x1
 1492 08aa 5A020000 		.4byte	0x25a
 1493 08ae 01       		.byte	0x1
 1494 08af CD080000 		.4byte	0x8cd
 1495 08b3 0F       		.uleb128 0xf
 1496 08b4 98020000 		.4byte	0x298
 1497 08b8 0F       		.uleb128 0xf
 1498 08b9 30000000 		.4byte	0x30
 1499 08bd 0F       		.uleb128 0xf
 1500 08be D9000000 		.4byte	0xd9
 1501 08c2 0F       		.uleb128 0xf
 1502 08c3 28050000 		.4byte	0x528
 1503 08c7 0F       		.uleb128 0xf
 1504 08c8 98020000 		.4byte	0x298
 1505 08cc 00       		.byte	0
 1506 08cd 25       		.uleb128 0x25
 1507 08ce 01       		.byte	0x1
 1508 08cf 62030000 		.4byte	.LASF86
 1509 08d3 0C       		.byte	0xc
 1510 08d4 99       		.byte	0x99
 1511 08d5 01       		.byte	0x1
 1512 08d6 01       		.byte	0x1
 1513 08d7 E6080000 		.4byte	0x8e6
 1514 08db 0F       		.uleb128 0xf
 1515 08dc 5A020000 		.4byte	0x25a
 1516 08e0 0F       		.uleb128 0xf
 1517 08e1 E4000000 		.4byte	0xe4
 1518 08e5 00       		.byte	0
 1519 08e6 28       		.uleb128 0x28
 1520 08e7 01       		.byte	0x1
 1521 08e8 8A030000 		.4byte	.LASF87
 1522 08ec 0B       		.byte	0xb
 1523 08ed 82       		.byte	0x82
 1524 08ee 01       		.byte	0x1
 1525 08ef 98020000 		.4byte	0x298
 1526 08f3 01       		.byte	0x1
 1527 08f4 0F       		.uleb128 0xf
 1528 08f5 50080000 		.4byte	0x850
 1529 08f9 00       		.byte	0
 1530 08fa 00       		.byte	0
 1531              		.section	.debug_abbrev,"",%progbits
 1532              	.Ldebug_abbrev0:
 1533 0000 01       		.uleb128 0x1
 1534 0001 11       		.uleb128 0x11
 1535 0002 01       		.byte	0x1
ARM GAS  /var/folders/dt/0wfd0knj7gs46m8vwfzktm600000gn/T//ccWxyzE7.s 			page 28


 1536 0003 25       		.uleb128 0x25
 1537 0004 0E       		.uleb128 0xe
 1538 0005 13       		.uleb128 0x13
 1539 0006 0B       		.uleb128 0xb
 1540 0007 03       		.uleb128 0x3
 1541 0008 0E       		.uleb128 0xe
 1542 0009 1B       		.uleb128 0x1b
 1543 000a 0E       		.uleb128 0xe
 1544 000b 55       		.uleb128 0x55
 1545 000c 06       		.uleb128 0x6
 1546 000d 11       		.uleb128 0x11
 1547 000e 01       		.uleb128 0x1
 1548 000f 52       		.uleb128 0x52
 1549 0010 01       		.uleb128 0x1
 1550 0011 10       		.uleb128 0x10
 1551 0012 06       		.uleb128 0x6
 1552 0013 00       		.byte	0
 1553 0014 00       		.byte	0
 1554 0015 02       		.uleb128 0x2
 1555 0016 24       		.uleb128 0x24
 1556 0017 00       		.byte	0
 1557 0018 0B       		.uleb128 0xb
 1558 0019 0B       		.uleb128 0xb
 1559 001a 3E       		.uleb128 0x3e
 1560 001b 0B       		.uleb128 0xb
 1561 001c 03       		.uleb128 0x3
 1562 001d 08       		.uleb128 0x8
 1563 001e 00       		.byte	0
 1564 001f 00       		.byte	0
 1565 0020 03       		.uleb128 0x3
 1566 0021 16       		.uleb128 0x16
 1567 0022 00       		.byte	0
 1568 0023 03       		.uleb128 0x3
 1569 0024 0E       		.uleb128 0xe
 1570 0025 3A       		.uleb128 0x3a
 1571 0026 0B       		.uleb128 0xb
 1572 0027 3B       		.uleb128 0x3b
 1573 0028 0B       		.uleb128 0xb
 1574 0029 49       		.uleb128 0x49
 1575 002a 13       		.uleb128 0x13
 1576 002b 00       		.byte	0
 1577 002c 00       		.byte	0
 1578 002d 04       		.uleb128 0x4
 1579 002e 24       		.uleb128 0x24
 1580 002f 00       		.byte	0
 1581 0030 0B       		.uleb128 0xb
 1582 0031 0B       		.uleb128 0xb
 1583 0032 3E       		.uleb128 0x3e
 1584 0033 0B       		.uleb128 0xb
 1585 0034 03       		.uleb128 0x3
 1586 0035 0E       		.uleb128 0xe
 1587 0036 00       		.byte	0
 1588 0037 00       		.byte	0
 1589 0038 05       		.uleb128 0x5
 1590 0039 13       		.uleb128 0x13
 1591 003a 01       		.byte	0x1
 1592 003b 03       		.uleb128 0x3
ARM GAS  /var/folders/dt/0wfd0knj7gs46m8vwfzktm600000gn/T//ccWxyzE7.s 			page 29


 1593 003c 0E       		.uleb128 0xe
 1594 003d 0B       		.uleb128 0xb
 1595 003e 0B       		.uleb128 0xb
 1596 003f 3A       		.uleb128 0x3a
 1597 0040 0B       		.uleb128 0xb
 1598 0041 3B       		.uleb128 0x3b
 1599 0042 0B       		.uleb128 0xb
 1600 0043 01       		.uleb128 0x1
 1601 0044 13       		.uleb128 0x13
 1602 0045 00       		.byte	0
 1603 0046 00       		.byte	0
 1604 0047 06       		.uleb128 0x6
 1605 0048 0D       		.uleb128 0xd
 1606 0049 00       		.byte	0
 1607 004a 03       		.uleb128 0x3
 1608 004b 0E       		.uleb128 0xe
 1609 004c 3A       		.uleb128 0x3a
 1610 004d 0B       		.uleb128 0xb
 1611 004e 3B       		.uleb128 0x3b
 1612 004f 0B       		.uleb128 0xb
 1613 0050 49       		.uleb128 0x49
 1614 0051 13       		.uleb128 0x13
 1615 0052 38       		.uleb128 0x38
 1616 0053 0A       		.uleb128 0xa
 1617 0054 00       		.byte	0
 1618 0055 00       		.byte	0
 1619 0056 07       		.uleb128 0x7
 1620 0057 0D       		.uleb128 0xd
 1621 0058 00       		.byte	0
 1622 0059 03       		.uleb128 0x3
 1623 005a 08       		.uleb128 0x8
 1624 005b 3A       		.uleb128 0x3a
 1625 005c 0B       		.uleb128 0xb
 1626 005d 3B       		.uleb128 0x3b
 1627 005e 0B       		.uleb128 0xb
 1628 005f 49       		.uleb128 0x49
 1629 0060 13       		.uleb128 0x13
 1630 0061 38       		.uleb128 0x38
 1631 0062 0A       		.uleb128 0xa
 1632 0063 00       		.byte	0
 1633 0064 00       		.byte	0
 1634 0065 08       		.uleb128 0x8
 1635 0066 13       		.uleb128 0x13
 1636 0067 01       		.byte	0x1
 1637 0068 0B       		.uleb128 0xb
 1638 0069 0B       		.uleb128 0xb
 1639 006a 3A       		.uleb128 0x3a
 1640 006b 0B       		.uleb128 0xb
 1641 006c 3B       		.uleb128 0x3b
 1642 006d 0B       		.uleb128 0xb
 1643 006e 01       		.uleb128 0x1
 1644 006f 13       		.uleb128 0x13
 1645 0070 00       		.byte	0
 1646 0071 00       		.byte	0
 1647 0072 09       		.uleb128 0x9
 1648 0073 0F       		.uleb128 0xf
 1649 0074 00       		.byte	0
ARM GAS  /var/folders/dt/0wfd0knj7gs46m8vwfzktm600000gn/T//ccWxyzE7.s 			page 30


 1650 0075 0B       		.uleb128 0xb
 1651 0076 0B       		.uleb128 0xb
 1652 0077 49       		.uleb128 0x49
 1653 0078 13       		.uleb128 0x13
 1654 0079 00       		.byte	0
 1655 007a 00       		.byte	0
 1656 007b 0A       		.uleb128 0xa
 1657 007c 0F       		.uleb128 0xf
 1658 007d 00       		.byte	0
 1659 007e 0B       		.uleb128 0xb
 1660 007f 0B       		.uleb128 0xb
 1661 0080 00       		.byte	0
 1662 0081 00       		.byte	0
 1663 0082 0B       		.uleb128 0xb
 1664 0083 13       		.uleb128 0x13
 1665 0084 01       		.byte	0x1
 1666 0085 03       		.uleb128 0x3
 1667 0086 0E       		.uleb128 0xe
 1668 0087 0B       		.uleb128 0xb
 1669 0088 0B       		.uleb128 0xb
 1670 0089 3A       		.uleb128 0x3a
 1671 008a 0B       		.uleb128 0xb
 1672 008b 3B       		.uleb128 0x3b
 1673 008c 05       		.uleb128 0x5
 1674 008d 01       		.uleb128 0x1
 1675 008e 13       		.uleb128 0x13
 1676 008f 00       		.byte	0
 1677 0090 00       		.byte	0
 1678 0091 0C       		.uleb128 0xc
 1679 0092 0D       		.uleb128 0xd
 1680 0093 00       		.byte	0
 1681 0094 03       		.uleb128 0x3
 1682 0095 08       		.uleb128 0x8
 1683 0096 3A       		.uleb128 0x3a
 1684 0097 0B       		.uleb128 0xb
 1685 0098 3B       		.uleb128 0x3b
 1686 0099 05       		.uleb128 0x5
 1687 009a 49       		.uleb128 0x49
 1688 009b 13       		.uleb128 0x13
 1689 009c 38       		.uleb128 0x38
 1690 009d 0A       		.uleb128 0xa
 1691 009e 00       		.byte	0
 1692 009f 00       		.byte	0
 1693 00a0 0D       		.uleb128 0xd
 1694 00a1 35       		.uleb128 0x35
 1695 00a2 00       		.byte	0
 1696 00a3 49       		.uleb128 0x49
 1697 00a4 13       		.uleb128 0x13
 1698 00a5 00       		.byte	0
 1699 00a6 00       		.byte	0
 1700 00a7 0E       		.uleb128 0xe
 1701 00a8 15       		.uleb128 0x15
 1702 00a9 01       		.byte	0x1
 1703 00aa 27       		.uleb128 0x27
 1704 00ab 0C       		.uleb128 0xc
 1705 00ac 49       		.uleb128 0x49
 1706 00ad 13       		.uleb128 0x13
ARM GAS  /var/folders/dt/0wfd0knj7gs46m8vwfzktm600000gn/T//ccWxyzE7.s 			page 31


 1707 00ae 01       		.uleb128 0x1
 1708 00af 13       		.uleb128 0x13
 1709 00b0 00       		.byte	0
 1710 00b1 00       		.byte	0
 1711 00b2 0F       		.uleb128 0xf
 1712 00b3 05       		.uleb128 0x5
 1713 00b4 00       		.byte	0
 1714 00b5 49       		.uleb128 0x49
 1715 00b6 13       		.uleb128 0x13
 1716 00b7 00       		.byte	0
 1717 00b8 00       		.byte	0
 1718 00b9 10       		.uleb128 0x10
 1719 00ba 17       		.uleb128 0x17
 1720 00bb 01       		.byte	0x1
 1721 00bc 0B       		.uleb128 0xb
 1722 00bd 0B       		.uleb128 0xb
 1723 00be 3A       		.uleb128 0x3a
 1724 00bf 0B       		.uleb128 0xb
 1725 00c0 3B       		.uleb128 0x3b
 1726 00c1 0B       		.uleb128 0xb
 1727 00c2 01       		.uleb128 0x1
 1728 00c3 13       		.uleb128 0x13
 1729 00c4 00       		.byte	0
 1730 00c5 00       		.byte	0
 1731 00c6 11       		.uleb128 0x11
 1732 00c7 0D       		.uleb128 0xd
 1733 00c8 00       		.byte	0
 1734 00c9 03       		.uleb128 0x3
 1735 00ca 0E       		.uleb128 0xe
 1736 00cb 3A       		.uleb128 0x3a
 1737 00cc 0B       		.uleb128 0xb
 1738 00cd 3B       		.uleb128 0x3b
 1739 00ce 0B       		.uleb128 0xb
 1740 00cf 49       		.uleb128 0x49
 1741 00d0 13       		.uleb128 0x13
 1742 00d1 00       		.byte	0
 1743 00d2 00       		.byte	0
 1744 00d3 12       		.uleb128 0x12
 1745 00d4 17       		.uleb128 0x17
 1746 00d5 01       		.byte	0x1
 1747 00d6 03       		.uleb128 0x3
 1748 00d7 0E       		.uleb128 0xe
 1749 00d8 0B       		.uleb128 0xb
 1750 00d9 0B       		.uleb128 0xb
 1751 00da 3A       		.uleb128 0x3a
 1752 00db 0B       		.uleb128 0xb
 1753 00dc 3B       		.uleb128 0x3b
 1754 00dd 0B       		.uleb128 0xb
 1755 00de 01       		.uleb128 0x1
 1756 00df 13       		.uleb128 0x13
 1757 00e0 00       		.byte	0
 1758 00e1 00       		.byte	0
 1759 00e2 13       		.uleb128 0x13
 1760 00e3 0D       		.uleb128 0xd
 1761 00e4 00       		.byte	0
 1762 00e5 03       		.uleb128 0x3
 1763 00e6 08       		.uleb128 0x8
ARM GAS  /var/folders/dt/0wfd0knj7gs46m8vwfzktm600000gn/T//ccWxyzE7.s 			page 32


 1764 00e7 3A       		.uleb128 0x3a
 1765 00e8 0B       		.uleb128 0xb
 1766 00e9 3B       		.uleb128 0x3b
 1767 00ea 0B       		.uleb128 0xb
 1768 00eb 49       		.uleb128 0x49
 1769 00ec 13       		.uleb128 0x13
 1770 00ed 00       		.byte	0
 1771 00ee 00       		.byte	0
 1772 00ef 14       		.uleb128 0x14
 1773 00f0 26       		.uleb128 0x26
 1774 00f1 00       		.byte	0
 1775 00f2 49       		.uleb128 0x49
 1776 00f3 13       		.uleb128 0x13
 1777 00f4 00       		.byte	0
 1778 00f5 00       		.byte	0
 1779 00f6 15       		.uleb128 0x15
 1780 00f7 2E       		.uleb128 0x2e
 1781 00f8 01       		.byte	0x1
 1782 00f9 3F       		.uleb128 0x3f
 1783 00fa 0C       		.uleb128 0xc
 1784 00fb 03       		.uleb128 0x3
 1785 00fc 0E       		.uleb128 0xe
 1786 00fd 3A       		.uleb128 0x3a
 1787 00fe 0B       		.uleb128 0xb
 1788 00ff 3B       		.uleb128 0x3b
 1789 0100 0B       		.uleb128 0xb
 1790 0101 27       		.uleb128 0x27
 1791 0102 0C       		.uleb128 0xc
 1792 0103 49       		.uleb128 0x49
 1793 0104 13       		.uleb128 0x13
 1794 0105 11       		.uleb128 0x11
 1795 0106 01       		.uleb128 0x1
 1796 0107 12       		.uleb128 0x12
 1797 0108 01       		.uleb128 0x1
 1798 0109 40       		.uleb128 0x40
 1799 010a 0A       		.uleb128 0xa
 1800 010b 9742     		.uleb128 0x2117
 1801 010d 0C       		.uleb128 0xc
 1802 010e 01       		.uleb128 0x1
 1803 010f 13       		.uleb128 0x13
 1804 0110 00       		.byte	0
 1805 0111 00       		.byte	0
 1806 0112 16       		.uleb128 0x16
 1807 0113 05       		.uleb128 0x5
 1808 0114 00       		.byte	0
 1809 0115 03       		.uleb128 0x3
 1810 0116 08       		.uleb128 0x8
 1811 0117 3A       		.uleb128 0x3a
 1812 0118 0B       		.uleb128 0xb
 1813 0119 3B       		.uleb128 0x3b
 1814 011a 0B       		.uleb128 0xb
 1815 011b 49       		.uleb128 0x49
 1816 011c 13       		.uleb128 0x13
 1817 011d 02       		.uleb128 0x2
 1818 011e 0A       		.uleb128 0xa
 1819 011f 00       		.byte	0
 1820 0120 00       		.byte	0
ARM GAS  /var/folders/dt/0wfd0knj7gs46m8vwfzktm600000gn/T//ccWxyzE7.s 			page 33


 1821 0121 17       		.uleb128 0x17
 1822 0122 0B       		.uleb128 0xb
 1823 0123 01       		.byte	0x1
 1824 0124 11       		.uleb128 0x11
 1825 0125 01       		.uleb128 0x1
 1826 0126 12       		.uleb128 0x12
 1827 0127 01       		.uleb128 0x1
 1828 0128 01       		.uleb128 0x1
 1829 0129 13       		.uleb128 0x13
 1830 012a 00       		.byte	0
 1831 012b 00       		.byte	0
 1832 012c 18       		.uleb128 0x18
 1833 012d 34       		.uleb128 0x34
 1834 012e 00       		.byte	0
 1835 012f 03       		.uleb128 0x3
 1836 0130 08       		.uleb128 0x8
 1837 0131 3A       		.uleb128 0x3a
 1838 0132 0B       		.uleb128 0xb
 1839 0133 3B       		.uleb128 0x3b
 1840 0134 0B       		.uleb128 0xb
 1841 0135 49       		.uleb128 0x49
 1842 0136 13       		.uleb128 0x13
 1843 0137 02       		.uleb128 0x2
 1844 0138 06       		.uleb128 0x6
 1845 0139 00       		.byte	0
 1846 013a 00       		.byte	0
 1847 013b 19       		.uleb128 0x19
 1848 013c 0B       		.uleb128 0xb
 1849 013d 01       		.byte	0x1
 1850 013e 55       		.uleb128 0x55
 1851 013f 06       		.uleb128 0x6
 1852 0140 00       		.byte	0
 1853 0141 00       		.byte	0
 1854 0142 1A       		.uleb128 0x1a
 1855 0143 2E       		.uleb128 0x2e
 1856 0144 01       		.byte	0x1
 1857 0145 3F       		.uleb128 0x3f
 1858 0146 0C       		.uleb128 0xc
 1859 0147 03       		.uleb128 0x3
 1860 0148 0E       		.uleb128 0xe
 1861 0149 3A       		.uleb128 0x3a
 1862 014a 0B       		.uleb128 0xb
 1863 014b 3B       		.uleb128 0x3b
 1864 014c 0B       		.uleb128 0xb
 1865 014d 27       		.uleb128 0x27
 1866 014e 0C       		.uleb128 0xc
 1867 014f 11       		.uleb128 0x11
 1868 0150 01       		.uleb128 0x1
 1869 0151 12       		.uleb128 0x12
 1870 0152 01       		.uleb128 0x1
 1871 0153 40       		.uleb128 0x40
 1872 0154 0A       		.uleb128 0xa
 1873 0155 9742     		.uleb128 0x2117
 1874 0157 0C       		.uleb128 0xc
 1875 0158 01       		.uleb128 0x1
 1876 0159 13       		.uleb128 0x13
 1877 015a 00       		.byte	0
ARM GAS  /var/folders/dt/0wfd0knj7gs46m8vwfzktm600000gn/T//ccWxyzE7.s 			page 34


 1878 015b 00       		.byte	0
 1879 015c 1B       		.uleb128 0x1b
 1880 015d 05       		.uleb128 0x5
 1881 015e 00       		.byte	0
 1882 015f 03       		.uleb128 0x3
 1883 0160 08       		.uleb128 0x8
 1884 0161 3A       		.uleb128 0x3a
 1885 0162 0B       		.uleb128 0xb
 1886 0163 3B       		.uleb128 0x3b
 1887 0164 0B       		.uleb128 0xb
 1888 0165 49       		.uleb128 0x49
 1889 0166 13       		.uleb128 0x13
 1890 0167 02       		.uleb128 0x2
 1891 0168 06       		.uleb128 0x6
 1892 0169 00       		.byte	0
 1893 016a 00       		.byte	0
 1894 016b 1C       		.uleb128 0x1c
 1895 016c 34       		.uleb128 0x34
 1896 016d 00       		.byte	0
 1897 016e 03       		.uleb128 0x3
 1898 016f 0E       		.uleb128 0xe
 1899 0170 3A       		.uleb128 0x3a
 1900 0171 0B       		.uleb128 0xb
 1901 0172 3B       		.uleb128 0x3b
 1902 0173 0B       		.uleb128 0xb
 1903 0174 49       		.uleb128 0x49
 1904 0175 13       		.uleb128 0x13
 1905 0176 02       		.uleb128 0x2
 1906 0177 06       		.uleb128 0x6
 1907 0178 00       		.byte	0
 1908 0179 00       		.byte	0
 1909 017a 1D       		.uleb128 0x1d
 1910 017b 0B       		.uleb128 0xb
 1911 017c 01       		.byte	0x1
 1912 017d 55       		.uleb128 0x55
 1913 017e 06       		.uleb128 0x6
 1914 017f 01       		.uleb128 0x1
 1915 0180 13       		.uleb128 0x13
 1916 0181 00       		.byte	0
 1917 0182 00       		.byte	0
 1918 0183 1E       		.uleb128 0x1e
 1919 0184 898201   		.uleb128 0x4109
 1920 0187 01       		.byte	0x1
 1921 0188 11       		.uleb128 0x11
 1922 0189 01       		.uleb128 0x1
 1923 018a 9542     		.uleb128 0x2115
 1924 018c 0C       		.uleb128 0xc
 1925 018d 31       		.uleb128 0x31
 1926 018e 13       		.uleb128 0x13
 1927 018f 01       		.uleb128 0x1
 1928 0190 13       		.uleb128 0x13
 1929 0191 00       		.byte	0
 1930 0192 00       		.byte	0
 1931 0193 1F       		.uleb128 0x1f
 1932 0194 8A8201   		.uleb128 0x410a
 1933 0197 00       		.byte	0
 1934 0198 02       		.uleb128 0x2
ARM GAS  /var/folders/dt/0wfd0knj7gs46m8vwfzktm600000gn/T//ccWxyzE7.s 			page 35


 1935 0199 0A       		.uleb128 0xa
 1936 019a 9142     		.uleb128 0x2111
 1937 019c 0A       		.uleb128 0xa
 1938 019d 00       		.byte	0
 1939 019e 00       		.byte	0
 1940 019f 20       		.uleb128 0x20
 1941 01a0 898201   		.uleb128 0x4109
 1942 01a3 01       		.byte	0x1
 1943 01a4 11       		.uleb128 0x11
 1944 01a5 01       		.uleb128 0x1
 1945 01a6 9542     		.uleb128 0x2115
 1946 01a8 0C       		.uleb128 0xc
 1947 01a9 31       		.uleb128 0x31
 1948 01aa 13       		.uleb128 0x13
 1949 01ab 00       		.byte	0
 1950 01ac 00       		.byte	0
 1951 01ad 21       		.uleb128 0x21
 1952 01ae 2E       		.uleb128 0x2e
 1953 01af 01       		.byte	0x1
 1954 01b0 3F       		.uleb128 0x3f
 1955 01b1 0C       		.uleb128 0xc
 1956 01b2 03       		.uleb128 0x3
 1957 01b3 0E       		.uleb128 0xe
 1958 01b4 3A       		.uleb128 0x3a
 1959 01b5 0B       		.uleb128 0xb
 1960 01b6 3B       		.uleb128 0x3b
 1961 01b7 0B       		.uleb128 0xb
 1962 01b8 27       		.uleb128 0x27
 1963 01b9 0C       		.uleb128 0xc
 1964 01ba 49       		.uleb128 0x49
 1965 01bb 13       		.uleb128 0x13
 1966 01bc 11       		.uleb128 0x11
 1967 01bd 01       		.uleb128 0x1
 1968 01be 12       		.uleb128 0x12
 1969 01bf 01       		.uleb128 0x1
 1970 01c0 40       		.uleb128 0x40
 1971 01c1 06       		.uleb128 0x6
 1972 01c2 9742     		.uleb128 0x2117
 1973 01c4 0C       		.uleb128 0xc
 1974 01c5 01       		.uleb128 0x1
 1975 01c6 13       		.uleb128 0x13
 1976 01c7 00       		.byte	0
 1977 01c8 00       		.byte	0
 1978 01c9 22       		.uleb128 0x22
 1979 01ca 05       		.uleb128 0x5
 1980 01cb 00       		.byte	0
 1981 01cc 03       		.uleb128 0x3
 1982 01cd 0E       		.uleb128 0xe
 1983 01ce 3A       		.uleb128 0x3a
 1984 01cf 0B       		.uleb128 0xb
 1985 01d0 3B       		.uleb128 0x3b
 1986 01d1 0B       		.uleb128 0xb
 1987 01d2 49       		.uleb128 0x49
 1988 01d3 13       		.uleb128 0x13
 1989 01d4 02       		.uleb128 0x2
 1990 01d5 06       		.uleb128 0x6
 1991 01d6 00       		.byte	0
ARM GAS  /var/folders/dt/0wfd0knj7gs46m8vwfzktm600000gn/T//ccWxyzE7.s 			page 36


 1992 01d7 00       		.byte	0
 1993 01d8 23       		.uleb128 0x23
 1994 01d9 898201   		.uleb128 0x4109
 1995 01dc 01       		.byte	0x1
 1996 01dd 11       		.uleb128 0x11
 1997 01de 01       		.uleb128 0x1
 1998 01df 31       		.uleb128 0x31
 1999 01e0 13       		.uleb128 0x13
 2000 01e1 01       		.uleb128 0x1
 2001 01e2 13       		.uleb128 0x13
 2002 01e3 00       		.byte	0
 2003 01e4 00       		.byte	0
 2004 01e5 24       		.uleb128 0x24
 2005 01e6 898201   		.uleb128 0x4109
 2006 01e9 01       		.byte	0x1
 2007 01ea 11       		.uleb128 0x11
 2008 01eb 01       		.uleb128 0x1
 2009 01ec 31       		.uleb128 0x31
 2010 01ed 13       		.uleb128 0x13
 2011 01ee 00       		.byte	0
 2012 01ef 00       		.byte	0
 2013 01f0 25       		.uleb128 0x25
 2014 01f1 2E       		.uleb128 0x2e
 2015 01f2 01       		.byte	0x1
 2016 01f3 3F       		.uleb128 0x3f
 2017 01f4 0C       		.uleb128 0xc
 2018 01f5 03       		.uleb128 0x3
 2019 01f6 0E       		.uleb128 0xe
 2020 01f7 3A       		.uleb128 0x3a
 2021 01f8 0B       		.uleb128 0xb
 2022 01f9 3B       		.uleb128 0x3b
 2023 01fa 0B       		.uleb128 0xb
 2024 01fb 27       		.uleb128 0x27
 2025 01fc 0C       		.uleb128 0xc
 2026 01fd 3C       		.uleb128 0x3c
 2027 01fe 0C       		.uleb128 0xc
 2028 01ff 01       		.uleb128 0x1
 2029 0200 13       		.uleb128 0x13
 2030 0201 00       		.byte	0
 2031 0202 00       		.byte	0
 2032 0203 26       		.uleb128 0x26
 2033 0204 2E       		.uleb128 0x2e
 2034 0205 01       		.byte	0x1
 2035 0206 3F       		.uleb128 0x3f
 2036 0207 0C       		.uleb128 0xc
 2037 0208 03       		.uleb128 0x3
 2038 0209 0E       		.uleb128 0xe
 2039 020a 3A       		.uleb128 0x3a
 2040 020b 0B       		.uleb128 0xb
 2041 020c 3B       		.uleb128 0x3b
 2042 020d 0B       		.uleb128 0xb
 2043 020e 27       		.uleb128 0x27
 2044 020f 0C       		.uleb128 0xc
 2045 0210 49       		.uleb128 0x49
 2046 0211 13       		.uleb128 0x13
 2047 0212 3C       		.uleb128 0x3c
 2048 0213 0C       		.uleb128 0xc
ARM GAS  /var/folders/dt/0wfd0knj7gs46m8vwfzktm600000gn/T//ccWxyzE7.s 			page 37


 2049 0214 01       		.uleb128 0x1
 2050 0215 13       		.uleb128 0x13
 2051 0216 00       		.byte	0
 2052 0217 00       		.byte	0
 2053 0218 27       		.uleb128 0x27
 2054 0219 2E       		.uleb128 0x2e
 2055 021a 01       		.byte	0x1
 2056 021b 3F       		.uleb128 0x3f
 2057 021c 0C       		.uleb128 0xc
 2058 021d 03       		.uleb128 0x3
 2059 021e 0E       		.uleb128 0xe
 2060 021f 3A       		.uleb128 0x3a
 2061 0220 0B       		.uleb128 0xb
 2062 0221 3B       		.uleb128 0x3b
 2063 0222 05       		.uleb128 0x5
 2064 0223 27       		.uleb128 0x27
 2065 0224 0C       		.uleb128 0xc
 2066 0225 49       		.uleb128 0x49
 2067 0226 13       		.uleb128 0x13
 2068 0227 3C       		.uleb128 0x3c
 2069 0228 0C       		.uleb128 0xc
 2070 0229 01       		.uleb128 0x1
 2071 022a 13       		.uleb128 0x13
 2072 022b 00       		.byte	0
 2073 022c 00       		.byte	0
 2074 022d 28       		.uleb128 0x28
 2075 022e 2E       		.uleb128 0x2e
 2076 022f 01       		.byte	0x1
 2077 0230 3F       		.uleb128 0x3f
 2078 0231 0C       		.uleb128 0xc
 2079 0232 03       		.uleb128 0x3
 2080 0233 0E       		.uleb128 0xe
 2081 0234 3A       		.uleb128 0x3a
 2082 0235 0B       		.uleb128 0xb
 2083 0236 3B       		.uleb128 0x3b
 2084 0237 0B       		.uleb128 0xb
 2085 0238 27       		.uleb128 0x27
 2086 0239 0C       		.uleb128 0xc
 2087 023a 49       		.uleb128 0x49
 2088 023b 13       		.uleb128 0x13
 2089 023c 3C       		.uleb128 0x3c
 2090 023d 0C       		.uleb128 0xc
 2091 023e 00       		.byte	0
 2092 023f 00       		.byte	0
 2093 0240 00       		.byte	0
 2094              		.section	.debug_loc,"",%progbits
 2095              	.Ldebug_loc0:
 2096              	.LLST0:
 2097 0000 06000000 		.4byte	.LVL2
 2098 0004 0A000000 		.4byte	.LVL3
 2099 0008 0100     		.2byte	0x1
 2100 000a 53       		.byte	0x53
 2101 000b 00000000 		.4byte	0
 2102 000f 00000000 		.4byte	0
 2103              	.LLST1:
 2104 0013 12000000 		.4byte	.LVL4
 2105 0017 14000000 		.4byte	.LFE7
ARM GAS  /var/folders/dt/0wfd0knj7gs46m8vwfzktm600000gn/T//ccWxyzE7.s 			page 38


 2106 001b 0100     		.2byte	0x1
 2107 001d 53       		.byte	0x53
 2108 001e 00000000 		.4byte	0
 2109 0022 00000000 		.4byte	0
 2110              	.LLST2:
 2111 0026 00000000 		.4byte	.LVL5
 2112 002a 34000000 		.4byte	.LVL15
 2113 002e 0100     		.2byte	0x1
 2114 0030 50       		.byte	0x50
 2115 0031 34000000 		.4byte	.LVL15
 2116 0035 3D000000 		.4byte	.LVL16-1
 2117 0039 0100     		.2byte	0x1
 2118 003b 51       		.byte	0x51
 2119 003c 3D000000 		.4byte	.LVL16-1
 2120 0040 3E000000 		.4byte	.LVL16
 2121 0044 0400     		.2byte	0x4
 2122 0046 F3       		.byte	0xf3
 2123 0047 01       		.uleb128 0x1
 2124 0048 50       		.byte	0x50
 2125 0049 9F       		.byte	0x9f
 2126 004a 3E000000 		.4byte	.LVL16
 2127 004e 4B000000 		.4byte	.LVL18-1
 2128 0052 0100     		.2byte	0x1
 2129 0054 50       		.byte	0x50
 2130 0055 4B000000 		.4byte	.LVL18-1
 2131 0059 4C000000 		.4byte	.LFE8
 2132 005d 0400     		.2byte	0x4
 2133 005f F3       		.byte	0xf3
 2134 0060 01       		.uleb128 0x1
 2135 0061 50       		.byte	0x50
 2136 0062 9F       		.byte	0x9f
 2137 0063 00000000 		.4byte	0
 2138 0067 00000000 		.4byte	0
 2139              	.LLST3:
 2140 006b 12000000 		.4byte	.LVL9
 2141 006f 32000000 		.4byte	.LVL14
 2142 0073 0100     		.2byte	0x1
 2143 0075 52       		.byte	0x52
 2144 0076 32000000 		.4byte	.LVL14
 2145 007a 34000000 		.4byte	.LVL15
 2146 007e 0A00     		.2byte	0xa
 2147 0080 70       		.byte	0x70
 2148 0081 1E       		.sleb128 30
 2149 0082 94       		.byte	0x94
 2150 0083 01       		.byte	0x1
 2151 0084 08       		.byte	0x8
 2152 0085 FF       		.byte	0xff
 2153 0086 1A       		.byte	0x1a
 2154 0087 31       		.byte	0x31
 2155 0088 1C       		.byte	0x1c
 2156 0089 9F       		.byte	0x9f
 2157 008a 34000000 		.4byte	.LVL15
 2158 008e 3D000000 		.4byte	.LVL16-1
 2159 0092 0A00     		.2byte	0xa
 2160 0094 71       		.byte	0x71
 2161 0095 1E       		.sleb128 30
 2162 0096 94       		.byte	0x94
ARM GAS  /var/folders/dt/0wfd0knj7gs46m8vwfzktm600000gn/T//ccWxyzE7.s 			page 39


 2163 0097 01       		.byte	0x1
 2164 0098 08       		.byte	0x8
 2165 0099 FF       		.byte	0xff
 2166 009a 1A       		.byte	0x1a
 2167 009b 31       		.byte	0x31
 2168 009c 1C       		.byte	0x1c
 2169 009d 9F       		.byte	0x9f
 2170 009e 3E000000 		.4byte	.LVL16
 2171 00a2 42000000 		.4byte	.LVL17
 2172 00a6 0100     		.2byte	0x1
 2173 00a8 52       		.byte	0x52
 2174 00a9 42000000 		.4byte	.LVL17
 2175 00ad 4B000000 		.4byte	.LVL18-1
 2176 00b1 0A00     		.2byte	0xa
 2177 00b3 70       		.byte	0x70
 2178 00b4 1E       		.sleb128 30
 2179 00b5 94       		.byte	0x94
 2180 00b6 01       		.byte	0x1
 2181 00b7 08       		.byte	0x8
 2182 00b8 FF       		.byte	0xff
 2183 00b9 1A       		.byte	0x1a
 2184 00ba 31       		.byte	0x31
 2185 00bb 1C       		.byte	0x1c
 2186 00bc 9F       		.byte	0x9f
 2187 00bd 00000000 		.4byte	0
 2188 00c1 00000000 		.4byte	0
 2189              	.LLST4:
 2190 00c5 08000000 		.4byte	.LVL7
 2191 00c9 0C000000 		.4byte	.LVL8
 2192 00cd 0100     		.2byte	0x1
 2193 00cf 53       		.byte	0x53
 2194 00d0 00000000 		.4byte	0
 2195 00d4 00000000 		.4byte	0
 2196              	.LLST5:
 2197 00d8 16000000 		.4byte	.LVL10
 2198 00dc 1A000000 		.4byte	.LVL11
 2199 00e0 0100     		.2byte	0x1
 2200 00e2 53       		.byte	0x53
 2201 00e3 1E000000 		.4byte	.LVL12
 2202 00e7 20000000 		.4byte	.LVL13
 2203 00eb 0100     		.2byte	0x1
 2204 00ed 53       		.byte	0x53
 2205 00ee 00000000 		.4byte	0
 2206 00f2 00000000 		.4byte	0
 2207              	.LLST6:
 2208 00f6 00000000 		.4byte	.LFB9
 2209 00fa 02000000 		.4byte	.LCFI0
 2210 00fe 0200     		.2byte	0x2
 2211 0100 7D       		.byte	0x7d
 2212 0101 00       		.sleb128 0
 2213 0102 02000000 		.4byte	.LCFI0
 2214 0106 04000000 		.4byte	.LCFI1
 2215 010a 0200     		.2byte	0x2
 2216 010c 7D       		.byte	0x7d
 2217 010d 14       		.sleb128 20
 2218 010e 04000000 		.4byte	.LCFI1
 2219 0112 3E000000 		.4byte	.LFE9
ARM GAS  /var/folders/dt/0wfd0knj7gs46m8vwfzktm600000gn/T//ccWxyzE7.s 			page 40


 2220 0116 0200     		.2byte	0x2
 2221 0118 7D       		.byte	0x7d
 2222 0119 20       		.sleb128 32
 2223 011a 00000000 		.4byte	0
 2224 011e 00000000 		.4byte	0
 2225              	.LLST7:
 2226 0122 00000000 		.4byte	.LVL19
 2227 0126 0D000000 		.4byte	.LVL20-1
 2228 012a 0100     		.2byte	0x1
 2229 012c 50       		.byte	0x50
 2230 012d 0D000000 		.4byte	.LVL20-1
 2231 0131 3E000000 		.4byte	.LFE9
 2232 0135 0400     		.2byte	0x4
 2233 0137 F3       		.byte	0xf3
 2234 0138 01       		.uleb128 0x1
 2235 0139 50       		.byte	0x50
 2236 013a 9F       		.byte	0x9f
 2237 013b 00000000 		.4byte	0
 2238 013f 00000000 		.4byte	0
 2239              	.LLST8:
 2240 0143 00000000 		.4byte	.LVL19
 2241 0147 0D000000 		.4byte	.LVL20-1
 2242 014b 0100     		.2byte	0x1
 2243 014d 51       		.byte	0x51
 2244 014e 0D000000 		.4byte	.LVL20-1
 2245 0152 3E000000 		.4byte	.LFE9
 2246 0156 0100     		.2byte	0x1
 2247 0158 55       		.byte	0x55
 2248 0159 00000000 		.4byte	0
 2249 015d 00000000 		.4byte	0
 2250              	.LLST9:
 2251 0161 00000000 		.4byte	.LVL19
 2252 0165 0D000000 		.4byte	.LVL20-1
 2253 0169 0100     		.2byte	0x1
 2254 016b 52       		.byte	0x52
 2255 016c 0D000000 		.4byte	.LVL20-1
 2256 0170 3E000000 		.4byte	.LFE9
 2257 0174 0100     		.2byte	0x1
 2258 0176 57       		.byte	0x57
 2259 0177 00000000 		.4byte	0
 2260 017b 00000000 		.4byte	0
 2261              	.LLST10:
 2262 017f 00000000 		.4byte	.LVL19
 2263 0183 0D000000 		.4byte	.LVL20-1
 2264 0187 0100     		.2byte	0x1
 2265 0189 53       		.byte	0x53
 2266 018a 0D000000 		.4byte	.LVL20-1
 2267 018e 3E000000 		.4byte	.LFE9
 2268 0192 0100     		.2byte	0x1
 2269 0194 56       		.byte	0x56
 2270 0195 00000000 		.4byte	0
 2271 0199 00000000 		.4byte	0
 2272              	.LLST11:
 2273 019d 0E000000 		.4byte	.LVL20
 2274 01a1 25000000 		.4byte	.LVL24-1
 2275 01a5 0100     		.2byte	0x1
 2276 01a7 50       		.byte	0x50
ARM GAS  /var/folders/dt/0wfd0knj7gs46m8vwfzktm600000gn/T//ccWxyzE7.s 			page 41


 2277 01a8 00000000 		.4byte	0
 2278 01ac 00000000 		.4byte	0
 2279              	.LLST12:
 2280 01b0 2E000000 		.4byte	.LVL25
 2281 01b4 31000000 		.4byte	.LVL26-1
 2282 01b8 0100     		.2byte	0x1
 2283 01ba 50       		.byte	0x50
 2284 01bb 31000000 		.4byte	.LVL26-1
 2285 01bf 38000000 		.4byte	.LVL28
 2286 01c3 0100     		.2byte	0x1
 2287 01c5 54       		.byte	0x54
 2288 01c6 00000000 		.4byte	0
 2289 01ca 00000000 		.4byte	0
 2290              	.LLST13:
 2291 01ce 18000000 		.4byte	.LVL22
 2292 01d2 1C000000 		.4byte	.LVL23
 2293 01d6 0100     		.2byte	0x1
 2294 01d8 53       		.byte	0x53
 2295 01d9 00000000 		.4byte	0
 2296 01dd 00000000 		.4byte	0
 2297              	.LLST14:
 2298 01e1 38000000 		.4byte	.LVL28
 2299 01e5 3E000000 		.4byte	.LFE9
 2300 01e9 0100     		.2byte	0x1
 2301 01eb 53       		.byte	0x53
 2302 01ec 00000000 		.4byte	0
 2303 01f0 00000000 		.4byte	0
 2304              	.LLST15:
 2305 01f4 00000000 		.4byte	.LFB10
 2306 01f8 04000000 		.4byte	.LCFI2
 2307 01fc 0200     		.2byte	0x2
 2308 01fe 7D       		.byte	0x7d
 2309 01ff 00       		.sleb128 0
 2310 0200 04000000 		.4byte	.LCFI2
 2311 0204 06000000 		.4byte	.LCFI3
 2312 0208 0200     		.2byte	0x2
 2313 020a 7D       		.byte	0x7d
 2314 020b 18       		.sleb128 24
 2315 020c 06000000 		.4byte	.LCFI3
 2316 0210 44000000 		.4byte	.LFE10
 2317 0214 0200     		.2byte	0x2
 2318 0216 7D       		.byte	0x7d
 2319 0217 20       		.sleb128 32
 2320 0218 00000000 		.4byte	0
 2321 021c 00000000 		.4byte	0
 2322              	.LLST16:
 2323 0220 00000000 		.4byte	.LVL29
 2324 0224 11000000 		.4byte	.LVL30-1
 2325 0228 0100     		.2byte	0x1
 2326 022a 50       		.byte	0x50
 2327 022b 11000000 		.4byte	.LVL30-1
 2328 022f 44000000 		.4byte	.LFE10
 2329 0233 0100     		.2byte	0x1
 2330 0235 55       		.byte	0x55
 2331 0236 00000000 		.4byte	0
 2332 023a 00000000 		.4byte	0
 2333              	.LLST17:
ARM GAS  /var/folders/dt/0wfd0knj7gs46m8vwfzktm600000gn/T//ccWxyzE7.s 			page 42


 2334 023e 00000000 		.4byte	.LVL29
 2335 0242 11000000 		.4byte	.LVL30-1
 2336 0246 0100     		.2byte	0x1
 2337 0248 51       		.byte	0x51
 2338 0249 11000000 		.4byte	.LVL30-1
 2339 024d 44000000 		.4byte	.LFE10
 2340 0251 0100     		.2byte	0x1
 2341 0253 57       		.byte	0x57
 2342 0254 00000000 		.4byte	0
 2343 0258 00000000 		.4byte	0
 2344              	.LLST18:
 2345 025c 00000000 		.4byte	.LVL29
 2346 0260 11000000 		.4byte	.LVL30-1
 2347 0264 0100     		.2byte	0x1
 2348 0266 52       		.byte	0x52
 2349 0267 11000000 		.4byte	.LVL30-1
 2350 026b 44000000 		.4byte	.LFE10
 2351 026f 0100     		.2byte	0x1
 2352 0271 58       		.byte	0x58
 2353 0272 00000000 		.4byte	0
 2354 0276 00000000 		.4byte	0
 2355              	.LLST19:
 2356 027a 00000000 		.4byte	.LVL29
 2357 027e 11000000 		.4byte	.LVL30-1
 2358 0282 0100     		.2byte	0x1
 2359 0284 53       		.byte	0x53
 2360 0285 11000000 		.4byte	.LVL30-1
 2361 0289 44000000 		.4byte	.LFE10
 2362 028d 0100     		.2byte	0x1
 2363 028f 56       		.byte	0x56
 2364 0290 00000000 		.4byte	0
 2365 0294 00000000 		.4byte	0
 2366              	.LLST20:
 2367 0298 12000000 		.4byte	.LVL30
 2368 029c 27000000 		.4byte	.LVL34-1
 2369 02a0 0100     		.2byte	0x1
 2370 02a2 50       		.byte	0x50
 2371 02a3 27000000 		.4byte	.LVL34-1
 2372 02a7 32000000 		.4byte	.LVL35
 2373 02ab 0100     		.2byte	0x1
 2374 02ad 54       		.byte	0x54
 2375 02ae 00000000 		.4byte	0
 2376 02b2 00000000 		.4byte	0
 2377              	.LLST21:
 2378 02b6 32000000 		.4byte	.LVL35
 2379 02ba 35000000 		.4byte	.LVL36-1
 2380 02be 0100     		.2byte	0x1
 2381 02c0 50       		.byte	0x50
 2382 02c1 35000000 		.4byte	.LVL36-1
 2383 02c5 3C000000 		.4byte	.LVL38
 2384 02c9 0100     		.2byte	0x1
 2385 02cb 54       		.byte	0x54
 2386 02cc 00000000 		.4byte	0
 2387 02d0 00000000 		.4byte	0
 2388              	.LLST22:
 2389 02d4 1C000000 		.4byte	.LVL32
 2390 02d8 20000000 		.4byte	.LVL33
ARM GAS  /var/folders/dt/0wfd0knj7gs46m8vwfzktm600000gn/T//ccWxyzE7.s 			page 43


 2391 02dc 0100     		.2byte	0x1
 2392 02de 53       		.byte	0x53
 2393 02df 00000000 		.4byte	0
 2394 02e3 00000000 		.4byte	0
 2395              	.LLST23:
 2396 02e7 3C000000 		.4byte	.LVL38
 2397 02eb 44000000 		.4byte	.LFE10
 2398 02ef 0100     		.2byte	0x1
 2399 02f1 53       		.byte	0x53
 2400 02f2 00000000 		.4byte	0
 2401 02f6 00000000 		.4byte	0
 2402              		.section	.debug_aranges,"",%progbits
 2403 0000 34000000 		.4byte	0x34
 2404 0004 0200     		.2byte	0x2
 2405 0006 00000000 		.4byte	.Ldebug_info0
 2406 000a 04       		.byte	0x4
 2407 000b 00       		.byte	0
 2408 000c 0000     		.2byte	0
 2409 000e 0000     		.2byte	0
 2410 0010 00000000 		.4byte	.LFB7
 2411 0014 14000000 		.4byte	.LFE7-.LFB7
 2412 0018 00000000 		.4byte	.LFB8
 2413 001c 4C000000 		.4byte	.LFE8-.LFB8
 2414 0020 00000000 		.4byte	.LFB9
 2415 0024 3E000000 		.4byte	.LFE9-.LFB9
 2416 0028 00000000 		.4byte	.LFB10
 2417 002c 44000000 		.4byte	.LFE10-.LFB10
 2418 0030 00000000 		.4byte	0
 2419 0034 00000000 		.4byte	0
 2420              		.section	.debug_ranges,"",%progbits
 2421              	.Ldebug_ranges0:
 2422 0000 08000000 		.4byte	.LBB3
 2423 0004 0A000000 		.4byte	.LBE3
 2424 0008 0E000000 		.4byte	.LBB4
 2425 000c 12000000 		.4byte	.LBE4
 2426 0010 00000000 		.4byte	0
 2427 0014 00000000 		.4byte	0
 2428 0018 0A000000 		.4byte	.LBB6
 2429 001c 0C000000 		.4byte	.LBE6
 2430 0020 12000000 		.4byte	.LBB7
 2431 0024 16000000 		.4byte	.LBE7
 2432 0028 00000000 		.4byte	0
 2433 002c 00000000 		.4byte	0
 2434 0030 00000000 		.4byte	.LFB7
 2435 0034 14000000 		.4byte	.LFE7
 2436 0038 00000000 		.4byte	.LFB8
 2437 003c 4C000000 		.4byte	.LFE8
 2438 0040 00000000 		.4byte	.LFB9
 2439 0044 3E000000 		.4byte	.LFE9
 2440 0048 00000000 		.4byte	.LFB10
 2441 004c 44000000 		.4byte	.LFE10
 2442 0050 00000000 		.4byte	0
 2443 0054 00000000 		.4byte	0
 2444              		.section	.debug_line,"",%progbits
 2445              	.Ldebug_line0:
 2446 0000 48020000 		.section	.debug_str,"MS",%progbits,1
 2446      0200C301 
ARM GAS  /var/folders/dt/0wfd0knj7gs46m8vwfzktm600000gn/T//ccWxyzE7.s 			page 44


 2446      00000201 
 2446      FB0E0D00 
 2446      01010101 
 2447              	.LASF75:
 2448 0000 7466756E 		.ascii	"tfunc_t\000"
 2448      635F7400 
 2449              	.LASF38:
 2450 0008 705F6D73 		.ascii	"p_msg\000"
 2450      6700
 2451              	.LASF89:
 2452 000e 2E2E2F2E 		.ascii	"../../os/kernel/src/chdynamic.c\000"
 2452      2E2F6F73 
 2452      2F6B6572 
 2452      6E656C2F 
 2452      7372632F 
 2453              	.LASF2:
 2454 002e 73697A65 		.ascii	"size_t\000"
 2454      5F7400
 2455              	.LASF70:
 2456 0035 7264796D 		.ascii	"rdymsg\000"
 2456      736700
 2457              	.LASF12:
 2458 003c 75696E74 		.ascii	"uint64_t\000"
 2458      36345F74 
 2458      00
 2459              	.LASF69:
 2460 0045 4D656D6F 		.ascii	"MemoryPool\000"
 2460      7279506F 
 2460      6F6C00
 2461              	.LASF54:
 2462 0050 6D656D67 		.ascii	"memgetfunc_t\000"
 2462      65746675 
 2462      6E635F74 
 2462      00
 2463              	.LASF13:
 2464 005d 6C6F6E67 		.ascii	"long long unsigned int\000"
 2464      206C6F6E 
 2464      6720756E 
 2464      7369676E 
 2464      65642069 
 2465              	.LASF71:
 2466 0074 65786974 		.ascii	"exitcode\000"
 2466      636F6465 
 2466      00
 2467              	.LASF58:
 2468 007d 685F6672 		.ascii	"h_free\000"
 2468      656500
 2469              	.LASF79:
 2470 0084 68656170 		.ascii	"heapp\000"
 2470      7000
 2471              	.LASF60:
 2472 008a 6E657874 		.ascii	"next\000"
 2472      00
 2473              	.LASF26:
 2474 008f 705F7072 		.ascii	"p_prio\000"
 2474      696F00
 2475              	.LASF11:
ARM GAS  /var/folders/dt/0wfd0knj7gs46m8vwfzktm600000gn/T//ccWxyzE7.s 			page 45


 2476 0096 6C6F6E67 		.ascii	"long long int\000"
 2476      206C6F6E 
 2476      6720696E 
 2476      7400
 2477              	.LASF1:
 2478 00a4 7369676E 		.ascii	"signed char\000"
 2478      65642063 
 2478      68617200 
 2479              	.LASF59:
 2480 00b0 685F6D74 		.ascii	"h_mtx\000"
 2480      7800
 2481              	.LASF42:
 2482 00b6 705F6D70 		.ascii	"p_mpool\000"
 2482      6F6F6C00 
 2483              	.LASF51:
 2484 00be 6D5F7175 		.ascii	"m_queue\000"
 2484      65756500 
 2485              	.LASF83:
 2486 00c6 63684865 		.ascii	"chHeapFree\000"
 2486      61704672 
 2486      656500
 2487              	.LASF18:
 2488 00d1 74736C69 		.ascii	"tslices_t\000"
 2488      6365735F 
 2488      7400
 2489              	.LASF85:
 2490 00db 63685468 		.ascii	"chThdCreateI\000"
 2490      64437265 
 2490      61746549 
 2490      00
 2491              	.LASF8:
 2492 00e8 6C6F6E67 		.ascii	"long int\000"
 2492      20696E74 
 2492      00
 2493              	.LASF90:
 2494 00f1 2F557365 		.ascii	"/Users/toxygen/dev/chibi/ChibiOS_2.6.1/demos/ARMCM3"
 2494      72732F74 
 2494      6F787967 
 2494      656E2F64 
 2494      65762F63 
 2495 0124 2D53544D 		.ascii	"-STM32F107\000"
 2495      33324631 
 2495      303700
 2496              	.LASF16:
 2497 012f 74737461 		.ascii	"tstate_t\000"
 2497      74655F74 
 2497      00
 2498              	.LASF78:
 2499 0138 63685468 		.ascii	"chThdCreateFromHeap\000"
 2499      64437265 
 2499      61746546 
 2499      726F6D48 
 2499      65617000 
 2500              	.LASF66:
 2501 014c 6D705F6E 		.ascii	"mp_next\000"
 2501      65787400 
 2502              	.LASF28:
ARM GAS  /var/folders/dt/0wfd0knj7gs46m8vwfzktm600000gn/T//ccWxyzE7.s 			page 46


 2503 0154 705F6E65 		.ascii	"p_newer\000"
 2503      77657200 
 2504              	.LASF81:
 2505 015c 63685468 		.ascii	"chThdCreateFromMemoryPool\000"
 2505      64437265 
 2505      61746546 
 2505      726F6D4D 
 2505      656D6F72 
 2506              	.LASF68:
 2507 0176 6D705F70 		.ascii	"mp_provider\000"
 2507      726F7669 
 2507      64657200 
 2508              	.LASF45:
 2509 0182 72656761 		.ascii	"regarm_t\000"
 2509      726D5F74 
 2509      00
 2510              	.LASF62:
 2511 018b 616C6967 		.ascii	"align\000"
 2511      6E00
 2512              	.LASF0:
 2513 0191 756E7369 		.ascii	"unsigned int\000"
 2513      676E6564 
 2513      20696E74 
 2513      00
 2514              	.LASF10:
 2515 019e 6C6F6E67 		.ascii	"long unsigned int\000"
 2515      20756E73 
 2515      69676E65 
 2515      6420696E 
 2515      7400
 2516              	.LASF48:
 2517 01b0 636F6E74 		.ascii	"context\000"
 2517      65787400 
 2518              	.LASF63:
 2519 01b8 73697A65 		.ascii	"size\000"
 2519      00
 2520              	.LASF6:
 2521 01bd 73686F72 		.ascii	"short unsigned int\000"
 2521      7420756E 
 2521      7369676E 
 2521      65642069 
 2521      6E7400
 2522              	.LASF20:
 2523 01d0 6D73675F 		.ascii	"msg_t\000"
 2523      7400
 2524              	.LASF15:
 2525 01d6 746D6F64 		.ascii	"tmode_t\000"
 2525      655F7400 
 2526              	.LASF44:
 2527 01de 54687265 		.ascii	"ThreadsList\000"
 2527      6164734C 
 2527      69737400 
 2528              	.LASF21:
 2529 01ea 6576656E 		.ascii	"eventmask_t\000"
 2529      746D6173 
 2529      6B5F7400 
 2530              	.LASF50:
ARM GAS  /var/folders/dt/0wfd0knj7gs46m8vwfzktm600000gn/T//ccWxyzE7.s 			page 47


 2531 01f6 4D757465 		.ascii	"Mutex\000"
 2531      7800
 2532              	.LASF77:
 2533 01fc 63685468 		.ascii	"chThdAddRef\000"
 2533      64416464 
 2533      52656600 
 2534              	.LASF46:
 2535 0208 73746B61 		.ascii	"stkalign_t\000"
 2535      6C69676E 
 2535      5F7400
 2536              	.LASF49:
 2537 0213 73697A65 		.ascii	"sizetype\000"
 2537      74797065 
 2537      00
 2538              	.LASF29:
 2539 021c 705F6F6C 		.ascii	"p_older\000"
 2539      64657200 
 2540              	.LASF43:
 2541 0224 54687265 		.ascii	"ThreadsQueue\000"
 2541      61647351 
 2541      75657565 
 2541      00
 2542              	.LASF67:
 2543 0231 6D705F6F 		.ascii	"mp_object_size\000"
 2543      626A6563 
 2543      745F7369 
 2543      7A6500
 2544              	.LASF88:
 2545 0240 474E5520 		.ascii	"GNU C 4.7.2\000"
 2545      4320342E 
 2545      372E3200 
 2546              	.LASF80:
 2547 024c 7072696F 		.ascii	"prio\000"
 2547      00
 2548              	.LASF55:
 2549 0251 4D656D6F 		.ascii	"MemoryHeap\000"
 2549      72794865 
 2549      617000
 2550              	.LASF65:
 2551 025c 70685F6E 		.ascii	"ph_next\000"
 2551      65787400 
 2552              	.LASF17:
 2553 0264 74726566 		.ascii	"trefs_t\000"
 2553      735F7400 
 2554              	.LASF76:
 2555 026c 72656673 		.ascii	"refs\000"
 2555      00
 2556              	.LASF25:
 2557 0271 705F7072 		.ascii	"p_prev\000"
 2557      657600
 2558              	.LASF19:
 2559 0278 74707269 		.ascii	"tprio_t\000"
 2559      6F5F7400 
 2560              	.LASF14:
 2561 0280 5F426F6F 		.ascii	"_Bool\000"
 2561      6C00
 2562              	.LASF7:
ARM GAS  /var/folders/dt/0wfd0knj7gs46m8vwfzktm600000gn/T//ccWxyzE7.s 			page 48


 2563 0286 696E7433 		.ascii	"int32_t\000"
 2563      325F7400 
 2564              	.LASF4:
 2565 028e 756E7369 		.ascii	"unsigned char\000"
 2565      676E6564 
 2565      20636861 
 2565      7200
 2566              	.LASF57:
 2567 029c 685F7072 		.ascii	"h_provider\000"
 2567      6F766964 
 2567      657200
 2568              	.LASF40:
 2569 02a7 705F6D74 		.ascii	"p_mtxlist\000"
 2569      786C6973 
 2569      7400
 2570              	.LASF5:
 2571 02b1 73686F72 		.ascii	"short int\000"
 2571      7420696E 
 2571      7400
 2572              	.LASF31:
 2573 02bb 705F7374 		.ascii	"p_state\000"
 2573      61746500 
 2574              	.LASF34:
 2575 02c3 705F7072 		.ascii	"p_preempt\000"
 2575      65656D70 
 2575      7400
 2576              	.LASF91:
 2577 02cd 68656170 		.ascii	"heap_header\000"
 2577      5F686561 
 2577      64657200 
 2578              	.LASF73:
 2579 02d9 65776D61 		.ascii	"ewmask\000"
 2579      736B00
 2580              	.LASF24:
 2581 02e0 705F6E65 		.ascii	"p_next\000"
 2581      787400
 2582              	.LASF32:
 2583 02e7 705F666C 		.ascii	"p_flags\000"
 2583      61677300 
 2584              	.LASF92:
 2585 02ef 63685468 		.ascii	"chThdRelease\000"
 2585      6452656C 
 2585      65617365 
 2585      00
 2586              	.LASF23:
 2587 02fc 54687265 		.ascii	"Thread\000"
 2587      616400
 2588              	.LASF84:
 2589 0303 63684865 		.ascii	"chHeapAlloc\000"
 2589      6170416C 
 2589      6C6F6300 
 2590              	.LASF39:
 2591 030f 705F6570 		.ascii	"p_epending\000"
 2591      656E6469 
 2591      6E6700
 2592              	.LASF9:
 2593 031a 75696E74 		.ascii	"uint32_t\000"
ARM GAS  /var/folders/dt/0wfd0knj7gs46m8vwfzktm600000gn/T//ccWxyzE7.s 			page 49


 2593      33325F74 
 2593      00
 2594              	.LASF61:
 2595 0323 68656170 		.ascii	"heap\000"
 2595      00
 2596              	.LASF74:
 2597 0328 63686172 		.ascii	"char\000"
 2597      00
 2598              	.LASF53:
 2599 032d 6D5F6E65 		.ascii	"m_next\000"
 2599      787400
 2600              	.LASF22:
 2601 0334 73797374 		.ascii	"systime_t\000"
 2601      696D655F 
 2601      7400
 2602              	.LASF41:
 2603 033e 705F7265 		.ascii	"p_realprio\000"
 2603      616C7072 
 2603      696F00
 2604              	.LASF35:
 2605 0349 705F7469 		.ascii	"p_time\000"
 2605      6D6500
 2606              	.LASF47:
 2607 0350 696E7463 		.ascii	"intctx\000"
 2607      747800
 2608              	.LASF37:
 2609 0357 705F6D73 		.ascii	"p_msgqueue\000"
 2609      67717565 
 2609      756500
 2610              	.LASF86:
 2611 0362 63685363 		.ascii	"chSchWakeupS\000"
 2611      6857616B 
 2611      65757053 
 2611      00
 2612              	.LASF64:
 2613 036f 706F6F6C 		.ascii	"pool_header\000"
 2613      5F686561 
 2613      64657200 
 2614              	.LASF33:
 2615 037b 705F7265 		.ascii	"p_refs\000"
 2615      667300
 2616              	.LASF3:
 2617 0382 75696E74 		.ascii	"uint8_t\000"
 2617      385F7400 
 2618              	.LASF87:
 2619 038a 6368506F 		.ascii	"chPoolAlloc\000"
 2619      6F6C416C 
 2619      6C6F6300 
 2620              	.LASF82:
 2621 0396 6368506F 		.ascii	"chPoolFree\000"
 2621      6F6C4672 
 2621      656500
 2622              	.LASF72:
 2623 03a1 77746F62 		.ascii	"wtobjp\000"
 2623      6A7000
 2624              	.LASF30:
 2625 03a8 705F6E61 		.ascii	"p_name\000"
ARM GAS  /var/folders/dt/0wfd0knj7gs46m8vwfzktm600000gn/T//ccWxyzE7.s 			page 50


 2625      6D6500
 2626              	.LASF52:
 2627 03af 6D5F6F77 		.ascii	"m_owner\000"
 2627      6E657200 
 2628              	.LASF27:
 2629 03b7 705F6374 		.ascii	"p_ctx\000"
 2629      7800
 2630              	.LASF36:
 2631 03bd 705F7761 		.ascii	"p_waiting\000"
 2631      6974696E 
 2631      6700
 2632              	.LASF56:
 2633 03c7 6D656D6F 		.ascii	"memory_heap\000"
 2633      72795F68 
 2633      65617000 
 2634              		.ident	"GCC: (GNU) 4.7.2"
ARM GAS  /var/folders/dt/0wfd0knj7gs46m8vwfzktm600000gn/T//ccWxyzE7.s 			page 51


DEFINED SYMBOLS
                            *ABS*:0000000000000000 chdynamic.c
/var/folders/dt/0wfd0knj7gs46m8vwfzktm600000gn/T//ccWxyzE7.s:19     .text.chThdAddRef:0000000000000000 $t
/var/folders/dt/0wfd0knj7gs46m8vwfzktm600000gn/T//ccWxyzE7.s:25     .text.chThdAddRef:0000000000000000 chThdAddRef
/var/folders/dt/0wfd0knj7gs46m8vwfzktm600000gn/T//ccWxyzE7.s:68     .text.chThdRelease:0000000000000000 $t
/var/folders/dt/0wfd0knj7gs46m8vwfzktm600000gn/T//ccWxyzE7.s:74     .text.chThdRelease:0000000000000000 chThdRelease
/var/folders/dt/0wfd0knj7gs46m8vwfzktm600000gn/T//ccWxyzE7.s:164    .text.chThdCreateFromHeap:0000000000000000 $t
/var/folders/dt/0wfd0knj7gs46m8vwfzktm600000gn/T//ccWxyzE7.s:170    .text.chThdCreateFromHeap:0000000000000000 chThdCreateFromHeap
/var/folders/dt/0wfd0knj7gs46m8vwfzktm600000gn/T//ccWxyzE7.s:247    .text.chThdCreateFromMemoryPool:0000000000000000 $t
/var/folders/dt/0wfd0knj7gs46m8vwfzktm600000gn/T//ccWxyzE7.s:253    .text.chThdCreateFromMemoryPool:0000000000000000 chThdCreateFromMemoryPool
                     .debug_frame:0000000000000010 $d

UNDEFINED SYMBOLS
chPoolFree
chHeapFree
chHeapAlloc
chThdCreateI
chSchWakeupS
chPoolAlloc
