ARM GAS  /var/folders/dt/0wfd0knj7gs46m8vwfzktm600000gn/T//ccbLLHCD.s 			page 1


   1              		.syntax unified
   2              		.cpu cortex-m3
   3              		.fpu softvfp
   4              		.eabi_attribute 20, 1
   5              		.eabi_attribute 21, 1
   6              		.eabi_attribute 23, 3
   7              		.eabi_attribute 24, 1
   8              		.eabi_attribute 25, 1
   9              		.eabi_attribute 26, 1
  10              		.eabi_attribute 30, 2
  11              		.eabi_attribute 34, 1
  12              		.eabi_attribute 18, 4
  13              		.thumb
  14              		.file	"chmemcore.c"
  15              		.text
  16              	.Ltext0:
  17              		.cfi_sections	.debug_frame
  18              		.section	.text._core_init,"ax",%progbits
  19              		.align	2
  20              		.p2align 4,,15
  21              		.global	_core_init
  22              		.thumb
  23              		.thumb_func
  24              		.type	_core_init, %function
  25              	_core_init:
  26              	.LFB7:
  27              		.file 1 "../../os/kernel/src/chmemcore.c"
  28              		.loc 1 66 0
  29              		.cfi_startproc
  30              		@ args = 0, pretend = 0, frame = 0
  31              		@ frame_needed = 0, uses_anonymous_args = 0
  32              		@ link register save eliminated.
  33              		.loc 1 71 0
  34 0000 40F20001 		movw	r1, #:lower16:__heap_end__
  35              		.loc 1 70 0
  36 0004 0848     		ldr	r0, .L2
  37 0006 40F20002 		movw	r2, #:lower16:.LANCHOR0
  38              		.loc 1 71 0
  39 000a 40F20003 		movw	r3, #:lower16:.LANCHOR1
  40 000e C0F20001 		movt	r1, #:upper16:__heap_end__
  41              		.loc 1 70 0
  42 0012 C0F20002 		movt	r2, #:upper16:.LANCHOR0
  43 0016 20F00700 		bic	r0, r0, #7
  44              		.loc 1 71 0
  45 001a C0F20003 		movt	r3, #:upper16:.LANCHOR1
  46 001e 21F00701 		bic	r1, r1, #7
  47              		.loc 1 70 0
  48 0022 1060     		str	r0, [r2, #0]
  49              		.loc 1 71 0
  50 0024 1960     		str	r1, [r3, #0]
  51 0026 7047     		bx	lr
  52              	.L3:
  53              		.align	2
  54              	.L2:
  55 0028 07000000 		.word	__heap_base__+7
  56              		.cfi_endproc
  57              	.LFE7:
ARM GAS  /var/folders/dt/0wfd0knj7gs46m8vwfzktm600000gn/T//ccbLLHCD.s 			page 2


  58              		.size	_core_init, .-_core_init
  59 002c AFF30080 		.section	.text.chCoreAlloc,"ax",%progbits
  60              		.align	2
  61              		.p2align 4,,15
  62              		.global	chCoreAlloc
  63              		.thumb
  64              		.thumb_func
  65              		.type	chCoreAlloc, %function
  66              	chCoreAlloc:
  67              	.LFB8:
  68              		.loc 1 91 0
  69              		.cfi_startproc
  70              		@ args = 0, pretend = 0, frame = 0
  71              		@ frame_needed = 0, uses_anonymous_args = 0
  72              		@ link register save eliminated.
  73              	.LVL0:
  74              	.LBB6:
  75              		.loc 1 94 0
  76 0000 2023     		movs	r3, #32
  77              	.LVL1:
  78              	@ 94 "../../os/kernel/src/chmemcore.c" 1
  79 0002 83F31188 		msr     BASEPRI, r3
  80              	@ 0 "" 2
  81              	.LVL2:
  82              		.thumb
  83              	.LBE6:
  84              	.LBB7:
  85              	.LBB8:
  86              		.loc 1 118 0
  87 0006 094B     		ldr	r3, .L7
  88              	.LVL3:
  89 0008 0949     		ldr	r1, .L7+4
  90 000a 1A68     		ldr	r2, [r3, #0]
  91 000c 0968     		ldr	r1, [r1, #0]
  92              		.loc 1 117 0
  93 000e 0730     		adds	r0, r0, #7
  94              	.LVL4:
  95 0010 20F00700 		bic	r0, r0, #7
  96              	.LVL5:
  97              		.loc 1 118 0
  98 0014 891A     		subs	r1, r1, r2
  99 0016 8842     		cmp	r0, r1
 100              	.LVL6:
 101              		.loc 1 121 0
 102 0018 9ABF     		itte	ls
 103 001a 1018     		addls	r0, r2, r0
 104              	.LVL7:
 105 001c 1860     		strls	r0, [r3, #0]
 106              		.loc 1 119 0
 107 001e 0022     		movhi	r2, #0
 108              	.LVL8:
 109              	.LBE8:
 110              	.LBE7:
 111              	.LBB9:
 112              		.loc 1 96 0
 113 0020 0023     		movs	r3, #0
 114              	.LVL9:
ARM GAS  /var/folders/dt/0wfd0knj7gs46m8vwfzktm600000gn/T//ccbLLHCD.s 			page 3


 115              	@ 96 "../../os/kernel/src/chmemcore.c" 1
 116 0022 83F31188 		msr     BASEPRI, r3
 117              	@ 0 "" 2
 118              	.LVL10:
 119              		.thumb
 120              	.LBE9:
 121              		.loc 1 98 0
 122 0026 1046     		mov	r0, r2
 123 0028 7047     		bx	lr
 124              	.L8:
 125 002a 00BF     		.align	2
 126              	.L7:
 127 002c 00000000 		.word	.LANCHOR0
 128 0030 00000000 		.word	.LANCHOR1
 129              		.cfi_endproc
 130              	.LFE8:
 131              		.size	chCoreAlloc, .-chCoreAlloc
 132 0034 AFF30080 		.section	.text.chCoreAllocI,"ax",%progbits
 132      AFF30080 
 132      AFF30080 
 133              		.align	2
 134              		.p2align 4,,15
 135              		.global	chCoreAllocI
 136              		.thumb
 137              		.thumb_func
 138              		.type	chCoreAllocI, %function
 139              	chCoreAllocI:
 140              	.LFB9:
 141              		.loc 1 112 0
 142              		.cfi_startproc
 143              		@ args = 0, pretend = 0, frame = 0
 144              		@ frame_needed = 0, uses_anonymous_args = 0
 145              		@ link register save eliminated.
 146              	.LVL11:
 147              		.loc 1 118 0
 148 0000 074A     		ldr	r2, .L12
 149 0002 0849     		ldr	r1, .L12+4
 150 0004 1368     		ldr	r3, [r2, #0]
 151 0006 0968     		ldr	r1, [r1, #0]
 152              		.loc 1 117 0
 153 0008 0730     		adds	r0, r0, #7
 154              	.LVL12:
 155 000a 20F00700 		bic	r0, r0, #7
 156              	.LVL13:
 157              		.loc 1 118 0
 158 000e C91A     		subs	r1, r1, r3
 159 0010 8842     		cmp	r0, r1
 160              	.LVL14:
 161              		.loc 1 121 0
 162 0012 9ABF     		itte	ls
 163 0014 1818     		addls	r0, r3, r0
 164              	.LVL15:
 165 0016 1060     		strls	r0, [r2, #0]
 166              		.loc 1 119 0
 167 0018 0023     		movhi	r3, #0
 168              	.LVL16:
 169              		.loc 1 123 0
ARM GAS  /var/folders/dt/0wfd0knj7gs46m8vwfzktm600000gn/T//ccbLLHCD.s 			page 4


 170 001a 1846     		mov	r0, r3
 171 001c 7047     		bx	lr
 172              	.L13:
 173 001e 00BF     		.align	2
 174              	.L12:
 175 0020 00000000 		.word	.LANCHOR0
 176 0024 00000000 		.word	.LANCHOR1
 177              		.cfi_endproc
 178              	.LFE9:
 179              		.size	chCoreAllocI, .-chCoreAllocI
 180 0028 AFF30080 		.section	.text.chCoreStatus,"ax",%progbits
 180      AFF30080 
 181              		.align	2
 182              		.p2align 4,,15
 183              		.global	chCoreStatus
 184              		.thumb
 185              		.thumb_func
 186              		.type	chCoreStatus, %function
 187              	chCoreStatus:
 188              	.LFB10:
 189              		.loc 1 132 0
 190              		.cfi_startproc
 191              		@ args = 0, pretend = 0, frame = 0
 192              		@ frame_needed = 0, uses_anonymous_args = 0
 193              		@ link register save eliminated.
 194              		.loc 1 134 0
 195 0000 40F20002 		movw	r2, #:lower16:.LANCHOR1
 196 0004 40F20003 		movw	r3, #:lower16:.LANCHOR0
 197 0008 C0F20002 		movt	r2, #:upper16:.LANCHOR1
 198 000c C0F20003 		movt	r3, #:upper16:.LANCHOR0
 199 0010 1068     		ldr	r0, [r2, #0]
 200 0012 1B68     		ldr	r3, [r3, #0]
 201              		.loc 1 135 0
 202 0014 C01A     		subs	r0, r0, r3
 203 0016 7047     		bx	lr
 204              		.cfi_endproc
 205              	.LFE10:
 206              		.size	chCoreStatus, .-chCoreStatus
 207 0018 AFF30080 		.section	.bss.endmem,"aw",%nobits
 207      AFF30080 
 208              		.align	2
 209              		.set	.LANCHOR1,. + 0
 210              		.type	endmem, %object
 211              		.size	endmem, 4
 212              	endmem:
 213 0000 00000000 		.space	4
 214              		.section	.bss.nextmem,"aw",%nobits
 215              		.align	2
 216              		.set	.LANCHOR0,. + 0
 217              		.type	nextmem, %object
 218              		.size	nextmem, 4
 219              	nextmem:
 220 0000 00000000 		.space	4
 221              		.text
 222              	.Letext0:
 223              		.file 2 "/Users/toxygen/Applications/yagarto-4.7.2/bin/../lib/gcc/arm-none-eabi/4.7.2/include/stdd
 224              		.file 3 "/Users/toxygen/Applications/yagarto-4.7.2/bin/../lib/gcc/arm-none-eabi/4.7.2/../../../../
ARM GAS  /var/folders/dt/0wfd0knj7gs46m8vwfzktm600000gn/T//ccbLLHCD.s 			page 5


 225              		.section	.debug_info,"",%progbits
 226              	.Ldebug_info0:
 227 0000 2B020000 		.4byte	0x22b
 228 0004 0200     		.2byte	0x2
 229 0006 00000000 		.4byte	.Ldebug_abbrev0
 230 000a 04       		.byte	0x4
 231 000b 01       		.uleb128 0x1
 232 000c 4B000000 		.4byte	.LASF19
 233 0010 01       		.byte	0x1
 234 0011 FD000000 		.4byte	.LASF20
 235 0015 80000000 		.4byte	.LASF21
 236 0019 00000000 		.4byte	.Ldebug_ranges0+0
 237 001d 00000000 		.4byte	0
 238 0021 00000000 		.4byte	0
 239 0025 00000000 		.4byte	.Ldebug_line0
 240 0029 02       		.uleb128 0x2
 241 002a 04       		.byte	0x4
 242 002b 05       		.byte	0x5
 243 002c 696E7400 		.ascii	"int\000"
 244 0030 03       		.uleb128 0x3
 245 0031 21000000 		.4byte	.LASF2
 246 0035 02       		.byte	0x2
 247 0036 D5       		.byte	0xd5
 248 0037 3B000000 		.4byte	0x3b
 249 003b 04       		.uleb128 0x4
 250 003c 04       		.byte	0x4
 251 003d 07       		.byte	0x7
 252 003e 57010000 		.4byte	.LASF0
 253 0042 04       		.uleb128 0x4
 254 0043 01       		.byte	0x1
 255 0044 06       		.byte	0x6
 256 0045 31010000 		.4byte	.LASF1
 257 0049 03       		.uleb128 0x3
 258 004a BE000000 		.4byte	.LASF3
 259 004e 03       		.byte	0x3
 260 004f 2A       		.byte	0x2a
 261 0050 54000000 		.4byte	0x54
 262 0054 04       		.uleb128 0x4
 263 0055 01       		.byte	0x1
 264 0056 08       		.byte	0x8
 265 0057 C6000000 		.4byte	.LASF4
 266 005b 04       		.uleb128 0x4
 267 005c 02       		.byte	0x2
 268 005d 05       		.byte	0x5
 269 005e 4D010000 		.4byte	.LASF5
 270 0062 04       		.uleb128 0x4
 271 0063 02       		.byte	0x2
 272 0064 07       		.byte	0x7
 273 0065 0E000000 		.4byte	.LASF6
 274 0069 04       		.uleb128 0x4
 275 006a 04       		.byte	0x4
 276 006b 05       		.byte	0x5
 277 006c EE000000 		.4byte	.LASF7
 278 0070 03       		.uleb128 0x3
 279 0071 E5000000 		.4byte	.LASF8
 280 0075 03       		.byte	0x3
 281 0076 50       		.byte	0x50
ARM GAS  /var/folders/dt/0wfd0knj7gs46m8vwfzktm600000gn/T//ccbLLHCD.s 			page 6


 282 0077 7B000000 		.4byte	0x7b
 283 007b 04       		.uleb128 0x4
 284 007c 04       		.byte	0x4
 285 007d 07       		.byte	0x7
 286 007e 57000000 		.4byte	.LASF9
 287 0082 04       		.uleb128 0x4
 288 0083 08       		.byte	0x8
 289 0084 05       		.byte	0x5
 290 0085 00000000 		.4byte	.LASF10
 291 0089 04       		.uleb128 0x4
 292 008a 08       		.byte	0x8
 293 008b 07       		.byte	0x7
 294 008c 69000000 		.4byte	.LASF11
 295 0090 04       		.uleb128 0x4
 296 0091 01       		.byte	0x1
 297 0092 02       		.byte	0x2
 298 0093 F7000000 		.4byte	.LASF12
 299 0097 05       		.uleb128 0x5
 300 0098 04       		.byte	0x4
 301 0099 04       		.uleb128 0x4
 302 009a 04       		.byte	0x4
 303 009b 07       		.byte	0x7
 304 009c 64010000 		.4byte	.LASF13
 305 00a0 04       		.uleb128 0x4
 306 00a1 01       		.byte	0x1
 307 00a2 08       		.byte	0x8
 308 00a3 D4000000 		.4byte	.LASF14
 309 00a7 06       		.uleb128 0x6
 310 00a8 04       		.byte	0x4
 311 00a9 49000000 		.4byte	0x49
 312 00ad 07       		.uleb128 0x7
 313 00ae 01       		.byte	0x1
 314 00af 24010000 		.4byte	.LASF22
 315 00b3 01       		.byte	0x1
 316 00b4 70       		.byte	0x70
 317 00b5 01       		.byte	0x1
 318 00b6 97000000 		.4byte	0x97
 319 00ba 01       		.byte	0x1
 320 00bb D4000000 		.4byte	0xd4
 321 00bf 08       		.uleb128 0x8
 322 00c0 3D010000 		.4byte	.LASF23
 323 00c4 01       		.byte	0x1
 324 00c5 70       		.byte	0x70
 325 00c6 30000000 		.4byte	0x30
 326 00ca 09       		.uleb128 0x9
 327 00cb 7000     		.ascii	"p\000"
 328 00cd 01       		.byte	0x1
 329 00ce 71       		.byte	0x71
 330 00cf 97000000 		.4byte	0x97
 331 00d3 00       		.byte	0
 332 00d4 0A       		.uleb128 0xa
 333 00d5 01       		.byte	0x1
 334 00d6 42010000 		.4byte	.LASF24
 335 00da 01       		.byte	0x1
 336 00db 42       		.byte	0x42
 337 00dc 01       		.byte	0x1
 338 00dd 00000000 		.4byte	.LFB7
ARM GAS  /var/folders/dt/0wfd0knj7gs46m8vwfzktm600000gn/T//ccbLLHCD.s 			page 7


 339 00e1 2C000000 		.4byte	.LFE7
 340 00e5 02       		.byte	0x2
 341 00e6 7D       		.byte	0x7d
 342 00e7 00       		.sleb128 0
 343 00e8 01       		.byte	0x1
 344 00e9 08010000 		.4byte	0x108
 345 00ed 0B       		.uleb128 0xb
 346 00ee 3D000000 		.4byte	.LASF15
 347 00f2 01       		.byte	0x1
 348 00f3 44       		.byte	0x44
 349 00f4 08010000 		.4byte	0x108
 350 00f8 01       		.byte	0x1
 351 00f9 01       		.byte	0x1
 352 00fa 0B       		.uleb128 0xb
 353 00fb 30000000 		.4byte	.LASF16
 354 00ff 01       		.byte	0x1
 355 0100 45       		.byte	0x45
 356 0101 08010000 		.4byte	0x108
 357 0105 01       		.byte	0x1
 358 0106 01       		.byte	0x1
 359 0107 00       		.byte	0
 360 0108 0C       		.uleb128 0xc
 361 0109 49000000 		.4byte	0x49
 362 010d 13010000 		.4byte	0x113
 363 0111 0D       		.uleb128 0xd
 364 0112 00       		.byte	0
 365 0113 0E       		.uleb128 0xe
 366 0114 01       		.byte	0x1
 367 0115 D9000000 		.4byte	.LASF25
 368 0119 01       		.byte	0x1
 369 011a 5B       		.byte	0x5b
 370 011b 01       		.byte	0x1
 371 011c 97000000 		.4byte	0x97
 372 0120 00000000 		.4byte	.LFB8
 373 0124 34000000 		.4byte	.LFE8
 374 0128 02       		.byte	0x2
 375 0129 7D       		.byte	0x7d
 376 012a 00       		.sleb128 0
 377 012b 01       		.byte	0x1
 378 012c B1010000 		.4byte	0x1b1
 379 0130 0F       		.uleb128 0xf
 380 0131 3D010000 		.4byte	.LASF23
 381 0135 01       		.byte	0x1
 382 0136 5B       		.byte	0x5b
 383 0137 30000000 		.4byte	0x30
 384 013b 00000000 		.4byte	.LLST0
 385 013f 10       		.uleb128 0x10
 386 0140 7000     		.ascii	"p\000"
 387 0142 01       		.byte	0x1
 388 0143 5C       		.byte	0x5c
 389 0144 97000000 		.4byte	0x97
 390 0148 01       		.byte	0x1
 391 0149 52       		.byte	0x52
 392 014a 11       		.uleb128 0x11
 393 014b 00000000 		.4byte	.LBB6
 394 014f 06000000 		.4byte	.LBE6
 395 0153 67010000 		.4byte	0x167
ARM GAS  /var/folders/dt/0wfd0knj7gs46m8vwfzktm600000gn/T//ccbLLHCD.s 			page 8


 396 0157 12       		.uleb128 0x12
 397 0158 746D7000 		.ascii	"tmp\000"
 398 015c 01       		.byte	0x1
 399 015d 5E       		.byte	0x5e
 400 015e 70000000 		.4byte	0x70
 401 0162 2E000000 		.4byte	.LLST1
 402 0166 00       		.byte	0
 403 0167 13       		.uleb128 0x13
 404 0168 AD000000 		.4byte	0xad
 405 016c 06000000 		.4byte	.LBB7
 406 0170 20000000 		.4byte	.LBE7
 407 0174 01       		.byte	0x1
 408 0175 5F       		.byte	0x5f
 409 0176 97010000 		.4byte	0x197
 410 017a 14       		.uleb128 0x14
 411 017b BF000000 		.4byte	0xbf
 412 017f 41000000 		.4byte	.LLST2
 413 0183 15       		.uleb128 0x15
 414 0184 06000000 		.4byte	.LBB8
 415 0188 20000000 		.4byte	.LBE8
 416 018c 16       		.uleb128 0x16
 417 018d CA000000 		.4byte	0xca
 418 0191 7F000000 		.4byte	.LLST3
 419 0195 00       		.byte	0
 420 0196 00       		.byte	0
 421 0197 15       		.uleb128 0x15
 422 0198 20000000 		.4byte	.LBB9
 423 019c 26000000 		.4byte	.LBE9
 424 01a0 12       		.uleb128 0x12
 425 01a1 746D7000 		.ascii	"tmp\000"
 426 01a5 01       		.byte	0x1
 427 01a6 60       		.byte	0x60
 428 01a7 70000000 		.4byte	0x70
 429 01ab A1000000 		.4byte	.LLST4
 430 01af 00       		.byte	0
 431 01b0 00       		.byte	0
 432 01b1 17       		.uleb128 0x17
 433 01b2 AD000000 		.4byte	0xad
 434 01b6 00000000 		.4byte	.LFB9
 435 01ba 28000000 		.4byte	.LFE9
 436 01be 02       		.byte	0x2
 437 01bf 7D       		.byte	0x7d
 438 01c0 00       		.sleb128 0
 439 01c1 01       		.byte	0x1
 440 01c2 D9010000 		.4byte	0x1d9
 441 01c6 14       		.uleb128 0x14
 442 01c7 BF000000 		.4byte	0xbf
 443 01cb B4000000 		.4byte	.LLST5
 444 01cf 16       		.uleb128 0x16
 445 01d0 CA000000 		.4byte	0xca
 446 01d4 F2000000 		.4byte	.LLST6
 447 01d8 00       		.byte	0
 448 01d9 18       		.uleb128 0x18
 449 01da 01       		.byte	0x1
 450 01db 6D010000 		.4byte	.LASF26
 451 01df 01       		.byte	0x1
 452 01e0 84       		.byte	0x84
ARM GAS  /var/folders/dt/0wfd0knj7gs46m8vwfzktm600000gn/T//ccbLLHCD.s 			page 9


 453 01e1 01       		.byte	0x1
 454 01e2 30000000 		.4byte	0x30
 455 01e6 00000000 		.4byte	.LFB10
 456 01ea 18000000 		.4byte	.LFE10
 457 01ee 02       		.byte	0x2
 458 01ef 7D       		.byte	0x7d
 459 01f0 00       		.sleb128 0
 460 01f1 01       		.byte	0x1
 461 01f2 19       		.uleb128 0x19
 462 01f3 28000000 		.4byte	.LASF17
 463 01f7 01       		.byte	0x1
 464 01f8 3A       		.byte	0x3a
 465 01f9 A7000000 		.4byte	0xa7
 466 01fd 05       		.byte	0x5
 467 01fe 03       		.byte	0x3
 468 01ff 00000000 		.4byte	nextmem
 469 0203 19       		.uleb128 0x19
 470 0204 1D010000 		.4byte	.LASF18
 471 0208 01       		.byte	0x1
 472 0209 3B       		.byte	0x3b
 473 020a A7000000 		.4byte	0xa7
 474 020e 05       		.byte	0x5
 475 020f 03       		.byte	0x3
 476 0210 00000000 		.4byte	endmem
 477 0214 0B       		.uleb128 0xb
 478 0215 3D000000 		.4byte	.LASF15
 479 0219 01       		.byte	0x1
 480 021a 44       		.byte	0x44
 481 021b 08010000 		.4byte	0x108
 482 021f 01       		.byte	0x1
 483 0220 01       		.byte	0x1
 484 0221 0B       		.uleb128 0xb
 485 0222 30000000 		.4byte	.LASF16
 486 0226 01       		.byte	0x1
 487 0227 45       		.byte	0x45
 488 0228 08010000 		.4byte	0x108
 489 022c 01       		.byte	0x1
 490 022d 01       		.byte	0x1
 491 022e 00       		.byte	0
 492              		.section	.debug_abbrev,"",%progbits
 493              	.Ldebug_abbrev0:
 494 0000 01       		.uleb128 0x1
 495 0001 11       		.uleb128 0x11
 496 0002 01       		.byte	0x1
 497 0003 25       		.uleb128 0x25
 498 0004 0E       		.uleb128 0xe
 499 0005 13       		.uleb128 0x13
 500 0006 0B       		.uleb128 0xb
 501 0007 03       		.uleb128 0x3
 502 0008 0E       		.uleb128 0xe
 503 0009 1B       		.uleb128 0x1b
 504 000a 0E       		.uleb128 0xe
 505 000b 55       		.uleb128 0x55
 506 000c 06       		.uleb128 0x6
 507 000d 11       		.uleb128 0x11
 508 000e 01       		.uleb128 0x1
 509 000f 52       		.uleb128 0x52
ARM GAS  /var/folders/dt/0wfd0knj7gs46m8vwfzktm600000gn/T//ccbLLHCD.s 			page 10


 510 0010 01       		.uleb128 0x1
 511 0011 10       		.uleb128 0x10
 512 0012 06       		.uleb128 0x6
 513 0013 00       		.byte	0
 514 0014 00       		.byte	0
 515 0015 02       		.uleb128 0x2
 516 0016 24       		.uleb128 0x24
 517 0017 00       		.byte	0
 518 0018 0B       		.uleb128 0xb
 519 0019 0B       		.uleb128 0xb
 520 001a 3E       		.uleb128 0x3e
 521 001b 0B       		.uleb128 0xb
 522 001c 03       		.uleb128 0x3
 523 001d 08       		.uleb128 0x8
 524 001e 00       		.byte	0
 525 001f 00       		.byte	0
 526 0020 03       		.uleb128 0x3
 527 0021 16       		.uleb128 0x16
 528 0022 00       		.byte	0
 529 0023 03       		.uleb128 0x3
 530 0024 0E       		.uleb128 0xe
 531 0025 3A       		.uleb128 0x3a
 532 0026 0B       		.uleb128 0xb
 533 0027 3B       		.uleb128 0x3b
 534 0028 0B       		.uleb128 0xb
 535 0029 49       		.uleb128 0x49
 536 002a 13       		.uleb128 0x13
 537 002b 00       		.byte	0
 538 002c 00       		.byte	0
 539 002d 04       		.uleb128 0x4
 540 002e 24       		.uleb128 0x24
 541 002f 00       		.byte	0
 542 0030 0B       		.uleb128 0xb
 543 0031 0B       		.uleb128 0xb
 544 0032 3E       		.uleb128 0x3e
 545 0033 0B       		.uleb128 0xb
 546 0034 03       		.uleb128 0x3
 547 0035 0E       		.uleb128 0xe
 548 0036 00       		.byte	0
 549 0037 00       		.byte	0
 550 0038 05       		.uleb128 0x5
 551 0039 0F       		.uleb128 0xf
 552 003a 00       		.byte	0
 553 003b 0B       		.uleb128 0xb
 554 003c 0B       		.uleb128 0xb
 555 003d 00       		.byte	0
 556 003e 00       		.byte	0
 557 003f 06       		.uleb128 0x6
 558 0040 0F       		.uleb128 0xf
 559 0041 00       		.byte	0
 560 0042 0B       		.uleb128 0xb
 561 0043 0B       		.uleb128 0xb
 562 0044 49       		.uleb128 0x49
 563 0045 13       		.uleb128 0x13
 564 0046 00       		.byte	0
 565 0047 00       		.byte	0
 566 0048 07       		.uleb128 0x7
ARM GAS  /var/folders/dt/0wfd0knj7gs46m8vwfzktm600000gn/T//ccbLLHCD.s 			page 11


 567 0049 2E       		.uleb128 0x2e
 568 004a 01       		.byte	0x1
 569 004b 3F       		.uleb128 0x3f
 570 004c 0C       		.uleb128 0xc
 571 004d 03       		.uleb128 0x3
 572 004e 0E       		.uleb128 0xe
 573 004f 3A       		.uleb128 0x3a
 574 0050 0B       		.uleb128 0xb
 575 0051 3B       		.uleb128 0x3b
 576 0052 0B       		.uleb128 0xb
 577 0053 27       		.uleb128 0x27
 578 0054 0C       		.uleb128 0xc
 579 0055 49       		.uleb128 0x49
 580 0056 13       		.uleb128 0x13
 581 0057 20       		.uleb128 0x20
 582 0058 0B       		.uleb128 0xb
 583 0059 01       		.uleb128 0x1
 584 005a 13       		.uleb128 0x13
 585 005b 00       		.byte	0
 586 005c 00       		.byte	0
 587 005d 08       		.uleb128 0x8
 588 005e 05       		.uleb128 0x5
 589 005f 00       		.byte	0
 590 0060 03       		.uleb128 0x3
 591 0061 0E       		.uleb128 0xe
 592 0062 3A       		.uleb128 0x3a
 593 0063 0B       		.uleb128 0xb
 594 0064 3B       		.uleb128 0x3b
 595 0065 0B       		.uleb128 0xb
 596 0066 49       		.uleb128 0x49
 597 0067 13       		.uleb128 0x13
 598 0068 00       		.byte	0
 599 0069 00       		.byte	0
 600 006a 09       		.uleb128 0x9
 601 006b 34       		.uleb128 0x34
 602 006c 00       		.byte	0
 603 006d 03       		.uleb128 0x3
 604 006e 08       		.uleb128 0x8
 605 006f 3A       		.uleb128 0x3a
 606 0070 0B       		.uleb128 0xb
 607 0071 3B       		.uleb128 0x3b
 608 0072 0B       		.uleb128 0xb
 609 0073 49       		.uleb128 0x49
 610 0074 13       		.uleb128 0x13
 611 0075 00       		.byte	0
 612 0076 00       		.byte	0
 613 0077 0A       		.uleb128 0xa
 614 0078 2E       		.uleb128 0x2e
 615 0079 01       		.byte	0x1
 616 007a 3F       		.uleb128 0x3f
 617 007b 0C       		.uleb128 0xc
 618 007c 03       		.uleb128 0x3
 619 007d 0E       		.uleb128 0xe
 620 007e 3A       		.uleb128 0x3a
 621 007f 0B       		.uleb128 0xb
 622 0080 3B       		.uleb128 0x3b
 623 0081 0B       		.uleb128 0xb
ARM GAS  /var/folders/dt/0wfd0knj7gs46m8vwfzktm600000gn/T//ccbLLHCD.s 			page 12


 624 0082 27       		.uleb128 0x27
 625 0083 0C       		.uleb128 0xc
 626 0084 11       		.uleb128 0x11
 627 0085 01       		.uleb128 0x1
 628 0086 12       		.uleb128 0x12
 629 0087 01       		.uleb128 0x1
 630 0088 40       		.uleb128 0x40
 631 0089 0A       		.uleb128 0xa
 632 008a 9742     		.uleb128 0x2117
 633 008c 0C       		.uleb128 0xc
 634 008d 01       		.uleb128 0x1
 635 008e 13       		.uleb128 0x13
 636 008f 00       		.byte	0
 637 0090 00       		.byte	0
 638 0091 0B       		.uleb128 0xb
 639 0092 34       		.uleb128 0x34
 640 0093 00       		.byte	0
 641 0094 03       		.uleb128 0x3
 642 0095 0E       		.uleb128 0xe
 643 0096 3A       		.uleb128 0x3a
 644 0097 0B       		.uleb128 0xb
 645 0098 3B       		.uleb128 0x3b
 646 0099 0B       		.uleb128 0xb
 647 009a 49       		.uleb128 0x49
 648 009b 13       		.uleb128 0x13
 649 009c 3F       		.uleb128 0x3f
 650 009d 0C       		.uleb128 0xc
 651 009e 3C       		.uleb128 0x3c
 652 009f 0C       		.uleb128 0xc
 653 00a0 00       		.byte	0
 654 00a1 00       		.byte	0
 655 00a2 0C       		.uleb128 0xc
 656 00a3 01       		.uleb128 0x1
 657 00a4 01       		.byte	0x1
 658 00a5 49       		.uleb128 0x49
 659 00a6 13       		.uleb128 0x13
 660 00a7 01       		.uleb128 0x1
 661 00a8 13       		.uleb128 0x13
 662 00a9 00       		.byte	0
 663 00aa 00       		.byte	0
 664 00ab 0D       		.uleb128 0xd
 665 00ac 21       		.uleb128 0x21
 666 00ad 00       		.byte	0
 667 00ae 00       		.byte	0
 668 00af 00       		.byte	0
 669 00b0 0E       		.uleb128 0xe
 670 00b1 2E       		.uleb128 0x2e
 671 00b2 01       		.byte	0x1
 672 00b3 3F       		.uleb128 0x3f
 673 00b4 0C       		.uleb128 0xc
 674 00b5 03       		.uleb128 0x3
 675 00b6 0E       		.uleb128 0xe
 676 00b7 3A       		.uleb128 0x3a
 677 00b8 0B       		.uleb128 0xb
 678 00b9 3B       		.uleb128 0x3b
 679 00ba 0B       		.uleb128 0xb
 680 00bb 27       		.uleb128 0x27
ARM GAS  /var/folders/dt/0wfd0knj7gs46m8vwfzktm600000gn/T//ccbLLHCD.s 			page 13


 681 00bc 0C       		.uleb128 0xc
 682 00bd 49       		.uleb128 0x49
 683 00be 13       		.uleb128 0x13
 684 00bf 11       		.uleb128 0x11
 685 00c0 01       		.uleb128 0x1
 686 00c1 12       		.uleb128 0x12
 687 00c2 01       		.uleb128 0x1
 688 00c3 40       		.uleb128 0x40
 689 00c4 0A       		.uleb128 0xa
 690 00c5 9742     		.uleb128 0x2117
 691 00c7 0C       		.uleb128 0xc
 692 00c8 01       		.uleb128 0x1
 693 00c9 13       		.uleb128 0x13
 694 00ca 00       		.byte	0
 695 00cb 00       		.byte	0
 696 00cc 0F       		.uleb128 0xf
 697 00cd 05       		.uleb128 0x5
 698 00ce 00       		.byte	0
 699 00cf 03       		.uleb128 0x3
 700 00d0 0E       		.uleb128 0xe
 701 00d1 3A       		.uleb128 0x3a
 702 00d2 0B       		.uleb128 0xb
 703 00d3 3B       		.uleb128 0x3b
 704 00d4 0B       		.uleb128 0xb
 705 00d5 49       		.uleb128 0x49
 706 00d6 13       		.uleb128 0x13
 707 00d7 02       		.uleb128 0x2
 708 00d8 06       		.uleb128 0x6
 709 00d9 00       		.byte	0
 710 00da 00       		.byte	0
 711 00db 10       		.uleb128 0x10
 712 00dc 34       		.uleb128 0x34
 713 00dd 00       		.byte	0
 714 00de 03       		.uleb128 0x3
 715 00df 08       		.uleb128 0x8
 716 00e0 3A       		.uleb128 0x3a
 717 00e1 0B       		.uleb128 0xb
 718 00e2 3B       		.uleb128 0x3b
 719 00e3 0B       		.uleb128 0xb
 720 00e4 49       		.uleb128 0x49
 721 00e5 13       		.uleb128 0x13
 722 00e6 02       		.uleb128 0x2
 723 00e7 0A       		.uleb128 0xa
 724 00e8 00       		.byte	0
 725 00e9 00       		.byte	0
 726 00ea 11       		.uleb128 0x11
 727 00eb 0B       		.uleb128 0xb
 728 00ec 01       		.byte	0x1
 729 00ed 11       		.uleb128 0x11
 730 00ee 01       		.uleb128 0x1
 731 00ef 12       		.uleb128 0x12
 732 00f0 01       		.uleb128 0x1
 733 00f1 01       		.uleb128 0x1
 734 00f2 13       		.uleb128 0x13
 735 00f3 00       		.byte	0
 736 00f4 00       		.byte	0
 737 00f5 12       		.uleb128 0x12
ARM GAS  /var/folders/dt/0wfd0knj7gs46m8vwfzktm600000gn/T//ccbLLHCD.s 			page 14


 738 00f6 34       		.uleb128 0x34
 739 00f7 00       		.byte	0
 740 00f8 03       		.uleb128 0x3
 741 00f9 08       		.uleb128 0x8
 742 00fa 3A       		.uleb128 0x3a
 743 00fb 0B       		.uleb128 0xb
 744 00fc 3B       		.uleb128 0x3b
 745 00fd 0B       		.uleb128 0xb
 746 00fe 49       		.uleb128 0x49
 747 00ff 13       		.uleb128 0x13
 748 0100 02       		.uleb128 0x2
 749 0101 06       		.uleb128 0x6
 750 0102 00       		.byte	0
 751 0103 00       		.byte	0
 752 0104 13       		.uleb128 0x13
 753 0105 1D       		.uleb128 0x1d
 754 0106 01       		.byte	0x1
 755 0107 31       		.uleb128 0x31
 756 0108 13       		.uleb128 0x13
 757 0109 11       		.uleb128 0x11
 758 010a 01       		.uleb128 0x1
 759 010b 12       		.uleb128 0x12
 760 010c 01       		.uleb128 0x1
 761 010d 58       		.uleb128 0x58
 762 010e 0B       		.uleb128 0xb
 763 010f 59       		.uleb128 0x59
 764 0110 0B       		.uleb128 0xb
 765 0111 01       		.uleb128 0x1
 766 0112 13       		.uleb128 0x13
 767 0113 00       		.byte	0
 768 0114 00       		.byte	0
 769 0115 14       		.uleb128 0x14
 770 0116 05       		.uleb128 0x5
 771 0117 00       		.byte	0
 772 0118 31       		.uleb128 0x31
 773 0119 13       		.uleb128 0x13
 774 011a 02       		.uleb128 0x2
 775 011b 06       		.uleb128 0x6
 776 011c 00       		.byte	0
 777 011d 00       		.byte	0
 778 011e 15       		.uleb128 0x15
 779 011f 0B       		.uleb128 0xb
 780 0120 01       		.byte	0x1
 781 0121 11       		.uleb128 0x11
 782 0122 01       		.uleb128 0x1
 783 0123 12       		.uleb128 0x12
 784 0124 01       		.uleb128 0x1
 785 0125 00       		.byte	0
 786 0126 00       		.byte	0
 787 0127 16       		.uleb128 0x16
 788 0128 34       		.uleb128 0x34
 789 0129 00       		.byte	0
 790 012a 31       		.uleb128 0x31
 791 012b 13       		.uleb128 0x13
 792 012c 02       		.uleb128 0x2
 793 012d 06       		.uleb128 0x6
 794 012e 00       		.byte	0
ARM GAS  /var/folders/dt/0wfd0knj7gs46m8vwfzktm600000gn/T//ccbLLHCD.s 			page 15


 795 012f 00       		.byte	0
 796 0130 17       		.uleb128 0x17
 797 0131 2E       		.uleb128 0x2e
 798 0132 01       		.byte	0x1
 799 0133 31       		.uleb128 0x31
 800 0134 13       		.uleb128 0x13
 801 0135 11       		.uleb128 0x11
 802 0136 01       		.uleb128 0x1
 803 0137 12       		.uleb128 0x12
 804 0138 01       		.uleb128 0x1
 805 0139 40       		.uleb128 0x40
 806 013a 0A       		.uleb128 0xa
 807 013b 9742     		.uleb128 0x2117
 808 013d 0C       		.uleb128 0xc
 809 013e 01       		.uleb128 0x1
 810 013f 13       		.uleb128 0x13
 811 0140 00       		.byte	0
 812 0141 00       		.byte	0
 813 0142 18       		.uleb128 0x18
 814 0143 2E       		.uleb128 0x2e
 815 0144 00       		.byte	0
 816 0145 3F       		.uleb128 0x3f
 817 0146 0C       		.uleb128 0xc
 818 0147 03       		.uleb128 0x3
 819 0148 0E       		.uleb128 0xe
 820 0149 3A       		.uleb128 0x3a
 821 014a 0B       		.uleb128 0xb
 822 014b 3B       		.uleb128 0x3b
 823 014c 0B       		.uleb128 0xb
 824 014d 27       		.uleb128 0x27
 825 014e 0C       		.uleb128 0xc
 826 014f 49       		.uleb128 0x49
 827 0150 13       		.uleb128 0x13
 828 0151 11       		.uleb128 0x11
 829 0152 01       		.uleb128 0x1
 830 0153 12       		.uleb128 0x12
 831 0154 01       		.uleb128 0x1
 832 0155 40       		.uleb128 0x40
 833 0156 0A       		.uleb128 0xa
 834 0157 9742     		.uleb128 0x2117
 835 0159 0C       		.uleb128 0xc
 836 015a 00       		.byte	0
 837 015b 00       		.byte	0
 838 015c 19       		.uleb128 0x19
 839 015d 34       		.uleb128 0x34
 840 015e 00       		.byte	0
 841 015f 03       		.uleb128 0x3
 842 0160 0E       		.uleb128 0xe
 843 0161 3A       		.uleb128 0x3a
 844 0162 0B       		.uleb128 0xb
 845 0163 3B       		.uleb128 0x3b
 846 0164 0B       		.uleb128 0xb
 847 0165 49       		.uleb128 0x49
 848 0166 13       		.uleb128 0x13
 849 0167 02       		.uleb128 0x2
 850 0168 0A       		.uleb128 0xa
 851 0169 00       		.byte	0
ARM GAS  /var/folders/dt/0wfd0knj7gs46m8vwfzktm600000gn/T//ccbLLHCD.s 			page 16


 852 016a 00       		.byte	0
 853 016b 00       		.byte	0
 854              		.section	.debug_loc,"",%progbits
 855              	.Ldebug_loc0:
 856              	.LLST0:
 857 0000 00000000 		.4byte	.LVL0
 858 0004 10000000 		.4byte	.LVL4
 859 0008 0100     		.2byte	0x1
 860 000a 50       		.byte	0x50
 861 000b 10000000 		.4byte	.LVL4
 862 000f 14000000 		.4byte	.LVL5
 863 0013 0300     		.2byte	0x3
 864 0015 70       		.byte	0x70
 865 0016 79       		.sleb128 -7
 866 0017 9F       		.byte	0x9f
 867 0018 14000000 		.4byte	.LVL5
 868 001c 34000000 		.4byte	.LFE8
 869 0020 0400     		.2byte	0x4
 870 0022 F3       		.byte	0xf3
 871 0023 01       		.uleb128 0x1
 872 0024 50       		.byte	0x50
 873 0025 9F       		.byte	0x9f
 874 0026 00000000 		.4byte	0
 875 002a 00000000 		.4byte	0
 876              	.LLST1:
 877 002e 06000000 		.4byte	.LVL2
 878 0032 08000000 		.4byte	.LVL3
 879 0036 0100     		.2byte	0x1
 880 0038 53       		.byte	0x53
 881 0039 00000000 		.4byte	0
 882 003d 00000000 		.4byte	0
 883              	.LLST2:
 884 0041 06000000 		.4byte	.LVL2
 885 0045 10000000 		.4byte	.LVL4
 886 0049 0100     		.2byte	0x1
 887 004b 50       		.byte	0x50
 888 004c 10000000 		.4byte	.LVL4
 889 0050 14000000 		.4byte	.LVL5
 890 0054 0300     		.2byte	0x3
 891 0056 70       		.byte	0x70
 892 0057 79       		.sleb128 -7
 893 0058 9F       		.byte	0x9f
 894 0059 14000000 		.4byte	.LVL5
 895 005d 1C000000 		.4byte	.LVL7
 896 0061 0100     		.2byte	0x1
 897 0063 50       		.byte	0x50
 898 0064 1C000000 		.4byte	.LVL7
 899 0068 34000000 		.4byte	.LFE8
 900 006c 0900     		.2byte	0x9
 901 006e F3       		.byte	0xf3
 902 006f 01       		.uleb128 0x1
 903 0070 50       		.byte	0x50
 904 0071 23       		.byte	0x23
 905 0072 07       		.uleb128 0x7
 906 0073 09       		.byte	0x9
 907 0074 F8       		.byte	0xf8
 908 0075 1A       		.byte	0x1a
ARM GAS  /var/folders/dt/0wfd0knj7gs46m8vwfzktm600000gn/T//ccbLLHCD.s 			page 17


 909 0076 9F       		.byte	0x9f
 910 0077 00000000 		.4byte	0
 911 007b 00000000 		.4byte	0
 912              	.LLST3:
 913 007f 18000000 		.4byte	.LVL6
 914 0083 20000000 		.4byte	.LVL8
 915 0087 0100     		.2byte	0x1
 916 0089 52       		.byte	0x52
 917 008a 20000000 		.4byte	.LVL8
 918 008e 34000000 		.4byte	.LFE8
 919 0092 0500     		.2byte	0x5
 920 0094 03       		.byte	0x3
 921 0095 00000000 		.4byte	nextmem
 922 0099 00000000 		.4byte	0
 923 009d 00000000 		.4byte	0
 924              	.LLST4:
 925 00a1 26000000 		.4byte	.LVL10
 926 00a5 34000000 		.4byte	.LFE8
 927 00a9 0100     		.2byte	0x1
 928 00ab 53       		.byte	0x53
 929 00ac 00000000 		.4byte	0
 930 00b0 00000000 		.4byte	0
 931              	.LLST5:
 932 00b4 00000000 		.4byte	.LVL11
 933 00b8 0A000000 		.4byte	.LVL12
 934 00bc 0100     		.2byte	0x1
 935 00be 50       		.byte	0x50
 936 00bf 0A000000 		.4byte	.LVL12
 937 00c3 0E000000 		.4byte	.LVL13
 938 00c7 0300     		.2byte	0x3
 939 00c9 70       		.byte	0x70
 940 00ca 79       		.sleb128 -7
 941 00cb 9F       		.byte	0x9f
 942 00cc 0E000000 		.4byte	.LVL13
 943 00d0 16000000 		.4byte	.LVL15
 944 00d4 0100     		.2byte	0x1
 945 00d6 50       		.byte	0x50
 946 00d7 16000000 		.4byte	.LVL15
 947 00db 28000000 		.4byte	.LFE9
 948 00df 0900     		.2byte	0x9
 949 00e1 F3       		.byte	0xf3
 950 00e2 01       		.uleb128 0x1
 951 00e3 50       		.byte	0x50
 952 00e4 23       		.byte	0x23
 953 00e5 07       		.uleb128 0x7
 954 00e6 09       		.byte	0x9
 955 00e7 F8       		.byte	0xf8
 956 00e8 1A       		.byte	0x1a
 957 00e9 9F       		.byte	0x9f
 958 00ea 00000000 		.4byte	0
 959 00ee 00000000 		.4byte	0
 960              	.LLST6:
 961 00f2 12000000 		.4byte	.LVL14
 962 00f6 1A000000 		.4byte	.LVL16
 963 00fa 0100     		.2byte	0x1
 964 00fc 53       		.byte	0x53
 965 00fd 1A000000 		.4byte	.LVL16
ARM GAS  /var/folders/dt/0wfd0knj7gs46m8vwfzktm600000gn/T//ccbLLHCD.s 			page 18


 966 0101 28000000 		.4byte	.LFE9
 967 0105 0500     		.2byte	0x5
 968 0107 03       		.byte	0x3
 969 0108 00000000 		.4byte	nextmem
 970 010c 00000000 		.4byte	0
 971 0110 00000000 		.4byte	0
 972              		.section	.debug_aranges,"",%progbits
 973 0000 34000000 		.4byte	0x34
 974 0004 0200     		.2byte	0x2
 975 0006 00000000 		.4byte	.Ldebug_info0
 976 000a 04       		.byte	0x4
 977 000b 00       		.byte	0
 978 000c 0000     		.2byte	0
 979 000e 0000     		.2byte	0
 980 0010 00000000 		.4byte	.LFB7
 981 0014 2C000000 		.4byte	.LFE7-.LFB7
 982 0018 00000000 		.4byte	.LFB8
 983 001c 34000000 		.4byte	.LFE8-.LFB8
 984 0020 00000000 		.4byte	.LFB9
 985 0024 28000000 		.4byte	.LFE9-.LFB9
 986 0028 00000000 		.4byte	.LFB10
 987 002c 18000000 		.4byte	.LFE10-.LFB10
 988 0030 00000000 		.4byte	0
 989 0034 00000000 		.4byte	0
 990              		.section	.debug_ranges,"",%progbits
 991              	.Ldebug_ranges0:
 992 0000 00000000 		.4byte	.LFB7
 993 0004 2C000000 		.4byte	.LFE7
 994 0008 00000000 		.4byte	.LFB8
 995 000c 34000000 		.4byte	.LFE8
 996 0010 00000000 		.4byte	.LFB9
 997 0014 28000000 		.4byte	.LFE9
 998 0018 00000000 		.4byte	.LFB10
 999 001c 18000000 		.4byte	.LFE10
 1000 0020 00000000 		.4byte	0
 1001 0024 00000000 		.4byte	0
 1002              		.section	.debug_line,"",%progbits
 1003              	.Ldebug_line0:
 1004 0000 77010000 		.section	.debug_str,"MS",%progbits,1
 1004      02001601 
 1004      00000201 
 1004      FB0E0D00 
 1004      01010101 
 1005              	.LASF10:
 1006 0000 6C6F6E67 		.ascii	"long long int\000"
 1006      206C6F6E 
 1006      6720696E 
 1006      7400
 1007              	.LASF6:
 1008 000e 73686F72 		.ascii	"short unsigned int\000"
 1008      7420756E 
 1008      7369676E 
 1008      65642069 
 1008      6E7400
 1009              	.LASF2:
 1010 0021 73697A65 		.ascii	"size_t\000"
 1010      5F7400
ARM GAS  /var/folders/dt/0wfd0knj7gs46m8vwfzktm600000gn/T//ccbLLHCD.s 			page 19


 1011              	.LASF17:
 1012 0028 6E657874 		.ascii	"nextmem\000"
 1012      6D656D00 
 1013              	.LASF16:
 1014 0030 5F5F6865 		.ascii	"__heap_end__\000"
 1014      61705F65 
 1014      6E645F5F 
 1014      00
 1015              	.LASF15:
 1016 003d 5F5F6865 		.ascii	"__heap_base__\000"
 1016      61705F62 
 1016      6173655F 
 1016      5F00
 1017              	.LASF19:
 1018 004b 474E5520 		.ascii	"GNU C 4.7.2\000"
 1018      4320342E 
 1018      372E3200 
 1019              	.LASF9:
 1020 0057 6C6F6E67 		.ascii	"long unsigned int\000"
 1020      20756E73 
 1020      69676E65 
 1020      6420696E 
 1020      7400
 1021              	.LASF11:
 1022 0069 6C6F6E67 		.ascii	"long long unsigned int\000"
 1022      206C6F6E 
 1022      6720756E 
 1022      7369676E 
 1022      65642069 
 1023              	.LASF21:
 1024 0080 2F557365 		.ascii	"/Users/toxygen/dev/chibi/ChibiOS_2.6.1/demos/ARMCM3"
 1024      72732F74 
 1024      6F787967 
 1024      656E2F64 
 1024      65762F63 
 1025 00b3 2D53544D 		.ascii	"-STM32F107\000"
 1025      33324631 
 1025      303700
 1026              	.LASF3:
 1027 00be 75696E74 		.ascii	"uint8_t\000"
 1027      385F7400 
 1028              	.LASF4:
 1029 00c6 756E7369 		.ascii	"unsigned char\000"
 1029      676E6564 
 1029      20636861 
 1029      7200
 1030              	.LASF14:
 1031 00d4 63686172 		.ascii	"char\000"
 1031      00
 1032              	.LASF25:
 1033 00d9 6368436F 		.ascii	"chCoreAlloc\000"
 1033      7265416C 
 1033      6C6F6300 
 1034              	.LASF8:
 1035 00e5 75696E74 		.ascii	"uint32_t\000"
 1035      33325F74 
 1035      00
ARM GAS  /var/folders/dt/0wfd0knj7gs46m8vwfzktm600000gn/T//ccbLLHCD.s 			page 20


 1036              	.LASF7:
 1037 00ee 6C6F6E67 		.ascii	"long int\000"
 1037      20696E74 
 1037      00
 1038              	.LASF12:
 1039 00f7 5F426F6F 		.ascii	"_Bool\000"
 1039      6C00
 1040              	.LASF20:
 1041 00fd 2E2E2F2E 		.ascii	"../../os/kernel/src/chmemcore.c\000"
 1041      2E2F6F73 
 1041      2F6B6572 
 1041      6E656C2F 
 1041      7372632F 
 1042              	.LASF18:
 1043 011d 656E646D 		.ascii	"endmem\000"
 1043      656D00
 1044              	.LASF22:
 1045 0124 6368436F 		.ascii	"chCoreAllocI\000"
 1045      7265416C 
 1045      6C6F6349 
 1045      00
 1046              	.LASF1:
 1047 0131 7369676E 		.ascii	"signed char\000"
 1047      65642063 
 1047      68617200 
 1048              	.LASF23:
 1049 013d 73697A65 		.ascii	"size\000"
 1049      00
 1050              	.LASF24:
 1051 0142 5F636F72 		.ascii	"_core_init\000"
 1051      655F696E 
 1051      697400
 1052              	.LASF5:
 1053 014d 73686F72 		.ascii	"short int\000"
 1053      7420696E 
 1053      7400
 1054              	.LASF0:
 1055 0157 756E7369 		.ascii	"unsigned int\000"
 1055      676E6564 
 1055      20696E74 
 1055      00
 1056              	.LASF13:
 1057 0164 73697A65 		.ascii	"sizetype\000"
 1057      74797065 
 1057      00
 1058              	.LASF26:
 1059 016d 6368436F 		.ascii	"chCoreStatus\000"
 1059      72655374 
 1059      61747573 
 1059      00
 1060              		.ident	"GCC: (GNU) 4.7.2"
ARM GAS  /var/folders/dt/0wfd0knj7gs46m8vwfzktm600000gn/T//ccbLLHCD.s 			page 21


DEFINED SYMBOLS
                            *ABS*:0000000000000000 chmemcore.c
/var/folders/dt/0wfd0knj7gs46m8vwfzktm600000gn/T//ccbLLHCD.s:19     .text._core_init:0000000000000000 $t
/var/folders/dt/0wfd0knj7gs46m8vwfzktm600000gn/T//ccbLLHCD.s:25     .text._core_init:0000000000000000 _core_init
/var/folders/dt/0wfd0knj7gs46m8vwfzktm600000gn/T//ccbLLHCD.s:216    .bss.nextmem:0000000000000000 .LANCHOR0
/var/folders/dt/0wfd0knj7gs46m8vwfzktm600000gn/T//ccbLLHCD.s:209    .bss.endmem:0000000000000000 .LANCHOR1
/var/folders/dt/0wfd0knj7gs46m8vwfzktm600000gn/T//ccbLLHCD.s:55     .text._core_init:0000000000000028 $d
/var/folders/dt/0wfd0knj7gs46m8vwfzktm600000gn/T//ccbLLHCD.s:60     .text.chCoreAlloc:0000000000000000 $t
/var/folders/dt/0wfd0knj7gs46m8vwfzktm600000gn/T//ccbLLHCD.s:66     .text.chCoreAlloc:0000000000000000 chCoreAlloc
/var/folders/dt/0wfd0knj7gs46m8vwfzktm600000gn/T//ccbLLHCD.s:127    .text.chCoreAlloc:000000000000002c $d
/var/folders/dt/0wfd0knj7gs46m8vwfzktm600000gn/T//ccbLLHCD.s:133    .text.chCoreAllocI:0000000000000000 $t
/var/folders/dt/0wfd0knj7gs46m8vwfzktm600000gn/T//ccbLLHCD.s:139    .text.chCoreAllocI:0000000000000000 chCoreAllocI
/var/folders/dt/0wfd0knj7gs46m8vwfzktm600000gn/T//ccbLLHCD.s:175    .text.chCoreAllocI:0000000000000020 $d
/var/folders/dt/0wfd0knj7gs46m8vwfzktm600000gn/T//ccbLLHCD.s:181    .text.chCoreStatus:0000000000000000 $t
/var/folders/dt/0wfd0knj7gs46m8vwfzktm600000gn/T//ccbLLHCD.s:187    .text.chCoreStatus:0000000000000000 chCoreStatus
/var/folders/dt/0wfd0knj7gs46m8vwfzktm600000gn/T//ccbLLHCD.s:208    .bss.endmem:0000000000000000 $d
/var/folders/dt/0wfd0knj7gs46m8vwfzktm600000gn/T//ccbLLHCD.s:212    .bss.endmem:0000000000000000 endmem
/var/folders/dt/0wfd0knj7gs46m8vwfzktm600000gn/T//ccbLLHCD.s:215    .bss.nextmem:0000000000000000 $d
/var/folders/dt/0wfd0knj7gs46m8vwfzktm600000gn/T//ccbLLHCD.s:219    .bss.nextmem:0000000000000000 nextmem
                     .debug_frame:0000000000000010 $d
/var/folders/dt/0wfd0knj7gs46m8vwfzktm600000gn/T//ccbLLHCD.s:59     .text._core_init:000000000000002c $t
/var/folders/dt/0wfd0knj7gs46m8vwfzktm600000gn/T//ccbLLHCD.s:132    .text.chCoreAlloc:0000000000000034 $t
/var/folders/dt/0wfd0knj7gs46m8vwfzktm600000gn/T//ccbLLHCD.s:180    .text.chCoreAllocI:0000000000000028 $t

UNDEFINED SYMBOLS
__heap_end__
__heap_base__
