ARM GAS  /var/folders/dt/0wfd0knj7gs46m8vwfzktm600000gn/T//cce5M7JB.s 			page 1


   1              		.syntax unified
   2              		.cpu cortex-m3
   3              		.fpu softvfp
   4              		.eabi_attribute 20, 1
   5              		.eabi_attribute 21, 1
   6              		.eabi_attribute 23, 3
   7              		.eabi_attribute 24, 1
   8              		.eabi_attribute 25, 1
   9              		.eabi_attribute 26, 1
  10              		.eabi_attribute 30, 2
  11              		.eabi_attribute 34, 1
  12              		.eabi_attribute 18, 4
  13              		.thumb
  14              		.file	"chmempools.c"
  15              		.text
  16              	.Ltext0:
  17              		.cfi_sections	.debug_frame
  18              		.section	.text.chPoolInit,"ax",%progbits
  19              		.align	2
  20              		.p2align 4,,15
  21              		.global	chPoolInit
  22              		.thumb
  23              		.thumb_func
  24              		.type	chPoolInit, %function
  25              	chPoolInit:
  26              	.LFB7:
  27              		.file 1 "../../os/kernel/src/chmempools.c"
  28              		.loc 1 62 0
  29              		.cfi_startproc
  30              		@ args = 0, pretend = 0, frame = 0
  31              		@ frame_needed = 0, uses_anonymous_args = 0
  32              		@ link register save eliminated.
  33              	.LVL0:
  34              		.loc 1 66 0
  35 0000 0023     		movs	r3, #0
  36 0002 0360     		str	r3, [r0, #0]
  37              		.loc 1 67 0
  38 0004 4160     		str	r1, [r0, #4]
  39              		.loc 1 68 0
  40 0006 8260     		str	r2, [r0, #8]
  41 0008 7047     		bx	lr
  42              		.cfi_endproc
  43              	.LFE7:
  44              		.size	chPoolInit, .-chPoolInit
  45 000a 00BFAFF3 		.section	.text.chPoolLoadArray,"ax",%progbits
  45      0080
  46              		.align	2
  47              		.p2align 4,,15
  48              		.global	chPoolLoadArray
  49              		.thumb
  50              		.thumb_func
  51              		.type	chPoolLoadArray, %function
  52              	chPoolLoadArray:
  53              	.LFB8:
  54              		.loc 1 84 0
  55              		.cfi_startproc
  56              		@ args = 0, pretend = 0, frame = 0
ARM GAS  /var/folders/dt/0wfd0knj7gs46m8vwfzktm600000gn/T//cce5M7JB.s 			page 2


  57              		@ frame_needed = 0, uses_anonymous_args = 0
  58              		@ link register save eliminated.
  59              	.LVL1:
  60 0000 10B4     		push	{r4}
  61              	.LCFI0:
  62              		.cfi_def_cfa_offset 4
  63              		.cfi_offset 4, -4
  64              		.loc 1 88 0
  65 0002 62B1     		cbz	r2, .L2
  66              	.LVL2:
  67              	.L6:
  68              	.LBB16:
  69              	.LBB17:
  70              		.loc 1 173 0
  71 0004 2023     		movs	r3, #32
  72              	.LVL3:
  73              	@ 173 "../../os/kernel/src/chmempools.c" 1
  74 0006 83F31188 		msr     BASEPRI, r3
  75              	@ 0 "" 2
  76              	.LVL4:
  77              		.thumb
  78              	.LBE17:
  79              	.LBB18:
  80              	.LBB19:
  81              		.loc 1 155 0
  82 000a 0468     		ldr	r4, [r0, #0]
  83              	.LBE19:
  84              	.LBE18:
  85              	.LBB21:
  86              		.loc 1 175 0
  87 000c 0023     		movs	r3, #0
  88              	.LVL5:
  89              	.LBE21:
  90              	.LBB22:
  91              	.LBB20:
  92              		.loc 1 155 0
  93 000e 0C60     		str	r4, [r1, #0]
  94              		.loc 1 156 0
  95 0010 0160     		str	r1, [r0, #0]
  96              	.LBE20:
  97              	.LBE22:
  98              	.LBB23:
  99              		.loc 1 175 0
 100              	@ 175 "../../os/kernel/src/chmempools.c" 1
 101 0012 83F31188 		msr     BASEPRI, r3
 102              	@ 0 "" 2
 103              	.LVL6:
 104              		.thumb
 105              	.LBE23:
 106              	.LBE16:
 107              		.loc 1 90 0
 108 0016 4368     		ldr	r3, [r0, #4]
 109              	.LVL7:
 110              		.loc 1 88 0
 111 0018 013A     		subs	r2, r2, #1
 112              		.loc 1 90 0
 113 001a 1944     		add	r1, r1, r3
ARM GAS  /var/folders/dt/0wfd0knj7gs46m8vwfzktm600000gn/T//cce5M7JB.s 			page 3


 114              	.LVL8:
 115              		.loc 1 88 0
 116 001c F2D1     		bne	.L6
 117              	.LVL9:
 118              	.L2:
 119              		.loc 1 93 0
 120 001e 10BC     		pop	{r4}
 121 0020 7047     		bx	lr
 122              		.cfi_endproc
 123              	.LFE8:
 124              		.size	chPoolLoadArray, .-chPoolLoadArray
 125 0022 00BFAFF3 		.section	.text.chPoolAllocI,"ax",%progbits
 125      0080AFF3 
 125      0080AFF3 
 125      0080
 126              		.align	2
 127              		.p2align 4,,15
 128              		.global	chPoolAllocI
 129              		.thumb
 130              		.thumb_func
 131              		.type	chPoolAllocI, %function
 132              	chPoolAllocI:
 133              	.LFB9:
 134              		.loc 1 105 0
 135              		.cfi_startproc
 136              		@ args = 0, pretend = 0, frame = 0
 137              		@ frame_needed = 0, uses_anonymous_args = 0
 138              	.LVL10:
 139 0000 08B5     		push	{r3, lr}
 140              	.LCFI1:
 141              		.cfi_def_cfa_offset 8
 142              		.cfi_offset 3, -8
 143              		.cfi_offset 14, -4
 144              		.loc 1 105 0
 145 0002 0346     		mov	r3, r0
 146              		.loc 1 111 0
 147 0004 0068     		ldr	r0, [r0, #0]
 148              	.LVL11:
 149 0006 10B1     		cbz	r0, .L10
 150              		.loc 1 112 0
 151 0008 0268     		ldr	r2, [r0, #0]
 152 000a 1A60     		str	r2, [r3, #0]
 153 000c 08BD     		pop	{r3, pc}
 154              	.L10:
 155              		.loc 1 113 0
 156 000e 9A68     		ldr	r2, [r3, #8]
 157 0010 0AB1     		cbz	r2, .L11
 158              		.loc 1 114 0
 159 0012 5868     		ldr	r0, [r3, #4]
 160              	.LVL12:
 161 0014 9047     		blx	r2
 162              	.LVL13:
 163              	.L11:
 164              		.loc 1 116 0
 165 0016 08BD     		pop	{r3, pc}
 166              		.cfi_endproc
 167              	.LFE9:
ARM GAS  /var/folders/dt/0wfd0knj7gs46m8vwfzktm600000gn/T//cce5M7JB.s 			page 4


 168              		.size	chPoolAllocI, .-chPoolAllocI
 169 0018 AFF30080 		.section	.text.chPoolAlloc,"ax",%progbits
 169      AFF30080 
 170              		.align	2
 171              		.p2align 4,,15
 172              		.global	chPoolAlloc
 173              		.thumb
 174              		.thumb_func
 175              		.type	chPoolAlloc, %function
 176              	chPoolAlloc:
 177              	.LFB10:
 178              		.loc 1 128 0
 179              		.cfi_startproc
 180              		@ args = 0, pretend = 0, frame = 0
 181              		@ frame_needed = 0, uses_anonymous_args = 0
 182              	.LVL14:
 183 0000 08B5     		push	{r3, lr}
 184              	.LCFI2:
 185              		.cfi_def_cfa_offset 8
 186              		.cfi_offset 3, -8
 187              		.cfi_offset 14, -4
 188              		.loc 1 128 0
 189 0002 0246     		mov	r2, r0
 190              	.LBB24:
 191              		.loc 1 131 0
 192 0004 2023     		movs	r3, #32
 193              	.LVL15:
 194              	@ 131 "../../os/kernel/src/chmempools.c" 1
 195 0006 83F31188 		msr     BASEPRI, r3
 196              	@ 0 "" 2
 197              	.LVL16:
 198              		.thumb
 199              	.LBE24:
 200              	.LBB25:
 201              	.LBB26:
 202              		.loc 1 111 0
 203 000a 0068     		ldr	r0, [r0, #0]
 204              	.LVL17:
 205 000c 28B1     		cbz	r0, .L16
 206              		.loc 1 112 0
 207 000e 0368     		ldr	r3, [r0, #0]
 208              	.LVL18:
 209 0010 1360     		str	r3, [r2, #0]
 210              	.LVL19:
 211              	.L17:
 212              	.LBE26:
 213              	.LBE25:
 214              	.LBB28:
 215              		.loc 1 133 0
 216 0012 0023     		movs	r3, #0
 217              	.LVL20:
 218              	@ 133 "../../os/kernel/src/chmempools.c" 1
 219 0014 83F31188 		msr     BASEPRI, r3
 220              	@ 0 "" 2
 221              	.LVL21:
 222              		.thumb
 223              	.LBE28:
ARM GAS  /var/folders/dt/0wfd0knj7gs46m8vwfzktm600000gn/T//cce5M7JB.s 			page 5


 224              		.loc 1 135 0
 225 0018 08BD     		pop	{r3, pc}
 226              	.LVL22:
 227              	.L16:
 228              	.LBB29:
 229              	.LBB27:
 230              		.loc 1 113 0
 231 001a 9368     		ldr	r3, [r2, #8]
 232              	.LVL23:
 233 001c 002B     		cmp	r3, #0
 234 001e F8D0     		beq	.L17
 235              		.loc 1 114 0
 236 0020 5068     		ldr	r0, [r2, #4]
 237              	.LVL24:
 238 0022 9847     		blx	r3
 239              	.LVL25:
 240 0024 F5E7     		b	.L17
 241              	.LBE27:
 242              	.LBE29:
 243              		.cfi_endproc
 244              	.LFE10:
 245              		.size	chPoolAlloc, .-chPoolAlloc
 246              		.section	.text.chPoolFreeI,"ax",%progbits
 247              		.align	2
 248              		.p2align 4,,15
 249              		.global	chPoolFreeI
 250              		.thumb
 251              		.thumb_func
 252              		.type	chPoolFreeI, %function
 253              	chPoolFreeI:
 254              	.LFB11:
 255              		.loc 1 149 0
 256              		.cfi_startproc
 257              		@ args = 0, pretend = 0, frame = 0
 258              		@ frame_needed = 0, uses_anonymous_args = 0
 259              		@ link register save eliminated.
 260              	.LVL26:
 261              		.loc 1 155 0
 262 0000 0368     		ldr	r3, [r0, #0]
 263              	.LVL27:
 264 0002 0B60     		str	r3, [r1, #0]
 265              		.loc 1 156 0
 266 0004 0160     		str	r1, [r0, #0]
 267 0006 7047     		bx	lr
 268              		.cfi_endproc
 269              	.LFE11:
 270              		.size	chPoolFreeI, .-chPoolFreeI
 271 0008 AFF30080 		.section	.text.chPoolFree,"ax",%progbits
 271      AFF30080 
 272              		.align	2
 273              		.p2align 4,,15
 274              		.global	chPoolFree
 275              		.thumb
 276              		.thumb_func
 277              		.type	chPoolFree, %function
 278              	chPoolFree:
 279              	.LFB12:
ARM GAS  /var/folders/dt/0wfd0knj7gs46m8vwfzktm600000gn/T//cce5M7JB.s 			page 6


 280              		.loc 1 171 0
 281              		.cfi_startproc
 282              		@ args = 0, pretend = 0, frame = 0
 283              		@ frame_needed = 0, uses_anonymous_args = 0
 284              		@ link register save eliminated.
 285              	.LVL28:
 286              	.LBB30:
 287              		.loc 1 173 0
 288 0000 2023     		movs	r3, #32
 289              	.LVL29:
 290              	@ 173 "../../os/kernel/src/chmempools.c" 1
 291 0002 83F31188 		msr     BASEPRI, r3
 292              	@ 0 "" 2
 293              	.LVL30:
 294              		.thumb
 295              	.LBE30:
 296              	.LBB31:
 297              	.LBB32:
 298              		.loc 1 155 0
 299 0006 0268     		ldr	r2, [r0, #0]
 300              	.LBE32:
 301              	.LBE31:
 302              	.LBB34:
 303              		.loc 1 175 0
 304 0008 0023     		movs	r3, #0
 305              	.LVL31:
 306              	.LBE34:
 307              	.LBB35:
 308              	.LBB33:
 309              		.loc 1 155 0
 310 000a 0A60     		str	r2, [r1, #0]
 311              		.loc 1 156 0
 312 000c 0160     		str	r1, [r0, #0]
 313              	.LBE33:
 314              	.LBE35:
 315              	.LBB36:
 316              		.loc 1 175 0
 317              	@ 175 "../../os/kernel/src/chmempools.c" 1
 318 000e 83F31188 		msr     BASEPRI, r3
 319              	@ 0 "" 2
 320              	.LVL32:
 321              		.thumb
 322 0012 7047     		bx	lr
 323              	.LBE36:
 324              		.cfi_endproc
 325              	.LFE12:
 326              		.size	chPoolFree, .-chPoolFree
 327 0014 AFF30080 		.text
 327      AFF30080 
 327      AFF30080 
 328              	.Letext0:
 329              		.file 2 "/Users/toxygen/Applications/yagarto-4.7.2/bin/../lib/gcc/arm-none-eabi/4.7.2/include/stdd
 330              		.file 3 "/Users/toxygen/Applications/yagarto-4.7.2/bin/../lib/gcc/arm-none-eabi/4.7.2/../../../../
 331              		.file 4 "../../os/kernel/include/chmemcore.h"
 332              		.file 5 "../../os/kernel/include/chmempools.h"
 333              		.section	.debug_info,"",%progbits
 334              	.Ldebug_info0:
ARM GAS  /var/folders/dt/0wfd0knj7gs46m8vwfzktm600000gn/T//cce5M7JB.s 			page 7


 335 0000 26040000 		.4byte	0x426
 336 0004 0200     		.2byte	0x2
 337 0006 00000000 		.4byte	.Ldebug_abbrev0
 338 000a 04       		.byte	0x4
 339 000b 01       		.uleb128 0x1
 340 000c 23010000 		.4byte	.LASF28
 341 0010 01       		.byte	0x1
 342 0011 7C000000 		.4byte	.LASF29
 343 0015 8A010000 		.4byte	.LASF30
 344 0019 C0000000 		.4byte	.Ldebug_ranges0+0xc0
 345 001d 00000000 		.4byte	0
 346 0021 00000000 		.4byte	0
 347 0025 00000000 		.4byte	.Ldebug_line0
 348 0029 02       		.uleb128 0x2
 349 002a 04       		.byte	0x4
 350 002b 05       		.byte	0x5
 351 002c 696E7400 		.ascii	"int\000"
 352 0030 03       		.uleb128 0x3
 353 0031 00000000 		.4byte	.LASF2
 354 0035 02       		.byte	0x2
 355 0036 D5       		.byte	0xd5
 356 0037 3B000000 		.4byte	0x3b
 357 003b 04       		.uleb128 0x4
 358 003c 04       		.byte	0x4
 359 003d 07       		.byte	0x7
 360 003e D3000000 		.4byte	.LASF0
 361 0042 04       		.uleb128 0x4
 362 0043 01       		.byte	0x1
 363 0044 06       		.byte	0x6
 364 0045 70010000 		.4byte	.LASF1
 365 0049 03       		.uleb128 0x3
 366 004a F7000000 		.4byte	.LASF3
 367 004e 03       		.byte	0x3
 368 004f 2A       		.byte	0x2a
 369 0050 54000000 		.4byte	0x54
 370 0054 04       		.uleb128 0x4
 371 0055 01       		.byte	0x1
 372 0056 08       		.byte	0x8
 373 0057 9D000000 		.4byte	.LASF4
 374 005b 04       		.uleb128 0x4
 375 005c 02       		.byte	0x2
 376 005d 05       		.byte	0x5
 377 005e 48010000 		.4byte	.LASF5
 378 0062 04       		.uleb128 0x4
 379 0063 02       		.byte	0x2
 380 0064 07       		.byte	0x7
 381 0065 54000000 		.4byte	.LASF6
 382 0069 04       		.uleb128 0x4
 383 006a 04       		.byte	0x4
 384 006b 05       		.byte	0x5
 385 006c 67010000 		.4byte	.LASF7
 386 0070 03       		.uleb128 0x3
 387 0071 5E010000 		.4byte	.LASF8
 388 0075 03       		.byte	0x3
 389 0076 50       		.byte	0x50
 390 0077 7B000000 		.4byte	0x7b
 391 007b 04       		.uleb128 0x4
ARM GAS  /var/folders/dt/0wfd0knj7gs46m8vwfzktm600000gn/T//cce5M7JB.s 			page 8


 392 007c 04       		.byte	0x4
 393 007d 07       		.byte	0x7
 394 007e 42000000 		.4byte	.LASF9
 395 0082 04       		.uleb128 0x4
 396 0083 08       		.byte	0x8
 397 0084 05       		.byte	0x5
 398 0085 10010000 		.4byte	.LASF10
 399 0089 04       		.uleb128 0x4
 400 008a 08       		.byte	0x8
 401 008b 07       		.byte	0x7
 402 008c E0000000 		.4byte	.LASF11
 403 0090 04       		.uleb128 0x4
 404 0091 01       		.byte	0x1
 405 0092 02       		.byte	0x2
 406 0093 84010000 		.4byte	.LASF12
 407 0097 05       		.uleb128 0x5
 408 0098 04       		.byte	0x4
 409 0099 04       		.uleb128 0x4
 410 009a 04       		.byte	0x4
 411 009b 07       		.byte	0x7
 412 009c 07010000 		.4byte	.LASF13
 413 00a0 03       		.uleb128 0x3
 414 00a1 2F010000 		.4byte	.LASF14
 415 00a5 04       		.byte	0x4
 416 00a6 2C       		.byte	0x2c
 417 00a7 AB000000 		.4byte	0xab
 418 00ab 06       		.uleb128 0x6
 419 00ac 04       		.byte	0x4
 420 00ad B1000000 		.4byte	0xb1
 421 00b1 07       		.uleb128 0x7
 422 00b2 01       		.byte	0x1
 423 00b3 97000000 		.4byte	0x97
 424 00b7 C1000000 		.4byte	0xc1
 425 00bb 08       		.uleb128 0x8
 426 00bc 30000000 		.4byte	0x30
 427 00c0 00       		.byte	0
 428 00c1 09       		.uleb128 0x9
 429 00c2 31000000 		.4byte	.LASF31
 430 00c6 04       		.byte	0x4
 431 00c7 05       		.byte	0x5
 432 00c8 2C       		.byte	0x2c
 433 00c9 DC000000 		.4byte	0xdc
 434 00cd 0A       		.uleb128 0xa
 435 00ce FF000000 		.4byte	.LASF15
 436 00d2 05       		.byte	0x5
 437 00d3 2D       		.byte	0x2d
 438 00d4 DC000000 		.4byte	0xdc
 439 00d8 02       		.byte	0x2
 440 00d9 23       		.byte	0x23
 441 00da 00       		.uleb128 0
 442 00db 00       		.byte	0
 443 00dc 06       		.uleb128 0x6
 444 00dd 04       		.byte	0x4
 445 00de C1000000 		.4byte	0xc1
 446 00e2 0B       		.uleb128 0xb
 447 00e3 0C       		.byte	0xc
 448 00e4 05       		.byte	0x5
ARM GAS  /var/folders/dt/0wfd0knj7gs46m8vwfzktm600000gn/T//cce5M7JB.s 			page 9


 449 00e5 34       		.byte	0x34
 450 00e6 15010000 		.4byte	0x115
 451 00ea 0A       		.uleb128 0xa
 452 00eb 7C010000 		.4byte	.LASF16
 453 00ef 05       		.byte	0x5
 454 00f0 35       		.byte	0x35
 455 00f1 DC000000 		.4byte	0xdc
 456 00f5 02       		.byte	0x2
 457 00f6 23       		.byte	0x23
 458 00f7 00       		.uleb128 0
 459 00f8 0A       		.uleb128 0xa
 460 00f9 12000000 		.4byte	.LASF17
 461 00fd 05       		.byte	0x5
 462 00fe 36       		.byte	0x36
 463 00ff 30000000 		.4byte	0x30
 464 0103 02       		.byte	0x2
 465 0104 23       		.byte	0x23
 466 0105 04       		.uleb128 0x4
 467 0106 0A       		.uleb128 0xa
 468 0107 3C010000 		.4byte	.LASF18
 469 010b 05       		.byte	0x5
 470 010c 38       		.byte	0x38
 471 010d A0000000 		.4byte	0xa0
 472 0111 02       		.byte	0x2
 473 0112 23       		.byte	0x23
 474 0113 08       		.uleb128 0x8
 475 0114 00       		.byte	0
 476 0115 03       		.uleb128 0x3
 477 0116 B6000000 		.4byte	.LASF19
 478 011a 05       		.byte	0x5
 479 011b 3A       		.byte	0x3a
 480 011c E2000000 		.4byte	0xe2
 481 0120 04       		.uleb128 0x4
 482 0121 01       		.byte	0x1
 483 0122 08       		.byte	0x8
 484 0123 1E010000 		.4byte	.LASF20
 485 0127 0C       		.uleb128 0xc
 486 0128 01       		.byte	0x1
 487 0129 C6000000 		.4byte	.LASF32
 488 012d 01       		.byte	0x1
 489 012e 69       		.byte	0x69
 490 012f 01       		.byte	0x1
 491 0130 97000000 		.4byte	0x97
 492 0134 01       		.byte	0x1
 493 0135 4F010000 		.4byte	0x14f
 494 0139 0D       		.uleb128 0xd
 495 013a 6D7000   		.ascii	"mp\000"
 496 013d 01       		.byte	0x1
 497 013e 69       		.byte	0x69
 498 013f 4F010000 		.4byte	0x14f
 499 0143 0E       		.uleb128 0xe
 500 0144 C1000000 		.4byte	.LASF21
 501 0148 01       		.byte	0x1
 502 0149 6A       		.byte	0x6a
 503 014a 97000000 		.4byte	0x97
 504 014e 00       		.byte	0
 505 014f 06       		.uleb128 0x6
ARM GAS  /var/folders/dt/0wfd0knj7gs46m8vwfzktm600000gn/T//cce5M7JB.s 			page 10


 506 0150 04       		.byte	0x4
 507 0151 15010000 		.4byte	0x115
 508 0155 0F       		.uleb128 0xf
 509 0156 01       		.byte	0x1
 510 0157 70000000 		.4byte	.LASF22
 511 015b 01       		.byte	0x1
 512 015c 95       		.byte	0x95
 513 015d 01       		.byte	0x1
 514 015e 01       		.byte	0x1
 515 015f 84010000 		.4byte	0x184
 516 0163 0D       		.uleb128 0xd
 517 0164 6D7000   		.ascii	"mp\000"
 518 0167 01       		.byte	0x1
 519 0168 95       		.byte	0x95
 520 0169 4F010000 		.4byte	0x14f
 521 016d 10       		.uleb128 0x10
 522 016e C1000000 		.4byte	.LASF21
 523 0172 01       		.byte	0x1
 524 0173 95       		.byte	0x95
 525 0174 97000000 		.4byte	0x97
 526 0178 11       		.uleb128 0x11
 527 0179 70687000 		.ascii	"php\000"
 528 017d 01       		.byte	0x1
 529 017e 96       		.byte	0x96
 530 017f DC000000 		.4byte	0xdc
 531 0183 00       		.byte	0
 532 0184 0F       		.uleb128 0xf
 533 0185 01       		.byte	0x1
 534 0186 AB000000 		.4byte	.LASF23
 535 018a 01       		.byte	0x1
 536 018b AB       		.byte	0xab
 537 018c 01       		.byte	0x1
 538 018d 01       		.byte	0x1
 539 018e C6010000 		.4byte	0x1c6
 540 0192 0D       		.uleb128 0xd
 541 0193 6D7000   		.ascii	"mp\000"
 542 0196 01       		.byte	0x1
 543 0197 AB       		.byte	0xab
 544 0198 4F010000 		.4byte	0x14f
 545 019c 10       		.uleb128 0x10
 546 019d C1000000 		.4byte	.LASF21
 547 01a1 01       		.byte	0x1
 548 01a2 AB       		.byte	0xab
 549 01a3 97000000 		.4byte	0x97
 550 01a7 12       		.uleb128 0x12
 551 01a8 B8010000 		.4byte	0x1b8
 552 01ac 11       		.uleb128 0x11
 553 01ad 746D7000 		.ascii	"tmp\000"
 554 01b1 01       		.byte	0x1
 555 01b2 AD       		.byte	0xad
 556 01b3 70000000 		.4byte	0x70
 557 01b7 00       		.byte	0
 558 01b8 13       		.uleb128 0x13
 559 01b9 11       		.uleb128 0x11
 560 01ba 746D7000 		.ascii	"tmp\000"
 561 01be 01       		.byte	0x1
 562 01bf AF       		.byte	0xaf
ARM GAS  /var/folders/dt/0wfd0knj7gs46m8vwfzktm600000gn/T//cce5M7JB.s 			page 11


 563 01c0 70000000 		.4byte	0x70
 564 01c4 00       		.byte	0
 565 01c5 00       		.byte	0
 566 01c6 14       		.uleb128 0x14
 567 01c7 01       		.byte	0x1
 568 01c8 07000000 		.4byte	.LASF26
 569 01cc 01       		.byte	0x1
 570 01cd 3E       		.byte	0x3e
 571 01ce 01       		.byte	0x1
 572 01cf 00000000 		.4byte	.LFB7
 573 01d3 0A000000 		.4byte	.LFE7
 574 01d7 02       		.byte	0x2
 575 01d8 7D       		.byte	0x7d
 576 01d9 00       		.sleb128 0
 577 01da 01       		.byte	0x1
 578 01db 06020000 		.4byte	0x206
 579 01df 15       		.uleb128 0x15
 580 01e0 6D7000   		.ascii	"mp\000"
 581 01e3 01       		.byte	0x1
 582 01e4 3E       		.byte	0x3e
 583 01e5 4F010000 		.4byte	0x14f
 584 01e9 01       		.byte	0x1
 585 01ea 50       		.byte	0x50
 586 01eb 16       		.uleb128 0x16
 587 01ec 3D000000 		.4byte	.LASF24
 588 01f0 01       		.byte	0x1
 589 01f1 3E       		.byte	0x3e
 590 01f2 30000000 		.4byte	0x30
 591 01f6 01       		.byte	0x1
 592 01f7 51       		.byte	0x51
 593 01f8 16       		.uleb128 0x16
 594 01f9 67000000 		.4byte	.LASF25
 595 01fd 01       		.byte	0x1
 596 01fe 3E       		.byte	0x3e
 597 01ff A0000000 		.4byte	0xa0
 598 0203 01       		.byte	0x1
 599 0204 52       		.byte	0x52
 600 0205 00       		.byte	0
 601 0206 17       		.uleb128 0x17
 602 0207 01       		.byte	0x1
 603 0208 21000000 		.4byte	.LASF27
 604 020c 01       		.byte	0x1
 605 020d 54       		.byte	0x54
 606 020e 01       		.byte	0x1
 607 020f 00000000 		.4byte	.LFB8
 608 0213 22000000 		.4byte	.LFE8
 609 0217 00000000 		.4byte	.LLST0
 610 021b 01       		.byte	0x1
 611 021c C4020000 		.4byte	0x2c4
 612 0220 15       		.uleb128 0x15
 613 0221 6D7000   		.ascii	"mp\000"
 614 0224 01       		.byte	0x1
 615 0225 54       		.byte	0x54
 616 0226 4F010000 		.4byte	0x14f
 617 022a 01       		.byte	0x1
 618 022b 50       		.byte	0x50
 619 022c 18       		.uleb128 0x18
ARM GAS  /var/folders/dt/0wfd0knj7gs46m8vwfzktm600000gn/T//cce5M7JB.s 			page 12


 620 022d 7000     		.ascii	"p\000"
 621 022f 01       		.byte	0x1
 622 0230 54       		.byte	0x54
 623 0231 97000000 		.4byte	0x97
 624 0235 20000000 		.4byte	.LLST1
 625 0239 18       		.uleb128 0x18
 626 023a 6E00     		.ascii	"n\000"
 627 023c 01       		.byte	0x1
 628 023d 54       		.byte	0x54
 629 023e 30000000 		.4byte	0x30
 630 0242 3E000000 		.4byte	.LLST2
 631 0246 19       		.uleb128 0x19
 632 0247 84010000 		.4byte	0x184
 633 024b 04000000 		.4byte	.LBB16
 634 024f 16000000 		.4byte	.LBE16
 635 0253 01       		.byte	0x1
 636 0254 59       		.byte	0x59
 637 0255 1A       		.uleb128 0x1a
 638 0256 9C010000 		.4byte	0x19c
 639 025a 51000000 		.4byte	.LLST3
 640 025e 1A       		.uleb128 0x1a
 641 025f 92010000 		.4byte	0x192
 642 0263 70000000 		.4byte	.LLST4
 643 0267 1B       		.uleb128 0x1b
 644 0268 04000000 		.4byte	.LBB17
 645 026c 0A000000 		.4byte	.LBE17
 646 0270 7E020000 		.4byte	0x27e
 647 0274 1C       		.uleb128 0x1c
 648 0275 AC010000 		.4byte	0x1ac
 649 0279 83000000 		.4byte	.LLST5
 650 027d 00       		.byte	0
 651 027e 1D       		.uleb128 0x1d
 652 027f 55010000 		.4byte	0x155
 653 0283 0A000000 		.4byte	.LBB18
 654 0287 00000000 		.4byte	.Ldebug_ranges0+0
 655 028b 01       		.byte	0x1
 656 028c AE       		.byte	0xae
 657 028d B3020000 		.4byte	0x2b3
 658 0291 1A       		.uleb128 0x1a
 659 0292 6D010000 		.4byte	0x16d
 660 0296 96000000 		.4byte	.LLST6
 661 029a 1A       		.uleb128 0x1a
 662 029b 63010000 		.4byte	0x163
 663 029f B5000000 		.4byte	.LLST7
 664 02a3 1E       		.uleb128 0x1e
 665 02a4 18000000 		.4byte	.Ldebug_ranges0+0x18
 666 02a8 1C       		.uleb128 0x1c
 667 02a9 78010000 		.4byte	0x178
 668 02ad 96000000 		.4byte	.LLST6
 669 02b1 00       		.byte	0
 670 02b2 00       		.byte	0
 671 02b3 1E       		.uleb128 0x1e
 672 02b4 30000000 		.4byte	.Ldebug_ranges0+0x30
 673 02b8 1C       		.uleb128 0x1c
 674 02b9 B9010000 		.4byte	0x1b9
 675 02bd C8000000 		.4byte	.LLST9
 676 02c1 00       		.byte	0
ARM GAS  /var/folders/dt/0wfd0knj7gs46m8vwfzktm600000gn/T//cce5M7JB.s 			page 13


 677 02c2 00       		.byte	0
 678 02c3 00       		.byte	0
 679 02c4 1F       		.uleb128 0x1f
 680 02c5 27010000 		.4byte	0x127
 681 02c9 00000000 		.4byte	.LFB9
 682 02cd 18000000 		.4byte	.LFE9
 683 02d1 DB000000 		.4byte	.LLST10
 684 02d5 01       		.byte	0x1
 685 02d6 ED020000 		.4byte	0x2ed
 686 02da 1A       		.uleb128 0x1a
 687 02db 39010000 		.4byte	0x139
 688 02df FB000000 		.4byte	.LLST11
 689 02e3 1C       		.uleb128 0x1c
 690 02e4 43010000 		.4byte	0x143
 691 02e8 27010000 		.4byte	.LLST12
 692 02ec 00       		.byte	0
 693 02ed 20       		.uleb128 0x20
 694 02ee 01       		.byte	0x1
 695 02ef 52010000 		.4byte	.LASF33
 696 02f3 01       		.byte	0x1
 697 02f4 80       		.byte	0x80
 698 02f5 01       		.byte	0x1
 699 02f6 97000000 		.4byte	0x97
 700 02fa 00000000 		.4byte	.LFB10
 701 02fe 26000000 		.4byte	.LFE10
 702 0302 51010000 		.4byte	.LLST13
 703 0306 01       		.byte	0x1
 704 0307 89030000 		.4byte	0x389
 705 030b 18       		.uleb128 0x18
 706 030c 6D7000   		.ascii	"mp\000"
 707 030f 01       		.byte	0x1
 708 0310 80       		.byte	0x80
 709 0311 4F010000 		.4byte	0x14f
 710 0315 71010000 		.4byte	.LLST14
 711 0319 21       		.uleb128 0x21
 712 031a C1000000 		.4byte	.LASF21
 713 031e 01       		.byte	0x1
 714 031f 81       		.byte	0x81
 715 0320 97000000 		.4byte	0x97
 716 0324 01       		.byte	0x1
 717 0325 50       		.byte	0x50
 718 0326 1B       		.uleb128 0x1b
 719 0327 04000000 		.4byte	.LBB24
 720 032b 0A000000 		.4byte	.LBE24
 721 032f 43030000 		.4byte	0x343
 722 0333 22       		.uleb128 0x22
 723 0334 746D7000 		.ascii	"tmp\000"
 724 0338 01       		.byte	0x1
 725 0339 83       		.byte	0x83
 726 033a 70000000 		.4byte	0x70
 727 033e B6010000 		.4byte	.LLST15
 728 0342 00       		.byte	0
 729 0343 1D       		.uleb128 0x1d
 730 0344 27010000 		.4byte	0x127
 731 0348 0A000000 		.4byte	.LBB25
 732 034c 48000000 		.4byte	.Ldebug_ranges0+0x48
 733 0350 01       		.byte	0x1
ARM GAS  /var/folders/dt/0wfd0knj7gs46m8vwfzktm600000gn/T//cce5M7JB.s 			page 14


 734 0351 84       		.byte	0x84
 735 0352 6F030000 		.4byte	0x36f
 736 0356 1A       		.uleb128 0x1a
 737 0357 39010000 		.4byte	0x139
 738 035b D4010000 		.4byte	.LLST16
 739 035f 1E       		.uleb128 0x1e
 740 0360 60000000 		.4byte	.Ldebug_ranges0+0x60
 741 0364 1C       		.uleb128 0x1c
 742 0365 43010000 		.4byte	0x143
 743 0369 19020000 		.4byte	.LLST17
 744 036d 00       		.byte	0
 745 036e 00       		.byte	0
 746 036f 23       		.uleb128 0x23
 747 0370 12000000 		.4byte	.LBB28
 748 0374 18000000 		.4byte	.LBE28
 749 0378 22       		.uleb128 0x22
 750 0379 746D7000 		.ascii	"tmp\000"
 751 037d 01       		.byte	0x1
 752 037e 85       		.byte	0x85
 753 037f 70000000 		.4byte	0x70
 754 0383 43020000 		.4byte	.LLST18
 755 0387 00       		.byte	0
 756 0388 00       		.byte	0
 757 0389 24       		.uleb128 0x24
 758 038a 55010000 		.4byte	0x155
 759 038e 00000000 		.4byte	.LFB11
 760 0392 08000000 		.4byte	.LFE11
 761 0396 02       		.byte	0x2
 762 0397 7D       		.byte	0x7d
 763 0398 00       		.sleb128 0
 764 0399 01       		.byte	0x1
 765 039a B4030000 		.4byte	0x3b4
 766 039e 25       		.uleb128 0x25
 767 039f 63010000 		.4byte	0x163
 768 03a3 01       		.byte	0x1
 769 03a4 50       		.byte	0x50
 770 03a5 25       		.uleb128 0x25
 771 03a6 6D010000 		.4byte	0x16d
 772 03aa 01       		.byte	0x1
 773 03ab 51       		.byte	0x51
 774 03ac 26       		.uleb128 0x26
 775 03ad 78010000 		.4byte	0x178
 776 03b1 01       		.byte	0x1
 777 03b2 51       		.byte	0x51
 778 03b3 00       		.byte	0
 779 03b4 27       		.uleb128 0x27
 780 03b5 84010000 		.4byte	0x184
 781 03b9 00000000 		.4byte	.LFB12
 782 03bd 14000000 		.4byte	.LFE12
 783 03c1 02       		.byte	0x2
 784 03c2 7D       		.byte	0x7d
 785 03c3 00       		.sleb128 0
 786 03c4 01       		.byte	0x1
 787 03c5 25       		.uleb128 0x25
 788 03c6 92010000 		.4byte	0x192
 789 03ca 01       		.byte	0x1
 790 03cb 50       		.byte	0x50
ARM GAS  /var/folders/dt/0wfd0knj7gs46m8vwfzktm600000gn/T//cce5M7JB.s 			page 15


 791 03cc 25       		.uleb128 0x25
 792 03cd 9C010000 		.4byte	0x19c
 793 03d1 01       		.byte	0x1
 794 03d2 51       		.byte	0x51
 795 03d3 1B       		.uleb128 0x1b
 796 03d4 00000000 		.4byte	.LBB30
 797 03d8 06000000 		.4byte	.LBE30
 798 03dc EA030000 		.4byte	0x3ea
 799 03e0 1C       		.uleb128 0x1c
 800 03e1 AC010000 		.4byte	0x1ac
 801 03e5 56020000 		.4byte	.LLST19
 802 03e9 00       		.byte	0
 803 03ea 1D       		.uleb128 0x1d
 804 03eb 55010000 		.4byte	0x155
 805 03ef 06000000 		.4byte	.LBB31
 806 03f3 78000000 		.4byte	.Ldebug_ranges0+0x78
 807 03f7 01       		.byte	0x1
 808 03f8 AE       		.byte	0xae
 809 03f9 19040000 		.4byte	0x419
 810 03fd 25       		.uleb128 0x25
 811 03fe 6D010000 		.4byte	0x16d
 812 0402 01       		.byte	0x1
 813 0403 51       		.byte	0x51
 814 0404 25       		.uleb128 0x25
 815 0405 63010000 		.4byte	0x163
 816 0409 01       		.byte	0x1
 817 040a 50       		.byte	0x50
 818 040b 1E       		.uleb128 0x1e
 819 040c 90000000 		.4byte	.Ldebug_ranges0+0x90
 820 0410 26       		.uleb128 0x26
 821 0411 78010000 		.4byte	0x178
 822 0415 01       		.byte	0x1
 823 0416 51       		.byte	0x51
 824 0417 00       		.byte	0
 825 0418 00       		.byte	0
 826 0419 1E       		.uleb128 0x1e
 827 041a A8000000 		.4byte	.Ldebug_ranges0+0xa8
 828 041e 1C       		.uleb128 0x1c
 829 041f B9010000 		.4byte	0x1b9
 830 0423 69020000 		.4byte	.LLST20
 831 0427 00       		.byte	0
 832 0428 00       		.byte	0
 833 0429 00       		.byte	0
 834              		.section	.debug_abbrev,"",%progbits
 835              	.Ldebug_abbrev0:
 836 0000 01       		.uleb128 0x1
 837 0001 11       		.uleb128 0x11
 838 0002 01       		.byte	0x1
 839 0003 25       		.uleb128 0x25
 840 0004 0E       		.uleb128 0xe
 841 0005 13       		.uleb128 0x13
 842 0006 0B       		.uleb128 0xb
 843 0007 03       		.uleb128 0x3
 844 0008 0E       		.uleb128 0xe
 845 0009 1B       		.uleb128 0x1b
 846 000a 0E       		.uleb128 0xe
 847 000b 55       		.uleb128 0x55
ARM GAS  /var/folders/dt/0wfd0knj7gs46m8vwfzktm600000gn/T//cce5M7JB.s 			page 16


 848 000c 06       		.uleb128 0x6
 849 000d 11       		.uleb128 0x11
 850 000e 01       		.uleb128 0x1
 851 000f 52       		.uleb128 0x52
 852 0010 01       		.uleb128 0x1
 853 0011 10       		.uleb128 0x10
 854 0012 06       		.uleb128 0x6
 855 0013 00       		.byte	0
 856 0014 00       		.byte	0
 857 0015 02       		.uleb128 0x2
 858 0016 24       		.uleb128 0x24
 859 0017 00       		.byte	0
 860 0018 0B       		.uleb128 0xb
 861 0019 0B       		.uleb128 0xb
 862 001a 3E       		.uleb128 0x3e
 863 001b 0B       		.uleb128 0xb
 864 001c 03       		.uleb128 0x3
 865 001d 08       		.uleb128 0x8
 866 001e 00       		.byte	0
 867 001f 00       		.byte	0
 868 0020 03       		.uleb128 0x3
 869 0021 16       		.uleb128 0x16
 870 0022 00       		.byte	0
 871 0023 03       		.uleb128 0x3
 872 0024 0E       		.uleb128 0xe
 873 0025 3A       		.uleb128 0x3a
 874 0026 0B       		.uleb128 0xb
 875 0027 3B       		.uleb128 0x3b
 876 0028 0B       		.uleb128 0xb
 877 0029 49       		.uleb128 0x49
 878 002a 13       		.uleb128 0x13
 879 002b 00       		.byte	0
 880 002c 00       		.byte	0
 881 002d 04       		.uleb128 0x4
 882 002e 24       		.uleb128 0x24
 883 002f 00       		.byte	0
 884 0030 0B       		.uleb128 0xb
 885 0031 0B       		.uleb128 0xb
 886 0032 3E       		.uleb128 0x3e
 887 0033 0B       		.uleb128 0xb
 888 0034 03       		.uleb128 0x3
 889 0035 0E       		.uleb128 0xe
 890 0036 00       		.byte	0
 891 0037 00       		.byte	0
 892 0038 05       		.uleb128 0x5
 893 0039 0F       		.uleb128 0xf
 894 003a 00       		.byte	0
 895 003b 0B       		.uleb128 0xb
 896 003c 0B       		.uleb128 0xb
 897 003d 00       		.byte	0
 898 003e 00       		.byte	0
 899 003f 06       		.uleb128 0x6
 900 0040 0F       		.uleb128 0xf
 901 0041 00       		.byte	0
 902 0042 0B       		.uleb128 0xb
 903 0043 0B       		.uleb128 0xb
 904 0044 49       		.uleb128 0x49
ARM GAS  /var/folders/dt/0wfd0knj7gs46m8vwfzktm600000gn/T//cce5M7JB.s 			page 17


 905 0045 13       		.uleb128 0x13
 906 0046 00       		.byte	0
 907 0047 00       		.byte	0
 908 0048 07       		.uleb128 0x7
 909 0049 15       		.uleb128 0x15
 910 004a 01       		.byte	0x1
 911 004b 27       		.uleb128 0x27
 912 004c 0C       		.uleb128 0xc
 913 004d 49       		.uleb128 0x49
 914 004e 13       		.uleb128 0x13
 915 004f 01       		.uleb128 0x1
 916 0050 13       		.uleb128 0x13
 917 0051 00       		.byte	0
 918 0052 00       		.byte	0
 919 0053 08       		.uleb128 0x8
 920 0054 05       		.uleb128 0x5
 921 0055 00       		.byte	0
 922 0056 49       		.uleb128 0x49
 923 0057 13       		.uleb128 0x13
 924 0058 00       		.byte	0
 925 0059 00       		.byte	0
 926 005a 09       		.uleb128 0x9
 927 005b 13       		.uleb128 0x13
 928 005c 01       		.byte	0x1
 929 005d 03       		.uleb128 0x3
 930 005e 0E       		.uleb128 0xe
 931 005f 0B       		.uleb128 0xb
 932 0060 0B       		.uleb128 0xb
 933 0061 3A       		.uleb128 0x3a
 934 0062 0B       		.uleb128 0xb
 935 0063 3B       		.uleb128 0x3b
 936 0064 0B       		.uleb128 0xb
 937 0065 01       		.uleb128 0x1
 938 0066 13       		.uleb128 0x13
 939 0067 00       		.byte	0
 940 0068 00       		.byte	0
 941 0069 0A       		.uleb128 0xa
 942 006a 0D       		.uleb128 0xd
 943 006b 00       		.byte	0
 944 006c 03       		.uleb128 0x3
 945 006d 0E       		.uleb128 0xe
 946 006e 3A       		.uleb128 0x3a
 947 006f 0B       		.uleb128 0xb
 948 0070 3B       		.uleb128 0x3b
 949 0071 0B       		.uleb128 0xb
 950 0072 49       		.uleb128 0x49
 951 0073 13       		.uleb128 0x13
 952 0074 38       		.uleb128 0x38
 953 0075 0A       		.uleb128 0xa
 954 0076 00       		.byte	0
 955 0077 00       		.byte	0
 956 0078 0B       		.uleb128 0xb
 957 0079 13       		.uleb128 0x13
 958 007a 01       		.byte	0x1
 959 007b 0B       		.uleb128 0xb
 960 007c 0B       		.uleb128 0xb
 961 007d 3A       		.uleb128 0x3a
ARM GAS  /var/folders/dt/0wfd0knj7gs46m8vwfzktm600000gn/T//cce5M7JB.s 			page 18


 962 007e 0B       		.uleb128 0xb
 963 007f 3B       		.uleb128 0x3b
 964 0080 0B       		.uleb128 0xb
 965 0081 01       		.uleb128 0x1
 966 0082 13       		.uleb128 0x13
 967 0083 00       		.byte	0
 968 0084 00       		.byte	0
 969 0085 0C       		.uleb128 0xc
 970 0086 2E       		.uleb128 0x2e
 971 0087 01       		.byte	0x1
 972 0088 3F       		.uleb128 0x3f
 973 0089 0C       		.uleb128 0xc
 974 008a 03       		.uleb128 0x3
 975 008b 0E       		.uleb128 0xe
 976 008c 3A       		.uleb128 0x3a
 977 008d 0B       		.uleb128 0xb
 978 008e 3B       		.uleb128 0x3b
 979 008f 0B       		.uleb128 0xb
 980 0090 27       		.uleb128 0x27
 981 0091 0C       		.uleb128 0xc
 982 0092 49       		.uleb128 0x49
 983 0093 13       		.uleb128 0x13
 984 0094 20       		.uleb128 0x20
 985 0095 0B       		.uleb128 0xb
 986 0096 01       		.uleb128 0x1
 987 0097 13       		.uleb128 0x13
 988 0098 00       		.byte	0
 989 0099 00       		.byte	0
 990 009a 0D       		.uleb128 0xd
 991 009b 05       		.uleb128 0x5
 992 009c 00       		.byte	0
 993 009d 03       		.uleb128 0x3
 994 009e 08       		.uleb128 0x8
 995 009f 3A       		.uleb128 0x3a
 996 00a0 0B       		.uleb128 0xb
 997 00a1 3B       		.uleb128 0x3b
 998 00a2 0B       		.uleb128 0xb
 999 00a3 49       		.uleb128 0x49
 1000 00a4 13       		.uleb128 0x13
 1001 00a5 00       		.byte	0
 1002 00a6 00       		.byte	0
 1003 00a7 0E       		.uleb128 0xe
 1004 00a8 34       		.uleb128 0x34
 1005 00a9 00       		.byte	0
 1006 00aa 03       		.uleb128 0x3
 1007 00ab 0E       		.uleb128 0xe
 1008 00ac 3A       		.uleb128 0x3a
 1009 00ad 0B       		.uleb128 0xb
 1010 00ae 3B       		.uleb128 0x3b
 1011 00af 0B       		.uleb128 0xb
 1012 00b0 49       		.uleb128 0x49
 1013 00b1 13       		.uleb128 0x13
 1014 00b2 00       		.byte	0
 1015 00b3 00       		.byte	0
 1016 00b4 0F       		.uleb128 0xf
 1017 00b5 2E       		.uleb128 0x2e
 1018 00b6 01       		.byte	0x1
ARM GAS  /var/folders/dt/0wfd0knj7gs46m8vwfzktm600000gn/T//cce5M7JB.s 			page 19


 1019 00b7 3F       		.uleb128 0x3f
 1020 00b8 0C       		.uleb128 0xc
 1021 00b9 03       		.uleb128 0x3
 1022 00ba 0E       		.uleb128 0xe
 1023 00bb 3A       		.uleb128 0x3a
 1024 00bc 0B       		.uleb128 0xb
 1025 00bd 3B       		.uleb128 0x3b
 1026 00be 0B       		.uleb128 0xb
 1027 00bf 27       		.uleb128 0x27
 1028 00c0 0C       		.uleb128 0xc
 1029 00c1 20       		.uleb128 0x20
 1030 00c2 0B       		.uleb128 0xb
 1031 00c3 01       		.uleb128 0x1
 1032 00c4 13       		.uleb128 0x13
 1033 00c5 00       		.byte	0
 1034 00c6 00       		.byte	0
 1035 00c7 10       		.uleb128 0x10
 1036 00c8 05       		.uleb128 0x5
 1037 00c9 00       		.byte	0
 1038 00ca 03       		.uleb128 0x3
 1039 00cb 0E       		.uleb128 0xe
 1040 00cc 3A       		.uleb128 0x3a
 1041 00cd 0B       		.uleb128 0xb
 1042 00ce 3B       		.uleb128 0x3b
 1043 00cf 0B       		.uleb128 0xb
 1044 00d0 49       		.uleb128 0x49
 1045 00d1 13       		.uleb128 0x13
 1046 00d2 00       		.byte	0
 1047 00d3 00       		.byte	0
 1048 00d4 11       		.uleb128 0x11
 1049 00d5 34       		.uleb128 0x34
 1050 00d6 00       		.byte	0
 1051 00d7 03       		.uleb128 0x3
 1052 00d8 08       		.uleb128 0x8
 1053 00d9 3A       		.uleb128 0x3a
 1054 00da 0B       		.uleb128 0xb
 1055 00db 3B       		.uleb128 0x3b
 1056 00dc 0B       		.uleb128 0xb
 1057 00dd 49       		.uleb128 0x49
 1058 00de 13       		.uleb128 0x13
 1059 00df 00       		.byte	0
 1060 00e0 00       		.byte	0
 1061 00e1 12       		.uleb128 0x12
 1062 00e2 0B       		.uleb128 0xb
 1063 00e3 01       		.byte	0x1
 1064 00e4 01       		.uleb128 0x1
 1065 00e5 13       		.uleb128 0x13
 1066 00e6 00       		.byte	0
 1067 00e7 00       		.byte	0
 1068 00e8 13       		.uleb128 0x13
 1069 00e9 0B       		.uleb128 0xb
 1070 00ea 01       		.byte	0x1
 1071 00eb 00       		.byte	0
 1072 00ec 00       		.byte	0
 1073 00ed 14       		.uleb128 0x14
 1074 00ee 2E       		.uleb128 0x2e
 1075 00ef 01       		.byte	0x1
ARM GAS  /var/folders/dt/0wfd0knj7gs46m8vwfzktm600000gn/T//cce5M7JB.s 			page 20


 1076 00f0 3F       		.uleb128 0x3f
 1077 00f1 0C       		.uleb128 0xc
 1078 00f2 03       		.uleb128 0x3
 1079 00f3 0E       		.uleb128 0xe
 1080 00f4 3A       		.uleb128 0x3a
 1081 00f5 0B       		.uleb128 0xb
 1082 00f6 3B       		.uleb128 0x3b
 1083 00f7 0B       		.uleb128 0xb
 1084 00f8 27       		.uleb128 0x27
 1085 00f9 0C       		.uleb128 0xc
 1086 00fa 11       		.uleb128 0x11
 1087 00fb 01       		.uleb128 0x1
 1088 00fc 12       		.uleb128 0x12
 1089 00fd 01       		.uleb128 0x1
 1090 00fe 40       		.uleb128 0x40
 1091 00ff 0A       		.uleb128 0xa
 1092 0100 9742     		.uleb128 0x2117
 1093 0102 0C       		.uleb128 0xc
 1094 0103 01       		.uleb128 0x1
 1095 0104 13       		.uleb128 0x13
 1096 0105 00       		.byte	0
 1097 0106 00       		.byte	0
 1098 0107 15       		.uleb128 0x15
 1099 0108 05       		.uleb128 0x5
 1100 0109 00       		.byte	0
 1101 010a 03       		.uleb128 0x3
 1102 010b 08       		.uleb128 0x8
 1103 010c 3A       		.uleb128 0x3a
 1104 010d 0B       		.uleb128 0xb
 1105 010e 3B       		.uleb128 0x3b
 1106 010f 0B       		.uleb128 0xb
 1107 0110 49       		.uleb128 0x49
 1108 0111 13       		.uleb128 0x13
 1109 0112 02       		.uleb128 0x2
 1110 0113 0A       		.uleb128 0xa
 1111 0114 00       		.byte	0
 1112 0115 00       		.byte	0
 1113 0116 16       		.uleb128 0x16
 1114 0117 05       		.uleb128 0x5
 1115 0118 00       		.byte	0
 1116 0119 03       		.uleb128 0x3
 1117 011a 0E       		.uleb128 0xe
 1118 011b 3A       		.uleb128 0x3a
 1119 011c 0B       		.uleb128 0xb
 1120 011d 3B       		.uleb128 0x3b
 1121 011e 0B       		.uleb128 0xb
 1122 011f 49       		.uleb128 0x49
 1123 0120 13       		.uleb128 0x13
 1124 0121 02       		.uleb128 0x2
 1125 0122 0A       		.uleb128 0xa
 1126 0123 00       		.byte	0
 1127 0124 00       		.byte	0
 1128 0125 17       		.uleb128 0x17
 1129 0126 2E       		.uleb128 0x2e
 1130 0127 01       		.byte	0x1
 1131 0128 3F       		.uleb128 0x3f
 1132 0129 0C       		.uleb128 0xc
ARM GAS  /var/folders/dt/0wfd0knj7gs46m8vwfzktm600000gn/T//cce5M7JB.s 			page 21


 1133 012a 03       		.uleb128 0x3
 1134 012b 0E       		.uleb128 0xe
 1135 012c 3A       		.uleb128 0x3a
 1136 012d 0B       		.uleb128 0xb
 1137 012e 3B       		.uleb128 0x3b
 1138 012f 0B       		.uleb128 0xb
 1139 0130 27       		.uleb128 0x27
 1140 0131 0C       		.uleb128 0xc
 1141 0132 11       		.uleb128 0x11
 1142 0133 01       		.uleb128 0x1
 1143 0134 12       		.uleb128 0x12
 1144 0135 01       		.uleb128 0x1
 1145 0136 40       		.uleb128 0x40
 1146 0137 06       		.uleb128 0x6
 1147 0138 9742     		.uleb128 0x2117
 1148 013a 0C       		.uleb128 0xc
 1149 013b 01       		.uleb128 0x1
 1150 013c 13       		.uleb128 0x13
 1151 013d 00       		.byte	0
 1152 013e 00       		.byte	0
 1153 013f 18       		.uleb128 0x18
 1154 0140 05       		.uleb128 0x5
 1155 0141 00       		.byte	0
 1156 0142 03       		.uleb128 0x3
 1157 0143 08       		.uleb128 0x8
 1158 0144 3A       		.uleb128 0x3a
 1159 0145 0B       		.uleb128 0xb
 1160 0146 3B       		.uleb128 0x3b
 1161 0147 0B       		.uleb128 0xb
 1162 0148 49       		.uleb128 0x49
 1163 0149 13       		.uleb128 0x13
 1164 014a 02       		.uleb128 0x2
 1165 014b 06       		.uleb128 0x6
 1166 014c 00       		.byte	0
 1167 014d 00       		.byte	0
 1168 014e 19       		.uleb128 0x19
 1169 014f 1D       		.uleb128 0x1d
 1170 0150 01       		.byte	0x1
 1171 0151 31       		.uleb128 0x31
 1172 0152 13       		.uleb128 0x13
 1173 0153 11       		.uleb128 0x11
 1174 0154 01       		.uleb128 0x1
 1175 0155 12       		.uleb128 0x12
 1176 0156 01       		.uleb128 0x1
 1177 0157 58       		.uleb128 0x58
 1178 0158 0B       		.uleb128 0xb
 1179 0159 59       		.uleb128 0x59
 1180 015a 0B       		.uleb128 0xb
 1181 015b 00       		.byte	0
 1182 015c 00       		.byte	0
 1183 015d 1A       		.uleb128 0x1a
 1184 015e 05       		.uleb128 0x5
 1185 015f 00       		.byte	0
 1186 0160 31       		.uleb128 0x31
 1187 0161 13       		.uleb128 0x13
 1188 0162 02       		.uleb128 0x2
 1189 0163 06       		.uleb128 0x6
ARM GAS  /var/folders/dt/0wfd0knj7gs46m8vwfzktm600000gn/T//cce5M7JB.s 			page 22


 1190 0164 00       		.byte	0
 1191 0165 00       		.byte	0
 1192 0166 1B       		.uleb128 0x1b
 1193 0167 0B       		.uleb128 0xb
 1194 0168 01       		.byte	0x1
 1195 0169 11       		.uleb128 0x11
 1196 016a 01       		.uleb128 0x1
 1197 016b 12       		.uleb128 0x12
 1198 016c 01       		.uleb128 0x1
 1199 016d 01       		.uleb128 0x1
 1200 016e 13       		.uleb128 0x13
 1201 016f 00       		.byte	0
 1202 0170 00       		.byte	0
 1203 0171 1C       		.uleb128 0x1c
 1204 0172 34       		.uleb128 0x34
 1205 0173 00       		.byte	0
 1206 0174 31       		.uleb128 0x31
 1207 0175 13       		.uleb128 0x13
 1208 0176 02       		.uleb128 0x2
 1209 0177 06       		.uleb128 0x6
 1210 0178 00       		.byte	0
 1211 0179 00       		.byte	0
 1212 017a 1D       		.uleb128 0x1d
 1213 017b 1D       		.uleb128 0x1d
 1214 017c 01       		.byte	0x1
 1215 017d 31       		.uleb128 0x31
 1216 017e 13       		.uleb128 0x13
 1217 017f 52       		.uleb128 0x52
 1218 0180 01       		.uleb128 0x1
 1219 0181 55       		.uleb128 0x55
 1220 0182 06       		.uleb128 0x6
 1221 0183 58       		.uleb128 0x58
 1222 0184 0B       		.uleb128 0xb
 1223 0185 59       		.uleb128 0x59
 1224 0186 0B       		.uleb128 0xb
 1225 0187 01       		.uleb128 0x1
 1226 0188 13       		.uleb128 0x13
 1227 0189 00       		.byte	0
 1228 018a 00       		.byte	0
 1229 018b 1E       		.uleb128 0x1e
 1230 018c 0B       		.uleb128 0xb
 1231 018d 01       		.byte	0x1
 1232 018e 55       		.uleb128 0x55
 1233 018f 06       		.uleb128 0x6
 1234 0190 00       		.byte	0
 1235 0191 00       		.byte	0
 1236 0192 1F       		.uleb128 0x1f
 1237 0193 2E       		.uleb128 0x2e
 1238 0194 01       		.byte	0x1
 1239 0195 31       		.uleb128 0x31
 1240 0196 13       		.uleb128 0x13
 1241 0197 11       		.uleb128 0x11
 1242 0198 01       		.uleb128 0x1
 1243 0199 12       		.uleb128 0x12
 1244 019a 01       		.uleb128 0x1
 1245 019b 40       		.uleb128 0x40
 1246 019c 06       		.uleb128 0x6
ARM GAS  /var/folders/dt/0wfd0knj7gs46m8vwfzktm600000gn/T//cce5M7JB.s 			page 23


 1247 019d 9642     		.uleb128 0x2116
 1248 019f 0C       		.uleb128 0xc
 1249 01a0 01       		.uleb128 0x1
 1250 01a1 13       		.uleb128 0x13
 1251 01a2 00       		.byte	0
 1252 01a3 00       		.byte	0
 1253 01a4 20       		.uleb128 0x20
 1254 01a5 2E       		.uleb128 0x2e
 1255 01a6 01       		.byte	0x1
 1256 01a7 3F       		.uleb128 0x3f
 1257 01a8 0C       		.uleb128 0xc
 1258 01a9 03       		.uleb128 0x3
 1259 01aa 0E       		.uleb128 0xe
 1260 01ab 3A       		.uleb128 0x3a
 1261 01ac 0B       		.uleb128 0xb
 1262 01ad 3B       		.uleb128 0x3b
 1263 01ae 0B       		.uleb128 0xb
 1264 01af 27       		.uleb128 0x27
 1265 01b0 0C       		.uleb128 0xc
 1266 01b1 49       		.uleb128 0x49
 1267 01b2 13       		.uleb128 0x13
 1268 01b3 11       		.uleb128 0x11
 1269 01b4 01       		.uleb128 0x1
 1270 01b5 12       		.uleb128 0x12
 1271 01b6 01       		.uleb128 0x1
 1272 01b7 40       		.uleb128 0x40
 1273 01b8 06       		.uleb128 0x6
 1274 01b9 9642     		.uleb128 0x2116
 1275 01bb 0C       		.uleb128 0xc
 1276 01bc 01       		.uleb128 0x1
 1277 01bd 13       		.uleb128 0x13
 1278 01be 00       		.byte	0
 1279 01bf 00       		.byte	0
 1280 01c0 21       		.uleb128 0x21
 1281 01c1 34       		.uleb128 0x34
 1282 01c2 00       		.byte	0
 1283 01c3 03       		.uleb128 0x3
 1284 01c4 0E       		.uleb128 0xe
 1285 01c5 3A       		.uleb128 0x3a
 1286 01c6 0B       		.uleb128 0xb
 1287 01c7 3B       		.uleb128 0x3b
 1288 01c8 0B       		.uleb128 0xb
 1289 01c9 49       		.uleb128 0x49
 1290 01ca 13       		.uleb128 0x13
 1291 01cb 02       		.uleb128 0x2
 1292 01cc 0A       		.uleb128 0xa
 1293 01cd 00       		.byte	0
 1294 01ce 00       		.byte	0
 1295 01cf 22       		.uleb128 0x22
 1296 01d0 34       		.uleb128 0x34
 1297 01d1 00       		.byte	0
 1298 01d2 03       		.uleb128 0x3
 1299 01d3 08       		.uleb128 0x8
 1300 01d4 3A       		.uleb128 0x3a
 1301 01d5 0B       		.uleb128 0xb
 1302 01d6 3B       		.uleb128 0x3b
 1303 01d7 0B       		.uleb128 0xb
ARM GAS  /var/folders/dt/0wfd0knj7gs46m8vwfzktm600000gn/T//cce5M7JB.s 			page 24


 1304 01d8 49       		.uleb128 0x49
 1305 01d9 13       		.uleb128 0x13
 1306 01da 02       		.uleb128 0x2
 1307 01db 06       		.uleb128 0x6
 1308 01dc 00       		.byte	0
 1309 01dd 00       		.byte	0
 1310 01de 23       		.uleb128 0x23
 1311 01df 0B       		.uleb128 0xb
 1312 01e0 01       		.byte	0x1
 1313 01e1 11       		.uleb128 0x11
 1314 01e2 01       		.uleb128 0x1
 1315 01e3 12       		.uleb128 0x12
 1316 01e4 01       		.uleb128 0x1
 1317 01e5 00       		.byte	0
 1318 01e6 00       		.byte	0
 1319 01e7 24       		.uleb128 0x24
 1320 01e8 2E       		.uleb128 0x2e
 1321 01e9 01       		.byte	0x1
 1322 01ea 31       		.uleb128 0x31
 1323 01eb 13       		.uleb128 0x13
 1324 01ec 11       		.uleb128 0x11
 1325 01ed 01       		.uleb128 0x1
 1326 01ee 12       		.uleb128 0x12
 1327 01ef 01       		.uleb128 0x1
 1328 01f0 40       		.uleb128 0x40
 1329 01f1 0A       		.uleb128 0xa
 1330 01f2 9742     		.uleb128 0x2117
 1331 01f4 0C       		.uleb128 0xc
 1332 01f5 01       		.uleb128 0x1
 1333 01f6 13       		.uleb128 0x13
 1334 01f7 00       		.byte	0
 1335 01f8 00       		.byte	0
 1336 01f9 25       		.uleb128 0x25
 1337 01fa 05       		.uleb128 0x5
 1338 01fb 00       		.byte	0
 1339 01fc 31       		.uleb128 0x31
 1340 01fd 13       		.uleb128 0x13
 1341 01fe 02       		.uleb128 0x2
 1342 01ff 0A       		.uleb128 0xa
 1343 0200 00       		.byte	0
 1344 0201 00       		.byte	0
 1345 0202 26       		.uleb128 0x26
 1346 0203 34       		.uleb128 0x34
 1347 0204 00       		.byte	0
 1348 0205 31       		.uleb128 0x31
 1349 0206 13       		.uleb128 0x13
 1350 0207 02       		.uleb128 0x2
 1351 0208 0A       		.uleb128 0xa
 1352 0209 00       		.byte	0
 1353 020a 00       		.byte	0
 1354 020b 27       		.uleb128 0x27
 1355 020c 2E       		.uleb128 0x2e
 1356 020d 01       		.byte	0x1
 1357 020e 31       		.uleb128 0x31
 1358 020f 13       		.uleb128 0x13
 1359 0210 11       		.uleb128 0x11
 1360 0211 01       		.uleb128 0x1
ARM GAS  /var/folders/dt/0wfd0knj7gs46m8vwfzktm600000gn/T//cce5M7JB.s 			page 25


 1361 0212 12       		.uleb128 0x12
 1362 0213 01       		.uleb128 0x1
 1363 0214 40       		.uleb128 0x40
 1364 0215 0A       		.uleb128 0xa
 1365 0216 9742     		.uleb128 0x2117
 1366 0218 0C       		.uleb128 0xc
 1367 0219 00       		.byte	0
 1368 021a 00       		.byte	0
 1369 021b 00       		.byte	0
 1370              		.section	.debug_loc,"",%progbits
 1371              	.Ldebug_loc0:
 1372              	.LLST0:
 1373 0000 00000000 		.4byte	.LFB8
 1374 0004 02000000 		.4byte	.LCFI0
 1375 0008 0200     		.2byte	0x2
 1376 000a 7D       		.byte	0x7d
 1377 000b 00       		.sleb128 0
 1378 000c 02000000 		.4byte	.LCFI0
 1379 0010 22000000 		.4byte	.LFE8
 1380 0014 0200     		.2byte	0x2
 1381 0016 7D       		.byte	0x7d
 1382 0017 04       		.sleb128 4
 1383 0018 00000000 		.4byte	0
 1384 001c 00000000 		.4byte	0
 1385              	.LLST1:
 1386 0020 00000000 		.4byte	.LVL1
 1387 0024 1C000000 		.4byte	.LVL8
 1388 0028 0100     		.2byte	0x1
 1389 002a 51       		.byte	0x51
 1390 002b 1C000000 		.4byte	.LVL8
 1391 002f 22000000 		.4byte	.LFE8
 1392 0033 0100     		.2byte	0x1
 1393 0035 51       		.byte	0x51
 1394 0036 00000000 		.4byte	0
 1395 003a 00000000 		.4byte	0
 1396              	.LLST2:
 1397 003e 00000000 		.4byte	.LVL1
 1398 0042 04000000 		.4byte	.LVL2
 1399 0046 0100     		.2byte	0x1
 1400 0048 52       		.byte	0x52
 1401 0049 00000000 		.4byte	0
 1402 004d 00000000 		.4byte	0
 1403              	.LLST3:
 1404 0051 04000000 		.4byte	.LVL2
 1405 0055 1C000000 		.4byte	.LVL8
 1406 0059 0100     		.2byte	0x1
 1407 005b 51       		.byte	0x51
 1408 005c 1C000000 		.4byte	.LVL8
 1409 0060 1E000000 		.4byte	.LVL9
 1410 0064 0200     		.2byte	0x2
 1411 0066 70       		.byte	0x70
 1412 0067 00       		.sleb128 0
 1413 0068 00000000 		.4byte	0
 1414 006c 00000000 		.4byte	0
 1415              	.LLST4:
 1416 0070 04000000 		.4byte	.LVL2
 1417 0074 1E000000 		.4byte	.LVL9
ARM GAS  /var/folders/dt/0wfd0knj7gs46m8vwfzktm600000gn/T//cce5M7JB.s 			page 26


 1418 0078 0100     		.2byte	0x1
 1419 007a 50       		.byte	0x50
 1420 007b 00000000 		.4byte	0
 1421 007f 00000000 		.4byte	0
 1422              	.LLST5:
 1423 0083 0A000000 		.4byte	.LVL4
 1424 0087 0E000000 		.4byte	.LVL5
 1425 008b 0100     		.2byte	0x1
 1426 008d 53       		.byte	0x53
 1427 008e 00000000 		.4byte	0
 1428 0092 00000000 		.4byte	0
 1429              	.LLST6:
 1430 0096 0A000000 		.4byte	.LVL4
 1431 009a 1C000000 		.4byte	.LVL8
 1432 009e 0100     		.2byte	0x1
 1433 00a0 51       		.byte	0x51
 1434 00a1 1C000000 		.4byte	.LVL8
 1435 00a5 1E000000 		.4byte	.LVL9
 1436 00a9 0200     		.2byte	0x2
 1437 00ab 70       		.byte	0x70
 1438 00ac 00       		.sleb128 0
 1439 00ad 00000000 		.4byte	0
 1440 00b1 00000000 		.4byte	0
 1441              	.LLST7:
 1442 00b5 0A000000 		.4byte	.LVL4
 1443 00b9 1E000000 		.4byte	.LVL9
 1444 00bd 0100     		.2byte	0x1
 1445 00bf 50       		.byte	0x50
 1446 00c0 00000000 		.4byte	0
 1447 00c4 00000000 		.4byte	0
 1448              	.LLST9:
 1449 00c8 16000000 		.4byte	.LVL6
 1450 00cc 18000000 		.4byte	.LVL7
 1451 00d0 0100     		.2byte	0x1
 1452 00d2 53       		.byte	0x53
 1453 00d3 00000000 		.4byte	0
 1454 00d7 00000000 		.4byte	0
 1455              	.LLST10:
 1456 00db 00000000 		.4byte	.LFB9
 1457 00df 02000000 		.4byte	.LCFI1
 1458 00e3 0200     		.2byte	0x2
 1459 00e5 7D       		.byte	0x7d
 1460 00e6 00       		.sleb128 0
 1461 00e7 02000000 		.4byte	.LCFI1
 1462 00eb 18000000 		.4byte	.LFE9
 1463 00ef 0200     		.2byte	0x2
 1464 00f1 7D       		.byte	0x7d
 1465 00f2 08       		.sleb128 8
 1466 00f3 00000000 		.4byte	0
 1467 00f7 00000000 		.4byte	0
 1468              	.LLST11:
 1469 00fb 00000000 		.4byte	.LVL10
 1470 00ff 06000000 		.4byte	.LVL11
 1471 0103 0100     		.2byte	0x1
 1472 0105 50       		.byte	0x50
 1473 0106 06000000 		.4byte	.LVL11
 1474 010a 15000000 		.4byte	.LVL13-1
ARM GAS  /var/folders/dt/0wfd0knj7gs46m8vwfzktm600000gn/T//cce5M7JB.s 			page 27


 1475 010e 0100     		.2byte	0x1
 1476 0110 53       		.byte	0x53
 1477 0111 15000000 		.4byte	.LVL13-1
 1478 0115 18000000 		.4byte	.LFE9
 1479 0119 0400     		.2byte	0x4
 1480 011b F3       		.byte	0xf3
 1481 011c 01       		.uleb128 0x1
 1482 011d 50       		.byte	0x50
 1483 011e 9F       		.byte	0x9f
 1484 011f 00000000 		.4byte	0
 1485 0123 00000000 		.4byte	0
 1486              	.LLST12:
 1487 0127 06000000 		.4byte	.LVL11
 1488 012b 14000000 		.4byte	.LVL12
 1489 012f 0100     		.2byte	0x1
 1490 0131 50       		.byte	0x50
 1491 0132 14000000 		.4byte	.LVL12
 1492 0136 15000000 		.4byte	.LVL13-1
 1493 013a 0200     		.2byte	0x2
 1494 013c 73       		.byte	0x73
 1495 013d 00       		.sleb128 0
 1496 013e 16000000 		.4byte	.LVL13
 1497 0142 18000000 		.4byte	.LFE9
 1498 0146 0100     		.2byte	0x1
 1499 0148 50       		.byte	0x50
 1500 0149 00000000 		.4byte	0
 1501 014d 00000000 		.4byte	0
 1502              	.LLST13:
 1503 0151 00000000 		.4byte	.LFB10
 1504 0155 02000000 		.4byte	.LCFI2
 1505 0159 0200     		.2byte	0x2
 1506 015b 7D       		.byte	0x7d
 1507 015c 00       		.sleb128 0
 1508 015d 02000000 		.4byte	.LCFI2
 1509 0161 26000000 		.4byte	.LFE10
 1510 0165 0200     		.2byte	0x2
 1511 0167 7D       		.byte	0x7d
 1512 0168 08       		.sleb128 8
 1513 0169 00000000 		.4byte	0
 1514 016d 00000000 		.4byte	0
 1515              	.LLST14:
 1516 0171 00000000 		.4byte	.LVL14
 1517 0175 0C000000 		.4byte	.LVL17
 1518 0179 0100     		.2byte	0x1
 1519 017b 50       		.byte	0x50
 1520 017c 0C000000 		.4byte	.LVL17
 1521 0180 12000000 		.4byte	.LVL19
 1522 0184 0100     		.2byte	0x1
 1523 0186 52       		.byte	0x52
 1524 0187 12000000 		.4byte	.LVL19
 1525 018b 1A000000 		.4byte	.LVL22
 1526 018f 0400     		.2byte	0x4
 1527 0191 F3       		.byte	0xf3
 1528 0192 01       		.uleb128 0x1
 1529 0193 50       		.byte	0x50
 1530 0194 9F       		.byte	0x9f
 1531 0195 1A000000 		.4byte	.LVL22
ARM GAS  /var/folders/dt/0wfd0knj7gs46m8vwfzktm600000gn/T//cce5M7JB.s 			page 28


 1532 0199 23000000 		.4byte	.LVL25-1
 1533 019d 0100     		.2byte	0x1
 1534 019f 52       		.byte	0x52
 1535 01a0 23000000 		.4byte	.LVL25-1
 1536 01a4 26000000 		.4byte	.LFE10
 1537 01a8 0400     		.2byte	0x4
 1538 01aa F3       		.byte	0xf3
 1539 01ab 01       		.uleb128 0x1
 1540 01ac 50       		.byte	0x50
 1541 01ad 9F       		.byte	0x9f
 1542 01ae 00000000 		.4byte	0
 1543 01b2 00000000 		.4byte	0
 1544              	.LLST15:
 1545 01b6 0A000000 		.4byte	.LVL16
 1546 01ba 10000000 		.4byte	.LVL18
 1547 01be 0100     		.2byte	0x1
 1548 01c0 53       		.byte	0x53
 1549 01c1 1A000000 		.4byte	.LVL22
 1550 01c5 1C000000 		.4byte	.LVL23
 1551 01c9 0100     		.2byte	0x1
 1552 01cb 53       		.byte	0x53
 1553 01cc 00000000 		.4byte	0
 1554 01d0 00000000 		.4byte	0
 1555              	.LLST16:
 1556 01d4 0A000000 		.4byte	.LVL16
 1557 01d8 0C000000 		.4byte	.LVL17
 1558 01dc 0100     		.2byte	0x1
 1559 01de 50       		.byte	0x50
 1560 01df 0C000000 		.4byte	.LVL17
 1561 01e3 12000000 		.4byte	.LVL19
 1562 01e7 0100     		.2byte	0x1
 1563 01e9 52       		.byte	0x52
 1564 01ea 12000000 		.4byte	.LVL19
 1565 01ee 1A000000 		.4byte	.LVL22
 1566 01f2 0400     		.2byte	0x4
 1567 01f4 F3       		.byte	0xf3
 1568 01f5 01       		.uleb128 0x1
 1569 01f6 50       		.byte	0x50
 1570 01f7 9F       		.byte	0x9f
 1571 01f8 1A000000 		.4byte	.LVL22
 1572 01fc 23000000 		.4byte	.LVL25-1
 1573 0200 0100     		.2byte	0x1
 1574 0202 52       		.byte	0x52
 1575 0203 23000000 		.4byte	.LVL25-1
 1576 0207 26000000 		.4byte	.LFE10
 1577 020b 0400     		.2byte	0x4
 1578 020d F3       		.byte	0xf3
 1579 020e 01       		.uleb128 0x1
 1580 020f 50       		.byte	0x50
 1581 0210 9F       		.byte	0x9f
 1582 0211 00000000 		.4byte	0
 1583 0215 00000000 		.4byte	0
 1584              	.LLST17:
 1585 0219 0C000000 		.4byte	.LVL17
 1586 021d 22000000 		.4byte	.LVL24
 1587 0221 0100     		.2byte	0x1
 1588 0223 50       		.byte	0x50
ARM GAS  /var/folders/dt/0wfd0knj7gs46m8vwfzktm600000gn/T//cce5M7JB.s 			page 29


 1589 0224 22000000 		.4byte	.LVL24
 1590 0228 23000000 		.4byte	.LVL25-1
 1591 022c 0200     		.2byte	0x2
 1592 022e 72       		.byte	0x72
 1593 022f 00       		.sleb128 0
 1594 0230 24000000 		.4byte	.LVL25
 1595 0234 26000000 		.4byte	.LFE10
 1596 0238 0100     		.2byte	0x1
 1597 023a 50       		.byte	0x50
 1598 023b 00000000 		.4byte	0
 1599 023f 00000000 		.4byte	0
 1600              	.LLST18:
 1601 0243 18000000 		.4byte	.LVL21
 1602 0247 1A000000 		.4byte	.LVL22
 1603 024b 0100     		.2byte	0x1
 1604 024d 53       		.byte	0x53
 1605 024e 00000000 		.4byte	0
 1606 0252 00000000 		.4byte	0
 1607              	.LLST19:
 1608 0256 06000000 		.4byte	.LVL30
 1609 025a 0A000000 		.4byte	.LVL31
 1610 025e 0100     		.2byte	0x1
 1611 0260 53       		.byte	0x53
 1612 0261 00000000 		.4byte	0
 1613 0265 00000000 		.4byte	0
 1614              	.LLST20:
 1615 0269 12000000 		.4byte	.LVL32
 1616 026d 14000000 		.4byte	.LFE12
 1617 0271 0100     		.2byte	0x1
 1618 0273 53       		.byte	0x53
 1619 0274 00000000 		.4byte	0
 1620 0278 00000000 		.4byte	0
 1621              		.section	.debug_aranges,"",%progbits
 1622 0000 44000000 		.4byte	0x44
 1623 0004 0200     		.2byte	0x2
 1624 0006 00000000 		.4byte	.Ldebug_info0
 1625 000a 04       		.byte	0x4
 1626 000b 00       		.byte	0
 1627 000c 0000     		.2byte	0
 1628 000e 0000     		.2byte	0
 1629 0010 00000000 		.4byte	.LFB7
 1630 0014 0A000000 		.4byte	.LFE7-.LFB7
 1631 0018 00000000 		.4byte	.LFB8
 1632 001c 22000000 		.4byte	.LFE8-.LFB8
 1633 0020 00000000 		.4byte	.LFB9
 1634 0024 18000000 		.4byte	.LFE9-.LFB9
 1635 0028 00000000 		.4byte	.LFB10
 1636 002c 26000000 		.4byte	.LFE10-.LFB10
 1637 0030 00000000 		.4byte	.LFB11
 1638 0034 08000000 		.4byte	.LFE11-.LFB11
 1639 0038 00000000 		.4byte	.LFB12
 1640 003c 14000000 		.4byte	.LFE12-.LFB12
 1641 0040 00000000 		.4byte	0
 1642 0044 00000000 		.4byte	0
 1643              		.section	.debug_ranges,"",%progbits
 1644              	.Ldebug_ranges0:
 1645 0000 0A000000 		.4byte	.LBB18
ARM GAS  /var/folders/dt/0wfd0knj7gs46m8vwfzktm600000gn/T//cce5M7JB.s 			page 30


 1646 0004 0C000000 		.4byte	.LBE18
 1647 0008 0E000000 		.4byte	.LBB22
 1648 000c 12000000 		.4byte	.LBE22
 1649 0010 00000000 		.4byte	0
 1650 0014 00000000 		.4byte	0
 1651 0018 0A000000 		.4byte	.LBB19
 1652 001c 0C000000 		.4byte	.LBE19
 1653 0020 0E000000 		.4byte	.LBB20
 1654 0024 12000000 		.4byte	.LBE20
 1655 0028 00000000 		.4byte	0
 1656 002c 00000000 		.4byte	0
 1657 0030 0C000000 		.4byte	.LBB21
 1658 0034 0E000000 		.4byte	.LBE21
 1659 0038 12000000 		.4byte	.LBB23
 1660 003c 16000000 		.4byte	.LBE23
 1661 0040 00000000 		.4byte	0
 1662 0044 00000000 		.4byte	0
 1663 0048 0A000000 		.4byte	.LBB25
 1664 004c 12000000 		.4byte	.LBE25
 1665 0050 1A000000 		.4byte	.LBB29
 1666 0054 26000000 		.4byte	.LBE29
 1667 0058 00000000 		.4byte	0
 1668 005c 00000000 		.4byte	0
 1669 0060 0A000000 		.4byte	.LBB26
 1670 0064 12000000 		.4byte	.LBE26
 1671 0068 1A000000 		.4byte	.LBB27
 1672 006c 26000000 		.4byte	.LBE27
 1673 0070 00000000 		.4byte	0
 1674 0074 00000000 		.4byte	0
 1675 0078 06000000 		.4byte	.LBB31
 1676 007c 08000000 		.4byte	.LBE31
 1677 0080 0A000000 		.4byte	.LBB35
 1678 0084 0E000000 		.4byte	.LBE35
 1679 0088 00000000 		.4byte	0
 1680 008c 00000000 		.4byte	0
 1681 0090 06000000 		.4byte	.LBB32
 1682 0094 08000000 		.4byte	.LBE32
 1683 0098 0A000000 		.4byte	.LBB33
 1684 009c 0E000000 		.4byte	.LBE33
 1685 00a0 00000000 		.4byte	0
 1686 00a4 00000000 		.4byte	0
 1687 00a8 08000000 		.4byte	.LBB34
 1688 00ac 0A000000 		.4byte	.LBE34
 1689 00b0 0E000000 		.4byte	.LBB36
 1690 00b4 14000000 		.4byte	.LBE36
 1691 00b8 00000000 		.4byte	0
 1692 00bc 00000000 		.4byte	0
 1693 00c0 00000000 		.4byte	.LFB7
 1694 00c4 0A000000 		.4byte	.LFE7
 1695 00c8 00000000 		.4byte	.LFB8
 1696 00cc 22000000 		.4byte	.LFE8
 1697 00d0 00000000 		.4byte	.LFB9
 1698 00d4 18000000 		.4byte	.LFE9
 1699 00d8 00000000 		.4byte	.LFB10
 1700 00dc 26000000 		.4byte	.LFE10
 1701 00e0 00000000 		.4byte	.LFB11
 1702 00e4 08000000 		.4byte	.LFE11
ARM GAS  /var/folders/dt/0wfd0knj7gs46m8vwfzktm600000gn/T//cce5M7JB.s 			page 31


 1703 00e8 00000000 		.4byte	.LFB12
 1704 00ec 14000000 		.4byte	.LFE12
 1705 00f0 00000000 		.4byte	0
 1706 00f4 00000000 		.4byte	0
 1707              		.section	.debug_line,"",%progbits
 1708              	.Ldebug_line0:
 1709 0000 F4010000 		.section	.debug_str,"MS",%progbits,1
 1709      02004E01 
 1709      00000201 
 1709      FB0E0D00 
 1709      01010101 
 1710              	.LASF2:
 1711 0000 73697A65 		.ascii	"size_t\000"
 1711      5F7400
 1712              	.LASF26:
 1713 0007 6368506F 		.ascii	"chPoolInit\000"
 1713      6F6C496E 
 1713      697400
 1714              	.LASF17:
 1715 0012 6D705F6F 		.ascii	"mp_object_size\000"
 1715      626A6563 
 1715      745F7369 
 1715      7A6500
 1716              	.LASF27:
 1717 0021 6368506F 		.ascii	"chPoolLoadArray\000"
 1717      6F6C4C6F 
 1717      61644172 
 1717      72617900 
 1718              	.LASF31:
 1719 0031 706F6F6C 		.ascii	"pool_header\000"
 1719      5F686561 
 1719      64657200 
 1720              	.LASF24:
 1721 003d 73697A65 		.ascii	"size\000"
 1721      00
 1722              	.LASF9:
 1723 0042 6C6F6E67 		.ascii	"long unsigned int\000"
 1723      20756E73 
 1723      69676E65 
 1723      6420696E 
 1723      7400
 1724              	.LASF6:
 1725 0054 73686F72 		.ascii	"short unsigned int\000"
 1725      7420756E 
 1725      7369676E 
 1725      65642069 
 1725      6E7400
 1726              	.LASF25:
 1727 0067 70726F76 		.ascii	"provider\000"
 1727      69646572 
 1727      00
 1728              	.LASF22:
 1729 0070 6368506F 		.ascii	"chPoolFreeI\000"
 1729      6F6C4672 
 1729      65654900 
 1730              	.LASF29:
 1731 007c 2E2E2F2E 		.ascii	"../../os/kernel/src/chmempools.c\000"
ARM GAS  /var/folders/dt/0wfd0knj7gs46m8vwfzktm600000gn/T//cce5M7JB.s 			page 32


 1731      2E2F6F73 
 1731      2F6B6572 
 1731      6E656C2F 
 1731      7372632F 
 1732              	.LASF4:
 1733 009d 756E7369 		.ascii	"unsigned char\000"
 1733      676E6564 
 1733      20636861 
 1733      7200
 1734              	.LASF23:
 1735 00ab 6368506F 		.ascii	"chPoolFree\000"
 1735      6F6C4672 
 1735      656500
 1736              	.LASF19:
 1737 00b6 4D656D6F 		.ascii	"MemoryPool\000"
 1737      7279506F 
 1737      6F6C00
 1738              	.LASF21:
 1739 00c1 6F626A70 		.ascii	"objp\000"
 1739      00
 1740              	.LASF32:
 1741 00c6 6368506F 		.ascii	"chPoolAllocI\000"
 1741      6F6C416C 
 1741      6C6F6349 
 1741      00
 1742              	.LASF0:
 1743 00d3 756E7369 		.ascii	"unsigned int\000"
 1743      676E6564 
 1743      20696E74 
 1743      00
 1744              	.LASF11:
 1745 00e0 6C6F6E67 		.ascii	"long long unsigned int\000"
 1745      206C6F6E 
 1745      6720756E 
 1745      7369676E 
 1745      65642069 
 1746              	.LASF3:
 1747 00f7 75696E74 		.ascii	"uint8_t\000"
 1747      385F7400 
 1748              	.LASF15:
 1749 00ff 70685F6E 		.ascii	"ph_next\000"
 1749      65787400 
 1750              	.LASF13:
 1751 0107 73697A65 		.ascii	"sizetype\000"
 1751      74797065 
 1751      00
 1752              	.LASF10:
 1753 0110 6C6F6E67 		.ascii	"long long int\000"
 1753      206C6F6E 
 1753      6720696E 
 1753      7400
 1754              	.LASF20:
 1755 011e 63686172 		.ascii	"char\000"
 1755      00
 1756              	.LASF28:
 1757 0123 474E5520 		.ascii	"GNU C 4.7.2\000"
 1757      4320342E 
ARM GAS  /var/folders/dt/0wfd0knj7gs46m8vwfzktm600000gn/T//cce5M7JB.s 			page 33


 1757      372E3200 
 1758              	.LASF14:
 1759 012f 6D656D67 		.ascii	"memgetfunc_t\000"
 1759      65746675 
 1759      6E635F74 
 1759      00
 1760              	.LASF18:
 1761 013c 6D705F70 		.ascii	"mp_provider\000"
 1761      726F7669 
 1761      64657200 
 1762              	.LASF5:
 1763 0148 73686F72 		.ascii	"short int\000"
 1763      7420696E 
 1763      7400
 1764              	.LASF33:
 1765 0152 6368506F 		.ascii	"chPoolAlloc\000"
 1765      6F6C416C 
 1765      6C6F6300 
 1766              	.LASF8:
 1767 015e 75696E74 		.ascii	"uint32_t\000"
 1767      33325F74 
 1767      00
 1768              	.LASF7:
 1769 0167 6C6F6E67 		.ascii	"long int\000"
 1769      20696E74 
 1769      00
 1770              	.LASF1:
 1771 0170 7369676E 		.ascii	"signed char\000"
 1771      65642063 
 1771      68617200 
 1772              	.LASF16:
 1773 017c 6D705F6E 		.ascii	"mp_next\000"
 1773      65787400 
 1774              	.LASF12:
 1775 0184 5F426F6F 		.ascii	"_Bool\000"
 1775      6C00
 1776              	.LASF30:
 1777 018a 2F557365 		.ascii	"/Users/toxygen/dev/chibi/ChibiOS_2.6.1/demos/ARMCM3"
 1777      72732F74 
 1777      6F787967 
 1777      656E2F64 
 1777      65762F63 
 1778 01bd 2D53544D 		.ascii	"-STM32F107\000"
 1778      33324631 
 1778      303700
 1779              		.ident	"GCC: (GNU) 4.7.2"
ARM GAS  /var/folders/dt/0wfd0knj7gs46m8vwfzktm600000gn/T//cce5M7JB.s 			page 34


DEFINED SYMBOLS
                            *ABS*:0000000000000000 chmempools.c
/var/folders/dt/0wfd0knj7gs46m8vwfzktm600000gn/T//cce5M7JB.s:19     .text.chPoolInit:0000000000000000 $t
/var/folders/dt/0wfd0knj7gs46m8vwfzktm600000gn/T//cce5M7JB.s:25     .text.chPoolInit:0000000000000000 chPoolInit
/var/folders/dt/0wfd0knj7gs46m8vwfzktm600000gn/T//cce5M7JB.s:46     .text.chPoolLoadArray:0000000000000000 $t
/var/folders/dt/0wfd0knj7gs46m8vwfzktm600000gn/T//cce5M7JB.s:52     .text.chPoolLoadArray:0000000000000000 chPoolLoadArray
/var/folders/dt/0wfd0knj7gs46m8vwfzktm600000gn/T//cce5M7JB.s:126    .text.chPoolAllocI:0000000000000000 $t
/var/folders/dt/0wfd0knj7gs46m8vwfzktm600000gn/T//cce5M7JB.s:132    .text.chPoolAllocI:0000000000000000 chPoolAllocI
/var/folders/dt/0wfd0knj7gs46m8vwfzktm600000gn/T//cce5M7JB.s:170    .text.chPoolAlloc:0000000000000000 $t
/var/folders/dt/0wfd0knj7gs46m8vwfzktm600000gn/T//cce5M7JB.s:176    .text.chPoolAlloc:0000000000000000 chPoolAlloc
/var/folders/dt/0wfd0knj7gs46m8vwfzktm600000gn/T//cce5M7JB.s:247    .text.chPoolFreeI:0000000000000000 $t
/var/folders/dt/0wfd0knj7gs46m8vwfzktm600000gn/T//cce5M7JB.s:253    .text.chPoolFreeI:0000000000000000 chPoolFreeI
/var/folders/dt/0wfd0knj7gs46m8vwfzktm600000gn/T//cce5M7JB.s:272    .text.chPoolFree:0000000000000000 $t
/var/folders/dt/0wfd0knj7gs46m8vwfzktm600000gn/T//cce5M7JB.s:278    .text.chPoolFree:0000000000000000 chPoolFree
                     .debug_frame:0000000000000010 $d

NO UNDEFINED SYMBOLS
