ARM GAS  /var/folders/dt/0wfd0knj7gs46m8vwfzktm600000gn/T//ccvXyZhj.s 			page 1


   1              		.syntax unified
   2              		.cpu cortex-m3
   3              		.fpu softvfp
   4              		.eabi_attribute 20, 1
   5              		.eabi_attribute 21, 1
   6              		.eabi_attribute 23, 3
   7              		.eabi_attribute 24, 1
   8              		.eabi_attribute 25, 1
   9              		.eabi_attribute 26, 1
  10              		.eabi_attribute 30, 2
  11              		.eabi_attribute 34, 1
  12              		.eabi_attribute 18, 4
  13              		.thumb
  14              		.file	"chmsg.c"
  15              		.text
  16              	.Ltext0:
  17              		.cfi_sections	.debug_frame
  18              		.section	.text.chMsgSend,"ax",%progbits
  19              		.align	2
  20              		.p2align 4,,15
  21              		.global	chMsgSend
  22              		.thumb
  23              		.thumb_func
  24              		.type	chMsgSend, %function
  25              	chMsgSend:
  26              	.LFB7:
  27              		.file 1 "../../os/kernel/src/chmsg.c"
  28              		.loc 1 75 0
  29              		.cfi_startproc
  30              		@ args = 0, pretend = 0, frame = 0
  31              		@ frame_needed = 0, uses_anonymous_args = 0
  32              	.LVL0:
  33 0000 70B5     		push	{r4, r5, r6, lr}
  34              	.LCFI0:
  35              		.cfi_def_cfa_offset 16
  36              		.cfi_offset 4, -16
  37              		.cfi_offset 5, -12
  38              		.cfi_offset 6, -8
  39              		.cfi_offset 14, -4
  40              		.loc 1 76 0
  41 0002 0E4B     		ldr	r3, .L5
  42 0004 9C69     		ldr	r4, [r3, #24]
  43              	.LVL1:
  44              	.LBB10:
  45              		.loc 1 80 0
  46 0006 2023     		movs	r3, #32
  47              	.LVL2:
  48              	@ 80 "../../os/kernel/src/chmsg.c" 1
  49 0008 83F31188 		msr     BASEPRI, r3
  50              	@ 0 "" 2
  51              	.LVL3:
  52              		.thumb
  53              	.LBE10:
  54              		.loc 1 82 0
  55 000c 00F12C05 		add	r5, r0, #44
  56 0010 6562     		str	r5, [r4, #36]
  57              	.LVL4:
ARM GAS  /var/folders/dt/0wfd0knj7gs46m8vwfzktm600000gn/T//ccvXyZhj.s 			page 2


  58              		.loc 1 84 0
  59 0012 067F     		ldrb	r6, [r0, #28]	@ zero_extendqisi2
  60              	.LBB11:
  61              	.LBB12:
  62              		.file 2 "../../os/kernel/include/chinline.h"
  63              		.loc 2 55 0
  64 0014 036B     		ldr	r3, [r0, #48]
  65              	.LVL5:
  66              	.LBE12:
  67              	.LBE11:
  68              		.loc 1 84 0
  69 0016 0C2E     		cmp	r6, #12
  70              	.LBB15:
  71              	.LBB13:
  72              		.loc 2 54 0
  73 0018 2560     		str	r5, [r4, #0]
  74              	.LBE13:
  75              	.LBE15:
  76              		.loc 1 81 0
  77 001a 6163     		str	r1, [r4, #52]
  78              	.LBB16:
  79              	.LBB14:
  80              		.loc 2 55 0
  81 001c 6360     		str	r3, [r4, #4]
  82              		.loc 2 56 0
  83 001e 0463     		str	r4, [r0, #48]
  84 0020 1C60     		str	r4, [r3, #0]
  85              	.LBE14:
  86              	.LBE16:
  87              		.loc 1 84 0
  88 0022 07D0     		beq	.L4
  89              	.LVL6:
  90              	.L2:
  91              		.loc 1 86 0
  92 0024 0A20     		movs	r0, #10
  93 0026 FFF7FEFF 		bl	chSchGoSleepS
  94              	.LVL7:
  95              		.loc 1 87 0
  96 002a 606A     		ldr	r0, [r4, #36]
  97              	.LVL8:
  98              	.LBB17:
  99              		.loc 1 88 0
 100 002c 0023     		movs	r3, #0
 101              	.LVL9:
 102              	@ 88 "../../os/kernel/src/chmsg.c" 1
 103 002e 83F31188 		msr     BASEPRI, r3
 104              	@ 0 "" 2
 105              	.LVL10:
 106              		.thumb
 107              	.LBE17:
 108              		.loc 1 90 0
 109 0032 70BD     		pop	{r4, r5, r6, pc}
 110              	.LVL11:
 111              	.L4:
 112              		.loc 1 85 0
 113 0034 FFF7FEFF 		bl	chSchReadyI
 114              	.LVL12:
ARM GAS  /var/folders/dt/0wfd0knj7gs46m8vwfzktm600000gn/T//ccvXyZhj.s 			page 3


 115 0038 F4E7     		b	.L2
 116              	.L6:
 117 003a 00BF     		.align	2
 118              	.L5:
 119 003c 00000000 		.word	rlist
 120              		.cfi_endproc
 121              	.LFE7:
 122              		.size	chMsgSend, .-chMsgSend
 123              		.section	.text.chMsgWait,"ax",%progbits
 124              		.align	2
 125              		.p2align 4,,15
 126              		.global	chMsgWait
 127              		.thumb
 128              		.thumb_func
 129              		.type	chMsgWait, %function
 130              	chMsgWait:
 131              	.LFB8:
 132              		.loc 1 106 0
 133              		.cfi_startproc
 134              		@ args = 0, pretend = 0, frame = 0
 135              		@ frame_needed = 0, uses_anonymous_args = 0
 136 0000 10B5     		push	{r4, lr}
 137              	.LCFI1:
 138              		.cfi_def_cfa_offset 8
 139              		.cfi_offset 4, -8
 140              		.cfi_offset 14, -4
 141              	.LBB18:
 142              		.loc 1 109 0
 143 0002 2023     		movs	r3, #32
 144              	.LVL13:
 145              	@ 109 "../../os/kernel/src/chmsg.c" 1
 146 0004 83F31188 		msr     BASEPRI, r3
 147              	@ 0 "" 2
 148              	.LVL14:
 149              		.thumb
 150              	.LBE18:
 151              		.loc 1 110 0
 152 0008 0B4C     		ldr	r4, .L10
 153 000a A369     		ldr	r3, [r4, #24]
 154              	.LVL15:
 155 000c 1A46     		mov	r2, r3
 156 000e 52F82C0F 		ldr	r0, [r2, #44]!
 157 0012 9042     		cmp	r0, r2
 158 0014 08D0     		beq	.L9
 159              	.L8:
 160              	.LVL16:
 161              	.LBB19:
 162              	.LBB20:
 163              		.loc 2 62 0
 164 0016 0168     		ldr	r1, [r0, #0]
 165 0018 D962     		str	r1, [r3, #44]
 166 001a 4A60     		str	r2, [r1, #4]
 167              	.LBE20:
 168              	.LBE19:
 169              		.loc 1 113 0
 170 001c 0B22     		movs	r2, #11
 171 001e 0277     		strb	r2, [r0, #28]
ARM GAS  /var/folders/dt/0wfd0knj7gs46m8vwfzktm600000gn/T//ccvXyZhj.s 			page 4


 172              	.LBB21:
 173              		.loc 1 114 0
 174 0020 0023     		movs	r3, #0
 175              	.LVL17:
 176              	@ 114 "../../os/kernel/src/chmsg.c" 1
 177 0022 83F31188 		msr     BASEPRI, r3
 178              	@ 0 "" 2
 179              	.LVL18:
 180              		.thumb
 181              	.LBE21:
 182              		.loc 1 116 0
 183 0026 10BD     		pop	{r4, pc}
 184              	.LVL19:
 185              	.L9:
 186              		.loc 1 111 0
 187 0028 0C20     		movs	r0, #12
 188 002a FFF7FEFF 		bl	chSchGoSleepS
 189              	.LVL20:
 190 002e A369     		ldr	r3, [r4, #24]
 191 0030 1A46     		mov	r2, r3
 192 0032 52F82C0F 		ldr	r0, [r2, #44]!
 193 0036 EEE7     		b	.L8
 194              	.L11:
 195              		.align	2
 196              	.L10:
 197 0038 00000000 		.word	rlist
 198              		.cfi_endproc
 199              	.LFE8:
 200              		.size	chMsgWait, .-chMsgWait
 201 003c AFF30080 		.section	.text.chMsgRelease,"ax",%progbits
 202              		.align	2
 203              		.p2align 4,,15
 204              		.global	chMsgRelease
 205              		.thumb
 206              		.thumb_func
 207              		.type	chMsgRelease, %function
 208              	chMsgRelease:
 209              	.LFB9:
 210              		.loc 1 128 0
 211              		.cfi_startproc
 212              		@ args = 0, pretend = 0, frame = 0
 213              		@ frame_needed = 0, uses_anonymous_args = 0
 214              	.LVL21:
 215 0000 08B5     		push	{r3, lr}
 216              	.LCFI2:
 217              		.cfi_def_cfa_offset 8
 218              		.cfi_offset 3, -8
 219              		.cfi_offset 14, -4
 220              	.LBB22:
 221              		.loc 1 130 0
 222 0002 2023     		movs	r3, #32
 223              	.LVL22:
 224              	@ 130 "../../os/kernel/src/chmsg.c" 1
 225 0004 83F31188 		msr     BASEPRI, r3
 226              	@ 0 "" 2
 227              	.LVL23:
 228              		.thumb
ARM GAS  /var/folders/dt/0wfd0knj7gs46m8vwfzktm600000gn/T//ccvXyZhj.s 			page 5


 229              	.LBE22:
 230              		.loc 1 133 0
 231 0008 FFF7FEFF 		bl	chSchWakeupS
 232              	.LVL24:
 233              	.LBB23:
 234              		.loc 1 134 0
 235 000c 0023     		movs	r3, #0
 236              	.LVL25:
 237              	@ 134 "../../os/kernel/src/chmsg.c" 1
 238 000e 83F31188 		msr     BASEPRI, r3
 239              	@ 0 "" 2
 240              	.LVL26:
 241              		.thumb
 242 0012 08BD     		pop	{r3, pc}
 243              	.LBE23:
 244              		.cfi_endproc
 245              	.LFE9:
 246              		.size	chMsgRelease, .-chMsgRelease
 247 0014 AFF30080 		.text
 247      AFF30080 
 247      AFF30080 
 248              	.Letext0:
 249              		.file 3 "/Users/toxygen/Applications/yagarto-4.7.2/bin/../lib/gcc/arm-none-eabi/4.7.2/../../../../
 250              		.file 4 "../../os/ports/GCC/ARMCMx/chtypes.h"
 251              		.file 5 "../../os/kernel/include/chlists.h"
 252              		.file 6 "../../os/kernel/include/chthreads.h"
 253              		.file 7 "../../os/ports/GCC/ARMCMx/chcore_v7m.h"
 254              		.file 8 "../../os/kernel/include/chschd.h"
 255              		.file 9 "../../os/kernel/include/chmtx.h"
 256              		.section	.debug_info,"",%progbits
 257              	.Ldebug_info0:
 258 0000 C6060000 		.4byte	0x6c6
 259 0004 0200     		.2byte	0x2
 260 0006 00000000 		.4byte	.Ldebug_abbrev0
 261 000a 04       		.byte	0x4
 262 000b 01       		.uleb128 0x1
 263 000c 72010000 		.4byte	.LASF65
 264 0010 01       		.byte	0x1
 265 0011 DA020000 		.4byte	.LASF66
 266 0015 7E000000 		.4byte	.LASF67
 267 0019 20000000 		.4byte	.Ldebug_ranges0+0x20
 268 001d 00000000 		.4byte	0
 269 0021 00000000 		.4byte	0
 270 0025 00000000 		.4byte	.Ldebug_line0
 271 0029 02       		.uleb128 0x2
 272 002a 04       		.byte	0x4
 273 002b 05       		.byte	0x5
 274 002c 696E7400 		.ascii	"int\000"
 275 0030 03       		.uleb128 0x3
 276 0031 04       		.byte	0x4
 277 0032 07       		.byte	0x7
 278 0033 E8000000 		.4byte	.LASF0
 279 0037 03       		.uleb128 0x3
 280 0038 01       		.byte	0x1
 281 0039 06       		.byte	0x6
 282 003a 4F000000 		.4byte	.LASF1
 283 003e 04       		.uleb128 0x4
ARM GAS  /var/folders/dt/0wfd0knj7gs46m8vwfzktm600000gn/T//ccvXyZhj.s 			page 6


 284 003f C4020000 		.4byte	.LASF5
 285 0043 03       		.byte	0x3
 286 0044 2A       		.byte	0x2a
 287 0045 49000000 		.4byte	0x49
 288 0049 03       		.uleb128 0x3
 289 004a 01       		.byte	0x1
 290 004b 08       		.byte	0x8
 291 004c B5010000 		.4byte	.LASF2
 292 0050 03       		.uleb128 0x3
 293 0051 02       		.byte	0x2
 294 0052 05       		.byte	0x5
 295 0053 CD010000 		.4byte	.LASF3
 296 0057 03       		.uleb128 0x3
 297 0058 02       		.byte	0x2
 298 0059 07       		.byte	0x7
 299 005a 0F010000 		.4byte	.LASF4
 300 005e 04       		.uleb128 0x4
 301 005f AD010000 		.4byte	.LASF6
 302 0063 03       		.byte	0x3
 303 0064 4F       		.byte	0x4f
 304 0065 69000000 		.4byte	0x69
 305 0069 03       		.uleb128 0x3
 306 006a 04       		.byte	0x4
 307 006b 05       		.byte	0x5
 308 006c 75000000 		.4byte	.LASF7
 309 0070 04       		.uleb128 0x4
 310 0071 33020000 		.4byte	.LASF8
 311 0075 03       		.byte	0x3
 312 0076 50       		.byte	0x50
 313 0077 7B000000 		.4byte	0x7b
 314 007b 03       		.uleb128 0x3
 315 007c 04       		.byte	0x4
 316 007d 07       		.byte	0x7
 317 007e F5000000 		.4byte	.LASF9
 318 0082 03       		.uleb128 0x3
 319 0083 08       		.byte	0x8
 320 0084 05       		.byte	0x5
 321 0085 41000000 		.4byte	.LASF10
 322 0089 03       		.uleb128 0x3
 323 008a 08       		.byte	0x8
 324 008b 07       		.byte	0x7
 325 008c 1A000000 		.4byte	.LASF11
 326 0090 03       		.uleb128 0x3
 327 0091 01       		.byte	0x1
 328 0092 02       		.byte	0x2
 329 0093 A7010000 		.4byte	.LASF12
 330 0097 04       		.uleb128 0x4
 331 0098 28010000 		.4byte	.LASF13
 332 009c 04       		.byte	0x4
 333 009d 2C       		.byte	0x2c
 334 009e 3E000000 		.4byte	0x3e
 335 00a2 04       		.uleb128 0x4
 336 00a3 C6000000 		.4byte	.LASF14
 337 00a7 04       		.byte	0x4
 338 00a8 2D       		.byte	0x2d
 339 00a9 3E000000 		.4byte	0x3e
 340 00ad 04       		.uleb128 0x4
ARM GAS  /var/folders/dt/0wfd0knj7gs46m8vwfzktm600000gn/T//ccvXyZhj.s 			page 7


 341 00ae 90010000 		.4byte	.LASF15
 342 00b2 04       		.byte	0x4
 343 00b3 2E       		.byte	0x2e
 344 00b4 3E000000 		.4byte	0x3e
 345 00b8 04       		.uleb128 0x4
 346 00b9 6B000000 		.4byte	.LASF16
 347 00bd 04       		.byte	0x4
 348 00be 2F       		.byte	0x2f
 349 00bf 3E000000 		.4byte	0x3e
 350 00c3 04       		.uleb128 0x4
 351 00c4 9F010000 		.4byte	.LASF17
 352 00c8 04       		.byte	0x4
 353 00c9 30       		.byte	0x30
 354 00ca 70000000 		.4byte	0x70
 355 00ce 04       		.uleb128 0x4
 356 00cf 22010000 		.4byte	.LASF18
 357 00d3 04       		.byte	0x4
 358 00d4 31       		.byte	0x31
 359 00d5 5E000000 		.4byte	0x5e
 360 00d9 04       		.uleb128 0x4
 361 00da 3C010000 		.4byte	.LASF19
 362 00de 04       		.byte	0x4
 363 00df 33       		.byte	0x33
 364 00e0 70000000 		.4byte	0x70
 365 00e4 04       		.uleb128 0x4
 366 00e5 68020000 		.4byte	.LASF20
 367 00e9 04       		.byte	0x4
 368 00ea 35       		.byte	0x35
 369 00eb 70000000 		.4byte	0x70
 370 00ef 04       		.uleb128 0x4
 371 00f0 06020000 		.4byte	.LASF21
 372 00f4 05       		.byte	0x5
 373 00f5 2A       		.byte	0x2a
 374 00f6 FA000000 		.4byte	0xfa
 375 00fa 05       		.uleb128 0x5
 376 00fb 06020000 		.4byte	.LASF21
 377 00ff 48       		.byte	0x48
 378 0100 06       		.byte	0x6
 379 0101 5E       		.byte	0x5e
 380 0102 1F020000 		.4byte	0x21f
 381 0106 06       		.uleb128 0x6
 382 0107 F7010000 		.4byte	.LASF22
 383 010b 06       		.byte	0x6
 384 010c 5F       		.byte	0x5f
 385 010d 44020000 		.4byte	0x244
 386 0111 02       		.byte	0x2
 387 0112 23       		.byte	0x23
 388 0113 00       		.uleb128 0
 389 0114 06       		.uleb128 0x6
 390 0115 98010000 		.4byte	.LASF23
 391 0119 06       		.byte	0x6
 392 011a 61       		.byte	0x61
 393 011b 44020000 		.4byte	0x244
 394 011f 02       		.byte	0x2
 395 0120 23       		.byte	0x23
 396 0121 04       		.uleb128 0x4
 397 0122 06       		.uleb128 0x6
ARM GAS  /var/folders/dt/0wfd0knj7gs46m8vwfzktm600000gn/T//ccvXyZhj.s 			page 8


 398 0123 3A000000 		.4byte	.LASF24
 399 0127 06       		.byte	0x6
 400 0128 63       		.byte	0x63
 401 0129 C3000000 		.4byte	0xc3
 402 012d 02       		.byte	0x2
 403 012e 23       		.byte	0x23
 404 012f 08       		.uleb128 0x8
 405 0130 06       		.uleb128 0x6
 406 0131 FE020000 		.4byte	.LASF25
 407 0135 06       		.byte	0x6
 408 0136 64       		.byte	0x64
 409 0137 12030000 		.4byte	0x312
 410 013b 02       		.byte	0x2
 411 013c 23       		.byte	0x23
 412 013d 0C       		.uleb128 0xc
 413 013e 06       		.uleb128 0x6
 414 013f CF000000 		.4byte	.LASF26
 415 0143 06       		.byte	0x6
 416 0144 66       		.byte	0x66
 417 0145 44020000 		.4byte	0x244
 418 0149 02       		.byte	0x2
 419 014a 23       		.byte	0x23
 420 014b 10       		.uleb128 0x10
 421 014c 06       		.uleb128 0x6
 422 014d 57010000 		.4byte	.LASF27
 423 0151 06       		.byte	0x6
 424 0152 67       		.byte	0x67
 425 0153 44020000 		.4byte	0x244
 426 0157 02       		.byte	0x2
 427 0158 23       		.byte	0x23
 428 0159 14       		.uleb128 0x14
 429 015a 06       		.uleb128 0x6
 430 015b D3020000 		.4byte	.LASF28
 431 015f 06       		.byte	0x6
 432 0160 6E       		.byte	0x6e
 433 0161 26040000 		.4byte	0x426
 434 0165 02       		.byte	0x2
 435 0166 23       		.byte	0x23
 436 0167 18       		.uleb128 0x18
 437 0168 06       		.uleb128 0x6
 438 0169 D7010000 		.4byte	.LASF29
 439 016d 06       		.byte	0x6
 440 016e 79       		.byte	0x79
 441 016f A2000000 		.4byte	0xa2
 442 0173 02       		.byte	0x2
 443 0174 23       		.byte	0x23
 444 0175 1C       		.uleb128 0x1c
 445 0176 06       		.uleb128 0x6
 446 0177 FE010000 		.4byte	.LASF30
 447 017b 06       		.byte	0x6
 448 017c 7D       		.byte	0x7d
 449 017d 97000000 		.4byte	0x97
 450 0181 02       		.byte	0x2
 451 0182 23       		.byte	0x23
 452 0183 1D       		.uleb128 0x1d
 453 0184 06       		.uleb128 0x6
 454 0185 AD020000 		.4byte	.LASF31
ARM GAS  /var/folders/dt/0wfd0knj7gs46m8vwfzktm600000gn/T//ccvXyZhj.s 			page 9


 455 0189 06       		.byte	0x6
 456 018a 82       		.byte	0x82
 457 018b AD000000 		.4byte	0xad
 458 018f 02       		.byte	0x2
 459 0190 23       		.byte	0x23
 460 0191 1E       		.uleb128 0x1e
 461 0192 06       		.uleb128 0x6
 462 0193 DF010000 		.4byte	.LASF32
 463 0197 06       		.byte	0x6
 464 0198 88       		.byte	0x88
 465 0199 B8000000 		.4byte	0xb8
 466 019d 02       		.byte	0x2
 467 019e 23       		.byte	0x23
 468 019f 1F       		.uleb128 0x1f
 469 01a0 06       		.uleb128 0x6
 470 01a1 7D020000 		.4byte	.LASF33
 471 01a5 06       		.byte	0x6
 472 01a6 8F       		.byte	0x8f
 473 01a7 3C030000 		.4byte	0x33c
 474 01ab 02       		.byte	0x2
 475 01ac 23       		.byte	0x23
 476 01ad 20       		.uleb128 0x20
 477 01ae 07       		.uleb128 0x7
 478 01af 705F7500 		.ascii	"p_u\000"
 479 01b3 06       		.byte	0x6
 480 01b4 B4       		.byte	0xb4
 481 01b5 F1030000 		.4byte	0x3f1
 482 01b9 02       		.byte	0x2
 483 01ba 23       		.byte	0x23
 484 01bb 24       		.uleb128 0x24
 485 01bc 06       		.uleb128 0x6
 486 01bd 04030000 		.4byte	.LASF34
 487 01c1 06       		.byte	0x6
 488 01c2 B9       		.byte	0xb9
 489 01c3 6C020000 		.4byte	0x26c
 490 01c7 02       		.byte	0x2
 491 01c8 23       		.byte	0x23
 492 01c9 28       		.uleb128 0x28
 493 01ca 06       		.uleb128 0x6
 494 01cb 8B020000 		.4byte	.LASF35
 495 01cf 06       		.byte	0x6
 496 01d0 BF       		.byte	0xbf
 497 01d1 4A020000 		.4byte	0x24a
 498 01d5 02       		.byte	0x2
 499 01d6 23       		.byte	0x23
 500 01d7 2C       		.uleb128 0x2c
 501 01d8 06       		.uleb128 0x6
 502 01d9 00000000 		.4byte	.LASF36
 503 01dd 06       		.byte	0x6
 504 01de C3       		.byte	0xc3
 505 01df CE000000 		.4byte	0xce
 506 01e3 02       		.byte	0x2
 507 01e4 23       		.byte	0x23
 508 01e5 34       		.uleb128 0x34
 509 01e6 06       		.uleb128 0x6
 510 01e7 28020000 		.4byte	.LASF37
 511 01eb 06       		.byte	0x6
ARM GAS  /var/folders/dt/0wfd0knj7gs46m8vwfzktm600000gn/T//ccvXyZhj.s 			page 10


 512 01ec C9       		.byte	0xc9
 513 01ed D9000000 		.4byte	0xd9
 514 01f1 02       		.byte	0x2
 515 01f2 23       		.byte	0x23
 516 01f3 38       		.uleb128 0x38
 517 01f4 06       		.uleb128 0x6
 518 01f5 C3010000 		.4byte	.LASF38
 519 01f9 06       		.byte	0x6
 520 01fa D0       		.byte	0xd0
 521 01fb 38040000 		.4byte	0x438
 522 01ff 02       		.byte	0x2
 523 0200 23       		.byte	0x23
 524 0201 3C       		.uleb128 0x3c
 525 0202 06       		.uleb128 0x6
 526 0203 72020000 		.4byte	.LASF39
 527 0207 06       		.byte	0x6
 528 0208 D4       		.byte	0xd4
 529 0209 C3000000 		.4byte	0xc3
 530 020d 02       		.byte	0x2
 531 020e 23       		.byte	0x23
 532 020f 40       		.uleb128 0x40
 533 0210 06       		.uleb128 0x6
 534 0211 5B000000 		.4byte	.LASF40
 535 0215 06       		.byte	0x6
 536 0216 DA       		.byte	0xda
 537 0217 82020000 		.4byte	0x282
 538 021b 02       		.byte	0x2
 539 021c 23       		.byte	0x23
 540 021d 44       		.uleb128 0x44
 541 021e 00       		.byte	0
 542 021f 08       		.uleb128 0x8
 543 0220 08       		.byte	0x8
 544 0221 05       		.byte	0x5
 545 0222 61       		.byte	0x61
 546 0223 44020000 		.4byte	0x244
 547 0227 06       		.uleb128 0x6
 548 0228 F7010000 		.4byte	.LASF22
 549 022c 05       		.byte	0x5
 550 022d 62       		.byte	0x62
 551 022e 44020000 		.4byte	0x244
 552 0232 02       		.byte	0x2
 553 0233 23       		.byte	0x23
 554 0234 00       		.uleb128 0
 555 0235 06       		.uleb128 0x6
 556 0236 98010000 		.4byte	.LASF23
 557 023a 05       		.byte	0x5
 558 023b 64       		.byte	0x64
 559 023c 44020000 		.4byte	0x244
 560 0240 02       		.byte	0x2
 561 0241 23       		.byte	0x23
 562 0242 04       		.uleb128 0x4
 563 0243 00       		.byte	0
 564 0244 09       		.uleb128 0x9
 565 0245 04       		.byte	0x4
 566 0246 EF000000 		.4byte	0xef
 567 024a 04       		.uleb128 0x4
 568 024b 65010000 		.4byte	.LASF41
ARM GAS  /var/folders/dt/0wfd0knj7gs46m8vwfzktm600000gn/T//ccvXyZhj.s 			page 11


 569 024f 05       		.byte	0x5
 570 0250 66       		.byte	0x66
 571 0251 1F020000 		.4byte	0x21f
 572 0255 08       		.uleb128 0x8
 573 0256 04       		.byte	0x4
 574 0257 05       		.byte	0x5
 575 0258 6B       		.byte	0x6b
 576 0259 6C020000 		.4byte	0x26c
 577 025d 06       		.uleb128 0x6
 578 025e F7010000 		.4byte	.LASF22
 579 0262 05       		.byte	0x5
 580 0263 6D       		.byte	0x6d
 581 0264 44020000 		.4byte	0x244
 582 0268 02       		.byte	0x2
 583 0269 23       		.byte	0x23
 584 026a 00       		.uleb128 0
 585 026b 00       		.byte	0
 586 026c 04       		.uleb128 0x4
 587 026d 30010000 		.4byte	.LASF42
 588 0271 05       		.byte	0x5
 589 0272 70       		.byte	0x70
 590 0273 55020000 		.4byte	0x255
 591 0277 04       		.uleb128 0x4
 592 0278 DF000000 		.4byte	.LASF43
 593 027c 07       		.byte	0x7
 594 027d E5       		.byte	0xe5
 595 027e 82020000 		.4byte	0x282
 596 0282 0A       		.uleb128 0xa
 597 0283 04       		.byte	0x4
 598 0284 0B       		.uleb128 0xb
 599 0285 84020000 		.4byte	.LASF44
 600 0289 24       		.byte	0x24
 601 028a 07       		.byte	0x7
 602 028b 0C01     		.2byte	0x10c
 603 028d 12030000 		.4byte	0x312
 604 0291 0C       		.uleb128 0xc
 605 0292 723400   		.ascii	"r4\000"
 606 0295 07       		.byte	0x7
 607 0296 1F01     		.2byte	0x11f
 608 0298 77020000 		.4byte	0x277
 609 029c 02       		.byte	0x2
 610 029d 23       		.byte	0x23
 611 029e 00       		.uleb128 0
 612 029f 0C       		.uleb128 0xc
 613 02a0 723500   		.ascii	"r5\000"
 614 02a3 07       		.byte	0x7
 615 02a4 2001     		.2byte	0x120
 616 02a6 77020000 		.4byte	0x277
 617 02aa 02       		.byte	0x2
 618 02ab 23       		.byte	0x23
 619 02ac 04       		.uleb128 0x4
 620 02ad 0C       		.uleb128 0xc
 621 02ae 723600   		.ascii	"r6\000"
 622 02b1 07       		.byte	0x7
 623 02b2 2101     		.2byte	0x121
 624 02b4 77020000 		.4byte	0x277
 625 02b8 02       		.byte	0x2
ARM GAS  /var/folders/dt/0wfd0knj7gs46m8vwfzktm600000gn/T//ccvXyZhj.s 			page 12


 626 02b9 23       		.byte	0x23
 627 02ba 08       		.uleb128 0x8
 628 02bb 0C       		.uleb128 0xc
 629 02bc 723700   		.ascii	"r7\000"
 630 02bf 07       		.byte	0x7
 631 02c0 2201     		.2byte	0x122
 632 02c2 77020000 		.4byte	0x277
 633 02c6 02       		.byte	0x2
 634 02c7 23       		.byte	0x23
 635 02c8 0C       		.uleb128 0xc
 636 02c9 0C       		.uleb128 0xc
 637 02ca 723800   		.ascii	"r8\000"
 638 02cd 07       		.byte	0x7
 639 02ce 2301     		.2byte	0x123
 640 02d0 77020000 		.4byte	0x277
 641 02d4 02       		.byte	0x2
 642 02d5 23       		.byte	0x23
 643 02d6 10       		.uleb128 0x10
 644 02d7 0C       		.uleb128 0xc
 645 02d8 723900   		.ascii	"r9\000"
 646 02db 07       		.byte	0x7
 647 02dc 2401     		.2byte	0x124
 648 02de 77020000 		.4byte	0x277
 649 02e2 02       		.byte	0x2
 650 02e3 23       		.byte	0x23
 651 02e4 14       		.uleb128 0x14
 652 02e5 0C       		.uleb128 0xc
 653 02e6 72313000 		.ascii	"r10\000"
 654 02ea 07       		.byte	0x7
 655 02eb 2501     		.2byte	0x125
 656 02ed 77020000 		.4byte	0x277
 657 02f1 02       		.byte	0x2
 658 02f2 23       		.byte	0x23
 659 02f3 18       		.uleb128 0x18
 660 02f4 0C       		.uleb128 0xc
 661 02f5 72313100 		.ascii	"r11\000"
 662 02f9 07       		.byte	0x7
 663 02fa 2601     		.2byte	0x126
 664 02fc 77020000 		.4byte	0x277
 665 0300 02       		.byte	0x2
 666 0301 23       		.byte	0x23
 667 0302 1C       		.uleb128 0x1c
 668 0303 0C       		.uleb128 0xc
 669 0304 6C7200   		.ascii	"lr\000"
 670 0307 07       		.byte	0x7
 671 0308 2701     		.2byte	0x127
 672 030a 77020000 		.4byte	0x277
 673 030e 02       		.byte	0x2
 674 030f 23       		.byte	0x23
 675 0310 20       		.uleb128 0x20
 676 0311 00       		.byte	0
 677 0312 0B       		.uleb128 0xb
 678 0313 07010000 		.4byte	.LASF45
 679 0317 04       		.byte	0x4
 680 0318 07       		.byte	0x7
 681 0319 3101     		.2byte	0x131
 682 031b 2F030000 		.4byte	0x32f
ARM GAS  /var/folders/dt/0wfd0knj7gs46m8vwfzktm600000gn/T//ccvXyZhj.s 			page 13


 683 031f 0C       		.uleb128 0xc
 684 0320 72313300 		.ascii	"r13\000"
 685 0324 07       		.byte	0x7
 686 0325 3201     		.2byte	0x132
 687 0327 2F030000 		.4byte	0x32f
 688 032b 02       		.byte	0x2
 689 032c 23       		.byte	0x23
 690 032d 00       		.uleb128 0
 691 032e 00       		.byte	0
 692 032f 09       		.uleb128 0x9
 693 0330 04       		.byte	0x4
 694 0331 84020000 		.4byte	0x284
 695 0335 03       		.uleb128 0x3
 696 0336 04       		.byte	0x4
 697 0337 07       		.byte	0x7
 698 0338 4E010000 		.4byte	.LASF46
 699 033c 0D       		.uleb128 0xd
 700 033d E4000000 		.4byte	0xe4
 701 0341 08       		.uleb128 0x8
 702 0342 1C       		.byte	0x1c
 703 0343 08       		.byte	0x8
 704 0344 5E       		.byte	0x5e
 705 0345 9E030000 		.4byte	0x39e
 706 0349 06       		.uleb128 0x6
 707 034a 3C020000 		.4byte	.LASF47
 708 034e 08       		.byte	0x8
 709 034f 5F       		.byte	0x5f
 710 0350 4A020000 		.4byte	0x24a
 711 0354 02       		.byte	0x2
 712 0355 23       		.byte	0x23
 713 0356 00       		.uleb128 0
 714 0357 06       		.uleb128 0x6
 715 0358 E9010000 		.4byte	.LASF48
 716 035c 08       		.byte	0x8
 717 035d 60       		.byte	0x60
 718 035e C3000000 		.4byte	0xc3
 719 0362 02       		.byte	0x2
 720 0363 23       		.byte	0x23
 721 0364 08       		.uleb128 0x8
 722 0365 06       		.uleb128 0x6
 723 0366 5F010000 		.4byte	.LASF49
 724 036a 08       		.byte	0x8
 725 036b 62       		.byte	0x62
 726 036c 12030000 		.4byte	0x312
 727 0370 02       		.byte	0x2
 728 0371 23       		.byte	0x23
 729 0372 0C       		.uleb128 0xc
 730 0373 06       		.uleb128 0x6
 731 0374 D7000000 		.4byte	.LASF50
 732 0378 08       		.byte	0x8
 733 0379 65       		.byte	0x65
 734 037a 44020000 		.4byte	0x244
 735 037e 02       		.byte	0x2
 736 037f 23       		.byte	0x23
 737 0380 10       		.uleb128 0x10
 738 0381 06       		.uleb128 0x6
 739 0382 88010000 		.4byte	.LASF51
ARM GAS  /var/folders/dt/0wfd0knj7gs46m8vwfzktm600000gn/T//ccvXyZhj.s 			page 14


 740 0386 08       		.byte	0x8
 741 0387 66       		.byte	0x66
 742 0388 44020000 		.4byte	0x244
 743 038c 02       		.byte	0x2
 744 038d 23       		.byte	0x23
 745 038e 14       		.uleb128 0x14
 746 038f 06       		.uleb128 0x6
 747 0390 7E010000 		.4byte	.LASF52
 748 0394 08       		.byte	0x8
 749 0395 69       		.byte	0x69
 750 0396 44020000 		.4byte	0x244
 751 039a 02       		.byte	0x2
 752 039b 23       		.byte	0x23
 753 039c 18       		.uleb128 0x18
 754 039d 00       		.byte	0
 755 039e 04       		.uleb128 0x4
 756 039f B4020000 		.4byte	.LASF53
 757 03a3 08       		.byte	0x8
 758 03a4 6B       		.byte	0x6b
 759 03a5 41030000 		.4byte	0x341
 760 03a9 05       		.uleb128 0x5
 761 03aa 48010000 		.4byte	.LASF54
 762 03ae 10       		.byte	0x10
 763 03af 09       		.byte	0x9
 764 03b0 2C       		.byte	0x2c
 765 03b1 E0030000 		.4byte	0x3e0
 766 03b5 06       		.uleb128 0x6
 767 03b6 63000000 		.4byte	.LASF55
 768 03ba 09       		.byte	0x9
 769 03bb 2D       		.byte	0x2d
 770 03bc 4A020000 		.4byte	0x24a
 771 03c0 02       		.byte	0x2
 772 03c1 23       		.byte	0x23
 773 03c2 00       		.uleb128 0
 774 03c3 06       		.uleb128 0x6
 775 03c4 F6020000 		.4byte	.LASF56
 776 03c8 09       		.byte	0x9
 777 03c9 2F       		.byte	0x2f
 778 03ca 44020000 		.4byte	0x244
 779 03ce 02       		.byte	0x2
 780 03cf 23       		.byte	0x23
 781 03d0 08       		.uleb128 0x8
 782 03d1 06       		.uleb128 0x6
 783 03d2 61020000 		.4byte	.LASF57
 784 03d6 09       		.byte	0x9
 785 03d7 31       		.byte	0x31
 786 03d8 E0030000 		.4byte	0x3e0
 787 03dc 02       		.byte	0x2
 788 03dd 23       		.byte	0x23
 789 03de 0C       		.uleb128 0xc
 790 03df 00       		.byte	0
 791 03e0 09       		.uleb128 0x9
 792 03e1 04       		.byte	0x4
 793 03e2 A9030000 		.4byte	0x3a9
 794 03e6 04       		.uleb128 0x4
 795 03e7 48010000 		.4byte	.LASF54
 796 03eb 09       		.byte	0x9
ARM GAS  /var/folders/dt/0wfd0knj7gs46m8vwfzktm600000gn/T//ccvXyZhj.s 			page 15


 797 03ec 33       		.byte	0x33
 798 03ed A9030000 		.4byte	0x3a9
 799 03f1 0E       		.uleb128 0xe
 800 03f2 04       		.byte	0x4
 801 03f3 06       		.byte	0x6
 802 03f4 96       		.byte	0x96
 803 03f5 26040000 		.4byte	0x426
 804 03f9 0F       		.uleb128 0xf
 805 03fa 13000000 		.4byte	.LASF58
 806 03fe 06       		.byte	0x6
 807 03ff 9D       		.byte	0x9d
 808 0400 CE000000 		.4byte	0xce
 809 0404 0F       		.uleb128 0xf
 810 0405 31000000 		.4byte	.LASF59
 811 0409 06       		.byte	0x6
 812 040a A4       		.byte	0xa4
 813 040b CE000000 		.4byte	0xce
 814 040f 0F       		.uleb128 0xf
 815 0410 CC020000 		.4byte	.LASF60
 816 0414 06       		.byte	0x6
 817 0415 AB       		.byte	0xab
 818 0416 82020000 		.4byte	0x282
 819 041a 0F       		.uleb128 0xf
 820 041b F0010000 		.4byte	.LASF61
 821 041f 06       		.byte	0x6
 822 0420 B2       		.byte	0xb2
 823 0421 D9000000 		.4byte	0xd9
 824 0425 00       		.byte	0
 825 0426 09       		.uleb128 0x9
 826 0427 04       		.byte	0x4
 827 0428 2C040000 		.4byte	0x42c
 828 042c 10       		.uleb128 0x10
 829 042d 31040000 		.4byte	0x431
 830 0431 03       		.uleb128 0x3
 831 0432 01       		.byte	0x1
 832 0433 08       		.byte	0x8
 833 0434 50020000 		.4byte	.LASF62
 834 0438 09       		.uleb128 0x9
 835 0439 04       		.byte	0x4
 836 043a E6030000 		.4byte	0x3e6
 837 043e 11       		.uleb128 0x11
 838 043f 06000000 		.4byte	.LASF68
 839 0443 02       		.byte	0x2
 840 0444 34       		.byte	0x34
 841 0445 01       		.byte	0x1
 842 0446 03       		.byte	0x3
 843 0447 61040000 		.4byte	0x461
 844 044b 12       		.uleb128 0x12
 845 044c 747000   		.ascii	"tp\000"
 846 044f 02       		.byte	0x2
 847 0450 34       		.byte	0x34
 848 0451 44020000 		.4byte	0x244
 849 0455 12       		.uleb128 0x12
 850 0456 74717000 		.ascii	"tqp\000"
 851 045a 02       		.byte	0x2
 852 045b 34       		.byte	0x34
 853 045c 61040000 		.4byte	0x461
ARM GAS  /var/folders/dt/0wfd0knj7gs46m8vwfzktm600000gn/T//ccvXyZhj.s 			page 16


 854 0460 00       		.byte	0
 855 0461 09       		.uleb128 0x9
 856 0462 04       		.byte	0x4
 857 0463 4A020000 		.4byte	0x24a
 858 0467 13       		.uleb128 0x13
 859 0468 55020000 		.4byte	.LASF69
 860 046c 02       		.byte	0x2
 861 046d 3B       		.byte	0x3b
 862 046e 01       		.byte	0x1
 863 046f 44020000 		.4byte	0x244
 864 0473 03       		.byte	0x3
 865 0474 8E040000 		.4byte	0x48e
 866 0478 12       		.uleb128 0x12
 867 0479 74717000 		.ascii	"tqp\000"
 868 047d 02       		.byte	0x2
 869 047e 3B       		.byte	0x3b
 870 047f 61040000 		.4byte	0x461
 871 0483 14       		.uleb128 0x14
 872 0484 747000   		.ascii	"tp\000"
 873 0487 02       		.byte	0x2
 874 0488 3C       		.byte	0x3c
 875 0489 44020000 		.4byte	0x244
 876 048d 00       		.byte	0
 877 048e 15       		.uleb128 0x15
 878 048f 01       		.byte	0x1
 879 0490 BC000000 		.4byte	.LASF63
 880 0494 01       		.byte	0x1
 881 0495 4B       		.byte	0x4b
 882 0496 01       		.byte	0x1
 883 0497 CE000000 		.4byte	0xce
 884 049b 00000000 		.4byte	.LFB7
 885 049f 40000000 		.4byte	.LFE7
 886 04a3 00000000 		.4byte	.LLST0
 887 04a7 01       		.byte	0x1
 888 04a8 4F050000 		.4byte	0x54f
 889 04ac 16       		.uleb128 0x16
 890 04ad 747000   		.ascii	"tp\000"
 891 04b0 01       		.byte	0x1
 892 04b1 4B       		.byte	0x4b
 893 04b2 44020000 		.4byte	0x244
 894 04b6 20000000 		.4byte	.LLST1
 895 04ba 16       		.uleb128 0x16
 896 04bb 6D736700 		.ascii	"msg\000"
 897 04bf 01       		.byte	0x1
 898 04c0 4B       		.byte	0x4b
 899 04c1 CE000000 		.4byte	0xce
 900 04c5 58000000 		.4byte	.LLST2
 901 04c9 17       		.uleb128 0x17
 902 04ca 63747000 		.ascii	"ctp\000"
 903 04ce 01       		.byte	0x1
 904 04cf 4C       		.byte	0x4c
 905 04d0 44020000 		.4byte	0x244
 906 04d4 01       		.byte	0x1
 907 04d5 54       		.byte	0x54
 908 04d6 18       		.uleb128 0x18
 909 04d7 06000000 		.4byte	.LBB10
 910 04db 0C000000 		.4byte	.LBE10
ARM GAS  /var/folders/dt/0wfd0knj7gs46m8vwfzktm600000gn/T//ccvXyZhj.s 			page 17


 911 04df F3040000 		.4byte	0x4f3
 912 04e3 19       		.uleb128 0x19
 913 04e4 746D7000 		.ascii	"tmp\000"
 914 04e8 01       		.byte	0x1
 915 04e9 50       		.byte	0x50
 916 04ea 70000000 		.4byte	0x70
 917 04ee 9D000000 		.4byte	.LLST3
 918 04f2 00       		.byte	0
 919 04f3 1A       		.uleb128 0x1a
 920 04f4 3E040000 		.4byte	0x43e
 921 04f8 14000000 		.4byte	.LBB11
 922 04fc 00000000 		.4byte	.Ldebug_ranges0+0
 923 0500 01       		.byte	0x1
 924 0501 53       		.byte	0x53
 925 0502 15050000 		.4byte	0x515
 926 0506 1B       		.uleb128 0x1b
 927 0507 55040000 		.4byte	0x455
 928 050b 01       		.byte	0x1
 929 050c 55       		.byte	0x55
 930 050d 1B       		.uleb128 0x1b
 931 050e 4B040000 		.4byte	0x44b
 932 0512 01       		.byte	0x1
 933 0513 54       		.byte	0x54
 934 0514 00       		.byte	0
 935 0515 18       		.uleb128 0x18
 936 0516 2C000000 		.4byte	.LBB17
 937 051a 32000000 		.4byte	.LBE17
 938 051e 32050000 		.4byte	0x532
 939 0522 19       		.uleb128 0x19
 940 0523 746D7000 		.ascii	"tmp\000"
 941 0527 01       		.byte	0x1
 942 0528 58       		.byte	0x58
 943 0529 70000000 		.4byte	0x70
 944 052d B0000000 		.4byte	.LLST4
 945 0531 00       		.byte	0
 946 0532 1C       		.uleb128 0x1c
 947 0533 2A000000 		.4byte	.LVL7
 948 0537 88060000 		.4byte	0x688
 949 053b 45050000 		.4byte	0x545
 950 053f 1D       		.uleb128 0x1d
 951 0540 01       		.byte	0x1
 952 0541 50       		.byte	0x50
 953 0542 01       		.byte	0x1
 954 0543 3A       		.byte	0x3a
 955 0544 00       		.byte	0
 956 0545 1E       		.uleb128 0x1e
 957 0546 38000000 		.4byte	.LVL12
 958 054a 9C060000 		.4byte	0x69c
 959 054e 00       		.byte	0
 960 054f 15       		.uleb128 0x15
 961 0550 01       		.byte	0x1
 962 0551 A3020000 		.4byte	.LASF64
 963 0555 01       		.byte	0x1
 964 0556 6A       		.byte	0x6a
 965 0557 01       		.byte	0x1
 966 0558 44020000 		.4byte	0x244
 967 055c 00000000 		.4byte	.LFB8
ARM GAS  /var/folders/dt/0wfd0knj7gs46m8vwfzktm600000gn/T//ccvXyZhj.s 			page 18


 968 0560 3C000000 		.4byte	.LFE8
 969 0564 C3000000 		.4byte	.LLST5
 970 0568 01       		.byte	0x1
 971 0569 F1050000 		.4byte	0x5f1
 972 056d 14       		.uleb128 0x14
 973 056e 747000   		.ascii	"tp\000"
 974 0571 01       		.byte	0x1
 975 0572 6B       		.byte	0x6b
 976 0573 44020000 		.4byte	0x244
 977 0577 18       		.uleb128 0x18
 978 0578 02000000 		.4byte	.LBB18
 979 057c 08000000 		.4byte	.LBE18
 980 0580 94050000 		.4byte	0x594
 981 0584 19       		.uleb128 0x19
 982 0585 746D7000 		.ascii	"tmp\000"
 983 0589 01       		.byte	0x1
 984 058a 6D       		.byte	0x6d
 985 058b 70000000 		.4byte	0x70
 986 058f E3000000 		.4byte	.LLST6
 987 0593 00       		.byte	0
 988 0594 1F       		.uleb128 0x1f
 989 0595 67040000 		.4byte	0x467
 990 0599 16000000 		.4byte	.LBB19
 991 059d 1C000000 		.4byte	.LBE19
 992 05a1 01       		.byte	0x1
 993 05a2 70       		.byte	0x70
 994 05a3 C4050000 		.4byte	0x5c4
 995 05a7 20       		.uleb128 0x20
 996 05a8 78040000 		.4byte	0x478
 997 05ac F6000000 		.4byte	.LLST7
 998 05b0 21       		.uleb128 0x21
 999 05b1 16000000 		.4byte	.LBB20
 1000 05b5 1C000000 		.4byte	.LBE20
 1001 05b9 22       		.uleb128 0x22
 1002 05ba 83040000 		.4byte	0x483
 1003 05be 0B010000 		.4byte	.LLST8
 1004 05c2 00       		.byte	0
 1005 05c3 00       		.byte	0
 1006 05c4 18       		.uleb128 0x18
 1007 05c5 20000000 		.4byte	.LBB21
 1008 05c9 26000000 		.4byte	.LBE21
 1009 05cd E1050000 		.4byte	0x5e1
 1010 05d1 19       		.uleb128 0x19
 1011 05d2 746D7000 		.ascii	"tmp\000"
 1012 05d6 01       		.byte	0x1
 1013 05d7 72       		.byte	0x72
 1014 05d8 70000000 		.4byte	0x70
 1015 05dc 1E010000 		.4byte	.LLST9
 1016 05e0 00       		.byte	0
 1017 05e1 23       		.uleb128 0x23
 1018 05e2 2E000000 		.4byte	.LVL20
 1019 05e6 88060000 		.4byte	0x688
 1020 05ea 1D       		.uleb128 0x1d
 1021 05eb 01       		.byte	0x1
 1022 05ec 50       		.byte	0x50
 1023 05ed 01       		.byte	0x1
 1024 05ee 3C       		.byte	0x3c
ARM GAS  /var/folders/dt/0wfd0knj7gs46m8vwfzktm600000gn/T//ccvXyZhj.s 			page 19


 1025 05ef 00       		.byte	0
 1026 05f0 00       		.byte	0
 1027 05f1 24       		.uleb128 0x24
 1028 05f2 01       		.byte	0x1
 1029 05f3 0D020000 		.4byte	.LASF70
 1030 05f7 01       		.byte	0x1
 1031 05f8 80       		.byte	0x80
 1032 05f9 01       		.byte	0x1
 1033 05fa 00000000 		.4byte	.LFB9
 1034 05fe 14000000 		.4byte	.LFE9
 1035 0602 31010000 		.4byte	.LLST10
 1036 0606 01       		.byte	0x1
 1037 0607 7B060000 		.4byte	0x67b
 1038 060b 16       		.uleb128 0x16
 1039 060c 747000   		.ascii	"tp\000"
 1040 060f 01       		.byte	0x1
 1041 0610 80       		.byte	0x80
 1042 0611 44020000 		.4byte	0x244
 1043 0615 51010000 		.4byte	.LLST11
 1044 0619 16       		.uleb128 0x16
 1045 061a 6D736700 		.ascii	"msg\000"
 1046 061e 01       		.byte	0x1
 1047 061f 80       		.byte	0x80
 1048 0620 CE000000 		.4byte	0xce
 1049 0624 72010000 		.4byte	.LLST12
 1050 0628 18       		.uleb128 0x18
 1051 0629 02000000 		.4byte	.LBB22
 1052 062d 08000000 		.4byte	.LBE22
 1053 0631 45060000 		.4byte	0x645
 1054 0635 19       		.uleb128 0x19
 1055 0636 746D7000 		.ascii	"tmp\000"
 1056 063a 01       		.byte	0x1
 1057 063b 82       		.byte	0x82
 1058 063c 70000000 		.4byte	0x70
 1059 0640 93010000 		.4byte	.LLST13
 1060 0644 00       		.byte	0
 1061 0645 18       		.uleb128 0x18
 1062 0646 0C000000 		.4byte	.LBB23
 1063 064a 14000000 		.4byte	.LBE23
 1064 064e 62060000 		.4byte	0x662
 1065 0652 19       		.uleb128 0x19
 1066 0653 746D7000 		.ascii	"tmp\000"
 1067 0657 01       		.byte	0x1
 1068 0658 86       		.byte	0x86
 1069 0659 70000000 		.4byte	0x70
 1070 065d A6010000 		.4byte	.LLST14
 1071 0661 00       		.byte	0
 1072 0662 23       		.uleb128 0x23
 1073 0663 0C000000 		.4byte	.LVL24
 1074 0667 B4060000 		.4byte	0x6b4
 1075 066b 1D       		.uleb128 0x1d
 1076 066c 01       		.byte	0x1
 1077 066d 51       		.byte	0x51
 1078 066e 03       		.byte	0x3
 1079 066f F3       		.byte	0xf3
 1080 0670 01       		.uleb128 0x1
 1081 0671 51       		.byte	0x51
ARM GAS  /var/folders/dt/0wfd0knj7gs46m8vwfzktm600000gn/T//ccvXyZhj.s 			page 20


 1082 0672 1D       		.uleb128 0x1d
 1083 0673 01       		.byte	0x1
 1084 0674 50       		.byte	0x50
 1085 0675 03       		.byte	0x3
 1086 0676 F3       		.byte	0xf3
 1087 0677 01       		.uleb128 0x1
 1088 0678 50       		.byte	0x50
 1089 0679 00       		.byte	0
 1090 067a 00       		.byte	0
 1091 067b 25       		.uleb128 0x25
 1092 067c BE020000 		.4byte	.LASF71
 1093 0680 08       		.byte	0x8
 1094 0681 6F       		.byte	0x6f
 1095 0682 9E030000 		.4byte	0x39e
 1096 0686 01       		.byte	0x1
 1097 0687 01       		.byte	0x1
 1098 0688 26       		.uleb128 0x26
 1099 0689 01       		.byte	0x1
 1100 068a 1A020000 		.4byte	.LASF72
 1101 068e 08       		.byte	0x8
 1102 068f 93       		.byte	0x93
 1103 0690 01       		.byte	0x1
 1104 0691 01       		.byte	0x1
 1105 0692 9C060000 		.4byte	0x69c
 1106 0696 27       		.uleb128 0x27
 1107 0697 A2000000 		.4byte	0xa2
 1108 069b 00       		.byte	0
 1109 069c 28       		.uleb128 0x28
 1110 069d 01       		.byte	0x1
 1111 069e 44020000 		.4byte	.LASF73
 1112 06a2 08       		.byte	0x8
 1113 06a3 90       		.byte	0x90
 1114 06a4 01       		.byte	0x1
 1115 06a5 44020000 		.4byte	0x244
 1116 06a9 01       		.byte	0x1
 1117 06aa B4060000 		.4byte	0x6b4
 1118 06ae 27       		.uleb128 0x27
 1119 06af 44020000 		.4byte	0x244
 1120 06b3 00       		.byte	0
 1121 06b4 29       		.uleb128 0x29
 1122 06b5 01       		.byte	0x1
 1123 06b6 96020000 		.4byte	.LASF74
 1124 06ba 08       		.byte	0x8
 1125 06bb 99       		.byte	0x99
 1126 06bc 01       		.byte	0x1
 1127 06bd 01       		.byte	0x1
 1128 06be 27       		.uleb128 0x27
 1129 06bf 44020000 		.4byte	0x244
 1130 06c3 27       		.uleb128 0x27
 1131 06c4 CE000000 		.4byte	0xce
 1132 06c8 00       		.byte	0
 1133 06c9 00       		.byte	0
 1134              		.section	.debug_abbrev,"",%progbits
 1135              	.Ldebug_abbrev0:
 1136 0000 01       		.uleb128 0x1
 1137 0001 11       		.uleb128 0x11
 1138 0002 01       		.byte	0x1
ARM GAS  /var/folders/dt/0wfd0knj7gs46m8vwfzktm600000gn/T//ccvXyZhj.s 			page 21


 1139 0003 25       		.uleb128 0x25
 1140 0004 0E       		.uleb128 0xe
 1141 0005 13       		.uleb128 0x13
 1142 0006 0B       		.uleb128 0xb
 1143 0007 03       		.uleb128 0x3
 1144 0008 0E       		.uleb128 0xe
 1145 0009 1B       		.uleb128 0x1b
 1146 000a 0E       		.uleb128 0xe
 1147 000b 55       		.uleb128 0x55
 1148 000c 06       		.uleb128 0x6
 1149 000d 11       		.uleb128 0x11
 1150 000e 01       		.uleb128 0x1
 1151 000f 52       		.uleb128 0x52
 1152 0010 01       		.uleb128 0x1
 1153 0011 10       		.uleb128 0x10
 1154 0012 06       		.uleb128 0x6
 1155 0013 00       		.byte	0
 1156 0014 00       		.byte	0
 1157 0015 02       		.uleb128 0x2
 1158 0016 24       		.uleb128 0x24
 1159 0017 00       		.byte	0
 1160 0018 0B       		.uleb128 0xb
 1161 0019 0B       		.uleb128 0xb
 1162 001a 3E       		.uleb128 0x3e
 1163 001b 0B       		.uleb128 0xb
 1164 001c 03       		.uleb128 0x3
 1165 001d 08       		.uleb128 0x8
 1166 001e 00       		.byte	0
 1167 001f 00       		.byte	0
 1168 0020 03       		.uleb128 0x3
 1169 0021 24       		.uleb128 0x24
 1170 0022 00       		.byte	0
 1171 0023 0B       		.uleb128 0xb
 1172 0024 0B       		.uleb128 0xb
 1173 0025 3E       		.uleb128 0x3e
 1174 0026 0B       		.uleb128 0xb
 1175 0027 03       		.uleb128 0x3
 1176 0028 0E       		.uleb128 0xe
 1177 0029 00       		.byte	0
 1178 002a 00       		.byte	0
 1179 002b 04       		.uleb128 0x4
 1180 002c 16       		.uleb128 0x16
 1181 002d 00       		.byte	0
 1182 002e 03       		.uleb128 0x3
 1183 002f 0E       		.uleb128 0xe
 1184 0030 3A       		.uleb128 0x3a
 1185 0031 0B       		.uleb128 0xb
 1186 0032 3B       		.uleb128 0x3b
 1187 0033 0B       		.uleb128 0xb
 1188 0034 49       		.uleb128 0x49
 1189 0035 13       		.uleb128 0x13
 1190 0036 00       		.byte	0
 1191 0037 00       		.byte	0
 1192 0038 05       		.uleb128 0x5
 1193 0039 13       		.uleb128 0x13
 1194 003a 01       		.byte	0x1
 1195 003b 03       		.uleb128 0x3
ARM GAS  /var/folders/dt/0wfd0knj7gs46m8vwfzktm600000gn/T//ccvXyZhj.s 			page 22


 1196 003c 0E       		.uleb128 0xe
 1197 003d 0B       		.uleb128 0xb
 1198 003e 0B       		.uleb128 0xb
 1199 003f 3A       		.uleb128 0x3a
 1200 0040 0B       		.uleb128 0xb
 1201 0041 3B       		.uleb128 0x3b
 1202 0042 0B       		.uleb128 0xb
 1203 0043 01       		.uleb128 0x1
 1204 0044 13       		.uleb128 0x13
 1205 0045 00       		.byte	0
 1206 0046 00       		.byte	0
 1207 0047 06       		.uleb128 0x6
 1208 0048 0D       		.uleb128 0xd
 1209 0049 00       		.byte	0
 1210 004a 03       		.uleb128 0x3
 1211 004b 0E       		.uleb128 0xe
 1212 004c 3A       		.uleb128 0x3a
 1213 004d 0B       		.uleb128 0xb
 1214 004e 3B       		.uleb128 0x3b
 1215 004f 0B       		.uleb128 0xb
 1216 0050 49       		.uleb128 0x49
 1217 0051 13       		.uleb128 0x13
 1218 0052 38       		.uleb128 0x38
 1219 0053 0A       		.uleb128 0xa
 1220 0054 00       		.byte	0
 1221 0055 00       		.byte	0
 1222 0056 07       		.uleb128 0x7
 1223 0057 0D       		.uleb128 0xd
 1224 0058 00       		.byte	0
 1225 0059 03       		.uleb128 0x3
 1226 005a 08       		.uleb128 0x8
 1227 005b 3A       		.uleb128 0x3a
 1228 005c 0B       		.uleb128 0xb
 1229 005d 3B       		.uleb128 0x3b
 1230 005e 0B       		.uleb128 0xb
 1231 005f 49       		.uleb128 0x49
 1232 0060 13       		.uleb128 0x13
 1233 0061 38       		.uleb128 0x38
 1234 0062 0A       		.uleb128 0xa
 1235 0063 00       		.byte	0
 1236 0064 00       		.byte	0
 1237 0065 08       		.uleb128 0x8
 1238 0066 13       		.uleb128 0x13
 1239 0067 01       		.byte	0x1
 1240 0068 0B       		.uleb128 0xb
 1241 0069 0B       		.uleb128 0xb
 1242 006a 3A       		.uleb128 0x3a
 1243 006b 0B       		.uleb128 0xb
 1244 006c 3B       		.uleb128 0x3b
 1245 006d 0B       		.uleb128 0xb
 1246 006e 01       		.uleb128 0x1
 1247 006f 13       		.uleb128 0x13
 1248 0070 00       		.byte	0
 1249 0071 00       		.byte	0
 1250 0072 09       		.uleb128 0x9
 1251 0073 0F       		.uleb128 0xf
 1252 0074 00       		.byte	0
ARM GAS  /var/folders/dt/0wfd0knj7gs46m8vwfzktm600000gn/T//ccvXyZhj.s 			page 23


 1253 0075 0B       		.uleb128 0xb
 1254 0076 0B       		.uleb128 0xb
 1255 0077 49       		.uleb128 0x49
 1256 0078 13       		.uleb128 0x13
 1257 0079 00       		.byte	0
 1258 007a 00       		.byte	0
 1259 007b 0A       		.uleb128 0xa
 1260 007c 0F       		.uleb128 0xf
 1261 007d 00       		.byte	0
 1262 007e 0B       		.uleb128 0xb
 1263 007f 0B       		.uleb128 0xb
 1264 0080 00       		.byte	0
 1265 0081 00       		.byte	0
 1266 0082 0B       		.uleb128 0xb
 1267 0083 13       		.uleb128 0x13
 1268 0084 01       		.byte	0x1
 1269 0085 03       		.uleb128 0x3
 1270 0086 0E       		.uleb128 0xe
 1271 0087 0B       		.uleb128 0xb
 1272 0088 0B       		.uleb128 0xb
 1273 0089 3A       		.uleb128 0x3a
 1274 008a 0B       		.uleb128 0xb
 1275 008b 3B       		.uleb128 0x3b
 1276 008c 05       		.uleb128 0x5
 1277 008d 01       		.uleb128 0x1
 1278 008e 13       		.uleb128 0x13
 1279 008f 00       		.byte	0
 1280 0090 00       		.byte	0
 1281 0091 0C       		.uleb128 0xc
 1282 0092 0D       		.uleb128 0xd
 1283 0093 00       		.byte	0
 1284 0094 03       		.uleb128 0x3
 1285 0095 08       		.uleb128 0x8
 1286 0096 3A       		.uleb128 0x3a
 1287 0097 0B       		.uleb128 0xb
 1288 0098 3B       		.uleb128 0x3b
 1289 0099 05       		.uleb128 0x5
 1290 009a 49       		.uleb128 0x49
 1291 009b 13       		.uleb128 0x13
 1292 009c 38       		.uleb128 0x38
 1293 009d 0A       		.uleb128 0xa
 1294 009e 00       		.byte	0
 1295 009f 00       		.byte	0
 1296 00a0 0D       		.uleb128 0xd
 1297 00a1 35       		.uleb128 0x35
 1298 00a2 00       		.byte	0
 1299 00a3 49       		.uleb128 0x49
 1300 00a4 13       		.uleb128 0x13
 1301 00a5 00       		.byte	0
 1302 00a6 00       		.byte	0
 1303 00a7 0E       		.uleb128 0xe
 1304 00a8 17       		.uleb128 0x17
 1305 00a9 01       		.byte	0x1
 1306 00aa 0B       		.uleb128 0xb
 1307 00ab 0B       		.uleb128 0xb
 1308 00ac 3A       		.uleb128 0x3a
 1309 00ad 0B       		.uleb128 0xb
ARM GAS  /var/folders/dt/0wfd0knj7gs46m8vwfzktm600000gn/T//ccvXyZhj.s 			page 24


 1310 00ae 3B       		.uleb128 0x3b
 1311 00af 0B       		.uleb128 0xb
 1312 00b0 01       		.uleb128 0x1
 1313 00b1 13       		.uleb128 0x13
 1314 00b2 00       		.byte	0
 1315 00b3 00       		.byte	0
 1316 00b4 0F       		.uleb128 0xf
 1317 00b5 0D       		.uleb128 0xd
 1318 00b6 00       		.byte	0
 1319 00b7 03       		.uleb128 0x3
 1320 00b8 0E       		.uleb128 0xe
 1321 00b9 3A       		.uleb128 0x3a
 1322 00ba 0B       		.uleb128 0xb
 1323 00bb 3B       		.uleb128 0x3b
 1324 00bc 0B       		.uleb128 0xb
 1325 00bd 49       		.uleb128 0x49
 1326 00be 13       		.uleb128 0x13
 1327 00bf 00       		.byte	0
 1328 00c0 00       		.byte	0
 1329 00c1 10       		.uleb128 0x10
 1330 00c2 26       		.uleb128 0x26
 1331 00c3 00       		.byte	0
 1332 00c4 49       		.uleb128 0x49
 1333 00c5 13       		.uleb128 0x13
 1334 00c6 00       		.byte	0
 1335 00c7 00       		.byte	0
 1336 00c8 11       		.uleb128 0x11
 1337 00c9 2E       		.uleb128 0x2e
 1338 00ca 01       		.byte	0x1
 1339 00cb 03       		.uleb128 0x3
 1340 00cc 0E       		.uleb128 0xe
 1341 00cd 3A       		.uleb128 0x3a
 1342 00ce 0B       		.uleb128 0xb
 1343 00cf 3B       		.uleb128 0x3b
 1344 00d0 0B       		.uleb128 0xb
 1345 00d1 27       		.uleb128 0x27
 1346 00d2 0C       		.uleb128 0xc
 1347 00d3 20       		.uleb128 0x20
 1348 00d4 0B       		.uleb128 0xb
 1349 00d5 01       		.uleb128 0x1
 1350 00d6 13       		.uleb128 0x13
 1351 00d7 00       		.byte	0
 1352 00d8 00       		.byte	0
 1353 00d9 12       		.uleb128 0x12
 1354 00da 05       		.uleb128 0x5
 1355 00db 00       		.byte	0
 1356 00dc 03       		.uleb128 0x3
 1357 00dd 08       		.uleb128 0x8
 1358 00de 3A       		.uleb128 0x3a
 1359 00df 0B       		.uleb128 0xb
 1360 00e0 3B       		.uleb128 0x3b
 1361 00e1 0B       		.uleb128 0xb
 1362 00e2 49       		.uleb128 0x49
 1363 00e3 13       		.uleb128 0x13
 1364 00e4 00       		.byte	0
 1365 00e5 00       		.byte	0
 1366 00e6 13       		.uleb128 0x13
ARM GAS  /var/folders/dt/0wfd0knj7gs46m8vwfzktm600000gn/T//ccvXyZhj.s 			page 25


 1367 00e7 2E       		.uleb128 0x2e
 1368 00e8 01       		.byte	0x1
 1369 00e9 03       		.uleb128 0x3
 1370 00ea 0E       		.uleb128 0xe
 1371 00eb 3A       		.uleb128 0x3a
 1372 00ec 0B       		.uleb128 0xb
 1373 00ed 3B       		.uleb128 0x3b
 1374 00ee 0B       		.uleb128 0xb
 1375 00ef 27       		.uleb128 0x27
 1376 00f0 0C       		.uleb128 0xc
 1377 00f1 49       		.uleb128 0x49
 1378 00f2 13       		.uleb128 0x13
 1379 00f3 20       		.uleb128 0x20
 1380 00f4 0B       		.uleb128 0xb
 1381 00f5 01       		.uleb128 0x1
 1382 00f6 13       		.uleb128 0x13
 1383 00f7 00       		.byte	0
 1384 00f8 00       		.byte	0
 1385 00f9 14       		.uleb128 0x14
 1386 00fa 34       		.uleb128 0x34
 1387 00fb 00       		.byte	0
 1388 00fc 03       		.uleb128 0x3
 1389 00fd 08       		.uleb128 0x8
 1390 00fe 3A       		.uleb128 0x3a
 1391 00ff 0B       		.uleb128 0xb
 1392 0100 3B       		.uleb128 0x3b
 1393 0101 0B       		.uleb128 0xb
 1394 0102 49       		.uleb128 0x49
 1395 0103 13       		.uleb128 0x13
 1396 0104 00       		.byte	0
 1397 0105 00       		.byte	0
 1398 0106 15       		.uleb128 0x15
 1399 0107 2E       		.uleb128 0x2e
 1400 0108 01       		.byte	0x1
 1401 0109 3F       		.uleb128 0x3f
 1402 010a 0C       		.uleb128 0xc
 1403 010b 03       		.uleb128 0x3
 1404 010c 0E       		.uleb128 0xe
 1405 010d 3A       		.uleb128 0x3a
 1406 010e 0B       		.uleb128 0xb
 1407 010f 3B       		.uleb128 0x3b
 1408 0110 0B       		.uleb128 0xb
 1409 0111 27       		.uleb128 0x27
 1410 0112 0C       		.uleb128 0xc
 1411 0113 49       		.uleb128 0x49
 1412 0114 13       		.uleb128 0x13
 1413 0115 11       		.uleb128 0x11
 1414 0116 01       		.uleb128 0x1
 1415 0117 12       		.uleb128 0x12
 1416 0118 01       		.uleb128 0x1
 1417 0119 40       		.uleb128 0x40
 1418 011a 06       		.uleb128 0x6
 1419 011b 9742     		.uleb128 0x2117
 1420 011d 0C       		.uleb128 0xc
 1421 011e 01       		.uleb128 0x1
 1422 011f 13       		.uleb128 0x13
 1423 0120 00       		.byte	0
ARM GAS  /var/folders/dt/0wfd0knj7gs46m8vwfzktm600000gn/T//ccvXyZhj.s 			page 26


 1424 0121 00       		.byte	0
 1425 0122 16       		.uleb128 0x16
 1426 0123 05       		.uleb128 0x5
 1427 0124 00       		.byte	0
 1428 0125 03       		.uleb128 0x3
 1429 0126 08       		.uleb128 0x8
 1430 0127 3A       		.uleb128 0x3a
 1431 0128 0B       		.uleb128 0xb
 1432 0129 3B       		.uleb128 0x3b
 1433 012a 0B       		.uleb128 0xb
 1434 012b 49       		.uleb128 0x49
 1435 012c 13       		.uleb128 0x13
 1436 012d 02       		.uleb128 0x2
 1437 012e 06       		.uleb128 0x6
 1438 012f 00       		.byte	0
 1439 0130 00       		.byte	0
 1440 0131 17       		.uleb128 0x17
 1441 0132 34       		.uleb128 0x34
 1442 0133 00       		.byte	0
 1443 0134 03       		.uleb128 0x3
 1444 0135 08       		.uleb128 0x8
 1445 0136 3A       		.uleb128 0x3a
 1446 0137 0B       		.uleb128 0xb
 1447 0138 3B       		.uleb128 0x3b
 1448 0139 0B       		.uleb128 0xb
 1449 013a 49       		.uleb128 0x49
 1450 013b 13       		.uleb128 0x13
 1451 013c 02       		.uleb128 0x2
 1452 013d 0A       		.uleb128 0xa
 1453 013e 00       		.byte	0
 1454 013f 00       		.byte	0
 1455 0140 18       		.uleb128 0x18
 1456 0141 0B       		.uleb128 0xb
 1457 0142 01       		.byte	0x1
 1458 0143 11       		.uleb128 0x11
 1459 0144 01       		.uleb128 0x1
 1460 0145 12       		.uleb128 0x12
 1461 0146 01       		.uleb128 0x1
 1462 0147 01       		.uleb128 0x1
 1463 0148 13       		.uleb128 0x13
 1464 0149 00       		.byte	0
 1465 014a 00       		.byte	0
 1466 014b 19       		.uleb128 0x19
 1467 014c 34       		.uleb128 0x34
 1468 014d 00       		.byte	0
 1469 014e 03       		.uleb128 0x3
 1470 014f 08       		.uleb128 0x8
 1471 0150 3A       		.uleb128 0x3a
 1472 0151 0B       		.uleb128 0xb
 1473 0152 3B       		.uleb128 0x3b
 1474 0153 0B       		.uleb128 0xb
 1475 0154 49       		.uleb128 0x49
 1476 0155 13       		.uleb128 0x13
 1477 0156 02       		.uleb128 0x2
 1478 0157 06       		.uleb128 0x6
 1479 0158 00       		.byte	0
 1480 0159 00       		.byte	0
ARM GAS  /var/folders/dt/0wfd0knj7gs46m8vwfzktm600000gn/T//ccvXyZhj.s 			page 27


 1481 015a 1A       		.uleb128 0x1a
 1482 015b 1D       		.uleb128 0x1d
 1483 015c 01       		.byte	0x1
 1484 015d 31       		.uleb128 0x31
 1485 015e 13       		.uleb128 0x13
 1486 015f 52       		.uleb128 0x52
 1487 0160 01       		.uleb128 0x1
 1488 0161 55       		.uleb128 0x55
 1489 0162 06       		.uleb128 0x6
 1490 0163 58       		.uleb128 0x58
 1491 0164 0B       		.uleb128 0xb
 1492 0165 59       		.uleb128 0x59
 1493 0166 0B       		.uleb128 0xb
 1494 0167 01       		.uleb128 0x1
 1495 0168 13       		.uleb128 0x13
 1496 0169 00       		.byte	0
 1497 016a 00       		.byte	0
 1498 016b 1B       		.uleb128 0x1b
 1499 016c 05       		.uleb128 0x5
 1500 016d 00       		.byte	0
 1501 016e 31       		.uleb128 0x31
 1502 016f 13       		.uleb128 0x13
 1503 0170 02       		.uleb128 0x2
 1504 0171 0A       		.uleb128 0xa
 1505 0172 00       		.byte	0
 1506 0173 00       		.byte	0
 1507 0174 1C       		.uleb128 0x1c
 1508 0175 898201   		.uleb128 0x4109
 1509 0178 01       		.byte	0x1
 1510 0179 11       		.uleb128 0x11
 1511 017a 01       		.uleb128 0x1
 1512 017b 31       		.uleb128 0x31
 1513 017c 13       		.uleb128 0x13
 1514 017d 01       		.uleb128 0x1
 1515 017e 13       		.uleb128 0x13
 1516 017f 00       		.byte	0
 1517 0180 00       		.byte	0
 1518 0181 1D       		.uleb128 0x1d
 1519 0182 8A8201   		.uleb128 0x410a
 1520 0185 00       		.byte	0
 1521 0186 02       		.uleb128 0x2
 1522 0187 0A       		.uleb128 0xa
 1523 0188 9142     		.uleb128 0x2111
 1524 018a 0A       		.uleb128 0xa
 1525 018b 00       		.byte	0
 1526 018c 00       		.byte	0
 1527 018d 1E       		.uleb128 0x1e
 1528 018e 898201   		.uleb128 0x4109
 1529 0191 00       		.byte	0
 1530 0192 11       		.uleb128 0x11
 1531 0193 01       		.uleb128 0x1
 1532 0194 31       		.uleb128 0x31
 1533 0195 13       		.uleb128 0x13
 1534 0196 00       		.byte	0
 1535 0197 00       		.byte	0
 1536 0198 1F       		.uleb128 0x1f
 1537 0199 1D       		.uleb128 0x1d
ARM GAS  /var/folders/dt/0wfd0knj7gs46m8vwfzktm600000gn/T//ccvXyZhj.s 			page 28


 1538 019a 01       		.byte	0x1
 1539 019b 31       		.uleb128 0x31
 1540 019c 13       		.uleb128 0x13
 1541 019d 11       		.uleb128 0x11
 1542 019e 01       		.uleb128 0x1
 1543 019f 12       		.uleb128 0x12
 1544 01a0 01       		.uleb128 0x1
 1545 01a1 58       		.uleb128 0x58
 1546 01a2 0B       		.uleb128 0xb
 1547 01a3 59       		.uleb128 0x59
 1548 01a4 0B       		.uleb128 0xb
 1549 01a5 01       		.uleb128 0x1
 1550 01a6 13       		.uleb128 0x13
 1551 01a7 00       		.byte	0
 1552 01a8 00       		.byte	0
 1553 01a9 20       		.uleb128 0x20
 1554 01aa 05       		.uleb128 0x5
 1555 01ab 00       		.byte	0
 1556 01ac 31       		.uleb128 0x31
 1557 01ad 13       		.uleb128 0x13
 1558 01ae 02       		.uleb128 0x2
 1559 01af 06       		.uleb128 0x6
 1560 01b0 00       		.byte	0
 1561 01b1 00       		.byte	0
 1562 01b2 21       		.uleb128 0x21
 1563 01b3 0B       		.uleb128 0xb
 1564 01b4 01       		.byte	0x1
 1565 01b5 11       		.uleb128 0x11
 1566 01b6 01       		.uleb128 0x1
 1567 01b7 12       		.uleb128 0x12
 1568 01b8 01       		.uleb128 0x1
 1569 01b9 00       		.byte	0
 1570 01ba 00       		.byte	0
 1571 01bb 22       		.uleb128 0x22
 1572 01bc 34       		.uleb128 0x34
 1573 01bd 00       		.byte	0
 1574 01be 31       		.uleb128 0x31
 1575 01bf 13       		.uleb128 0x13
 1576 01c0 02       		.uleb128 0x2
 1577 01c1 06       		.uleb128 0x6
 1578 01c2 00       		.byte	0
 1579 01c3 00       		.byte	0
 1580 01c4 23       		.uleb128 0x23
 1581 01c5 898201   		.uleb128 0x4109
 1582 01c8 01       		.byte	0x1
 1583 01c9 11       		.uleb128 0x11
 1584 01ca 01       		.uleb128 0x1
 1585 01cb 31       		.uleb128 0x31
 1586 01cc 13       		.uleb128 0x13
 1587 01cd 00       		.byte	0
 1588 01ce 00       		.byte	0
 1589 01cf 24       		.uleb128 0x24
 1590 01d0 2E       		.uleb128 0x2e
 1591 01d1 01       		.byte	0x1
 1592 01d2 3F       		.uleb128 0x3f
 1593 01d3 0C       		.uleb128 0xc
 1594 01d4 03       		.uleb128 0x3
ARM GAS  /var/folders/dt/0wfd0knj7gs46m8vwfzktm600000gn/T//ccvXyZhj.s 			page 29


 1595 01d5 0E       		.uleb128 0xe
 1596 01d6 3A       		.uleb128 0x3a
 1597 01d7 0B       		.uleb128 0xb
 1598 01d8 3B       		.uleb128 0x3b
 1599 01d9 0B       		.uleb128 0xb
 1600 01da 27       		.uleb128 0x27
 1601 01db 0C       		.uleb128 0xc
 1602 01dc 11       		.uleb128 0x11
 1603 01dd 01       		.uleb128 0x1
 1604 01de 12       		.uleb128 0x12
 1605 01df 01       		.uleb128 0x1
 1606 01e0 40       		.uleb128 0x40
 1607 01e1 06       		.uleb128 0x6
 1608 01e2 9742     		.uleb128 0x2117
 1609 01e4 0C       		.uleb128 0xc
 1610 01e5 01       		.uleb128 0x1
 1611 01e6 13       		.uleb128 0x13
 1612 01e7 00       		.byte	0
 1613 01e8 00       		.byte	0
 1614 01e9 25       		.uleb128 0x25
 1615 01ea 34       		.uleb128 0x34
 1616 01eb 00       		.byte	0
 1617 01ec 03       		.uleb128 0x3
 1618 01ed 0E       		.uleb128 0xe
 1619 01ee 3A       		.uleb128 0x3a
 1620 01ef 0B       		.uleb128 0xb
 1621 01f0 3B       		.uleb128 0x3b
 1622 01f1 0B       		.uleb128 0xb
 1623 01f2 49       		.uleb128 0x49
 1624 01f3 13       		.uleb128 0x13
 1625 01f4 3F       		.uleb128 0x3f
 1626 01f5 0C       		.uleb128 0xc
 1627 01f6 3C       		.uleb128 0x3c
 1628 01f7 0C       		.uleb128 0xc
 1629 01f8 00       		.byte	0
 1630 01f9 00       		.byte	0
 1631 01fa 26       		.uleb128 0x26
 1632 01fb 2E       		.uleb128 0x2e
 1633 01fc 01       		.byte	0x1
 1634 01fd 3F       		.uleb128 0x3f
 1635 01fe 0C       		.uleb128 0xc
 1636 01ff 03       		.uleb128 0x3
 1637 0200 0E       		.uleb128 0xe
 1638 0201 3A       		.uleb128 0x3a
 1639 0202 0B       		.uleb128 0xb
 1640 0203 3B       		.uleb128 0x3b
 1641 0204 0B       		.uleb128 0xb
 1642 0205 27       		.uleb128 0x27
 1643 0206 0C       		.uleb128 0xc
 1644 0207 3C       		.uleb128 0x3c
 1645 0208 0C       		.uleb128 0xc
 1646 0209 01       		.uleb128 0x1
 1647 020a 13       		.uleb128 0x13
 1648 020b 00       		.byte	0
 1649 020c 00       		.byte	0
 1650 020d 27       		.uleb128 0x27
 1651 020e 05       		.uleb128 0x5
ARM GAS  /var/folders/dt/0wfd0knj7gs46m8vwfzktm600000gn/T//ccvXyZhj.s 			page 30


 1652 020f 00       		.byte	0
 1653 0210 49       		.uleb128 0x49
 1654 0211 13       		.uleb128 0x13
 1655 0212 00       		.byte	0
 1656 0213 00       		.byte	0
 1657 0214 28       		.uleb128 0x28
 1658 0215 2E       		.uleb128 0x2e
 1659 0216 01       		.byte	0x1
 1660 0217 3F       		.uleb128 0x3f
 1661 0218 0C       		.uleb128 0xc
 1662 0219 03       		.uleb128 0x3
 1663 021a 0E       		.uleb128 0xe
 1664 021b 3A       		.uleb128 0x3a
 1665 021c 0B       		.uleb128 0xb
 1666 021d 3B       		.uleb128 0x3b
 1667 021e 0B       		.uleb128 0xb
 1668 021f 27       		.uleb128 0x27
 1669 0220 0C       		.uleb128 0xc
 1670 0221 49       		.uleb128 0x49
 1671 0222 13       		.uleb128 0x13
 1672 0223 3C       		.uleb128 0x3c
 1673 0224 0C       		.uleb128 0xc
 1674 0225 01       		.uleb128 0x1
 1675 0226 13       		.uleb128 0x13
 1676 0227 00       		.byte	0
 1677 0228 00       		.byte	0
 1678 0229 29       		.uleb128 0x29
 1679 022a 2E       		.uleb128 0x2e
 1680 022b 01       		.byte	0x1
 1681 022c 3F       		.uleb128 0x3f
 1682 022d 0C       		.uleb128 0xc
 1683 022e 03       		.uleb128 0x3
 1684 022f 0E       		.uleb128 0xe
 1685 0230 3A       		.uleb128 0x3a
 1686 0231 0B       		.uleb128 0xb
 1687 0232 3B       		.uleb128 0x3b
 1688 0233 0B       		.uleb128 0xb
 1689 0234 27       		.uleb128 0x27
 1690 0235 0C       		.uleb128 0xc
 1691 0236 3C       		.uleb128 0x3c
 1692 0237 0C       		.uleb128 0xc
 1693 0238 00       		.byte	0
 1694 0239 00       		.byte	0
 1695 023a 00       		.byte	0
 1696              		.section	.debug_loc,"",%progbits
 1697              	.Ldebug_loc0:
 1698              	.LLST0:
 1699 0000 00000000 		.4byte	.LFB7
 1700 0004 02000000 		.4byte	.LCFI0
 1701 0008 0200     		.2byte	0x2
 1702 000a 7D       		.byte	0x7d
 1703 000b 00       		.sleb128 0
 1704 000c 02000000 		.4byte	.LCFI0
 1705 0010 40000000 		.4byte	.LFE7
 1706 0014 0200     		.2byte	0x2
 1707 0016 7D       		.byte	0x7d
 1708 0017 10       		.sleb128 16
ARM GAS  /var/folders/dt/0wfd0knj7gs46m8vwfzktm600000gn/T//ccvXyZhj.s 			page 31


 1709 0018 00000000 		.4byte	0
 1710 001c 00000000 		.4byte	0
 1711              	.LLST1:
 1712 0020 00000000 		.4byte	.LVL0
 1713 0024 24000000 		.4byte	.LVL6
 1714 0028 0100     		.2byte	0x1
 1715 002a 50       		.byte	0x50
 1716 002b 24000000 		.4byte	.LVL6
 1717 002f 34000000 		.4byte	.LVL11
 1718 0033 0300     		.2byte	0x3
 1719 0035 75       		.byte	0x75
 1720 0036 54       		.sleb128 -44
 1721 0037 9F       		.byte	0x9f
 1722 0038 34000000 		.4byte	.LVL11
 1723 003c 37000000 		.4byte	.LVL12-1
 1724 0040 0100     		.2byte	0x1
 1725 0042 50       		.byte	0x50
 1726 0043 37000000 		.4byte	.LVL12-1
 1727 0047 40000000 		.4byte	.LFE7
 1728 004b 0300     		.2byte	0x3
 1729 004d 75       		.byte	0x75
 1730 004e 54       		.sleb128 -44
 1731 004f 9F       		.byte	0x9f
 1732 0050 00000000 		.4byte	0
 1733 0054 00000000 		.4byte	0
 1734              	.LLST2:
 1735 0058 00000000 		.4byte	.LVL0
 1736 005c 24000000 		.4byte	.LVL6
 1737 0060 0100     		.2byte	0x1
 1738 0062 51       		.byte	0x51
 1739 0063 24000000 		.4byte	.LVL6
 1740 0067 2C000000 		.4byte	.LVL8
 1741 006b 0400     		.2byte	0x4
 1742 006d F3       		.byte	0xf3
 1743 006e 01       		.uleb128 0x1
 1744 006f 51       		.byte	0x51
 1745 0070 9F       		.byte	0x9f
 1746 0071 2C000000 		.4byte	.LVL8
 1747 0075 34000000 		.4byte	.LVL11
 1748 0079 0100     		.2byte	0x1
 1749 007b 50       		.byte	0x50
 1750 007c 34000000 		.4byte	.LVL11
 1751 0080 37000000 		.4byte	.LVL12-1
 1752 0084 0100     		.2byte	0x1
 1753 0086 51       		.byte	0x51
 1754 0087 37000000 		.4byte	.LVL12-1
 1755 008b 40000000 		.4byte	.LFE7
 1756 008f 0400     		.2byte	0x4
 1757 0091 F3       		.byte	0xf3
 1758 0092 01       		.uleb128 0x1
 1759 0093 51       		.byte	0x51
 1760 0094 9F       		.byte	0x9f
 1761 0095 00000000 		.4byte	0
 1762 0099 00000000 		.4byte	0
 1763              	.LLST3:
 1764 009d 0C000000 		.4byte	.LVL3
 1765 00a1 16000000 		.4byte	.LVL5
ARM GAS  /var/folders/dt/0wfd0knj7gs46m8vwfzktm600000gn/T//ccvXyZhj.s 			page 32


 1766 00a5 0100     		.2byte	0x1
 1767 00a7 53       		.byte	0x53
 1768 00a8 00000000 		.4byte	0
 1769 00ac 00000000 		.4byte	0
 1770              	.LLST4:
 1771 00b0 32000000 		.4byte	.LVL10
 1772 00b4 34000000 		.4byte	.LVL11
 1773 00b8 0100     		.2byte	0x1
 1774 00ba 53       		.byte	0x53
 1775 00bb 00000000 		.4byte	0
 1776 00bf 00000000 		.4byte	0
 1777              	.LLST5:
 1778 00c3 00000000 		.4byte	.LFB8
 1779 00c7 02000000 		.4byte	.LCFI1
 1780 00cb 0200     		.2byte	0x2
 1781 00cd 7D       		.byte	0x7d
 1782 00ce 00       		.sleb128 0
 1783 00cf 02000000 		.4byte	.LCFI1
 1784 00d3 3C000000 		.4byte	.LFE8
 1785 00d7 0200     		.2byte	0x2
 1786 00d9 7D       		.byte	0x7d
 1787 00da 08       		.sleb128 8
 1788 00db 00000000 		.4byte	0
 1789 00df 00000000 		.4byte	0
 1790              	.LLST6:
 1791 00e3 08000000 		.4byte	.LVL14
 1792 00e7 0C000000 		.4byte	.LVL15
 1793 00eb 0100     		.2byte	0x1
 1794 00ed 53       		.byte	0x53
 1795 00ee 00000000 		.4byte	0
 1796 00f2 00000000 		.4byte	0
 1797              	.LLST7:
 1798 00f6 16000000 		.4byte	.LVL16
 1799 00fa 22000000 		.4byte	.LVL17
 1800 00fe 0300     		.2byte	0x3
 1801 0100 73       		.byte	0x73
 1802 0101 2C       		.sleb128 44
 1803 0102 9F       		.byte	0x9f
 1804 0103 00000000 		.4byte	0
 1805 0107 00000000 		.4byte	0
 1806              	.LLST8:
 1807 010b 16000000 		.4byte	.LVL16
 1808 010f 28000000 		.4byte	.LVL19
 1809 0113 0100     		.2byte	0x1
 1810 0115 50       		.byte	0x50
 1811 0116 00000000 		.4byte	0
 1812 011a 00000000 		.4byte	0
 1813              	.LLST9:
 1814 011e 26000000 		.4byte	.LVL18
 1815 0122 28000000 		.4byte	.LVL19
 1816 0126 0100     		.2byte	0x1
 1817 0128 53       		.byte	0x53
 1818 0129 00000000 		.4byte	0
 1819 012d 00000000 		.4byte	0
 1820              	.LLST10:
 1821 0131 00000000 		.4byte	.LFB9
 1822 0135 02000000 		.4byte	.LCFI2
ARM GAS  /var/folders/dt/0wfd0knj7gs46m8vwfzktm600000gn/T//ccvXyZhj.s 			page 33


 1823 0139 0200     		.2byte	0x2
 1824 013b 7D       		.byte	0x7d
 1825 013c 00       		.sleb128 0
 1826 013d 02000000 		.4byte	.LCFI2
 1827 0141 14000000 		.4byte	.LFE9
 1828 0145 0200     		.2byte	0x2
 1829 0147 7D       		.byte	0x7d
 1830 0148 08       		.sleb128 8
 1831 0149 00000000 		.4byte	0
 1832 014d 00000000 		.4byte	0
 1833              	.LLST11:
 1834 0151 00000000 		.4byte	.LVL21
 1835 0155 0B000000 		.4byte	.LVL24-1
 1836 0159 0100     		.2byte	0x1
 1837 015b 50       		.byte	0x50
 1838 015c 0B000000 		.4byte	.LVL24-1
 1839 0160 14000000 		.4byte	.LFE9
 1840 0164 0400     		.2byte	0x4
 1841 0166 F3       		.byte	0xf3
 1842 0167 01       		.uleb128 0x1
 1843 0168 50       		.byte	0x50
 1844 0169 9F       		.byte	0x9f
 1845 016a 00000000 		.4byte	0
 1846 016e 00000000 		.4byte	0
 1847              	.LLST12:
 1848 0172 00000000 		.4byte	.LVL21
 1849 0176 0B000000 		.4byte	.LVL24-1
 1850 017a 0100     		.2byte	0x1
 1851 017c 51       		.byte	0x51
 1852 017d 0B000000 		.4byte	.LVL24-1
 1853 0181 14000000 		.4byte	.LFE9
 1854 0185 0400     		.2byte	0x4
 1855 0187 F3       		.byte	0xf3
 1856 0188 01       		.uleb128 0x1
 1857 0189 51       		.byte	0x51
 1858 018a 9F       		.byte	0x9f
 1859 018b 00000000 		.4byte	0
 1860 018f 00000000 		.4byte	0
 1861              	.LLST13:
 1862 0193 08000000 		.4byte	.LVL23
 1863 0197 0B000000 		.4byte	.LVL24-1
 1864 019b 0100     		.2byte	0x1
 1865 019d 53       		.byte	0x53
 1866 019e 00000000 		.4byte	0
 1867 01a2 00000000 		.4byte	0
 1868              	.LLST14:
 1869 01a6 12000000 		.4byte	.LVL26
 1870 01aa 14000000 		.4byte	.LFE9
 1871 01ae 0100     		.2byte	0x1
 1872 01b0 53       		.byte	0x53
 1873 01b1 00000000 		.4byte	0
 1874 01b5 00000000 		.4byte	0
 1875              		.section	.debug_aranges,"",%progbits
 1876 0000 2C000000 		.4byte	0x2c
 1877 0004 0200     		.2byte	0x2
 1878 0006 00000000 		.4byte	.Ldebug_info0
 1879 000a 04       		.byte	0x4
ARM GAS  /var/folders/dt/0wfd0knj7gs46m8vwfzktm600000gn/T//ccvXyZhj.s 			page 34


 1880 000b 00       		.byte	0
 1881 000c 0000     		.2byte	0
 1882 000e 0000     		.2byte	0
 1883 0010 00000000 		.4byte	.LFB7
 1884 0014 40000000 		.4byte	.LFE7-.LFB7
 1885 0018 00000000 		.4byte	.LFB8
 1886 001c 3C000000 		.4byte	.LFE8-.LFB8
 1887 0020 00000000 		.4byte	.LFB9
 1888 0024 14000000 		.4byte	.LFE9-.LFB9
 1889 0028 00000000 		.4byte	0
 1890 002c 00000000 		.4byte	0
 1891              		.section	.debug_ranges,"",%progbits
 1892              	.Ldebug_ranges0:
 1893 0000 14000000 		.4byte	.LBB11
 1894 0004 16000000 		.4byte	.LBE11
 1895 0008 18000000 		.4byte	.LBB15
 1896 000c 1A000000 		.4byte	.LBE15
 1897 0010 1C000000 		.4byte	.LBB16
 1898 0014 22000000 		.4byte	.LBE16
 1899 0018 00000000 		.4byte	0
 1900 001c 00000000 		.4byte	0
 1901 0020 00000000 		.4byte	.LFB7
 1902 0024 40000000 		.4byte	.LFE7
 1903 0028 00000000 		.4byte	.LFB8
 1904 002c 3C000000 		.4byte	.LFE8
 1905 0030 00000000 		.4byte	.LFB9
 1906 0034 14000000 		.4byte	.LFE9
 1907 0038 00000000 		.4byte	0
 1908 003c 00000000 		.4byte	0
 1909              		.section	.debug_line,"",%progbits
 1910              	.Ldebug_line0:
 1911 0000 B1010000 		.section	.debug_str,"MS",%progbits,1
 1911      02004101 
 1911      00000201 
 1911      FB0E0D00 
 1911      01010101 
 1912              	.LASF36:
 1913 0000 705F6D73 		.ascii	"p_msg\000"
 1913      6700
 1914              	.LASF68:
 1915 0006 71756575 		.ascii	"queue_insert\000"
 1915      655F696E 
 1915      73657274 
 1915      00
 1916              	.LASF58:
 1917 0013 7264796D 		.ascii	"rdymsg\000"
 1917      736700
 1918              	.LASF11:
 1919 001a 6C6F6E67 		.ascii	"long long unsigned int\000"
 1919      206C6F6E 
 1919      6720756E 
 1919      7369676E 
 1919      65642069 
 1920              	.LASF59:
 1921 0031 65786974 		.ascii	"exitcode\000"
 1921      636F6465 
 1921      00
ARM GAS  /var/folders/dt/0wfd0knj7gs46m8vwfzktm600000gn/T//ccvXyZhj.s 			page 35


 1922              	.LASF24:
 1923 003a 705F7072 		.ascii	"p_prio\000"
 1923      696F00
 1924              	.LASF10:
 1925 0041 6C6F6E67 		.ascii	"long long int\000"
 1925      206C6F6E 
 1925      6720696E 
 1925      7400
 1926              	.LASF1:
 1927 004f 7369676E 		.ascii	"signed char\000"
 1927      65642063 
 1927      68617200 
 1928              	.LASF40:
 1929 005b 705F6D70 		.ascii	"p_mpool\000"
 1929      6F6F6C00 
 1930              	.LASF55:
 1931 0063 6D5F7175 		.ascii	"m_queue\000"
 1931      65756500 
 1932              	.LASF16:
 1933 006b 74736C69 		.ascii	"tslices_t\000"
 1933      6365735F 
 1933      7400
 1934              	.LASF7:
 1935 0075 6C6F6E67 		.ascii	"long int\000"
 1935      20696E74 
 1935      00
 1936              	.LASF67:
 1937 007e 2F557365 		.ascii	"/Users/toxygen/dev/chibi/ChibiOS_2.6.1/demos/ARMCM3"
 1937      72732F74 
 1937      6F787967 
 1937      656E2F64 
 1937      65762F63 
 1938 00b1 2D53544D 		.ascii	"-STM32F107\000"
 1938      33324631 
 1938      303700
 1939              	.LASF63:
 1940 00bc 63684D73 		.ascii	"chMsgSend\000"
 1940      6753656E 
 1940      6400
 1941              	.LASF14:
 1942 00c6 74737461 		.ascii	"tstate_t\000"
 1942      74655F74 
 1942      00
 1943              	.LASF26:
 1944 00cf 705F6E65 		.ascii	"p_newer\000"
 1944      77657200 
 1945              	.LASF50:
 1946 00d7 725F6E65 		.ascii	"r_newer\000"
 1946      77657200 
 1947              	.LASF43:
 1948 00df 72656761 		.ascii	"regarm_t\000"
 1948      726D5F74 
 1948      00
 1949              	.LASF0:
 1950 00e8 756E7369 		.ascii	"unsigned int\000"
 1950      676E6564 
 1950      20696E74 
ARM GAS  /var/folders/dt/0wfd0knj7gs46m8vwfzktm600000gn/T//ccvXyZhj.s 			page 36


 1950      00
 1951              	.LASF9:
 1952 00f5 6C6F6E67 		.ascii	"long unsigned int\000"
 1952      20756E73 
 1952      69676E65 
 1952      6420696E 
 1952      7400
 1953              	.LASF45:
 1954 0107 636F6E74 		.ascii	"context\000"
 1954      65787400 
 1955              	.LASF4:
 1956 010f 73686F72 		.ascii	"short unsigned int\000"
 1956      7420756E 
 1956      7369676E 
 1956      65642069 
 1956      6E7400
 1957              	.LASF18:
 1958 0122 6D73675F 		.ascii	"msg_t\000"
 1958      7400
 1959              	.LASF13:
 1960 0128 746D6F64 		.ascii	"tmode_t\000"
 1960      655F7400 
 1961              	.LASF42:
 1962 0130 54687265 		.ascii	"ThreadsList\000"
 1962      6164734C 
 1962      69737400 
 1963              	.LASF19:
 1964 013c 6576656E 		.ascii	"eventmask_t\000"
 1964      746D6173 
 1964      6B5F7400 
 1965              	.LASF54:
 1966 0148 4D757465 		.ascii	"Mutex\000"
 1966      7800
 1967              	.LASF46:
 1968 014e 73697A65 		.ascii	"sizetype\000"
 1968      74797065 
 1968      00
 1969              	.LASF27:
 1970 0157 705F6F6C 		.ascii	"p_older\000"
 1970      64657200 
 1971              	.LASF49:
 1972 015f 725F6374 		.ascii	"r_ctx\000"
 1972      7800
 1973              	.LASF41:
 1974 0165 54687265 		.ascii	"ThreadsQueue\000"
 1974      61647351 
 1974      75657565 
 1974      00
 1975              	.LASF65:
 1976 0172 474E5520 		.ascii	"GNU C 4.7.2\000"
 1976      4320342E 
 1976      372E3200 
 1977              	.LASF52:
 1978 017e 725F6375 		.ascii	"r_current\000"
 1978      7272656E 
 1978      7400
 1979              	.LASF51:
ARM GAS  /var/folders/dt/0wfd0knj7gs46m8vwfzktm600000gn/T//ccvXyZhj.s 			page 37


 1980 0188 725F6F6C 		.ascii	"r_older\000"
 1980      64657200 
 1981              	.LASF15:
 1982 0190 74726566 		.ascii	"trefs_t\000"
 1982      735F7400 
 1983              	.LASF23:
 1984 0198 705F7072 		.ascii	"p_prev\000"
 1984      657600
 1985              	.LASF17:
 1986 019f 74707269 		.ascii	"tprio_t\000"
 1986      6F5F7400 
 1987              	.LASF12:
 1988 01a7 5F426F6F 		.ascii	"_Bool\000"
 1988      6C00
 1989              	.LASF6:
 1990 01ad 696E7433 		.ascii	"int32_t\000"
 1990      325F7400 
 1991              	.LASF2:
 1992 01b5 756E7369 		.ascii	"unsigned char\000"
 1992      676E6564 
 1992      20636861 
 1992      7200
 1993              	.LASF38:
 1994 01c3 705F6D74 		.ascii	"p_mtxlist\000"
 1994      786C6973 
 1994      7400
 1995              	.LASF3:
 1996 01cd 73686F72 		.ascii	"short int\000"
 1996      7420696E 
 1996      7400
 1997              	.LASF29:
 1998 01d7 705F7374 		.ascii	"p_state\000"
 1998      61746500 
 1999              	.LASF32:
 2000 01df 705F7072 		.ascii	"p_preempt\000"
 2000      65656D70 
 2000      7400
 2001              	.LASF48:
 2002 01e9 725F7072 		.ascii	"r_prio\000"
 2002      696F00
 2003              	.LASF61:
 2004 01f0 65776D61 		.ascii	"ewmask\000"
 2004      736B00
 2005              	.LASF22:
 2006 01f7 705F6E65 		.ascii	"p_next\000"
 2006      787400
 2007              	.LASF30:
 2008 01fe 705F666C 		.ascii	"p_flags\000"
 2008      61677300 
 2009              	.LASF21:
 2010 0206 54687265 		.ascii	"Thread\000"
 2010      616400
 2011              	.LASF70:
 2012 020d 63684D73 		.ascii	"chMsgRelease\000"
 2012      6752656C 
 2012      65617365 
 2012      00
ARM GAS  /var/folders/dt/0wfd0knj7gs46m8vwfzktm600000gn/T//ccvXyZhj.s 			page 38


 2013              	.LASF72:
 2014 021a 63685363 		.ascii	"chSchGoSleepS\000"
 2014      68476F53 
 2014      6C656570 
 2014      5300
 2015              	.LASF37:
 2016 0228 705F6570 		.ascii	"p_epending\000"
 2016      656E6469 
 2016      6E6700
 2017              	.LASF8:
 2018 0233 75696E74 		.ascii	"uint32_t\000"
 2018      33325F74 
 2018      00
 2019              	.LASF47:
 2020 023c 725F7175 		.ascii	"r_queue\000"
 2020      65756500 
 2021              	.LASF73:
 2022 0244 63685363 		.ascii	"chSchReadyI\000"
 2022      68526561 
 2022      64794900 
 2023              	.LASF62:
 2024 0250 63686172 		.ascii	"char\000"
 2024      00
 2025              	.LASF69:
 2026 0255 6669666F 		.ascii	"fifo_remove\000"
 2026      5F72656D 
 2026      6F766500 
 2027              	.LASF57:
 2028 0261 6D5F6E65 		.ascii	"m_next\000"
 2028      787400
 2029              	.LASF20:
 2030 0268 73797374 		.ascii	"systime_t\000"
 2030      696D655F 
 2030      7400
 2031              	.LASF39:
 2032 0272 705F7265 		.ascii	"p_realprio\000"
 2032      616C7072 
 2032      696F00
 2033              	.LASF33:
 2034 027d 705F7469 		.ascii	"p_time\000"
 2034      6D6500
 2035              	.LASF44:
 2036 0284 696E7463 		.ascii	"intctx\000"
 2036      747800
 2037              	.LASF35:
 2038 028b 705F6D73 		.ascii	"p_msgqueue\000"
 2038      67717565 
 2038      756500
 2039              	.LASF74:
 2040 0296 63685363 		.ascii	"chSchWakeupS\000"
 2040      6857616B 
 2040      65757053 
 2040      00
 2041              	.LASF64:
 2042 02a3 63684D73 		.ascii	"chMsgWait\000"
 2042      67576169 
 2042      7400
ARM GAS  /var/folders/dt/0wfd0knj7gs46m8vwfzktm600000gn/T//ccvXyZhj.s 			page 39


 2043              	.LASF31:
 2044 02ad 705F7265 		.ascii	"p_refs\000"
 2044      667300
 2045              	.LASF53:
 2046 02b4 52656164 		.ascii	"ReadyList\000"
 2046      794C6973 
 2046      7400
 2047              	.LASF71:
 2048 02be 726C6973 		.ascii	"rlist\000"
 2048      7400
 2049              	.LASF5:
 2050 02c4 75696E74 		.ascii	"uint8_t\000"
 2050      385F7400 
 2051              	.LASF60:
 2052 02cc 77746F62 		.ascii	"wtobjp\000"
 2052      6A7000
 2053              	.LASF28:
 2054 02d3 705F6E61 		.ascii	"p_name\000"
 2054      6D6500
 2055              	.LASF66:
 2056 02da 2E2E2F2E 		.ascii	"../../os/kernel/src/chmsg.c\000"
 2056      2E2F6F73 
 2056      2F6B6572 
 2056      6E656C2F 
 2056      7372632F 
 2057              	.LASF56:
 2058 02f6 6D5F6F77 		.ascii	"m_owner\000"
 2058      6E657200 
 2059              	.LASF25:
 2060 02fe 705F6374 		.ascii	"p_ctx\000"
 2060      7800
 2061              	.LASF34:
 2062 0304 705F7761 		.ascii	"p_waiting\000"
 2062      6974696E 
 2062      6700
 2063              		.ident	"GCC: (GNU) 4.7.2"
ARM GAS  /var/folders/dt/0wfd0knj7gs46m8vwfzktm600000gn/T//ccvXyZhj.s 			page 40


DEFINED SYMBOLS
                            *ABS*:0000000000000000 chmsg.c
/var/folders/dt/0wfd0knj7gs46m8vwfzktm600000gn/T//ccvXyZhj.s:19     .text.chMsgSend:0000000000000000 $t
/var/folders/dt/0wfd0knj7gs46m8vwfzktm600000gn/T//ccvXyZhj.s:25     .text.chMsgSend:0000000000000000 chMsgSend
/var/folders/dt/0wfd0knj7gs46m8vwfzktm600000gn/T//ccvXyZhj.s:119    .text.chMsgSend:000000000000003c $d
/var/folders/dt/0wfd0knj7gs46m8vwfzktm600000gn/T//ccvXyZhj.s:124    .text.chMsgWait:0000000000000000 $t
/var/folders/dt/0wfd0knj7gs46m8vwfzktm600000gn/T//ccvXyZhj.s:130    .text.chMsgWait:0000000000000000 chMsgWait
/var/folders/dt/0wfd0knj7gs46m8vwfzktm600000gn/T//ccvXyZhj.s:197    .text.chMsgWait:0000000000000038 $d
/var/folders/dt/0wfd0knj7gs46m8vwfzktm600000gn/T//ccvXyZhj.s:202    .text.chMsgRelease:0000000000000000 $t
/var/folders/dt/0wfd0knj7gs46m8vwfzktm600000gn/T//ccvXyZhj.s:208    .text.chMsgRelease:0000000000000000 chMsgRelease
                     .debug_frame:0000000000000010 $d
/var/folders/dt/0wfd0knj7gs46m8vwfzktm600000gn/T//ccvXyZhj.s:201    .text.chMsgWait:000000000000003c $t

UNDEFINED SYMBOLS
chSchGoSleepS
chSchReadyI
rlist
chSchWakeupS
