ARM GAS  /var/folders/dt/0wfd0knj7gs46m8vwfzktm600000gn/T//ccsSoSP6.s 			page 1


   1              		.syntax unified
   2              		.cpu cortex-m3
   3              		.fpu softvfp
   4              		.eabi_attribute 20, 1
   5              		.eabi_attribute 21, 1
   6              		.eabi_attribute 23, 3
   7              		.eabi_attribute 24, 1
   8              		.eabi_attribute 25, 1
   9              		.eabi_attribute 26, 1
  10              		.eabi_attribute 30, 2
  11              		.eabi_attribute 34, 1
  12              		.eabi_attribute 18, 4
  13              		.thumb
  14              		.file	"chregistry.c"
  15              		.text
  16              	.Ltext0:
  17              		.cfi_sections	.debug_frame
  18              		.section	.text.chRegFirstThread,"ax",%progbits
  19              		.align	2
  20              		.p2align 4,,15
  21              		.global	chRegFirstThread
  22              		.thumb
  23              		.thumb_func
  24              		.type	chRegFirstThread, %function
  25              	chRegFirstThread:
  26              	.LFB7:
  27              		.file 1 "../../os/kernel/src/chregistry.c"
  28              		.loc 1 117 0
  29              		.cfi_startproc
  30              		@ args = 0, pretend = 0, frame = 0
  31              		@ frame_needed = 0, uses_anonymous_args = 0
  32              		@ link register save eliminated.
  33              	.LBB2:
  34              		.loc 1 120 0
  35 0000 2023     		movs	r3, #32
  36              	.LVL0:
  37              	@ 120 "../../os/kernel/src/chregistry.c" 1
  38 0002 83F31188 		msr     BASEPRI, r3
  39              	@ 0 "" 2
  40              	.LVL1:
  41              		.thumb
  42              	.LBE2:
  43              		.loc 1 121 0
  44 0006 40F20003 		movw	r3, #:lower16:rlist
  45              	.LVL2:
  46 000a C0F20003 		movt	r3, #:upper16:rlist
  47 000e 1869     		ldr	r0, [r3, #16]
  48              	.LVL3:
  49              	.LBB3:
  50              		.loc 1 125 0
  51 0010 0023     		movs	r3, #0
  52              	.LVL4:
  53              	.LBE3:
  54              		.loc 1 123 0
  55 0012 827F     		ldrb	r2, [r0, #30]	@ zero_extendqisi2
  56 0014 0132     		adds	r2, r2, #1
  57 0016 8277     		strb	r2, [r0, #30]
ARM GAS  /var/folders/dt/0wfd0knj7gs46m8vwfzktm600000gn/T//ccsSoSP6.s 			page 2


  58              	.LBB4:
  59              		.loc 1 125 0
  60              	@ 125 "../../os/kernel/src/chregistry.c" 1
  61 0018 83F31188 		msr     BASEPRI, r3
  62              	@ 0 "" 2
  63              	.LVL5:
  64              		.thumb
  65              	.LBE4:
  66              		.loc 1 127 0
  67 001c 7047     		bx	lr
  68              		.cfi_endproc
  69              	.LFE7:
  70              		.size	chRegFirstThread, .-chRegFirstThread
  71 001e 00BF     		.section	.text.chRegNextThread,"ax",%progbits
  72              		.align	2
  73              		.p2align 4,,15
  74              		.global	chRegNextThread
  75              		.thumb
  76              		.thumb_func
  77              		.type	chRegNextThread, %function
  78              	chRegNextThread:
  79              	.LFB8:
  80              		.loc 1 140 0
  81              		.cfi_startproc
  82              		@ args = 0, pretend = 0, frame = 0
  83              		@ frame_needed = 0, uses_anonymous_args = 0
  84              	.LVL6:
  85 0000 10B5     		push	{r4, lr}
  86              	.LCFI0:
  87              		.cfi_def_cfa_offset 8
  88              		.cfi_offset 4, -8
  89              		.cfi_offset 14, -4
  90              	.LBB5:
  91              		.loc 1 143 0
  92 0002 2023     		movs	r3, #32
  93              	.LVL7:
  94              	@ 143 "../../os/kernel/src/chregistry.c" 1
  95 0004 83F31188 		msr     BASEPRI, r3
  96              	@ 0 "" 2
  97              	.LVL8:
  98              		.thumb
  99              	.LBE5:
 100              		.loc 1 145 0
 101 0008 074B     		ldr	r3, .L6
 102              	.LVL9:
 103              		.loc 1 144 0
 104 000a 0469     		ldr	r4, [r0, #16]
 105              	.LVL10:
 106              		.loc 1 145 0
 107 000c 9C42     		cmp	r4, r3
 108 000e 09D0     		beq	.L4
 109              		.loc 1 151 0
 110 0010 A37F     		ldrb	r3, [r4, #30]	@ zero_extendqisi2
 111 0012 0133     		adds	r3, r3, #1
 112 0014 A377     		strb	r3, [r4, #30]
 113              	.LVL11:
 114              	.L3:
ARM GAS  /var/folders/dt/0wfd0knj7gs46m8vwfzktm600000gn/T//ccsSoSP6.s 			page 3


 115              	.LBB6:
 116              		.loc 1 154 0
 117 0016 0023     		movs	r3, #0
 118              	.LVL12:
 119              	@ 154 "../../os/kernel/src/chregistry.c" 1
 120 0018 83F31188 		msr     BASEPRI, r3
 121              	@ 0 "" 2
 122              	.LVL13:
 123              		.thumb
 124              	.LBE6:
 125              		.loc 1 156 0
 126 001c FFF7FEFF 		bl	chThdRelease
 127              	.LVL14:
 128              		.loc 1 159 0
 129 0020 2046     		mov	r0, r4
 130 0022 10BD     		pop	{r4, pc}
 131              	.LVL15:
 132              	.L4:
 133              		.loc 1 146 0
 134 0024 0024     		movs	r4, #0
 135              	.LVL16:
 136 0026 F6E7     		b	.L3
 137              	.L7:
 138              		.align	2
 139              	.L6:
 140 0028 00000000 		.word	rlist
 141              		.cfi_endproc
 142              	.LFE8:
 143              		.size	chRegNextThread, .-chRegNextThread
 144              		.global	ch_debug
 145 002c AFF30080 		.section	.rodata.ch_debug,"a",%progbits
 146              		.align	2
 147              		.type	ch_debug, %object
 148              		.size	ch_debug, 22
 149              	ch_debug:
 150 0000 6D61696E 		.ascii	"main"
 151 0004 00       		.byte	0
 152 0005 16       		.byte	22
 153 0006 8111     		.short	4481
 154 0008 04       		.byte	4
 155 0009 04       		.byte	4
 156 000a 48       		.byte	72
 157 000b 08       		.byte	8
 158 000c 0C       		.byte	12
 159 000d 10       		.byte	16
 160 000e 14       		.byte	20
 161 000f 18       		.byte	24
 162 0010 00       		.byte	0
 163 0011 1C       		.byte	28
 164 0012 1D       		.byte	29
 165 0013 1E       		.byte	30
 166 0014 1F       		.byte	31
 167 0015 20       		.byte	32
 168 0016 0000     		.text
 169              	.Letext0:
 170              		.file 2 "/Users/toxygen/Applications/yagarto-4.7.2/bin/../lib/gcc/arm-none-eabi/4.7.2/include/stdd
 171              		.file 3 "/Users/toxygen/Applications/yagarto-4.7.2/bin/../lib/gcc/arm-none-eabi/4.7.2/../../../../
ARM GAS  /var/folders/dt/0wfd0knj7gs46m8vwfzktm600000gn/T//ccsSoSP6.s 			page 4


 172              		.file 4 "../../os/ports/GCC/ARMCMx/chtypes.h"
 173              		.file 5 "../../os/kernel/include/chlists.h"
 174              		.file 6 "../../os/kernel/include/chthreads.h"
 175              		.file 7 "../../os/ports/GCC/ARMCMx/chcore_v7m.h"
 176              		.file 8 "../../os/kernel/include/chschd.h"
 177              		.file 9 "../../os/kernel/include/chmtx.h"
 178              		.file 10 "../../os/kernel/include/chregistry.h"
 179              		.file 11 "../../os/kernel/include/chdynamic.h"
 180              		.section	.debug_info,"",%progbits
 181              	.Ldebug_info0:
 182 0000 80060000 		.4byte	0x680
 183 0004 0200     		.2byte	0x2
 184 0006 00000000 		.4byte	.Ldebug_abbrev0
 185 000a 04       		.byte	0x4
 186 000b 01       		.uleb128 0x1
 187 000c 16020000 		.4byte	.LASF88
 188 0010 01       		.byte	0x1
 189 0011 63030000 		.4byte	.LASF89
 190 0015 CE000000 		.4byte	.LASF90
 191 0019 18000000 		.4byte	.Ldebug_ranges0+0x18
 192 001d 00000000 		.4byte	0
 193 0021 00000000 		.4byte	0
 194 0025 00000000 		.4byte	.Ldebug_line0
 195 0029 02       		.uleb128 0x2
 196 002a 04       		.byte	0x4
 197 002b 05       		.byte	0x5
 198 002c 696E7400 		.ascii	"int\000"
 199 0030 03       		.uleb128 0x3
 200 0031 13000000 		.4byte	.LASF2
 201 0035 02       		.byte	0x2
 202 0036 D5       		.byte	0xd5
 203 0037 3B000000 		.4byte	0x3b
 204 003b 04       		.uleb128 0x4
 205 003c 04       		.byte	0x4
 206 003d 07       		.byte	0x7
 207 003e 41010000 		.4byte	.LASF0
 208 0042 04       		.uleb128 0x4
 209 0043 01       		.byte	0x1
 210 0044 06       		.byte	0x6
 211 0045 82000000 		.4byte	.LASF1
 212 0049 03       		.uleb128 0x3
 213 004a A6030000 		.4byte	.LASF3
 214 004e 03       		.byte	0x3
 215 004f 2A       		.byte	0x2a
 216 0050 54000000 		.4byte	0x54
 217 0054 04       		.uleb128 0x4
 218 0055 01       		.byte	0x1
 219 0056 08       		.byte	0x8
 220 0057 64020000 		.4byte	.LASF4
 221 005b 04       		.uleb128 0x4
 222 005c 02       		.byte	0x2
 223 005d 05       		.byte	0x5
 224 005e 7C020000 		.4byte	.LASF5
 225 0062 03       		.uleb128 0x3
 226 0063 15010000 		.4byte	.LASF6
 227 0067 03       		.byte	0x3
 228 0068 36       		.byte	0x36
ARM GAS  /var/folders/dt/0wfd0knj7gs46m8vwfzktm600000gn/T//ccsSoSP6.s 			page 5


 229 0069 6D000000 		.4byte	0x6d
 230 006d 04       		.uleb128 0x4
 231 006e 02       		.byte	0x2
 232 006f 07       		.byte	0x7
 233 0070 7F010000 		.4byte	.LASF7
 234 0074 03       		.uleb128 0x3
 235 0075 5C020000 		.4byte	.LASF8
 236 0079 03       		.byte	0x3
 237 007a 4F       		.byte	0x4f
 238 007b 7F000000 		.4byte	0x7f
 239 007f 04       		.uleb128 0x4
 240 0080 04       		.byte	0x4
 241 0081 05       		.byte	0x5
 242 0082 C5000000 		.4byte	.LASF9
 243 0086 03       		.uleb128 0x3
 244 0087 FC020000 		.4byte	.LASF10
 245 008b 03       		.byte	0x3
 246 008c 50       		.byte	0x50
 247 008d 91000000 		.4byte	0x91
 248 0091 04       		.uleb128 0x4
 249 0092 04       		.byte	0x4
 250 0093 07       		.byte	0x7
 251 0094 4E010000 		.4byte	.LASF11
 252 0098 04       		.uleb128 0x4
 253 0099 08       		.byte	0x8
 254 009a 05       		.byte	0x5
 255 009b 74000000 		.4byte	.LASF12
 256 009f 04       		.uleb128 0x4
 257 00a0 08       		.byte	0x8
 258 00a1 07       		.byte	0x7
 259 00a2 21000000 		.4byte	.LASF13
 260 00a6 04       		.uleb128 0x4
 261 00a7 01       		.byte	0x1
 262 00a8 02       		.byte	0x2
 263 00a9 56020000 		.4byte	.LASF14
 264 00ad 03       		.uleb128 0x3
 265 00ae 98010000 		.4byte	.LASF15
 266 00b2 04       		.byte	0x4
 267 00b3 2C       		.byte	0x2c
 268 00b4 49000000 		.4byte	0x49
 269 00b8 03       		.uleb128 0x3
 270 00b9 0C010000 		.4byte	.LASF16
 271 00bd 04       		.byte	0x4
 272 00be 2D       		.byte	0x2d
 273 00bf 49000000 		.4byte	0x49
 274 00c3 03       		.uleb128 0x3
 275 00c4 34020000 		.4byte	.LASF17
 276 00c8 04       		.byte	0x4
 277 00c9 2E       		.byte	0x2e
 278 00ca 49000000 		.4byte	0x49
 279 00ce 03       		.uleb128 0x3
 280 00cf BB000000 		.4byte	.LASF18
 281 00d3 04       		.byte	0x4
 282 00d4 2F       		.byte	0x2f
 283 00d5 49000000 		.4byte	0x49
 284 00d9 03       		.uleb128 0x3
 285 00da 4E020000 		.4byte	.LASF19
ARM GAS  /var/folders/dt/0wfd0knj7gs46m8vwfzktm600000gn/T//ccsSoSP6.s 			page 6


 286 00de 04       		.byte	0x4
 287 00df 30       		.byte	0x30
 288 00e0 86000000 		.4byte	0x86
 289 00e4 03       		.uleb128 0x3
 290 00e5 92010000 		.4byte	.LASF20
 291 00e9 04       		.byte	0x4
 292 00ea 31       		.byte	0x31
 293 00eb 74000000 		.4byte	0x74
 294 00ef 03       		.uleb128 0x3
 295 00f0 AC010000 		.4byte	.LASF21
 296 00f4 04       		.byte	0x4
 297 00f5 33       		.byte	0x33
 298 00f6 86000000 		.4byte	0x86
 299 00fa 03       		.uleb128 0x3
 300 00fb 35030000 		.4byte	.LASF22
 301 00ff 04       		.byte	0x4
 302 0100 35       		.byte	0x35
 303 0101 86000000 		.4byte	0x86
 304 0105 03       		.uleb128 0x3
 305 0106 DD020000 		.4byte	.LASF23
 306 010a 05       		.byte	0x5
 307 010b 2A       		.byte	0x2a
 308 010c 10010000 		.4byte	0x110
 309 0110 05       		.uleb128 0x5
 310 0111 DD020000 		.4byte	.LASF23
 311 0115 48       		.byte	0x48
 312 0116 06       		.byte	0x6
 313 0117 5E       		.byte	0x5e
 314 0118 35020000 		.4byte	0x235
 315 011c 06       		.uleb128 0x6
 316 011d B2020000 		.4byte	.LASF24
 317 0121 06       		.byte	0x6
 318 0122 5F       		.byte	0x5f
 319 0123 5A020000 		.4byte	0x25a
 320 0127 02       		.byte	0x2
 321 0128 23       		.byte	0x23
 322 0129 00       		.uleb128 0
 323 012a 06       		.uleb128 0x6
 324 012b 47020000 		.4byte	.LASF25
 325 012f 06       		.byte	0x6
 326 0130 61       		.byte	0x61
 327 0131 5A020000 		.4byte	0x25a
 328 0135 02       		.byte	0x2
 329 0136 23       		.byte	0x23
 330 0137 04       		.uleb128 0x4
 331 0138 06       		.uleb128 0x6
 332 0139 60000000 		.4byte	.LASF26
 333 013d 06       		.byte	0x6
 334 013e 63       		.byte	0x63
 335 013f D9000000 		.4byte	0xd9
 336 0143 02       		.byte	0x2
 337 0144 23       		.byte	0x23
 338 0145 08       		.uleb128 0x8
 339 0146 06       		.uleb128 0x6
 340 0147 CF030000 		.4byte	.LASF27
 341 014b 06       		.byte	0x6
 342 014c 64       		.byte	0x64
ARM GAS  /var/folders/dt/0wfd0knj7gs46m8vwfzktm600000gn/T//ccsSoSP6.s 			page 7


 343 014d 28030000 		.4byte	0x328
 344 0151 02       		.byte	0x2
 345 0152 23       		.byte	0x23
 346 0153 0C       		.uleb128 0xc
 347 0154 06       		.uleb128 0x6
 348 0155 28010000 		.4byte	.LASF28
 349 0159 06       		.byte	0x6
 350 015a 66       		.byte	0x66
 351 015b 5A020000 		.4byte	0x25a
 352 015f 02       		.byte	0x2
 353 0160 23       		.byte	0x23
 354 0161 10       		.uleb128 0x10
 355 0162 06       		.uleb128 0x6
 356 0163 F3010000 		.4byte	.LASF29
 357 0167 06       		.byte	0x6
 358 0168 67       		.byte	0x67
 359 0169 5A020000 		.4byte	0x25a
 360 016d 02       		.byte	0x2
 361 016e 23       		.byte	0x23
 362 016f 14       		.uleb128 0x14
 363 0170 06       		.uleb128 0x6
 364 0171 B5030000 		.4byte	.LASF30
 365 0175 06       		.byte	0x6
 366 0176 6E       		.byte	0x6e
 367 0177 3C040000 		.4byte	0x43c
 368 017b 02       		.byte	0x2
 369 017c 23       		.byte	0x23
 370 017d 18       		.uleb128 0x18
 371 017e 06       		.uleb128 0x6
 372 017f 86020000 		.4byte	.LASF31
 373 0183 06       		.byte	0x6
 374 0184 79       		.byte	0x79
 375 0185 B8000000 		.4byte	0xb8
 376 0189 02       		.byte	0x2
 377 018a 23       		.byte	0x23
 378 018b 1C       		.uleb128 0x1c
 379 018c 06       		.uleb128 0x6
 380 018d C8020000 		.4byte	.LASF32
 381 0191 06       		.byte	0x6
 382 0192 7D       		.byte	0x7d
 383 0193 AD000000 		.4byte	0xad
 384 0197 02       		.byte	0x2
 385 0198 23       		.byte	0x23
 386 0199 1D       		.uleb128 0x1d
 387 019a 06       		.uleb128 0x6
 388 019b 8F030000 		.4byte	.LASF33
 389 019f 06       		.byte	0x6
 390 01a0 82       		.byte	0x82
 391 01a1 C3000000 		.4byte	0xc3
 392 01a5 02       		.byte	0x2
 393 01a6 23       		.byte	0x23
 394 01a7 1E       		.uleb128 0x1e
 395 01a8 06       		.uleb128 0x6
 396 01a9 8E020000 		.4byte	.LASF34
 397 01ad 06       		.byte	0x6
 398 01ae 88       		.byte	0x88
 399 01af CE000000 		.4byte	0xce
ARM GAS  /var/folders/dt/0wfd0knj7gs46m8vwfzktm600000gn/T//ccsSoSP6.s 			page 8


 400 01b3 02       		.byte	0x2
 401 01b4 23       		.byte	0x23
 402 01b5 1F       		.uleb128 0x1f
 403 01b6 06       		.uleb128 0x6
 404 01b7 4A030000 		.4byte	.LASF35
 405 01bb 06       		.byte	0x6
 406 01bc 8F       		.byte	0x8f
 407 01bd 52030000 		.4byte	0x352
 408 01c1 02       		.byte	0x2
 409 01c2 23       		.byte	0x23
 410 01c3 20       		.uleb128 0x20
 411 01c4 07       		.uleb128 0x7
 412 01c5 705F7500 		.ascii	"p_u\000"
 413 01c9 06       		.byte	0x6
 414 01ca B4       		.byte	0xb4
 415 01cb 07040000 		.4byte	0x407
 416 01cf 02       		.byte	0x2
 417 01d0 23       		.byte	0x23
 418 01d1 24       		.uleb128 0x24
 419 01d2 06       		.uleb128 0x6
 420 01d3 D5030000 		.4byte	.LASF36
 421 01d7 06       		.byte	0x6
 422 01d8 B9       		.byte	0xb9
 423 01d9 82020000 		.4byte	0x282
 424 01dd 02       		.byte	0x2
 425 01de 23       		.byte	0x23
 426 01df 28       		.uleb128 0x28
 427 01e0 06       		.uleb128 0x6
 428 01e1 58030000 		.4byte	.LASF37
 429 01e5 06       		.byte	0x6
 430 01e6 BF       		.byte	0xbf
 431 01e7 60020000 		.4byte	0x260
 432 01eb 02       		.byte	0x2
 433 01ec 23       		.byte	0x23
 434 01ed 2C       		.uleb128 0x2c
 435 01ee 06       		.uleb128 0x6
 436 01ef 0D000000 		.4byte	.LASF38
 437 01f3 06       		.byte	0x6
 438 01f4 C3       		.byte	0xc3
 439 01f5 E4000000 		.4byte	0xe4
 440 01f9 02       		.byte	0x2
 441 01fa 23       		.byte	0x23
 442 01fb 34       		.uleb128 0x34
 443 01fc 06       		.uleb128 0x6
 444 01fd F1020000 		.4byte	.LASF39
 445 0201 06       		.byte	0x6
 446 0202 C9       		.byte	0xc9
 447 0203 EF000000 		.4byte	0xef
 448 0207 02       		.byte	0x2
 449 0208 23       		.byte	0x23
 450 0209 38       		.uleb128 0x38
 451 020a 06       		.uleb128 0x6
 452 020b 72020000 		.4byte	.LASF40
 453 020f 06       		.byte	0x6
 454 0210 D0       		.byte	0xd0
 455 0211 4E040000 		.4byte	0x44e
 456 0215 02       		.byte	0x2
ARM GAS  /var/folders/dt/0wfd0knj7gs46m8vwfzktm600000gn/T//ccsSoSP6.s 			page 9


 457 0216 23       		.byte	0x23
 458 0217 3C       		.uleb128 0x3c
 459 0218 06       		.uleb128 0x6
 460 0219 3F030000 		.4byte	.LASF41
 461 021d 06       		.byte	0x6
 462 021e D4       		.byte	0xd4
 463 021f D9000000 		.4byte	0xd9
 464 0223 02       		.byte	0x2
 465 0224 23       		.byte	0x23
 466 0225 40       		.uleb128 0x40
 467 0226 06       		.uleb128 0x6
 468 0227 AB000000 		.4byte	.LASF42
 469 022b 06       		.byte	0x6
 470 022c DA       		.byte	0xda
 471 022d 98020000 		.4byte	0x298
 472 0231 02       		.byte	0x2
 473 0232 23       		.byte	0x23
 474 0233 44       		.uleb128 0x44
 475 0234 00       		.byte	0
 476 0235 08       		.uleb128 0x8
 477 0236 08       		.byte	0x8
 478 0237 05       		.byte	0x5
 479 0238 61       		.byte	0x61
 480 0239 5A020000 		.4byte	0x25a
 481 023d 06       		.uleb128 0x6
 482 023e B2020000 		.4byte	.LASF24
 483 0242 05       		.byte	0x5
 484 0243 62       		.byte	0x62
 485 0244 5A020000 		.4byte	0x25a
 486 0248 02       		.byte	0x2
 487 0249 23       		.byte	0x23
 488 024a 00       		.uleb128 0
 489 024b 06       		.uleb128 0x6
 490 024c 47020000 		.4byte	.LASF25
 491 0250 05       		.byte	0x5
 492 0251 64       		.byte	0x64
 493 0252 5A020000 		.4byte	0x25a
 494 0256 02       		.byte	0x2
 495 0257 23       		.byte	0x23
 496 0258 04       		.uleb128 0x4
 497 0259 00       		.byte	0
 498 025a 09       		.uleb128 0x9
 499 025b 04       		.byte	0x4
 500 025c 05010000 		.4byte	0x105
 501 0260 03       		.uleb128 0x3
 502 0261 01020000 		.4byte	.LASF43
 503 0265 05       		.byte	0x5
 504 0266 66       		.byte	0x66
 505 0267 35020000 		.4byte	0x235
 506 026b 08       		.uleb128 0x8
 507 026c 04       		.byte	0x4
 508 026d 05       		.byte	0x5
 509 026e 6B       		.byte	0x6b
 510 026f 82020000 		.4byte	0x282
 511 0273 06       		.uleb128 0x6
 512 0274 B2020000 		.4byte	.LASF24
 513 0278 05       		.byte	0x5
ARM GAS  /var/folders/dt/0wfd0knj7gs46m8vwfzktm600000gn/T//ccsSoSP6.s 			page 10


 514 0279 6D       		.byte	0x6d
 515 027a 5A020000 		.4byte	0x25a
 516 027e 02       		.byte	0x2
 517 027f 23       		.byte	0x23
 518 0280 00       		.uleb128 0
 519 0281 00       		.byte	0
 520 0282 03       		.uleb128 0x3
 521 0283 A0010000 		.4byte	.LASF44
 522 0287 05       		.byte	0x5
 523 0288 70       		.byte	0x70
 524 0289 6B020000 		.4byte	0x26b
 525 028d 03       		.uleb128 0x3
 526 028e 38010000 		.4byte	.LASF45
 527 0292 07       		.byte	0x7
 528 0293 E5       		.byte	0xe5
 529 0294 98020000 		.4byte	0x298
 530 0298 0A       		.uleb128 0xa
 531 0299 04       		.byte	0x4
 532 029a 0B       		.uleb128 0xb
 533 029b 51030000 		.4byte	.LASF46
 534 029f 24       		.byte	0x24
 535 02a0 07       		.byte	0x7
 536 02a1 0C01     		.2byte	0x10c
 537 02a3 28030000 		.4byte	0x328
 538 02a7 0C       		.uleb128 0xc
 539 02a8 723400   		.ascii	"r4\000"
 540 02ab 07       		.byte	0x7
 541 02ac 1F01     		.2byte	0x11f
 542 02ae 8D020000 		.4byte	0x28d
 543 02b2 02       		.byte	0x2
 544 02b3 23       		.byte	0x23
 545 02b4 00       		.uleb128 0
 546 02b5 0C       		.uleb128 0xc
 547 02b6 723500   		.ascii	"r5\000"
 548 02b9 07       		.byte	0x7
 549 02ba 2001     		.2byte	0x120
 550 02bc 8D020000 		.4byte	0x28d
 551 02c0 02       		.byte	0x2
 552 02c1 23       		.byte	0x23
 553 02c2 04       		.uleb128 0x4
 554 02c3 0C       		.uleb128 0xc
 555 02c4 723600   		.ascii	"r6\000"
 556 02c7 07       		.byte	0x7
 557 02c8 2101     		.2byte	0x121
 558 02ca 8D020000 		.4byte	0x28d
 559 02ce 02       		.byte	0x2
 560 02cf 23       		.byte	0x23
 561 02d0 08       		.uleb128 0x8
 562 02d1 0C       		.uleb128 0xc
 563 02d2 723700   		.ascii	"r7\000"
 564 02d5 07       		.byte	0x7
 565 02d6 2201     		.2byte	0x122
 566 02d8 8D020000 		.4byte	0x28d
 567 02dc 02       		.byte	0x2
 568 02dd 23       		.byte	0x23
 569 02de 0C       		.uleb128 0xc
 570 02df 0C       		.uleb128 0xc
ARM GAS  /var/folders/dt/0wfd0knj7gs46m8vwfzktm600000gn/T//ccsSoSP6.s 			page 11


 571 02e0 723800   		.ascii	"r8\000"
 572 02e3 07       		.byte	0x7
 573 02e4 2301     		.2byte	0x123
 574 02e6 8D020000 		.4byte	0x28d
 575 02ea 02       		.byte	0x2
 576 02eb 23       		.byte	0x23
 577 02ec 10       		.uleb128 0x10
 578 02ed 0C       		.uleb128 0xc
 579 02ee 723900   		.ascii	"r9\000"
 580 02f1 07       		.byte	0x7
 581 02f2 2401     		.2byte	0x124
 582 02f4 8D020000 		.4byte	0x28d
 583 02f8 02       		.byte	0x2
 584 02f9 23       		.byte	0x23
 585 02fa 14       		.uleb128 0x14
 586 02fb 0C       		.uleb128 0xc
 587 02fc 72313000 		.ascii	"r10\000"
 588 0300 07       		.byte	0x7
 589 0301 2501     		.2byte	0x125
 590 0303 8D020000 		.4byte	0x28d
 591 0307 02       		.byte	0x2
 592 0308 23       		.byte	0x23
 593 0309 18       		.uleb128 0x18
 594 030a 0C       		.uleb128 0xc
 595 030b 72313100 		.ascii	"r11\000"
 596 030f 07       		.byte	0x7
 597 0310 2601     		.2byte	0x126
 598 0312 8D020000 		.4byte	0x28d
 599 0316 02       		.byte	0x2
 600 0317 23       		.byte	0x23
 601 0318 1C       		.uleb128 0x1c
 602 0319 0C       		.uleb128 0xc
 603 031a 6C7200   		.ascii	"lr\000"
 604 031d 07       		.byte	0x7
 605 031e 2701     		.2byte	0x127
 606 0320 8D020000 		.4byte	0x28d
 607 0324 02       		.byte	0x2
 608 0325 23       		.byte	0x23
 609 0326 20       		.uleb128 0x20
 610 0327 00       		.byte	0
 611 0328 0B       		.uleb128 0xb
 612 0329 77010000 		.4byte	.LASF47
 613 032d 04       		.byte	0x4
 614 032e 07       		.byte	0x7
 615 032f 3101     		.2byte	0x131
 616 0331 45030000 		.4byte	0x345
 617 0335 0C       		.uleb128 0xc
 618 0336 72313300 		.ascii	"r13\000"
 619 033a 07       		.byte	0x7
 620 033b 3201     		.2byte	0x132
 621 033d 45030000 		.4byte	0x345
 622 0341 02       		.byte	0x2
 623 0342 23       		.byte	0x23
 624 0343 00       		.uleb128 0
 625 0344 00       		.byte	0
 626 0345 09       		.uleb128 0x9
 627 0346 04       		.byte	0x4
ARM GAS  /var/folders/dt/0wfd0knj7gs46m8vwfzktm600000gn/T//ccsSoSP6.s 			page 12


 628 0347 9A020000 		.4byte	0x29a
 629 034b 04       		.uleb128 0x4
 630 034c 04       		.byte	0x4
 631 034d 07       		.byte	0x7
 632 034e D2010000 		.4byte	.LASF48
 633 0352 0D       		.uleb128 0xd
 634 0353 FA000000 		.4byte	0xfa
 635 0357 08       		.uleb128 0x8
 636 0358 1C       		.byte	0x1c
 637 0359 08       		.byte	0x8
 638 035a 5E       		.byte	0x5e
 639 035b B4030000 		.4byte	0x3b4
 640 035f 06       		.uleb128 0x6
 641 0360 11030000 		.4byte	.LASF49
 642 0364 08       		.byte	0x8
 643 0365 5F       		.byte	0x5f
 644 0366 60020000 		.4byte	0x260
 645 036a 02       		.byte	0x2
 646 036b 23       		.byte	0x23
 647 036c 00       		.uleb128 0
 648 036d 06       		.uleb128 0x6
 649 036e A4020000 		.4byte	.LASF50
 650 0372 08       		.byte	0x8
 651 0373 60       		.byte	0x60
 652 0374 D9000000 		.4byte	0xd9
 653 0378 02       		.byte	0x2
 654 0379 23       		.byte	0x23
 655 037a 08       		.uleb128 0x8
 656 037b 06       		.uleb128 0x6
 657 037c FB010000 		.4byte	.LASF51
 658 0380 08       		.byte	0x8
 659 0381 62       		.byte	0x62
 660 0382 28030000 		.4byte	0x328
 661 0386 02       		.byte	0x2
 662 0387 23       		.byte	0x23
 663 0388 0C       		.uleb128 0xc
 664 0389 06       		.uleb128 0x6
 665 038a 30010000 		.4byte	.LASF52
 666 038e 08       		.byte	0x8
 667 038f 65       		.byte	0x65
 668 0390 5A020000 		.4byte	0x25a
 669 0394 02       		.byte	0x2
 670 0395 23       		.byte	0x23
 671 0396 10       		.uleb128 0x10
 672 0397 06       		.uleb128 0x6
 673 0398 2C020000 		.4byte	.LASF53
 674 039c 08       		.byte	0x8
 675 039d 66       		.byte	0x66
 676 039e 5A020000 		.4byte	0x25a
 677 03a2 02       		.byte	0x2
 678 03a3 23       		.byte	0x23
 679 03a4 14       		.uleb128 0x14
 680 03a5 06       		.uleb128 0x6
 681 03a6 22020000 		.4byte	.LASF54
 682 03aa 08       		.byte	0x8
 683 03ab 69       		.byte	0x69
 684 03ac 5A020000 		.4byte	0x25a
ARM GAS  /var/folders/dt/0wfd0knj7gs46m8vwfzktm600000gn/T//ccsSoSP6.s 			page 13


 685 03b0 02       		.byte	0x2
 686 03b1 23       		.byte	0x23
 687 03b2 18       		.uleb128 0x18
 688 03b3 00       		.byte	0
 689 03b4 03       		.uleb128 0x3
 690 03b5 96030000 		.4byte	.LASF55
 691 03b9 08       		.byte	0x8
 692 03ba 6B       		.byte	0x6b
 693 03bb 57030000 		.4byte	0x357
 694 03bf 05       		.uleb128 0x5
 695 03c0 B8010000 		.4byte	.LASF56
 696 03c4 10       		.byte	0x10
 697 03c5 09       		.byte	0x9
 698 03c6 2C       		.byte	0x2c
 699 03c7 F6030000 		.4byte	0x3f6
 700 03cb 06       		.uleb128 0x6
 701 03cc B3000000 		.4byte	.LASF57
 702 03d0 09       		.byte	0x9
 703 03d1 2D       		.byte	0x2d
 704 03d2 60020000 		.4byte	0x260
 705 03d6 02       		.byte	0x2
 706 03d7 23       		.byte	0x23
 707 03d8 00       		.uleb128 0
 708 03d9 06       		.uleb128 0x6
 709 03da C7030000 		.4byte	.LASF58
 710 03de 09       		.byte	0x9
 711 03df 2F       		.byte	0x2f
 712 03e0 5A020000 		.4byte	0x25a
 713 03e4 02       		.byte	0x2
 714 03e5 23       		.byte	0x23
 715 03e6 08       		.uleb128 0x8
 716 03e7 06       		.uleb128 0x6
 717 03e8 2E030000 		.4byte	.LASF59
 718 03ec 09       		.byte	0x9
 719 03ed 31       		.byte	0x31
 720 03ee F6030000 		.4byte	0x3f6
 721 03f2 02       		.byte	0x2
 722 03f3 23       		.byte	0x23
 723 03f4 0C       		.uleb128 0xc
 724 03f5 00       		.byte	0
 725 03f6 09       		.uleb128 0x9
 726 03f7 04       		.byte	0x4
 727 03f8 BF030000 		.4byte	0x3bf
 728 03fc 03       		.uleb128 0x3
 729 03fd B8010000 		.4byte	.LASF56
 730 0401 09       		.byte	0x9
 731 0402 33       		.byte	0x33
 732 0403 BF030000 		.4byte	0x3bf
 733 0407 0E       		.uleb128 0xe
 734 0408 04       		.byte	0x4
 735 0409 06       		.byte	0x6
 736 040a 96       		.byte	0x96
 737 040b 3C040000 		.4byte	0x43c
 738 040f 0F       		.uleb128 0xf
 739 0410 1A000000 		.4byte	.LASF60
 740 0414 06       		.byte	0x6
 741 0415 9D       		.byte	0x9d
ARM GAS  /var/folders/dt/0wfd0knj7gs46m8vwfzktm600000gn/T//ccsSoSP6.s 			page 14


 742 0416 E4000000 		.4byte	0xe4
 743 041a 0F       		.uleb128 0xf
 744 041b 46000000 		.4byte	.LASF61
 745 041f 06       		.byte	0x6
 746 0420 A4       		.byte	0xa4
 747 0421 E4000000 		.4byte	0xe4
 748 0425 0F       		.uleb128 0xf
 749 0426 AE030000 		.4byte	.LASF62
 750 042a 06       		.byte	0x6
 751 042b AB       		.byte	0xab
 752 042c 98020000 		.4byte	0x298
 753 0430 0F       		.uleb128 0xf
 754 0431 AB020000 		.4byte	.LASF63
 755 0435 06       		.byte	0x6
 756 0436 B2       		.byte	0xb2
 757 0437 EF000000 		.4byte	0xef
 758 043b 00       		.byte	0
 759 043c 09       		.uleb128 0x9
 760 043d 04       		.byte	0x4
 761 043e 42040000 		.4byte	0x442
 762 0442 10       		.uleb128 0x10
 763 0443 47040000 		.4byte	0x447
 764 0447 04       		.uleb128 0x4
 765 0448 01       		.byte	0x1
 766 0449 08       		.byte	0x8
 767 044a 19030000 		.4byte	.LASF64
 768 044e 09       		.uleb128 0x9
 769 044f 04       		.byte	0x4
 770 0450 FC030000 		.4byte	0x3fc
 771 0454 08       		.uleb128 0x8
 772 0455 16       		.byte	0x16
 773 0456 0A       		.byte	0xa
 774 0457 2C       		.byte	0x2c
 775 0458 59050000 		.4byte	0x559
 776 045c 06       		.uleb128 0x6
 777 045d 69010000 		.4byte	.LASF65
 778 0461 0A       		.byte	0xa
 779 0462 2D       		.byte	0x2d
 780 0463 59050000 		.4byte	0x559
 781 0467 02       		.byte	0x2
 782 0468 23       		.byte	0x23
 783 0469 00       		.uleb128 0
 784 046a 06       		.uleb128 0x6
 785 046b BE010000 		.4byte	.LASF66
 786 046f 0A       		.byte	0xa
 787 0470 2E       		.byte	0x2e
 788 0471 49000000 		.4byte	0x49
 789 0475 02       		.byte	0x2
 790 0476 23       		.byte	0x23
 791 0477 04       		.uleb128 0x4
 792 0478 06       		.uleb128 0x6
 793 0479 0E020000 		.4byte	.LASF67
 794 047d 0A       		.byte	0xa
 795 047e 2F       		.byte	0x2f
 796 047f 49000000 		.4byte	0x49
 797 0483 02       		.byte	0x2
 798 0484 23       		.byte	0x23
ARM GAS  /var/folders/dt/0wfd0knj7gs46m8vwfzktm600000gn/T//ccsSoSP6.s 			page 15


 799 0485 05       		.uleb128 0x5
 800 0486 06       		.uleb128 0x6
 801 0487 BC030000 		.4byte	.LASF68
 802 048b 0A       		.byte	0xa
 803 048c 30       		.byte	0x30
 804 048d 62000000 		.4byte	0x62
 805 0491 02       		.byte	0x2
 806 0492 23       		.byte	0x23
 807 0493 06       		.uleb128 0x6
 808 0494 06       		.uleb128 0x6
 809 0495 3C020000 		.4byte	.LASF69
 810 0499 0A       		.byte	0xa
 811 049a 31       		.byte	0x31
 812 049b 49000000 		.4byte	0x49
 813 049f 02       		.byte	0x2
 814 04a0 23       		.byte	0x23
 815 04a1 08       		.uleb128 0x8
 816 04a2 06       		.uleb128 0x6
 817 04a3 DB010000 		.4byte	.LASF70
 818 04a7 0A       		.byte	0xa
 819 04a8 32       		.byte	0x32
 820 04a9 49000000 		.4byte	0x49
 821 04ad 02       		.byte	0x2
 822 04ae 23       		.byte	0x23
 823 04af 09       		.uleb128 0x9
 824 04b0 06       		.uleb128 0x6
 825 04b1 38000000 		.4byte	.LASF71
 826 04b5 0A       		.byte	0xa
 827 04b6 33       		.byte	0x33
 828 04b7 49000000 		.4byte	0x49
 829 04bb 02       		.byte	0x2
 830 04bc 23       		.byte	0x23
 831 04bd 0A       		.uleb128 0xa
 832 04be 06       		.uleb128 0x6
 833 04bf 05030000 		.4byte	.LASF72
 834 04c3 0A       		.byte	0xa
 835 04c4 34       		.byte	0x34
 836 04c5 49000000 		.4byte	0x49
 837 04c9 02       		.byte	0x2
 838 04ca 23       		.byte	0x23
 839 04cb 0B       		.uleb128 0xb
 840 04cc 06       		.uleb128 0x6
 841 04cd 84030000 		.4byte	.LASF73
 842 04d1 0A       		.byte	0xa
 843 04d2 35       		.byte	0x35
 844 04d3 49000000 		.4byte	0x49
 845 04d7 02       		.byte	0x2
 846 04d8 23       		.byte	0x23
 847 04d9 0C       		.uleb128 0xc
 848 04da 06       		.uleb128 0x6
 849 04db E4020000 		.4byte	.LASF74
 850 04df 0A       		.byte	0xa
 851 04e0 36       		.byte	0x36
 852 04e1 49000000 		.4byte	0x49
 853 04e5 02       		.byte	0x2
 854 04e6 23       		.byte	0x23
 855 04e7 0D       		.uleb128 0xd
ARM GAS  /var/folders/dt/0wfd0knj7gs46m8vwfzktm600000gn/T//ccsSoSP6.s 			page 16


 856 04e8 06       		.uleb128 0x6
 857 04e9 00000000 		.4byte	.LASF75
 858 04ed 0A       		.byte	0xa
 859 04ee 37       		.byte	0x37
 860 04ef 49000000 		.4byte	0x49
 861 04f3 02       		.byte	0x2
 862 04f4 23       		.byte	0x23
 863 04f5 0E       		.uleb128 0xe
 864 04f6 06       		.uleb128 0x6
 865 04f7 E7010000 		.4byte	.LASF76
 866 04fb 0A       		.byte	0xa
 867 04fc 38       		.byte	0x38
 868 04fd 49000000 		.4byte	0x49
 869 0501 02       		.byte	0x2
 870 0502 23       		.byte	0x23
 871 0503 0F       		.uleb128 0xf
 872 0504 06       		.uleb128 0x6
 873 0505 8E000000 		.4byte	.LASF77
 874 0509 0A       		.byte	0xa
 875 050a 39       		.byte	0x39
 876 050b 49000000 		.4byte	0x49
 877 050f 02       		.byte	0x2
 878 0510 23       		.byte	0x23
 879 0511 10       		.uleb128 0x10
 880 0512 06       		.uleb128 0x6
 881 0513 67000000 		.4byte	.LASF78
 882 0517 0A       		.byte	0xa
 883 0518 3B       		.byte	0x3b
 884 0519 49000000 		.4byte	0x49
 885 051d 02       		.byte	0x2
 886 051e 23       		.byte	0x23
 887 051f 11       		.uleb128 0x11
 888 0520 06       		.uleb128 0x6
 889 0521 9E000000 		.4byte	.LASF79
 890 0525 0A       		.byte	0xa
 891 0526 3C       		.byte	0x3c
 892 0527 49000000 		.4byte	0x49
 893 052b 02       		.byte	0x2
 894 052c 23       		.byte	0x23
 895 052d 12       		.uleb128 0x12
 896 052e 06       		.uleb128 0x6
 897 052f C6010000 		.4byte	.LASF80
 898 0533 0A       		.byte	0xa
 899 0534 3D       		.byte	0x3d
 900 0535 49000000 		.4byte	0x49
 901 0539 02       		.byte	0x2
 902 053a 23       		.byte	0x23
 903 053b 13       		.uleb128 0x13
 904 053c 06       		.uleb128 0x6
 905 053d B9020000 		.4byte	.LASF81
 906 0541 0A       		.byte	0xa
 907 0542 3E       		.byte	0x3e
 908 0543 49000000 		.4byte	0x49
 909 0547 02       		.byte	0x2
 910 0548 23       		.byte	0x23
 911 0549 14       		.uleb128 0x14
 912 054a 06       		.uleb128 0x6
ARM GAS  /var/folders/dt/0wfd0knj7gs46m8vwfzktm600000gn/T//ccsSoSP6.s 			page 17


 913 054b 98020000 		.4byte	.LASF82
 914 054f 0A       		.byte	0xa
 915 0550 40       		.byte	0x40
 916 0551 49000000 		.4byte	0x49
 917 0555 02       		.byte	0x2
 918 0556 23       		.byte	0x23
 919 0557 15       		.uleb128 0x15
 920 0558 00       		.byte	0
 921 0559 11       		.uleb128 0x11
 922 055a 47040000 		.4byte	0x447
 923 055e 69050000 		.4byte	0x569
 924 0562 12       		.uleb128 0x12
 925 0563 4B030000 		.4byte	0x34b
 926 0567 03       		.byte	0x3
 927 0568 00       		.byte	0
 928 0569 03       		.uleb128 0x3
 929 056a 1E010000 		.4byte	.LASF83
 930 056e 0A       		.byte	0xa
 931 056f 41       		.byte	0x41
 932 0570 54040000 		.4byte	0x454
 933 0574 13       		.uleb128 0x13
 934 0575 01       		.byte	0x1
 935 0576 4F000000 		.4byte	.LASF84
 936 057a 01       		.byte	0x1
 937 057b 75       		.byte	0x75
 938 057c 01       		.byte	0x1
 939 057d 5A020000 		.4byte	0x25a
 940 0581 00000000 		.4byte	.LFB7
 941 0585 1E000000 		.4byte	.LFE7
 942 0589 02       		.byte	0x2
 943 058a 7D       		.byte	0x7d
 944 058b 00       		.sleb128 0
 945 058c 01       		.byte	0x1
 946 058d D0050000 		.4byte	0x5d0
 947 0591 14       		.uleb128 0x14
 948 0592 747000   		.ascii	"tp\000"
 949 0595 01       		.byte	0x1
 950 0596 76       		.byte	0x76
 951 0597 5A020000 		.4byte	0x25a
 952 059b 01       		.byte	0x1
 953 059c 50       		.byte	0x50
 954 059d 15       		.uleb128 0x15
 955 059e 00000000 		.4byte	.LBB2
 956 05a2 06000000 		.4byte	.LBE2
 957 05a6 BA050000 		.4byte	0x5ba
 958 05aa 16       		.uleb128 0x16
 959 05ab 746D7000 		.ascii	"tmp\000"
 960 05af 01       		.byte	0x1
 961 05b0 78       		.byte	0x78
 962 05b1 86000000 		.4byte	0x86
 963 05b5 00000000 		.4byte	.LLST0
 964 05b9 00       		.byte	0
 965 05ba 17       		.uleb128 0x17
 966 05bb 00000000 		.4byte	.Ldebug_ranges0+0
 967 05bf 16       		.uleb128 0x16
 968 05c0 746D7000 		.ascii	"tmp\000"
 969 05c4 01       		.byte	0x1
ARM GAS  /var/folders/dt/0wfd0knj7gs46m8vwfzktm600000gn/T//ccsSoSP6.s 			page 18


 970 05c5 7D       		.byte	0x7d
 971 05c6 86000000 		.4byte	0x86
 972 05ca 13000000 		.4byte	.LLST1
 973 05ce 00       		.byte	0
 974 05cf 00       		.byte	0
 975 05d0 18       		.uleb128 0x18
 976 05d1 01       		.byte	0x1
 977 05d2 1E030000 		.4byte	.LASF85
 978 05d6 01       		.byte	0x1
 979 05d7 8C       		.byte	0x8c
 980 05d8 01       		.byte	0x1
 981 05d9 5A020000 		.4byte	0x25a
 982 05dd 00000000 		.4byte	.LFB8
 983 05e1 2C000000 		.4byte	.LFE8
 984 05e5 26000000 		.4byte	.LLST2
 985 05e9 01       		.byte	0x1
 986 05ea 4F060000 		.4byte	0x64f
 987 05ee 19       		.uleb128 0x19
 988 05ef 747000   		.ascii	"tp\000"
 989 05f2 01       		.byte	0x1
 990 05f3 8C       		.byte	0x8c
 991 05f4 5A020000 		.4byte	0x25a
 992 05f8 46000000 		.4byte	.LLST3
 993 05fc 16       		.uleb128 0x16
 994 05fd 6E747000 		.ascii	"ntp\000"
 995 0601 01       		.byte	0x1
 996 0602 8D       		.byte	0x8d
 997 0603 5A020000 		.4byte	0x25a
 998 0607 72000000 		.4byte	.LLST4
 999 060b 15       		.uleb128 0x15
 1000 060c 02000000 		.4byte	.LBB5
 1001 0610 08000000 		.4byte	.LBE5
 1002 0614 28060000 		.4byte	0x628
 1003 0618 16       		.uleb128 0x16
 1004 0619 746D7000 		.ascii	"tmp\000"
 1005 061d 01       		.byte	0x1
 1006 061e 8F       		.byte	0x8f
 1007 061f 86000000 		.4byte	0x86
 1008 0623 91000000 		.4byte	.LLST5
 1009 0627 00       		.byte	0
 1010 0628 15       		.uleb128 0x15
 1011 0629 16000000 		.4byte	.LBB6
 1012 062d 1C000000 		.4byte	.LBE6
 1013 0631 45060000 		.4byte	0x645
 1014 0635 16       		.uleb128 0x16
 1015 0636 746D7000 		.ascii	"tmp\000"
 1016 063a 01       		.byte	0x1
 1017 063b 9A       		.byte	0x9a
 1018 063c 86000000 		.4byte	0x86
 1019 0640 A4000000 		.4byte	.LLST6
 1020 0644 00       		.byte	0
 1021 0645 1A       		.uleb128 0x1a
 1022 0646 20000000 		.4byte	.LVL14
 1023 064a 73060000 		.4byte	0x673
 1024 064e 00       		.byte	0
 1025 064f 1B       		.uleb128 0x1b
 1026 0650 A0030000 		.4byte	.LASF86
ARM GAS  /var/folders/dt/0wfd0knj7gs46m8vwfzktm600000gn/T//ccsSoSP6.s 			page 19


 1027 0654 08       		.byte	0x8
 1028 0655 6F       		.byte	0x6f
 1029 0656 B4030000 		.4byte	0x3b4
 1030 065a 01       		.byte	0x1
 1031 065b 01       		.byte	0x1
 1032 065c 1C       		.uleb128 0x1c
 1033 065d 60010000 		.4byte	.LASF87
 1034 0661 01       		.byte	0x1
 1035 0662 42       		.byte	0x42
 1036 0663 6E060000 		.4byte	0x66e
 1037 0667 01       		.byte	0x1
 1038 0668 05       		.byte	0x5
 1039 0669 03       		.byte	0x3
 1040 066a 00000000 		.4byte	ch_debug
 1041 066e 10       		.uleb128 0x10
 1042 066f 69050000 		.4byte	0x569
 1043 0673 1D       		.uleb128 0x1d
 1044 0674 01       		.byte	0x1
 1045 0675 D0020000 		.4byte	.LASF91
 1046 0679 0B       		.byte	0xb
 1047 067a 3A       		.byte	0x3a
 1048 067b 01       		.byte	0x1
 1049 067c 01       		.byte	0x1
 1050 067d 1E       		.uleb128 0x1e
 1051 067e 5A020000 		.4byte	0x25a
 1052 0682 00       		.byte	0
 1053 0683 00       		.byte	0
 1054              		.section	.debug_abbrev,"",%progbits
 1055              	.Ldebug_abbrev0:
 1056 0000 01       		.uleb128 0x1
 1057 0001 11       		.uleb128 0x11
 1058 0002 01       		.byte	0x1
 1059 0003 25       		.uleb128 0x25
 1060 0004 0E       		.uleb128 0xe
 1061 0005 13       		.uleb128 0x13
 1062 0006 0B       		.uleb128 0xb
 1063 0007 03       		.uleb128 0x3
 1064 0008 0E       		.uleb128 0xe
 1065 0009 1B       		.uleb128 0x1b
 1066 000a 0E       		.uleb128 0xe
 1067 000b 55       		.uleb128 0x55
 1068 000c 06       		.uleb128 0x6
 1069 000d 11       		.uleb128 0x11
 1070 000e 01       		.uleb128 0x1
 1071 000f 52       		.uleb128 0x52
 1072 0010 01       		.uleb128 0x1
 1073 0011 10       		.uleb128 0x10
 1074 0012 06       		.uleb128 0x6
 1075 0013 00       		.byte	0
 1076 0014 00       		.byte	0
 1077 0015 02       		.uleb128 0x2
 1078 0016 24       		.uleb128 0x24
 1079 0017 00       		.byte	0
 1080 0018 0B       		.uleb128 0xb
 1081 0019 0B       		.uleb128 0xb
 1082 001a 3E       		.uleb128 0x3e
 1083 001b 0B       		.uleb128 0xb
ARM GAS  /var/folders/dt/0wfd0knj7gs46m8vwfzktm600000gn/T//ccsSoSP6.s 			page 20


 1084 001c 03       		.uleb128 0x3
 1085 001d 08       		.uleb128 0x8
 1086 001e 00       		.byte	0
 1087 001f 00       		.byte	0
 1088 0020 03       		.uleb128 0x3
 1089 0021 16       		.uleb128 0x16
 1090 0022 00       		.byte	0
 1091 0023 03       		.uleb128 0x3
 1092 0024 0E       		.uleb128 0xe
 1093 0025 3A       		.uleb128 0x3a
 1094 0026 0B       		.uleb128 0xb
 1095 0027 3B       		.uleb128 0x3b
 1096 0028 0B       		.uleb128 0xb
 1097 0029 49       		.uleb128 0x49
 1098 002a 13       		.uleb128 0x13
 1099 002b 00       		.byte	0
 1100 002c 00       		.byte	0
 1101 002d 04       		.uleb128 0x4
 1102 002e 24       		.uleb128 0x24
 1103 002f 00       		.byte	0
 1104 0030 0B       		.uleb128 0xb
 1105 0031 0B       		.uleb128 0xb
 1106 0032 3E       		.uleb128 0x3e
 1107 0033 0B       		.uleb128 0xb
 1108 0034 03       		.uleb128 0x3
 1109 0035 0E       		.uleb128 0xe
 1110 0036 00       		.byte	0
 1111 0037 00       		.byte	0
 1112 0038 05       		.uleb128 0x5
 1113 0039 13       		.uleb128 0x13
 1114 003a 01       		.byte	0x1
 1115 003b 03       		.uleb128 0x3
 1116 003c 0E       		.uleb128 0xe
 1117 003d 0B       		.uleb128 0xb
 1118 003e 0B       		.uleb128 0xb
 1119 003f 3A       		.uleb128 0x3a
 1120 0040 0B       		.uleb128 0xb
 1121 0041 3B       		.uleb128 0x3b
 1122 0042 0B       		.uleb128 0xb
 1123 0043 01       		.uleb128 0x1
 1124 0044 13       		.uleb128 0x13
 1125 0045 00       		.byte	0
 1126 0046 00       		.byte	0
 1127 0047 06       		.uleb128 0x6
 1128 0048 0D       		.uleb128 0xd
 1129 0049 00       		.byte	0
 1130 004a 03       		.uleb128 0x3
 1131 004b 0E       		.uleb128 0xe
 1132 004c 3A       		.uleb128 0x3a
 1133 004d 0B       		.uleb128 0xb
 1134 004e 3B       		.uleb128 0x3b
 1135 004f 0B       		.uleb128 0xb
 1136 0050 49       		.uleb128 0x49
 1137 0051 13       		.uleb128 0x13
 1138 0052 38       		.uleb128 0x38
 1139 0053 0A       		.uleb128 0xa
 1140 0054 00       		.byte	0
ARM GAS  /var/folders/dt/0wfd0knj7gs46m8vwfzktm600000gn/T//ccsSoSP6.s 			page 21


 1141 0055 00       		.byte	0
 1142 0056 07       		.uleb128 0x7
 1143 0057 0D       		.uleb128 0xd
 1144 0058 00       		.byte	0
 1145 0059 03       		.uleb128 0x3
 1146 005a 08       		.uleb128 0x8
 1147 005b 3A       		.uleb128 0x3a
 1148 005c 0B       		.uleb128 0xb
 1149 005d 3B       		.uleb128 0x3b
 1150 005e 0B       		.uleb128 0xb
 1151 005f 49       		.uleb128 0x49
 1152 0060 13       		.uleb128 0x13
 1153 0061 38       		.uleb128 0x38
 1154 0062 0A       		.uleb128 0xa
 1155 0063 00       		.byte	0
 1156 0064 00       		.byte	0
 1157 0065 08       		.uleb128 0x8
 1158 0066 13       		.uleb128 0x13
 1159 0067 01       		.byte	0x1
 1160 0068 0B       		.uleb128 0xb
 1161 0069 0B       		.uleb128 0xb
 1162 006a 3A       		.uleb128 0x3a
 1163 006b 0B       		.uleb128 0xb
 1164 006c 3B       		.uleb128 0x3b
 1165 006d 0B       		.uleb128 0xb
 1166 006e 01       		.uleb128 0x1
 1167 006f 13       		.uleb128 0x13
 1168 0070 00       		.byte	0
 1169 0071 00       		.byte	0
 1170 0072 09       		.uleb128 0x9
 1171 0073 0F       		.uleb128 0xf
 1172 0074 00       		.byte	0
 1173 0075 0B       		.uleb128 0xb
 1174 0076 0B       		.uleb128 0xb
 1175 0077 49       		.uleb128 0x49
 1176 0078 13       		.uleb128 0x13
 1177 0079 00       		.byte	0
 1178 007a 00       		.byte	0
 1179 007b 0A       		.uleb128 0xa
 1180 007c 0F       		.uleb128 0xf
 1181 007d 00       		.byte	0
 1182 007e 0B       		.uleb128 0xb
 1183 007f 0B       		.uleb128 0xb
 1184 0080 00       		.byte	0
 1185 0081 00       		.byte	0
 1186 0082 0B       		.uleb128 0xb
 1187 0083 13       		.uleb128 0x13
 1188 0084 01       		.byte	0x1
 1189 0085 03       		.uleb128 0x3
 1190 0086 0E       		.uleb128 0xe
 1191 0087 0B       		.uleb128 0xb
 1192 0088 0B       		.uleb128 0xb
 1193 0089 3A       		.uleb128 0x3a
 1194 008a 0B       		.uleb128 0xb
 1195 008b 3B       		.uleb128 0x3b
 1196 008c 05       		.uleb128 0x5
 1197 008d 01       		.uleb128 0x1
ARM GAS  /var/folders/dt/0wfd0knj7gs46m8vwfzktm600000gn/T//ccsSoSP6.s 			page 22


 1198 008e 13       		.uleb128 0x13
 1199 008f 00       		.byte	0
 1200 0090 00       		.byte	0
 1201 0091 0C       		.uleb128 0xc
 1202 0092 0D       		.uleb128 0xd
 1203 0093 00       		.byte	0
 1204 0094 03       		.uleb128 0x3
 1205 0095 08       		.uleb128 0x8
 1206 0096 3A       		.uleb128 0x3a
 1207 0097 0B       		.uleb128 0xb
 1208 0098 3B       		.uleb128 0x3b
 1209 0099 05       		.uleb128 0x5
 1210 009a 49       		.uleb128 0x49
 1211 009b 13       		.uleb128 0x13
 1212 009c 38       		.uleb128 0x38
 1213 009d 0A       		.uleb128 0xa
 1214 009e 00       		.byte	0
 1215 009f 00       		.byte	0
 1216 00a0 0D       		.uleb128 0xd
 1217 00a1 35       		.uleb128 0x35
 1218 00a2 00       		.byte	0
 1219 00a3 49       		.uleb128 0x49
 1220 00a4 13       		.uleb128 0x13
 1221 00a5 00       		.byte	0
 1222 00a6 00       		.byte	0
 1223 00a7 0E       		.uleb128 0xe
 1224 00a8 17       		.uleb128 0x17
 1225 00a9 01       		.byte	0x1
 1226 00aa 0B       		.uleb128 0xb
 1227 00ab 0B       		.uleb128 0xb
 1228 00ac 3A       		.uleb128 0x3a
 1229 00ad 0B       		.uleb128 0xb
 1230 00ae 3B       		.uleb128 0x3b
 1231 00af 0B       		.uleb128 0xb
 1232 00b0 01       		.uleb128 0x1
 1233 00b1 13       		.uleb128 0x13
 1234 00b2 00       		.byte	0
 1235 00b3 00       		.byte	0
 1236 00b4 0F       		.uleb128 0xf
 1237 00b5 0D       		.uleb128 0xd
 1238 00b6 00       		.byte	0
 1239 00b7 03       		.uleb128 0x3
 1240 00b8 0E       		.uleb128 0xe
 1241 00b9 3A       		.uleb128 0x3a
 1242 00ba 0B       		.uleb128 0xb
 1243 00bb 3B       		.uleb128 0x3b
 1244 00bc 0B       		.uleb128 0xb
 1245 00bd 49       		.uleb128 0x49
 1246 00be 13       		.uleb128 0x13
 1247 00bf 00       		.byte	0
 1248 00c0 00       		.byte	0
 1249 00c1 10       		.uleb128 0x10
 1250 00c2 26       		.uleb128 0x26
 1251 00c3 00       		.byte	0
 1252 00c4 49       		.uleb128 0x49
 1253 00c5 13       		.uleb128 0x13
 1254 00c6 00       		.byte	0
ARM GAS  /var/folders/dt/0wfd0knj7gs46m8vwfzktm600000gn/T//ccsSoSP6.s 			page 23


 1255 00c7 00       		.byte	0
 1256 00c8 11       		.uleb128 0x11
 1257 00c9 01       		.uleb128 0x1
 1258 00ca 01       		.byte	0x1
 1259 00cb 49       		.uleb128 0x49
 1260 00cc 13       		.uleb128 0x13
 1261 00cd 01       		.uleb128 0x1
 1262 00ce 13       		.uleb128 0x13
 1263 00cf 00       		.byte	0
 1264 00d0 00       		.byte	0
 1265 00d1 12       		.uleb128 0x12
 1266 00d2 21       		.uleb128 0x21
 1267 00d3 00       		.byte	0
 1268 00d4 49       		.uleb128 0x49
 1269 00d5 13       		.uleb128 0x13
 1270 00d6 2F       		.uleb128 0x2f
 1271 00d7 0B       		.uleb128 0xb
 1272 00d8 00       		.byte	0
 1273 00d9 00       		.byte	0
 1274 00da 13       		.uleb128 0x13
 1275 00db 2E       		.uleb128 0x2e
 1276 00dc 01       		.byte	0x1
 1277 00dd 3F       		.uleb128 0x3f
 1278 00de 0C       		.uleb128 0xc
 1279 00df 03       		.uleb128 0x3
 1280 00e0 0E       		.uleb128 0xe
 1281 00e1 3A       		.uleb128 0x3a
 1282 00e2 0B       		.uleb128 0xb
 1283 00e3 3B       		.uleb128 0x3b
 1284 00e4 0B       		.uleb128 0xb
 1285 00e5 27       		.uleb128 0x27
 1286 00e6 0C       		.uleb128 0xc
 1287 00e7 49       		.uleb128 0x49
 1288 00e8 13       		.uleb128 0x13
 1289 00e9 11       		.uleb128 0x11
 1290 00ea 01       		.uleb128 0x1
 1291 00eb 12       		.uleb128 0x12
 1292 00ec 01       		.uleb128 0x1
 1293 00ed 40       		.uleb128 0x40
 1294 00ee 0A       		.uleb128 0xa
 1295 00ef 9742     		.uleb128 0x2117
 1296 00f1 0C       		.uleb128 0xc
 1297 00f2 01       		.uleb128 0x1
 1298 00f3 13       		.uleb128 0x13
 1299 00f4 00       		.byte	0
 1300 00f5 00       		.byte	0
 1301 00f6 14       		.uleb128 0x14
 1302 00f7 34       		.uleb128 0x34
 1303 00f8 00       		.byte	0
 1304 00f9 03       		.uleb128 0x3
 1305 00fa 08       		.uleb128 0x8
 1306 00fb 3A       		.uleb128 0x3a
 1307 00fc 0B       		.uleb128 0xb
 1308 00fd 3B       		.uleb128 0x3b
 1309 00fe 0B       		.uleb128 0xb
 1310 00ff 49       		.uleb128 0x49
 1311 0100 13       		.uleb128 0x13
ARM GAS  /var/folders/dt/0wfd0knj7gs46m8vwfzktm600000gn/T//ccsSoSP6.s 			page 24


 1312 0101 02       		.uleb128 0x2
 1313 0102 0A       		.uleb128 0xa
 1314 0103 00       		.byte	0
 1315 0104 00       		.byte	0
 1316 0105 15       		.uleb128 0x15
 1317 0106 0B       		.uleb128 0xb
 1318 0107 01       		.byte	0x1
 1319 0108 11       		.uleb128 0x11
 1320 0109 01       		.uleb128 0x1
 1321 010a 12       		.uleb128 0x12
 1322 010b 01       		.uleb128 0x1
 1323 010c 01       		.uleb128 0x1
 1324 010d 13       		.uleb128 0x13
 1325 010e 00       		.byte	0
 1326 010f 00       		.byte	0
 1327 0110 16       		.uleb128 0x16
 1328 0111 34       		.uleb128 0x34
 1329 0112 00       		.byte	0
 1330 0113 03       		.uleb128 0x3
 1331 0114 08       		.uleb128 0x8
 1332 0115 3A       		.uleb128 0x3a
 1333 0116 0B       		.uleb128 0xb
 1334 0117 3B       		.uleb128 0x3b
 1335 0118 0B       		.uleb128 0xb
 1336 0119 49       		.uleb128 0x49
 1337 011a 13       		.uleb128 0x13
 1338 011b 02       		.uleb128 0x2
 1339 011c 06       		.uleb128 0x6
 1340 011d 00       		.byte	0
 1341 011e 00       		.byte	0
 1342 011f 17       		.uleb128 0x17
 1343 0120 0B       		.uleb128 0xb
 1344 0121 01       		.byte	0x1
 1345 0122 55       		.uleb128 0x55
 1346 0123 06       		.uleb128 0x6
 1347 0124 00       		.byte	0
 1348 0125 00       		.byte	0
 1349 0126 18       		.uleb128 0x18
 1350 0127 2E       		.uleb128 0x2e
 1351 0128 01       		.byte	0x1
 1352 0129 3F       		.uleb128 0x3f
 1353 012a 0C       		.uleb128 0xc
 1354 012b 03       		.uleb128 0x3
 1355 012c 0E       		.uleb128 0xe
 1356 012d 3A       		.uleb128 0x3a
 1357 012e 0B       		.uleb128 0xb
 1358 012f 3B       		.uleb128 0x3b
 1359 0130 0B       		.uleb128 0xb
 1360 0131 27       		.uleb128 0x27
 1361 0132 0C       		.uleb128 0xc
 1362 0133 49       		.uleb128 0x49
 1363 0134 13       		.uleb128 0x13
 1364 0135 11       		.uleb128 0x11
 1365 0136 01       		.uleb128 0x1
 1366 0137 12       		.uleb128 0x12
 1367 0138 01       		.uleb128 0x1
 1368 0139 40       		.uleb128 0x40
ARM GAS  /var/folders/dt/0wfd0knj7gs46m8vwfzktm600000gn/T//ccsSoSP6.s 			page 25


 1369 013a 06       		.uleb128 0x6
 1370 013b 9742     		.uleb128 0x2117
 1371 013d 0C       		.uleb128 0xc
 1372 013e 01       		.uleb128 0x1
 1373 013f 13       		.uleb128 0x13
 1374 0140 00       		.byte	0
 1375 0141 00       		.byte	0
 1376 0142 19       		.uleb128 0x19
 1377 0143 05       		.uleb128 0x5
 1378 0144 00       		.byte	0
 1379 0145 03       		.uleb128 0x3
 1380 0146 08       		.uleb128 0x8
 1381 0147 3A       		.uleb128 0x3a
 1382 0148 0B       		.uleb128 0xb
 1383 0149 3B       		.uleb128 0x3b
 1384 014a 0B       		.uleb128 0xb
 1385 014b 49       		.uleb128 0x49
 1386 014c 13       		.uleb128 0x13
 1387 014d 02       		.uleb128 0x2
 1388 014e 06       		.uleb128 0x6
 1389 014f 00       		.byte	0
 1390 0150 00       		.byte	0
 1391 0151 1A       		.uleb128 0x1a
 1392 0152 898201   		.uleb128 0x4109
 1393 0155 00       		.byte	0
 1394 0156 11       		.uleb128 0x11
 1395 0157 01       		.uleb128 0x1
 1396 0158 31       		.uleb128 0x31
 1397 0159 13       		.uleb128 0x13
 1398 015a 00       		.byte	0
 1399 015b 00       		.byte	0
 1400 015c 1B       		.uleb128 0x1b
 1401 015d 34       		.uleb128 0x34
 1402 015e 00       		.byte	0
 1403 015f 03       		.uleb128 0x3
 1404 0160 0E       		.uleb128 0xe
 1405 0161 3A       		.uleb128 0x3a
 1406 0162 0B       		.uleb128 0xb
 1407 0163 3B       		.uleb128 0x3b
 1408 0164 0B       		.uleb128 0xb
 1409 0165 49       		.uleb128 0x49
 1410 0166 13       		.uleb128 0x13
 1411 0167 3F       		.uleb128 0x3f
 1412 0168 0C       		.uleb128 0xc
 1413 0169 3C       		.uleb128 0x3c
 1414 016a 0C       		.uleb128 0xc
 1415 016b 00       		.byte	0
 1416 016c 00       		.byte	0
 1417 016d 1C       		.uleb128 0x1c
 1418 016e 34       		.uleb128 0x34
 1419 016f 00       		.byte	0
 1420 0170 03       		.uleb128 0x3
 1421 0171 0E       		.uleb128 0xe
 1422 0172 3A       		.uleb128 0x3a
 1423 0173 0B       		.uleb128 0xb
 1424 0174 3B       		.uleb128 0x3b
 1425 0175 0B       		.uleb128 0xb
ARM GAS  /var/folders/dt/0wfd0knj7gs46m8vwfzktm600000gn/T//ccsSoSP6.s 			page 26


 1426 0176 49       		.uleb128 0x49
 1427 0177 13       		.uleb128 0x13
 1428 0178 3F       		.uleb128 0x3f
 1429 0179 0C       		.uleb128 0xc
 1430 017a 02       		.uleb128 0x2
 1431 017b 0A       		.uleb128 0xa
 1432 017c 00       		.byte	0
 1433 017d 00       		.byte	0
 1434 017e 1D       		.uleb128 0x1d
 1435 017f 2E       		.uleb128 0x2e
 1436 0180 01       		.byte	0x1
 1437 0181 3F       		.uleb128 0x3f
 1438 0182 0C       		.uleb128 0xc
 1439 0183 03       		.uleb128 0x3
 1440 0184 0E       		.uleb128 0xe
 1441 0185 3A       		.uleb128 0x3a
 1442 0186 0B       		.uleb128 0xb
 1443 0187 3B       		.uleb128 0x3b
 1444 0188 0B       		.uleb128 0xb
 1445 0189 27       		.uleb128 0x27
 1446 018a 0C       		.uleb128 0xc
 1447 018b 3C       		.uleb128 0x3c
 1448 018c 0C       		.uleb128 0xc
 1449 018d 00       		.byte	0
 1450 018e 00       		.byte	0
 1451 018f 1E       		.uleb128 0x1e
 1452 0190 05       		.uleb128 0x5
 1453 0191 00       		.byte	0
 1454 0192 49       		.uleb128 0x49
 1455 0193 13       		.uleb128 0x13
 1456 0194 00       		.byte	0
 1457 0195 00       		.byte	0
 1458 0196 00       		.byte	0
 1459              		.section	.debug_loc,"",%progbits
 1460              	.Ldebug_loc0:
 1461              	.LLST0:
 1462 0000 06000000 		.4byte	.LVL1
 1463 0004 0A000000 		.4byte	.LVL2
 1464 0008 0100     		.2byte	0x1
 1465 000a 53       		.byte	0x53
 1466 000b 00000000 		.4byte	0
 1467 000f 00000000 		.4byte	0
 1468              	.LLST1:
 1469 0013 1C000000 		.4byte	.LVL5
 1470 0017 1E000000 		.4byte	.LFE7
 1471 001b 0100     		.2byte	0x1
 1472 001d 53       		.byte	0x53
 1473 001e 00000000 		.4byte	0
 1474 0022 00000000 		.4byte	0
 1475              	.LLST2:
 1476 0026 00000000 		.4byte	.LFB8
 1477 002a 02000000 		.4byte	.LCFI0
 1478 002e 0200     		.2byte	0x2
 1479 0030 7D       		.byte	0x7d
 1480 0031 00       		.sleb128 0
 1481 0032 02000000 		.4byte	.LCFI0
 1482 0036 2C000000 		.4byte	.LFE8
ARM GAS  /var/folders/dt/0wfd0knj7gs46m8vwfzktm600000gn/T//ccsSoSP6.s 			page 27


 1483 003a 0200     		.2byte	0x2
 1484 003c 7D       		.byte	0x7d
 1485 003d 08       		.sleb128 8
 1486 003e 00000000 		.4byte	0
 1487 0042 00000000 		.4byte	0
 1488              	.LLST3:
 1489 0046 00000000 		.4byte	.LVL6
 1490 004a 1F000000 		.4byte	.LVL14-1
 1491 004e 0100     		.2byte	0x1
 1492 0050 50       		.byte	0x50
 1493 0051 1F000000 		.4byte	.LVL14-1
 1494 0055 24000000 		.4byte	.LVL15
 1495 0059 0400     		.2byte	0x4
 1496 005b F3       		.byte	0xf3
 1497 005c 01       		.uleb128 0x1
 1498 005d 50       		.byte	0x50
 1499 005e 9F       		.byte	0x9f
 1500 005f 24000000 		.4byte	.LVL15
 1501 0063 2C000000 		.4byte	.LFE8
 1502 0067 0100     		.2byte	0x1
 1503 0069 50       		.byte	0x50
 1504 006a 00000000 		.4byte	0
 1505 006e 00000000 		.4byte	0
 1506              	.LLST4:
 1507 0072 0C000000 		.4byte	.LVL10
 1508 0076 26000000 		.4byte	.LVL16
 1509 007a 0100     		.2byte	0x1
 1510 007c 54       		.byte	0x54
 1511 007d 26000000 		.4byte	.LVL16
 1512 0081 2C000000 		.4byte	.LFE8
 1513 0085 0200     		.2byte	0x2
 1514 0087 70       		.byte	0x70
 1515 0088 10       		.sleb128 16
 1516 0089 00000000 		.4byte	0
 1517 008d 00000000 		.4byte	0
 1518              	.LLST5:
 1519 0091 08000000 		.4byte	.LVL8
 1520 0095 0A000000 		.4byte	.LVL9
 1521 0099 0100     		.2byte	0x1
 1522 009b 53       		.byte	0x53
 1523 009c 00000000 		.4byte	0
 1524 00a0 00000000 		.4byte	0
 1525              	.LLST6:
 1526 00a4 1C000000 		.4byte	.LVL13
 1527 00a8 1F000000 		.4byte	.LVL14-1
 1528 00ac 0100     		.2byte	0x1
 1529 00ae 53       		.byte	0x53
 1530 00af 00000000 		.4byte	0
 1531 00b3 00000000 		.4byte	0
 1532              		.section	.debug_aranges,"",%progbits
 1533 0000 24000000 		.4byte	0x24
 1534 0004 0200     		.2byte	0x2
 1535 0006 00000000 		.4byte	.Ldebug_info0
 1536 000a 04       		.byte	0x4
 1537 000b 00       		.byte	0
 1538 000c 0000     		.2byte	0
 1539 000e 0000     		.2byte	0
ARM GAS  /var/folders/dt/0wfd0knj7gs46m8vwfzktm600000gn/T//ccsSoSP6.s 			page 28


 1540 0010 00000000 		.4byte	.LFB7
 1541 0014 1E000000 		.4byte	.LFE7-.LFB7
 1542 0018 00000000 		.4byte	.LFB8
 1543 001c 2C000000 		.4byte	.LFE8-.LFB8
 1544 0020 00000000 		.4byte	0
 1545 0024 00000000 		.4byte	0
 1546              		.section	.debug_ranges,"",%progbits
 1547              	.Ldebug_ranges0:
 1548 0000 10000000 		.4byte	.LBB3
 1549 0004 12000000 		.4byte	.LBE3
 1550 0008 18000000 		.4byte	.LBB4
 1551 000c 1C000000 		.4byte	.LBE4
 1552 0010 00000000 		.4byte	0
 1553 0014 00000000 		.4byte	0
 1554 0018 00000000 		.4byte	.LFB7
 1555 001c 1E000000 		.4byte	.LFE7
 1556 0020 00000000 		.4byte	.LFB8
 1557 0024 2C000000 		.4byte	.LFE8
 1558 0028 00000000 		.4byte	0
 1559 002c 00000000 		.4byte	0
 1560              		.section	.debug_line,"",%progbits
 1561              	.Ldebug_line0:
 1562 0000 EF010000 		.section	.debug_str,"MS",%progbits,1
 1562      0200B801 
 1562      00000201 
 1562      FB0E0D00 
 1562      01010101 
 1563              	.LASF75:
 1564 0000 63665F6F 		.ascii	"cf_off_older\000"
 1564      66665F6F 
 1564      6C646572 
 1564      00
 1565              	.LASF38:
 1566 000d 705F6D73 		.ascii	"p_msg\000"
 1566      6700
 1567              	.LASF2:
 1568 0013 73697A65 		.ascii	"size_t\000"
 1568      5F7400
 1569              	.LASF60:
 1570 001a 7264796D 		.ascii	"rdymsg\000"
 1570      736700
 1571              	.LASF13:
 1572 0021 6C6F6E67 		.ascii	"long long unsigned int\000"
 1572      206C6F6E 
 1572      6720756E 
 1572      7369676E 
 1572      65642069 
 1573              	.LASF71:
 1574 0038 63685F74 		.ascii	"ch_threadsize\000"
 1574      68726561 
 1574      6473697A 
 1574      6500
 1575              	.LASF61:
 1576 0046 65786974 		.ascii	"exitcode\000"
 1576      636F6465 
 1576      00
 1577              	.LASF84:
ARM GAS  /var/folders/dt/0wfd0knj7gs46m8vwfzktm600000gn/T//ccsSoSP6.s 			page 29


 1578 004f 63685265 		.ascii	"chRegFirstThread\000"
 1578      67466972 
 1578      73745468 
 1578      72656164 
 1578      00
 1579              	.LASF26:
 1580 0060 705F7072 		.ascii	"p_prio\000"
 1580      696F00
 1581              	.LASF78:
 1582 0067 63665F6F 		.ascii	"cf_off_state\000"
 1582      66665F73 
 1582      74617465 
 1582      00
 1583              	.LASF12:
 1584 0074 6C6F6E67 		.ascii	"long long int\000"
 1584      206C6F6E 
 1584      6720696E 
 1584      7400
 1585              	.LASF1:
 1586 0082 7369676E 		.ascii	"signed char\000"
 1586      65642063 
 1586      68617200 
 1587              	.LASF77:
 1588 008e 63665F6F 		.ascii	"cf_off_stklimit\000"
 1588      66665F73 
 1588      746B6C69 
 1588      6D697400 
 1589              	.LASF79:
 1590 009e 63665F6F 		.ascii	"cf_off_flags\000"
 1590      66665F66 
 1590      6C616773 
 1590      00
 1591              	.LASF42:
 1592 00ab 705F6D70 		.ascii	"p_mpool\000"
 1592      6F6F6C00 
 1593              	.LASF57:
 1594 00b3 6D5F7175 		.ascii	"m_queue\000"
 1594      65756500 
 1595              	.LASF18:
 1596 00bb 74736C69 		.ascii	"tslices_t\000"
 1596      6365735F 
 1596      7400
 1597              	.LASF9:
 1598 00c5 6C6F6E67 		.ascii	"long int\000"
 1598      20696E74 
 1598      00
 1599              	.LASF90:
 1600 00ce 2F557365 		.ascii	"/Users/toxygen/dev/chibi/ChibiOS_2.6.1/demos/ARMCM3"
 1600      72732F74 
 1600      6F787967 
 1600      656E2F64 
 1600      65762F63 
 1601 0101 2D53544D 		.ascii	"-STM32F107\000"
 1601      33324631 
 1601      303700
 1602              	.LASF16:
 1603 010c 74737461 		.ascii	"tstate_t\000"
ARM GAS  /var/folders/dt/0wfd0knj7gs46m8vwfzktm600000gn/T//ccsSoSP6.s 			page 30


 1603      74655F74 
 1603      00
 1604              	.LASF6:
 1605 0115 75696E74 		.ascii	"uint16_t\000"
 1605      31365F74 
 1605      00
 1606              	.LASF83:
 1607 011e 63686465 		.ascii	"chdebug_t\000"
 1607      6275675F 
 1607      7400
 1608              	.LASF28:
 1609 0128 705F6E65 		.ascii	"p_newer\000"
 1609      77657200 
 1610              	.LASF52:
 1611 0130 725F6E65 		.ascii	"r_newer\000"
 1611      77657200 
 1612              	.LASF45:
 1613 0138 72656761 		.ascii	"regarm_t\000"
 1613      726D5F74 
 1613      00
 1614              	.LASF0:
 1615 0141 756E7369 		.ascii	"unsigned int\000"
 1615      676E6564 
 1615      20696E74 
 1615      00
 1616              	.LASF11:
 1617 014e 6C6F6E67 		.ascii	"long unsigned int\000"
 1617      20756E73 
 1617      69676E65 
 1617      6420696E 
 1617      7400
 1618              	.LASF87:
 1619 0160 63685F64 		.ascii	"ch_debug\000"
 1619      65627567 
 1619      00
 1620              	.LASF65:
 1621 0169 63685F69 		.ascii	"ch_identifier\000"
 1621      64656E74 
 1621      69666965 
 1621      7200
 1622              	.LASF47:
 1623 0177 636F6E74 		.ascii	"context\000"
 1623      65787400 
 1624              	.LASF7:
 1625 017f 73686F72 		.ascii	"short unsigned int\000"
 1625      7420756E 
 1625      7369676E 
 1625      65642069 
 1625      6E7400
 1626              	.LASF20:
 1627 0192 6D73675F 		.ascii	"msg_t\000"
 1627      7400
 1628              	.LASF15:
 1629 0198 746D6F64 		.ascii	"tmode_t\000"
 1629      655F7400 
 1630              	.LASF44:
 1631 01a0 54687265 		.ascii	"ThreadsList\000"
ARM GAS  /var/folders/dt/0wfd0knj7gs46m8vwfzktm600000gn/T//ccsSoSP6.s 			page 31


 1631      6164734C 
 1631      69737400 
 1632              	.LASF21:
 1633 01ac 6576656E 		.ascii	"eventmask_t\000"
 1633      746D6173 
 1633      6B5F7400 
 1634              	.LASF56:
 1635 01b8 4D757465 		.ascii	"Mutex\000"
 1635      7800
 1636              	.LASF66:
 1637 01be 63685F7A 		.ascii	"ch_zero\000"
 1637      65726F00 
 1638              	.LASF80:
 1639 01c6 63665F6F 		.ascii	"cf_off_refs\000"
 1639      66665F72 
 1639      65667300 
 1640              	.LASF48:
 1641 01d2 73697A65 		.ascii	"sizetype\000"
 1641      74797065 
 1641      00
 1642              	.LASF70:
 1643 01db 63685F74 		.ascii	"ch_timesize\000"
 1643      696D6573 
 1643      697A6500 
 1644              	.LASF76:
 1645 01e7 63665F6F 		.ascii	"cf_off_name\000"
 1645      66665F6E 
 1645      616D6500 
 1646              	.LASF29:
 1647 01f3 705F6F6C 		.ascii	"p_older\000"
 1647      64657200 
 1648              	.LASF51:
 1649 01fb 725F6374 		.ascii	"r_ctx\000"
 1649      7800
 1650              	.LASF43:
 1651 0201 54687265 		.ascii	"ThreadsQueue\000"
 1651      61647351 
 1651      75657565 
 1651      00
 1652              	.LASF67:
 1653 020e 63685F73 		.ascii	"ch_size\000"
 1653      697A6500 
 1654              	.LASF88:
 1655 0216 474E5520 		.ascii	"GNU C 4.7.2\000"
 1655      4320342E 
 1655      372E3200 
 1656              	.LASF54:
 1657 0222 725F6375 		.ascii	"r_current\000"
 1657      7272656E 
 1657      7400
 1658              	.LASF53:
 1659 022c 725F6F6C 		.ascii	"r_older\000"
 1659      64657200 
 1660              	.LASF17:
 1661 0234 74726566 		.ascii	"trefs_t\000"
 1661      735F7400 
 1662              	.LASF69:
ARM GAS  /var/folders/dt/0wfd0knj7gs46m8vwfzktm600000gn/T//ccsSoSP6.s 			page 32


 1663 023c 63685F70 		.ascii	"ch_ptrsize\000"
 1663      74727369 
 1663      7A6500
 1664              	.LASF25:
 1665 0247 705F7072 		.ascii	"p_prev\000"
 1665      657600
 1666              	.LASF19:
 1667 024e 74707269 		.ascii	"tprio_t\000"
 1667      6F5F7400 
 1668              	.LASF14:
 1669 0256 5F426F6F 		.ascii	"_Bool\000"
 1669      6C00
 1670              	.LASF8:
 1671 025c 696E7433 		.ascii	"int32_t\000"
 1671      325F7400 
 1672              	.LASF4:
 1673 0264 756E7369 		.ascii	"unsigned char\000"
 1673      676E6564 
 1673      20636861 
 1673      7200
 1674              	.LASF40:
 1675 0272 705F6D74 		.ascii	"p_mtxlist\000"
 1675      786C6973 
 1675      7400
 1676              	.LASF5:
 1677 027c 73686F72 		.ascii	"short int\000"
 1677      7420696E 
 1677      7400
 1678              	.LASF31:
 1679 0286 705F7374 		.ascii	"p_state\000"
 1679      61746500 
 1680              	.LASF34:
 1681 028e 705F7072 		.ascii	"p_preempt\000"
 1681      65656D70 
 1681      7400
 1682              	.LASF82:
 1683 0298 63665F6F 		.ascii	"cf_off_time\000"
 1683      66665F74 
 1683      696D6500 
 1684              	.LASF50:
 1685 02a4 725F7072 		.ascii	"r_prio\000"
 1685      696F00
 1686              	.LASF63:
 1687 02ab 65776D61 		.ascii	"ewmask\000"
 1687      736B00
 1688              	.LASF24:
 1689 02b2 705F6E65 		.ascii	"p_next\000"
 1689      787400
 1690              	.LASF81:
 1691 02b9 63665F6F 		.ascii	"cf_off_preempt\000"
 1691      66665F70 
 1691      7265656D 
 1691      707400
 1692              	.LASF32:
 1693 02c8 705F666C 		.ascii	"p_flags\000"
 1693      61677300 
 1694              	.LASF91:
ARM GAS  /var/folders/dt/0wfd0knj7gs46m8vwfzktm600000gn/T//ccsSoSP6.s 			page 33


 1695 02d0 63685468 		.ascii	"chThdRelease\000"
 1695      6452656C 
 1695      65617365 
 1695      00
 1696              	.LASF23:
 1697 02dd 54687265 		.ascii	"Thread\000"
 1697      616400
 1698              	.LASF74:
 1699 02e4 63665F6F 		.ascii	"cf_off_newer\000"
 1699      66665F6E 
 1699      65776572 
 1699      00
 1700              	.LASF39:
 1701 02f1 705F6570 		.ascii	"p_epending\000"
 1701      656E6469 
 1701      6E6700
 1702              	.LASF10:
 1703 02fc 75696E74 		.ascii	"uint32_t\000"
 1703      33325F74 
 1703      00
 1704              	.LASF72:
 1705 0305 63665F6F 		.ascii	"cf_off_prio\000"
 1705      66665F70 
 1705      72696F00 
 1706              	.LASF49:
 1707 0311 725F7175 		.ascii	"r_queue\000"
 1707      65756500 
 1708              	.LASF64:
 1709 0319 63686172 		.ascii	"char\000"
 1709      00
 1710              	.LASF85:
 1711 031e 63685265 		.ascii	"chRegNextThread\000"
 1711      674E6578 
 1711      74546872 
 1711      65616400 
 1712              	.LASF59:
 1713 032e 6D5F6E65 		.ascii	"m_next\000"
 1713      787400
 1714              	.LASF22:
 1715 0335 73797374 		.ascii	"systime_t\000"
 1715      696D655F 
 1715      7400
 1716              	.LASF41:
 1717 033f 705F7265 		.ascii	"p_realprio\000"
 1717      616C7072 
 1717      696F00
 1718              	.LASF35:
 1719 034a 705F7469 		.ascii	"p_time\000"
 1719      6D6500
 1720              	.LASF46:
 1721 0351 696E7463 		.ascii	"intctx\000"
 1721      747800
 1722              	.LASF37:
 1723 0358 705F6D73 		.ascii	"p_msgqueue\000"
 1723      67717565 
 1723      756500
 1724              	.LASF89:
ARM GAS  /var/folders/dt/0wfd0knj7gs46m8vwfzktm600000gn/T//ccsSoSP6.s 			page 34


 1725 0363 2E2E2F2E 		.ascii	"../../os/kernel/src/chregistry.c\000"
 1725      2E2F6F73 
 1725      2F6B6572 
 1725      6E656C2F 
 1725      7372632F 
 1726              	.LASF73:
 1727 0384 63665F6F 		.ascii	"cf_off_ctx\000"
 1727      66665F63 
 1727      747800
 1728              	.LASF33:
 1729 038f 705F7265 		.ascii	"p_refs\000"
 1729      667300
 1730              	.LASF55:
 1731 0396 52656164 		.ascii	"ReadyList\000"
 1731      794C6973 
 1731      7400
 1732              	.LASF86:
 1733 03a0 726C6973 		.ascii	"rlist\000"
 1733      7400
 1734              	.LASF3:
 1735 03a6 75696E74 		.ascii	"uint8_t\000"
 1735      385F7400 
 1736              	.LASF62:
 1737 03ae 77746F62 		.ascii	"wtobjp\000"
 1737      6A7000
 1738              	.LASF30:
 1739 03b5 705F6E61 		.ascii	"p_name\000"
 1739      6D6500
 1740              	.LASF68:
 1741 03bc 63685F76 		.ascii	"ch_version\000"
 1741      65727369 
 1741      6F6E00
 1742              	.LASF58:
 1743 03c7 6D5F6F77 		.ascii	"m_owner\000"
 1743      6E657200 
 1744              	.LASF27:
 1745 03cf 705F6374 		.ascii	"p_ctx\000"
 1745      7800
 1746              	.LASF36:
 1747 03d5 705F7761 		.ascii	"p_waiting\000"
 1747      6974696E 
 1747      6700
 1748              		.ident	"GCC: (GNU) 4.7.2"
ARM GAS  /var/folders/dt/0wfd0knj7gs46m8vwfzktm600000gn/T//ccsSoSP6.s 			page 35


DEFINED SYMBOLS
                            *ABS*:0000000000000000 chregistry.c
/var/folders/dt/0wfd0knj7gs46m8vwfzktm600000gn/T//ccsSoSP6.s:19     .text.chRegFirstThread:0000000000000000 $t
/var/folders/dt/0wfd0knj7gs46m8vwfzktm600000gn/T//ccsSoSP6.s:25     .text.chRegFirstThread:0000000000000000 chRegFirstThread
/var/folders/dt/0wfd0knj7gs46m8vwfzktm600000gn/T//ccsSoSP6.s:72     .text.chRegNextThread:0000000000000000 $t
/var/folders/dt/0wfd0knj7gs46m8vwfzktm600000gn/T//ccsSoSP6.s:78     .text.chRegNextThread:0000000000000000 chRegNextThread
/var/folders/dt/0wfd0knj7gs46m8vwfzktm600000gn/T//ccsSoSP6.s:140    .text.chRegNextThread:0000000000000028 $d
/var/folders/dt/0wfd0knj7gs46m8vwfzktm600000gn/T//ccsSoSP6.s:149    .rodata.ch_debug:0000000000000000 ch_debug
/var/folders/dt/0wfd0knj7gs46m8vwfzktm600000gn/T//ccsSoSP6.s:146    .rodata.ch_debug:0000000000000000 $d
                     .debug_frame:0000000000000010 $d
/var/folders/dt/0wfd0knj7gs46m8vwfzktm600000gn/T//ccsSoSP6.s:145    .text.chRegNextThread:000000000000002c $t

UNDEFINED SYMBOLS
rlist
chThdRelease
