ARM GAS  /var/folders/dt/0wfd0knj7gs46m8vwfzktm600000gn/T//ccrY89y6.s 			page 1


   1              		.syntax unified
   2              		.cpu cortex-m3
   3              		.fpu softvfp
   4              		.eabi_attribute 20, 1
   5              		.eabi_attribute 21, 1
   6              		.eabi_attribute 23, 3
   7              		.eabi_attribute 24, 1
   8              		.eabi_attribute 25, 1
   9              		.eabi_attribute 26, 1
  10              		.eabi_attribute 30, 2
  11              		.eabi_attribute 34, 1
  12              		.eabi_attribute 18, 4
  13              		.thumb
  14              		.file	"chsys.c"
  15              		.text
  16              	.Ltext0:
  17              		.cfi_sections	.debug_frame
  18              		.section	.text._idle_thread,"ax",%progbits
  19              		.align	2
  20              		.p2align 4,,15
  21              		.global	_idle_thread
  22              		.thumb
  23              		.thumb_func
  24              		.type	_idle_thread, %function
  25              	_idle_thread:
  26              	.LFB7:
  27              		.file 1 "../../os/kernel/src/chsys.c"
  28              		.loc 1 61 0
  29              		.cfi_startproc
  30              		@ args = 0, pretend = 0, frame = 0
  31              		@ frame_needed = 0, uses_anonymous_args = 0
  32              		@ link register save eliminated.
  33              	.LVL0:
  34              		.loc 1 64 0
  35 0000 024B     		ldr	r3, .L4
  36 0002 034A     		ldr	r2, .L4+4
  37 0004 9B69     		ldr	r3, [r3, #24]
  38 0006 9A61     		str	r2, [r3, #24]
  39              	.L2:
  40 0008 FEE7     		b	.L2
  41              	.L5:
  42 000a 00BF     		.align	2
  43              	.L4:
  44 000c 00000000 		.word	rlist
  45 0010 00000000 		.word	.LC0
  46              		.cfi_endproc
  47              	.LFE7:
  48              		.size	_idle_thread, .-_idle_thread
  49 0014 AFF30080 		.section	.text.chSysInit,"ax",%progbits
  49      AFF30080 
  49      AFF30080 
  50              		.align	2
  51              		.p2align 4,,15
  52              		.global	chSysInit
  53              		.thumb
  54              		.thumb_func
  55              		.type	chSysInit, %function
ARM GAS  /var/folders/dt/0wfd0knj7gs46m8vwfzktm600000gn/T//ccrY89y6.s 			page 2


  56              	chSysInit:
  57              	.LFB8:
  58              		.loc 1 84 0
  59              		.cfi_startproc
  60              		@ args = 0, pretend = 0, frame = 0
  61              		@ frame_needed = 0, uses_anonymous_args = 0
  62 0000 00B5     		push	{lr}
  63              	.LCFI0:
  64              		.cfi_def_cfa_offset 4
  65              		.cfi_offset 14, -4
  66 0002 83B0     		sub	sp, sp, #12
  67              	.LCFI1:
  68              		.cfi_def_cfa_offset 16
  69              		.loc 1 90 0
  70 0004 FFF7FEFF 		bl	_port_init
  71              	.LVL1:
  72              		.loc 1 91 0
  73 0008 FFF7FEFF 		bl	_scheduler_init
  74              	.LVL2:
  75              		.loc 1 92 0
  76 000c FFF7FEFF 		bl	_vt_init
  77              	.LVL3:
  78              		.loc 1 94 0
  79 0010 FFF7FEFF 		bl	_core_init
  80              	.LVL4:
  81              		.loc 1 97 0
  82 0014 FFF7FEFF 		bl	_heap_init
  83              	.LVL5:
  84              		.loc 1 104 0
  85 0018 40F20000 		movw	r0, #:lower16:.LANCHOR0
  86 001c 4021     		movs	r1, #64
  87 001e C0F20000 		movt	r0, #:upper16:.LANCHOR0
  88 0022 FFF7FEFF 		bl	_thread_init
  89              	.LVL6:
  90 0026 40F20001 		movw	r1, #:lower16:rlist
  91 002a C0F20001 		movt	r1, #:upper16:rlist
  92 002e 8861     		str	r0, [r1, #24]
  93              		.loc 1 105 0
  94 0030 0122     		movs	r2, #1
  95 0032 0277     		strb	r2, [r0, #28]
  96              	.LBB2:
  97              		.loc 1 111 0
  98 0034 0023     		movs	r3, #0
  99              	.LVL7:
 100              	@ 111 "../../os/kernel/src/chsys.c" 1
 101 0036 83F31188 		msr     BASEPRI, r3                    
 102 003a 62B6     		cpsie   i
 103              	@ 0 "" 2
 104              	.LVL8:
 105              		.thumb
 106              	.LBE2:
 107              		.loc 1 115 0
 108 003c 40F20000 		movw	r0, #:lower16:ch_debug
 109 0040 8969     		ldr	r1, [r1, #24]
 110 0042 C0F20000 		movt	r0, #:upper16:ch_debug
 111 0046 8861     		str	r0, [r1, #24]
 112              		.loc 1 121 0
ARM GAS  /var/folders/dt/0wfd0knj7gs46m8vwfzktm600000gn/T//ccrY89y6.s 			page 3


 113 0048 0093     		str	r3, [sp, #0]
 114 004a 40F20000 		movw	r0, #:lower16:.LANCHOR1
 115 004e 40F20003 		movw	r3, #:lower16:_idle_thread
 116              	.LVL9:
 117 0052 C021     		movs	r1, #192
 118 0054 C0F20003 		movt	r3, #:upper16:_idle_thread
 119 0058 C0F20000 		movt	r0, #:upper16:.LANCHOR1
 120 005c FFF7FEFF 		bl	chThdCreateStatic
 121              	.LVL10:
 122              		.loc 1 124 0
 123 0060 03B0     		add	sp, sp, #12
 124 0062 00BD     		pop	{pc}
 125              		.cfi_endproc
 126              	.LFE8:
 127              		.size	chSysInit, .-chSysInit
 128 0064 AFF30080 		.section	.text.chSysTimerHandlerI,"ax",%progbits
 128      AFF30080 
 128      AFF30080 
 129              		.align	2
 130              		.p2align 4,,15
 131              		.global	chSysTimerHandlerI
 132              		.thumb
 133              		.thumb_func
 134              		.type	chSysTimerHandlerI, %function
 135              	chSysTimerHandlerI:
 136              	.LFB9:
 137              		.loc 1 137 0
 138              		.cfi_startproc
 139              		@ args = 0, pretend = 0, frame = 0
 140              		@ frame_needed = 0, uses_anonymous_args = 0
 141 0000 38B5     		push	{r3, r4, r5, lr}
 142              	.LCFI2:
 143              		.cfi_def_cfa_offset 16
 144              		.cfi_offset 3, -16
 145              		.cfi_offset 4, -12
 146              		.cfi_offset 5, -8
 147              		.cfi_offset 14, -4
 148              		.loc 1 143 0
 149 0002 134B     		ldr	r3, .L20
 150 0004 9B69     		ldr	r3, [r3, #24]
 151 0006 DA7F     		ldrb	r2, [r3, #31]	@ zero_extendqisi2
 152 0008 0AB1     		cbz	r2, .L8
 153              		.loc 1 145 0
 154 000a 013A     		subs	r2, r2, #1
 155 000c DA77     		strb	r2, [r3, #31]
 156              	.L8:
 157              		.loc 1 148 0
 158 000e 1A6A     		ldr	r2, [r3, #32]
 159              		.loc 1 150 0
 160 0010 104C     		ldr	r4, .L20+4
 161              		.loc 1 148 0
 162 0012 0132     		adds	r2, r2, #1
 163 0014 1A62     		str	r2, [r3, #32]
 164              		.loc 1 150 0
 165 0016 E368     		ldr	r3, [r4, #12]
 166 0018 2268     		ldr	r2, [r4, #0]
 167 001a 0133     		adds	r3, r3, #1
ARM GAS  /var/folders/dt/0wfd0knj7gs46m8vwfzktm600000gn/T//ccrY89y6.s 			page 4


 168 001c A242     		cmp	r2, r4
 169 001e E360     		str	r3, [r4, #12]
 170 0020 14D0     		beq	.L7
 171              	.LBB3:
 172              		.loc 1 150 0 is_stmt 0 discriminator 1
 173 0022 9568     		ldr	r5, [r2, #8]
 174 0024 013D     		subs	r5, r5, #1
 175 0026 9560     		str	r5, [r2, #8]
 176              	.LVL11:
 177 0028 85B9     		cbnz	r5, .L7
 178              	.L16:
 179              	.LBB4:
 180              		.loc 1 150 0 discriminator 3
 181 002a 1368     		ldr	r3, [r2, #0]
 182 002c D168     		ldr	r1, [r2, #12]
 183              	.LVL12:
 184 002e 5C60     		str	r4, [r3, #4]
 185 0030 2360     		str	r3, [r4, #0]
 186 0032 D560     		str	r5, [r2, #12]
 187              	.LBB5:
 188 0034 0023     		movs	r3, #0
 189              	.LVL13:
 190              	@ 150 "../../os/kernel/src/chsys.c" 1
 191 0036 83F31188 		msr     BASEPRI, r3
 192              	@ 0 "" 2
 193              	.LVL14:
 194              		.thumb
 195              	.LBE5:
 196 003a 1069     		ldr	r0, [r2, #16]
 197 003c 8847     		blx	r1
 198              	.LVL15:
 199              	.LBB6:
 200 003e 2023     		movs	r3, #32
 201              	.LVL16:
 202              	@ 150 "../../os/kernel/src/chsys.c" 1
 203 0040 83F31188 		msr     BASEPRI, r3
 204              	@ 0 "" 2
 205              	.LVL17:
 206              		.thumb
 207              	.LBE6:
 208              	.LBE4:
 209 0044 2268     		ldr	r2, [r4, #0]
 210              	.LVL18:
 211 0046 9368     		ldr	r3, [r2, #8]
 212              	.LVL19:
 213 0048 002B     		cmp	r3, #0
 214 004a EED0     		beq	.L16
 215              	.LVL20:
 216              	.L7:
 217 004c 38BD     		pop	{r3, r4, r5, pc}
 218              	.L21:
 219 004e 00BF     		.align	2
 220              	.L20:
 221 0050 00000000 		.word	rlist
 222 0054 00000000 		.word	vtlist
 223              	.LBE3:
 224              		.cfi_endproc
ARM GAS  /var/folders/dt/0wfd0knj7gs46m8vwfzktm600000gn/T//ccrY89y6.s 			page 5


 225              	.LFE9:
 226              		.size	chSysTimerHandlerI, .-chSysTimerHandlerI
 227              		.global	_idle_thread_wa
 228 0058 AFF30080 		.section	.bss.mainthread.4772,"aw",%nobits
 228      AFF30080 
 229              		.align	2
 230              		.set	.LANCHOR0,. + 0
 231              		.type	mainthread.4772, %object
 232              		.size	mainthread.4772, 72
 233              	mainthread.4772:
 234 0000 00000000 		.space	72
 234      00000000 
 234      00000000 
 234      00000000 
 234      00000000 
 235              		.section	.rodata.str1.4,"aMS",%progbits,1
 236              		.align	2
 237              	.LC0:
 238 0000 69646C65 		.ascii	"idle\000"
 238      00
 239 0005 000000   		.section	.bss._idle_thread_wa,"aw",%nobits
 240              		.align	3
 241              		.set	.LANCHOR1,. + 0
 242              		.type	_idle_thread_wa, %object
 243              		.size	_idle_thread_wa, 192
 244              	_idle_thread_wa:
 245 0000 00000000 		.space	192
 245      00000000 
 245      00000000 
 245      00000000 
 245      00000000 
 246              		.text
 247              	.Letext0:
 248              		.file 2 "/Users/toxygen/Applications/yagarto-4.7.2/bin/../lib/gcc/arm-none-eabi/4.7.2/include/stdd
 249              		.file 3 "/Users/toxygen/Applications/yagarto-4.7.2/bin/../lib/gcc/arm-none-eabi/4.7.2/../../../../
 250              		.file 4 "../../os/ports/GCC/ARMCMx/chtypes.h"
 251              		.file 5 "../../os/kernel/include/chlists.h"
 252              		.file 6 "../../os/kernel/include/chthreads.h"
 253              		.file 7 "../../os/ports/GCC/ARMCMx/chcore_v7m.h"
 254              		.file 8 "../../os/kernel/include/chvt.h"
 255              		.file 9 "../../os/kernel/include/chschd.h"
 256              		.file 10 "../../os/kernel/include/chmtx.h"
 257              		.file 11 "../../os/kernel/include/chregistry.h"
 258              		.file 12 "../../os/kernel/include/chmemcore.h"
 259              		.file 13 "../../os/kernel/include/chheap.h"
 260              		.section	.debug_info,"",%progbits
 261              	.Ldebug_info0:
 262 0000 A4080000 		.4byte	0x8a4
 263 0004 0200     		.2byte	0x2
 264 0006 00000000 		.4byte	.Ldebug_abbrev0
 265 000a 04       		.byte	0x4
 266 000b 01       		.uleb128 0x1
 267 000c BA020000 		.4byte	.LASF109
 268 0010 01       		.byte	0x1
 269 0011 4A040000 		.4byte	.LASF110
 270 0015 03010000 		.4byte	.LASF111
 271 0019 00000000 		.4byte	.Ldebug_ranges0+0
ARM GAS  /var/folders/dt/0wfd0knj7gs46m8vwfzktm600000gn/T//ccrY89y6.s 			page 6


 272 001d 00000000 		.4byte	0
 273 0021 00000000 		.4byte	0
 274 0025 00000000 		.4byte	.Ldebug_line0
 275 0029 02       		.uleb128 0x2
 276 002a 04       		.byte	0x4
 277 002b 05       		.byte	0x5
 278 002c 696E7400 		.ascii	"int\000"
 279 0030 03       		.uleb128 0x3
 280 0031 1B000000 		.4byte	.LASF2
 281 0035 02       		.byte	0x2
 282 0036 D5       		.byte	0xd5
 283 0037 3B000000 		.4byte	0x3b
 284 003b 04       		.uleb128 0x4
 285 003c 04       		.byte	0x4
 286 003d 07       		.byte	0x7
 287 003e A3010000 		.4byte	.LASF0
 288 0042 04       		.uleb128 0x4
 289 0043 01       		.byte	0x1
 290 0044 06       		.byte	0x6
 291 0045 B7000000 		.4byte	.LASF1
 292 0049 03       		.uleb128 0x3
 293 004a 66040000 		.4byte	.LASF3
 294 004e 03       		.byte	0x3
 295 004f 2A       		.byte	0x2a
 296 0050 54000000 		.4byte	0x54
 297 0054 04       		.uleb128 0x4
 298 0055 01       		.byte	0x1
 299 0056 08       		.byte	0x8
 300 0057 15030000 		.4byte	.LASF4
 301 005b 04       		.uleb128 0x4
 302 005c 02       		.byte	0x2
 303 005d 05       		.byte	0x5
 304 005e 38030000 		.4byte	.LASF5
 305 0062 03       		.uleb128 0x3
 306 0063 4A010000 		.4byte	.LASF6
 307 0067 03       		.byte	0x3
 308 0068 36       		.byte	0x36
 309 0069 6D000000 		.4byte	0x6d
 310 006d 04       		.uleb128 0x4
 311 006e 02       		.byte	0x2
 312 006f 07       		.byte	0x7
 313 0070 F6010000 		.4byte	.LASF7
 314 0074 03       		.uleb128 0x3
 315 0075 0D030000 		.4byte	.LASF8
 316 0079 03       		.byte	0x3
 317 007a 4F       		.byte	0x4f
 318 007b 7F000000 		.4byte	0x7f
 319 007f 04       		.uleb128 0x4
 320 0080 04       		.byte	0x4
 321 0081 05       		.byte	0x5
 322 0082 FA000000 		.4byte	.LASF9
 323 0086 03       		.uleb128 0x3
 324 0087 AB030000 		.4byte	.LASF10
 325 008b 03       		.byte	0x3
 326 008c 50       		.byte	0x50
 327 008d 91000000 		.4byte	0x91
 328 0091 04       		.uleb128 0x4
ARM GAS  /var/folders/dt/0wfd0knj7gs46m8vwfzktm600000gn/T//ccrY89y6.s 			page 7


 329 0092 04       		.byte	0x4
 330 0093 07       		.byte	0x7
 331 0094 C5010000 		.4byte	.LASF11
 332 0098 04       		.uleb128 0x4
 333 0099 08       		.byte	0x8
 334 009a 05       		.byte	0x5
 335 009b A9000000 		.4byte	.LASF12
 336 009f 03       		.uleb128 0x3
 337 00a0 29000000 		.4byte	.LASF13
 338 00a4 03       		.byte	0x3
 339 00a5 78       		.byte	0x78
 340 00a6 AA000000 		.4byte	0xaa
 341 00aa 04       		.uleb128 0x4
 342 00ab 08       		.byte	0x8
 343 00ac 07       		.byte	0x7
 344 00ad 4C000000 		.4byte	.LASF14
 345 00b1 04       		.uleb128 0x4
 346 00b2 01       		.byte	0x1
 347 00b3 02       		.byte	0x2
 348 00b4 07030000 		.4byte	.LASF15
 349 00b8 03       		.uleb128 0x3
 350 00b9 0F020000 		.4byte	.LASF16
 351 00bd 04       		.byte	0x4
 352 00be 2C       		.byte	0x2c
 353 00bf 49000000 		.4byte	0x49
 354 00c3 03       		.uleb128 0x3
 355 00c4 41010000 		.4byte	.LASF17
 356 00c8 04       		.byte	0x4
 357 00c9 2D       		.byte	0x2d
 358 00ca 49000000 		.4byte	0x49
 359 00ce 03       		.uleb128 0x3
 360 00cf E5020000 		.4byte	.LASF18
 361 00d3 04       		.byte	0x4
 362 00d4 2E       		.byte	0x2e
 363 00d5 49000000 		.4byte	0x49
 364 00d9 03       		.uleb128 0x3
 365 00da F0000000 		.4byte	.LASF19
 366 00de 04       		.byte	0x4
 367 00df 2F       		.byte	0x2f
 368 00e0 49000000 		.4byte	0x49
 369 00e4 03       		.uleb128 0x3
 370 00e5 FF020000 		.4byte	.LASF20
 371 00e9 04       		.byte	0x4
 372 00ea 30       		.byte	0x30
 373 00eb 86000000 		.4byte	0x86
 374 00ef 03       		.uleb128 0x3
 375 00f0 09020000 		.4byte	.LASF21
 376 00f4 04       		.byte	0x4
 377 00f5 31       		.byte	0x31
 378 00f6 74000000 		.4byte	0x74
 379 00fa 03       		.uleb128 0x3
 380 00fb 23020000 		.4byte	.LASF22
 381 00ff 04       		.byte	0x4
 382 0100 33       		.byte	0x33
 383 0101 86000000 		.4byte	0x86
 384 0105 03       		.uleb128 0x3
 385 0106 E1030000 		.4byte	.LASF23
ARM GAS  /var/folders/dt/0wfd0knj7gs46m8vwfzktm600000gn/T//ccrY89y6.s 			page 8


 386 010a 04       		.byte	0x4
 387 010b 35       		.byte	0x35
 388 010c 86000000 		.4byte	0x86
 389 0110 03       		.uleb128 0x3
 390 0111 8C030000 		.4byte	.LASF24
 391 0115 05       		.byte	0x5
 392 0116 2A       		.byte	0x2a
 393 0117 1B010000 		.4byte	0x11b
 394 011b 05       		.uleb128 0x5
 395 011c 8C030000 		.4byte	.LASF24
 396 0120 48       		.byte	0x48
 397 0121 06       		.byte	0x6
 398 0122 5E       		.byte	0x5e
 399 0123 40020000 		.4byte	0x240
 400 0127 06       		.uleb128 0x6
 401 0128 6E030000 		.4byte	.LASF25
 402 012c 06       		.byte	0x6
 403 012d 5F       		.byte	0x5f
 404 012e 65020000 		.4byte	0x265
 405 0132 02       		.byte	0x2
 406 0133 23       		.byte	0x23
 407 0134 00       		.uleb128 0
 408 0135 06       		.uleb128 0x6
 409 0136 F8020000 		.4byte	.LASF26
 410 013a 06       		.byte	0x6
 411 013b 61       		.byte	0x61
 412 013c 65020000 		.4byte	0x265
 413 0140 02       		.byte	0x2
 414 0141 23       		.byte	0x23
 415 0142 04       		.uleb128 0x4
 416 0143 06       		.uleb128 0x6
 417 0144 85000000 		.4byte	.LASF27
 418 0148 06       		.byte	0x6
 419 0149 63       		.byte	0x63
 420 014a E4000000 		.4byte	0xe4
 421 014e 02       		.byte	0x2
 422 014f 23       		.byte	0x23
 423 0150 08       		.uleb128 0x8
 424 0151 06       		.uleb128 0x6
 425 0152 AC040000 		.4byte	.LASF28
 426 0156 06       		.byte	0x6
 427 0157 64       		.byte	0x64
 428 0158 3E030000 		.4byte	0x33e
 429 015c 02       		.byte	0x2
 430 015d 23       		.byte	0x23
 431 015e 0C       		.uleb128 0xc
 432 015f 06       		.uleb128 0x6
 433 0160 5D010000 		.4byte	.LASF29
 434 0164 06       		.byte	0x6
 435 0165 66       		.byte	0x66
 436 0166 65020000 		.4byte	0x265
 437 016a 02       		.byte	0x2
 438 016b 23       		.byte	0x23
 439 016c 10       		.uleb128 0x10
 440 016d 06       		.uleb128 0x6
 441 016e 97020000 		.4byte	.LASF30
 442 0172 06       		.byte	0x6
ARM GAS  /var/folders/dt/0wfd0knj7gs46m8vwfzktm600000gn/T//ccrY89y6.s 			page 9


 443 0173 67       		.byte	0x67
 444 0174 65020000 		.4byte	0x265
 445 0178 02       		.byte	0x2
 446 0179 23       		.byte	0x23
 447 017a 14       		.uleb128 0x14
 448 017b 06       		.uleb128 0x6
 449 017c 80040000 		.4byte	.LASF31
 450 0180 06       		.byte	0x6
 451 0181 6E       		.byte	0x6e
 452 0182 1F050000 		.4byte	0x51f
 453 0186 02       		.byte	0x2
 454 0187 23       		.byte	0x23
 455 0188 18       		.uleb128 0x18
 456 0189 06       		.uleb128 0x6
 457 018a 42030000 		.4byte	.LASF32
 458 018e 06       		.byte	0x6
 459 018f 79       		.byte	0x79
 460 0190 C3000000 		.4byte	0xc3
 461 0194 02       		.byte	0x2
 462 0195 23       		.byte	0x23
 463 0196 1C       		.uleb128 0x1c
 464 0197 06       		.uleb128 0x6
 465 0198 84030000 		.4byte	.LASF33
 466 019c 06       		.byte	0x6
 467 019d 7D       		.byte	0x7d
 468 019e B8000000 		.4byte	0xb8
 469 01a2 02       		.byte	0x2
 470 01a3 23       		.byte	0x23
 471 01a4 1D       		.uleb128 0x1d
 472 01a5 06       		.uleb128 0x6
 473 01a6 33040000 		.4byte	.LASF34
 474 01aa 06       		.byte	0x6
 475 01ab 82       		.byte	0x82
 476 01ac CE000000 		.4byte	0xce
 477 01b0 02       		.byte	0x2
 478 01b1 23       		.byte	0x23
 479 01b2 1E       		.uleb128 0x1e
 480 01b3 06       		.uleb128 0x6
 481 01b4 4A030000 		.4byte	.LASF35
 482 01b8 06       		.byte	0x6
 483 01b9 88       		.byte	0x88
 484 01ba D9000000 		.4byte	0xd9
 485 01be 02       		.byte	0x2
 486 01bf 23       		.byte	0x23
 487 01c0 1F       		.uleb128 0x1f
 488 01c1 06       		.uleb128 0x6
 489 01c2 08040000 		.4byte	.LASF36
 490 01c6 06       		.byte	0x6
 491 01c7 8F       		.byte	0x8f
 492 01c8 2A040000 		.4byte	0x42a
 493 01cc 02       		.byte	0x2
 494 01cd 23       		.byte	0x23
 495 01ce 20       		.uleb128 0x20
 496 01cf 07       		.uleb128 0x7
 497 01d0 705F7500 		.ascii	"p_u\000"
 498 01d4 06       		.byte	0x6
 499 01d5 B4       		.byte	0xb4
ARM GAS  /var/folders/dt/0wfd0knj7gs46m8vwfzktm600000gn/T//ccrY89y6.s 			page 10


 500 01d6 EA040000 		.4byte	0x4ea
 501 01da 02       		.byte	0x2
 502 01db 23       		.byte	0x23
 503 01dc 24       		.uleb128 0x24
 504 01dd 06       		.uleb128 0x6
 505 01de B2040000 		.4byte	.LASF37
 506 01e2 06       		.byte	0x6
 507 01e3 B9       		.byte	0xb9
 508 01e4 8D020000 		.4byte	0x28d
 509 01e8 02       		.byte	0x2
 510 01e9 23       		.byte	0x23
 511 01ea 28       		.uleb128 0x28
 512 01eb 06       		.uleb128 0x6
 513 01ec 16040000 		.4byte	.LASF38
 514 01f0 06       		.byte	0x6
 515 01f1 BF       		.byte	0xbf
 516 01f2 6B020000 		.4byte	0x26b
 517 01f6 02       		.byte	0x2
 518 01f7 23       		.byte	0x23
 519 01f8 2C       		.uleb128 0x2c
 520 01f9 06       		.uleb128 0x6
 521 01fa 15000000 		.4byte	.LASF39
 522 01fe 06       		.byte	0x6
 523 01ff C3       		.byte	0xc3
 524 0200 EF000000 		.4byte	0xef
 525 0204 02       		.byte	0x2
 526 0205 23       		.byte	0x23
 527 0206 34       		.uleb128 0x34
 528 0207 06       		.uleb128 0x6
 529 0208 A0030000 		.4byte	.LASF40
 530 020c 06       		.byte	0x6
 531 020d C9       		.byte	0xc9
 532 020e FA000000 		.4byte	0xfa
 533 0212 02       		.byte	0x2
 534 0213 23       		.byte	0x23
 535 0214 38       		.uleb128 0x38
 536 0215 06       		.uleb128 0x6
 537 0216 2E030000 		.4byte	.LASF41
 538 021a 06       		.byte	0x6
 539 021b D0       		.byte	0xd0
 540 021c 31050000 		.4byte	0x531
 541 0220 02       		.byte	0x2
 542 0221 23       		.byte	0x23
 543 0222 3C       		.uleb128 0x3c
 544 0223 06       		.uleb128 0x6
 545 0224 EB030000 		.4byte	.LASF42
 546 0228 06       		.byte	0x6
 547 0229 D4       		.byte	0xd4
 548 022a E4000000 		.4byte	0xe4
 549 022e 02       		.byte	0x2
 550 022f 23       		.byte	0x23
 551 0230 40       		.uleb128 0x40
 552 0231 06       		.uleb128 0x6
 553 0232 E0000000 		.4byte	.LASF43
 554 0236 06       		.byte	0x6
 555 0237 DA       		.byte	0xda
 556 0238 A3020000 		.4byte	0x2a3
ARM GAS  /var/folders/dt/0wfd0knj7gs46m8vwfzktm600000gn/T//ccrY89y6.s 			page 11


 557 023c 02       		.byte	0x2
 558 023d 23       		.byte	0x23
 559 023e 44       		.uleb128 0x44
 560 023f 00       		.byte	0
 561 0240 08       		.uleb128 0x8
 562 0241 08       		.byte	0x8
 563 0242 05       		.byte	0x5
 564 0243 61       		.byte	0x61
 565 0244 65020000 		.4byte	0x265
 566 0248 06       		.uleb128 0x6
 567 0249 6E030000 		.4byte	.LASF25
 568 024d 05       		.byte	0x5
 569 024e 62       		.byte	0x62
 570 024f 65020000 		.4byte	0x265
 571 0253 02       		.byte	0x2
 572 0254 23       		.byte	0x23
 573 0255 00       		.uleb128 0
 574 0256 06       		.uleb128 0x6
 575 0257 F8020000 		.4byte	.LASF26
 576 025b 05       		.byte	0x5
 577 025c 64       		.byte	0x64
 578 025d 65020000 		.4byte	0x265
 579 0261 02       		.byte	0x2
 580 0262 23       		.byte	0x23
 581 0263 04       		.uleb128 0x4
 582 0264 00       		.byte	0
 583 0265 09       		.uleb128 0x9
 584 0266 04       		.byte	0x4
 585 0267 10010000 		.4byte	0x110
 586 026b 03       		.uleb128 0x3
 587 026c A5020000 		.4byte	.LASF44
 588 0270 05       		.byte	0x5
 589 0271 66       		.byte	0x66
 590 0272 40020000 		.4byte	0x240
 591 0276 08       		.uleb128 0x8
 592 0277 04       		.byte	0x4
 593 0278 05       		.byte	0x5
 594 0279 6B       		.byte	0x6b
 595 027a 8D020000 		.4byte	0x28d
 596 027e 06       		.uleb128 0x6
 597 027f 6E030000 		.4byte	.LASF25
 598 0283 05       		.byte	0x5
 599 0284 6D       		.byte	0x6d
 600 0285 65020000 		.4byte	0x265
 601 0289 02       		.byte	0x2
 602 028a 23       		.byte	0x23
 603 028b 00       		.uleb128 0
 604 028c 00       		.byte	0
 605 028d 03       		.uleb128 0x3
 606 028e 17020000 		.4byte	.LASF45
 607 0292 05       		.byte	0x5
 608 0293 70       		.byte	0x70
 609 0294 76020000 		.4byte	0x276
 610 0298 03       		.uleb128 0x3
 611 0299 7D010000 		.4byte	.LASF46
 612 029d 07       		.byte	0x7
 613 029e E5       		.byte	0xe5
ARM GAS  /var/folders/dt/0wfd0knj7gs46m8vwfzktm600000gn/T//ccrY89y6.s 			page 12


 614 029f A3020000 		.4byte	0x2a3
 615 02a3 0A       		.uleb128 0xa
 616 02a4 04       		.byte	0x4
 617 02a5 03       		.uleb128 0x3
 618 02a6 35020000 		.4byte	.LASF47
 619 02aa 07       		.byte	0x7
 620 02ab EB       		.byte	0xeb
 621 02ac 9F000000 		.4byte	0x9f
 622 02b0 0B       		.uleb128 0xb
 623 02b1 0F040000 		.4byte	.LASF48
 624 02b5 24       		.byte	0x24
 625 02b6 07       		.byte	0x7
 626 02b7 0C01     		.2byte	0x10c
 627 02b9 3E030000 		.4byte	0x33e
 628 02bd 0C       		.uleb128 0xc
 629 02be 723400   		.ascii	"r4\000"
 630 02c1 07       		.byte	0x7
 631 02c2 1F01     		.2byte	0x11f
 632 02c4 98020000 		.4byte	0x298
 633 02c8 02       		.byte	0x2
 634 02c9 23       		.byte	0x23
 635 02ca 00       		.uleb128 0
 636 02cb 0C       		.uleb128 0xc
 637 02cc 723500   		.ascii	"r5\000"
 638 02cf 07       		.byte	0x7
 639 02d0 2001     		.2byte	0x120
 640 02d2 98020000 		.4byte	0x298
 641 02d6 02       		.byte	0x2
 642 02d7 23       		.byte	0x23
 643 02d8 04       		.uleb128 0x4
 644 02d9 0C       		.uleb128 0xc
 645 02da 723600   		.ascii	"r6\000"
 646 02dd 07       		.byte	0x7
 647 02de 2101     		.2byte	0x121
 648 02e0 98020000 		.4byte	0x298
 649 02e4 02       		.byte	0x2
 650 02e5 23       		.byte	0x23
 651 02e6 08       		.uleb128 0x8
 652 02e7 0C       		.uleb128 0xc
 653 02e8 723700   		.ascii	"r7\000"
 654 02eb 07       		.byte	0x7
 655 02ec 2201     		.2byte	0x122
 656 02ee 98020000 		.4byte	0x298
 657 02f2 02       		.byte	0x2
 658 02f3 23       		.byte	0x23
 659 02f4 0C       		.uleb128 0xc
 660 02f5 0C       		.uleb128 0xc
 661 02f6 723800   		.ascii	"r8\000"
 662 02f9 07       		.byte	0x7
 663 02fa 2301     		.2byte	0x123
 664 02fc 98020000 		.4byte	0x298
 665 0300 02       		.byte	0x2
 666 0301 23       		.byte	0x23
 667 0302 10       		.uleb128 0x10
 668 0303 0C       		.uleb128 0xc
 669 0304 723900   		.ascii	"r9\000"
 670 0307 07       		.byte	0x7
ARM GAS  /var/folders/dt/0wfd0knj7gs46m8vwfzktm600000gn/T//ccrY89y6.s 			page 13


 671 0308 2401     		.2byte	0x124
 672 030a 98020000 		.4byte	0x298
 673 030e 02       		.byte	0x2
 674 030f 23       		.byte	0x23
 675 0310 14       		.uleb128 0x14
 676 0311 0C       		.uleb128 0xc
 677 0312 72313000 		.ascii	"r10\000"
 678 0316 07       		.byte	0x7
 679 0317 2501     		.2byte	0x125
 680 0319 98020000 		.4byte	0x298
 681 031d 02       		.byte	0x2
 682 031e 23       		.byte	0x23
 683 031f 18       		.uleb128 0x18
 684 0320 0C       		.uleb128 0xc
 685 0321 72313100 		.ascii	"r11\000"
 686 0325 07       		.byte	0x7
 687 0326 2601     		.2byte	0x126
 688 0328 98020000 		.4byte	0x298
 689 032c 02       		.byte	0x2
 690 032d 23       		.byte	0x23
 691 032e 1C       		.uleb128 0x1c
 692 032f 0C       		.uleb128 0xc
 693 0330 6C7200   		.ascii	"lr\000"
 694 0333 07       		.byte	0x7
 695 0334 2701     		.2byte	0x127
 696 0336 98020000 		.4byte	0x298
 697 033a 02       		.byte	0x2
 698 033b 23       		.byte	0x23
 699 033c 20       		.uleb128 0x20
 700 033d 00       		.byte	0
 701 033e 0B       		.uleb128 0xb
 702 033f EE010000 		.4byte	.LASF49
 703 0343 04       		.byte	0x4
 704 0344 07       		.byte	0x7
 705 0345 3101     		.2byte	0x131
 706 0347 5B030000 		.4byte	0x35b
 707 034b 0C       		.uleb128 0xc
 708 034c 72313300 		.ascii	"r13\000"
 709 0350 07       		.byte	0x7
 710 0351 3201     		.2byte	0x132
 711 0353 5B030000 		.4byte	0x35b
 712 0357 02       		.byte	0x2
 713 0358 23       		.byte	0x23
 714 0359 00       		.uleb128 0
 715 035a 00       		.byte	0
 716 035b 09       		.uleb128 0x9
 717 035c 04       		.byte	0x4
 718 035d B0020000 		.4byte	0x2b0
 719 0361 04       		.uleb128 0x4
 720 0362 04       		.byte	0x4
 721 0363 07       		.byte	0x7
 722 0364 6E020000 		.4byte	.LASF50
 723 0368 03       		.uleb128 0x3
 724 0369 F6030000 		.4byte	.LASF51
 725 036d 08       		.byte	0x8
 726 036e 58       		.byte	0x58
 727 036f 73030000 		.4byte	0x373
ARM GAS  /var/folders/dt/0wfd0knj7gs46m8vwfzktm600000gn/T//ccrY89y6.s 			page 14


 728 0373 09       		.uleb128 0x9
 729 0374 04       		.byte	0x4
 730 0375 79030000 		.4byte	0x379
 731 0379 0D       		.uleb128 0xd
 732 037a 01       		.byte	0x1
 733 037b 85030000 		.4byte	0x385
 734 037f 0E       		.uleb128 0xe
 735 0380 A3020000 		.4byte	0x2a3
 736 0384 00       		.byte	0
 737 0385 03       		.uleb128 0x3
 738 0386 C8030000 		.4byte	.LASF52
 739 038a 08       		.byte	0x8
 740 038b 5D       		.byte	0x5d
 741 038c 90030000 		.4byte	0x390
 742 0390 05       		.uleb128 0x5
 743 0391 C8030000 		.4byte	.LASF52
 744 0395 14       		.byte	0x14
 745 0396 08       		.byte	0x8
 746 0397 64       		.byte	0x64
 747 0398 E3030000 		.4byte	0x3e3
 748 039c 06       		.uleb128 0x6
 749 039d BD010000 		.4byte	.LASF53
 750 03a1 08       		.byte	0x8
 751 03a2 65       		.byte	0x65
 752 03a3 E3030000 		.4byte	0x3e3
 753 03a7 02       		.byte	0x2
 754 03a8 23       		.byte	0x23
 755 03a9 00       		.uleb128 0
 756 03aa 06       		.uleb128 0x6
 757 03ab 86010000 		.4byte	.LASF54
 758 03af 08       		.byte	0x8
 759 03b0 67       		.byte	0x67
 760 03b1 E3030000 		.4byte	0x3e3
 761 03b5 02       		.byte	0x2
 762 03b6 23       		.byte	0x23
 763 03b7 04       		.uleb128 0x4
 764 03b8 06       		.uleb128 0x6
 765 03b9 66020000 		.4byte	.LASF55
 766 03bd 08       		.byte	0x8
 767 03be 69       		.byte	0x69
 768 03bf 05010000 		.4byte	0x105
 769 03c3 02       		.byte	0x2
 770 03c4 23       		.byte	0x23
 771 03c5 08       		.uleb128 0x8
 772 03c6 06       		.uleb128 0x6
 773 03c7 77020000 		.4byte	.LASF56
 774 03cb 08       		.byte	0x8
 775 03cc 6A       		.byte	0x6a
 776 03cd 68030000 		.4byte	0x368
 777 03d1 02       		.byte	0x2
 778 03d2 23       		.byte	0x23
 779 03d3 0C       		.uleb128 0xc
 780 03d4 06       		.uleb128 0x6
 781 03d5 21040000 		.4byte	.LASF57
 782 03d9 08       		.byte	0x8
 783 03da 6C       		.byte	0x6c
 784 03db A3020000 		.4byte	0x2a3
ARM GAS  /var/folders/dt/0wfd0knj7gs46m8vwfzktm600000gn/T//ccrY89y6.s 			page 15


 785 03df 02       		.byte	0x2
 786 03e0 23       		.byte	0x23
 787 03e1 10       		.uleb128 0x10
 788 03e2 00       		.byte	0
 789 03e3 09       		.uleb128 0x9
 790 03e4 04       		.byte	0x4
 791 03e5 85030000 		.4byte	0x385
 792 03e9 08       		.uleb128 0x8
 793 03ea 10       		.byte	0x10
 794 03eb 08       		.byte	0x8
 795 03ec 76       		.byte	0x76
 796 03ed 2A040000 		.4byte	0x42a
 797 03f1 06       		.uleb128 0x6
 798 03f2 BD010000 		.4byte	.LASF53
 799 03f6 08       		.byte	0x8
 800 03f7 77       		.byte	0x77
 801 03f8 E3030000 		.4byte	0x3e3
 802 03fc 02       		.byte	0x2
 803 03fd 23       		.byte	0x23
 804 03fe 00       		.uleb128 0
 805 03ff 06       		.uleb128 0x6
 806 0400 86010000 		.4byte	.LASF54
 807 0404 08       		.byte	0x8
 808 0405 79       		.byte	0x79
 809 0406 E3030000 		.4byte	0x3e3
 810 040a 02       		.byte	0x2
 811 040b 23       		.byte	0x23
 812 040c 04       		.uleb128 0x4
 813 040d 06       		.uleb128 0x6
 814 040e 66020000 		.4byte	.LASF55
 815 0412 08       		.byte	0x8
 816 0413 7B       		.byte	0x7b
 817 0414 05010000 		.4byte	0x105
 818 0418 02       		.byte	0x2
 819 0419 23       		.byte	0x23
 820 041a 08       		.uleb128 0x8
 821 041b 06       		.uleb128 0x6
 822 041c 87040000 		.4byte	.LASF58
 823 0420 08       		.byte	0x8
 824 0421 7C       		.byte	0x7c
 825 0422 2A040000 		.4byte	0x42a
 826 0426 02       		.byte	0x2
 827 0427 23       		.byte	0x23
 828 0428 0C       		.uleb128 0xc
 829 0429 00       		.byte	0
 830 042a 0F       		.uleb128 0xf
 831 042b 05010000 		.4byte	0x105
 832 042f 03       		.uleb128 0x3
 833 0430 9D040000 		.4byte	.LASF59
 834 0434 08       		.byte	0x8
 835 0435 7D       		.byte	0x7d
 836 0436 E9030000 		.4byte	0x3e9
 837 043a 08       		.uleb128 0x8
 838 043b 1C       		.byte	0x1c
 839 043c 09       		.byte	0x9
 840 043d 5E       		.byte	0x5e
 841 043e 97040000 		.4byte	0x497
ARM GAS  /var/folders/dt/0wfd0knj7gs46m8vwfzktm600000gn/T//ccrY89y6.s 			page 16


 842 0442 06       		.uleb128 0x6
 843 0443 C0030000 		.4byte	.LASF60
 844 0447 09       		.byte	0x9
 845 0448 5F       		.byte	0x5f
 846 0449 6B020000 		.4byte	0x26b
 847 044d 02       		.byte	0x2
 848 044e 23       		.byte	0x23
 849 044f 00       		.uleb128 0
 850 0450 06       		.uleb128 0x6
 851 0451 60030000 		.4byte	.LASF61
 852 0455 09       		.byte	0x9
 853 0456 60       		.byte	0x60
 854 0457 E4000000 		.4byte	0xe4
 855 045b 02       		.byte	0x2
 856 045c 23       		.byte	0x23
 857 045d 08       		.uleb128 0x8
 858 045e 06       		.uleb128 0x6
 859 045f 9F020000 		.4byte	.LASF62
 860 0463 09       		.byte	0x9
 861 0464 62       		.byte	0x62
 862 0465 3E030000 		.4byte	0x33e
 863 0469 02       		.byte	0x2
 864 046a 23       		.byte	0x23
 865 046b 0C       		.uleb128 0xc
 866 046c 06       		.uleb128 0x6
 867 046d 75010000 		.4byte	.LASF63
 868 0471 09       		.byte	0x9
 869 0472 65       		.byte	0x65
 870 0473 65020000 		.4byte	0x265
 871 0477 02       		.byte	0x2
 872 0478 23       		.byte	0x23
 873 0479 10       		.uleb128 0x10
 874 047a 06       		.uleb128 0x6
 875 047b D0020000 		.4byte	.LASF64
 876 047f 09       		.byte	0x9
 877 0480 66       		.byte	0x66
 878 0481 65020000 		.4byte	0x265
 879 0485 02       		.byte	0x2
 880 0486 23       		.byte	0x23
 881 0487 14       		.uleb128 0x14
 882 0488 06       		.uleb128 0x6
 883 0489 C6020000 		.4byte	.LASF65
 884 048d 09       		.byte	0x9
 885 048e 69       		.byte	0x69
 886 048f 65020000 		.4byte	0x265
 887 0493 02       		.byte	0x2
 888 0494 23       		.byte	0x23
 889 0495 18       		.uleb128 0x18
 890 0496 00       		.byte	0
 891 0497 03       		.uleb128 0x3
 892 0498 3A040000 		.4byte	.LASF66
 893 049c 09       		.byte	0x9
 894 049d 6B       		.byte	0x6b
 895 049e 3A040000 		.4byte	0x43a
 896 04a2 05       		.uleb128 0x5
 897 04a3 2F020000 		.4byte	.LASF67
 898 04a7 10       		.byte	0x10
ARM GAS  /var/folders/dt/0wfd0knj7gs46m8vwfzktm600000gn/T//ccrY89y6.s 			page 17


 899 04a8 0A       		.byte	0xa
 900 04a9 2C       		.byte	0x2c
 901 04aa D9040000 		.4byte	0x4d9
 902 04ae 06       		.uleb128 0x6
 903 04af E8000000 		.4byte	.LASF68
 904 04b3 0A       		.byte	0xa
 905 04b4 2D       		.byte	0x2d
 906 04b5 6B020000 		.4byte	0x26b
 907 04b9 02       		.byte	0x2
 908 04ba 23       		.byte	0x23
 909 04bb 00       		.uleb128 0
 910 04bc 06       		.uleb128 0x6
 911 04bd A4040000 		.4byte	.LASF69
 912 04c1 0A       		.byte	0xa
 913 04c2 2F       		.byte	0x2f
 914 04c3 65020000 		.4byte	0x265
 915 04c7 02       		.byte	0x2
 916 04c8 23       		.byte	0x23
 917 04c9 08       		.uleb128 0x8
 918 04ca 06       		.uleb128 0x6
 919 04cb DA030000 		.4byte	.LASF70
 920 04cf 0A       		.byte	0xa
 921 04d0 31       		.byte	0x31
 922 04d1 D9040000 		.4byte	0x4d9
 923 04d5 02       		.byte	0x2
 924 04d6 23       		.byte	0x23
 925 04d7 0C       		.uleb128 0xc
 926 04d8 00       		.byte	0
 927 04d9 09       		.uleb128 0x9
 928 04da 04       		.byte	0x4
 929 04db A2040000 		.4byte	0x4a2
 930 04df 03       		.uleb128 0x3
 931 04e0 2F020000 		.4byte	.LASF67
 932 04e4 0A       		.byte	0xa
 933 04e5 33       		.byte	0x33
 934 04e6 A2040000 		.4byte	0x4a2
 935 04ea 10       		.uleb128 0x10
 936 04eb 04       		.byte	0x4
 937 04ec 06       		.byte	0x6
 938 04ed 96       		.byte	0x96
 939 04ee 1F050000 		.4byte	0x51f
 940 04f2 11       		.uleb128 0x11
 941 04f3 22000000 		.4byte	.LASF71
 942 04f7 06       		.byte	0x6
 943 04f8 9D       		.byte	0x9d
 944 04f9 EF000000 		.4byte	0xef
 945 04fd 11       		.uleb128 0x11
 946 04fe 71000000 		.4byte	.LASF72
 947 0502 06       		.byte	0x6
 948 0503 A4       		.byte	0xa4
 949 0504 EF000000 		.4byte	0xef
 950 0508 11       		.uleb128 0x11
 951 0509 79040000 		.4byte	.LASF73
 952 050d 06       		.byte	0x6
 953 050e AB       		.byte	0xab
 954 050f A3020000 		.4byte	0x2a3
 955 0513 11       		.uleb128 0x11
ARM GAS  /var/folders/dt/0wfd0knj7gs46m8vwfzktm600000gn/T//ccrY89y6.s 			page 18


 956 0514 67030000 		.4byte	.LASF74
 957 0518 06       		.byte	0x6
 958 0519 B2       		.byte	0xb2
 959 051a FA000000 		.4byte	0xfa
 960 051e 00       		.byte	0
 961 051f 09       		.uleb128 0x9
 962 0520 04       		.byte	0x4
 963 0521 25050000 		.4byte	0x525
 964 0525 12       		.uleb128 0x12
 965 0526 2A050000 		.4byte	0x52a
 966 052a 04       		.uleb128 0x4
 967 052b 01       		.byte	0x1
 968 052c 08       		.byte	0x8
 969 052d D5030000 		.4byte	.LASF75
 970 0531 09       		.uleb128 0x9
 971 0532 04       		.byte	0x4
 972 0533 DF040000 		.4byte	0x4df
 973 0537 03       		.uleb128 0x3
 974 0538 00000000 		.4byte	.LASF76
 975 053c 06       		.byte	0x6
 976 053d E5       		.byte	0xe5
 977 053e 42050000 		.4byte	0x542
 978 0542 09       		.uleb128 0x9
 979 0543 04       		.byte	0x4
 980 0544 48050000 		.4byte	0x548
 981 0548 13       		.uleb128 0x13
 982 0549 01       		.byte	0x1
 983 054a EF000000 		.4byte	0xef
 984 054e 58050000 		.4byte	0x558
 985 0552 0E       		.uleb128 0xe
 986 0553 A3020000 		.4byte	0x2a3
 987 0557 00       		.byte	0
 988 0558 08       		.uleb128 0x8
 989 0559 16       		.byte	0x16
 990 055a 0B       		.byte	0xb
 991 055b 2C       		.byte	0x2c
 992 055c 5D060000 		.4byte	0x65d
 993 0560 06       		.uleb128 0x6
 994 0561 E0010000 		.4byte	.LASF77
 995 0565 0B       		.byte	0xb
 996 0566 2D       		.byte	0x2d
 997 0567 5D060000 		.4byte	0x65d
 998 056b 02       		.byte	0x2
 999 056c 23       		.byte	0x23
 1000 056d 00       		.uleb128 0
 1001 056e 06       		.uleb128 0x6
 1002 056f 52020000 		.4byte	.LASF78
 1003 0573 0B       		.byte	0xb
 1004 0574 2E       		.byte	0x2e
 1005 0575 49000000 		.4byte	0x49
 1006 0579 02       		.byte	0x2
 1007 057a 23       		.byte	0x23
 1008 057b 04       		.uleb128 0x4
 1009 057c 06       		.uleb128 0x6
 1010 057d B2020000 		.4byte	.LASF79
 1011 0581 0B       		.byte	0xb
 1012 0582 2F       		.byte	0x2f
ARM GAS  /var/folders/dt/0wfd0knj7gs46m8vwfzktm600000gn/T//ccrY89y6.s 			page 19


 1013 0583 49000000 		.4byte	0x49
 1014 0587 02       		.byte	0x2
 1015 0588 23       		.byte	0x23
 1016 0589 05       		.uleb128 0x5
 1017 058a 06       		.uleb128 0x6
 1018 058b 92040000 		.4byte	.LASF80
 1019 058f 0B       		.byte	0xb
 1020 0590 30       		.byte	0x30
 1021 0591 62000000 		.4byte	0x62
 1022 0595 02       		.byte	0x2
 1023 0596 23       		.byte	0x23
 1024 0597 06       		.uleb128 0x6
 1025 0598 06       		.uleb128 0x6
 1026 0599 ED020000 		.4byte	.LASF81
 1027 059d 0B       		.byte	0xb
 1028 059e 31       		.byte	0x31
 1029 059f 49000000 		.4byte	0x49
 1030 05a3 02       		.byte	0x2
 1031 05a4 23       		.byte	0x23
 1032 05a5 08       		.uleb128 0x8
 1033 05a6 06       		.uleb128 0x6
 1034 05a7 7F020000 		.4byte	.LASF82
 1035 05ab 0B       		.byte	0xb
 1036 05ac 32       		.byte	0x32
 1037 05ad 49000000 		.4byte	0x49
 1038 05b1 02       		.byte	0x2
 1039 05b2 23       		.byte	0x23
 1040 05b3 09       		.uleb128 0x9
 1041 05b4 06       		.uleb128 0x6
 1042 05b5 63000000 		.4byte	.LASF83
 1043 05b9 0B       		.byte	0xb
 1044 05ba 33       		.byte	0x33
 1045 05bb 49000000 		.4byte	0x49
 1046 05bf 02       		.byte	0x2
 1047 05c0 23       		.byte	0x23
 1048 05c1 0A       		.uleb128 0xa
 1049 05c2 06       		.uleb128 0x6
 1050 05c3 B4030000 		.4byte	.LASF84
 1051 05c7 0B       		.byte	0xb
 1052 05c8 34       		.byte	0x34
 1053 05c9 49000000 		.4byte	0x49
 1054 05cd 02       		.byte	0x2
 1055 05ce 23       		.byte	0x23
 1056 05cf 0B       		.uleb128 0xb
 1057 05d0 06       		.uleb128 0x6
 1058 05d1 28040000 		.4byte	.LASF85
 1059 05d5 0B       		.byte	0xb
 1060 05d6 35       		.byte	0x35
 1061 05d7 49000000 		.4byte	0x49
 1062 05db 02       		.byte	0x2
 1063 05dc 23       		.byte	0x23
 1064 05dd 0C       		.uleb128 0xc
 1065 05de 06       		.uleb128 0x6
 1066 05df 93030000 		.4byte	.LASF86
 1067 05e3 0B       		.byte	0xb
 1068 05e4 36       		.byte	0x36
 1069 05e5 49000000 		.4byte	0x49
ARM GAS  /var/folders/dt/0wfd0knj7gs46m8vwfzktm600000gn/T//ccrY89y6.s 			page 20


 1070 05e9 02       		.byte	0x2
 1071 05ea 23       		.byte	0x23
 1072 05eb 0D       		.uleb128 0xd
 1073 05ec 06       		.uleb128 0x6
 1074 05ed 08000000 		.4byte	.LASF87
 1075 05f1 0B       		.byte	0xb
 1076 05f2 37       		.byte	0x37
 1077 05f3 49000000 		.4byte	0x49
 1078 05f7 02       		.byte	0x2
 1079 05f8 23       		.byte	0x23
 1080 05f9 0E       		.uleb128 0xe
 1081 05fa 06       		.uleb128 0x6
 1082 05fb 8B020000 		.4byte	.LASF88
 1083 05ff 0B       		.byte	0xb
 1084 0600 38       		.byte	0x38
 1085 0601 49000000 		.4byte	0x49
 1086 0605 02       		.byte	0x2
 1087 0606 23       		.byte	0x23
 1088 0607 0F       		.uleb128 0xf
 1089 0608 06       		.uleb128 0x6
 1090 0609 C3000000 		.4byte	.LASF89
 1091 060d 0B       		.byte	0xb
 1092 060e 39       		.byte	0x39
 1093 060f 49000000 		.4byte	0x49
 1094 0613 02       		.byte	0x2
 1095 0614 23       		.byte	0x23
 1096 0615 10       		.uleb128 0x10
 1097 0616 06       		.uleb128 0x6
 1098 0617 8C000000 		.4byte	.LASF90
 1099 061b 0B       		.byte	0xb
 1100 061c 3B       		.byte	0x3b
 1101 061d 49000000 		.4byte	0x49
 1102 0621 02       		.byte	0x2
 1103 0622 23       		.byte	0x23
 1104 0623 11       		.uleb128 0x11
 1105 0624 06       		.uleb128 0x6
 1106 0625 D3000000 		.4byte	.LASF91
 1107 0629 0B       		.byte	0xb
 1108 062a 3C       		.byte	0x3c
 1109 062b 49000000 		.4byte	0x49
 1110 062f 02       		.byte	0x2
 1111 0630 23       		.byte	0x23
 1112 0631 12       		.uleb128 0x12
 1113 0632 06       		.uleb128 0x6
 1114 0633 5A020000 		.4byte	.LASF92
 1115 0637 0B       		.byte	0xb
 1116 0638 3D       		.byte	0x3d
 1117 0639 49000000 		.4byte	0x49
 1118 063d 02       		.byte	0x2
 1119 063e 23       		.byte	0x23
 1120 063f 13       		.uleb128 0x13
 1121 0640 06       		.uleb128 0x6
 1122 0641 75030000 		.4byte	.LASF93
 1123 0645 0B       		.byte	0xb
 1124 0646 3E       		.byte	0x3e
 1125 0647 49000000 		.4byte	0x49
 1126 064b 02       		.byte	0x2
ARM GAS  /var/folders/dt/0wfd0knj7gs46m8vwfzktm600000gn/T//ccrY89y6.s 			page 21


 1127 064c 23       		.byte	0x23
 1128 064d 14       		.uleb128 0x14
 1129 064e 06       		.uleb128 0x6
 1130 064f 54030000 		.4byte	.LASF94
 1131 0653 0B       		.byte	0xb
 1132 0654 40       		.byte	0x40
 1133 0655 49000000 		.4byte	0x49
 1134 0659 02       		.byte	0x2
 1135 065a 23       		.byte	0x23
 1136 065b 15       		.uleb128 0x15
 1137 065c 00       		.byte	0
 1138 065d 14       		.uleb128 0x14
 1139 065e 2A050000 		.4byte	0x52a
 1140 0662 6D060000 		.4byte	0x66d
 1141 0666 15       		.uleb128 0x15
 1142 0667 61030000 		.4byte	0x361
 1143 066b 03       		.byte	0x3
 1144 066c 00       		.byte	0
 1145 066d 03       		.uleb128 0x3
 1146 066e 53010000 		.4byte	.LASF95
 1147 0672 0B       		.byte	0xb
 1148 0673 41       		.byte	0x41
 1149 0674 58050000 		.4byte	0x558
 1150 0678 16       		.uleb128 0x16
 1151 0679 01       		.byte	0x1
 1152 067a D8020000 		.4byte	.LASF96
 1153 067e 01       		.byte	0x1
 1154 067f 3D       		.byte	0x3d
 1155 0680 01       		.byte	0x1
 1156 0681 00000000 		.4byte	.LFB7
 1157 0685 14000000 		.4byte	.LFE7
 1158 0689 02       		.byte	0x2
 1159 068a 7D       		.byte	0x7d
 1160 068b 00       		.sleb128 0
 1161 068c 01       		.byte	0x1
 1162 068d 9D060000 		.4byte	0x69d
 1163 0691 17       		.uleb128 0x17
 1164 0692 7000     		.ascii	"p\000"
 1165 0694 01       		.byte	0x1
 1166 0695 3D       		.byte	0x3d
 1167 0696 A3020000 		.4byte	0x2a3
 1168 069a 01       		.byte	0x1
 1169 069b 50       		.byte	0x50
 1170 069c 00       		.byte	0
 1171 069d 18       		.uleb128 0x18
 1172 069e 01       		.byte	0x1
 1173 069f 8E010000 		.4byte	.LASF97
 1174 06a3 01       		.byte	0x1
 1175 06a4 54       		.byte	0x54
 1176 06a5 01       		.byte	0x1
 1177 06a6 00000000 		.4byte	.LFB8
 1178 06aa 64000000 		.4byte	.LFE8
 1179 06ae 00000000 		.4byte	.LLST0
 1180 06b2 01       		.byte	0x1
 1181 06b3 5D070000 		.4byte	0x75d
 1182 06b7 19       		.uleb128 0x19
 1183 06b8 7A000000 		.4byte	.LASF98
ARM GAS  /var/folders/dt/0wfd0knj7gs46m8vwfzktm600000gn/T//ccrY89y6.s 			page 22


 1184 06bc 01       		.byte	0x1
 1185 06bd 55       		.byte	0x55
 1186 06be 10010000 		.4byte	0x110
 1187 06c2 05       		.byte	0x5
 1188 06c3 03       		.byte	0x3
 1189 06c4 00000000 		.4byte	mainthread.4772
 1190 06c8 1A       		.uleb128 0x1a
 1191 06c9 34000000 		.4byte	.LBB2
 1192 06cd 3C000000 		.4byte	.LBE2
 1193 06d1 E5060000 		.4byte	0x6e5
 1194 06d5 1B       		.uleb128 0x1b
 1195 06d6 746D7000 		.ascii	"tmp\000"
 1196 06da 01       		.byte	0x1
 1197 06db 6F       		.byte	0x6f
 1198 06dc 86000000 		.4byte	0x86
 1199 06e0 2C000000 		.4byte	.LLST1
 1200 06e4 00       		.byte	0
 1201 06e5 1C       		.uleb128 0x1c
 1202 06e6 08000000 		.4byte	.LVL1
 1203 06ea 2D080000 		.4byte	0x82d
 1204 06ee 1C       		.uleb128 0x1c
 1205 06ef 0C000000 		.4byte	.LVL2
 1206 06f3 38080000 		.4byte	0x838
 1207 06f7 1C       		.uleb128 0x1c
 1208 06f8 10000000 		.4byte	.LVL3
 1209 06fc 42080000 		.4byte	0x842
 1210 0700 1C       		.uleb128 0x1c
 1211 0701 14000000 		.4byte	.LVL4
 1212 0705 4C080000 		.4byte	0x84c
 1213 0709 1C       		.uleb128 0x1c
 1214 070a 18000000 		.4byte	.LVL5
 1215 070e 56080000 		.4byte	0x856
 1216 0712 1D       		.uleb128 0x1d
 1217 0713 26000000 		.4byte	.LVL6
 1218 0717 60080000 		.4byte	0x860
 1219 071b 2F070000 		.4byte	0x72f
 1220 071f 1E       		.uleb128 0x1e
 1221 0720 01       		.byte	0x1
 1222 0721 51       		.byte	0x51
 1223 0722 02       		.byte	0x2
 1224 0723 08       		.byte	0x8
 1225 0724 40       		.byte	0x40
 1226 0725 1E       		.uleb128 0x1e
 1227 0726 01       		.byte	0x1
 1228 0727 50       		.byte	0x50
 1229 0728 05       		.byte	0x5
 1230 0729 03       		.byte	0x3
 1231 072a 00000000 		.4byte	.LANCHOR0
 1232 072e 00       		.byte	0
 1233 072f 1F       		.uleb128 0x1f
 1234 0730 60000000 		.4byte	.LVL10
 1235 0734 7E080000 		.4byte	0x87e
 1236 0738 1E       		.uleb128 0x1e
 1237 0739 01       		.byte	0x1
 1238 073a 53       		.byte	0x53
 1239 073b 05       		.byte	0x5
 1240 073c 03       		.byte	0x3
ARM GAS  /var/folders/dt/0wfd0knj7gs46m8vwfzktm600000gn/T//ccrY89y6.s 			page 23


 1241 073d 00000000 		.4byte	_idle_thread
 1242 0741 1E       		.uleb128 0x1e
 1243 0742 01       		.byte	0x1
 1244 0743 52       		.byte	0x52
 1245 0744 01       		.byte	0x1
 1246 0745 31       		.byte	0x31
 1247 0746 1E       		.uleb128 0x1e
 1248 0747 01       		.byte	0x1
 1249 0748 51       		.byte	0x51
 1250 0749 02       		.byte	0x2
 1251 074a 08       		.byte	0x8
 1252 074b C0       		.byte	0xc0
 1253 074c 1E       		.uleb128 0x1e
 1254 074d 01       		.byte	0x1
 1255 074e 50       		.byte	0x50
 1256 074f 05       		.byte	0x5
 1257 0750 03       		.byte	0x3
 1258 0751 00000000 		.4byte	.LANCHOR1
 1259 0755 1E       		.uleb128 0x1e
 1260 0756 02       		.byte	0x2
 1261 0757 7D       		.byte	0x7d
 1262 0758 00       		.sleb128 0
 1263 0759 01       		.byte	0x1
 1264 075a 30       		.byte	0x30
 1265 075b 00       		.byte	0
 1266 075c 00       		.byte	0
 1267 075d 20       		.uleb128 0x20
 1268 075e 01       		.byte	0x1
 1269 075f 39000000 		.4byte	.LASF99
 1270 0763 01       		.byte	0x1
 1271 0764 89       		.byte	0x89
 1272 0765 01       		.byte	0x1
 1273 0766 00000000 		.4byte	.LFB9
 1274 076a 58000000 		.4byte	.LFE9
 1275 076e 3F000000 		.4byte	.LLST2
 1276 0772 01       		.byte	0x1
 1277 0773 DF070000 		.4byte	0x7df
 1278 0777 21       		.uleb128 0x21
 1279 0778 22000000 		.4byte	.LBB3
 1280 077c 58000000 		.4byte	.LBE3
 1281 0780 1B       		.uleb128 0x1b
 1282 0781 76747000 		.ascii	"vtp\000"
 1283 0785 01       		.byte	0x1
 1284 0786 96       		.byte	0x96
 1285 0787 E3030000 		.4byte	0x3e3
 1286 078b 5F000000 		.4byte	.LLST3
 1287 078f 21       		.uleb128 0x21
 1288 0790 2A000000 		.4byte	.LBB4
 1289 0794 44000000 		.4byte	.LBE4
 1290 0798 1B       		.uleb128 0x1b
 1291 0799 666E00   		.ascii	"fn\000"
 1292 079c 01       		.byte	0x1
 1293 079d 96       		.byte	0x96
 1294 079e 68030000 		.4byte	0x368
 1295 07a2 7D000000 		.4byte	.LLST4
 1296 07a6 1A       		.uleb128 0x1a
 1297 07a7 34000000 		.4byte	.LBB5
ARM GAS  /var/folders/dt/0wfd0knj7gs46m8vwfzktm600000gn/T//ccrY89y6.s 			page 24


 1298 07ab 3A000000 		.4byte	.LBE5
 1299 07af C3070000 		.4byte	0x7c3
 1300 07b3 1B       		.uleb128 0x1b
 1301 07b4 746D7000 		.ascii	"tmp\000"
 1302 07b8 01       		.byte	0x1
 1303 07b9 96       		.byte	0x96
 1304 07ba 86000000 		.4byte	0x86
 1305 07be 90000000 		.4byte	.LLST5
 1306 07c2 00       		.byte	0
 1307 07c3 21       		.uleb128 0x21
 1308 07c4 3E000000 		.4byte	.LBB6
 1309 07c8 44000000 		.4byte	.LBE6
 1310 07cc 1B       		.uleb128 0x1b
 1311 07cd 746D7000 		.ascii	"tmp\000"
 1312 07d1 01       		.byte	0x1
 1313 07d2 96       		.byte	0x96
 1314 07d3 86000000 		.4byte	0x86
 1315 07d7 A3000000 		.4byte	.LLST6
 1316 07db 00       		.byte	0
 1317 07dc 00       		.byte	0
 1318 07dd 00       		.byte	0
 1319 07de 00       		.byte	0
 1320 07df 22       		.uleb128 0x22
 1321 07e0 32000000 		.4byte	.LASF100
 1322 07e4 08       		.byte	0x8
 1323 07e5 DB       		.byte	0xdb
 1324 07e6 2F040000 		.4byte	0x42f
 1325 07ea 01       		.byte	0x1
 1326 07eb 01       		.byte	0x1
 1327 07ec 22       		.uleb128 0x22
 1328 07ed 44040000 		.4byte	.LASF101
 1329 07f1 09       		.byte	0x9
 1330 07f2 6F       		.byte	0x6f
 1331 07f3 97040000 		.4byte	0x497
 1332 07f7 01       		.byte	0x1
 1333 07f8 01       		.byte	0x1
 1334 07f9 22       		.uleb128 0x22
 1335 07fa D7010000 		.4byte	.LASF102
 1336 07fe 0B       		.byte	0xb
 1337 07ff 7E       		.byte	0x7e
 1338 0800 06080000 		.4byte	0x806
 1339 0804 01       		.byte	0x1
 1340 0805 01       		.byte	0x1
 1341 0806 12       		.uleb128 0x12
 1342 0807 6D060000 		.4byte	0x66d
 1343 080b 14       		.uleb128 0x14
 1344 080c A5020000 		.4byte	0x2a5
 1345 0810 1B080000 		.4byte	0x81b
 1346 0814 15       		.uleb128 0x15
 1347 0815 61030000 		.4byte	0x361
 1348 0819 17       		.byte	0x17
 1349 081a 00       		.byte	0
 1350 081b 23       		.uleb128 0x23
 1351 081c 65010000 		.4byte	.LASF103
 1352 0820 01       		.byte	0x1
 1353 0821 31       		.byte	0x31
 1354 0822 0B080000 		.4byte	0x80b
ARM GAS  /var/folders/dt/0wfd0knj7gs46m8vwfzktm600000gn/T//ccrY89y6.s 			page 25


 1355 0826 01       		.byte	0x1
 1356 0827 05       		.byte	0x5
 1357 0828 03       		.byte	0x3
 1358 0829 00000000 		.4byte	_idle_thread_wa
 1359 082d 24       		.uleb128 0x24
 1360 082e 01       		.byte	0x1
 1361 082f 6E040000 		.4byte	.LASF104
 1362 0833 07       		.byte	0x7
 1363 0834 0202     		.2byte	0x202
 1364 0836 01       		.byte	0x1
 1365 0837 01       		.byte	0x1
 1366 0838 25       		.uleb128 0x25
 1367 0839 01       		.byte	0x1
 1368 083a 99000000 		.4byte	.LASF105
 1369 083e 09       		.byte	0x9
 1370 083f 8E       		.byte	0x8e
 1371 0840 01       		.byte	0x1
 1372 0841 01       		.byte	0x1
 1373 0842 25       		.uleb128 0x25
 1374 0843 01       		.byte	0x1
 1375 0844 FF030000 		.4byte	.LASF106
 1376 0848 08       		.byte	0x8
 1377 0849 E3       		.byte	0xe3
 1378 084a 01       		.byte	0x1
 1379 084b 01       		.byte	0x1
 1380 084c 25       		.uleb128 0x25
 1381 084d 01       		.byte	0x1
 1382 084e 23030000 		.4byte	.LASF107
 1383 0852 0C       		.byte	0xc
 1384 0853 51       		.byte	0x51
 1385 0854 01       		.byte	0x1
 1386 0855 01       		.byte	0x1
 1387 0856 25       		.uleb128 0x25
 1388 0857 01       		.byte	0x1
 1389 0858 98010000 		.4byte	.LASF108
 1390 085c 0D       		.byte	0xd
 1391 085d 55       		.byte	0x55
 1392 085e 01       		.byte	0x1
 1393 085f 01       		.byte	0x1
 1394 0860 26       		.uleb128 0x26
 1395 0861 01       		.byte	0x1
 1396 0862 B0010000 		.4byte	.LASF112
 1397 0866 06       		.byte	0x6
 1398 0867 6A01     		.2byte	0x16a
 1399 0869 01       		.byte	0x1
 1400 086a 65020000 		.4byte	0x265
 1401 086e 01       		.byte	0x1
 1402 086f 7E080000 		.4byte	0x87e
 1403 0873 0E       		.uleb128 0xe
 1404 0874 65020000 		.4byte	0x265
 1405 0878 0E       		.uleb128 0xe
 1406 0879 E4000000 		.4byte	0xe4
 1407 087d 00       		.byte	0
 1408 087e 27       		.uleb128 0x27
 1409 087f 01       		.byte	0x1
 1410 0880 40020000 		.4byte	.LASF113
 1411 0884 06       		.byte	0x6
ARM GAS  /var/folders/dt/0wfd0knj7gs46m8vwfzktm600000gn/T//ccrY89y6.s 			page 26


 1412 0885 7001     		.2byte	0x170
 1413 0887 01       		.byte	0x1
 1414 0888 65020000 		.4byte	0x265
 1415 088c 01       		.byte	0x1
 1416 088d 0E       		.uleb128 0xe
 1417 088e A3020000 		.4byte	0x2a3
 1418 0892 0E       		.uleb128 0xe
 1419 0893 30000000 		.4byte	0x30
 1420 0897 0E       		.uleb128 0xe
 1421 0898 E4000000 		.4byte	0xe4
 1422 089c 0E       		.uleb128 0xe
 1423 089d 37050000 		.4byte	0x537
 1424 08a1 0E       		.uleb128 0xe
 1425 08a2 A3020000 		.4byte	0x2a3
 1426 08a6 00       		.byte	0
 1427 08a7 00       		.byte	0
 1428              		.section	.debug_abbrev,"",%progbits
 1429              	.Ldebug_abbrev0:
 1430 0000 01       		.uleb128 0x1
 1431 0001 11       		.uleb128 0x11
 1432 0002 01       		.byte	0x1
 1433 0003 25       		.uleb128 0x25
 1434 0004 0E       		.uleb128 0xe
 1435 0005 13       		.uleb128 0x13
 1436 0006 0B       		.uleb128 0xb
 1437 0007 03       		.uleb128 0x3
 1438 0008 0E       		.uleb128 0xe
 1439 0009 1B       		.uleb128 0x1b
 1440 000a 0E       		.uleb128 0xe
 1441 000b 55       		.uleb128 0x55
 1442 000c 06       		.uleb128 0x6
 1443 000d 11       		.uleb128 0x11
 1444 000e 01       		.uleb128 0x1
 1445 000f 52       		.uleb128 0x52
 1446 0010 01       		.uleb128 0x1
 1447 0011 10       		.uleb128 0x10
 1448 0012 06       		.uleb128 0x6
 1449 0013 00       		.byte	0
 1450 0014 00       		.byte	0
 1451 0015 02       		.uleb128 0x2
 1452 0016 24       		.uleb128 0x24
 1453 0017 00       		.byte	0
 1454 0018 0B       		.uleb128 0xb
 1455 0019 0B       		.uleb128 0xb
 1456 001a 3E       		.uleb128 0x3e
 1457 001b 0B       		.uleb128 0xb
 1458 001c 03       		.uleb128 0x3
 1459 001d 08       		.uleb128 0x8
 1460 001e 00       		.byte	0
 1461 001f 00       		.byte	0
 1462 0020 03       		.uleb128 0x3
 1463 0021 16       		.uleb128 0x16
 1464 0022 00       		.byte	0
 1465 0023 03       		.uleb128 0x3
 1466 0024 0E       		.uleb128 0xe
 1467 0025 3A       		.uleb128 0x3a
 1468 0026 0B       		.uleb128 0xb
ARM GAS  /var/folders/dt/0wfd0knj7gs46m8vwfzktm600000gn/T//ccrY89y6.s 			page 27


 1469 0027 3B       		.uleb128 0x3b
 1470 0028 0B       		.uleb128 0xb
 1471 0029 49       		.uleb128 0x49
 1472 002a 13       		.uleb128 0x13
 1473 002b 00       		.byte	0
 1474 002c 00       		.byte	0
 1475 002d 04       		.uleb128 0x4
 1476 002e 24       		.uleb128 0x24
 1477 002f 00       		.byte	0
 1478 0030 0B       		.uleb128 0xb
 1479 0031 0B       		.uleb128 0xb
 1480 0032 3E       		.uleb128 0x3e
 1481 0033 0B       		.uleb128 0xb
 1482 0034 03       		.uleb128 0x3
 1483 0035 0E       		.uleb128 0xe
 1484 0036 00       		.byte	0
 1485 0037 00       		.byte	0
 1486 0038 05       		.uleb128 0x5
 1487 0039 13       		.uleb128 0x13
 1488 003a 01       		.byte	0x1
 1489 003b 03       		.uleb128 0x3
 1490 003c 0E       		.uleb128 0xe
 1491 003d 0B       		.uleb128 0xb
 1492 003e 0B       		.uleb128 0xb
 1493 003f 3A       		.uleb128 0x3a
 1494 0040 0B       		.uleb128 0xb
 1495 0041 3B       		.uleb128 0x3b
 1496 0042 0B       		.uleb128 0xb
 1497 0043 01       		.uleb128 0x1
 1498 0044 13       		.uleb128 0x13
 1499 0045 00       		.byte	0
 1500 0046 00       		.byte	0
 1501 0047 06       		.uleb128 0x6
 1502 0048 0D       		.uleb128 0xd
 1503 0049 00       		.byte	0
 1504 004a 03       		.uleb128 0x3
 1505 004b 0E       		.uleb128 0xe
 1506 004c 3A       		.uleb128 0x3a
 1507 004d 0B       		.uleb128 0xb
 1508 004e 3B       		.uleb128 0x3b
 1509 004f 0B       		.uleb128 0xb
 1510 0050 49       		.uleb128 0x49
 1511 0051 13       		.uleb128 0x13
 1512 0052 38       		.uleb128 0x38
 1513 0053 0A       		.uleb128 0xa
 1514 0054 00       		.byte	0
 1515 0055 00       		.byte	0
 1516 0056 07       		.uleb128 0x7
 1517 0057 0D       		.uleb128 0xd
 1518 0058 00       		.byte	0
 1519 0059 03       		.uleb128 0x3
 1520 005a 08       		.uleb128 0x8
 1521 005b 3A       		.uleb128 0x3a
 1522 005c 0B       		.uleb128 0xb
 1523 005d 3B       		.uleb128 0x3b
 1524 005e 0B       		.uleb128 0xb
 1525 005f 49       		.uleb128 0x49
ARM GAS  /var/folders/dt/0wfd0knj7gs46m8vwfzktm600000gn/T//ccrY89y6.s 			page 28


 1526 0060 13       		.uleb128 0x13
 1527 0061 38       		.uleb128 0x38
 1528 0062 0A       		.uleb128 0xa
 1529 0063 00       		.byte	0
 1530 0064 00       		.byte	0
 1531 0065 08       		.uleb128 0x8
 1532 0066 13       		.uleb128 0x13
 1533 0067 01       		.byte	0x1
 1534 0068 0B       		.uleb128 0xb
 1535 0069 0B       		.uleb128 0xb
 1536 006a 3A       		.uleb128 0x3a
 1537 006b 0B       		.uleb128 0xb
 1538 006c 3B       		.uleb128 0x3b
 1539 006d 0B       		.uleb128 0xb
 1540 006e 01       		.uleb128 0x1
 1541 006f 13       		.uleb128 0x13
 1542 0070 00       		.byte	0
 1543 0071 00       		.byte	0
 1544 0072 09       		.uleb128 0x9
 1545 0073 0F       		.uleb128 0xf
 1546 0074 00       		.byte	0
 1547 0075 0B       		.uleb128 0xb
 1548 0076 0B       		.uleb128 0xb
 1549 0077 49       		.uleb128 0x49
 1550 0078 13       		.uleb128 0x13
 1551 0079 00       		.byte	0
 1552 007a 00       		.byte	0
 1553 007b 0A       		.uleb128 0xa
 1554 007c 0F       		.uleb128 0xf
 1555 007d 00       		.byte	0
 1556 007e 0B       		.uleb128 0xb
 1557 007f 0B       		.uleb128 0xb
 1558 0080 00       		.byte	0
 1559 0081 00       		.byte	0
 1560 0082 0B       		.uleb128 0xb
 1561 0083 13       		.uleb128 0x13
 1562 0084 01       		.byte	0x1
 1563 0085 03       		.uleb128 0x3
 1564 0086 0E       		.uleb128 0xe
 1565 0087 0B       		.uleb128 0xb
 1566 0088 0B       		.uleb128 0xb
 1567 0089 3A       		.uleb128 0x3a
 1568 008a 0B       		.uleb128 0xb
 1569 008b 3B       		.uleb128 0x3b
 1570 008c 05       		.uleb128 0x5
 1571 008d 01       		.uleb128 0x1
 1572 008e 13       		.uleb128 0x13
 1573 008f 00       		.byte	0
 1574 0090 00       		.byte	0
 1575 0091 0C       		.uleb128 0xc
 1576 0092 0D       		.uleb128 0xd
 1577 0093 00       		.byte	0
 1578 0094 03       		.uleb128 0x3
 1579 0095 08       		.uleb128 0x8
 1580 0096 3A       		.uleb128 0x3a
 1581 0097 0B       		.uleb128 0xb
 1582 0098 3B       		.uleb128 0x3b
ARM GAS  /var/folders/dt/0wfd0knj7gs46m8vwfzktm600000gn/T//ccrY89y6.s 			page 29


 1583 0099 05       		.uleb128 0x5
 1584 009a 49       		.uleb128 0x49
 1585 009b 13       		.uleb128 0x13
 1586 009c 38       		.uleb128 0x38
 1587 009d 0A       		.uleb128 0xa
 1588 009e 00       		.byte	0
 1589 009f 00       		.byte	0
 1590 00a0 0D       		.uleb128 0xd
 1591 00a1 15       		.uleb128 0x15
 1592 00a2 01       		.byte	0x1
 1593 00a3 27       		.uleb128 0x27
 1594 00a4 0C       		.uleb128 0xc
 1595 00a5 01       		.uleb128 0x1
 1596 00a6 13       		.uleb128 0x13
 1597 00a7 00       		.byte	0
 1598 00a8 00       		.byte	0
 1599 00a9 0E       		.uleb128 0xe
 1600 00aa 05       		.uleb128 0x5
 1601 00ab 00       		.byte	0
 1602 00ac 49       		.uleb128 0x49
 1603 00ad 13       		.uleb128 0x13
 1604 00ae 00       		.byte	0
 1605 00af 00       		.byte	0
 1606 00b0 0F       		.uleb128 0xf
 1607 00b1 35       		.uleb128 0x35
 1608 00b2 00       		.byte	0
 1609 00b3 49       		.uleb128 0x49
 1610 00b4 13       		.uleb128 0x13
 1611 00b5 00       		.byte	0
 1612 00b6 00       		.byte	0
 1613 00b7 10       		.uleb128 0x10
 1614 00b8 17       		.uleb128 0x17
 1615 00b9 01       		.byte	0x1
 1616 00ba 0B       		.uleb128 0xb
 1617 00bb 0B       		.uleb128 0xb
 1618 00bc 3A       		.uleb128 0x3a
 1619 00bd 0B       		.uleb128 0xb
 1620 00be 3B       		.uleb128 0x3b
 1621 00bf 0B       		.uleb128 0xb
 1622 00c0 01       		.uleb128 0x1
 1623 00c1 13       		.uleb128 0x13
 1624 00c2 00       		.byte	0
 1625 00c3 00       		.byte	0
 1626 00c4 11       		.uleb128 0x11
 1627 00c5 0D       		.uleb128 0xd
 1628 00c6 00       		.byte	0
 1629 00c7 03       		.uleb128 0x3
 1630 00c8 0E       		.uleb128 0xe
 1631 00c9 3A       		.uleb128 0x3a
 1632 00ca 0B       		.uleb128 0xb
 1633 00cb 3B       		.uleb128 0x3b
 1634 00cc 0B       		.uleb128 0xb
 1635 00cd 49       		.uleb128 0x49
 1636 00ce 13       		.uleb128 0x13
 1637 00cf 00       		.byte	0
 1638 00d0 00       		.byte	0
 1639 00d1 12       		.uleb128 0x12
ARM GAS  /var/folders/dt/0wfd0knj7gs46m8vwfzktm600000gn/T//ccrY89y6.s 			page 30


 1640 00d2 26       		.uleb128 0x26
 1641 00d3 00       		.byte	0
 1642 00d4 49       		.uleb128 0x49
 1643 00d5 13       		.uleb128 0x13
 1644 00d6 00       		.byte	0
 1645 00d7 00       		.byte	0
 1646 00d8 13       		.uleb128 0x13
 1647 00d9 15       		.uleb128 0x15
 1648 00da 01       		.byte	0x1
 1649 00db 27       		.uleb128 0x27
 1650 00dc 0C       		.uleb128 0xc
 1651 00dd 49       		.uleb128 0x49
 1652 00de 13       		.uleb128 0x13
 1653 00df 01       		.uleb128 0x1
 1654 00e0 13       		.uleb128 0x13
 1655 00e1 00       		.byte	0
 1656 00e2 00       		.byte	0
 1657 00e3 14       		.uleb128 0x14
 1658 00e4 01       		.uleb128 0x1
 1659 00e5 01       		.byte	0x1
 1660 00e6 49       		.uleb128 0x49
 1661 00e7 13       		.uleb128 0x13
 1662 00e8 01       		.uleb128 0x1
 1663 00e9 13       		.uleb128 0x13
 1664 00ea 00       		.byte	0
 1665 00eb 00       		.byte	0
 1666 00ec 15       		.uleb128 0x15
 1667 00ed 21       		.uleb128 0x21
 1668 00ee 00       		.byte	0
 1669 00ef 49       		.uleb128 0x49
 1670 00f0 13       		.uleb128 0x13
 1671 00f1 2F       		.uleb128 0x2f
 1672 00f2 0B       		.uleb128 0xb
 1673 00f3 00       		.byte	0
 1674 00f4 00       		.byte	0
 1675 00f5 16       		.uleb128 0x16
 1676 00f6 2E       		.uleb128 0x2e
 1677 00f7 01       		.byte	0x1
 1678 00f8 3F       		.uleb128 0x3f
 1679 00f9 0C       		.uleb128 0xc
 1680 00fa 03       		.uleb128 0x3
 1681 00fb 0E       		.uleb128 0xe
 1682 00fc 3A       		.uleb128 0x3a
 1683 00fd 0B       		.uleb128 0xb
 1684 00fe 3B       		.uleb128 0x3b
 1685 00ff 0B       		.uleb128 0xb
 1686 0100 27       		.uleb128 0x27
 1687 0101 0C       		.uleb128 0xc
 1688 0102 11       		.uleb128 0x11
 1689 0103 01       		.uleb128 0x1
 1690 0104 12       		.uleb128 0x12
 1691 0105 01       		.uleb128 0x1
 1692 0106 40       		.uleb128 0x40
 1693 0107 0A       		.uleb128 0xa
 1694 0108 9742     		.uleb128 0x2117
 1695 010a 0C       		.uleb128 0xc
 1696 010b 01       		.uleb128 0x1
ARM GAS  /var/folders/dt/0wfd0knj7gs46m8vwfzktm600000gn/T//ccrY89y6.s 			page 31


 1697 010c 13       		.uleb128 0x13
 1698 010d 00       		.byte	0
 1699 010e 00       		.byte	0
 1700 010f 17       		.uleb128 0x17
 1701 0110 05       		.uleb128 0x5
 1702 0111 00       		.byte	0
 1703 0112 03       		.uleb128 0x3
 1704 0113 08       		.uleb128 0x8
 1705 0114 3A       		.uleb128 0x3a
 1706 0115 0B       		.uleb128 0xb
 1707 0116 3B       		.uleb128 0x3b
 1708 0117 0B       		.uleb128 0xb
 1709 0118 49       		.uleb128 0x49
 1710 0119 13       		.uleb128 0x13
 1711 011a 02       		.uleb128 0x2
 1712 011b 0A       		.uleb128 0xa
 1713 011c 00       		.byte	0
 1714 011d 00       		.byte	0
 1715 011e 18       		.uleb128 0x18
 1716 011f 2E       		.uleb128 0x2e
 1717 0120 01       		.byte	0x1
 1718 0121 3F       		.uleb128 0x3f
 1719 0122 0C       		.uleb128 0xc
 1720 0123 03       		.uleb128 0x3
 1721 0124 0E       		.uleb128 0xe
 1722 0125 3A       		.uleb128 0x3a
 1723 0126 0B       		.uleb128 0xb
 1724 0127 3B       		.uleb128 0x3b
 1725 0128 0B       		.uleb128 0xb
 1726 0129 27       		.uleb128 0x27
 1727 012a 0C       		.uleb128 0xc
 1728 012b 11       		.uleb128 0x11
 1729 012c 01       		.uleb128 0x1
 1730 012d 12       		.uleb128 0x12
 1731 012e 01       		.uleb128 0x1
 1732 012f 40       		.uleb128 0x40
 1733 0130 06       		.uleb128 0x6
 1734 0131 9742     		.uleb128 0x2117
 1735 0133 0C       		.uleb128 0xc
 1736 0134 01       		.uleb128 0x1
 1737 0135 13       		.uleb128 0x13
 1738 0136 00       		.byte	0
 1739 0137 00       		.byte	0
 1740 0138 19       		.uleb128 0x19
 1741 0139 34       		.uleb128 0x34
 1742 013a 00       		.byte	0
 1743 013b 03       		.uleb128 0x3
 1744 013c 0E       		.uleb128 0xe
 1745 013d 3A       		.uleb128 0x3a
 1746 013e 0B       		.uleb128 0xb
 1747 013f 3B       		.uleb128 0x3b
 1748 0140 0B       		.uleb128 0xb
 1749 0141 49       		.uleb128 0x49
 1750 0142 13       		.uleb128 0x13
 1751 0143 02       		.uleb128 0x2
 1752 0144 0A       		.uleb128 0xa
 1753 0145 00       		.byte	0
ARM GAS  /var/folders/dt/0wfd0knj7gs46m8vwfzktm600000gn/T//ccrY89y6.s 			page 32


 1754 0146 00       		.byte	0
 1755 0147 1A       		.uleb128 0x1a
 1756 0148 0B       		.uleb128 0xb
 1757 0149 01       		.byte	0x1
 1758 014a 11       		.uleb128 0x11
 1759 014b 01       		.uleb128 0x1
 1760 014c 12       		.uleb128 0x12
 1761 014d 01       		.uleb128 0x1
 1762 014e 01       		.uleb128 0x1
 1763 014f 13       		.uleb128 0x13
 1764 0150 00       		.byte	0
 1765 0151 00       		.byte	0
 1766 0152 1B       		.uleb128 0x1b
 1767 0153 34       		.uleb128 0x34
 1768 0154 00       		.byte	0
 1769 0155 03       		.uleb128 0x3
 1770 0156 08       		.uleb128 0x8
 1771 0157 3A       		.uleb128 0x3a
 1772 0158 0B       		.uleb128 0xb
 1773 0159 3B       		.uleb128 0x3b
 1774 015a 0B       		.uleb128 0xb
 1775 015b 49       		.uleb128 0x49
 1776 015c 13       		.uleb128 0x13
 1777 015d 02       		.uleb128 0x2
 1778 015e 06       		.uleb128 0x6
 1779 015f 00       		.byte	0
 1780 0160 00       		.byte	0
 1781 0161 1C       		.uleb128 0x1c
 1782 0162 898201   		.uleb128 0x4109
 1783 0165 00       		.byte	0
 1784 0166 11       		.uleb128 0x11
 1785 0167 01       		.uleb128 0x1
 1786 0168 31       		.uleb128 0x31
 1787 0169 13       		.uleb128 0x13
 1788 016a 00       		.byte	0
 1789 016b 00       		.byte	0
 1790 016c 1D       		.uleb128 0x1d
 1791 016d 898201   		.uleb128 0x4109
 1792 0170 01       		.byte	0x1
 1793 0171 11       		.uleb128 0x11
 1794 0172 01       		.uleb128 0x1
 1795 0173 31       		.uleb128 0x31
 1796 0174 13       		.uleb128 0x13
 1797 0175 01       		.uleb128 0x1
 1798 0176 13       		.uleb128 0x13
 1799 0177 00       		.byte	0
 1800 0178 00       		.byte	0
 1801 0179 1E       		.uleb128 0x1e
 1802 017a 8A8201   		.uleb128 0x410a
 1803 017d 00       		.byte	0
 1804 017e 02       		.uleb128 0x2
 1805 017f 0A       		.uleb128 0xa
 1806 0180 9142     		.uleb128 0x2111
 1807 0182 0A       		.uleb128 0xa
 1808 0183 00       		.byte	0
 1809 0184 00       		.byte	0
 1810 0185 1F       		.uleb128 0x1f
ARM GAS  /var/folders/dt/0wfd0knj7gs46m8vwfzktm600000gn/T//ccrY89y6.s 			page 33


 1811 0186 898201   		.uleb128 0x4109
 1812 0189 01       		.byte	0x1
 1813 018a 11       		.uleb128 0x11
 1814 018b 01       		.uleb128 0x1
 1815 018c 31       		.uleb128 0x31
 1816 018d 13       		.uleb128 0x13
 1817 018e 00       		.byte	0
 1818 018f 00       		.byte	0
 1819 0190 20       		.uleb128 0x20
 1820 0191 2E       		.uleb128 0x2e
 1821 0192 01       		.byte	0x1
 1822 0193 3F       		.uleb128 0x3f
 1823 0194 0C       		.uleb128 0xc
 1824 0195 03       		.uleb128 0x3
 1825 0196 0E       		.uleb128 0xe
 1826 0197 3A       		.uleb128 0x3a
 1827 0198 0B       		.uleb128 0xb
 1828 0199 3B       		.uleb128 0x3b
 1829 019a 0B       		.uleb128 0xb
 1830 019b 27       		.uleb128 0x27
 1831 019c 0C       		.uleb128 0xc
 1832 019d 11       		.uleb128 0x11
 1833 019e 01       		.uleb128 0x1
 1834 019f 12       		.uleb128 0x12
 1835 01a0 01       		.uleb128 0x1
 1836 01a1 40       		.uleb128 0x40
 1837 01a2 06       		.uleb128 0x6
 1838 01a3 9642     		.uleb128 0x2116
 1839 01a5 0C       		.uleb128 0xc
 1840 01a6 01       		.uleb128 0x1
 1841 01a7 13       		.uleb128 0x13
 1842 01a8 00       		.byte	0
 1843 01a9 00       		.byte	0
 1844 01aa 21       		.uleb128 0x21
 1845 01ab 0B       		.uleb128 0xb
 1846 01ac 01       		.byte	0x1
 1847 01ad 11       		.uleb128 0x11
 1848 01ae 01       		.uleb128 0x1
 1849 01af 12       		.uleb128 0x12
 1850 01b0 01       		.uleb128 0x1
 1851 01b1 00       		.byte	0
 1852 01b2 00       		.byte	0
 1853 01b3 22       		.uleb128 0x22
 1854 01b4 34       		.uleb128 0x34
 1855 01b5 00       		.byte	0
 1856 01b6 03       		.uleb128 0x3
 1857 01b7 0E       		.uleb128 0xe
 1858 01b8 3A       		.uleb128 0x3a
 1859 01b9 0B       		.uleb128 0xb
 1860 01ba 3B       		.uleb128 0x3b
 1861 01bb 0B       		.uleb128 0xb
 1862 01bc 49       		.uleb128 0x49
 1863 01bd 13       		.uleb128 0x13
 1864 01be 3F       		.uleb128 0x3f
 1865 01bf 0C       		.uleb128 0xc
 1866 01c0 3C       		.uleb128 0x3c
 1867 01c1 0C       		.uleb128 0xc
ARM GAS  /var/folders/dt/0wfd0knj7gs46m8vwfzktm600000gn/T//ccrY89y6.s 			page 34


 1868 01c2 00       		.byte	0
 1869 01c3 00       		.byte	0
 1870 01c4 23       		.uleb128 0x23
 1871 01c5 34       		.uleb128 0x34
 1872 01c6 00       		.byte	0
 1873 01c7 03       		.uleb128 0x3
 1874 01c8 0E       		.uleb128 0xe
 1875 01c9 3A       		.uleb128 0x3a
 1876 01ca 0B       		.uleb128 0xb
 1877 01cb 3B       		.uleb128 0x3b
 1878 01cc 0B       		.uleb128 0xb
 1879 01cd 49       		.uleb128 0x49
 1880 01ce 13       		.uleb128 0x13
 1881 01cf 3F       		.uleb128 0x3f
 1882 01d0 0C       		.uleb128 0xc
 1883 01d1 02       		.uleb128 0x2
 1884 01d2 0A       		.uleb128 0xa
 1885 01d3 00       		.byte	0
 1886 01d4 00       		.byte	0
 1887 01d5 24       		.uleb128 0x24
 1888 01d6 2E       		.uleb128 0x2e
 1889 01d7 00       		.byte	0
 1890 01d8 3F       		.uleb128 0x3f
 1891 01d9 0C       		.uleb128 0xc
 1892 01da 03       		.uleb128 0x3
 1893 01db 0E       		.uleb128 0xe
 1894 01dc 3A       		.uleb128 0x3a
 1895 01dd 0B       		.uleb128 0xb
 1896 01de 3B       		.uleb128 0x3b
 1897 01df 05       		.uleb128 0x5
 1898 01e0 27       		.uleb128 0x27
 1899 01e1 0C       		.uleb128 0xc
 1900 01e2 3C       		.uleb128 0x3c
 1901 01e3 0C       		.uleb128 0xc
 1902 01e4 00       		.byte	0
 1903 01e5 00       		.byte	0
 1904 01e6 25       		.uleb128 0x25
 1905 01e7 2E       		.uleb128 0x2e
 1906 01e8 00       		.byte	0
 1907 01e9 3F       		.uleb128 0x3f
 1908 01ea 0C       		.uleb128 0xc
 1909 01eb 03       		.uleb128 0x3
 1910 01ec 0E       		.uleb128 0xe
 1911 01ed 3A       		.uleb128 0x3a
 1912 01ee 0B       		.uleb128 0xb
 1913 01ef 3B       		.uleb128 0x3b
 1914 01f0 0B       		.uleb128 0xb
 1915 01f1 27       		.uleb128 0x27
 1916 01f2 0C       		.uleb128 0xc
 1917 01f3 3C       		.uleb128 0x3c
 1918 01f4 0C       		.uleb128 0xc
 1919 01f5 00       		.byte	0
 1920 01f6 00       		.byte	0
 1921 01f7 26       		.uleb128 0x26
 1922 01f8 2E       		.uleb128 0x2e
 1923 01f9 01       		.byte	0x1
 1924 01fa 3F       		.uleb128 0x3f
ARM GAS  /var/folders/dt/0wfd0knj7gs46m8vwfzktm600000gn/T//ccrY89y6.s 			page 35


 1925 01fb 0C       		.uleb128 0xc
 1926 01fc 03       		.uleb128 0x3
 1927 01fd 0E       		.uleb128 0xe
 1928 01fe 3A       		.uleb128 0x3a
 1929 01ff 0B       		.uleb128 0xb
 1930 0200 3B       		.uleb128 0x3b
 1931 0201 05       		.uleb128 0x5
 1932 0202 27       		.uleb128 0x27
 1933 0203 0C       		.uleb128 0xc
 1934 0204 49       		.uleb128 0x49
 1935 0205 13       		.uleb128 0x13
 1936 0206 3C       		.uleb128 0x3c
 1937 0207 0C       		.uleb128 0xc
 1938 0208 01       		.uleb128 0x1
 1939 0209 13       		.uleb128 0x13
 1940 020a 00       		.byte	0
 1941 020b 00       		.byte	0
 1942 020c 27       		.uleb128 0x27
 1943 020d 2E       		.uleb128 0x2e
 1944 020e 01       		.byte	0x1
 1945 020f 3F       		.uleb128 0x3f
 1946 0210 0C       		.uleb128 0xc
 1947 0211 03       		.uleb128 0x3
 1948 0212 0E       		.uleb128 0xe
 1949 0213 3A       		.uleb128 0x3a
 1950 0214 0B       		.uleb128 0xb
 1951 0215 3B       		.uleb128 0x3b
 1952 0216 05       		.uleb128 0x5
 1953 0217 27       		.uleb128 0x27
 1954 0218 0C       		.uleb128 0xc
 1955 0219 49       		.uleb128 0x49
 1956 021a 13       		.uleb128 0x13
 1957 021b 3C       		.uleb128 0x3c
 1958 021c 0C       		.uleb128 0xc
 1959 021d 00       		.byte	0
 1960 021e 00       		.byte	0
 1961 021f 00       		.byte	0
 1962              		.section	.debug_loc,"",%progbits
 1963              	.Ldebug_loc0:
 1964              	.LLST0:
 1965 0000 00000000 		.4byte	.LFB8
 1966 0004 02000000 		.4byte	.LCFI0
 1967 0008 0200     		.2byte	0x2
 1968 000a 7D       		.byte	0x7d
 1969 000b 00       		.sleb128 0
 1970 000c 02000000 		.4byte	.LCFI0
 1971 0010 04000000 		.4byte	.LCFI1
 1972 0014 0200     		.2byte	0x2
 1973 0016 7D       		.byte	0x7d
 1974 0017 04       		.sleb128 4
 1975 0018 04000000 		.4byte	.LCFI1
 1976 001c 64000000 		.4byte	.LFE8
 1977 0020 0200     		.2byte	0x2
 1978 0022 7D       		.byte	0x7d
 1979 0023 10       		.sleb128 16
 1980 0024 00000000 		.4byte	0
 1981 0028 00000000 		.4byte	0
ARM GAS  /var/folders/dt/0wfd0knj7gs46m8vwfzktm600000gn/T//ccrY89y6.s 			page 36


 1982              	.LLST1:
 1983 002c 3C000000 		.4byte	.LVL8
 1984 0030 52000000 		.4byte	.LVL9
 1985 0034 0100     		.2byte	0x1
 1986 0036 53       		.byte	0x53
 1987 0037 00000000 		.4byte	0
 1988 003b 00000000 		.4byte	0
 1989              	.LLST2:
 1990 003f 00000000 		.4byte	.LFB9
 1991 0043 02000000 		.4byte	.LCFI2
 1992 0047 0200     		.2byte	0x2
 1993 0049 7D       		.byte	0x7d
 1994 004a 00       		.sleb128 0
 1995 004b 02000000 		.4byte	.LCFI2
 1996 004f 58000000 		.4byte	.LFE9
 1997 0053 0200     		.2byte	0x2
 1998 0055 7D       		.byte	0x7d
 1999 0056 10       		.sleb128 16
 2000 0057 00000000 		.4byte	0
 2001 005b 00000000 		.4byte	0
 2002              	.LLST3:
 2003 005f 28000000 		.4byte	.LVL11
 2004 0063 3D000000 		.4byte	.LVL15-1
 2005 0067 0100     		.2byte	0x1
 2006 0069 52       		.byte	0x52
 2007 006a 46000000 		.4byte	.LVL18
 2008 006e 4C000000 		.4byte	.LVL20
 2009 0072 0100     		.2byte	0x1
 2010 0074 52       		.byte	0x52
 2011 0075 00000000 		.4byte	0
 2012 0079 00000000 		.4byte	0
 2013              	.LLST4:
 2014 007d 2E000000 		.4byte	.LVL12
 2015 0081 3D000000 		.4byte	.LVL15-1
 2016 0085 0100     		.2byte	0x1
 2017 0087 51       		.byte	0x51
 2018 0088 00000000 		.4byte	0
 2019 008c 00000000 		.4byte	0
 2020              	.LLST5:
 2021 0090 3A000000 		.4byte	.LVL14
 2022 0094 3D000000 		.4byte	.LVL15-1
 2023 0098 0100     		.2byte	0x1
 2024 009a 53       		.byte	0x53
 2025 009b 00000000 		.4byte	0
 2026 009f 00000000 		.4byte	0
 2027              	.LLST6:
 2028 00a3 44000000 		.4byte	.LVL17
 2029 00a7 48000000 		.4byte	.LVL19
 2030 00ab 0100     		.2byte	0x1
 2031 00ad 53       		.byte	0x53
 2032 00ae 00000000 		.4byte	0
 2033 00b2 00000000 		.4byte	0
 2034              		.section	.debug_aranges,"",%progbits
 2035 0000 2C000000 		.4byte	0x2c
 2036 0004 0200     		.2byte	0x2
 2037 0006 00000000 		.4byte	.Ldebug_info0
 2038 000a 04       		.byte	0x4
ARM GAS  /var/folders/dt/0wfd0knj7gs46m8vwfzktm600000gn/T//ccrY89y6.s 			page 37


 2039 000b 00       		.byte	0
 2040 000c 0000     		.2byte	0
 2041 000e 0000     		.2byte	0
 2042 0010 00000000 		.4byte	.LFB7
 2043 0014 14000000 		.4byte	.LFE7-.LFB7
 2044 0018 00000000 		.4byte	.LFB8
 2045 001c 64000000 		.4byte	.LFE8-.LFB8
 2046 0020 00000000 		.4byte	.LFB9
 2047 0024 58000000 		.4byte	.LFE9-.LFB9
 2048 0028 00000000 		.4byte	0
 2049 002c 00000000 		.4byte	0
 2050              		.section	.debug_ranges,"",%progbits
 2051              	.Ldebug_ranges0:
 2052 0000 00000000 		.4byte	.LFB7
 2053 0004 14000000 		.4byte	.LFE7
 2054 0008 00000000 		.4byte	.LFB8
 2055 000c 64000000 		.4byte	.LFE8
 2056 0010 00000000 		.4byte	.LFB9
 2057 0014 58000000 		.4byte	.LFE9
 2058 0018 00000000 		.4byte	0
 2059 001c 00000000 		.4byte	0
 2060              		.section	.debug_line,"",%progbits
 2061              	.Ldebug_line0:
 2062 0000 1B020000 		.section	.debug_str,"MS",%progbits,1
 2062      0200C901 
 2062      00000201 
 2062      FB0E0D00 
 2062      01010101 
 2063              	.LASF76:
 2064 0000 7466756E 		.ascii	"tfunc_t\000"
 2064      635F7400 
 2065              	.LASF87:
 2066 0008 63665F6F 		.ascii	"cf_off_older\000"
 2066      66665F6F 
 2066      6C646572 
 2066      00
 2067              	.LASF39:
 2068 0015 705F6D73 		.ascii	"p_msg\000"
 2068      6700
 2069              	.LASF2:
 2070 001b 73697A65 		.ascii	"size_t\000"
 2070      5F7400
 2071              	.LASF71:
 2072 0022 7264796D 		.ascii	"rdymsg\000"
 2072      736700
 2073              	.LASF13:
 2074 0029 75696E74 		.ascii	"uint64_t\000"
 2074      36345F74 
 2074      00
 2075              	.LASF100:
 2076 0032 76746C69 		.ascii	"vtlist\000"
 2076      737400
 2077              	.LASF99:
 2078 0039 63685379 		.ascii	"chSysTimerHandlerI\000"
 2078      7354696D 
 2078      65724861 
 2078      6E646C65 
ARM GAS  /var/folders/dt/0wfd0knj7gs46m8vwfzktm600000gn/T//ccrY89y6.s 			page 38


 2078      724900
 2079              	.LASF14:
 2080 004c 6C6F6E67 		.ascii	"long long unsigned int\000"
 2080      206C6F6E 
 2080      6720756E 
 2080      7369676E 
 2080      65642069 
 2081              	.LASF83:
 2082 0063 63685F74 		.ascii	"ch_threadsize\000"
 2082      68726561 
 2082      6473697A 
 2082      6500
 2083              	.LASF72:
 2084 0071 65786974 		.ascii	"exitcode\000"
 2084      636F6465 
 2084      00
 2085              	.LASF98:
 2086 007a 6D61696E 		.ascii	"mainthread\000"
 2086      74687265 
 2086      616400
 2087              	.LASF27:
 2088 0085 705F7072 		.ascii	"p_prio\000"
 2088      696F00
 2089              	.LASF90:
 2090 008c 63665F6F 		.ascii	"cf_off_state\000"
 2090      66665F73 
 2090      74617465 
 2090      00
 2091              	.LASF105:
 2092 0099 5F736368 		.ascii	"_scheduler_init\000"
 2092      6564756C 
 2092      65725F69 
 2092      6E697400 
 2093              	.LASF12:
 2094 00a9 6C6F6E67 		.ascii	"long long int\000"
 2094      206C6F6E 
 2094      6720696E 
 2094      7400
 2095              	.LASF1:
 2096 00b7 7369676E 		.ascii	"signed char\000"
 2096      65642063 
 2096      68617200 
 2097              	.LASF89:
 2098 00c3 63665F6F 		.ascii	"cf_off_stklimit\000"
 2098      66665F73 
 2098      746B6C69 
 2098      6D697400 
 2099              	.LASF91:
 2100 00d3 63665F6F 		.ascii	"cf_off_flags\000"
 2100      66665F66 
 2100      6C616773 
 2100      00
 2101              	.LASF43:
 2102 00e0 705F6D70 		.ascii	"p_mpool\000"
 2102      6F6F6C00 
 2103              	.LASF68:
 2104 00e8 6D5F7175 		.ascii	"m_queue\000"
ARM GAS  /var/folders/dt/0wfd0knj7gs46m8vwfzktm600000gn/T//ccrY89y6.s 			page 39


 2104      65756500 
 2105              	.LASF19:
 2106 00f0 74736C69 		.ascii	"tslices_t\000"
 2106      6365735F 
 2106      7400
 2107              	.LASF9:
 2108 00fa 6C6F6E67 		.ascii	"long int\000"
 2108      20696E74 
 2108      00
 2109              	.LASF111:
 2110 0103 2F557365 		.ascii	"/Users/toxygen/dev/chibi/ChibiOS_2.6.1/demos/ARMCM3"
 2110      72732F74 
 2110      6F787967 
 2110      656E2F64 
 2110      65762F63 
 2111 0136 2D53544D 		.ascii	"-STM32F107\000"
 2111      33324631 
 2111      303700
 2112              	.LASF17:
 2113 0141 74737461 		.ascii	"tstate_t\000"
 2113      74655F74 
 2113      00
 2114              	.LASF6:
 2115 014a 75696E74 		.ascii	"uint16_t\000"
 2115      31365F74 
 2115      00
 2116              	.LASF95:
 2117 0153 63686465 		.ascii	"chdebug_t\000"
 2117      6275675F 
 2117      7400
 2118              	.LASF29:
 2119 015d 705F6E65 		.ascii	"p_newer\000"
 2119      77657200 
 2120              	.LASF103:
 2121 0165 5F69646C 		.ascii	"_idle_thread_wa\000"
 2121      655F7468 
 2121      72656164 
 2121      5F776100 
 2122              	.LASF63:
 2123 0175 725F6E65 		.ascii	"r_newer\000"
 2123      77657200 
 2124              	.LASF46:
 2125 017d 72656761 		.ascii	"regarm_t\000"
 2125      726D5F74 
 2125      00
 2126              	.LASF54:
 2127 0186 76745F70 		.ascii	"vt_prev\000"
 2127      72657600 
 2128              	.LASF97:
 2129 018e 63685379 		.ascii	"chSysInit\000"
 2129      73496E69 
 2129      7400
 2130              	.LASF108:
 2131 0198 5F686561 		.ascii	"_heap_init\000"
 2131      705F696E 
 2131      697400
 2132              	.LASF0:
ARM GAS  /var/folders/dt/0wfd0knj7gs46m8vwfzktm600000gn/T//ccrY89y6.s 			page 40


 2133 01a3 756E7369 		.ascii	"unsigned int\000"
 2133      676E6564 
 2133      20696E74 
 2133      00
 2134              	.LASF112:
 2135 01b0 5F746872 		.ascii	"_thread_init\000"
 2135      6561645F 
 2135      696E6974 
 2135      00
 2136              	.LASF53:
 2137 01bd 76745F6E 		.ascii	"vt_next\000"
 2137      65787400 
 2138              	.LASF11:
 2139 01c5 6C6F6E67 		.ascii	"long unsigned int\000"
 2139      20756E73 
 2139      69676E65 
 2139      6420696E 
 2139      7400
 2140              	.LASF102:
 2141 01d7 63685F64 		.ascii	"ch_debug\000"
 2141      65627567 
 2141      00
 2142              	.LASF77:
 2143 01e0 63685F69 		.ascii	"ch_identifier\000"
 2143      64656E74 
 2143      69666965 
 2143      7200
 2144              	.LASF49:
 2145 01ee 636F6E74 		.ascii	"context\000"
 2145      65787400 
 2146              	.LASF7:
 2147 01f6 73686F72 		.ascii	"short unsigned int\000"
 2147      7420756E 
 2147      7369676E 
 2147      65642069 
 2147      6E7400
 2148              	.LASF21:
 2149 0209 6D73675F 		.ascii	"msg_t\000"
 2149      7400
 2150              	.LASF16:
 2151 020f 746D6F64 		.ascii	"tmode_t\000"
 2151      655F7400 
 2152              	.LASF45:
 2153 0217 54687265 		.ascii	"ThreadsList\000"
 2153      6164734C 
 2153      69737400 
 2154              	.LASF22:
 2155 0223 6576656E 		.ascii	"eventmask_t\000"
 2155      746D6173 
 2155      6B5F7400 
 2156              	.LASF67:
 2157 022f 4D757465 		.ascii	"Mutex\000"
 2157      7800
 2158              	.LASF47:
 2159 0235 73746B61 		.ascii	"stkalign_t\000"
 2159      6C69676E 
 2159      5F7400
ARM GAS  /var/folders/dt/0wfd0knj7gs46m8vwfzktm600000gn/T//ccrY89y6.s 			page 41


 2160              	.LASF113:
 2161 0240 63685468 		.ascii	"chThdCreateStatic\000"
 2161      64437265 
 2161      61746553 
 2161      74617469 
 2161      6300
 2162              	.LASF78:
 2163 0252 63685F7A 		.ascii	"ch_zero\000"
 2163      65726F00 
 2164              	.LASF92:
 2165 025a 63665F6F 		.ascii	"cf_off_refs\000"
 2165      66665F72 
 2165      65667300 
 2166              	.LASF55:
 2167 0266 76745F74 		.ascii	"vt_time\000"
 2167      696D6500 
 2168              	.LASF50:
 2169 026e 73697A65 		.ascii	"sizetype\000"
 2169      74797065 
 2169      00
 2170              	.LASF56:
 2171 0277 76745F66 		.ascii	"vt_func\000"
 2171      756E6300 
 2172              	.LASF82:
 2173 027f 63685F74 		.ascii	"ch_timesize\000"
 2173      696D6573 
 2173      697A6500 
 2174              	.LASF88:
 2175 028b 63665F6F 		.ascii	"cf_off_name\000"
 2175      66665F6E 
 2175      616D6500 
 2176              	.LASF30:
 2177 0297 705F6F6C 		.ascii	"p_older\000"
 2177      64657200 
 2178              	.LASF62:
 2179 029f 725F6374 		.ascii	"r_ctx\000"
 2179      7800
 2180              	.LASF44:
 2181 02a5 54687265 		.ascii	"ThreadsQueue\000"
 2181      61647351 
 2181      75657565 
 2181      00
 2182              	.LASF79:
 2183 02b2 63685F73 		.ascii	"ch_size\000"
 2183      697A6500 
 2184              	.LASF109:
 2185 02ba 474E5520 		.ascii	"GNU C 4.7.2\000"
 2185      4320342E 
 2185      372E3200 
 2186              	.LASF65:
 2187 02c6 725F6375 		.ascii	"r_current\000"
 2187      7272656E 
 2187      7400
 2188              	.LASF64:
 2189 02d0 725F6F6C 		.ascii	"r_older\000"
 2189      64657200 
 2190              	.LASF96:
ARM GAS  /var/folders/dt/0wfd0knj7gs46m8vwfzktm600000gn/T//ccrY89y6.s 			page 42


 2191 02d8 5F69646C 		.ascii	"_idle_thread\000"
 2191      655F7468 
 2191      72656164 
 2191      00
 2192              	.LASF18:
 2193 02e5 74726566 		.ascii	"trefs_t\000"
 2193      735F7400 
 2194              	.LASF81:
 2195 02ed 63685F70 		.ascii	"ch_ptrsize\000"
 2195      74727369 
 2195      7A6500
 2196              	.LASF26:
 2197 02f8 705F7072 		.ascii	"p_prev\000"
 2197      657600
 2198              	.LASF20:
 2199 02ff 74707269 		.ascii	"tprio_t\000"
 2199      6F5F7400 
 2200              	.LASF15:
 2201 0307 5F426F6F 		.ascii	"_Bool\000"
 2201      6C00
 2202              	.LASF8:
 2203 030d 696E7433 		.ascii	"int32_t\000"
 2203      325F7400 
 2204              	.LASF4:
 2205 0315 756E7369 		.ascii	"unsigned char\000"
 2205      676E6564 
 2205      20636861 
 2205      7200
 2206              	.LASF107:
 2207 0323 5F636F72 		.ascii	"_core_init\000"
 2207      655F696E 
 2207      697400
 2208              	.LASF41:
 2209 032e 705F6D74 		.ascii	"p_mtxlist\000"
 2209      786C6973 
 2209      7400
 2210              	.LASF5:
 2211 0338 73686F72 		.ascii	"short int\000"
 2211      7420696E 
 2211      7400
 2212              	.LASF32:
 2213 0342 705F7374 		.ascii	"p_state\000"
 2213      61746500 
 2214              	.LASF35:
 2215 034a 705F7072 		.ascii	"p_preempt\000"
 2215      65656D70 
 2215      7400
 2216              	.LASF94:
 2217 0354 63665F6F 		.ascii	"cf_off_time\000"
 2217      66665F74 
 2217      696D6500 
 2218              	.LASF61:
 2219 0360 725F7072 		.ascii	"r_prio\000"
 2219      696F00
 2220              	.LASF74:
 2221 0367 65776D61 		.ascii	"ewmask\000"
 2221      736B00
ARM GAS  /var/folders/dt/0wfd0knj7gs46m8vwfzktm600000gn/T//ccrY89y6.s 			page 43


 2222              	.LASF25:
 2223 036e 705F6E65 		.ascii	"p_next\000"
 2223      787400
 2224              	.LASF93:
 2225 0375 63665F6F 		.ascii	"cf_off_preempt\000"
 2225      66665F70 
 2225      7265656D 
 2225      707400
 2226              	.LASF33:
 2227 0384 705F666C 		.ascii	"p_flags\000"
 2227      61677300 
 2228              	.LASF24:
 2229 038c 54687265 		.ascii	"Thread\000"
 2229      616400
 2230              	.LASF86:
 2231 0393 63665F6F 		.ascii	"cf_off_newer\000"
 2231      66665F6E 
 2231      65776572 
 2231      00
 2232              	.LASF40:
 2233 03a0 705F6570 		.ascii	"p_epending\000"
 2233      656E6469 
 2233      6E6700
 2234              	.LASF10:
 2235 03ab 75696E74 		.ascii	"uint32_t\000"
 2235      33325F74 
 2235      00
 2236              	.LASF84:
 2237 03b4 63665F6F 		.ascii	"cf_off_prio\000"
 2237      66665F70 
 2237      72696F00 
 2238              	.LASF60:
 2239 03c0 725F7175 		.ascii	"r_queue\000"
 2239      65756500 
 2240              	.LASF52:
 2241 03c8 56697274 		.ascii	"VirtualTimer\000"
 2241      75616C54 
 2241      696D6572 
 2241      00
 2242              	.LASF75:
 2243 03d5 63686172 		.ascii	"char\000"
 2243      00
 2244              	.LASF70:
 2245 03da 6D5F6E65 		.ascii	"m_next\000"
 2245      787400
 2246              	.LASF23:
 2247 03e1 73797374 		.ascii	"systime_t\000"
 2247      696D655F 
 2247      7400
 2248              	.LASF42:
 2249 03eb 705F7265 		.ascii	"p_realprio\000"
 2249      616C7072 
 2249      696F00
 2250              	.LASF51:
 2251 03f6 76746675 		.ascii	"vtfunc_t\000"
 2251      6E635F74 
 2251      00
ARM GAS  /var/folders/dt/0wfd0knj7gs46m8vwfzktm600000gn/T//ccrY89y6.s 			page 44


 2252              	.LASF106:
 2253 03ff 5F76745F 		.ascii	"_vt_init\000"
 2253      696E6974 
 2253      00
 2254              	.LASF36:
 2255 0408 705F7469 		.ascii	"p_time\000"
 2255      6D6500
 2256              	.LASF48:
 2257 040f 696E7463 		.ascii	"intctx\000"
 2257      747800
 2258              	.LASF38:
 2259 0416 705F6D73 		.ascii	"p_msgqueue\000"
 2259      67717565 
 2259      756500
 2260              	.LASF57:
 2261 0421 76745F70 		.ascii	"vt_par\000"
 2261      617200
 2262              	.LASF85:
 2263 0428 63665F6F 		.ascii	"cf_off_ctx\000"
 2263      66665F63 
 2263      747800
 2264              	.LASF34:
 2265 0433 705F7265 		.ascii	"p_refs\000"
 2265      667300
 2266              	.LASF66:
 2267 043a 52656164 		.ascii	"ReadyList\000"
 2267      794C6973 
 2267      7400
 2268              	.LASF101:
 2269 0444 726C6973 		.ascii	"rlist\000"
 2269      7400
 2270              	.LASF110:
 2271 044a 2E2E2F2E 		.ascii	"../../os/kernel/src/chsys.c\000"
 2271      2E2F6F73 
 2271      2F6B6572 
 2271      6E656C2F 
 2271      7372632F 
 2272              	.LASF3:
 2273 0466 75696E74 		.ascii	"uint8_t\000"
 2273      385F7400 
 2274              	.LASF104:
 2275 046e 5F706F72 		.ascii	"_port_init\000"
 2275      745F696E 
 2275      697400
 2276              	.LASF73:
 2277 0479 77746F62 		.ascii	"wtobjp\000"
 2277      6A7000
 2278              	.LASF31:
 2279 0480 705F6E61 		.ascii	"p_name\000"
 2279      6D6500
 2280              	.LASF58:
 2281 0487 76745F73 		.ascii	"vt_systime\000"
 2281      79737469 
 2281      6D6500
 2282              	.LASF80:
 2283 0492 63685F76 		.ascii	"ch_version\000"
 2283      65727369 
ARM GAS  /var/folders/dt/0wfd0knj7gs46m8vwfzktm600000gn/T//ccrY89y6.s 			page 45


 2283      6F6E00
 2284              	.LASF59:
 2285 049d 56544C69 		.ascii	"VTList\000"
 2285      737400
 2286              	.LASF69:
 2287 04a4 6D5F6F77 		.ascii	"m_owner\000"
 2287      6E657200 
 2288              	.LASF28:
 2289 04ac 705F6374 		.ascii	"p_ctx\000"
 2289      7800
 2290              	.LASF37:
 2291 04b2 705F7761 		.ascii	"p_waiting\000"
 2291      6974696E 
 2291      6700
 2292              		.ident	"GCC: (GNU) 4.7.2"
ARM GAS  /var/folders/dt/0wfd0knj7gs46m8vwfzktm600000gn/T//ccrY89y6.s 			page 46


DEFINED SYMBOLS
                            *ABS*:0000000000000000 chsys.c
/var/folders/dt/0wfd0knj7gs46m8vwfzktm600000gn/T//ccrY89y6.s:19     .text._idle_thread:0000000000000000 $t
/var/folders/dt/0wfd0knj7gs46m8vwfzktm600000gn/T//ccrY89y6.s:25     .text._idle_thread:0000000000000000 _idle_thread
/var/folders/dt/0wfd0knj7gs46m8vwfzktm600000gn/T//ccrY89y6.s:44     .text._idle_thread:000000000000000c $d
/var/folders/dt/0wfd0knj7gs46m8vwfzktm600000gn/T//ccrY89y6.s:50     .text.chSysInit:0000000000000000 $t
/var/folders/dt/0wfd0knj7gs46m8vwfzktm600000gn/T//ccrY89y6.s:56     .text.chSysInit:0000000000000000 chSysInit
/var/folders/dt/0wfd0knj7gs46m8vwfzktm600000gn/T//ccrY89y6.s:230    .bss.mainthread.4772:0000000000000000 .LANCHOR0
/var/folders/dt/0wfd0knj7gs46m8vwfzktm600000gn/T//ccrY89y6.s:241    .bss._idle_thread_wa:0000000000000000 .LANCHOR1
/var/folders/dt/0wfd0knj7gs46m8vwfzktm600000gn/T//ccrY89y6.s:129    .text.chSysTimerHandlerI:0000000000000000 $t
/var/folders/dt/0wfd0knj7gs46m8vwfzktm600000gn/T//ccrY89y6.s:135    .text.chSysTimerHandlerI:0000000000000000 chSysTimerHandlerI
/var/folders/dt/0wfd0knj7gs46m8vwfzktm600000gn/T//ccrY89y6.s:221    .text.chSysTimerHandlerI:0000000000000050 $d
/var/folders/dt/0wfd0knj7gs46m8vwfzktm600000gn/T//ccrY89y6.s:244    .bss._idle_thread_wa:0000000000000000 _idle_thread_wa
/var/folders/dt/0wfd0knj7gs46m8vwfzktm600000gn/T//ccrY89y6.s:229    .bss.mainthread.4772:0000000000000000 $d
/var/folders/dt/0wfd0knj7gs46m8vwfzktm600000gn/T//ccrY89y6.s:233    .bss.mainthread.4772:0000000000000000 mainthread.4772
/var/folders/dt/0wfd0knj7gs46m8vwfzktm600000gn/T//ccrY89y6.s:236    .rodata.str1.4:0000000000000000 $d
/var/folders/dt/0wfd0knj7gs46m8vwfzktm600000gn/T//ccrY89y6.s:240    .bss._idle_thread_wa:0000000000000000 $d
                     .debug_frame:0000000000000010 $d
/var/folders/dt/0wfd0knj7gs46m8vwfzktm600000gn/T//ccrY89y6.s:49     .text._idle_thread:0000000000000014 $t
/var/folders/dt/0wfd0knj7gs46m8vwfzktm600000gn/T//ccrY89y6.s:228    .text.chSysTimerHandlerI:0000000000000058 $t

UNDEFINED SYMBOLS
rlist
_port_init
_scheduler_init
_vt_init
_core_init
_heap_init
_thread_init
ch_debug
chThdCreateStatic
vtlist
