ARM GAS  /var/folders/dt/0wfd0knj7gs46m8vwfzktm600000gn/T//cc9sh1Tj.s 			page 1


   1              		.syntax unified
   2              		.cpu cortex-m3
   3              		.fpu softvfp
   4              		.eabi_attribute 20, 1
   5              		.eabi_attribute 21, 1
   6              		.eabi_attribute 23, 3
   7              		.eabi_attribute 24, 1
   8              		.eabi_attribute 25, 1
   9              		.eabi_attribute 26, 1
  10              		.eabi_attribute 30, 2
  11              		.eabi_attribute 34, 1
  12              		.eabi_attribute 18, 4
  13              		.thumb
  14              		.file	"chvt.c"
  15              		.text
  16              	.Ltext0:
  17              		.cfi_sections	.debug_frame
  18              		.section	.text._vt_init,"ax",%progbits
  19              		.align	2
  20              		.p2align 4,,15
  21              		.global	_vt_init
  22              		.thumb
  23              		.thumb_func
  24              		.type	_vt_init, %function
  25              	_vt_init:
  26              	.LFB7:
  27              		.file 1 "../../os/kernel/src/chvt.c"
  28              		.loc 1 50 0
  29              		.cfi_startproc
  30              		@ args = 0, pretend = 0, frame = 0
  31              		@ frame_needed = 0, uses_anonymous_args = 0
  32              		@ link register save eliminated.
  33              		.loc 1 52 0
  34 0000 40F20003 		movw	r3, #:lower16:.LANCHOR0
  35 0004 C0F20003 		movt	r3, #:upper16:.LANCHOR0
  36              		.loc 1 53 0
  37 0008 4FF0FF32 		mov	r2, #-1
  38 000c 9A60     		str	r2, [r3, #8]
  39              		.loc 1 54 0
  40 000e 0022     		movs	r2, #0
  41              		.loc 1 52 0
  42 0010 5B60     		str	r3, [r3, #4]
  43 0012 1B60     		str	r3, [r3, #0]
  44              		.loc 1 54 0
  45 0014 DA60     		str	r2, [r3, #12]
  46 0016 7047     		bx	lr
  47              		.cfi_endproc
  48              	.LFE7:
  49              		.size	_vt_init, .-_vt_init
  50 0018 AFF30080 		.section	.text.chVTSetI,"ax",%progbits
  50      AFF30080 
  51              		.align	2
  52              		.p2align 4,,15
  53              		.global	chVTSetI
  54              		.thumb
  55              		.thumb_func
  56              		.type	chVTSetI, %function
ARM GAS  /var/folders/dt/0wfd0knj7gs46m8vwfzktm600000gn/T//cc9sh1Tj.s 			page 2


  57              	chVTSetI:
  58              	.LFB8:
  59              		.loc 1 76 0
  60              		.cfi_startproc
  61              		@ args = 0, pretend = 0, frame = 0
  62              		@ frame_needed = 0, uses_anonymous_args = 0
  63              		@ link register save eliminated.
  64              	.LVL0:
  65 0000 70B4     		push	{r4, r5, r6}
  66              	.LCFI0:
  67              		.cfi_def_cfa_offset 12
  68              		.cfi_offset 4, -12
  69              		.cfi_offset 5, -8
  70              		.cfi_offset 6, -4
  71              		.loc 1 85 0
  72 0002 0D4E     		ldr	r6, .L9
  73              		.loc 1 83 0
  74 0004 0361     		str	r3, [r0, #16]
  75              		.loc 1 85 0
  76 0006 3468     		ldr	r4, [r6, #0]
  77              	.LVL1:
  78              		.loc 1 84 0
  79 0008 C260     		str	r2, [r0, #12]
  80              		.loc 1 86 0
  81 000a A568     		ldr	r5, [r4, #8]
  82 000c A942     		cmp	r1, r5
  83 000e 04D9     		bls	.L3
  84              	.L6:
  85              		.loc 1 88 0
  86 0010 2468     		ldr	r4, [r4, #0]
  87              	.LVL2:
  88              		.loc 1 87 0
  89 0012 491B     		subs	r1, r1, r5
  90              	.LVL3:
  91              		.loc 1 86 0
  92 0014 A568     		ldr	r5, [r4, #8]
  93 0016 8D42     		cmp	r5, r1
  94 0018 FAD3     		bcc	.L6
  95              	.L3:
  96              		.loc 1 91 0
  97 001a 6368     		ldr	r3, [r4, #4]
  98              	.LVL4:
  99              		.loc 1 93 0
 100 001c 8160     		str	r1, [r0, #8]
 101              		.loc 1 94 0
 102 001e B442     		cmp	r4, r6
 103              		.loc 1 91 0
 104 0020 4360     		str	r3, [r0, #4]
 105 0022 0460     		str	r4, [r0, #0]
 106              		.loc 1 92 0
 107 0024 1860     		str	r0, [r3, #0]
 108              		.loc 1 95 0
 109 0026 18BF     		it	ne
 110 0028 A368     		ldrne	r3, [r4, #8]
 111              		.loc 1 92 0
 112 002a 6060     		str	r0, [r4, #4]
 113              		.loc 1 95 0
ARM GAS  /var/folders/dt/0wfd0knj7gs46m8vwfzktm600000gn/T//cc9sh1Tj.s 			page 3


 114 002c 1CBF     		itt	ne
 115 002e C1EB0301 		rsbne	r1, r1, r3
 116              	.LVL5:
 117 0032 A160     		strne	r1, [r4, #8]
 118              		.loc 1 96 0
 119 0034 70BC     		pop	{r4, r5, r6}
 120 0036 7047     		bx	lr
 121              	.L10:
 122              		.align	2
 123              	.L9:
 124 0038 00000000 		.word	.LANCHOR0
 125              		.cfi_endproc
 126              	.LFE8:
 127              		.size	chVTSetI, .-chVTSetI
 128 003c AFF30080 		.section	.text.chVTResetI,"ax",%progbits
 129              		.align	2
 130              		.p2align 4,,15
 131              		.global	chVTResetI
 132              		.thumb
 133              		.thumb_func
 134              		.type	chVTResetI, %function
 135              	chVTResetI:
 136              	.LFB9:
 137              		.loc 1 106 0
 138              		.cfi_startproc
 139              		@ args = 0, pretend = 0, frame = 0
 140              		@ frame_needed = 0, uses_anonymous_args = 0
 141              		@ link register save eliminated.
 142              	.LVL6:
 143              		.loc 1 114 0
 144 0000 0368     		ldr	r3, [r0, #0]
 145 0002 074A     		ldr	r2, .L13
 146 0004 9342     		cmp	r3, r2
 147              		.loc 1 115 0
 148 0006 1FBF     		itttt	ne
 149 0008 9968     		ldrne	r1, [r3, #8]
 150 000a 8268     		ldrne	r2, [r0, #8]
 151 000c 8A18     		addne	r2, r1, r2
 152 000e 9A60     		strne	r2, [r3, #8]
 153              		.loc 1 116 0
 154 0010 4268     		ldr	r2, [r0, #4]
 155              		.loc 1 118 0
 156 0012 0021     		movs	r1, #0
 157              		.loc 1 116 0
 158 0014 1360     		str	r3, [r2, #0]
 159              		.loc 1 117 0
 160 0016 0368     		ldr	r3, [r0, #0]
 161              		.loc 1 118 0
 162 0018 C160     		str	r1, [r0, #12]
 163              		.loc 1 117 0
 164 001a 5A60     		str	r2, [r3, #4]
 165 001c 7047     		bx	lr
 166              	.L14:
 167 001e 00BF     		.align	2
 168              	.L13:
 169 0020 00000000 		.word	.LANCHOR0
 170              		.cfi_endproc
ARM GAS  /var/folders/dt/0wfd0knj7gs46m8vwfzktm600000gn/T//cc9sh1Tj.s 			page 4


 171              	.LFE9:
 172              		.size	chVTResetI, .-chVTResetI
 173 0024 AFF30080 		.section	.text.chTimeIsWithin,"ax",%progbits
 173      AFF30080 
 173      AFF30080 
 174              		.align	2
 175              		.p2align 4,,15
 176              		.global	chTimeIsWithin
 177              		.thumb
 178              		.thumb_func
 179              		.type	chTimeIsWithin, %function
 180              	chTimeIsWithin:
 181              	.LFB10:
 182              		.loc 1 134 0
 183              		.cfi_startproc
 184              		@ args = 0, pretend = 0, frame = 0
 185              		@ frame_needed = 0, uses_anonymous_args = 0
 186              		@ link register save eliminated.
 187              	.LVL7:
 188              		.loc 1 136 0
 189 0000 0B4A     		ldr	r2, .L19
 190              		.loc 1 137 0
 191 0002 8142     		cmp	r1, r0
 192              		.loc 1 134 0
 193 0004 0346     		mov	r3, r0
 194              		.loc 1 136 0
 195 0006 D268     		ldr	r2, [r2, #12]
 196              	.LVL8:
 197              		.loc 1 137 0
 198 0008 09D8     		bhi	.L18
 199              		.loc 1 138 0 discriminator 2
 200 000a 8242     		cmp	r2, r0
 201 000c 34BF     		ite	cc
 202 000e 0023     		movcc	r3, #0
 203 0010 0123     		movcs	r3, #1
 204 0012 8A42     		cmp	r2, r1
 205 0014 2CBF     		ite	cs
 206 0016 1846     		movcs	r0, r3
 207 0018 43F00100 		orrcc	r0, r3, #1
 208              	.LVL9:
 209              		.loc 1 139 0 discriminator 2
 210 001c 7047     		bx	lr
 211              	.LVL10:
 212              	.L18:
 213              		.loc 1 137 0 discriminator 1
 214 001e 8A42     		cmp	r2, r1
 215 0020 2CBF     		ite	cs
 216 0022 0020     		movcs	r0, #0
 217              	.LVL11:
 218 0024 0120     		movcc	r0, #1
 219 0026 9A42     		cmp	r2, r3
 220 0028 38BF     		it	cc
 221 002a 0020     		movcc	r0, #0
 222 002c 7047     		bx	lr
 223              	.L20:
 224 002e 00BF     		.align	2
 225              	.L19:
ARM GAS  /var/folders/dt/0wfd0knj7gs46m8vwfzktm600000gn/T//cc9sh1Tj.s 			page 5


 226 0030 00000000 		.word	.LANCHOR0
 227              		.cfi_endproc
 228              	.LFE10:
 229              		.size	chTimeIsWithin, .-chTimeIsWithin
 230              		.global	vtlist
 231 0034 AFF30080 		.section	.bss.vtlist,"aw",%nobits
 231      AFF30080 
 231      AFF30080 
 232              		.align	2
 233              		.set	.LANCHOR0,. + 0
 234              		.type	vtlist, %object
 235              		.size	vtlist, 16
 236              	vtlist:
 237 0000 00000000 		.space	16
 237      00000000 
 237      00000000 
 237      00000000 
 238              		.text
 239              	.Letext0:
 240              		.file 2 "/Users/toxygen/Applications/yagarto-4.7.2/bin/../lib/gcc/arm-none-eabi/4.7.2/../../../../
 241              		.file 3 "../../os/ports/GCC/ARMCMx/chtypes.h"
 242              		.file 4 "../../os/kernel/include/chvt.h"
 243              		.section	.debug_info,"",%progbits
 244              	.Ldebug_info0:
 245 0000 6B020000 		.4byte	0x26b
 246 0004 0200     		.2byte	0x2
 247 0006 00000000 		.4byte	.Ldebug_abbrev0
 248 000a 04       		.byte	0x4
 249 000b 01       		.uleb128 0x1
 250 000c FB000000 		.4byte	.LASF29
 251 0010 01       		.byte	0x1
 252 0011 BE000000 		.4byte	.LASF30
 253 0015 6D010000 		.4byte	.LASF31
 254 0019 00000000 		.4byte	.Ldebug_ranges0+0
 255 001d 00000000 		.4byte	0
 256 0021 00000000 		.4byte	0
 257 0025 00000000 		.4byte	.Ldebug_line0
 258 0029 02       		.uleb128 0x2
 259 002a 04       		.byte	0x4
 260 002b 05       		.byte	0x5
 261 002c 696E7400 		.ascii	"int\000"
 262 0030 03       		.uleb128 0x3
 263 0031 04       		.byte	0x4
 264 0032 07       		.byte	0x7
 265 0033 72000000 		.4byte	.LASF0
 266 0037 03       		.uleb128 0x3
 267 0038 01       		.byte	0x1
 268 0039 06       		.byte	0x6
 269 003a 41010000 		.4byte	.LASF1
 270 003e 03       		.uleb128 0x3
 271 003f 01       		.byte	0x1
 272 0040 08       		.byte	0x8
 273 0041 5B000000 		.4byte	.LASF2
 274 0045 03       		.uleb128 0x3
 275 0046 02       		.byte	0x2
 276 0047 05       		.byte	0x5
 277 0048 0E010000 		.4byte	.LASF3
ARM GAS  /var/folders/dt/0wfd0knj7gs46m8vwfzktm600000gn/T//cc9sh1Tj.s 			page 6


 278 004c 03       		.uleb128 0x3
 279 004d 02       		.byte	0x2
 280 004e 07       		.byte	0x7
 281 004f 3B000000 		.4byte	.LASF4
 282 0053 03       		.uleb128 0x3
 283 0054 04       		.byte	0x4
 284 0055 05       		.byte	0x5
 285 0056 38010000 		.4byte	.LASF5
 286 005a 04       		.uleb128 0x4
 287 005b 2F010000 		.4byte	.LASF9
 288 005f 02       		.byte	0x2
 289 0060 50       		.byte	0x50
 290 0061 65000000 		.4byte	0x65
 291 0065 03       		.uleb128 0x3
 292 0066 04       		.byte	0x4
 293 0067 07       		.byte	0x7
 294 0068 29000000 		.4byte	.LASF6
 295 006c 03       		.uleb128 0x3
 296 006d 08       		.byte	0x8
 297 006e 05       		.byte	0x5
 298 006f D9000000 		.4byte	.LASF7
 299 0073 03       		.uleb128 0x3
 300 0074 08       		.byte	0x8
 301 0075 07       		.byte	0x7
 302 0076 7F000000 		.4byte	.LASF8
 303 007a 04       		.uleb128 0x4
 304 007b 19000000 		.4byte	.LASF10
 305 007f 03       		.byte	0x3
 306 0080 2B       		.byte	0x2b
 307 0081 85000000 		.4byte	0x85
 308 0085 03       		.uleb128 0x3
 309 0086 01       		.byte	0x1
 310 0087 02       		.byte	0x2
 311 0088 67010000 		.4byte	.LASF11
 312 008c 04       		.uleb128 0x4
 313 008d 09000000 		.4byte	.LASF12
 314 0091 03       		.byte	0x3
 315 0092 35       		.byte	0x35
 316 0093 5A000000 		.4byte	0x5a
 317 0097 05       		.uleb128 0x5
 318 0098 04       		.byte	0x4
 319 0099 03       		.uleb128 0x3
 320 009a 04       		.byte	0x4
 321 009b 07       		.byte	0x7
 322 009c AA000000 		.4byte	.LASF13
 323 00a0 04       		.uleb128 0x4
 324 00a1 20000000 		.4byte	.LASF14
 325 00a5 04       		.byte	0x4
 326 00a6 58       		.byte	0x58
 327 00a7 AB000000 		.4byte	0xab
 328 00ab 06       		.uleb128 0x6
 329 00ac 04       		.byte	0x4
 330 00ad B1000000 		.4byte	0xb1
 331 00b1 07       		.uleb128 0x7
 332 00b2 01       		.byte	0x1
 333 00b3 BD000000 		.4byte	0xbd
 334 00b7 08       		.uleb128 0x8
ARM GAS  /var/folders/dt/0wfd0knj7gs46m8vwfzktm600000gn/T//cc9sh1Tj.s 			page 7


 335 00b8 97000000 		.4byte	0x97
 336 00bc 00       		.byte	0
 337 00bd 04       		.uleb128 0x4
 338 00be 4E000000 		.4byte	.LASF15
 339 00c2 04       		.byte	0x4
 340 00c3 5D       		.byte	0x5d
 341 00c4 C8000000 		.4byte	0xc8
 342 00c8 09       		.uleb128 0x9
 343 00c9 4E000000 		.4byte	.LASF15
 344 00cd 14       		.byte	0x14
 345 00ce 04       		.byte	0x4
 346 00cf 64       		.byte	0x64
 347 00d0 1B010000 		.4byte	0x11b
 348 00d4 0A       		.uleb128 0xa
 349 00d5 54010000 		.4byte	.LASF16
 350 00d9 04       		.byte	0x4
 351 00da 65       		.byte	0x65
 352 00db 1B010000 		.4byte	0x11b
 353 00df 02       		.byte	0x2
 354 00e0 23       		.byte	0x23
 355 00e1 00       		.uleb128 0
 356 00e2 0A       		.uleb128 0xa
 357 00e3 27010000 		.4byte	.LASF17
 358 00e7 04       		.byte	0x4
 359 00e8 67       		.byte	0x67
 360 00e9 1B010000 		.4byte	0x11b
 361 00ed 02       		.byte	0x2
 362 00ee 23       		.byte	0x23
 363 00ef 04       		.uleb128 0x4
 364 00f0 0A       		.uleb128 0xa
 365 00f1 A2000000 		.4byte	.LASF18
 366 00f5 04       		.byte	0x4
 367 00f6 69       		.byte	0x69
 368 00f7 8C000000 		.4byte	0x8c
 369 00fb 02       		.byte	0x2
 370 00fc 23       		.byte	0x23
 371 00fd 08       		.uleb128 0x8
 372 00fe 0A       		.uleb128 0xa
 373 00ff E7000000 		.4byte	.LASF19
 374 0103 04       		.byte	0x4
 375 0104 6A       		.byte	0x6a
 376 0105 A0000000 		.4byte	0xa0
 377 0109 02       		.byte	0x2
 378 010a 23       		.byte	0x23
 379 010b 0C       		.uleb128 0xc
 380 010c 0A       		.uleb128 0xa
 381 010d 07010000 		.4byte	.LASF20
 382 0111 04       		.byte	0x4
 383 0112 6C       		.byte	0x6c
 384 0113 97000000 		.4byte	0x97
 385 0117 02       		.byte	0x2
 386 0118 23       		.byte	0x23
 387 0119 10       		.uleb128 0x10
 388 011a 00       		.byte	0
 389 011b 06       		.uleb128 0x6
 390 011c 04       		.byte	0x4
 391 011d BD000000 		.4byte	0xbd
ARM GAS  /var/folders/dt/0wfd0knj7gs46m8vwfzktm600000gn/T//cc9sh1Tj.s 			page 8


 392 0121 0B       		.uleb128 0xb
 393 0122 10       		.byte	0x10
 394 0123 04       		.byte	0x4
 395 0124 76       		.byte	0x76
 396 0125 62010000 		.4byte	0x162
 397 0129 0A       		.uleb128 0xa
 398 012a 54010000 		.4byte	.LASF16
 399 012e 04       		.byte	0x4
 400 012f 77       		.byte	0x77
 401 0130 1B010000 		.4byte	0x11b
 402 0134 02       		.byte	0x2
 403 0135 23       		.byte	0x23
 404 0136 00       		.uleb128 0
 405 0137 0A       		.uleb128 0xa
 406 0138 27010000 		.4byte	.LASF17
 407 013c 04       		.byte	0x4
 408 013d 79       		.byte	0x79
 409 013e 1B010000 		.4byte	0x11b
 410 0142 02       		.byte	0x2
 411 0143 23       		.byte	0x23
 412 0144 04       		.uleb128 0x4
 413 0145 0A       		.uleb128 0xa
 414 0146 A2000000 		.4byte	.LASF18
 415 014a 04       		.byte	0x4
 416 014b 7B       		.byte	0x7b
 417 014c 8C000000 		.4byte	0x8c
 418 0150 02       		.byte	0x2
 419 0151 23       		.byte	0x23
 420 0152 08       		.uleb128 0x8
 421 0153 0A       		.uleb128 0xa
 422 0154 B3000000 		.4byte	.LASF21
 423 0158 04       		.byte	0x4
 424 0159 7C       		.byte	0x7c
 425 015a 62010000 		.4byte	0x162
 426 015e 02       		.byte	0x2
 427 015f 23       		.byte	0x23
 428 0160 0C       		.uleb128 0xc
 429 0161 00       		.byte	0
 430 0162 0C       		.uleb128 0xc
 431 0163 8C000000 		.4byte	0x8c
 432 0167 04       		.uleb128 0x4
 433 0168 4D010000 		.4byte	.LASF22
 434 016c 04       		.byte	0x4
 435 016d 7D       		.byte	0x7d
 436 016e 21010000 		.4byte	0x121
 437 0172 03       		.uleb128 0x3
 438 0173 01       		.byte	0x1
 439 0174 08       		.byte	0x8
 440 0175 F6000000 		.4byte	.LASF23
 441 0179 0D       		.uleb128 0xd
 442 017a 01       		.byte	0x1
 443 017b 69000000 		.4byte	.LASF32
 444 017f 01       		.byte	0x1
 445 0180 32       		.byte	0x32
 446 0181 01       		.byte	0x1
 447 0182 00000000 		.4byte	.LFB7
 448 0186 18000000 		.4byte	.LFE7
ARM GAS  /var/folders/dt/0wfd0knj7gs46m8vwfzktm600000gn/T//cc9sh1Tj.s 			page 9


 449 018a 02       		.byte	0x2
 450 018b 7D       		.byte	0x7d
 451 018c 00       		.sleb128 0
 452 018d 01       		.byte	0x1
 453 018e 0E       		.uleb128 0xe
 454 018f 01       		.byte	0x1
 455 0190 00000000 		.4byte	.LASF26
 456 0194 01       		.byte	0x1
 457 0195 4C       		.byte	0x4c
 458 0196 01       		.byte	0x1
 459 0197 00000000 		.4byte	.LFB8
 460 019b 3C000000 		.4byte	.LFE8
 461 019f 00000000 		.4byte	.LLST0
 462 01a3 01       		.byte	0x1
 463 01a4 EE010000 		.4byte	0x1ee
 464 01a8 0F       		.uleb128 0xf
 465 01a9 76747000 		.ascii	"vtp\000"
 466 01ad 01       		.byte	0x1
 467 01ae 4C       		.byte	0x4c
 468 01af 1B010000 		.4byte	0x11b
 469 01b3 01       		.byte	0x1
 470 01b4 50       		.byte	0x50
 471 01b5 10       		.uleb128 0x10
 472 01b6 9D000000 		.4byte	.LASF24
 473 01ba 01       		.byte	0x1
 474 01bb 4C       		.byte	0x4c
 475 01bc 8C000000 		.4byte	0x8c
 476 01c0 20000000 		.4byte	.LLST1
 477 01c4 11       		.uleb128 0x11
 478 01c5 EF000000 		.4byte	.LASF25
 479 01c9 01       		.byte	0x1
 480 01ca 4C       		.byte	0x4c
 481 01cb A0000000 		.4byte	0xa0
 482 01cf 01       		.byte	0x1
 483 01d0 52       		.byte	0x52
 484 01d1 12       		.uleb128 0x12
 485 01d2 70617200 		.ascii	"par\000"
 486 01d6 01       		.byte	0x1
 487 01d7 4C       		.byte	0x4c
 488 01d8 97000000 		.4byte	0x97
 489 01dc 4D000000 		.4byte	.LLST2
 490 01e0 13       		.uleb128 0x13
 491 01e1 7000     		.ascii	"p\000"
 492 01e3 01       		.byte	0x1
 493 01e4 4D       		.byte	0x4d
 494 01e5 1B010000 		.4byte	0x11b
 495 01e9 6C000000 		.4byte	.LLST3
 496 01ed 00       		.byte	0
 497 01ee 14       		.uleb128 0x14
 498 01ef 01       		.byte	0x1
 499 01f0 5C010000 		.4byte	.LASF27
 500 01f4 01       		.byte	0x1
 501 01f5 6A       		.byte	0x6a
 502 01f6 01       		.byte	0x1
 503 01f7 00000000 		.4byte	.LFB9
 504 01fb 24000000 		.4byte	.LFE9
 505 01ff 02       		.byte	0x2
ARM GAS  /var/folders/dt/0wfd0knj7gs46m8vwfzktm600000gn/T//cc9sh1Tj.s 			page 10


 506 0200 7D       		.byte	0x7d
 507 0201 00       		.sleb128 0
 508 0202 01       		.byte	0x1
 509 0203 15020000 		.4byte	0x215
 510 0207 0F       		.uleb128 0xf
 511 0208 76747000 		.ascii	"vtp\000"
 512 020c 01       		.byte	0x1
 513 020d 6A       		.byte	0x6a
 514 020e 1B010000 		.4byte	0x11b
 515 0212 01       		.byte	0x1
 516 0213 50       		.byte	0x50
 517 0214 00       		.byte	0
 518 0215 15       		.uleb128 0x15
 519 0216 01       		.byte	0x1
 520 0217 18010000 		.4byte	.LASF33
 521 021b 01       		.byte	0x1
 522 021c 86       		.byte	0x86
 523 021d 01       		.byte	0x1
 524 021e 7A000000 		.4byte	0x7a
 525 0222 00000000 		.4byte	.LFB10
 526 0226 34000000 		.4byte	.LFE10
 527 022a 02       		.byte	0x2
 528 022b 7D       		.byte	0x7d
 529 022c 00       		.sleb128 0
 530 022d 01       		.byte	0x1
 531 022e 5C020000 		.4byte	0x25c
 532 0232 10       		.uleb128 0x10
 533 0233 13000000 		.4byte	.LASF28
 534 0237 01       		.byte	0x1
 535 0238 86       		.byte	0x86
 536 0239 8C000000 		.4byte	0x8c
 537 023d 8A000000 		.4byte	.LLST4
 538 0241 0F       		.uleb128 0xf
 539 0242 656E6400 		.ascii	"end\000"
 540 0246 01       		.byte	0x1
 541 0247 86       		.byte	0x86
 542 0248 8C000000 		.4byte	0x8c
 543 024c 01       		.byte	0x1
 544 024d 51       		.byte	0x51
 545 024e 16       		.uleb128 0x16
 546 024f 9D000000 		.4byte	.LASF24
 547 0253 01       		.byte	0x1
 548 0254 88       		.byte	0x88
 549 0255 8C000000 		.4byte	0x8c
 550 0259 01       		.byte	0x1
 551 025a 52       		.byte	0x52
 552 025b 00       		.byte	0
 553 025c 17       		.uleb128 0x17
 554 025d 96000000 		.4byte	.LASF34
 555 0261 01       		.byte	0x1
 556 0262 2A       		.byte	0x2a
 557 0263 67010000 		.4byte	0x167
 558 0267 01       		.byte	0x1
 559 0268 05       		.byte	0x5
 560 0269 03       		.byte	0x3
 561 026a 00000000 		.4byte	vtlist
 562 026e 00       		.byte	0
ARM GAS  /var/folders/dt/0wfd0knj7gs46m8vwfzktm600000gn/T//cc9sh1Tj.s 			page 11


 563              		.section	.debug_abbrev,"",%progbits
 564              	.Ldebug_abbrev0:
 565 0000 01       		.uleb128 0x1
 566 0001 11       		.uleb128 0x11
 567 0002 01       		.byte	0x1
 568 0003 25       		.uleb128 0x25
 569 0004 0E       		.uleb128 0xe
 570 0005 13       		.uleb128 0x13
 571 0006 0B       		.uleb128 0xb
 572 0007 03       		.uleb128 0x3
 573 0008 0E       		.uleb128 0xe
 574 0009 1B       		.uleb128 0x1b
 575 000a 0E       		.uleb128 0xe
 576 000b 55       		.uleb128 0x55
 577 000c 06       		.uleb128 0x6
 578 000d 11       		.uleb128 0x11
 579 000e 01       		.uleb128 0x1
 580 000f 52       		.uleb128 0x52
 581 0010 01       		.uleb128 0x1
 582 0011 10       		.uleb128 0x10
 583 0012 06       		.uleb128 0x6
 584 0013 00       		.byte	0
 585 0014 00       		.byte	0
 586 0015 02       		.uleb128 0x2
 587 0016 24       		.uleb128 0x24
 588 0017 00       		.byte	0
 589 0018 0B       		.uleb128 0xb
 590 0019 0B       		.uleb128 0xb
 591 001a 3E       		.uleb128 0x3e
 592 001b 0B       		.uleb128 0xb
 593 001c 03       		.uleb128 0x3
 594 001d 08       		.uleb128 0x8
 595 001e 00       		.byte	0
 596 001f 00       		.byte	0
 597 0020 03       		.uleb128 0x3
 598 0021 24       		.uleb128 0x24
 599 0022 00       		.byte	0
 600 0023 0B       		.uleb128 0xb
 601 0024 0B       		.uleb128 0xb
 602 0025 3E       		.uleb128 0x3e
 603 0026 0B       		.uleb128 0xb
 604 0027 03       		.uleb128 0x3
 605 0028 0E       		.uleb128 0xe
 606 0029 00       		.byte	0
 607 002a 00       		.byte	0
 608 002b 04       		.uleb128 0x4
 609 002c 16       		.uleb128 0x16
 610 002d 00       		.byte	0
 611 002e 03       		.uleb128 0x3
 612 002f 0E       		.uleb128 0xe
 613 0030 3A       		.uleb128 0x3a
 614 0031 0B       		.uleb128 0xb
 615 0032 3B       		.uleb128 0x3b
 616 0033 0B       		.uleb128 0xb
 617 0034 49       		.uleb128 0x49
 618 0035 13       		.uleb128 0x13
 619 0036 00       		.byte	0
ARM GAS  /var/folders/dt/0wfd0knj7gs46m8vwfzktm600000gn/T//cc9sh1Tj.s 			page 12


 620 0037 00       		.byte	0
 621 0038 05       		.uleb128 0x5
 622 0039 0F       		.uleb128 0xf
 623 003a 00       		.byte	0
 624 003b 0B       		.uleb128 0xb
 625 003c 0B       		.uleb128 0xb
 626 003d 00       		.byte	0
 627 003e 00       		.byte	0
 628 003f 06       		.uleb128 0x6
 629 0040 0F       		.uleb128 0xf
 630 0041 00       		.byte	0
 631 0042 0B       		.uleb128 0xb
 632 0043 0B       		.uleb128 0xb
 633 0044 49       		.uleb128 0x49
 634 0045 13       		.uleb128 0x13
 635 0046 00       		.byte	0
 636 0047 00       		.byte	0
 637 0048 07       		.uleb128 0x7
 638 0049 15       		.uleb128 0x15
 639 004a 01       		.byte	0x1
 640 004b 27       		.uleb128 0x27
 641 004c 0C       		.uleb128 0xc
 642 004d 01       		.uleb128 0x1
 643 004e 13       		.uleb128 0x13
 644 004f 00       		.byte	0
 645 0050 00       		.byte	0
 646 0051 08       		.uleb128 0x8
 647 0052 05       		.uleb128 0x5
 648 0053 00       		.byte	0
 649 0054 49       		.uleb128 0x49
 650 0055 13       		.uleb128 0x13
 651 0056 00       		.byte	0
 652 0057 00       		.byte	0
 653 0058 09       		.uleb128 0x9
 654 0059 13       		.uleb128 0x13
 655 005a 01       		.byte	0x1
 656 005b 03       		.uleb128 0x3
 657 005c 0E       		.uleb128 0xe
 658 005d 0B       		.uleb128 0xb
 659 005e 0B       		.uleb128 0xb
 660 005f 3A       		.uleb128 0x3a
 661 0060 0B       		.uleb128 0xb
 662 0061 3B       		.uleb128 0x3b
 663 0062 0B       		.uleb128 0xb
 664 0063 01       		.uleb128 0x1
 665 0064 13       		.uleb128 0x13
 666 0065 00       		.byte	0
 667 0066 00       		.byte	0
 668 0067 0A       		.uleb128 0xa
 669 0068 0D       		.uleb128 0xd
 670 0069 00       		.byte	0
 671 006a 03       		.uleb128 0x3
 672 006b 0E       		.uleb128 0xe
 673 006c 3A       		.uleb128 0x3a
 674 006d 0B       		.uleb128 0xb
 675 006e 3B       		.uleb128 0x3b
 676 006f 0B       		.uleb128 0xb
ARM GAS  /var/folders/dt/0wfd0knj7gs46m8vwfzktm600000gn/T//cc9sh1Tj.s 			page 13


 677 0070 49       		.uleb128 0x49
 678 0071 13       		.uleb128 0x13
 679 0072 38       		.uleb128 0x38
 680 0073 0A       		.uleb128 0xa
 681 0074 00       		.byte	0
 682 0075 00       		.byte	0
 683 0076 0B       		.uleb128 0xb
 684 0077 13       		.uleb128 0x13
 685 0078 01       		.byte	0x1
 686 0079 0B       		.uleb128 0xb
 687 007a 0B       		.uleb128 0xb
 688 007b 3A       		.uleb128 0x3a
 689 007c 0B       		.uleb128 0xb
 690 007d 3B       		.uleb128 0x3b
 691 007e 0B       		.uleb128 0xb
 692 007f 01       		.uleb128 0x1
 693 0080 13       		.uleb128 0x13
 694 0081 00       		.byte	0
 695 0082 00       		.byte	0
 696 0083 0C       		.uleb128 0xc
 697 0084 35       		.uleb128 0x35
 698 0085 00       		.byte	0
 699 0086 49       		.uleb128 0x49
 700 0087 13       		.uleb128 0x13
 701 0088 00       		.byte	0
 702 0089 00       		.byte	0
 703 008a 0D       		.uleb128 0xd
 704 008b 2E       		.uleb128 0x2e
 705 008c 00       		.byte	0
 706 008d 3F       		.uleb128 0x3f
 707 008e 0C       		.uleb128 0xc
 708 008f 03       		.uleb128 0x3
 709 0090 0E       		.uleb128 0xe
 710 0091 3A       		.uleb128 0x3a
 711 0092 0B       		.uleb128 0xb
 712 0093 3B       		.uleb128 0x3b
 713 0094 0B       		.uleb128 0xb
 714 0095 27       		.uleb128 0x27
 715 0096 0C       		.uleb128 0xc
 716 0097 11       		.uleb128 0x11
 717 0098 01       		.uleb128 0x1
 718 0099 12       		.uleb128 0x12
 719 009a 01       		.uleb128 0x1
 720 009b 40       		.uleb128 0x40
 721 009c 0A       		.uleb128 0xa
 722 009d 9742     		.uleb128 0x2117
 723 009f 0C       		.uleb128 0xc
 724 00a0 00       		.byte	0
 725 00a1 00       		.byte	0
 726 00a2 0E       		.uleb128 0xe
 727 00a3 2E       		.uleb128 0x2e
 728 00a4 01       		.byte	0x1
 729 00a5 3F       		.uleb128 0x3f
 730 00a6 0C       		.uleb128 0xc
 731 00a7 03       		.uleb128 0x3
 732 00a8 0E       		.uleb128 0xe
 733 00a9 3A       		.uleb128 0x3a
ARM GAS  /var/folders/dt/0wfd0knj7gs46m8vwfzktm600000gn/T//cc9sh1Tj.s 			page 14


 734 00aa 0B       		.uleb128 0xb
 735 00ab 3B       		.uleb128 0x3b
 736 00ac 0B       		.uleb128 0xb
 737 00ad 27       		.uleb128 0x27
 738 00ae 0C       		.uleb128 0xc
 739 00af 11       		.uleb128 0x11
 740 00b0 01       		.uleb128 0x1
 741 00b1 12       		.uleb128 0x12
 742 00b2 01       		.uleb128 0x1
 743 00b3 40       		.uleb128 0x40
 744 00b4 06       		.uleb128 0x6
 745 00b5 9742     		.uleb128 0x2117
 746 00b7 0C       		.uleb128 0xc
 747 00b8 01       		.uleb128 0x1
 748 00b9 13       		.uleb128 0x13
 749 00ba 00       		.byte	0
 750 00bb 00       		.byte	0
 751 00bc 0F       		.uleb128 0xf
 752 00bd 05       		.uleb128 0x5
 753 00be 00       		.byte	0
 754 00bf 03       		.uleb128 0x3
 755 00c0 08       		.uleb128 0x8
 756 00c1 3A       		.uleb128 0x3a
 757 00c2 0B       		.uleb128 0xb
 758 00c3 3B       		.uleb128 0x3b
 759 00c4 0B       		.uleb128 0xb
 760 00c5 49       		.uleb128 0x49
 761 00c6 13       		.uleb128 0x13
 762 00c7 02       		.uleb128 0x2
 763 00c8 0A       		.uleb128 0xa
 764 00c9 00       		.byte	0
 765 00ca 00       		.byte	0
 766 00cb 10       		.uleb128 0x10
 767 00cc 05       		.uleb128 0x5
 768 00cd 00       		.byte	0
 769 00ce 03       		.uleb128 0x3
 770 00cf 0E       		.uleb128 0xe
 771 00d0 3A       		.uleb128 0x3a
 772 00d1 0B       		.uleb128 0xb
 773 00d2 3B       		.uleb128 0x3b
 774 00d3 0B       		.uleb128 0xb
 775 00d4 49       		.uleb128 0x49
 776 00d5 13       		.uleb128 0x13
 777 00d6 02       		.uleb128 0x2
 778 00d7 06       		.uleb128 0x6
 779 00d8 00       		.byte	0
 780 00d9 00       		.byte	0
 781 00da 11       		.uleb128 0x11
 782 00db 05       		.uleb128 0x5
 783 00dc 00       		.byte	0
 784 00dd 03       		.uleb128 0x3
 785 00de 0E       		.uleb128 0xe
 786 00df 3A       		.uleb128 0x3a
 787 00e0 0B       		.uleb128 0xb
 788 00e1 3B       		.uleb128 0x3b
 789 00e2 0B       		.uleb128 0xb
 790 00e3 49       		.uleb128 0x49
ARM GAS  /var/folders/dt/0wfd0knj7gs46m8vwfzktm600000gn/T//cc9sh1Tj.s 			page 15


 791 00e4 13       		.uleb128 0x13
 792 00e5 02       		.uleb128 0x2
 793 00e6 0A       		.uleb128 0xa
 794 00e7 00       		.byte	0
 795 00e8 00       		.byte	0
 796 00e9 12       		.uleb128 0x12
 797 00ea 05       		.uleb128 0x5
 798 00eb 00       		.byte	0
 799 00ec 03       		.uleb128 0x3
 800 00ed 08       		.uleb128 0x8
 801 00ee 3A       		.uleb128 0x3a
 802 00ef 0B       		.uleb128 0xb
 803 00f0 3B       		.uleb128 0x3b
 804 00f1 0B       		.uleb128 0xb
 805 00f2 49       		.uleb128 0x49
 806 00f3 13       		.uleb128 0x13
 807 00f4 02       		.uleb128 0x2
 808 00f5 06       		.uleb128 0x6
 809 00f6 00       		.byte	0
 810 00f7 00       		.byte	0
 811 00f8 13       		.uleb128 0x13
 812 00f9 34       		.uleb128 0x34
 813 00fa 00       		.byte	0
 814 00fb 03       		.uleb128 0x3
 815 00fc 08       		.uleb128 0x8
 816 00fd 3A       		.uleb128 0x3a
 817 00fe 0B       		.uleb128 0xb
 818 00ff 3B       		.uleb128 0x3b
 819 0100 0B       		.uleb128 0xb
 820 0101 49       		.uleb128 0x49
 821 0102 13       		.uleb128 0x13
 822 0103 02       		.uleb128 0x2
 823 0104 06       		.uleb128 0x6
 824 0105 00       		.byte	0
 825 0106 00       		.byte	0
 826 0107 14       		.uleb128 0x14
 827 0108 2E       		.uleb128 0x2e
 828 0109 01       		.byte	0x1
 829 010a 3F       		.uleb128 0x3f
 830 010b 0C       		.uleb128 0xc
 831 010c 03       		.uleb128 0x3
 832 010d 0E       		.uleb128 0xe
 833 010e 3A       		.uleb128 0x3a
 834 010f 0B       		.uleb128 0xb
 835 0110 3B       		.uleb128 0x3b
 836 0111 0B       		.uleb128 0xb
 837 0112 27       		.uleb128 0x27
 838 0113 0C       		.uleb128 0xc
 839 0114 11       		.uleb128 0x11
 840 0115 01       		.uleb128 0x1
 841 0116 12       		.uleb128 0x12
 842 0117 01       		.uleb128 0x1
 843 0118 40       		.uleb128 0x40
 844 0119 0A       		.uleb128 0xa
 845 011a 9742     		.uleb128 0x2117
 846 011c 0C       		.uleb128 0xc
 847 011d 01       		.uleb128 0x1
ARM GAS  /var/folders/dt/0wfd0knj7gs46m8vwfzktm600000gn/T//cc9sh1Tj.s 			page 16


 848 011e 13       		.uleb128 0x13
 849 011f 00       		.byte	0
 850 0120 00       		.byte	0
 851 0121 15       		.uleb128 0x15
 852 0122 2E       		.uleb128 0x2e
 853 0123 01       		.byte	0x1
 854 0124 3F       		.uleb128 0x3f
 855 0125 0C       		.uleb128 0xc
 856 0126 03       		.uleb128 0x3
 857 0127 0E       		.uleb128 0xe
 858 0128 3A       		.uleb128 0x3a
 859 0129 0B       		.uleb128 0xb
 860 012a 3B       		.uleb128 0x3b
 861 012b 0B       		.uleb128 0xb
 862 012c 27       		.uleb128 0x27
 863 012d 0C       		.uleb128 0xc
 864 012e 49       		.uleb128 0x49
 865 012f 13       		.uleb128 0x13
 866 0130 11       		.uleb128 0x11
 867 0131 01       		.uleb128 0x1
 868 0132 12       		.uleb128 0x12
 869 0133 01       		.uleb128 0x1
 870 0134 40       		.uleb128 0x40
 871 0135 0A       		.uleb128 0xa
 872 0136 9742     		.uleb128 0x2117
 873 0138 0C       		.uleb128 0xc
 874 0139 01       		.uleb128 0x1
 875 013a 13       		.uleb128 0x13
 876 013b 00       		.byte	0
 877 013c 00       		.byte	0
 878 013d 16       		.uleb128 0x16
 879 013e 34       		.uleb128 0x34
 880 013f 00       		.byte	0
 881 0140 03       		.uleb128 0x3
 882 0141 0E       		.uleb128 0xe
 883 0142 3A       		.uleb128 0x3a
 884 0143 0B       		.uleb128 0xb
 885 0144 3B       		.uleb128 0x3b
 886 0145 0B       		.uleb128 0xb
 887 0146 49       		.uleb128 0x49
 888 0147 13       		.uleb128 0x13
 889 0148 02       		.uleb128 0x2
 890 0149 0A       		.uleb128 0xa
 891 014a 00       		.byte	0
 892 014b 00       		.byte	0
 893 014c 17       		.uleb128 0x17
 894 014d 34       		.uleb128 0x34
 895 014e 00       		.byte	0
 896 014f 03       		.uleb128 0x3
 897 0150 0E       		.uleb128 0xe
 898 0151 3A       		.uleb128 0x3a
 899 0152 0B       		.uleb128 0xb
 900 0153 3B       		.uleb128 0x3b
 901 0154 0B       		.uleb128 0xb
 902 0155 49       		.uleb128 0x49
 903 0156 13       		.uleb128 0x13
 904 0157 3F       		.uleb128 0x3f
ARM GAS  /var/folders/dt/0wfd0knj7gs46m8vwfzktm600000gn/T//cc9sh1Tj.s 			page 17


 905 0158 0C       		.uleb128 0xc
 906 0159 02       		.uleb128 0x2
 907 015a 0A       		.uleb128 0xa
 908 015b 00       		.byte	0
 909 015c 00       		.byte	0
 910 015d 00       		.byte	0
 911              		.section	.debug_loc,"",%progbits
 912              	.Ldebug_loc0:
 913              	.LLST0:
 914 0000 00000000 		.4byte	.LFB8
 915 0004 02000000 		.4byte	.LCFI0
 916 0008 0200     		.2byte	0x2
 917 000a 7D       		.byte	0x7d
 918 000b 00       		.sleb128 0
 919 000c 02000000 		.4byte	.LCFI0
 920 0010 3C000000 		.4byte	.LFE8
 921 0014 0200     		.2byte	0x2
 922 0016 7D       		.byte	0x7d
 923 0017 0C       		.sleb128 12
 924 0018 00000000 		.4byte	0
 925 001c 00000000 		.4byte	0
 926              	.LLST1:
 927 0020 00000000 		.4byte	.LVL0
 928 0024 14000000 		.4byte	.LVL3
 929 0028 0100     		.2byte	0x1
 930 002a 51       		.byte	0x51
 931 002b 14000000 		.4byte	.LVL3
 932 002f 32000000 		.4byte	.LVL5
 933 0033 0100     		.2byte	0x1
 934 0035 51       		.byte	0x51
 935 0036 32000000 		.4byte	.LVL5
 936 003a 3C000000 		.4byte	.LFE8
 937 003e 0500     		.2byte	0x5
 938 0040 74       		.byte	0x74
 939 0041 04       		.sleb128 4
 940 0042 06       		.byte	0x6
 941 0043 23       		.byte	0x23
 942 0044 08       		.uleb128 0x8
 943 0045 00000000 		.4byte	0
 944 0049 00000000 		.4byte	0
 945              	.LLST2:
 946 004d 00000000 		.4byte	.LVL0
 947 0051 1C000000 		.4byte	.LVL4
 948 0055 0100     		.2byte	0x1
 949 0057 53       		.byte	0x53
 950 0058 1C000000 		.4byte	.LVL4
 951 005c 3C000000 		.4byte	.LFE8
 952 0060 0200     		.2byte	0x2
 953 0062 70       		.byte	0x70
 954 0063 10       		.sleb128 16
 955 0064 00000000 		.4byte	0
 956 0068 00000000 		.4byte	0
 957              	.LLST3:
 958 006c 08000000 		.4byte	.LVL1
 959 0070 12000000 		.4byte	.LVL2
 960 0074 0100     		.2byte	0x1
 961 0076 54       		.byte	0x54
ARM GAS  /var/folders/dt/0wfd0knj7gs46m8vwfzktm600000gn/T//cc9sh1Tj.s 			page 18


 962 0077 14000000 		.4byte	.LVL3
 963 007b 3C000000 		.4byte	.LFE8
 964 007f 0100     		.2byte	0x1
 965 0081 54       		.byte	0x54
 966 0082 00000000 		.4byte	0
 967 0086 00000000 		.4byte	0
 968              	.LLST4:
 969 008a 00000000 		.4byte	.LVL7
 970 008e 1C000000 		.4byte	.LVL9
 971 0092 0100     		.2byte	0x1
 972 0094 50       		.byte	0x50
 973 0095 1C000000 		.4byte	.LVL9
 974 0099 1E000000 		.4byte	.LVL10
 975 009d 0400     		.2byte	0x4
 976 009f F3       		.byte	0xf3
 977 00a0 01       		.uleb128 0x1
 978 00a1 50       		.byte	0x50
 979 00a2 9F       		.byte	0x9f
 980 00a3 1E000000 		.4byte	.LVL10
 981 00a7 24000000 		.4byte	.LVL11
 982 00ab 0100     		.2byte	0x1
 983 00ad 50       		.byte	0x50
 984 00ae 24000000 		.4byte	.LVL11
 985 00b2 34000000 		.4byte	.LFE10
 986 00b6 0100     		.2byte	0x1
 987 00b8 53       		.byte	0x53
 988 00b9 00000000 		.4byte	0
 989 00bd 00000000 		.4byte	0
 990              		.section	.debug_aranges,"",%progbits
 991 0000 34000000 		.4byte	0x34
 992 0004 0200     		.2byte	0x2
 993 0006 00000000 		.4byte	.Ldebug_info0
 994 000a 04       		.byte	0x4
 995 000b 00       		.byte	0
 996 000c 0000     		.2byte	0
 997 000e 0000     		.2byte	0
 998 0010 00000000 		.4byte	.LFB7
 999 0014 18000000 		.4byte	.LFE7-.LFB7
 1000 0018 00000000 		.4byte	.LFB8
 1001 001c 3C000000 		.4byte	.LFE8-.LFB8
 1002 0020 00000000 		.4byte	.LFB9
 1003 0024 24000000 		.4byte	.LFE9-.LFB9
 1004 0028 00000000 		.4byte	.LFB10
 1005 002c 34000000 		.4byte	.LFE10-.LFB10
 1006 0030 00000000 		.4byte	0
 1007 0034 00000000 		.4byte	0
 1008              		.section	.debug_ranges,"",%progbits
 1009              	.Ldebug_ranges0:
 1010 0000 00000000 		.4byte	.LFB7
 1011 0004 18000000 		.4byte	.LFE7
 1012 0008 00000000 		.4byte	.LFB8
 1013 000c 3C000000 		.4byte	.LFE8
 1014 0010 00000000 		.4byte	.LFB9
 1015 0014 24000000 		.4byte	.LFE9
 1016 0018 00000000 		.4byte	.LFB10
 1017 001c 34000000 		.4byte	.LFE10
 1018 0020 00000000 		.4byte	0
ARM GAS  /var/folders/dt/0wfd0knj7gs46m8vwfzktm600000gn/T//cc9sh1Tj.s 			page 19


 1019 0024 00000000 		.4byte	0
 1020              		.section	.debug_line,"",%progbits
 1021              	.Ldebug_line0:
 1022 0000 72010000 		.section	.debug_str,"MS",%progbits,1
 1022      0200F900 
 1022      00000201 
 1022      FB0E0D00 
 1022      01010101 
 1023              	.LASF26:
 1024 0000 63685654 		.ascii	"chVTSetI\000"
 1024      53657449 
 1024      00
 1025              	.LASF12:
 1026 0009 73797374 		.ascii	"systime_t\000"
 1026      696D655F 
 1026      7400
 1027              	.LASF28:
 1028 0013 73746172 		.ascii	"start\000"
 1028      7400
 1029              	.LASF10:
 1030 0019 626F6F6C 		.ascii	"bool_t\000"
 1030      5F7400
 1031              	.LASF14:
 1032 0020 76746675 		.ascii	"vtfunc_t\000"
 1032      6E635F74 
 1032      00
 1033              	.LASF6:
 1034 0029 6C6F6E67 		.ascii	"long unsigned int\000"
 1034      20756E73 
 1034      69676E65 
 1034      6420696E 
 1034      7400
 1035              	.LASF4:
 1036 003b 73686F72 		.ascii	"short unsigned int\000"
 1036      7420756E 
 1036      7369676E 
 1036      65642069 
 1036      6E7400
 1037              	.LASF15:
 1038 004e 56697274 		.ascii	"VirtualTimer\000"
 1038      75616C54 
 1038      696D6572 
 1038      00
 1039              	.LASF2:
 1040 005b 756E7369 		.ascii	"unsigned char\000"
 1040      676E6564 
 1040      20636861 
 1040      7200
 1041              	.LASF32:
 1042 0069 5F76745F 		.ascii	"_vt_init\000"
 1042      696E6974 
 1042      00
 1043              	.LASF0:
 1044 0072 756E7369 		.ascii	"unsigned int\000"
 1044      676E6564 
 1044      20696E74 
 1044      00
ARM GAS  /var/folders/dt/0wfd0knj7gs46m8vwfzktm600000gn/T//cc9sh1Tj.s 			page 20


 1045              	.LASF8:
 1046 007f 6C6F6E67 		.ascii	"long long unsigned int\000"
 1046      206C6F6E 
 1046      6720756E 
 1046      7369676E 
 1046      65642069 
 1047              	.LASF34:
 1048 0096 76746C69 		.ascii	"vtlist\000"
 1048      737400
 1049              	.LASF24:
 1050 009d 74696D65 		.ascii	"time\000"
 1050      00
 1051              	.LASF18:
 1052 00a2 76745F74 		.ascii	"vt_time\000"
 1052      696D6500 
 1053              	.LASF13:
 1054 00aa 73697A65 		.ascii	"sizetype\000"
 1054      74797065 
 1054      00
 1055              	.LASF21:
 1056 00b3 76745F73 		.ascii	"vt_systime\000"
 1056      79737469 
 1056      6D6500
 1057              	.LASF30:
 1058 00be 2E2E2F2E 		.ascii	"../../os/kernel/src/chvt.c\000"
 1058      2E2F6F73 
 1058      2F6B6572 
 1058      6E656C2F 
 1058      7372632F 
 1059              	.LASF7:
 1060 00d9 6C6F6E67 		.ascii	"long long int\000"
 1060      206C6F6E 
 1060      6720696E 
 1060      7400
 1061              	.LASF19:
 1062 00e7 76745F66 		.ascii	"vt_func\000"
 1062      756E6300 
 1063              	.LASF25:
 1064 00ef 76746675 		.ascii	"vtfunc\000"
 1064      6E6300
 1065              	.LASF23:
 1066 00f6 63686172 		.ascii	"char\000"
 1066      00
 1067              	.LASF29:
 1068 00fb 474E5520 		.ascii	"GNU C 4.7.2\000"
 1068      4320342E 
 1068      372E3200 
 1069              	.LASF20:
 1070 0107 76745F70 		.ascii	"vt_par\000"
 1070      617200
 1071              	.LASF3:
 1072 010e 73686F72 		.ascii	"short int\000"
 1072      7420696E 
 1072      7400
 1073              	.LASF33:
 1074 0118 63685469 		.ascii	"chTimeIsWithin\000"
 1074      6D654973 
ARM GAS  /var/folders/dt/0wfd0knj7gs46m8vwfzktm600000gn/T//cc9sh1Tj.s 			page 21


 1074      57697468 
 1074      696E00
 1075              	.LASF17:
 1076 0127 76745F70 		.ascii	"vt_prev\000"
 1076      72657600 
 1077              	.LASF9:
 1078 012f 75696E74 		.ascii	"uint32_t\000"
 1078      33325F74 
 1078      00
 1079              	.LASF5:
 1080 0138 6C6F6E67 		.ascii	"long int\000"
 1080      20696E74 
 1080      00
 1081              	.LASF1:
 1082 0141 7369676E 		.ascii	"signed char\000"
 1082      65642063 
 1082      68617200 
 1083              	.LASF22:
 1084 014d 56544C69 		.ascii	"VTList\000"
 1084      737400
 1085              	.LASF16:
 1086 0154 76745F6E 		.ascii	"vt_next\000"
 1086      65787400 
 1087              	.LASF27:
 1088 015c 63685654 		.ascii	"chVTResetI\000"
 1088      52657365 
 1088      744900
 1089              	.LASF11:
 1090 0167 5F426F6F 		.ascii	"_Bool\000"
 1090      6C00
 1091              	.LASF31:
 1092 016d 2F557365 		.ascii	"/Users/toxygen/dev/chibi/ChibiOS_2.6.1/demos/ARMCM3"
 1092      72732F74 
 1092      6F787967 
 1092      656E2F64 
 1092      65762F63 
 1093 01a0 2D53544D 		.ascii	"-STM32F107\000"
 1093      33324631 
 1093      303700
 1094              		.ident	"GCC: (GNU) 4.7.2"
ARM GAS  /var/folders/dt/0wfd0knj7gs46m8vwfzktm600000gn/T//cc9sh1Tj.s 			page 22


DEFINED SYMBOLS
                            *ABS*:0000000000000000 chvt.c
/var/folders/dt/0wfd0knj7gs46m8vwfzktm600000gn/T//cc9sh1Tj.s:19     .text._vt_init:0000000000000000 $t
/var/folders/dt/0wfd0knj7gs46m8vwfzktm600000gn/T//cc9sh1Tj.s:25     .text._vt_init:0000000000000000 _vt_init
/var/folders/dt/0wfd0knj7gs46m8vwfzktm600000gn/T//cc9sh1Tj.s:233    .bss.vtlist:0000000000000000 .LANCHOR0
/var/folders/dt/0wfd0knj7gs46m8vwfzktm600000gn/T//cc9sh1Tj.s:51     .text.chVTSetI:0000000000000000 $t
/var/folders/dt/0wfd0knj7gs46m8vwfzktm600000gn/T//cc9sh1Tj.s:57     .text.chVTSetI:0000000000000000 chVTSetI
/var/folders/dt/0wfd0knj7gs46m8vwfzktm600000gn/T//cc9sh1Tj.s:124    .text.chVTSetI:0000000000000038 $d
/var/folders/dt/0wfd0knj7gs46m8vwfzktm600000gn/T//cc9sh1Tj.s:129    .text.chVTResetI:0000000000000000 $t
/var/folders/dt/0wfd0knj7gs46m8vwfzktm600000gn/T//cc9sh1Tj.s:135    .text.chVTResetI:0000000000000000 chVTResetI
/var/folders/dt/0wfd0knj7gs46m8vwfzktm600000gn/T//cc9sh1Tj.s:169    .text.chVTResetI:0000000000000020 $d
/var/folders/dt/0wfd0knj7gs46m8vwfzktm600000gn/T//cc9sh1Tj.s:174    .text.chTimeIsWithin:0000000000000000 $t
/var/folders/dt/0wfd0knj7gs46m8vwfzktm600000gn/T//cc9sh1Tj.s:180    .text.chTimeIsWithin:0000000000000000 chTimeIsWithin
/var/folders/dt/0wfd0knj7gs46m8vwfzktm600000gn/T//cc9sh1Tj.s:226    .text.chTimeIsWithin:0000000000000030 $d
/var/folders/dt/0wfd0knj7gs46m8vwfzktm600000gn/T//cc9sh1Tj.s:236    .bss.vtlist:0000000000000000 vtlist
/var/folders/dt/0wfd0knj7gs46m8vwfzktm600000gn/T//cc9sh1Tj.s:232    .bss.vtlist:0000000000000000 $d
                     .debug_frame:0000000000000010 $d
/var/folders/dt/0wfd0knj7gs46m8vwfzktm600000gn/T//cc9sh1Tj.s:128    .text.chVTSetI:000000000000003c $t
/var/folders/dt/0wfd0knj7gs46m8vwfzktm600000gn/T//cc9sh1Tj.s:173    .text.chVTResetI:0000000000000024 $t
/var/folders/dt/0wfd0knj7gs46m8vwfzktm600000gn/T//cc9sh1Tj.s:231    .text.chTimeIsWithin:0000000000000034 $t

NO UNDEFINED SYMBOLS
