ARM GAS  /var/folders/dt/0wfd0knj7gs46m8vwfzktm600000gn/T//cc4xUvBh.s 			page 1


   1              		.syntax unified
   2              		.cpu cortex-m3
   3              		.fpu softvfp
   4              		.eabi_attribute 20, 1
   5              		.eabi_attribute 21, 1
   6              		.eabi_attribute 23, 3
   7              		.eabi_attribute 24, 1
   8              		.eabi_attribute 25, 1
   9              		.eabi_attribute 26, 1
  10              		.eabi_attribute 30, 2
  11              		.eabi_attribute 34, 1
  12              		.eabi_attribute 18, 4
  13              		.thumb
  14              		.file	"crt0.c"
  15              		.text
  16              	.Ltext0:
  17              		.cfi_sections	.debug_frame
  18              		.section	.text.__early_init,"ax",%progbits
  19              		.align	2
  20              		.p2align 4,,15
  21              		.weak	__early_init
  22              		.thumb
  23              		.thumb_func
  24              		.type	__early_init, %function
  25              	__early_init:
  26              	.LFB0:
  27              		.file 1 "../../os/ports/GCC/ARMCMx/crt0.c"
  28              		.loc 1 234 0
  29              		.cfi_startproc
  30              		@ args = 0, pretend = 0, frame = 0
  31              		@ frame_needed = 0, uses_anonymous_args = 0
  32              		@ link register save eliminated.
  33 0000 7047     		bx	lr
  34              		.cfi_endproc
  35              	.LFE0:
  36              		.size	__early_init, .-__early_init
  37 0002 00BFAFF3 		.section	.text.__late_init,"ax",%progbits
  37      0080AFF3 
  37      0080AFF3 
  37      0080
  38              		.align	2
  39              		.p2align 4,,15
  40              		.weak	__late_init
  41              		.thumb
  42              		.thumb_func
  43              		.type	__late_init, %function
  44              	__late_init:
  45              	.LFB1:
  46              		.loc 1 246 0
  47              		.cfi_startproc
  48              		@ args = 0, pretend = 0, frame = 0
  49              		@ frame_needed = 0, uses_anonymous_args = 0
  50              		@ link register save eliminated.
  51 0000 7047     		bx	lr
  52              		.cfi_endproc
  53              	.LFE1:
  54              		.size	__late_init, .-__late_init
ARM GAS  /var/folders/dt/0wfd0knj7gs46m8vwfzktm600000gn/T//cc4xUvBh.s 			page 2


  55 0002 00BFAFF3 		.section	.text._default_exit,"ax",%progbits
  55      0080AFF3 
  55      0080AFF3 
  55      0080
  56              		.align	2
  57              		.p2align 4,,15
  58              		.weak	_default_exit
  59              		.thumb
  60              		.thumb_func
  61              		.type	_default_exit, %function
  62              	_default_exit:
  63              	.LFB2:
  64              		.loc 1 257 0
  65              		.cfi_startproc
  66              		@ Naked Function: prologue and epilogue provided by programmer.
  67              		@ args = 0, pretend = 0, frame = 0
  68              		@ frame_needed = 0, uses_anonymous_args = 0
  69              	.L4:
  70 0000 FEE7     		b	.L4
  71              		.cfi_endproc
  72              	.LFE2:
  73              		.size	_default_exit, .-_default_exit
  74 0002 00BFAFF3 		.section	.text.ResetHandler,"ax",%progbits
  74      0080AFF3 
  74      0080AFF3 
  74      0080
  75              		.align	2
  76              		.p2align 4,,15
  77              		.global	ResetHandler
  78              		.thumb
  79              		.thumb_func
  80              		.type	ResetHandler, %function
  81              	ResetHandler:
  82              	.LFB3:
  83              		.loc 1 268 0
  84              		.cfi_startproc
  85              		@ Naked Function: prologue and epilogue provided by programmer.
  86              		@ args = 0, pretend = 0, frame = 0
  87              		@ frame_needed = 0, uses_anonymous_args = 0
  88              		.loc 1 274 0
  89              	@ 274 "../../os/ports/GCC/ARMCMx/crt0.c" 1
  90 0000 72B6     		cpsid   i
  91              	@ 0 "" 2
  92              		.loc 1 275 0
  93              		.thumb
  94 0002 3748     		ldr	r0, .L32
  95              	.LVL0:
  96              		.loc 1 276 0
  97              	@ 276 "../../os/ports/GCC/ARMCMx/crt0.c" 1
  98 0004 80F30988 		msr     PSP, r0
  99              	@ 0 "" 2
 100              	.LVL1:
 101              		.loc 1 296 0
 102              		.thumb
 103 0008 0223     		movs	r3, #2
 104              	@ 296 "../../os/ports/GCC/ARMCMx/crt0.c" 1
 105 000a 83F31488 		msr     CONTROL, r3
ARM GAS  /var/folders/dt/0wfd0knj7gs46m8vwfzktm600000gn/T//cc4xUvBh.s 			page 3


 106              	@ 0 "" 2
 107              		.loc 1 297 0
 108              	@ 297 "../../os/ports/GCC/ARMCMx/crt0.c" 1
 109 000e BFF36F8F 		isb
 110              	@ 0 "" 2
 111              	.LVL2:
 112              		.thumb
 113              	.LBB2:
 114              		.loc 1 301 0
 115 0012 344A     		ldr	r2, .L32+4
 116 0014 344B     		ldr	r3, .L32+8
 117 0016 9A42     		cmp	r2, r3
 118 0018 0BD2     		bcs	.L10
 119              	.LBE2:
 120              	.LBB3:
 121              		.loc 1 268 0
 122 001a D143     		mvns	r1, r2
 123 001c C918     		adds	r1, r1, r3
 124 001e 21F00301 		bic	r1, r1, #3
 125 0022 131F     		subs	r3, r2, #4
 126 0024 8918     		adds	r1, r1, r2
 127              	.LBE3:
 128              	.LBB4:
 129              		.loc 1 301 0
 130 0026 4FF05532 		mov	r2, #1431655765
 131              	.LVL3:
 132              	.L9:
 133              		.loc 1 301 0 is_stmt 0 discriminator 2
 134 002a 43F8042F 		str	r2, [r3, #4]!
 135 002e 8B42     		cmp	r3, r1
 136 0030 FBD1     		bne	.L9
 137              	.L10:
 138              	.LVL4:
 139              	.LBE4:
 140              	.LBB5:
 141              		.loc 1 304 0 is_stmt 1
 142 0032 2E4A     		ldr	r2, .L32+12
 143 0034 8242     		cmp	r2, r0
 144 0036 0CD2     		bcs	.L8
 145              	.LBE5:
 146              	.LBB6:
 147              		.loc 1 268 0
 148 0038 2D49     		ldr	r1, .L32+16
 149 003a 131D     		adds	r3, r2, #4
 150 003c C91A     		subs	r1, r1, r3
 151 003e 21F00301 		bic	r1, r1, #3
 152 0042 131F     		subs	r3, r2, #4
 153 0044 8918     		adds	r1, r1, r2
 154              	.LBE6:
 155              	.LBB7:
 156              		.loc 1 304 0
 157 0046 4FF05532 		mov	r2, #1431655765
 158              	.LVL5:
 159              	.L13:
 160              		.loc 1 304 0 is_stmt 0 discriminator 2
 161 004a 43F8042F 		str	r2, [r3, #4]!
 162 004e 8B42     		cmp	r3, r1
ARM GAS  /var/folders/dt/0wfd0knj7gs46m8vwfzktm600000gn/T//cc4xUvBh.s 			page 4


 163 0050 FBD1     		bne	.L13
 164              	.L8:
 165              	.LBE7:
 166              		.loc 1 310 0 is_stmt 1
 167 0052 FFF7FEFF 		bl	__early_init
 168              	.LVL6:
 169              	.LBB8:
 170              		.loc 1 319 0
 171 0056 2749     		ldr	r1, .L32+20
 172 0058 274B     		ldr	r3, .L32+24
 173 005a 9942     		cmp	r1, r3
 174 005c 0BD2     		bcs	.L12
 175              	.LBE8:
 176              	.LBB9:
 177              		.loc 1 268 0
 178 005e C843     		mvns	r0, r1
 179 0060 C018     		adds	r0, r0, r3
 180 0062 20F00300 		bic	r0, r0, #3
 181 0066 254C     		ldr	r4, .L32+28
 182 0068 0430     		adds	r0, r0, #4
 183              	.LBE9:
 184 006a 0023     		movs	r3, #0
 185              	.LVL7:
 186              	.L16:
 187              	.LBB10:
 188              		.loc 1 320 0
 189 006c 1A59     		ldr	r2, [r3, r4]
 190 006e 5A50     		str	r2, [r3, r1]
 191 0070 0433     		adds	r3, r3, #4
 192              		.loc 1 319 0
 193 0072 8342     		cmp	r3, r0
 194 0074 FAD1     		bne	.L16
 195              	.L12:
 196              	.LVL8:
 197              	.LBE10:
 198              	.LBB11:
 199              		.loc 1 326 0
 200 0076 224A     		ldr	r2, .L32+32
 201 0078 224B     		ldr	r3, .L32+36
 202 007a 9A42     		cmp	r2, r3
 203 007c 0AD2     		bcs	.L15
 204              	.LBE11:
 205              	.LBB12:
 206              		.loc 1 268 0
 207 007e D143     		mvns	r1, r2
 208 0080 C918     		adds	r1, r1, r3
 209 0082 21F00301 		bic	r1, r1, #3
 210 0086 131F     		subs	r3, r2, #4
 211 0088 8918     		adds	r1, r1, r2
 212              	.LBE12:
 213              	.LBB13:
 214              		.loc 1 326 0
 215 008a 0022     		movs	r2, #0
 216              	.LVL9:
 217              	.L19:
 218              		.loc 1 326 0 is_stmt 0 discriminator 2
 219 008c 43F8042F 		str	r2, [r3, #4]!
ARM GAS  /var/folders/dt/0wfd0knj7gs46m8vwfzktm600000gn/T//cc4xUvBh.s 			page 5


 220 0090 8B42     		cmp	r3, r1
 221 0092 FBD1     		bne	.L19
 222              	.L15:
 223              	.LBE13:
 224              		.loc 1 330 0 is_stmt 1
 225 0094 FFF7FEFF 		bl	__late_init
 226              	.LVL10:
 227              	.LBB14:
 228              		.loc 1 336 0
 229 0098 1B4D     		ldr	r5, .L32+40
 230 009a 1C4B     		ldr	r3, .L32+44
 231 009c 9D42     		cmp	r5, r3
 232 009e 0BD2     		bcs	.L18
 233              	.LBE14:
 234              	.LBB15:
 235              		.loc 1 268 0
 236 00a0 EE43     		mvns	r6, r5
 237 00a2 F618     		adds	r6, r6, r3
 238 00a4 B608     		lsrs	r6, r6, #2
 239 00a6 043D     		subs	r5, r5, #4
 240 00a8 0136     		adds	r6, r6, #1
 241              	.LBE15:
 242 00aa 0024     		movs	r4, #0
 243              	.LVL11:
 244              	.L22:
 245              	.LBB16:
 246              		.loc 1 337 0
 247 00ac 55F8043F 		ldr	r3, [r5, #4]!
 248 00b0 0134     		adds	r4, r4, #1
 249 00b2 9847     		blx	r3
 250              	.LVL12:
 251              		.loc 1 336 0
 252 00b4 B442     		cmp	r4, r6
 253 00b6 F9D1     		bne	.L22
 254              	.L18:
 255              	.LBE16:
 256              		.loc 1 344 0
 257 00b8 FFF7FEFF 		bl	main
 258              	.LVL13:
 259              	.LBB17:
 260              		.loc 1 350 0
 261 00bc 144D     		ldr	r5, .L32+48
 262 00be 154B     		ldr	r3, .L32+52
 263 00c0 9D42     		cmp	r5, r3
 264 00c2 0BD2     		bcs	.L21
 265              	.LBE17:
 266              		.loc 1 268 0
 267 00c4 EE43     		mvns	r6, r5
 268 00c6 F618     		adds	r6, r6, r3
 269 00c8 B608     		lsrs	r6, r6, #2
 270 00ca 043D     		subs	r5, r5, #4
 271 00cc 0136     		adds	r6, r6, #1
 272 00ce 0024     		movs	r4, #0
 273              	.LVL14:
 274              	.L23:
 275              	.LBB18:
 276              		.loc 1 351 0
ARM GAS  /var/folders/dt/0wfd0knj7gs46m8vwfzktm600000gn/T//cc4xUvBh.s 			page 6


 277 00d0 55F8043F 		ldr	r3, [r5, #4]!
 278 00d4 0134     		adds	r4, r4, #1
 279 00d6 9847     		blx	r3
 280              	.LVL15:
 281              		.loc 1 350 0
 282 00d8 B442     		cmp	r4, r6
 283 00da F9D1     		bne	.L23
 284              	.L21:
 285              	.LBE18:
 286              		.loc 1 358 0
 287 00dc FFF7FEFF 		bl	_default_exit
 288              	.LVL16:
 289              		.loc 1 359 0
 290              	.L33:
 291              		.align	2
 292              	.L32:
 293 00e0 00000000 		.word	__process_stack_end__
 294 00e4 00000000 		.word	__main_stack_base__
 295 00e8 00000000 		.word	__main_stack_end__
 296 00ec 00000000 		.word	__process_stack_base__
 297 00f0 03000000 		.word	__process_stack_end__+3
 298 00f4 00000000 		.word	_data
 299 00f8 00000000 		.word	_edata
 300 00fc 00000000 		.word	_textdata
 301 0100 00000000 		.word	_bss_start
 302 0104 00000000 		.word	_bss_end
 303 0108 00000000 		.word	__init_array_start
 304 010c 00000000 		.word	__init_array_end
 305 0110 00000000 		.word	__fini_array_start
 306 0114 00000000 		.word	__fini_array_end
 307              		.cfi_endproc
 308              	.LFE3:
 309              		.size	ResetHandler, .-ResetHandler
 310 0118 AFF30080 		.text
 310      AFF30080 
 311              	.Letext0:
 312              		.file 2 "/Users/toxygen/Applications/yagarto-4.7.2/bin/../lib/gcc/arm-none-eabi/4.7.2/../../../../
 313              		.section	.debug_info,"",%progbits
 314              	.Ldebug_info0:
 315 0000 A5020000 		.4byte	0x2a5
 316 0004 0200     		.2byte	0x2
 317 0006 00000000 		.4byte	.Ldebug_abbrev0
 318 000a 04       		.byte	0x4
 319 000b 01       		.uleb128 0x1
 320 000c 41010000 		.4byte	.LASF29
 321 0010 01       		.byte	0x1
 322 0011 6B000000 		.4byte	.LASF30
 323 0015 D3010000 		.4byte	.LASF31
 324 0019 B8000000 		.4byte	.Ldebug_ranges0+0xb8
 325 001d 00000000 		.4byte	0
 326 0021 00000000 		.4byte	0
 327 0025 00000000 		.4byte	.Ldebug_line0
 328 0029 02       		.uleb128 0x2
 329 002a 01       		.byte	0x1
 330 002b 06       		.byte	0x6
 331 002c 8B010000 		.4byte	.LASF0
 332 0030 03       		.uleb128 0x3
ARM GAS  /var/folders/dt/0wfd0knj7gs46m8vwfzktm600000gn/T//cc4xUvBh.s 			page 7


 333 0031 14010000 		.4byte	.LASF5
 334 0035 02       		.byte	0x2
 335 0036 2A       		.byte	0x2a
 336 0037 3B000000 		.4byte	0x3b
 337 003b 02       		.uleb128 0x2
 338 003c 01       		.byte	0x1
 339 003d 08       		.byte	0x8
 340 003e 51000000 		.4byte	.LASF1
 341 0042 02       		.uleb128 0x2
 342 0043 02       		.byte	0x2
 343 0044 05       		.byte	0x5
 344 0045 61010000 		.4byte	.LASF2
 345 0049 02       		.uleb128 0x2
 346 004a 02       		.byte	0x2
 347 004b 07       		.byte	0x7
 348 004c 99000000 		.4byte	.LASF3
 349 0050 02       		.uleb128 0x2
 350 0051 04       		.byte	0x4
 351 0052 05       		.byte	0x5
 352 0053 7C010000 		.4byte	.LASF4
 353 0057 03       		.uleb128 0x3
 354 0058 73010000 		.4byte	.LASF6
 355 005c 02       		.byte	0x2
 356 005d 50       		.byte	0x50
 357 005e 62000000 		.4byte	0x62
 358 0062 02       		.uleb128 0x2
 359 0063 04       		.byte	0x4
 360 0064 07       		.byte	0x7
 361 0065 D9000000 		.4byte	.LASF7
 362 0069 02       		.uleb128 0x2
 363 006a 08       		.byte	0x8
 364 006b 05       		.byte	0x5
 365 006c 33010000 		.4byte	.LASF8
 366 0070 02       		.uleb128 0x2
 367 0071 08       		.byte	0x8
 368 0072 07       		.byte	0x7
 369 0073 FD000000 		.4byte	.LASF9
 370 0077 04       		.uleb128 0x4
 371 0078 04       		.byte	0x4
 372 0079 05       		.byte	0x5
 373 007a 696E7400 		.ascii	"int\000"
 374 007e 02       		.uleb128 0x2
 375 007f 04       		.byte	0x4
 376 0080 07       		.byte	0x7
 377 0081 F0000000 		.4byte	.LASF10
 378 0085 03       		.uleb128 0x3
 379 0086 6B010000 		.4byte	.LASF11
 380 008a 01       		.byte	0x1
 381 008b 34       		.byte	0x34
 382 008c 90000000 		.4byte	0x90
 383 0090 05       		.uleb128 0x5
 384 0091 04       		.byte	0x4
 385 0092 96000000 		.4byte	0x96
 386 0096 06       		.uleb128 0x6
 387 0097 01       		.byte	0x1
 388 0098 03       		.uleb128 0x3
 389 0099 3A000000 		.4byte	.LASF12
ARM GAS  /var/folders/dt/0wfd0knj7gs46m8vwfzktm600000gn/T//cc4xUvBh.s 			page 8


 390 009d 01       		.byte	0x1
 391 009e 35       		.byte	0x35
 392 009f A3000000 		.4byte	0xa3
 393 00a3 05       		.uleb128 0x5
 394 00a4 04       		.byte	0x4
 395 00a5 85000000 		.4byte	0x85
 396 00a9 07       		.uleb128 0x7
 397 00aa 01       		.byte	0x1
 398 00ab 26010000 		.4byte	.LASF13
 399 00af 01       		.byte	0x1
 400 00b0 EA       		.byte	0xea
 401 00b1 01       		.byte	0x1
 402 00b2 00000000 		.4byte	.LFB0
 403 00b6 02000000 		.4byte	.LFE0
 404 00ba 02       		.byte	0x2
 405 00bb 7D       		.byte	0x7d
 406 00bc 00       		.sleb128 0
 407 00bd 01       		.byte	0x1
 408 00be 07       		.uleb128 0x7
 409 00bf 01       		.byte	0x1
 410 00c0 5F000000 		.4byte	.LASF14
 411 00c4 01       		.byte	0x1
 412 00c5 F6       		.byte	0xf6
 413 00c6 01       		.byte	0x1
 414 00c7 00000000 		.4byte	.LFB1
 415 00cb 02000000 		.4byte	.LFE1
 416 00cf 02       		.byte	0x2
 417 00d0 7D       		.byte	0x7d
 418 00d1 00       		.sleb128 0
 419 00d2 01       		.byte	0x1
 420 00d3 08       		.uleb128 0x8
 421 00d4 01       		.byte	0x1
 422 00d5 43000000 		.4byte	.LASF15
 423 00d9 01       		.byte	0x1
 424 00da 0101     		.2byte	0x101
 425 00dc 01       		.byte	0x1
 426 00dd 00000000 		.4byte	.LFB2
 427 00e1 02000000 		.4byte	.LFE2
 428 00e5 02       		.byte	0x2
 429 00e6 7D       		.byte	0x7d
 430 00e7 00       		.sleb128 0
 431 00e8 01       		.byte	0x1
 432 00e9 09       		.uleb128 0x9
 433 00ea 01       		.byte	0x1
 434 00eb 8C000000 		.4byte	.LASF32
 435 00ef 01       		.byte	0x1
 436 00f0 0C01     		.2byte	0x10c
 437 00f2 01       		.byte	0x1
 438 00f3 00000000 		.4byte	.LFB3
 439 00f7 18010000 		.4byte	.LFE3
 440 00fb 02       		.byte	0x2
 441 00fc 7D       		.byte	0x7d
 442 00fd 00       		.sleb128 0
 443 00fe 01       		.byte	0x1
 444 00ff EF010000 		.4byte	0x1ef
 445 0103 0A       		.uleb128 0xa
 446 0104 70737000 		.ascii	"psp\000"
ARM GAS  /var/folders/dt/0wfd0knj7gs46m8vwfzktm600000gn/T//cc4xUvBh.s 			page 9


 447 0108 01       		.byte	0x1
 448 0109 0D01     		.2byte	0x10d
 449 010b 57000000 		.4byte	0x57
 450 010f 01       		.byte	0x1
 451 0110 50       		.byte	0x50
 452 0111 0B       		.uleb128 0xb
 453 0112 72656700 		.ascii	"reg\000"
 454 0116 01       		.byte	0x1
 455 0117 0D01     		.2byte	0x10d
 456 0119 57000000 		.4byte	0x57
 457 011d 02       		.byte	0x2
 458 011e 0C       		.uleb128 0xc
 459 011f 00000000 		.4byte	.Ldebug_ranges0+0
 460 0123 3E010000 		.4byte	0x13e
 461 0127 0D       		.uleb128 0xd
 462 0128 703100   		.ascii	"p1\000"
 463 012b 01       		.byte	0x1
 464 012c 2D01     		.2byte	0x12d
 465 012e EF010000 		.4byte	0x1ef
 466 0132 0D       		.uleb128 0xd
 467 0133 703200   		.ascii	"p2\000"
 468 0136 01       		.byte	0x1
 469 0137 2D01     		.2byte	0x12d
 470 0139 EF010000 		.4byte	0x1ef
 471 013d 00       		.byte	0
 472 013e 0C       		.uleb128 0xc
 473 013f 18000000 		.4byte	.Ldebug_ranges0+0x18
 474 0143 5E010000 		.4byte	0x15e
 475 0147 0D       		.uleb128 0xd
 476 0148 703100   		.ascii	"p1\000"
 477 014b 01       		.byte	0x1
 478 014c 3001     		.2byte	0x130
 479 014e EF010000 		.4byte	0x1ef
 480 0152 0D       		.uleb128 0xd
 481 0153 703200   		.ascii	"p2\000"
 482 0156 01       		.byte	0x1
 483 0157 3001     		.2byte	0x130
 484 0159 EF010000 		.4byte	0x1ef
 485 015d 00       		.byte	0
 486 015e 0C       		.uleb128 0xc
 487 015f 38000000 		.4byte	.Ldebug_ranges0+0x38
 488 0163 7E010000 		.4byte	0x17e
 489 0167 0D       		.uleb128 0xd
 490 0168 747000   		.ascii	"tp\000"
 491 016b 01       		.byte	0x1
 492 016c 3B01     		.2byte	0x13b
 493 016e EF010000 		.4byte	0x1ef
 494 0172 0D       		.uleb128 0xd
 495 0173 647000   		.ascii	"dp\000"
 496 0176 01       		.byte	0x1
 497 0177 3B01     		.2byte	0x13b
 498 0179 EF010000 		.4byte	0x1ef
 499 017d 00       		.byte	0
 500 017e 0C       		.uleb128 0xc
 501 017f 58000000 		.4byte	.Ldebug_ranges0+0x58
 502 0183 9E010000 		.4byte	0x19e
 503 0187 0D       		.uleb128 0xd
ARM GAS  /var/folders/dt/0wfd0knj7gs46m8vwfzktm600000gn/T//cc4xUvBh.s 			page 10


 504 0188 703100   		.ascii	"p1\000"
 505 018b 01       		.byte	0x1
 506 018c 4601     		.2byte	0x146
 507 018e EF010000 		.4byte	0x1ef
 508 0192 0D       		.uleb128 0xd
 509 0193 703200   		.ascii	"p2\000"
 510 0196 01       		.byte	0x1
 511 0197 4601     		.2byte	0x146
 512 0199 EF010000 		.4byte	0x1ef
 513 019d 00       		.byte	0
 514 019e 0C       		.uleb128 0xc
 515 019f 78000000 		.4byte	.Ldebug_ranges0+0x78
 516 01a3 B4010000 		.4byte	0x1b4
 517 01a7 0D       		.uleb128 0xd
 518 01a8 66707000 		.ascii	"fpp\000"
 519 01ac 01       		.byte	0x1
 520 01ad 4F01     		.2byte	0x14f
 521 01af 98000000 		.4byte	0x98
 522 01b3 00       		.byte	0
 523 01b4 0C       		.uleb128 0xc
 524 01b5 98000000 		.4byte	.Ldebug_ranges0+0x98
 525 01b9 CA010000 		.4byte	0x1ca
 526 01bd 0D       		.uleb128 0xd
 527 01be 66707000 		.ascii	"fpp\000"
 528 01c2 01       		.byte	0x1
 529 01c3 5D01     		.2byte	0x15d
 530 01c5 98000000 		.4byte	0x98
 531 01c9 00       		.byte	0
 532 01ca 0E       		.uleb128 0xe
 533 01cb 56000000 		.4byte	.LVL6
 534 01cf A9000000 		.4byte	0xa9
 535 01d3 0E       		.uleb128 0xe
 536 01d4 98000000 		.4byte	.LVL10
 537 01d8 BE000000 		.4byte	0xbe
 538 01dc 0E       		.uleb128 0xe
 539 01dd BC000000 		.4byte	.LVL13
 540 01e1 9E020000 		.4byte	0x29e
 541 01e5 0E       		.uleb128 0xe
 542 01e6 E0000000 		.4byte	.LVL16
 543 01ea D3000000 		.4byte	0xd3
 544 01ee 00       		.byte	0
 545 01ef 05       		.uleb128 0x5
 546 01f0 04       		.byte	0x4
 547 01f1 57000000 		.4byte	0x57
 548 01f5 0F       		.uleb128 0xf
 549 01f6 4D010000 		.4byte	.LASF16
 550 01fa 01       		.byte	0x1
 551 01fb 8B       		.byte	0x8b
 552 01fc 57000000 		.4byte	0x57
 553 0200 01       		.byte	0x1
 554 0201 01       		.byte	0x1
 555 0202 0F       		.uleb128 0xf
 556 0203 C0010000 		.4byte	.LASF17
 557 0207 01       		.byte	0x1
 558 0208 93       		.byte	0x93
 559 0209 57000000 		.4byte	0x57
 560 020d 01       		.byte	0x1
ARM GAS  /var/folders/dt/0wfd0knj7gs46m8vwfzktm600000gn/T//cc4xUvBh.s 			page 11


 561 020e 01       		.byte	0x1
 562 020f 0F       		.uleb128 0xf
 563 0210 23000000 		.4byte	.LASF18
 564 0214 01       		.byte	0x1
 565 0215 9A       		.byte	0x9a
 566 0216 57000000 		.4byte	0x57
 567 021a 01       		.byte	0x1
 568 021b 01       		.byte	0x1
 569 021c 0F       		.uleb128 0xf
 570 021d 97010000 		.4byte	.LASF19
 571 0221 01       		.byte	0x1
 572 0222 A1       		.byte	0xa1
 573 0223 57000000 		.4byte	0x57
 574 0227 01       		.byte	0x1
 575 0228 01       		.byte	0x1
 576 0229 0F       		.uleb128 0xf
 577 022a 1C010000 		.4byte	.LASF20
 578 022e 01       		.byte	0x1
 579 022f A7       		.byte	0xa7
 580 0230 57000000 		.4byte	0x57
 581 0234 01       		.byte	0x1
 582 0235 01       		.byte	0x1
 583 0236 0F       		.uleb128 0xf
 584 0237 85010000 		.4byte	.LASF21
 585 023b 01       		.byte	0x1
 586 023c AD       		.byte	0xad
 587 023d 57000000 		.4byte	0x57
 588 0241 01       		.byte	0x1
 589 0242 01       		.byte	0x1
 590 0243 0F       		.uleb128 0xf
 591 0244 0B000000 		.4byte	.LASF22
 592 0248 01       		.byte	0x1
 593 0249 B3       		.byte	0xb3
 594 024a 57000000 		.4byte	0x57
 595 024e 01       		.byte	0x1
 596 024f 01       		.byte	0x1
 597 0250 0F       		.uleb128 0xf
 598 0251 00000000 		.4byte	.LASF23
 599 0255 01       		.byte	0x1
 600 0256 B9       		.byte	0xb9
 601 0257 57000000 		.4byte	0x57
 602 025b 01       		.byte	0x1
 603 025c 01       		.byte	0x1
 604 025d 0F       		.uleb128 0xf
 605 025e BF000000 		.4byte	.LASF24
 606 0262 01       		.byte	0x1
 607 0263 BF       		.byte	0xbf
 608 0264 57000000 		.4byte	0x57
 609 0268 01       		.byte	0x1
 610 0269 01       		.byte	0x1
 611 026a 0F       		.uleb128 0xf
 612 026b AD010000 		.4byte	.LASF25
 613 026f 01       		.byte	0x1
 614 0270 C5       		.byte	0xc5
 615 0271 85000000 		.4byte	0x85
 616 0275 01       		.byte	0x1
 617 0276 01       		.byte	0x1
ARM GAS  /var/folders/dt/0wfd0knj7gs46m8vwfzktm600000gn/T//cc4xUvBh.s 			page 12


 618 0277 0F       		.uleb128 0xf
 619 0278 C8000000 		.4byte	.LASF26
 620 027c 01       		.byte	0x1
 621 027d CB       		.byte	0xcb
 622 027e 85000000 		.4byte	0x85
 623 0282 01       		.byte	0x1
 624 0283 01       		.byte	0x1
 625 0284 0F       		.uleb128 0xf
 626 0285 AC000000 		.4byte	.LASF27
 627 0289 01       		.byte	0x1
 628 028a D1       		.byte	0xd1
 629 028b 85000000 		.4byte	0x85
 630 028f 01       		.byte	0x1
 631 0290 01       		.byte	0x1
 632 0291 0F       		.uleb128 0xf
 633 0292 12000000 		.4byte	.LASF28
 634 0296 01       		.byte	0x1
 635 0297 D7       		.byte	0xd7
 636 0298 85000000 		.4byte	0x85
 637 029c 01       		.byte	0x1
 638 029d 01       		.byte	0x1
 639 029e 10       		.uleb128 0x10
 640 029f 01       		.byte	0x1
 641 02a0 EB000000 		.4byte	.LASF33
 642 02a4 01       		.byte	0x1
 643 02a5 DE       		.byte	0xde
 644 02a6 01       		.byte	0x1
 645 02a7 01       		.byte	0x1
 646 02a8 00       		.byte	0
 647              		.section	.debug_abbrev,"",%progbits
 648              	.Ldebug_abbrev0:
 649 0000 01       		.uleb128 0x1
 650 0001 11       		.uleb128 0x11
 651 0002 01       		.byte	0x1
 652 0003 25       		.uleb128 0x25
 653 0004 0E       		.uleb128 0xe
 654 0005 13       		.uleb128 0x13
 655 0006 0B       		.uleb128 0xb
 656 0007 03       		.uleb128 0x3
 657 0008 0E       		.uleb128 0xe
 658 0009 1B       		.uleb128 0x1b
 659 000a 0E       		.uleb128 0xe
 660 000b 55       		.uleb128 0x55
 661 000c 06       		.uleb128 0x6
 662 000d 11       		.uleb128 0x11
 663 000e 01       		.uleb128 0x1
 664 000f 52       		.uleb128 0x52
 665 0010 01       		.uleb128 0x1
 666 0011 10       		.uleb128 0x10
 667 0012 06       		.uleb128 0x6
 668 0013 00       		.byte	0
 669 0014 00       		.byte	0
 670 0015 02       		.uleb128 0x2
 671 0016 24       		.uleb128 0x24
 672 0017 00       		.byte	0
 673 0018 0B       		.uleb128 0xb
 674 0019 0B       		.uleb128 0xb
ARM GAS  /var/folders/dt/0wfd0knj7gs46m8vwfzktm600000gn/T//cc4xUvBh.s 			page 13


 675 001a 3E       		.uleb128 0x3e
 676 001b 0B       		.uleb128 0xb
 677 001c 03       		.uleb128 0x3
 678 001d 0E       		.uleb128 0xe
 679 001e 00       		.byte	0
 680 001f 00       		.byte	0
 681 0020 03       		.uleb128 0x3
 682 0021 16       		.uleb128 0x16
 683 0022 00       		.byte	0
 684 0023 03       		.uleb128 0x3
 685 0024 0E       		.uleb128 0xe
 686 0025 3A       		.uleb128 0x3a
 687 0026 0B       		.uleb128 0xb
 688 0027 3B       		.uleb128 0x3b
 689 0028 0B       		.uleb128 0xb
 690 0029 49       		.uleb128 0x49
 691 002a 13       		.uleb128 0x13
 692 002b 00       		.byte	0
 693 002c 00       		.byte	0
 694 002d 04       		.uleb128 0x4
 695 002e 24       		.uleb128 0x24
 696 002f 00       		.byte	0
 697 0030 0B       		.uleb128 0xb
 698 0031 0B       		.uleb128 0xb
 699 0032 3E       		.uleb128 0x3e
 700 0033 0B       		.uleb128 0xb
 701 0034 03       		.uleb128 0x3
 702 0035 08       		.uleb128 0x8
 703 0036 00       		.byte	0
 704 0037 00       		.byte	0
 705 0038 05       		.uleb128 0x5
 706 0039 0F       		.uleb128 0xf
 707 003a 00       		.byte	0
 708 003b 0B       		.uleb128 0xb
 709 003c 0B       		.uleb128 0xb
 710 003d 49       		.uleb128 0x49
 711 003e 13       		.uleb128 0x13
 712 003f 00       		.byte	0
 713 0040 00       		.byte	0
 714 0041 06       		.uleb128 0x6
 715 0042 15       		.uleb128 0x15
 716 0043 00       		.byte	0
 717 0044 27       		.uleb128 0x27
 718 0045 0C       		.uleb128 0xc
 719 0046 00       		.byte	0
 720 0047 00       		.byte	0
 721 0048 07       		.uleb128 0x7
 722 0049 2E       		.uleb128 0x2e
 723 004a 00       		.byte	0
 724 004b 3F       		.uleb128 0x3f
 725 004c 0C       		.uleb128 0xc
 726 004d 03       		.uleb128 0x3
 727 004e 0E       		.uleb128 0xe
 728 004f 3A       		.uleb128 0x3a
 729 0050 0B       		.uleb128 0xb
 730 0051 3B       		.uleb128 0x3b
 731 0052 0B       		.uleb128 0xb
ARM GAS  /var/folders/dt/0wfd0knj7gs46m8vwfzktm600000gn/T//cc4xUvBh.s 			page 14


 732 0053 27       		.uleb128 0x27
 733 0054 0C       		.uleb128 0xc
 734 0055 11       		.uleb128 0x11
 735 0056 01       		.uleb128 0x1
 736 0057 12       		.uleb128 0x12
 737 0058 01       		.uleb128 0x1
 738 0059 40       		.uleb128 0x40
 739 005a 0A       		.uleb128 0xa
 740 005b 9742     		.uleb128 0x2117
 741 005d 0C       		.uleb128 0xc
 742 005e 00       		.byte	0
 743 005f 00       		.byte	0
 744 0060 08       		.uleb128 0x8
 745 0061 2E       		.uleb128 0x2e
 746 0062 00       		.byte	0
 747 0063 3F       		.uleb128 0x3f
 748 0064 0C       		.uleb128 0xc
 749 0065 03       		.uleb128 0x3
 750 0066 0E       		.uleb128 0xe
 751 0067 3A       		.uleb128 0x3a
 752 0068 0B       		.uleb128 0xb
 753 0069 3B       		.uleb128 0x3b
 754 006a 05       		.uleb128 0x5
 755 006b 27       		.uleb128 0x27
 756 006c 0C       		.uleb128 0xc
 757 006d 11       		.uleb128 0x11
 758 006e 01       		.uleb128 0x1
 759 006f 12       		.uleb128 0x12
 760 0070 01       		.uleb128 0x1
 761 0071 40       		.uleb128 0x40
 762 0072 0A       		.uleb128 0xa
 763 0073 9742     		.uleb128 0x2117
 764 0075 0C       		.uleb128 0xc
 765 0076 00       		.byte	0
 766 0077 00       		.byte	0
 767 0078 09       		.uleb128 0x9
 768 0079 2E       		.uleb128 0x2e
 769 007a 01       		.byte	0x1
 770 007b 3F       		.uleb128 0x3f
 771 007c 0C       		.uleb128 0xc
 772 007d 03       		.uleb128 0x3
 773 007e 0E       		.uleb128 0xe
 774 007f 3A       		.uleb128 0x3a
 775 0080 0B       		.uleb128 0xb
 776 0081 3B       		.uleb128 0x3b
 777 0082 05       		.uleb128 0x5
 778 0083 27       		.uleb128 0x27
 779 0084 0C       		.uleb128 0xc
 780 0085 11       		.uleb128 0x11
 781 0086 01       		.uleb128 0x1
 782 0087 12       		.uleb128 0x12
 783 0088 01       		.uleb128 0x1
 784 0089 40       		.uleb128 0x40
 785 008a 0A       		.uleb128 0xa
 786 008b 9642     		.uleb128 0x2116
 787 008d 0C       		.uleb128 0xc
 788 008e 01       		.uleb128 0x1
ARM GAS  /var/folders/dt/0wfd0knj7gs46m8vwfzktm600000gn/T//cc4xUvBh.s 			page 15


 789 008f 13       		.uleb128 0x13
 790 0090 00       		.byte	0
 791 0091 00       		.byte	0
 792 0092 0A       		.uleb128 0xa
 793 0093 34       		.uleb128 0x34
 794 0094 00       		.byte	0
 795 0095 03       		.uleb128 0x3
 796 0096 08       		.uleb128 0x8
 797 0097 3A       		.uleb128 0x3a
 798 0098 0B       		.uleb128 0xb
 799 0099 3B       		.uleb128 0x3b
 800 009a 05       		.uleb128 0x5
 801 009b 49       		.uleb128 0x49
 802 009c 13       		.uleb128 0x13
 803 009d 02       		.uleb128 0x2
 804 009e 0A       		.uleb128 0xa
 805 009f 00       		.byte	0
 806 00a0 00       		.byte	0
 807 00a1 0B       		.uleb128 0xb
 808 00a2 34       		.uleb128 0x34
 809 00a3 00       		.byte	0
 810 00a4 03       		.uleb128 0x3
 811 00a5 08       		.uleb128 0x8
 812 00a6 3A       		.uleb128 0x3a
 813 00a7 0B       		.uleb128 0xb
 814 00a8 3B       		.uleb128 0x3b
 815 00a9 05       		.uleb128 0x5
 816 00aa 49       		.uleb128 0x49
 817 00ab 13       		.uleb128 0x13
 818 00ac 1C       		.uleb128 0x1c
 819 00ad 0B       		.uleb128 0xb
 820 00ae 00       		.byte	0
 821 00af 00       		.byte	0
 822 00b0 0C       		.uleb128 0xc
 823 00b1 0B       		.uleb128 0xb
 824 00b2 01       		.byte	0x1
 825 00b3 55       		.uleb128 0x55
 826 00b4 06       		.uleb128 0x6
 827 00b5 01       		.uleb128 0x1
 828 00b6 13       		.uleb128 0x13
 829 00b7 00       		.byte	0
 830 00b8 00       		.byte	0
 831 00b9 0D       		.uleb128 0xd
 832 00ba 34       		.uleb128 0x34
 833 00bb 00       		.byte	0
 834 00bc 03       		.uleb128 0x3
 835 00bd 08       		.uleb128 0x8
 836 00be 3A       		.uleb128 0x3a
 837 00bf 0B       		.uleb128 0xb
 838 00c0 3B       		.uleb128 0x3b
 839 00c1 05       		.uleb128 0x5
 840 00c2 49       		.uleb128 0x49
 841 00c3 13       		.uleb128 0x13
 842 00c4 00       		.byte	0
 843 00c5 00       		.byte	0
 844 00c6 0E       		.uleb128 0xe
 845 00c7 898201   		.uleb128 0x4109
ARM GAS  /var/folders/dt/0wfd0knj7gs46m8vwfzktm600000gn/T//cc4xUvBh.s 			page 16


 846 00ca 00       		.byte	0
 847 00cb 11       		.uleb128 0x11
 848 00cc 01       		.uleb128 0x1
 849 00cd 31       		.uleb128 0x31
 850 00ce 13       		.uleb128 0x13
 851 00cf 00       		.byte	0
 852 00d0 00       		.byte	0
 853 00d1 0F       		.uleb128 0xf
 854 00d2 34       		.uleb128 0x34
 855 00d3 00       		.byte	0
 856 00d4 03       		.uleb128 0x3
 857 00d5 0E       		.uleb128 0xe
 858 00d6 3A       		.uleb128 0x3a
 859 00d7 0B       		.uleb128 0xb
 860 00d8 3B       		.uleb128 0x3b
 861 00d9 0B       		.uleb128 0xb
 862 00da 49       		.uleb128 0x49
 863 00db 13       		.uleb128 0x13
 864 00dc 3F       		.uleb128 0x3f
 865 00dd 0C       		.uleb128 0xc
 866 00de 3C       		.uleb128 0x3c
 867 00df 0C       		.uleb128 0xc
 868 00e0 00       		.byte	0
 869 00e1 00       		.byte	0
 870 00e2 10       		.uleb128 0x10
 871 00e3 2E       		.uleb128 0x2e
 872 00e4 00       		.byte	0
 873 00e5 3F       		.uleb128 0x3f
 874 00e6 0C       		.uleb128 0xc
 875 00e7 03       		.uleb128 0x3
 876 00e8 0E       		.uleb128 0xe
 877 00e9 3A       		.uleb128 0x3a
 878 00ea 0B       		.uleb128 0xb
 879 00eb 3B       		.uleb128 0x3b
 880 00ec 0B       		.uleb128 0xb
 881 00ed 27       		.uleb128 0x27
 882 00ee 0C       		.uleb128 0xc
 883 00ef 3C       		.uleb128 0x3c
 884 00f0 0C       		.uleb128 0xc
 885 00f1 00       		.byte	0
 886 00f2 00       		.byte	0
 887 00f3 00       		.byte	0
 888              		.section	.debug_aranges,"",%progbits
 889 0000 34000000 		.4byte	0x34
 890 0004 0200     		.2byte	0x2
 891 0006 00000000 		.4byte	.Ldebug_info0
 892 000a 04       		.byte	0x4
 893 000b 00       		.byte	0
 894 000c 0000     		.2byte	0
 895 000e 0000     		.2byte	0
 896 0010 00000000 		.4byte	.LFB0
 897 0014 02000000 		.4byte	.LFE0-.LFB0
 898 0018 00000000 		.4byte	.LFB1
 899 001c 02000000 		.4byte	.LFE1-.LFB1
 900 0020 00000000 		.4byte	.LFB2
 901 0024 02000000 		.4byte	.LFE2-.LFB2
 902 0028 00000000 		.4byte	.LFB3
ARM GAS  /var/folders/dt/0wfd0knj7gs46m8vwfzktm600000gn/T//cc4xUvBh.s 			page 17


 903 002c 18010000 		.4byte	.LFE3-.LFB3
 904 0030 00000000 		.4byte	0
 905 0034 00000000 		.4byte	0
 906              		.section	.debug_ranges,"",%progbits
 907              	.Ldebug_ranges0:
 908 0000 12000000 		.4byte	.LBB2
 909 0004 1A000000 		.4byte	.LBE2
 910 0008 26000000 		.4byte	.LBB4
 911 000c 32000000 		.4byte	.LBE4
 912 0010 00000000 		.4byte	0
 913 0014 00000000 		.4byte	0
 914 0018 1A000000 		.4byte	.LBB3
 915 001c 26000000 		.4byte	.LBE3
 916 0020 32000000 		.4byte	.LBB5
 917 0024 38000000 		.4byte	.LBE5
 918 0028 46000000 		.4byte	.LBB7
 919 002c 52000000 		.4byte	.LBE7
 920 0030 00000000 		.4byte	0
 921 0034 00000000 		.4byte	0
 922 0038 38000000 		.4byte	.LBB6
 923 003c 46000000 		.4byte	.LBE6
 924 0040 56000000 		.4byte	.LBB8
 925 0044 5E000000 		.4byte	.LBE8
 926 0048 6C000000 		.4byte	.LBB10
 927 004c 76000000 		.4byte	.LBE10
 928 0050 00000000 		.4byte	0
 929 0054 00000000 		.4byte	0
 930 0058 5E000000 		.4byte	.LBB9
 931 005c 6A000000 		.4byte	.LBE9
 932 0060 76000000 		.4byte	.LBB11
 933 0064 7E000000 		.4byte	.LBE11
 934 0068 8A000000 		.4byte	.LBB13
 935 006c 94000000 		.4byte	.LBE13
 936 0070 00000000 		.4byte	0
 937 0074 00000000 		.4byte	0
 938 0078 7E000000 		.4byte	.LBB12
 939 007c 8A000000 		.4byte	.LBE12
 940 0080 98000000 		.4byte	.LBB14
 941 0084 A0000000 		.4byte	.LBE14
 942 0088 AC000000 		.4byte	.LBB16
 943 008c B8000000 		.4byte	.LBE16
 944 0090 00000000 		.4byte	0
 945 0094 00000000 		.4byte	0
 946 0098 A0000000 		.4byte	.LBB15
 947 009c AA000000 		.4byte	.LBE15
 948 00a0 BC000000 		.4byte	.LBB17
 949 00a4 C4000000 		.4byte	.LBE17
 950 00a8 D0000000 		.4byte	.LBB18
 951 00ac DC000000 		.4byte	.LBE18
 952 00b0 00000000 		.4byte	0
 953 00b4 00000000 		.4byte	0
 954 00b8 00000000 		.4byte	.LFB0
 955 00bc 02000000 		.4byte	.LFE0
 956 00c0 00000000 		.4byte	.LFB1
 957 00c4 02000000 		.4byte	.LFE1
 958 00c8 00000000 		.4byte	.LFB2
 959 00cc 02000000 		.4byte	.LFE2
ARM GAS  /var/folders/dt/0wfd0knj7gs46m8vwfzktm600000gn/T//cc4xUvBh.s 			page 18


 960 00d0 00000000 		.4byte	.LFB3
 961 00d4 18010000 		.4byte	.LFE3
 962 00d8 00000000 		.4byte	0
 963 00dc 00000000 		.4byte	0
 964              		.section	.debug_line,"",%progbits
 965              	.Ldebug_line0:
 966 0000 4F010000 		.section	.debug_str,"MS",%progbits,1
 966      0200B600 
 966      00000201 
 966      FB0E0D00 
 966      01010101 
 967              	.LASF23:
 968 0000 5F627373 		.ascii	"_bss_start\000"
 968      5F737461 
 968      727400
 969              	.LASF22:
 970 000b 5F656461 		.ascii	"_edata\000"
 970      746100
 971              	.LASF28:
 972 0012 5F5F6669 		.ascii	"__fini_array_end\000"
 972      6E695F61 
 972      72726179 
 972      5F656E64 
 972      00
 973              	.LASF18:
 974 0023 5F5F7072 		.ascii	"__process_stack_base__\000"
 974      6F636573 
 974      735F7374 
 974      61636B5F 
 974      62617365 
 975              	.LASF12:
 976 003a 66756E63 		.ascii	"funcpp_t\000"
 976      70705F74 
 976      00
 977              	.LASF15:
 978 0043 5F646566 		.ascii	"_default_exit\000"
 978      61756C74 
 978      5F657869 
 978      7400
 979              	.LASF1:
 980 0051 756E7369 		.ascii	"unsigned char\000"
 980      676E6564 
 980      20636861 
 980      7200
 981              	.LASF14:
 982 005f 5F5F6C61 		.ascii	"__late_init\000"
 982      74655F69 
 982      6E697400 
 983              	.LASF30:
 984 006b 2E2E2F2E 		.ascii	"../../os/ports/GCC/ARMCMx/crt0.c\000"
 984      2E2F6F73 
 984      2F706F72 
 984      74732F47 
 984      43432F41 
 985              	.LASF32:
 986 008c 52657365 		.ascii	"ResetHandler\000"
 986      7448616E 
ARM GAS  /var/folders/dt/0wfd0knj7gs46m8vwfzktm600000gn/T//cc4xUvBh.s 			page 19


 986      646C6572 
 986      00
 987              	.LASF3:
 988 0099 73686F72 		.ascii	"short unsigned int\000"
 988      7420756E 
 988      7369676E 
 988      65642069 
 988      6E7400
 989              	.LASF27:
 990 00ac 5F5F6669 		.ascii	"__fini_array_start\000"
 990      6E695F61 
 990      72726179 
 990      5F737461 
 990      727400
 991              	.LASF24:
 992 00bf 5F627373 		.ascii	"_bss_end\000"
 992      5F656E64 
 992      00
 993              	.LASF26:
 994 00c8 5F5F696E 		.ascii	"__init_array_end\000"
 994      69745F61 
 994      72726179 
 994      5F656E64 
 994      00
 995              	.LASF7:
 996 00d9 6C6F6E67 		.ascii	"long unsigned int\000"
 996      20756E73 
 996      69676E65 
 996      6420696E 
 996      7400
 997              	.LASF33:
 998 00eb 6D61696E 		.ascii	"main\000"
 998      00
 999              	.LASF10:
 1000 00f0 756E7369 		.ascii	"unsigned int\000"
 1000      676E6564 
 1000      20696E74 
 1000      00
 1001              	.LASF9:
 1002 00fd 6C6F6E67 		.ascii	"long long unsigned int\000"
 1002      206C6F6E 
 1002      6720756E 
 1002      7369676E 
 1002      65642069 
 1003              	.LASF5:
 1004 0114 75696E74 		.ascii	"uint8_t\000"
 1004      385F7400 
 1005              	.LASF20:
 1006 011c 5F746578 		.ascii	"_textdata\000"
 1006      74646174 
 1006      6100
 1007              	.LASF13:
 1008 0126 5F5F6561 		.ascii	"__early_init\000"
 1008      726C795F 
 1008      696E6974 
 1008      00
 1009              	.LASF8:
ARM GAS  /var/folders/dt/0wfd0knj7gs46m8vwfzktm600000gn/T//cc4xUvBh.s 			page 20


 1010 0133 6C6F6E67 		.ascii	"long long int\000"
 1010      206C6F6E 
 1010      6720696E 
 1010      7400
 1011              	.LASF29:
 1012 0141 474E5520 		.ascii	"GNU C 4.7.2\000"
 1012      4320342E 
 1012      372E3200 
 1013              	.LASF16:
 1014 014d 5F5F6D61 		.ascii	"__main_stack_base__\000"
 1014      696E5F73 
 1014      7461636B 
 1014      5F626173 
 1014      655F5F00 
 1015              	.LASF2:
 1016 0161 73686F72 		.ascii	"short int\000"
 1016      7420696E 
 1016      7400
 1017              	.LASF11:
 1018 016b 66756E63 		.ascii	"funcp_t\000"
 1018      705F7400 
 1019              	.LASF6:
 1020 0173 75696E74 		.ascii	"uint32_t\000"
 1020      33325F74 
 1020      00
 1021              	.LASF4:
 1022 017c 6C6F6E67 		.ascii	"long int\000"
 1022      20696E74 
 1022      00
 1023              	.LASF21:
 1024 0185 5F646174 		.ascii	"_data\000"
 1024      6100
 1025              	.LASF0:
 1026 018b 7369676E 		.ascii	"signed char\000"
 1026      65642063 
 1026      68617200 
 1027              	.LASF19:
 1028 0197 5F5F7072 		.ascii	"__process_stack_end__\000"
 1028      6F636573 
 1028      735F7374 
 1028      61636B5F 
 1028      656E645F 
 1029              	.LASF25:
 1030 01ad 5F5F696E 		.ascii	"__init_array_start\000"
 1030      69745F61 
 1030      72726179 
 1030      5F737461 
 1030      727400
 1031              	.LASF17:
 1032 01c0 5F5F6D61 		.ascii	"__main_stack_end__\000"
 1032      696E5F73 
 1032      7461636B 
 1032      5F656E64 
 1032      5F5F00
 1033              	.LASF31:
 1034 01d3 2F557365 		.ascii	"/Users/toxygen/dev/chibi/ChibiOS_2.6.1/demos/ARMCM3"
 1034      72732F74 
ARM GAS  /var/folders/dt/0wfd0knj7gs46m8vwfzktm600000gn/T//cc4xUvBh.s 			page 21


 1034      6F787967 
 1034      656E2F64 
 1034      65762F63 
 1035 0206 2D53544D 		.ascii	"-STM32F107\000"
 1035      33324631 
 1035      303700
 1036              		.ident	"GCC: (GNU) 4.7.2"
ARM GAS  /var/folders/dt/0wfd0knj7gs46m8vwfzktm600000gn/T//cc4xUvBh.s 			page 22


DEFINED SYMBOLS
                            *ABS*:0000000000000000 crt0.c
/var/folders/dt/0wfd0knj7gs46m8vwfzktm600000gn/T//cc4xUvBh.s:19     .text.__early_init:0000000000000000 $t
/var/folders/dt/0wfd0knj7gs46m8vwfzktm600000gn/T//cc4xUvBh.s:25     .text.__early_init:0000000000000000 __early_init
/var/folders/dt/0wfd0knj7gs46m8vwfzktm600000gn/T//cc4xUvBh.s:38     .text.__late_init:0000000000000000 $t
/var/folders/dt/0wfd0knj7gs46m8vwfzktm600000gn/T//cc4xUvBh.s:44     .text.__late_init:0000000000000000 __late_init
/var/folders/dt/0wfd0knj7gs46m8vwfzktm600000gn/T//cc4xUvBh.s:56     .text._default_exit:0000000000000000 $t
/var/folders/dt/0wfd0knj7gs46m8vwfzktm600000gn/T//cc4xUvBh.s:62     .text._default_exit:0000000000000000 _default_exit
/var/folders/dt/0wfd0knj7gs46m8vwfzktm600000gn/T//cc4xUvBh.s:75     .text.ResetHandler:0000000000000000 $t
/var/folders/dt/0wfd0knj7gs46m8vwfzktm600000gn/T//cc4xUvBh.s:81     .text.ResetHandler:0000000000000000 ResetHandler
/var/folders/dt/0wfd0knj7gs46m8vwfzktm600000gn/T//cc4xUvBh.s:293    .text.ResetHandler:00000000000000e0 $d
                     .debug_frame:0000000000000010 $d
/var/folders/dt/0wfd0knj7gs46m8vwfzktm600000gn/T//cc4xUvBh.s:310    .text.ResetHandler:0000000000000118 $t

UNDEFINED SYMBOLS
main
__process_stack_end__
__main_stack_base__
__main_stack_end__
__process_stack_base__
_data
_edata
_textdata
_bss_start
_bss_end
__init_array_start
__init_array_end
__fini_array_start
__fini_array_end
