ARM GAS  /var/folders/dt/0wfd0knj7gs46m8vwfzktm600000gn/T//cc8XDz8V.s 			page 1


   1              		.syntax unified
   2              		.cpu cortex-m3
   3              		.fpu softvfp
   4              		.eabi_attribute 20, 1
   5              		.eabi_attribute 21, 1
   6              		.eabi_attribute 23, 3
   7              		.eabi_attribute 24, 1
   8              		.eabi_attribute 25, 1
   9              		.eabi_attribute 26, 1
  10              		.eabi_attribute 30, 2
  11              		.eabi_attribute 34, 1
  12              		.eabi_attribute 18, 4
  13              		.thumb
  14              		.file	"evtimer.c"
  15              		.text
  16              	.Ltext0:
  17              		.cfi_sections	.debug_frame
  18              		.section	.text.tmrcb,"ax",%progbits
  19              		.align	2
  20              		.p2align 4,,15
  21              		.thumb
  22              		.thumb_func
  23              		.type	tmrcb, %function
  24              	tmrcb:
  25              	.LFB7:
  26              		.file 1 "../../os/various/evtimer.c"
  27              		.loc 1 28 0
  28              		.cfi_startproc
  29              		@ args = 0, pretend = 0, frame = 0
  30              		@ frame_needed = 0, uses_anonymous_args = 0
  31              	.LVL0:
  32 0000 10B5     		push	{r4, lr}
  33              	.LCFI0:
  34              		.cfi_def_cfa_offset 8
  35              		.cfi_offset 4, -8
  36              		.cfi_offset 14, -4
  37              	.LBB2:
  38              		.loc 1 31 0
  39 0002 2023     		movs	r3, #32
  40              	.LVL1:
  41              	.LBE2:
  42              		.loc 1 28 0
  43 0004 0446     		mov	r4, r0
  44              	.LVL2:
  45              	.LBB3:
  46              		.loc 1 31 0
  47              	@ 31 "../../os/various/evtimer.c" 1
  48 0006 83F31188 		msr     BASEPRI, r3
  49              	@ 0 "" 2
  50              	.LVL3:
  51              		.thumb
  52              	.LBE3:
  53              		.loc 1 32 0
  54 000a 0021     		movs	r1, #0
  55 000c 00F11400 		add	r0, r0, #20
  56              	.LVL4:
  57 0010 FFF7FEFF 		bl	chEvtBroadcastFlagsI
ARM GAS  /var/folders/dt/0wfd0knj7gs46m8vwfzktm600000gn/T//cc8XDz8V.s 			page 2


  58              	.LVL5:
  59              		.loc 1 33 0
  60 0014 40F20002 		movw	r2, #:lower16:tmrcb
  61 0018 2346     		mov	r3, r4
  62 001a 2046     		mov	r0, r4
  63 001c A169     		ldr	r1, [r4, #24]
  64 001e C0F20002 		movt	r2, #:upper16:tmrcb
  65 0022 FFF7FEFF 		bl	chVTSetI
  66              	.LVL6:
  67              	.LBB4:
  68              		.loc 1 34 0
  69 0026 0023     		movs	r3, #0
  70              	.LVL7:
  71              	@ 34 "../../os/various/evtimer.c" 1
  72 0028 83F31188 		msr     BASEPRI, r3
  73              	@ 0 "" 2
  74              	.LVL8:
  75              		.thumb
  76 002c 10BD     		pop	{r4, pc}
  77              	.LBE4:
  78              		.cfi_endproc
  79              	.LFE7:
  80              		.size	tmrcb, .-tmrcb
  81 002e 00BF     		.section	.text.evtStart,"ax",%progbits
  82              		.align	2
  83              		.p2align 4,,15
  84              		.global	evtStart
  85              		.thumb
  86              		.thumb_func
  87              		.type	evtStart, %function
  88              	evtStart:
  89              	.LFB8:
  90              		.loc 1 43 0
  91              		.cfi_startproc
  92              		@ args = 0, pretend = 0, frame = 0
  93              		@ frame_needed = 0, uses_anonymous_args = 0
  94              	.LVL9:
  95 0000 10B5     		push	{r4, lr}
  96              	.LCFI1:
  97              		.cfi_def_cfa_offset 8
  98              		.cfi_offset 4, -8
  99              		.cfi_offset 14, -4
 100              	.LBB5:
 101              		.loc 1 45 0
 102 0002 2023     		movs	r3, #32
 103              	.LVL10:
 104              	.LBE5:
 105              		.loc 1 43 0
 106 0004 0446     		mov	r4, r0
 107              	.LBB6:
 108              		.loc 1 45 0
 109              	@ 45 "../../os/various/evtimer.c" 1
 110 0006 83F31188 		msr     BASEPRI, r3
 111              	@ 0 "" 2
 112              	.LVL11:
 113              		.thumb
 114              	.LBE6:
ARM GAS  /var/folders/dt/0wfd0knj7gs46m8vwfzktm600000gn/T//cc8XDz8V.s 			page 3


 115              		.loc 1 47 0
 116 000a C368     		ldr	r3, [r0, #12]
 117              	.LVL12:
 118 000c 1BB1     		cbz	r3, .L5
 119              	.LVL13:
 120              	.L3:
 121              	.LBB7:
 122              		.loc 1 50 0
 123 000e 0023     		movs	r3, #0
 124              	.LVL14:
 125              	@ 50 "../../os/various/evtimer.c" 1
 126 0010 83F31188 		msr     BASEPRI, r3
 127              	@ 0 "" 2
 128              	.LVL15:
 129              		.thumb
 130 0014 10BD     		pop	{r4, pc}
 131              	.LVL16:
 132              	.L5:
 133              	.LBE7:
 134              		.loc 1 48 0
 135 0016 8169     		ldr	r1, [r0, #24]
 136 0018 024A     		ldr	r2, .L6
 137 001a 0346     		mov	r3, r0
 138 001c FFF7FEFF 		bl	chVTSetI
 139              	.LVL17:
 140 0020 F5E7     		b	.L3
 141              	.L7:
 142 0022 00BF     		.align	2
 143              	.L6:
 144 0024 00000000 		.word	tmrcb
 145              		.cfi_endproc
 146              	.LFE8:
 147              		.size	evtStart, .-evtStart
 148 0028 AFF30080 		.section	.text.evtStop,"ax",%progbits
 148      AFF30080 
 149              		.align	2
 150              		.p2align 4,,15
 151              		.global	evtStop
 152              		.thumb
 153              		.thumb_func
 154              		.type	evtStop, %function
 155              	evtStop:
 156              	.LFB9:
 157              		.loc 1 59 0
 158              		.cfi_startproc
 159              		@ args = 0, pretend = 0, frame = 0
 160              		@ frame_needed = 0, uses_anonymous_args = 0
 161              	.LVL18:
 162 0000 08B5     		push	{r3, lr}
 163              	.LCFI2:
 164              		.cfi_def_cfa_offset 8
 165              		.cfi_offset 3, -8
 166              		.cfi_offset 14, -4
 167              	.LBB8:
 168              		.loc 1 61 0
 169 0002 2023     		movs	r3, #32
 170              	.LVL19:
ARM GAS  /var/folders/dt/0wfd0knj7gs46m8vwfzktm600000gn/T//cc8XDz8V.s 			page 4


 171              	@ 61 "../../os/various/evtimer.c" 1
 172 0004 83F31188 		msr     BASEPRI, r3
 173              	@ 0 "" 2
 174              	.LVL20:
 175              		.thumb
 176              	.LBE8:
 177 0008 C368     		ldr	r3, [r0, #12]
 178              	.LVL21:
 179 000a 0BB1     		cbz	r3, .L9
 180              		.loc 1 61 0 is_stmt 0 discriminator 1
 181 000c FFF7FEFF 		bl	chVTResetI
 182              	.LVL22:
 183              	.L9:
 184              	.LBB9:
 185              		.loc 1 61 0 discriminator 2
 186 0010 0023     		movs	r3, #0
 187              	.LVL23:
 188              	@ 61 "../../os/various/evtimer.c" 1
 189 0012 83F31188 		msr     BASEPRI, r3
 190              	@ 0 "" 2
 191              	.LVL24:
 192              		.thumb
 193 0016 08BD     		pop	{r3, pc}
 194              	.LBE9:
 195              		.cfi_endproc
 196              	.LFE9:
 197              		.size	evtStop, .-evtStop
 198 0018 AFF30080 		.text
 198      AFF30080 
 199              	.Letext0:
 200              		.file 2 "/Users/toxygen/Applications/yagarto-4.7.2/bin/../lib/gcc/arm-none-eabi/4.7.2/../../../../
 201              		.file 3 "../../os/ports/GCC/ARMCMx/chtypes.h"
 202              		.file 4 "../../os/kernel/include/chlists.h"
 203              		.file 5 "../../os/kernel/include/chthreads.h"
 204              		.file 6 "../../os/ports/GCC/ARMCMx/chcore_v7m.h"
 205              		.file 7 "../../os/kernel/include/chvt.h"
 206              		.file 8 "../../os/kernel/include/chmtx.h"
 207              		.file 9 "../../os/kernel/include/chevents.h"
 208              		.file 10 "../../os/various/evtimer.h"
 209              		.section	.debug_info,"",%progbits
 210              	.Ldebug_info0:
 211 0000 09070000 		.4byte	0x709
 212 0004 0200     		.2byte	0x2
 213 0006 00000000 		.4byte	.Ldebug_abbrev0
 214 000a 04       		.byte	0x4
 215 000b 01       		.uleb128 0x1
 216 000c C2010000 		.4byte	.LASF79
 217 0010 01       		.byte	0x1
 218 0011 42030000 		.4byte	.LASF80
 219 0015 8E000000 		.4byte	.LASF81
 220 0019 30000000 		.4byte	.Ldebug_ranges0+0x30
 221 001d 00000000 		.4byte	0
 222 0021 00000000 		.4byte	0
 223 0025 00000000 		.4byte	.Ldebug_line0
 224 0029 02       		.uleb128 0x2
 225 002a 04       		.byte	0x4
 226 002b 05       		.byte	0x5
ARM GAS  /var/folders/dt/0wfd0knj7gs46m8vwfzktm600000gn/T//cc8XDz8V.s 			page 5


 227 002c 696E7400 		.ascii	"int\000"
 228 0030 03       		.uleb128 0x3
 229 0031 04       		.byte	0x4
 230 0032 07       		.byte	0x7
 231 0033 0F010000 		.4byte	.LASF0
 232 0037 03       		.uleb128 0x3
 233 0038 01       		.byte	0x1
 234 0039 06       		.byte	0x6
 235 003a 57000000 		.4byte	.LASF1
 236 003e 04       		.uleb128 0x4
 237 003f F8020000 		.4byte	.LASF5
 238 0043 02       		.byte	0x2
 239 0044 2A       		.byte	0x2a
 240 0045 49000000 		.4byte	0x49
 241 0049 03       		.uleb128 0x3
 242 004a 01       		.byte	0x1
 243 004b 08       		.byte	0x8
 244 004c FB010000 		.4byte	.LASF2
 245 0050 03       		.uleb128 0x3
 246 0051 02       		.byte	0x2
 247 0052 05       		.byte	0x5
 248 0053 28020000 		.4byte	.LASF3
 249 0057 03       		.uleb128 0x3
 250 0058 02       		.byte	0x2
 251 0059 07       		.byte	0x7
 252 005a 3E010000 		.4byte	.LASF4
 253 005e 04       		.uleb128 0x4
 254 005f F3010000 		.4byte	.LASF6
 255 0063 02       		.byte	0x2
 256 0064 4F       		.byte	0x4f
 257 0065 69000000 		.4byte	0x69
 258 0069 03       		.uleb128 0x3
 259 006a 04       		.byte	0x4
 260 006b 05       		.byte	0x5
 261 006c 85000000 		.4byte	.LASF7
 262 0070 04       		.uleb128 0x4
 263 0071 77020000 		.4byte	.LASF8
 264 0075 02       		.byte	0x2
 265 0076 50       		.byte	0x50
 266 0077 7B000000 		.4byte	0x7b
 267 007b 03       		.uleb128 0x3
 268 007c 04       		.byte	0x4
 269 007d 07       		.byte	0x7
 270 007e 24010000 		.4byte	.LASF9
 271 0082 03       		.uleb128 0x3
 272 0083 08       		.byte	0x8
 273 0084 05       		.byte	0x5
 274 0085 49000000 		.4byte	.LASF10
 275 0089 03       		.uleb128 0x3
 276 008a 08       		.byte	0x8
 277 008b 07       		.byte	0x7
 278 008c 19000000 		.4byte	.LASF11
 279 0090 03       		.uleb128 0x3
 280 0091 01       		.byte	0x1
 281 0092 02       		.byte	0x2
 282 0093 ED010000 		.4byte	.LASF12
 283 0097 04       		.uleb128 0x4
ARM GAS  /var/folders/dt/0wfd0knj7gs46m8vwfzktm600000gn/T//cc8XDz8V.s 			page 6


 284 0098 5F010000 		.4byte	.LASF13
 285 009c 03       		.byte	0x3
 286 009d 2C       		.byte	0x2c
 287 009e 3E000000 		.4byte	0x3e
 288 00a2 04       		.uleb128 0x4
 289 00a3 CC000000 		.4byte	.LASF14
 290 00a7 03       		.byte	0x3
 291 00a8 2D       		.byte	0x2d
 292 00a9 3E000000 		.4byte	0x3e
 293 00ad 04       		.uleb128 0x4
 294 00ae D6010000 		.4byte	.LASF15
 295 00b2 03       		.byte	0x3
 296 00b3 2E       		.byte	0x2e
 297 00b4 3E000000 		.4byte	0x3e
 298 00b8 04       		.uleb128 0x4
 299 00b9 7B000000 		.4byte	.LASF16
 300 00bd 03       		.byte	0x3
 301 00be 2F       		.byte	0x2f
 302 00bf 3E000000 		.4byte	0x3e
 303 00c3 04       		.uleb128 0x4
 304 00c4 E5010000 		.4byte	.LASF17
 305 00c8 03       		.byte	0x3
 306 00c9 30       		.byte	0x30
 307 00ca 70000000 		.4byte	0x70
 308 00ce 04       		.uleb128 0x4
 309 00cf 51010000 		.4byte	.LASF18
 310 00d3 03       		.byte	0x3
 311 00d4 31       		.byte	0x31
 312 00d5 5E000000 		.4byte	0x5e
 313 00d9 04       		.uleb128 0x4
 314 00da 73010000 		.4byte	.LASF19
 315 00de 03       		.byte	0x3
 316 00df 33       		.byte	0x33
 317 00e0 70000000 		.4byte	0x70
 318 00e4 04       		.uleb128 0x4
 319 00e5 E5020000 		.4byte	.LASF20
 320 00e9 03       		.byte	0x3
 321 00ea 34       		.byte	0x34
 322 00eb 70000000 		.4byte	0x70
 323 00ef 04       		.uleb128 0x4
 324 00f0 9F020000 		.4byte	.LASF21
 325 00f4 03       		.byte	0x3
 326 00f5 35       		.byte	0x35
 327 00f6 70000000 		.4byte	0x70
 328 00fa 04       		.uleb128 0x4
 329 00fb 5A020000 		.4byte	.LASF22
 330 00ff 04       		.byte	0x4
 331 0100 2A       		.byte	0x2a
 332 0101 05010000 		.4byte	0x105
 333 0105 05       		.uleb128 0x5
 334 0106 5A020000 		.4byte	.LASF22
 335 010a 48       		.byte	0x48
 336 010b 05       		.byte	0x5
 337 010c 5E       		.byte	0x5e
 338 010d 2A020000 		.4byte	0x22a
 339 0111 06       		.uleb128 0x6
 340 0112 4B020000 		.4byte	.LASF23
ARM GAS  /var/folders/dt/0wfd0knj7gs46m8vwfzktm600000gn/T//cc8XDz8V.s 			page 7


 341 0116 05       		.byte	0x5
 342 0117 5F       		.byte	0x5f
 343 0118 4F020000 		.4byte	0x24f
 344 011c 02       		.byte	0x2
 345 011d 23       		.byte	0x23
 346 011e 00       		.uleb128 0
 347 011f 06       		.uleb128 0x6
 348 0120 DE010000 		.4byte	.LASF24
 349 0124 05       		.byte	0x5
 350 0125 61       		.byte	0x61
 351 0126 4F020000 		.4byte	0x24f
 352 012a 02       		.byte	0x2
 353 012b 23       		.byte	0x23
 354 012c 04       		.uleb128 0x4
 355 012d 06       		.uleb128 0x6
 356 012e 42000000 		.4byte	.LASF25
 357 0132 05       		.byte	0x5
 358 0133 63       		.byte	0x63
 359 0134 C3000000 		.4byte	0xc3
 360 0138 02       		.byte	0x2
 361 0139 23       		.byte	0x23
 362 013a 08       		.uleb128 0x8
 363 013b 06       		.uleb128 0x6
 364 013c 32030000 		.4byte	.LASF26
 365 0140 05       		.byte	0x5
 366 0141 64       		.byte	0x64
 367 0142 1D030000 		.4byte	0x31d
 368 0146 02       		.byte	0x2
 369 0147 23       		.byte	0x23
 370 0148 0C       		.uleb128 0xc
 371 0149 06       		.uleb128 0x6
 372 014a EA000000 		.4byte	.LASF27
 373 014e 05       		.byte	0x5
 374 014f 66       		.byte	0x66
 375 0150 4F020000 		.4byte	0x24f
 376 0154 02       		.byte	0x2
 377 0155 23       		.byte	0x23
 378 0156 10       		.uleb128 0x10
 379 0157 06       		.uleb128 0x6
 380 0158 AD010000 		.4byte	.LASF28
 381 015c 05       		.byte	0x5
 382 015d 67       		.byte	0x67
 383 015e 4F020000 		.4byte	0x24f
 384 0162 02       		.byte	0x2
 385 0163 23       		.byte	0x23
 386 0164 14       		.uleb128 0x14
 387 0165 06       		.uleb128 0x6
 388 0166 15030000 		.4byte	.LASF29
 389 016a 05       		.byte	0x5
 390 016b 6E       		.byte	0x6e
 391 016c C6040000 		.4byte	0x4c6
 392 0170 02       		.byte	0x2
 393 0171 23       		.byte	0x23
 394 0172 18       		.uleb128 0x18
 395 0173 06       		.uleb128 0x6
 396 0174 32020000 		.4byte	.LASF30
 397 0178 05       		.byte	0x5
ARM GAS  /var/folders/dt/0wfd0knj7gs46m8vwfzktm600000gn/T//cc8XDz8V.s 			page 8


 398 0179 79       		.byte	0x79
 399 017a A2000000 		.4byte	0xa2
 400 017e 02       		.byte	0x2
 401 017f 23       		.byte	0x23
 402 0180 1C       		.uleb128 0x1c
 403 0181 06       		.uleb128 0x6
 404 0182 52020000 		.4byte	.LASF31
 405 0186 05       		.byte	0x5
 406 0187 7D       		.byte	0x7d
 407 0188 97000000 		.4byte	0x97
 408 018c 02       		.byte	0x2
 409 018d 23       		.byte	0x23
 410 018e 1D       		.uleb128 0x1d
 411 018f 06       		.uleb128 0x6
 412 0190 F1020000 		.4byte	.LASF32
 413 0194 05       		.byte	0x5
 414 0195 82       		.byte	0x82
 415 0196 AD000000 		.4byte	0xad
 416 019a 02       		.byte	0x2
 417 019b 23       		.byte	0x23
 418 019c 1E       		.uleb128 0x1e
 419 019d 06       		.uleb128 0x6
 420 019e 3A020000 		.4byte	.LASF33
 421 01a2 05       		.byte	0x5
 422 01a3 88       		.byte	0x88
 423 01a4 B8000000 		.4byte	0xb8
 424 01a8 02       		.byte	0x2
 425 01a9 23       		.byte	0x23
 426 01aa 1F       		.uleb128 0x1f
 427 01ab 06       		.uleb128 0x6
 428 01ac C5020000 		.4byte	.LASF34
 429 01b0 05       		.byte	0x5
 430 01b1 8F       		.byte	0x8f
 431 01b2 C8030000 		.4byte	0x3c8
 432 01b6 02       		.byte	0x2
 433 01b7 23       		.byte	0x23
 434 01b8 20       		.uleb128 0x20
 435 01b9 07       		.uleb128 0x7
 436 01ba 705F7500 		.ascii	"p_u\000"
 437 01be 05       		.byte	0x5
 438 01bf B4       		.byte	0xb4
 439 01c0 91040000 		.4byte	0x491
 440 01c4 02       		.byte	0x2
 441 01c5 23       		.byte	0x23
 442 01c6 24       		.uleb128 0x24
 443 01c7 06       		.uleb128 0x6
 444 01c8 38030000 		.4byte	.LASF35
 445 01cc 05       		.byte	0x5
 446 01cd B9       		.byte	0xb9
 447 01ce 77020000 		.4byte	0x277
 448 01d2 02       		.byte	0x2
 449 01d3 23       		.byte	0x23
 450 01d4 28       		.uleb128 0x28
 451 01d5 06       		.uleb128 0x6
 452 01d6 D3020000 		.4byte	.LASF36
 453 01da 05       		.byte	0x5
 454 01db BF       		.byte	0xbf
ARM GAS  /var/folders/dt/0wfd0knj7gs46m8vwfzktm600000gn/T//cc8XDz8V.s 			page 9


 455 01dc 55020000 		.4byte	0x255
 456 01e0 02       		.byte	0x2
 457 01e1 23       		.byte	0x23
 458 01e2 2C       		.uleb128 0x2c
 459 01e3 06       		.uleb128 0x6
 460 01e4 0C000000 		.4byte	.LASF37
 461 01e8 05       		.byte	0x5
 462 01e9 C3       		.byte	0xc3
 463 01ea CE000000 		.4byte	0xce
 464 01ee 02       		.byte	0x2
 465 01ef 23       		.byte	0x23
 466 01f0 34       		.uleb128 0x34
 467 01f1 06       		.uleb128 0x6
 468 01f2 6C020000 		.4byte	.LASF38
 469 01f6 05       		.byte	0x5
 470 01f7 C9       		.byte	0xc9
 471 01f8 D9000000 		.4byte	0xd9
 472 01fc 02       		.byte	0x2
 473 01fd 23       		.byte	0x23
 474 01fe 38       		.uleb128 0x38
 475 01ff 06       		.uleb128 0x6
 476 0200 1E020000 		.4byte	.LASF39
 477 0204 05       		.byte	0x5
 478 0205 D0       		.byte	0xd0
 479 0206 D8040000 		.4byte	0x4d8
 480 020a 02       		.byte	0x2
 481 020b 23       		.byte	0x23
 482 020c 3C       		.uleb128 0x3c
 483 020d 06       		.uleb128 0x6
 484 020e A9020000 		.4byte	.LASF40
 485 0212 05       		.byte	0x5
 486 0213 D4       		.byte	0xd4
 487 0214 C3000000 		.4byte	0xc3
 488 0218 02       		.byte	0x2
 489 0219 23       		.byte	0x23
 490 021a 40       		.uleb128 0x40
 491 021b 06       		.uleb128 0x6
 492 021c 6B000000 		.4byte	.LASF41
 493 0220 05       		.byte	0x5
 494 0221 DA       		.byte	0xda
 495 0222 8D020000 		.4byte	0x28d
 496 0226 02       		.byte	0x2
 497 0227 23       		.byte	0x23
 498 0228 44       		.uleb128 0x44
 499 0229 00       		.byte	0
 500 022a 08       		.uleb128 0x8
 501 022b 08       		.byte	0x8
 502 022c 04       		.byte	0x4
 503 022d 61       		.byte	0x61
 504 022e 4F020000 		.4byte	0x24f
 505 0232 06       		.uleb128 0x6
 506 0233 4B020000 		.4byte	.LASF23
 507 0237 04       		.byte	0x4
 508 0238 62       		.byte	0x62
 509 0239 4F020000 		.4byte	0x24f
 510 023d 02       		.byte	0x2
 511 023e 23       		.byte	0x23
ARM GAS  /var/folders/dt/0wfd0knj7gs46m8vwfzktm600000gn/T//cc8XDz8V.s 			page 10


 512 023f 00       		.uleb128 0
 513 0240 06       		.uleb128 0x6
 514 0241 DE010000 		.4byte	.LASF24
 515 0245 04       		.byte	0x4
 516 0246 64       		.byte	0x64
 517 0247 4F020000 		.4byte	0x24f
 518 024b 02       		.byte	0x2
 519 024c 23       		.byte	0x23
 520 024d 04       		.uleb128 0x4
 521 024e 00       		.byte	0
 522 024f 09       		.uleb128 0x9
 523 0250 04       		.byte	0x4
 524 0251 FA000000 		.4byte	0xfa
 525 0255 04       		.uleb128 0x4
 526 0256 B5010000 		.4byte	.LASF42
 527 025a 04       		.byte	0x4
 528 025b 66       		.byte	0x66
 529 025c 2A020000 		.4byte	0x22a
 530 0260 08       		.uleb128 0x8
 531 0261 04       		.byte	0x4
 532 0262 04       		.byte	0x4
 533 0263 6B       		.byte	0x6b
 534 0264 77020000 		.4byte	0x277
 535 0268 06       		.uleb128 0x6
 536 0269 4B020000 		.4byte	.LASF23
 537 026d 04       		.byte	0x4
 538 026e 6D       		.byte	0x6d
 539 026f 4F020000 		.4byte	0x24f
 540 0273 02       		.byte	0x2
 541 0274 23       		.byte	0x23
 542 0275 00       		.uleb128 0
 543 0276 00       		.byte	0
 544 0277 04       		.uleb128 0x4
 545 0278 67010000 		.4byte	.LASF43
 546 027c 04       		.byte	0x4
 547 027d 70       		.byte	0x70
 548 027e 60020000 		.4byte	0x260
 549 0282 04       		.uleb128 0x4
 550 0283 F2000000 		.4byte	.LASF44
 551 0287 06       		.byte	0x6
 552 0288 E5       		.byte	0xe5
 553 0289 8D020000 		.4byte	0x28d
 554 028d 0A       		.uleb128 0xa
 555 028e 04       		.byte	0x4
 556 028f 0B       		.uleb128 0xb
 557 0290 CC020000 		.4byte	.LASF45
 558 0294 24       		.byte	0x24
 559 0295 06       		.byte	0x6
 560 0296 0C01     		.2byte	0x10c
 561 0298 1D030000 		.4byte	0x31d
 562 029c 0C       		.uleb128 0xc
 563 029d 723400   		.ascii	"r4\000"
 564 02a0 06       		.byte	0x6
 565 02a1 1F01     		.2byte	0x11f
 566 02a3 82020000 		.4byte	0x282
 567 02a7 02       		.byte	0x2
 568 02a8 23       		.byte	0x23
ARM GAS  /var/folders/dt/0wfd0knj7gs46m8vwfzktm600000gn/T//cc8XDz8V.s 			page 11


 569 02a9 00       		.uleb128 0
 570 02aa 0C       		.uleb128 0xc
 571 02ab 723500   		.ascii	"r5\000"
 572 02ae 06       		.byte	0x6
 573 02af 2001     		.2byte	0x120
 574 02b1 82020000 		.4byte	0x282
 575 02b5 02       		.byte	0x2
 576 02b6 23       		.byte	0x23
 577 02b7 04       		.uleb128 0x4
 578 02b8 0C       		.uleb128 0xc
 579 02b9 723600   		.ascii	"r6\000"
 580 02bc 06       		.byte	0x6
 581 02bd 2101     		.2byte	0x121
 582 02bf 82020000 		.4byte	0x282
 583 02c3 02       		.byte	0x2
 584 02c4 23       		.byte	0x23
 585 02c5 08       		.uleb128 0x8
 586 02c6 0C       		.uleb128 0xc
 587 02c7 723700   		.ascii	"r7\000"
 588 02ca 06       		.byte	0x6
 589 02cb 2201     		.2byte	0x122
 590 02cd 82020000 		.4byte	0x282
 591 02d1 02       		.byte	0x2
 592 02d2 23       		.byte	0x23
 593 02d3 0C       		.uleb128 0xc
 594 02d4 0C       		.uleb128 0xc
 595 02d5 723800   		.ascii	"r8\000"
 596 02d8 06       		.byte	0x6
 597 02d9 2301     		.2byte	0x123
 598 02db 82020000 		.4byte	0x282
 599 02df 02       		.byte	0x2
 600 02e0 23       		.byte	0x23
 601 02e1 10       		.uleb128 0x10
 602 02e2 0C       		.uleb128 0xc
 603 02e3 723900   		.ascii	"r9\000"
 604 02e6 06       		.byte	0x6
 605 02e7 2401     		.2byte	0x124
 606 02e9 82020000 		.4byte	0x282
 607 02ed 02       		.byte	0x2
 608 02ee 23       		.byte	0x23
 609 02ef 14       		.uleb128 0x14
 610 02f0 0C       		.uleb128 0xc
 611 02f1 72313000 		.ascii	"r10\000"
 612 02f5 06       		.byte	0x6
 613 02f6 2501     		.2byte	0x125
 614 02f8 82020000 		.4byte	0x282
 615 02fc 02       		.byte	0x2
 616 02fd 23       		.byte	0x23
 617 02fe 18       		.uleb128 0x18
 618 02ff 0C       		.uleb128 0xc
 619 0300 72313100 		.ascii	"r11\000"
 620 0304 06       		.byte	0x6
 621 0305 2601     		.2byte	0x126
 622 0307 82020000 		.4byte	0x282
 623 030b 02       		.byte	0x2
 624 030c 23       		.byte	0x23
 625 030d 1C       		.uleb128 0x1c
ARM GAS  /var/folders/dt/0wfd0knj7gs46m8vwfzktm600000gn/T//cc8XDz8V.s 			page 12


 626 030e 0C       		.uleb128 0xc
 627 030f 6C7200   		.ascii	"lr\000"
 628 0312 06       		.byte	0x6
 629 0313 2701     		.2byte	0x127
 630 0315 82020000 		.4byte	0x282
 631 0319 02       		.byte	0x2
 632 031a 23       		.byte	0x23
 633 031b 20       		.uleb128 0x20
 634 031c 00       		.byte	0
 635 031d 0B       		.uleb128 0xb
 636 031e 36010000 		.4byte	.LASF46
 637 0322 04       		.byte	0x4
 638 0323 06       		.byte	0x6
 639 0324 3101     		.2byte	0x131
 640 0326 3A030000 		.4byte	0x33a
 641 032a 0C       		.uleb128 0xc
 642 032b 72313300 		.ascii	"r13\000"
 643 032f 06       		.byte	0x6
 644 0330 3201     		.2byte	0x132
 645 0332 3A030000 		.4byte	0x33a
 646 0336 02       		.byte	0x2
 647 0337 23       		.byte	0x23
 648 0338 00       		.uleb128 0
 649 0339 00       		.byte	0
 650 033a 09       		.uleb128 0x9
 651 033b 04       		.byte	0x4
 652 033c 8F020000 		.4byte	0x28f
 653 0340 03       		.uleb128 0x3
 654 0341 04       		.byte	0x4
 655 0342 07       		.byte	0x7
 656 0343 93010000 		.4byte	.LASF47
 657 0347 04       		.uleb128 0x4
 658 0348 B4020000 		.4byte	.LASF48
 659 034c 07       		.byte	0x7
 660 034d 58       		.byte	0x58
 661 034e 52030000 		.4byte	0x352
 662 0352 09       		.uleb128 0x9
 663 0353 04       		.byte	0x4
 664 0354 58030000 		.4byte	0x358
 665 0358 0D       		.uleb128 0xd
 666 0359 01       		.byte	0x1
 667 035a 64030000 		.4byte	0x364
 668 035e 0E       		.uleb128 0xe
 669 035f 8D020000 		.4byte	0x28d
 670 0363 00       		.byte	0
 671 0364 04       		.uleb128 0x4
 672 0365 80020000 		.4byte	.LASF49
 673 0369 07       		.byte	0x7
 674 036a 5D       		.byte	0x5d
 675 036b 6F030000 		.4byte	0x36f
 676 036f 05       		.uleb128 0x5
 677 0370 80020000 		.4byte	.LASF49
 678 0374 14       		.byte	0x14
 679 0375 07       		.byte	0x7
 680 0376 64       		.byte	0x64
 681 0377 C2030000 		.4byte	0x3c2
 682 037b 06       		.uleb128 0x6
ARM GAS  /var/folders/dt/0wfd0knj7gs46m8vwfzktm600000gn/T//cc8XDz8V.s 			page 13


 683 037c 1C010000 		.4byte	.LASF50
 684 0380 07       		.byte	0x7
 685 0381 65       		.byte	0x65
 686 0382 C2030000 		.4byte	0x3c2
 687 0386 02       		.byte	0x2
 688 0387 23       		.byte	0x23
 689 0388 00       		.uleb128 0
 690 0389 06       		.uleb128 0x6
 691 038a FB000000 		.4byte	.LASF51
 692 038e 07       		.byte	0x7
 693 038f 67       		.byte	0x67
 694 0390 C2030000 		.4byte	0x3c2
 695 0394 02       		.byte	0x2
 696 0395 23       		.byte	0x23
 697 0396 04       		.uleb128 0x4
 698 0397 06       		.uleb128 0x6
 699 0398 85010000 		.4byte	.LASF52
 700 039c 07       		.byte	0x7
 701 039d 69       		.byte	0x69
 702 039e EF000000 		.4byte	0xef
 703 03a2 02       		.byte	0x2
 704 03a3 23       		.byte	0x23
 705 03a4 08       		.uleb128 0x8
 706 03a5 06       		.uleb128 0x6
 707 03a6 9C010000 		.4byte	.LASF53
 708 03aa 07       		.byte	0x7
 709 03ab 6A       		.byte	0x6a
 710 03ac 47030000 		.4byte	0x347
 711 03b0 02       		.byte	0x2
 712 03b1 23       		.byte	0x23
 713 03b2 0C       		.uleb128 0xc
 714 03b3 06       		.uleb128 0x6
 715 03b4 DE020000 		.4byte	.LASF54
 716 03b8 07       		.byte	0x7
 717 03b9 6C       		.byte	0x6c
 718 03ba 8D020000 		.4byte	0x28d
 719 03be 02       		.byte	0x2
 720 03bf 23       		.byte	0x23
 721 03c0 10       		.uleb128 0x10
 722 03c1 00       		.byte	0
 723 03c2 09       		.uleb128 0x9
 724 03c3 04       		.byte	0x4
 725 03c4 64030000 		.4byte	0x364
 726 03c8 0F       		.uleb128 0xf
 727 03c9 EF000000 		.4byte	0xef
 728 03cd 05       		.uleb128 0x5
 729 03ce 7F010000 		.4byte	.LASF55
 730 03d2 10       		.byte	0x10
 731 03d3 08       		.byte	0x8
 732 03d4 2C       		.byte	0x2c
 733 03d5 04040000 		.4byte	0x404
 734 03d9 06       		.uleb128 0x6
 735 03da 73000000 		.4byte	.LASF56
 736 03de 08       		.byte	0x8
 737 03df 2D       		.byte	0x2d
 738 03e0 55020000 		.4byte	0x255
 739 03e4 02       		.byte	0x2
ARM GAS  /var/folders/dt/0wfd0knj7gs46m8vwfzktm600000gn/T//cc8XDz8V.s 			page 14


 740 03e5 23       		.byte	0x23
 741 03e6 00       		.uleb128 0
 742 03e7 06       		.uleb128 0x6
 743 03e8 2A030000 		.4byte	.LASF57
 744 03ec 08       		.byte	0x8
 745 03ed 2F       		.byte	0x2f
 746 03ee 4F020000 		.4byte	0x24f
 747 03f2 02       		.byte	0x2
 748 03f3 23       		.byte	0x23
 749 03f4 08       		.uleb128 0x8
 750 03f5 06       		.uleb128 0x6
 751 03f6 98020000 		.4byte	.LASF58
 752 03fa 08       		.byte	0x8
 753 03fb 31       		.byte	0x31
 754 03fc 04040000 		.4byte	0x404
 755 0400 02       		.byte	0x2
 756 0401 23       		.byte	0x23
 757 0402 0C       		.uleb128 0xc
 758 0403 00       		.byte	0
 759 0404 09       		.uleb128 0x9
 760 0405 04       		.byte	0x4
 761 0406 CD030000 		.4byte	0x3cd
 762 040a 04       		.uleb128 0x4
 763 040b 7F010000 		.4byte	.LASF55
 764 040f 08       		.byte	0x8
 765 0410 33       		.byte	0x33
 766 0411 CD030000 		.4byte	0x3cd
 767 0415 04       		.uleb128 0x4
 768 0416 00030000 		.4byte	.LASF59
 769 041a 09       		.byte	0x9
 770 041b 2C       		.byte	0x2c
 771 041c 20040000 		.4byte	0x420
 772 0420 05       		.uleb128 0x5
 773 0421 00030000 		.4byte	.LASF59
 774 0425 10       		.byte	0x10
 775 0426 09       		.byte	0x9
 776 0427 31       		.byte	0x31
 777 0428 65040000 		.4byte	0x465
 778 042c 06       		.uleb128 0x6
 779 042d 57010000 		.4byte	.LASF60
 780 0431 09       		.byte	0x9
 781 0432 32       		.byte	0x32
 782 0433 65040000 		.4byte	0x465
 783 0437 02       		.byte	0x2
 784 0438 23       		.byte	0x23
 785 0439 00       		.uleb128 0
 786 043a 06       		.uleb128 0x6
 787 043b 09020000 		.4byte	.LASF61
 788 043f 09       		.byte	0x9
 789 0440 35       		.byte	0x35
 790 0441 4F020000 		.4byte	0x24f
 791 0445 02       		.byte	0x2
 792 0446 23       		.byte	0x23
 793 0447 04       		.uleb128 0x4
 794 0448 06       		.uleb128 0x6
 795 0449 CE010000 		.4byte	.LASF62
 796 044d 09       		.byte	0x9
ARM GAS  /var/folders/dt/0wfd0knj7gs46m8vwfzktm600000gn/T//cc8XDz8V.s 			page 15


 797 044e 37       		.byte	0x37
 798 044f D9000000 		.4byte	0xd9
 799 0453 02       		.byte	0x2
 800 0454 23       		.byte	0x23
 801 0455 08       		.uleb128 0x8
 802 0456 06       		.uleb128 0x6
 803 0457 15020000 		.4byte	.LASF63
 804 045b 09       		.byte	0x9
 805 045c 3A       		.byte	0x3a
 806 045d E4000000 		.4byte	0xe4
 807 0461 02       		.byte	0x2
 808 0462 23       		.byte	0x23
 809 0463 0C       		.uleb128 0xc
 810 0464 00       		.byte	0
 811 0465 09       		.uleb128 0x9
 812 0466 04       		.byte	0x4
 813 0467 15040000 		.4byte	0x415
 814 046b 05       		.uleb128 0x5
 815 046c 03010000 		.4byte	.LASF64
 816 0470 04       		.byte	0x4
 817 0471 09       		.byte	0x9
 818 0472 41       		.byte	0x41
 819 0473 86040000 		.4byte	0x486
 820 0477 06       		.uleb128 0x6
 821 0478 1C030000 		.4byte	.LASF65
 822 047c 09       		.byte	0x9
 823 047d 42       		.byte	0x42
 824 047e 65040000 		.4byte	0x465
 825 0482 02       		.byte	0x2
 826 0483 23       		.byte	0x23
 827 0484 00       		.uleb128 0
 828 0485 00       		.byte	0
 829 0486 04       		.uleb128 0x4
 830 0487 03010000 		.4byte	.LASF64
 831 048b 09       		.byte	0x9
 832 048c 45       		.byte	0x45
 833 048d 6B040000 		.4byte	0x46b
 834 0491 10       		.uleb128 0x10
 835 0492 04       		.byte	0x4
 836 0493 05       		.byte	0x5
 837 0494 96       		.byte	0x96
 838 0495 C6040000 		.4byte	0x4c6
 839 0499 11       		.uleb128 0x11
 840 049a 12000000 		.4byte	.LASF66
 841 049e 05       		.byte	0x5
 842 049f 9D       		.byte	0x9d
 843 04a0 CE000000 		.4byte	0xce
 844 04a4 11       		.uleb128 0x11
 845 04a5 30000000 		.4byte	.LASF67
 846 04a9 05       		.byte	0x5
 847 04aa A4       		.byte	0xa4
 848 04ab CE000000 		.4byte	0xce
 849 04af 11       		.uleb128 0x11
 850 04b0 0E030000 		.4byte	.LASF68
 851 04b4 05       		.byte	0x5
 852 04b5 AB       		.byte	0xab
 853 04b6 8D020000 		.4byte	0x28d
ARM GAS  /var/folders/dt/0wfd0knj7gs46m8vwfzktm600000gn/T//cc8XDz8V.s 			page 16


 854 04ba 11       		.uleb128 0x11
 855 04bb 44020000 		.4byte	.LASF69
 856 04bf 05       		.byte	0x5
 857 04c0 B2       		.byte	0xb2
 858 04c1 D9000000 		.4byte	0xd9
 859 04c5 00       		.byte	0
 860 04c6 09       		.uleb128 0x9
 861 04c7 04       		.byte	0x4
 862 04c8 CC040000 		.4byte	0x4cc
 863 04cc 12       		.uleb128 0x12
 864 04cd D1040000 		.4byte	0x4d1
 865 04d1 03       		.uleb128 0x3
 866 04d2 01       		.byte	0x1
 867 04d3 08       		.byte	0x8
 868 04d4 8D020000 		.4byte	.LASF70
 869 04d8 09       		.uleb128 0x9
 870 04d9 04       		.byte	0x4
 871 04da 0A040000 		.4byte	0x40a
 872 04de 08       		.uleb128 0x8
 873 04df 1C       		.byte	0x1c
 874 04e0 0A       		.byte	0xa
 875 04e1 27       		.byte	0x27
 876 04e2 11050000 		.4byte	0x511
 877 04e6 06       		.uleb128 0x6
 878 04e7 24030000 		.4byte	.LASF71
 879 04eb 0A       		.byte	0xa
 880 04ec 28       		.byte	0x28
 881 04ed 64030000 		.4byte	0x364
 882 04f1 02       		.byte	0x2
 883 04f2 23       		.byte	0x23
 884 04f3 00       		.uleb128 0
 885 04f4 06       		.uleb128 0x6
 886 04f5 8D010000 		.4byte	.LASF72
 887 04f9 0A       		.byte	0xa
 888 04fa 29       		.byte	0x29
 889 04fb 86040000 		.4byte	0x486
 890 04ff 02       		.byte	0x2
 891 0500 23       		.byte	0x23
 892 0501 14       		.uleb128 0x14
 893 0502 06       		.uleb128 0x6
 894 0503 00000000 		.4byte	.LASF73
 895 0507 0A       		.byte	0xa
 896 0508 2A       		.byte	0x2a
 897 0509 EF000000 		.4byte	0xef
 898 050d 02       		.byte	0x2
 899 050e 23       		.byte	0x23
 900 050f 18       		.uleb128 0x18
 901 0510 00       		.byte	0
 902 0511 04       		.uleb128 0x4
 903 0512 63000000 		.4byte	.LASF74
 904 0516 0A       		.byte	0xa
 905 0517 2B       		.byte	0x2b
 906 0518 DE040000 		.4byte	0x4de
 907 051c 13       		.uleb128 0x13
 908 051d 92020000 		.4byte	.LASF82
 909 0521 01       		.byte	0x1
 910 0522 1C       		.byte	0x1c
ARM GAS  /var/folders/dt/0wfd0knj7gs46m8vwfzktm600000gn/T//cc8XDz8V.s 			page 17


 911 0523 01       		.byte	0x1
 912 0524 00000000 		.4byte	.LFB7
 913 0528 2E000000 		.4byte	.LFE7
 914 052c 00000000 		.4byte	.LLST0
 915 0530 01       		.byte	0x1
 916 0531 C0050000 		.4byte	0x5c0
 917 0535 14       		.uleb128 0x14
 918 0536 7000     		.ascii	"p\000"
 919 0538 01       		.byte	0x1
 920 0539 1C       		.byte	0x1c
 921 053a 8D020000 		.4byte	0x28d
 922 053e 20000000 		.4byte	.LLST1
 923 0542 15       		.uleb128 0x15
 924 0543 65747000 		.ascii	"etp\000"
 925 0547 01       		.byte	0x1
 926 0548 1D       		.byte	0x1d
 927 0549 C0050000 		.4byte	0x5c0
 928 054d 3E000000 		.4byte	.LLST2
 929 0551 16       		.uleb128 0x16
 930 0552 00000000 		.4byte	.Ldebug_ranges0+0
 931 0556 6A050000 		.4byte	0x56a
 932 055a 15       		.uleb128 0x15
 933 055b 746D7000 		.ascii	"tmp\000"
 934 055f 01       		.byte	0x1
 935 0560 1F       		.byte	0x1f
 936 0561 70000000 		.4byte	0x70
 937 0565 5C000000 		.4byte	.LLST3
 938 0569 00       		.byte	0
 939 056a 17       		.uleb128 0x17
 940 056b 26000000 		.4byte	.LBB4
 941 056f 2E000000 		.4byte	.LBE4
 942 0573 87050000 		.4byte	0x587
 943 0577 15       		.uleb128 0x15
 944 0578 746D7000 		.ascii	"tmp\000"
 945 057c 01       		.byte	0x1
 946 057d 22       		.byte	0x22
 947 057e 70000000 		.4byte	0x70
 948 0582 6F000000 		.4byte	.LLST4
 949 0586 00       		.byte	0
 950 0587 18       		.uleb128 0x18
 951 0588 14000000 		.4byte	.LVL5
 952 058c BA060000 		.4byte	0x6ba
 953 0590 A0050000 		.4byte	0x5a0
 954 0594 19       		.uleb128 0x19
 955 0595 01       		.byte	0x1
 956 0596 51       		.byte	0x51
 957 0597 01       		.byte	0x1
 958 0598 30       		.byte	0x30
 959 0599 19       		.uleb128 0x19
 960 059a 01       		.byte	0x1
 961 059b 50       		.byte	0x50
 962 059c 02       		.byte	0x2
 963 059d 74       		.byte	0x74
 964 059e 14       		.sleb128 20
 965 059f 00       		.byte	0
 966 05a0 1A       		.uleb128 0x1a
 967 05a1 26000000 		.4byte	.LVL6
ARM GAS  /var/folders/dt/0wfd0knj7gs46m8vwfzktm600000gn/T//cc8XDz8V.s 			page 18


 968 05a5 D9060000 		.4byte	0x6d9
 969 05a9 19       		.uleb128 0x19
 970 05aa 01       		.byte	0x1
 971 05ab 53       		.byte	0x53
 972 05ac 02       		.byte	0x2
 973 05ad 74       		.byte	0x74
 974 05ae 00       		.sleb128 0
 975 05af 19       		.uleb128 0x19
 976 05b0 01       		.byte	0x1
 977 05b1 52       		.byte	0x52
 978 05b2 05       		.byte	0x5
 979 05b3 03       		.byte	0x3
 980 05b4 00000000 		.4byte	tmrcb
 981 05b8 19       		.uleb128 0x19
 982 05b9 01       		.byte	0x1
 983 05ba 50       		.byte	0x50
 984 05bb 02       		.byte	0x2
 985 05bc 74       		.byte	0x74
 986 05bd 00       		.sleb128 0
 987 05be 00       		.byte	0
 988 05bf 00       		.byte	0
 989 05c0 09       		.uleb128 0x9
 990 05c1 04       		.byte	0x4
 991 05c2 11050000 		.4byte	0x511
 992 05c6 1B       		.uleb128 0x1b
 993 05c7 01       		.byte	0x1
 994 05c8 39000000 		.4byte	.LASF75
 995 05cc 01       		.byte	0x1
 996 05cd 2B       		.byte	0x2b
 997 05ce 01       		.byte	0x1
 998 05cf 00000000 		.4byte	.LFB8
 999 05d3 28000000 		.4byte	.LFE8
 1000 05d7 82000000 		.4byte	.LLST5
 1001 05db 01       		.byte	0x1
 1002 05dc 45060000 		.4byte	0x645
 1003 05e0 14       		.uleb128 0x14
 1004 05e1 65747000 		.ascii	"etp\000"
 1005 05e5 01       		.byte	0x1
 1006 05e6 2B       		.byte	0x2b
 1007 05e7 C0050000 		.4byte	0x5c0
 1008 05eb A2000000 		.4byte	.LLST6
 1009 05ef 16       		.uleb128 0x16
 1010 05f0 18000000 		.4byte	.Ldebug_ranges0+0x18
 1011 05f4 08060000 		.4byte	0x608
 1012 05f8 15       		.uleb128 0x15
 1013 05f9 746D7000 		.ascii	"tmp\000"
 1014 05fd 01       		.byte	0x1
 1015 05fe 2D       		.byte	0x2d
 1016 05ff 70000000 		.4byte	0x70
 1017 0603 D6000000 		.4byte	.LLST7
 1018 0607 00       		.byte	0
 1019 0608 17       		.uleb128 0x17
 1020 0609 0E000000 		.4byte	.LBB7
 1021 060d 16000000 		.4byte	.LBE7
 1022 0611 25060000 		.4byte	0x625
 1023 0615 15       		.uleb128 0x15
 1024 0616 746D7000 		.ascii	"tmp\000"
ARM GAS  /var/folders/dt/0wfd0knj7gs46m8vwfzktm600000gn/T//cc8XDz8V.s 			page 19


 1025 061a 01       		.byte	0x1
 1026 061b 32       		.byte	0x32
 1027 061c 70000000 		.4byte	0x70
 1028 0620 E9000000 		.4byte	.LLST8
 1029 0624 00       		.byte	0
 1030 0625 1A       		.uleb128 0x1a
 1031 0626 20000000 		.4byte	.LVL17
 1032 062a D9060000 		.4byte	0x6d9
 1033 062e 19       		.uleb128 0x19
 1034 062f 01       		.byte	0x1
 1035 0630 53       		.byte	0x53
 1036 0631 02       		.byte	0x2
 1037 0632 74       		.byte	0x74
 1038 0633 00       		.sleb128 0
 1039 0634 19       		.uleb128 0x19
 1040 0635 01       		.byte	0x1
 1041 0636 52       		.byte	0x52
 1042 0637 05       		.byte	0x5
 1043 0638 03       		.byte	0x3
 1044 0639 00000000 		.4byte	tmrcb
 1045 063d 19       		.uleb128 0x19
 1046 063e 01       		.byte	0x1
 1047 063f 50       		.byte	0x50
 1048 0640 02       		.byte	0x2
 1049 0641 74       		.byte	0x74
 1050 0642 00       		.sleb128 0
 1051 0643 00       		.byte	0
 1052 0644 00       		.byte	0
 1053 0645 1B       		.uleb128 0x1b
 1054 0646 01       		.byte	0x1
 1055 0647 BD020000 		.4byte	.LASF76
 1056 064b 01       		.byte	0x1
 1057 064c 3B       		.byte	0x3b
 1058 064d 01       		.byte	0x1
 1059 064e 00000000 		.4byte	.LFB9
 1060 0652 18000000 		.4byte	.LFE9
 1061 0656 FC000000 		.4byte	.LLST9
 1062 065a 01       		.byte	0x1
 1063 065b BA060000 		.4byte	0x6ba
 1064 065f 14       		.uleb128 0x14
 1065 0660 65747000 		.ascii	"etp\000"
 1066 0664 01       		.byte	0x1
 1067 0665 3B       		.byte	0x3b
 1068 0666 C0050000 		.4byte	0x5c0
 1069 066a 1C010000 		.4byte	.LLST10
 1070 066e 17       		.uleb128 0x17
 1071 066f 02000000 		.4byte	.LBB8
 1072 0673 08000000 		.4byte	.LBE8
 1073 0677 8B060000 		.4byte	0x68b
 1074 067b 15       		.uleb128 0x15
 1075 067c 746D7000 		.ascii	"tmp\000"
 1076 0680 01       		.byte	0x1
 1077 0681 3D       		.byte	0x3d
 1078 0682 70000000 		.4byte	0x70
 1079 0686 3D010000 		.4byte	.LLST11
 1080 068a 00       		.byte	0
 1081 068b 17       		.uleb128 0x17
ARM GAS  /var/folders/dt/0wfd0knj7gs46m8vwfzktm600000gn/T//cc8XDz8V.s 			page 20


 1082 068c 10000000 		.4byte	.LBB9
 1083 0690 18000000 		.4byte	.LBE9
 1084 0694 A8060000 		.4byte	0x6a8
 1085 0698 15       		.uleb128 0x15
 1086 0699 746D7000 		.ascii	"tmp\000"
 1087 069d 01       		.byte	0x1
 1088 069e 3D       		.byte	0x3d
 1089 069f 70000000 		.4byte	0x70
 1090 06a3 50010000 		.4byte	.LLST12
 1091 06a7 00       		.byte	0
 1092 06a8 1A       		.uleb128 0x1a
 1093 06a9 10000000 		.4byte	.LVL22
 1094 06ad FC060000 		.4byte	0x6fc
 1095 06b1 19       		.uleb128 0x19
 1096 06b2 01       		.byte	0x1
 1097 06b3 50       		.byte	0x50
 1098 06b4 03       		.byte	0x3
 1099 06b5 F3       		.byte	0xf3
 1100 06b6 01       		.uleb128 0x1
 1101 06b7 50       		.byte	0x50
 1102 06b8 00       		.byte	0
 1103 06b9 00       		.byte	0
 1104 06ba 1C       		.uleb128 0x1c
 1105 06bb 01       		.byte	0x1
 1106 06bc D5000000 		.4byte	.LASF77
 1107 06c0 09       		.byte	0x9
 1108 06c1 BA       		.byte	0xba
 1109 06c2 01       		.byte	0x1
 1110 06c3 01       		.byte	0x1
 1111 06c4 D3060000 		.4byte	0x6d3
 1112 06c8 0E       		.uleb128 0xe
 1113 06c9 D3060000 		.4byte	0x6d3
 1114 06cd 0E       		.uleb128 0xe
 1115 06ce E4000000 		.4byte	0xe4
 1116 06d2 00       		.byte	0
 1117 06d3 09       		.uleb128 0x9
 1118 06d4 04       		.byte	0x4
 1119 06d5 86040000 		.4byte	0x486
 1120 06d9 1C       		.uleb128 0x1c
 1121 06da 01       		.byte	0x1
 1122 06db A4010000 		.4byte	.LASF78
 1123 06df 07       		.byte	0x7
 1124 06e0 E4       		.byte	0xe4
 1125 06e1 01       		.byte	0x1
 1126 06e2 01       		.byte	0x1
 1127 06e3 FC060000 		.4byte	0x6fc
 1128 06e7 0E       		.uleb128 0xe
 1129 06e8 C2030000 		.4byte	0x3c2
 1130 06ec 0E       		.uleb128 0xe
 1131 06ed EF000000 		.4byte	0xef
 1132 06f1 0E       		.uleb128 0xe
 1133 06f2 47030000 		.4byte	0x347
 1134 06f6 0E       		.uleb128 0xe
 1135 06f7 8D020000 		.4byte	0x28d
 1136 06fb 00       		.byte	0
 1137 06fc 1D       		.uleb128 0x1d
 1138 06fd 01       		.byte	0x1
ARM GAS  /var/folders/dt/0wfd0knj7gs46m8vwfzktm600000gn/T//cc8XDz8V.s 			page 21


 1139 06fe 61020000 		.4byte	.LASF83
 1140 0702 07       		.byte	0x7
 1141 0703 E5       		.byte	0xe5
 1142 0704 01       		.byte	0x1
 1143 0705 01       		.byte	0x1
 1144 0706 0E       		.uleb128 0xe
 1145 0707 C2030000 		.4byte	0x3c2
 1146 070b 00       		.byte	0
 1147 070c 00       		.byte	0
 1148              		.section	.debug_abbrev,"",%progbits
 1149              	.Ldebug_abbrev0:
 1150 0000 01       		.uleb128 0x1
 1151 0001 11       		.uleb128 0x11
 1152 0002 01       		.byte	0x1
 1153 0003 25       		.uleb128 0x25
 1154 0004 0E       		.uleb128 0xe
 1155 0005 13       		.uleb128 0x13
 1156 0006 0B       		.uleb128 0xb
 1157 0007 03       		.uleb128 0x3
 1158 0008 0E       		.uleb128 0xe
 1159 0009 1B       		.uleb128 0x1b
 1160 000a 0E       		.uleb128 0xe
 1161 000b 55       		.uleb128 0x55
 1162 000c 06       		.uleb128 0x6
 1163 000d 11       		.uleb128 0x11
 1164 000e 01       		.uleb128 0x1
 1165 000f 52       		.uleb128 0x52
 1166 0010 01       		.uleb128 0x1
 1167 0011 10       		.uleb128 0x10
 1168 0012 06       		.uleb128 0x6
 1169 0013 00       		.byte	0
 1170 0014 00       		.byte	0
 1171 0015 02       		.uleb128 0x2
 1172 0016 24       		.uleb128 0x24
 1173 0017 00       		.byte	0
 1174 0018 0B       		.uleb128 0xb
 1175 0019 0B       		.uleb128 0xb
 1176 001a 3E       		.uleb128 0x3e
 1177 001b 0B       		.uleb128 0xb
 1178 001c 03       		.uleb128 0x3
 1179 001d 08       		.uleb128 0x8
 1180 001e 00       		.byte	0
 1181 001f 00       		.byte	0
 1182 0020 03       		.uleb128 0x3
 1183 0021 24       		.uleb128 0x24
 1184 0022 00       		.byte	0
 1185 0023 0B       		.uleb128 0xb
 1186 0024 0B       		.uleb128 0xb
 1187 0025 3E       		.uleb128 0x3e
 1188 0026 0B       		.uleb128 0xb
 1189 0027 03       		.uleb128 0x3
 1190 0028 0E       		.uleb128 0xe
 1191 0029 00       		.byte	0
 1192 002a 00       		.byte	0
 1193 002b 04       		.uleb128 0x4
 1194 002c 16       		.uleb128 0x16
 1195 002d 00       		.byte	0
ARM GAS  /var/folders/dt/0wfd0knj7gs46m8vwfzktm600000gn/T//cc8XDz8V.s 			page 22


 1196 002e 03       		.uleb128 0x3
 1197 002f 0E       		.uleb128 0xe
 1198 0030 3A       		.uleb128 0x3a
 1199 0031 0B       		.uleb128 0xb
 1200 0032 3B       		.uleb128 0x3b
 1201 0033 0B       		.uleb128 0xb
 1202 0034 49       		.uleb128 0x49
 1203 0035 13       		.uleb128 0x13
 1204 0036 00       		.byte	0
 1205 0037 00       		.byte	0
 1206 0038 05       		.uleb128 0x5
 1207 0039 13       		.uleb128 0x13
 1208 003a 01       		.byte	0x1
 1209 003b 03       		.uleb128 0x3
 1210 003c 0E       		.uleb128 0xe
 1211 003d 0B       		.uleb128 0xb
 1212 003e 0B       		.uleb128 0xb
 1213 003f 3A       		.uleb128 0x3a
 1214 0040 0B       		.uleb128 0xb
 1215 0041 3B       		.uleb128 0x3b
 1216 0042 0B       		.uleb128 0xb
 1217 0043 01       		.uleb128 0x1
 1218 0044 13       		.uleb128 0x13
 1219 0045 00       		.byte	0
 1220 0046 00       		.byte	0
 1221 0047 06       		.uleb128 0x6
 1222 0048 0D       		.uleb128 0xd
 1223 0049 00       		.byte	0
 1224 004a 03       		.uleb128 0x3
 1225 004b 0E       		.uleb128 0xe
 1226 004c 3A       		.uleb128 0x3a
 1227 004d 0B       		.uleb128 0xb
 1228 004e 3B       		.uleb128 0x3b
 1229 004f 0B       		.uleb128 0xb
 1230 0050 49       		.uleb128 0x49
 1231 0051 13       		.uleb128 0x13
 1232 0052 38       		.uleb128 0x38
 1233 0053 0A       		.uleb128 0xa
 1234 0054 00       		.byte	0
 1235 0055 00       		.byte	0
 1236 0056 07       		.uleb128 0x7
 1237 0057 0D       		.uleb128 0xd
 1238 0058 00       		.byte	0
 1239 0059 03       		.uleb128 0x3
 1240 005a 08       		.uleb128 0x8
 1241 005b 3A       		.uleb128 0x3a
 1242 005c 0B       		.uleb128 0xb
 1243 005d 3B       		.uleb128 0x3b
 1244 005e 0B       		.uleb128 0xb
 1245 005f 49       		.uleb128 0x49
 1246 0060 13       		.uleb128 0x13
 1247 0061 38       		.uleb128 0x38
 1248 0062 0A       		.uleb128 0xa
 1249 0063 00       		.byte	0
 1250 0064 00       		.byte	0
 1251 0065 08       		.uleb128 0x8
 1252 0066 13       		.uleb128 0x13
ARM GAS  /var/folders/dt/0wfd0knj7gs46m8vwfzktm600000gn/T//cc8XDz8V.s 			page 23


 1253 0067 01       		.byte	0x1
 1254 0068 0B       		.uleb128 0xb
 1255 0069 0B       		.uleb128 0xb
 1256 006a 3A       		.uleb128 0x3a
 1257 006b 0B       		.uleb128 0xb
 1258 006c 3B       		.uleb128 0x3b
 1259 006d 0B       		.uleb128 0xb
 1260 006e 01       		.uleb128 0x1
 1261 006f 13       		.uleb128 0x13
 1262 0070 00       		.byte	0
 1263 0071 00       		.byte	0
 1264 0072 09       		.uleb128 0x9
 1265 0073 0F       		.uleb128 0xf
 1266 0074 00       		.byte	0
 1267 0075 0B       		.uleb128 0xb
 1268 0076 0B       		.uleb128 0xb
 1269 0077 49       		.uleb128 0x49
 1270 0078 13       		.uleb128 0x13
 1271 0079 00       		.byte	0
 1272 007a 00       		.byte	0
 1273 007b 0A       		.uleb128 0xa
 1274 007c 0F       		.uleb128 0xf
 1275 007d 00       		.byte	0
 1276 007e 0B       		.uleb128 0xb
 1277 007f 0B       		.uleb128 0xb
 1278 0080 00       		.byte	0
 1279 0081 00       		.byte	0
 1280 0082 0B       		.uleb128 0xb
 1281 0083 13       		.uleb128 0x13
 1282 0084 01       		.byte	0x1
 1283 0085 03       		.uleb128 0x3
 1284 0086 0E       		.uleb128 0xe
 1285 0087 0B       		.uleb128 0xb
 1286 0088 0B       		.uleb128 0xb
 1287 0089 3A       		.uleb128 0x3a
 1288 008a 0B       		.uleb128 0xb
 1289 008b 3B       		.uleb128 0x3b
 1290 008c 05       		.uleb128 0x5
 1291 008d 01       		.uleb128 0x1
 1292 008e 13       		.uleb128 0x13
 1293 008f 00       		.byte	0
 1294 0090 00       		.byte	0
 1295 0091 0C       		.uleb128 0xc
 1296 0092 0D       		.uleb128 0xd
 1297 0093 00       		.byte	0
 1298 0094 03       		.uleb128 0x3
 1299 0095 08       		.uleb128 0x8
 1300 0096 3A       		.uleb128 0x3a
 1301 0097 0B       		.uleb128 0xb
 1302 0098 3B       		.uleb128 0x3b
 1303 0099 05       		.uleb128 0x5
 1304 009a 49       		.uleb128 0x49
 1305 009b 13       		.uleb128 0x13
 1306 009c 38       		.uleb128 0x38
 1307 009d 0A       		.uleb128 0xa
 1308 009e 00       		.byte	0
 1309 009f 00       		.byte	0
ARM GAS  /var/folders/dt/0wfd0knj7gs46m8vwfzktm600000gn/T//cc8XDz8V.s 			page 24


 1310 00a0 0D       		.uleb128 0xd
 1311 00a1 15       		.uleb128 0x15
 1312 00a2 01       		.byte	0x1
 1313 00a3 27       		.uleb128 0x27
 1314 00a4 0C       		.uleb128 0xc
 1315 00a5 01       		.uleb128 0x1
 1316 00a6 13       		.uleb128 0x13
 1317 00a7 00       		.byte	0
 1318 00a8 00       		.byte	0
 1319 00a9 0E       		.uleb128 0xe
 1320 00aa 05       		.uleb128 0x5
 1321 00ab 00       		.byte	0
 1322 00ac 49       		.uleb128 0x49
 1323 00ad 13       		.uleb128 0x13
 1324 00ae 00       		.byte	0
 1325 00af 00       		.byte	0
 1326 00b0 0F       		.uleb128 0xf
 1327 00b1 35       		.uleb128 0x35
 1328 00b2 00       		.byte	0
 1329 00b3 49       		.uleb128 0x49
 1330 00b4 13       		.uleb128 0x13
 1331 00b5 00       		.byte	0
 1332 00b6 00       		.byte	0
 1333 00b7 10       		.uleb128 0x10
 1334 00b8 17       		.uleb128 0x17
 1335 00b9 01       		.byte	0x1
 1336 00ba 0B       		.uleb128 0xb
 1337 00bb 0B       		.uleb128 0xb
 1338 00bc 3A       		.uleb128 0x3a
 1339 00bd 0B       		.uleb128 0xb
 1340 00be 3B       		.uleb128 0x3b
 1341 00bf 0B       		.uleb128 0xb
 1342 00c0 01       		.uleb128 0x1
 1343 00c1 13       		.uleb128 0x13
 1344 00c2 00       		.byte	0
 1345 00c3 00       		.byte	0
 1346 00c4 11       		.uleb128 0x11
 1347 00c5 0D       		.uleb128 0xd
 1348 00c6 00       		.byte	0
 1349 00c7 03       		.uleb128 0x3
 1350 00c8 0E       		.uleb128 0xe
 1351 00c9 3A       		.uleb128 0x3a
 1352 00ca 0B       		.uleb128 0xb
 1353 00cb 3B       		.uleb128 0x3b
 1354 00cc 0B       		.uleb128 0xb
 1355 00cd 49       		.uleb128 0x49
 1356 00ce 13       		.uleb128 0x13
 1357 00cf 00       		.byte	0
 1358 00d0 00       		.byte	0
 1359 00d1 12       		.uleb128 0x12
 1360 00d2 26       		.uleb128 0x26
 1361 00d3 00       		.byte	0
 1362 00d4 49       		.uleb128 0x49
 1363 00d5 13       		.uleb128 0x13
 1364 00d6 00       		.byte	0
 1365 00d7 00       		.byte	0
 1366 00d8 13       		.uleb128 0x13
ARM GAS  /var/folders/dt/0wfd0knj7gs46m8vwfzktm600000gn/T//cc8XDz8V.s 			page 25


 1367 00d9 2E       		.uleb128 0x2e
 1368 00da 01       		.byte	0x1
 1369 00db 03       		.uleb128 0x3
 1370 00dc 0E       		.uleb128 0xe
 1371 00dd 3A       		.uleb128 0x3a
 1372 00de 0B       		.uleb128 0xb
 1373 00df 3B       		.uleb128 0x3b
 1374 00e0 0B       		.uleb128 0xb
 1375 00e1 27       		.uleb128 0x27
 1376 00e2 0C       		.uleb128 0xc
 1377 00e3 11       		.uleb128 0x11
 1378 00e4 01       		.uleb128 0x1
 1379 00e5 12       		.uleb128 0x12
 1380 00e6 01       		.uleb128 0x1
 1381 00e7 40       		.uleb128 0x40
 1382 00e8 06       		.uleb128 0x6
 1383 00e9 9742     		.uleb128 0x2117
 1384 00eb 0C       		.uleb128 0xc
 1385 00ec 01       		.uleb128 0x1
 1386 00ed 13       		.uleb128 0x13
 1387 00ee 00       		.byte	0
 1388 00ef 00       		.byte	0
 1389 00f0 14       		.uleb128 0x14
 1390 00f1 05       		.uleb128 0x5
 1391 00f2 00       		.byte	0
 1392 00f3 03       		.uleb128 0x3
 1393 00f4 08       		.uleb128 0x8
 1394 00f5 3A       		.uleb128 0x3a
 1395 00f6 0B       		.uleb128 0xb
 1396 00f7 3B       		.uleb128 0x3b
 1397 00f8 0B       		.uleb128 0xb
 1398 00f9 49       		.uleb128 0x49
 1399 00fa 13       		.uleb128 0x13
 1400 00fb 02       		.uleb128 0x2
 1401 00fc 06       		.uleb128 0x6
 1402 00fd 00       		.byte	0
 1403 00fe 00       		.byte	0
 1404 00ff 15       		.uleb128 0x15
 1405 0100 34       		.uleb128 0x34
 1406 0101 00       		.byte	0
 1407 0102 03       		.uleb128 0x3
 1408 0103 08       		.uleb128 0x8
 1409 0104 3A       		.uleb128 0x3a
 1410 0105 0B       		.uleb128 0xb
 1411 0106 3B       		.uleb128 0x3b
 1412 0107 0B       		.uleb128 0xb
 1413 0108 49       		.uleb128 0x49
 1414 0109 13       		.uleb128 0x13
 1415 010a 02       		.uleb128 0x2
 1416 010b 06       		.uleb128 0x6
 1417 010c 00       		.byte	0
 1418 010d 00       		.byte	0
 1419 010e 16       		.uleb128 0x16
 1420 010f 0B       		.uleb128 0xb
 1421 0110 01       		.byte	0x1
 1422 0111 55       		.uleb128 0x55
 1423 0112 06       		.uleb128 0x6
ARM GAS  /var/folders/dt/0wfd0knj7gs46m8vwfzktm600000gn/T//cc8XDz8V.s 			page 26


 1424 0113 01       		.uleb128 0x1
 1425 0114 13       		.uleb128 0x13
 1426 0115 00       		.byte	0
 1427 0116 00       		.byte	0
 1428 0117 17       		.uleb128 0x17
 1429 0118 0B       		.uleb128 0xb
 1430 0119 01       		.byte	0x1
 1431 011a 11       		.uleb128 0x11
 1432 011b 01       		.uleb128 0x1
 1433 011c 12       		.uleb128 0x12
 1434 011d 01       		.uleb128 0x1
 1435 011e 01       		.uleb128 0x1
 1436 011f 13       		.uleb128 0x13
 1437 0120 00       		.byte	0
 1438 0121 00       		.byte	0
 1439 0122 18       		.uleb128 0x18
 1440 0123 898201   		.uleb128 0x4109
 1441 0126 01       		.byte	0x1
 1442 0127 11       		.uleb128 0x11
 1443 0128 01       		.uleb128 0x1
 1444 0129 31       		.uleb128 0x31
 1445 012a 13       		.uleb128 0x13
 1446 012b 01       		.uleb128 0x1
 1447 012c 13       		.uleb128 0x13
 1448 012d 00       		.byte	0
 1449 012e 00       		.byte	0
 1450 012f 19       		.uleb128 0x19
 1451 0130 8A8201   		.uleb128 0x410a
 1452 0133 00       		.byte	0
 1453 0134 02       		.uleb128 0x2
 1454 0135 0A       		.uleb128 0xa
 1455 0136 9142     		.uleb128 0x2111
 1456 0138 0A       		.uleb128 0xa
 1457 0139 00       		.byte	0
 1458 013a 00       		.byte	0
 1459 013b 1A       		.uleb128 0x1a
 1460 013c 898201   		.uleb128 0x4109
 1461 013f 01       		.byte	0x1
 1462 0140 11       		.uleb128 0x11
 1463 0141 01       		.uleb128 0x1
 1464 0142 31       		.uleb128 0x31
 1465 0143 13       		.uleb128 0x13
 1466 0144 00       		.byte	0
 1467 0145 00       		.byte	0
 1468 0146 1B       		.uleb128 0x1b
 1469 0147 2E       		.uleb128 0x2e
 1470 0148 01       		.byte	0x1
 1471 0149 3F       		.uleb128 0x3f
 1472 014a 0C       		.uleb128 0xc
 1473 014b 03       		.uleb128 0x3
 1474 014c 0E       		.uleb128 0xe
 1475 014d 3A       		.uleb128 0x3a
 1476 014e 0B       		.uleb128 0xb
 1477 014f 3B       		.uleb128 0x3b
 1478 0150 0B       		.uleb128 0xb
 1479 0151 27       		.uleb128 0x27
 1480 0152 0C       		.uleb128 0xc
ARM GAS  /var/folders/dt/0wfd0knj7gs46m8vwfzktm600000gn/T//cc8XDz8V.s 			page 27


 1481 0153 11       		.uleb128 0x11
 1482 0154 01       		.uleb128 0x1
 1483 0155 12       		.uleb128 0x12
 1484 0156 01       		.uleb128 0x1
 1485 0157 40       		.uleb128 0x40
 1486 0158 06       		.uleb128 0x6
 1487 0159 9742     		.uleb128 0x2117
 1488 015b 0C       		.uleb128 0xc
 1489 015c 01       		.uleb128 0x1
 1490 015d 13       		.uleb128 0x13
 1491 015e 00       		.byte	0
 1492 015f 00       		.byte	0
 1493 0160 1C       		.uleb128 0x1c
 1494 0161 2E       		.uleb128 0x2e
 1495 0162 01       		.byte	0x1
 1496 0163 3F       		.uleb128 0x3f
 1497 0164 0C       		.uleb128 0xc
 1498 0165 03       		.uleb128 0x3
 1499 0166 0E       		.uleb128 0xe
 1500 0167 3A       		.uleb128 0x3a
 1501 0168 0B       		.uleb128 0xb
 1502 0169 3B       		.uleb128 0x3b
 1503 016a 0B       		.uleb128 0xb
 1504 016b 27       		.uleb128 0x27
 1505 016c 0C       		.uleb128 0xc
 1506 016d 3C       		.uleb128 0x3c
 1507 016e 0C       		.uleb128 0xc
 1508 016f 01       		.uleb128 0x1
 1509 0170 13       		.uleb128 0x13
 1510 0171 00       		.byte	0
 1511 0172 00       		.byte	0
 1512 0173 1D       		.uleb128 0x1d
 1513 0174 2E       		.uleb128 0x2e
 1514 0175 01       		.byte	0x1
 1515 0176 3F       		.uleb128 0x3f
 1516 0177 0C       		.uleb128 0xc
 1517 0178 03       		.uleb128 0x3
 1518 0179 0E       		.uleb128 0xe
 1519 017a 3A       		.uleb128 0x3a
 1520 017b 0B       		.uleb128 0xb
 1521 017c 3B       		.uleb128 0x3b
 1522 017d 0B       		.uleb128 0xb
 1523 017e 27       		.uleb128 0x27
 1524 017f 0C       		.uleb128 0xc
 1525 0180 3C       		.uleb128 0x3c
 1526 0181 0C       		.uleb128 0xc
 1527 0182 00       		.byte	0
 1528 0183 00       		.byte	0
 1529 0184 00       		.byte	0
 1530              		.section	.debug_loc,"",%progbits
 1531              	.Ldebug_loc0:
 1532              	.LLST0:
 1533 0000 00000000 		.4byte	.LFB7
 1534 0004 02000000 		.4byte	.LCFI0
 1535 0008 0200     		.2byte	0x2
 1536 000a 7D       		.byte	0x7d
 1537 000b 00       		.sleb128 0
ARM GAS  /var/folders/dt/0wfd0knj7gs46m8vwfzktm600000gn/T//cc8XDz8V.s 			page 28


 1538 000c 02000000 		.4byte	.LCFI0
 1539 0010 2E000000 		.4byte	.LFE7
 1540 0014 0200     		.2byte	0x2
 1541 0016 7D       		.byte	0x7d
 1542 0017 08       		.sleb128 8
 1543 0018 00000000 		.4byte	0
 1544 001c 00000000 		.4byte	0
 1545              	.LLST1:
 1546 0020 00000000 		.4byte	.LVL0
 1547 0024 10000000 		.4byte	.LVL4
 1548 0028 0100     		.2byte	0x1
 1549 002a 50       		.byte	0x50
 1550 002b 10000000 		.4byte	.LVL4
 1551 002f 2E000000 		.4byte	.LFE7
 1552 0033 0100     		.2byte	0x1
 1553 0035 54       		.byte	0x54
 1554 0036 00000000 		.4byte	0
 1555 003a 00000000 		.4byte	0
 1556              	.LLST2:
 1557 003e 06000000 		.4byte	.LVL2
 1558 0042 10000000 		.4byte	.LVL4
 1559 0046 0100     		.2byte	0x1
 1560 0048 50       		.byte	0x50
 1561 0049 10000000 		.4byte	.LVL4
 1562 004d 2E000000 		.4byte	.LFE7
 1563 0051 0100     		.2byte	0x1
 1564 0053 54       		.byte	0x54
 1565 0054 00000000 		.4byte	0
 1566 0058 00000000 		.4byte	0
 1567              	.LLST3:
 1568 005c 0A000000 		.4byte	.LVL3
 1569 0060 13000000 		.4byte	.LVL5-1
 1570 0064 0100     		.2byte	0x1
 1571 0066 53       		.byte	0x53
 1572 0067 00000000 		.4byte	0
 1573 006b 00000000 		.4byte	0
 1574              	.LLST4:
 1575 006f 2C000000 		.4byte	.LVL8
 1576 0073 2E000000 		.4byte	.LFE7
 1577 0077 0100     		.2byte	0x1
 1578 0079 53       		.byte	0x53
 1579 007a 00000000 		.4byte	0
 1580 007e 00000000 		.4byte	0
 1581              	.LLST5:
 1582 0082 00000000 		.4byte	.LFB8
 1583 0086 02000000 		.4byte	.LCFI1
 1584 008a 0200     		.2byte	0x2
 1585 008c 7D       		.byte	0x7d
 1586 008d 00       		.sleb128 0
 1587 008e 02000000 		.4byte	.LCFI1
 1588 0092 28000000 		.4byte	.LFE8
 1589 0096 0200     		.2byte	0x2
 1590 0098 7D       		.byte	0x7d
 1591 0099 08       		.sleb128 8
 1592 009a 00000000 		.4byte	0
 1593 009e 00000000 		.4byte	0
 1594              	.LLST6:
ARM GAS  /var/folders/dt/0wfd0knj7gs46m8vwfzktm600000gn/T//cc8XDz8V.s 			page 29


 1595 00a2 00000000 		.4byte	.LVL9
 1596 00a6 0E000000 		.4byte	.LVL13
 1597 00aa 0100     		.2byte	0x1
 1598 00ac 50       		.byte	0x50
 1599 00ad 0E000000 		.4byte	.LVL13
 1600 00b1 16000000 		.4byte	.LVL16
 1601 00b5 0100     		.2byte	0x1
 1602 00b7 54       		.byte	0x54
 1603 00b8 16000000 		.4byte	.LVL16
 1604 00bc 1F000000 		.4byte	.LVL17-1
 1605 00c0 0100     		.2byte	0x1
 1606 00c2 50       		.byte	0x50
 1607 00c3 1F000000 		.4byte	.LVL17-1
 1608 00c7 28000000 		.4byte	.LFE8
 1609 00cb 0100     		.2byte	0x1
 1610 00cd 54       		.byte	0x54
 1611 00ce 00000000 		.4byte	0
 1612 00d2 00000000 		.4byte	0
 1613              	.LLST7:
 1614 00d6 0A000000 		.4byte	.LVL11
 1615 00da 0C000000 		.4byte	.LVL12
 1616 00de 0100     		.2byte	0x1
 1617 00e0 53       		.byte	0x53
 1618 00e1 00000000 		.4byte	0
 1619 00e5 00000000 		.4byte	0
 1620              	.LLST8:
 1621 00e9 14000000 		.4byte	.LVL15
 1622 00ed 16000000 		.4byte	.LVL16
 1623 00f1 0100     		.2byte	0x1
 1624 00f3 53       		.byte	0x53
 1625 00f4 00000000 		.4byte	0
 1626 00f8 00000000 		.4byte	0
 1627              	.LLST9:
 1628 00fc 00000000 		.4byte	.LFB9
 1629 0100 02000000 		.4byte	.LCFI2
 1630 0104 0200     		.2byte	0x2
 1631 0106 7D       		.byte	0x7d
 1632 0107 00       		.sleb128 0
 1633 0108 02000000 		.4byte	.LCFI2
 1634 010c 18000000 		.4byte	.LFE9
 1635 0110 0200     		.2byte	0x2
 1636 0112 7D       		.byte	0x7d
 1637 0113 08       		.sleb128 8
 1638 0114 00000000 		.4byte	0
 1639 0118 00000000 		.4byte	0
 1640              	.LLST10:
 1641 011c 00000000 		.4byte	.LVL18
 1642 0120 0F000000 		.4byte	.LVL22-1
 1643 0124 0100     		.2byte	0x1
 1644 0126 50       		.byte	0x50
 1645 0127 0F000000 		.4byte	.LVL22-1
 1646 012b 18000000 		.4byte	.LFE9
 1647 012f 0400     		.2byte	0x4
 1648 0131 F3       		.byte	0xf3
 1649 0132 01       		.uleb128 0x1
 1650 0133 50       		.byte	0x50
 1651 0134 9F       		.byte	0x9f
ARM GAS  /var/folders/dt/0wfd0knj7gs46m8vwfzktm600000gn/T//cc8XDz8V.s 			page 30


 1652 0135 00000000 		.4byte	0
 1653 0139 00000000 		.4byte	0
 1654              	.LLST11:
 1655 013d 08000000 		.4byte	.LVL20
 1656 0141 0A000000 		.4byte	.LVL21
 1657 0145 0100     		.2byte	0x1
 1658 0147 53       		.byte	0x53
 1659 0148 00000000 		.4byte	0
 1660 014c 00000000 		.4byte	0
 1661              	.LLST12:
 1662 0150 16000000 		.4byte	.LVL24
 1663 0154 18000000 		.4byte	.LFE9
 1664 0158 0100     		.2byte	0x1
 1665 015a 53       		.byte	0x53
 1666 015b 00000000 		.4byte	0
 1667 015f 00000000 		.4byte	0
 1668              		.section	.debug_aranges,"",%progbits
 1669 0000 2C000000 		.4byte	0x2c
 1670 0004 0200     		.2byte	0x2
 1671 0006 00000000 		.4byte	.Ldebug_info0
 1672 000a 04       		.byte	0x4
 1673 000b 00       		.byte	0
 1674 000c 0000     		.2byte	0
 1675 000e 0000     		.2byte	0
 1676 0010 00000000 		.4byte	.LFB7
 1677 0014 2E000000 		.4byte	.LFE7-.LFB7
 1678 0018 00000000 		.4byte	.LFB8
 1679 001c 28000000 		.4byte	.LFE8-.LFB8
 1680 0020 00000000 		.4byte	.LFB9
 1681 0024 18000000 		.4byte	.LFE9-.LFB9
 1682 0028 00000000 		.4byte	0
 1683 002c 00000000 		.4byte	0
 1684              		.section	.debug_ranges,"",%progbits
 1685              	.Ldebug_ranges0:
 1686 0000 02000000 		.4byte	.LBB2
 1687 0004 04000000 		.4byte	.LBE2
 1688 0008 06000000 		.4byte	.LBB3
 1689 000c 0A000000 		.4byte	.LBE3
 1690 0010 00000000 		.4byte	0
 1691 0014 00000000 		.4byte	0
 1692 0018 02000000 		.4byte	.LBB5
 1693 001c 04000000 		.4byte	.LBE5
 1694 0020 06000000 		.4byte	.LBB6
 1695 0024 0A000000 		.4byte	.LBE6
 1696 0028 00000000 		.4byte	0
 1697 002c 00000000 		.4byte	0
 1698 0030 00000000 		.4byte	.LFB7
 1699 0034 2E000000 		.4byte	.LFE7
 1700 0038 00000000 		.4byte	.LFB8
 1701 003c 28000000 		.4byte	.LFE8
 1702 0040 00000000 		.4byte	.LFB9
 1703 0044 18000000 		.4byte	.LFE9
 1704 0048 00000000 		.4byte	0
 1705 004c 00000000 		.4byte	0
 1706              		.section	.debug_line,"",%progbits
 1707              	.Ldebug_line0:
 1708 0000 96010000 		.section	.debug_str,"MS",%progbits,1
ARM GAS  /var/folders/dt/0wfd0knj7gs46m8vwfzktm600000gn/T//cc8XDz8V.s 			page 31


 1708      02004B01 
 1708      00000201 
 1708      FB0E0D00 
 1708      01010101 
 1709              	.LASF73:
 1710 0000 65745F69 		.ascii	"et_interval\000"
 1710      6E746572 
 1710      76616C00 
 1711              	.LASF37:
 1712 000c 705F6D73 		.ascii	"p_msg\000"
 1712      6700
 1713              	.LASF66:
 1714 0012 7264796D 		.ascii	"rdymsg\000"
 1714      736700
 1715              	.LASF11:
 1716 0019 6C6F6E67 		.ascii	"long long unsigned int\000"
 1716      206C6F6E 
 1716      6720756E 
 1716      7369676E 
 1716      65642069 
 1717              	.LASF67:
 1718 0030 65786974 		.ascii	"exitcode\000"
 1718      636F6465 
 1718      00
 1719              	.LASF75:
 1720 0039 65767453 		.ascii	"evtStart\000"
 1720      74617274 
 1720      00
 1721              	.LASF25:
 1722 0042 705F7072 		.ascii	"p_prio\000"
 1722      696F00
 1723              	.LASF10:
 1724 0049 6C6F6E67 		.ascii	"long long int\000"
 1724      206C6F6E 
 1724      6720696E 
 1724      7400
 1725              	.LASF1:
 1726 0057 7369676E 		.ascii	"signed char\000"
 1726      65642063 
 1726      68617200 
 1727              	.LASF74:
 1728 0063 45765469 		.ascii	"EvTimer\000"
 1728      6D657200 
 1729              	.LASF41:
 1730 006b 705F6D70 		.ascii	"p_mpool\000"
 1730      6F6F6C00 
 1731              	.LASF56:
 1732 0073 6D5F7175 		.ascii	"m_queue\000"
 1732      65756500 
 1733              	.LASF16:
 1734 007b 74736C69 		.ascii	"tslices_t\000"
 1734      6365735F 
 1734      7400
 1735              	.LASF7:
 1736 0085 6C6F6E67 		.ascii	"long int\000"
 1736      20696E74 
 1736      00
ARM GAS  /var/folders/dt/0wfd0knj7gs46m8vwfzktm600000gn/T//cc8XDz8V.s 			page 32


 1737              	.LASF81:
 1738 008e 2F557365 		.ascii	"/Users/toxygen/dev/chibi/ChibiOS_2.6.1/demos/ARMCM3"
 1738      72732F74 
 1738      6F787967 
 1738      656E2F64 
 1738      65762F63 
 1739 00c1 2D53544D 		.ascii	"-STM32F107\000"
 1739      33324631 
 1739      303700
 1740              	.LASF14:
 1741 00cc 74737461 		.ascii	"tstate_t\000"
 1741      74655F74 
 1741      00
 1742              	.LASF77:
 1743 00d5 63684576 		.ascii	"chEvtBroadcastFlagsI\000"
 1743      7442726F 
 1743      61646361 
 1743      7374466C 
 1743      61677349 
 1744              	.LASF27:
 1745 00ea 705F6E65 		.ascii	"p_newer\000"
 1745      77657200 
 1746              	.LASF44:
 1747 00f2 72656761 		.ascii	"regarm_t\000"
 1747      726D5F74 
 1747      00
 1748              	.LASF51:
 1749 00fb 76745F70 		.ascii	"vt_prev\000"
 1749      72657600 
 1750              	.LASF64:
 1751 0103 4576656E 		.ascii	"EventSource\000"
 1751      74536F75 
 1751      72636500 
 1752              	.LASF0:
 1753 010f 756E7369 		.ascii	"unsigned int\000"
 1753      676E6564 
 1753      20696E74 
 1753      00
 1754              	.LASF50:
 1755 011c 76745F6E 		.ascii	"vt_next\000"
 1755      65787400 
 1756              	.LASF9:
 1757 0124 6C6F6E67 		.ascii	"long unsigned int\000"
 1757      20756E73 
 1757      69676E65 
 1757      6420696E 
 1757      7400
 1758              	.LASF46:
 1759 0136 636F6E74 		.ascii	"context\000"
 1759      65787400 
 1760              	.LASF4:
 1761 013e 73686F72 		.ascii	"short unsigned int\000"
 1761      7420756E 
 1761      7369676E 
 1761      65642069 
 1761      6E7400
 1762              	.LASF18:
ARM GAS  /var/folders/dt/0wfd0knj7gs46m8vwfzktm600000gn/T//cc8XDz8V.s 			page 33


 1763 0151 6D73675F 		.ascii	"msg_t\000"
 1763      7400
 1764              	.LASF60:
 1765 0157 656C5F6E 		.ascii	"el_next\000"
 1765      65787400 
 1766              	.LASF13:
 1767 015f 746D6F64 		.ascii	"tmode_t\000"
 1767      655F7400 
 1768              	.LASF43:
 1769 0167 54687265 		.ascii	"ThreadsList\000"
 1769      6164734C 
 1769      69737400 
 1770              	.LASF19:
 1771 0173 6576656E 		.ascii	"eventmask_t\000"
 1771      746D6173 
 1771      6B5F7400 
 1772              	.LASF55:
 1773 017f 4D757465 		.ascii	"Mutex\000"
 1773      7800
 1774              	.LASF52:
 1775 0185 76745F74 		.ascii	"vt_time\000"
 1775      696D6500 
 1776              	.LASF72:
 1777 018d 65745F65 		.ascii	"et_es\000"
 1777      7300
 1778              	.LASF47:
 1779 0193 73697A65 		.ascii	"sizetype\000"
 1779      74797065 
 1779      00
 1780              	.LASF53:
 1781 019c 76745F66 		.ascii	"vt_func\000"
 1781      756E6300 
 1782              	.LASF78:
 1783 01a4 63685654 		.ascii	"chVTSetI\000"
 1783      53657449 
 1783      00
 1784              	.LASF28:
 1785 01ad 705F6F6C 		.ascii	"p_older\000"
 1785      64657200 
 1786              	.LASF42:
 1787 01b5 54687265 		.ascii	"ThreadsQueue\000"
 1787      61647351 
 1787      75657565 
 1787      00
 1788              	.LASF79:
 1789 01c2 474E5520 		.ascii	"GNU C 4.7.2\000"
 1789      4320342E 
 1789      372E3200 
 1790              	.LASF62:
 1791 01ce 656C5F6D 		.ascii	"el_mask\000"
 1791      61736B00 
 1792              	.LASF15:
 1793 01d6 74726566 		.ascii	"trefs_t\000"
 1793      735F7400 
 1794              	.LASF24:
 1795 01de 705F7072 		.ascii	"p_prev\000"
 1795      657600
ARM GAS  /var/folders/dt/0wfd0knj7gs46m8vwfzktm600000gn/T//cc8XDz8V.s 			page 34


 1796              	.LASF17:
 1797 01e5 74707269 		.ascii	"tprio_t\000"
 1797      6F5F7400 
 1798              	.LASF12:
 1799 01ed 5F426F6F 		.ascii	"_Bool\000"
 1799      6C00
 1800              	.LASF6:
 1801 01f3 696E7433 		.ascii	"int32_t\000"
 1801      325F7400 
 1802              	.LASF2:
 1803 01fb 756E7369 		.ascii	"unsigned char\000"
 1803      676E6564 
 1803      20636861 
 1803      7200
 1804              	.LASF61:
 1805 0209 656C5F6C 		.ascii	"el_listener\000"
 1805      69737465 
 1805      6E657200 
 1806              	.LASF63:
 1807 0215 656C5F66 		.ascii	"el_flags\000"
 1807      6C616773 
 1807      00
 1808              	.LASF39:
 1809 021e 705F6D74 		.ascii	"p_mtxlist\000"
 1809      786C6973 
 1809      7400
 1810              	.LASF3:
 1811 0228 73686F72 		.ascii	"short int\000"
 1811      7420696E 
 1811      7400
 1812              	.LASF30:
 1813 0232 705F7374 		.ascii	"p_state\000"
 1813      61746500 
 1814              	.LASF33:
 1815 023a 705F7072 		.ascii	"p_preempt\000"
 1815      65656D70 
 1815      7400
 1816              	.LASF69:
 1817 0244 65776D61 		.ascii	"ewmask\000"
 1817      736B00
 1818              	.LASF23:
 1819 024b 705F6E65 		.ascii	"p_next\000"
 1819      787400
 1820              	.LASF31:
 1821 0252 705F666C 		.ascii	"p_flags\000"
 1821      61677300 
 1822              	.LASF22:
 1823 025a 54687265 		.ascii	"Thread\000"
 1823      616400
 1824              	.LASF83:
 1825 0261 63685654 		.ascii	"chVTResetI\000"
 1825      52657365 
 1825      744900
 1826              	.LASF38:
 1827 026c 705F6570 		.ascii	"p_epending\000"
 1827      656E6469 
 1827      6E6700
ARM GAS  /var/folders/dt/0wfd0knj7gs46m8vwfzktm600000gn/T//cc8XDz8V.s 			page 35


 1828              	.LASF8:
 1829 0277 75696E74 		.ascii	"uint32_t\000"
 1829      33325F74 
 1829      00
 1830              	.LASF49:
 1831 0280 56697274 		.ascii	"VirtualTimer\000"
 1831      75616C54 
 1831      696D6572 
 1831      00
 1832              	.LASF70:
 1833 028d 63686172 		.ascii	"char\000"
 1833      00
 1834              	.LASF82:
 1835 0292 746D7263 		.ascii	"tmrcb\000"
 1835      6200
 1836              	.LASF58:
 1837 0298 6D5F6E65 		.ascii	"m_next\000"
 1837      787400
 1838              	.LASF21:
 1839 029f 73797374 		.ascii	"systime_t\000"
 1839      696D655F 
 1839      7400
 1840              	.LASF40:
 1841 02a9 705F7265 		.ascii	"p_realprio\000"
 1841      616C7072 
 1841      696F00
 1842              	.LASF48:
 1843 02b4 76746675 		.ascii	"vtfunc_t\000"
 1843      6E635F74 
 1843      00
 1844              	.LASF76:
 1845 02bd 65767453 		.ascii	"evtStop\000"
 1845      746F7000 
 1846              	.LASF34:
 1847 02c5 705F7469 		.ascii	"p_time\000"
 1847      6D6500
 1848              	.LASF45:
 1849 02cc 696E7463 		.ascii	"intctx\000"
 1849      747800
 1850              	.LASF36:
 1851 02d3 705F6D73 		.ascii	"p_msgqueue\000"
 1851      67717565 
 1851      756500
 1852              	.LASF54:
 1853 02de 76745F70 		.ascii	"vt_par\000"
 1853      617200
 1854              	.LASF20:
 1855 02e5 666C6167 		.ascii	"flagsmask_t\000"
 1855      736D6173 
 1855      6B5F7400 
 1856              	.LASF32:
 1857 02f1 705F7265 		.ascii	"p_refs\000"
 1857      667300
 1858              	.LASF5:
 1859 02f8 75696E74 		.ascii	"uint8_t\000"
 1859      385F7400 
 1860              	.LASF59:
ARM GAS  /var/folders/dt/0wfd0knj7gs46m8vwfzktm600000gn/T//cc8XDz8V.s 			page 36


 1861 0300 4576656E 		.ascii	"EventListener\000"
 1861      744C6973 
 1861      74656E65 
 1861      7200
 1862              	.LASF68:
 1863 030e 77746F62 		.ascii	"wtobjp\000"
 1863      6A7000
 1864              	.LASF29:
 1865 0315 705F6E61 		.ascii	"p_name\000"
 1865      6D6500
 1866              	.LASF65:
 1867 031c 65735F6E 		.ascii	"es_next\000"
 1867      65787400 
 1868              	.LASF71:
 1869 0324 65745F76 		.ascii	"et_vt\000"
 1869      7400
 1870              	.LASF57:
 1871 032a 6D5F6F77 		.ascii	"m_owner\000"
 1871      6E657200 
 1872              	.LASF26:
 1873 0332 705F6374 		.ascii	"p_ctx\000"
 1873      7800
 1874              	.LASF35:
 1875 0338 705F7761 		.ascii	"p_waiting\000"
 1875      6974696E 
 1875      6700
 1876              	.LASF80:
 1877 0342 2E2E2F2E 		.ascii	"../../os/various/evtimer.c\000"
 1877      2E2F6F73 
 1877      2F766172 
 1877      696F7573 
 1877      2F657674 
 1878              		.ident	"GCC: (GNU) 4.7.2"
ARM GAS  /var/folders/dt/0wfd0knj7gs46m8vwfzktm600000gn/T//cc8XDz8V.s 			page 37


DEFINED SYMBOLS
                            *ABS*:0000000000000000 evtimer.c
/var/folders/dt/0wfd0knj7gs46m8vwfzktm600000gn/T//cc8XDz8V.s:19     .text.tmrcb:0000000000000000 $t
/var/folders/dt/0wfd0knj7gs46m8vwfzktm600000gn/T//cc8XDz8V.s:24     .text.tmrcb:0000000000000000 tmrcb
/var/folders/dt/0wfd0knj7gs46m8vwfzktm600000gn/T//cc8XDz8V.s:82     .text.evtStart:0000000000000000 $t
/var/folders/dt/0wfd0knj7gs46m8vwfzktm600000gn/T//cc8XDz8V.s:88     .text.evtStart:0000000000000000 evtStart
/var/folders/dt/0wfd0knj7gs46m8vwfzktm600000gn/T//cc8XDz8V.s:144    .text.evtStart:0000000000000024 $d
/var/folders/dt/0wfd0knj7gs46m8vwfzktm600000gn/T//cc8XDz8V.s:149    .text.evtStop:0000000000000000 $t
/var/folders/dt/0wfd0knj7gs46m8vwfzktm600000gn/T//cc8XDz8V.s:155    .text.evtStop:0000000000000000 evtStop
                     .debug_frame:0000000000000010 $d
/var/folders/dt/0wfd0knj7gs46m8vwfzktm600000gn/T//cc8XDz8V.s:148    .text.evtStart:0000000000000028 $t

UNDEFINED SYMBOLS
chEvtBroadcastFlagsI
chVTSetI
chVTResetI
