ARM GAS  /var/folders/dt/0wfd0knj7gs46m8vwfzktm600000gn/T//ccIG5x2Q.s 			page 1


   1              		.syntax unified
   2              		.cpu cortex-m3
   3              		.fpu softvfp
   4              		.eabi_attribute 20, 1
   5              		.eabi_attribute 21, 1
   6              		.eabi_attribute 23, 3
   7              		.eabi_attribute 24, 1
   8              		.eabi_attribute 25, 1
   9              		.eabi_attribute 26, 1
  10              		.eabi_attribute 30, 2
  11              		.eabi_attribute 34, 1
  12              		.eabi_attribute 18, 4
  13              		.thumb
  14              		.file	"hal_lld.c"
  15              		.text
  16              	.Ltext0:
  17              		.cfi_sections	.debug_frame
  18              		.section	.text.hal_lld_init,"ax",%progbits
  19              		.align	2
  20              		.p2align 4,,15
  21              		.global	hal_lld_init
  22              		.thumb
  23              		.thumb_func
  24              		.type	hal_lld_init, %function
  25              	hal_lld_init:
  26              	.LFB64:
  27              		.file 1 "../../os/hal/platforms/STM32F1xx/hal_lld.c"
  28              		.loc 1 99 0
  29              		.cfi_startproc
  30              		@ args = 0, pretend = 0, frame = 0
  31              		@ frame_needed = 0, uses_anonymous_args = 0
  32              		@ link register save eliminated.
  33              		.loc 1 102 0
  34 0000 4FF48053 		mov	r3, #4096
  35              		.loc 1 99 0
  36 0004 70B4     		push	{r4, r5, r6}
  37              	.LCFI0:
  38              		.cfi_def_cfa_offset 12
  39              		.cfi_offset 4, -12
  40              		.cfi_offset 5, -8
  41              		.cfi_offset 6, -4
  42              		.loc 1 102 0
  43 0006 C4F20203 		movt	r3, 16386
  44 000a 0021     		movs	r1, #0
  45 000c 4FF0FF35 		mov	r5, #-1
  46              		.loc 1 106 0
  47 0010 4EF21002 		movw	r2, #57360
  48 0014 41F63F14 		movw	r4, #6463
  49              		.loc 1 102 0
  50 0018 1869     		ldr	r0, [r3, #16]
  51              		.loc 1 106 0
  52 001a CEF20002 		movt	r2, 57344
  53              		.loc 1 102 0
  54 001e 1D61     		str	r5, [r3, #16]
  55              		.loc 1 106 0
  56 0020 C0F20104 		movt	r4, 1
  57              		.loc 1 102 0
ARM GAS  /var/folders/dt/0wfd0knj7gs46m8vwfzktm600000gn/T//ccIG5x2Q.s 			page 2


  58 0024 1961     		str	r1, [r3, #16]
  59              		.loc 1 103 0
  60 0026 DE68     		ldr	r6, [r3, #12]
  61              		.loc 1 113 0
  62 0028 4EF6F050 		movw	r0, #60912
  63              		.loc 1 103 0
  64 002c DD60     		str	r5, [r3, #12]
  65 002e D960     		str	r1, [r3, #12]
  66              		.loc 1 106 0
  67 0030 5460     		str	r4, [r2, #4]
  68              		.loc 1 107 0
  69 0032 9160     		str	r1, [r2, #8]
  70              		.loc 1 108 0
  71 0034 0721     		movs	r1, #7
  72 0036 1160     		str	r1, [r2, #0]
  73              		.loc 1 113 0
  74 0038 CEF20000 		movt	r0, 57344
  75 003c C268     		ldr	r2, [r0, #12]
  76              		.loc 1 114 0
  77 003e 4FF48051 		mov	r1, #4096
  78              		.loc 1 113 0
  79 0042 42F08072 		orr	r2, r2, #16777216
  80 0046 C260     		str	r2, [r0, #12]
  81              		.loc 1 114 0
  82 0048 CEF20001 		movt	r1, 57344
  83 004c 0868     		ldr	r0, [r1, #0]
  84              	.LBB4:
  85              	.LBB5:
  86              		.loc 1 52 0
  87 004e 4FF4E042 		mov	r2, #28672
  88              	.LBE5:
  89              	.LBE4:
  90              		.loc 1 114 0
  91 0052 40F00100 		orr	r0, r0, #1
  92 0056 0860     		str	r0, [r1, #0]
  93              		.loc 1 117 0
  94 0058 D969     		ldr	r1, [r3, #28]
  95              	.LBB8:
  96              	.LBB6:
  97              		.loc 1 52 0
  98 005a C4F20002 		movt	r2, 16384
  99              	.LBE6:
 100              	.LBE8:
 101              		.loc 1 117 0
 102 005e 41F08051 		orr	r1, r1, #268435456
 103 0062 D961     		str	r1, [r3, #28]
 104              		.loc 1 118 0
 105 0064 D969     		ldr	r1, [r3, #28]
 106 0066 41F00061 		orr	r1, r1, #134217728
 107 006a D961     		str	r1, [r3, #28]
 108              	.LBB9:
 109              	.LBB7:
 110              		.loc 1 52 0
 111 006c 1368     		ldr	r3, [r2, #0]
 112 006e 43F48073 		orr	r3, r3, #256
 113 0072 1360     		str	r3, [r2, #0]
 114              	.LBE7:
ARM GAS  /var/folders/dt/0wfd0knj7gs46m8vwfzktm600000gn/T//ccIG5x2Q.s 			page 3


 115              	.LBE9:
 116              		.loc 1 131 0
 117 0074 70BC     		pop	{r4, r5, r6}
 118 0076 7047     		bx	lr
 119              		.cfi_endproc
 120              	.LFE64:
 121              		.size	hal_lld_init, .-hal_lld_init
 122 0078 AFF30080 		.section	.text.stm32_clock_init,"ax",%progbits
 122      AFF30080 
 123              		.align	2
 124              		.p2align 4,,15
 125              		.global	stm32_clock_init
 126              		.thumb
 127              		.thumb_func
 128              		.type	stm32_clock_init, %function
 129              	stm32_clock_init:
 130              	.LFB65:
 131              		.loc 1 218 0
 132              		.cfi_startproc
 133              		@ args = 0, pretend = 0, frame = 0
 134              		@ frame_needed = 0, uses_anonymous_args = 0
 135              		@ link register save eliminated.
 136              		.loc 1 222 0
 137 0000 4FF48053 		mov	r3, #4096
 138 0004 C4F20203 		movt	r3, 16386
 139 0008 1A68     		ldr	r2, [r3, #0]
 140              		.loc 1 223 0
 141 000a 1946     		mov	r1, r3
 142              		.loc 1 222 0
 143 000c 42F00102 		orr	r2, r2, #1
 144 0010 1A60     		str	r2, [r3, #0]
 145              	.L3:
 146              		.loc 1 223 0 discriminator 1
 147 0012 0A68     		ldr	r2, [r1, #0]
 148 0014 4FF48053 		mov	r3, #4096
 149 0018 9207     		lsls	r2, r2, #30
 150 001a C4F20203 		movt	r3, 16386
 151 001e F8D5     		bpl	.L3
 152              		.loc 1 225 0
 153 0020 0022     		movs	r2, #0
 154 0022 5A60     		str	r2, [r3, #4]
 155              		.loc 1 226 0
 156 0024 1A68     		ldr	r2, [r3, #0]
 157              		.loc 1 227 0
 158 0026 1946     		mov	r1, r3
 159              		.loc 1 226 0
 160 0028 02F0F902 		and	r2, r2, #249
 161 002c 1A60     		str	r2, [r3, #0]
 162              	.L4:
 163              		.loc 1 227 0 discriminator 1
 164 002e 4A68     		ldr	r2, [r1, #4]
 165 0030 4FF48053 		mov	r3, #4096
 166 0034 12F00C0F 		tst	r2, #12
 167 0038 C4F20203 		movt	r3, 16386
 168 003c F7D1     		bne	.L4
 169              		.loc 1 236 0
 170 003e 1A68     		ldr	r2, [r3, #0]
ARM GAS  /var/folders/dt/0wfd0knj7gs46m8vwfzktm600000gn/T//ccIG5x2Q.s 			page 4


 171              		.loc 1 237 0
 172 0040 1946     		mov	r1, r3
 173              		.loc 1 236 0
 174 0042 42F48032 		orr	r2, r2, #65536
 175 0046 1A60     		str	r2, [r3, #0]
 176              	.L5:
 177              		.loc 1 237 0 discriminator 1
 178 0048 0A68     		ldr	r2, [r1, #0]
 179 004a 4FF48053 		mov	r3, #4096
 180 004e 9003     		lsls	r0, r2, #14
 181 0050 C4F20203 		movt	r3, 16386
 182 0054 F8D5     		bpl	.L5
 183              		.loc 1 249 0
 184 0056 48F24462 		movw	r2, #34372
 185 005a C0F20102 		movt	r2, 1
 186 005e DA62     		str	r2, [r3, #44]
 187              		.loc 1 254 0
 188 0060 1A68     		ldr	r2, [r3, #0]
 189              		.loc 1 255 0
 190 0062 1946     		mov	r1, r3
 191              		.loc 1 254 0
 192 0064 42F08062 		orr	r2, r2, #67108864
 193 0068 1A60     		str	r2, [r3, #0]
 194              	.L6:
 195              		.loc 1 255 0 discriminator 1
 196 006a 0A68     		ldr	r2, [r1, #0]
 197 006c 4FF48053 		mov	r3, #4096
 198 0070 1201     		lsls	r2, r2, #4
 199 0072 C4F20203 		movt	r3, 16386
 200 0076 F8D5     		bpl	.L6
 201              		.loc 1 261 0
 202 0078 1A68     		ldr	r2, [r3, #0]
 203              		.loc 1 262 0
 204 007a 1946     		mov	r1, r3
 205              		.loc 1 261 0
 206 007c 42F08052 		orr	r2, r2, #268435456
 207 0080 1A60     		str	r2, [r3, #0]
 208              	.L7:
 209              		.loc 1 262 0 discriminator 1
 210 0082 0A68     		ldr	r2, [r1, #0]
 211 0084 4FF48053 		mov	r3, #4096
 212 0088 9000     		lsls	r0, r2, #2
 213 008a C4F20203 		movt	r3, 16386
 214 008e F8D5     		bpl	.L7
 215              		.loc 1 268 0
 216 0090 5A68     		ldr	r2, [r3, #4]
 217              		.loc 1 270 0
 218 0092 1946     		mov	r1, r3
 219              		.loc 1 268 0
 220 0094 42F4E812 		orr	r2, r2, #1900544
 221 0098 5A60     		str	r2, [r3, #4]
 222              		.loc 1 269 0
 223 009a 1A68     		ldr	r2, [r3, #0]
 224 009c 42F08072 		orr	r2, r2, #16777216
 225 00a0 1A60     		str	r2, [r3, #0]
 226              	.L8:
 227              		.loc 1 270 0 discriminator 1
ARM GAS  /var/folders/dt/0wfd0knj7gs46m8vwfzktm600000gn/T//ccIG5x2Q.s 			page 5


 228 00a2 0A68     		ldr	r2, [r1, #0]
 229 00a4 4FF48053 		mov	r3, #4096
 230 00a8 9201     		lsls	r2, r2, #6
 231 00aa C4F20203 		movt	r3, 16386
 232 00ae F8D5     		bpl	.L8
 233              		.loc 1 276 0
 234 00b0 4FF4C841 		mov	r1, #25600
 235 00b4 C0F61D31 		movt	r1, 2845
 236              		.loc 1 284 0
 237 00b8 4FF40052 		mov	r2, #8192
 238              		.loc 1 276 0
 239 00bc 5960     		str	r1, [r3, #4]
 240              		.loc 1 284 0
 241 00be C4F20202 		movt	r2, 16386
 242 00c2 1221     		movs	r1, #18
 243 00c4 1160     		str	r1, [r2, #0]
 244              		.loc 1 288 0
 245 00c6 5968     		ldr	r1, [r3, #4]
 246              		.loc 1 289 0
 247 00c8 1A46     		mov	r2, r3
 248              		.loc 1 288 0
 249 00ca 41F00201 		orr	r1, r1, #2
 250 00ce 5960     		str	r1, [r3, #4]
 251              	.L9:
 252              		.loc 1 289 0 discriminator 1
 253 00d0 5368     		ldr	r3, [r2, #4]
 254 00d2 03F00C03 		and	r3, r3, #12
 255 00d6 082B     		cmp	r3, #8
 256 00d8 FAD1     		bne	.L9
 257              		.loc 1 297 0
 258 00da 7047     		bx	lr
 259              		.cfi_endproc
 260              	.LFE65:
 261              		.size	stm32_clock_init, .-stm32_clock_init
 262 00dc AFF30080 		.text
 263              	.Letext0:
 264              		.file 2 "/Users/toxygen/Applications/yagarto-4.7.2/bin/../lib/gcc/arm-none-eabi/4.7.2/../../../../
 265              		.file 3 "../../os/ports/common/ARMCMx/nvic.h"
 266              		.file 4 "../../os/ports/common/ARMCMx/CMSIS/include/core_cm3.h"
 267              		.file 5 "../../os/hal/platforms/STM32F1xx/stm32f10x.h"
 268              		.section	.debug_info,"",%progbits
 269              	.Ldebug_info0:
 270 0000 D4030000 		.4byte	0x3d4
 271 0004 0200     		.2byte	0x2
 272 0006 00000000 		.4byte	.Ldebug_abbrev0
 273 000a 04       		.byte	0x4
 274 000b 01       		.uleb128 0x1
 275 000c AF010000 		.4byte	.LASF49
 276 0010 01       		.byte	0x1
 277 0011 4E010000 		.4byte	.LASF50
 278 0015 40000000 		.4byte	.LASF51
 279 0019 20000000 		.4byte	.Ldebug_ranges0+0x20
 280 001d 00000000 		.4byte	0
 281 0021 00000000 		.4byte	0
 282 0025 00000000 		.4byte	.Ldebug_line0
 283 0029 02       		.uleb128 0x2
 284 002a 04       		.byte	0x4
ARM GAS  /var/folders/dt/0wfd0knj7gs46m8vwfzktm600000gn/T//ccIG5x2Q.s 			page 6


 285 002b 05       		.byte	0x5
 286 002c 696E7400 		.ascii	"int\000"
 287 0030 03       		.uleb128 0x3
 288 0031 04       		.byte	0x4
 289 0032 07       		.byte	0x7
 290 0033 99010000 		.4byte	.LASF0
 291 0037 03       		.uleb128 0x3
 292 0038 01       		.byte	0x1
 293 0039 06       		.byte	0x6
 294 003a BC000000 		.4byte	.LASF1
 295 003e 03       		.uleb128 0x3
 296 003f 01       		.byte	0x1
 297 0040 08       		.byte	0x8
 298 0041 38010000 		.4byte	.LASF2
 299 0045 03       		.uleb128 0x3
 300 0046 02       		.byte	0x2
 301 0047 05       		.byte	0x5
 302 0048 0F000000 		.4byte	.LASF3
 303 004c 04       		.uleb128 0x4
 304 004d A6010000 		.4byte	.LASF5
 305 0051 02       		.byte	0x2
 306 0052 36       		.byte	0x36
 307 0053 57000000 		.4byte	0x57
 308 0057 03       		.uleb128 0x3
 309 0058 02       		.byte	0x2
 310 0059 07       		.byte	0x7
 311 005a D5010000 		.4byte	.LASF4
 312 005e 04       		.uleb128 0x4
 313 005f F5010000 		.4byte	.LASF6
 314 0063 02       		.byte	0x2
 315 0064 4F       		.byte	0x4f
 316 0065 69000000 		.4byte	0x69
 317 0069 03       		.uleb128 0x3
 318 006a 04       		.byte	0x4
 319 006b 05       		.byte	0x5
 320 006c 01010000 		.4byte	.LASF7
 321 0070 04       		.uleb128 0x4
 322 0071 90010000 		.4byte	.LASF8
 323 0075 02       		.byte	0x2
 324 0076 50       		.byte	0x50
 325 0077 7B000000 		.4byte	0x7b
 326 007b 03       		.uleb128 0x3
 327 007c 04       		.byte	0x4
 328 007d 07       		.byte	0x7
 329 007e 12020000 		.4byte	.LASF9
 330 0082 03       		.uleb128 0x3
 331 0083 08       		.byte	0x8
 332 0084 05       		.byte	0x5
 333 0085 E0000000 		.4byte	.LASF10
 334 0089 03       		.uleb128 0x3
 335 008a 08       		.byte	0x8
 336 008b 07       		.byte	0x7
 337 008c 79010000 		.4byte	.LASF11
 338 0090 03       		.uleb128 0x3
 339 0091 01       		.byte	0x1
 340 0092 02       		.byte	0x2
 341 0093 FD010000 		.4byte	.LASF12
ARM GAS  /var/folders/dt/0wfd0knj7gs46m8vwfzktm600000gn/T//ccIG5x2Q.s 			page 7


 342 0097 04       		.uleb128 0x4
 343 0098 C8000000 		.4byte	.LASF13
 344 009c 03       		.byte	0x3
 345 009d 3A       		.byte	0x3a
 346 009e A2000000 		.4byte	0xa2
 347 00a2 05       		.uleb128 0x5
 348 00a3 70000000 		.4byte	0x70
 349 00a7 03       		.uleb128 0x3
 350 00a8 04       		.byte	0x4
 351 00a9 07       		.byte	0x7
 352 00aa 19000000 		.4byte	.LASF14
 353 00ae 06       		.uleb128 0x6
 354 00af 10       		.byte	0x10
 355 00b0 03       		.byte	0x3
 356 00b1 F1       		.byte	0xf1
 357 00b2 EF000000 		.4byte	0xef
 358 00b6 07       		.uleb128 0x7
 359 00b7 FB000000 		.4byte	.LASF15
 360 00bb 03       		.byte	0x3
 361 00bc F2       		.byte	0xf2
 362 00bd 97000000 		.4byte	0x97
 363 00c1 02       		.byte	0x2
 364 00c2 23       		.byte	0x23
 365 00c3 00       		.uleb128 0
 366 00c4 07       		.uleb128 0x7
 367 00c5 95000000 		.4byte	.LASF16
 368 00c9 03       		.byte	0x3
 369 00ca F3       		.byte	0xf3
 370 00cb 97000000 		.4byte	0x97
 371 00cf 02       		.byte	0x2
 372 00d0 23       		.byte	0x23
 373 00d1 04       		.uleb128 0x4
 374 00d2 07       		.uleb128 0x7
 375 00d3 B6000000 		.4byte	.LASF17
 376 00d7 03       		.byte	0x3
 377 00d8 F4       		.byte	0xf4
 378 00d9 97000000 		.4byte	0x97
 379 00dd 02       		.byte	0x2
 380 00de 23       		.byte	0x23
 381 00df 08       		.uleb128 0x8
 382 00e0 07       		.uleb128 0x7
 383 00e1 09000000 		.4byte	.LASF18
 384 00e5 03       		.byte	0x3
 385 00e6 F5       		.byte	0xf5
 386 00e7 97000000 		.4byte	0x97
 387 00eb 02       		.byte	0x2
 388 00ec 23       		.byte	0x23
 389 00ed 0C       		.uleb128 0xc
 390 00ee 00       		.byte	0
 391 00ef 04       		.uleb128 0x4
 392 00f0 ED010000 		.4byte	.LASF19
 393 00f4 03       		.byte	0x3
 394 00f5 F6       		.byte	0xf6
 395 00f6 AE000000 		.4byte	0xae
 396 00fa 08       		.uleb128 0x8
 397 00fb 20       		.byte	0x20
 398 00fc 03       		.byte	0x3
ARM GAS  /var/folders/dt/0wfd0knj7gs46m8vwfzktm600000gn/T//ccIG5x2Q.s 			page 8


 399 00fd 0601     		.2byte	0x106
 400 00ff 7C010000 		.4byte	0x17c
 401 0103 09       		.uleb128 0x9
 402 0104 7E000000 		.4byte	.LASF20
 403 0108 03       		.byte	0x3
 404 0109 0701     		.2byte	0x107
 405 010b 97000000 		.4byte	0x97
 406 010f 02       		.byte	0x2
 407 0110 23       		.byte	0x23
 408 0111 00       		.uleb128 0
 409 0112 09       		.uleb128 0x9
 410 0113 EE000000 		.4byte	.LASF21
 411 0117 03       		.byte	0x3
 412 0118 0801     		.2byte	0x108
 413 011a 97000000 		.4byte	0x97
 414 011e 02       		.byte	0x2
 415 011f 23       		.byte	0x23
 416 0120 04       		.uleb128 0x4
 417 0121 09       		.uleb128 0x9
 418 0122 0B020000 		.4byte	.LASF22
 419 0126 03       		.byte	0x3
 420 0127 0901     		.2byte	0x109
 421 0129 97000000 		.4byte	0x97
 422 012d 02       		.byte	0x2
 423 012e 23       		.byte	0x23
 424 012f 08       		.uleb128 0x8
 425 0130 09       		.uleb128 0x9
 426 0131 31010000 		.4byte	.LASF23
 427 0135 03       		.byte	0x3
 428 0136 0A01     		.2byte	0x10a
 429 0138 97000000 		.4byte	0x97
 430 013c 02       		.byte	0x2
 431 013d 23       		.byte	0x23
 432 013e 0C       		.uleb128 0xc
 433 013f 09       		.uleb128 0x9
 434 0140 24020000 		.4byte	.LASF24
 435 0144 03       		.byte	0x3
 436 0145 0B01     		.2byte	0x10b
 437 0147 97000000 		.4byte	0x97
 438 014b 02       		.byte	0x2
 439 014c 23       		.byte	0x23
 440 014d 10       		.uleb128 0x10
 441 014e 09       		.uleb128 0x9
 442 014f 3E020000 		.4byte	.LASF25
 443 0153 03       		.byte	0x3
 444 0154 0C01     		.2byte	0x10c
 445 0156 97000000 		.4byte	0x97
 446 015a 02       		.byte	0x2
 447 015b 23       		.byte	0x23
 448 015c 14       		.uleb128 0x14
 449 015d 09       		.uleb128 0x9
 450 015e 2C000000 		.4byte	.LASF26
 451 0162 03       		.byte	0x3
 452 0163 0D01     		.2byte	0x10d
 453 0165 97000000 		.4byte	0x97
 454 0169 02       		.byte	0x2
 455 016a 23       		.byte	0x23
ARM GAS  /var/folders/dt/0wfd0knj7gs46m8vwfzktm600000gn/T//ccIG5x2Q.s 			page 9


 456 016b 18       		.uleb128 0x18
 457 016c 09       		.uleb128 0x9
 458 016d 27000000 		.4byte	.LASF27
 459 0171 03       		.byte	0x3
 460 0172 0E01     		.2byte	0x10e
 461 0174 97000000 		.4byte	0x97
 462 0178 02       		.byte	0x2
 463 0179 23       		.byte	0x23
 464 017a 1C       		.uleb128 0x1c
 465 017b 00       		.byte	0
 466 017c 0A       		.uleb128 0xa
 467 017d 03020000 		.4byte	.LASF28
 468 0181 03       		.byte	0x3
 469 0182 0F01     		.2byte	0x10f
 470 0184 FA000000 		.4byte	0xfa
 471 0188 03       		.uleb128 0x3
 472 0189 01       		.byte	0x1
 473 018a 08       		.byte	0x8
 474 018b E8010000 		.4byte	.LASF29
 475 018f 0B       		.uleb128 0xb
 476 0190 A2000000 		.4byte	0xa2
 477 0194 08       		.uleb128 0x8
 478 0195 10       		.byte	0x10
 479 0196 04       		.byte	0x4
 480 0197 3F02     		.2byte	0x23f
 481 0199 DA010000 		.4byte	0x1da
 482 019d 09       		.uleb128 0x9
 483 019e 7E000000 		.4byte	.LASF20
 484 01a2 04       		.byte	0x4
 485 01a3 4102     		.2byte	0x241
 486 01a5 A2000000 		.4byte	0xa2
 487 01a9 02       		.byte	0x2
 488 01aa 23       		.byte	0x23
 489 01ab 00       		.uleb128 0
 490 01ac 09       		.uleb128 0x9
 491 01ad 45020000 		.4byte	.LASF30
 492 01b1 04       		.byte	0x4
 493 01b2 4202     		.2byte	0x242
 494 01b4 A2000000 		.4byte	0xa2
 495 01b8 02       		.byte	0x2
 496 01b9 23       		.byte	0x23
 497 01ba 04       		.uleb128 0x4
 498 01bb 0C       		.uleb128 0xc
 499 01bc 56414C00 		.ascii	"VAL\000"
 500 01c0 04       		.byte	0x4
 501 01c1 4302     		.2byte	0x243
 502 01c3 A2000000 		.4byte	0xa2
 503 01c7 02       		.byte	0x2
 504 01c8 23       		.byte	0x23
 505 01c9 08       		.uleb128 0x8
 506 01ca 09       		.uleb128 0x9
 507 01cb F5000000 		.4byte	.LASF31
 508 01cf 04       		.byte	0x4
 509 01d0 4402     		.2byte	0x244
 510 01d2 8F010000 		.4byte	0x18f
 511 01d6 02       		.byte	0x2
 512 01d7 23       		.byte	0x23
ARM GAS  /var/folders/dt/0wfd0knj7gs46m8vwfzktm600000gn/T//ccIG5x2Q.s 			page 10


 513 01d8 0C       		.uleb128 0xc
 514 01d9 00       		.byte	0
 515 01da 0A       		.uleb128 0xa
 516 01db C8010000 		.4byte	.LASF32
 517 01df 04       		.byte	0x4
 518 01e0 4502     		.2byte	0x245
 519 01e2 94010000 		.4byte	0x194
 520 01e6 05       		.uleb128 0x5
 521 01e7 5E000000 		.4byte	0x5e
 522 01eb 08       		.uleb128 0x8
 523 01ec 24       		.byte	0x24
 524 01ed 05       		.byte	0x5
 525 01ee 9403     		.2byte	0x394
 526 01f0 79020000 		.4byte	0x279
 527 01f4 0C       		.uleb128 0xc
 528 01f5 41435200 		.ascii	"ACR\000"
 529 01f9 05       		.byte	0x5
 530 01fa 9603     		.2byte	0x396
 531 01fc A2000000 		.4byte	0xa2
 532 0200 02       		.byte	0x2
 533 0201 23       		.byte	0x23
 534 0202 00       		.uleb128 0
 535 0203 09       		.uleb128 0x9
 536 0204 83000000 		.4byte	.LASF33
 537 0208 05       		.byte	0x5
 538 0209 9703     		.2byte	0x397
 539 020b A2000000 		.4byte	0xa2
 540 020f 02       		.byte	0x2
 541 0210 23       		.byte	0x23
 542 0211 04       		.uleb128 0x4
 543 0212 09       		.uleb128 0x9
 544 0213 D0000000 		.4byte	.LASF34
 545 0217 05       		.byte	0x5
 546 0218 9803     		.2byte	0x398
 547 021a A2000000 		.4byte	0xa2
 548 021e 02       		.byte	0x2
 549 021f 23       		.byte	0x23
 550 0220 08       		.uleb128 0x8
 551 0221 0C       		.uleb128 0xc
 552 0222 535200   		.ascii	"SR\000"
 553 0225 05       		.byte	0x5
 554 0226 9903     		.2byte	0x399
 555 0228 A2000000 		.4byte	0xa2
 556 022c 02       		.byte	0x2
 557 022d 23       		.byte	0x23
 558 022e 0C       		.uleb128 0xc
 559 022f 0C       		.uleb128 0xc
 560 0230 435200   		.ascii	"CR\000"
 561 0233 05       		.byte	0x5
 562 0234 9A03     		.2byte	0x39a
 563 0236 A2000000 		.4byte	0xa2
 564 023a 02       		.byte	0x2
 565 023b 23       		.byte	0x23
 566 023c 10       		.uleb128 0x10
 567 023d 0C       		.uleb128 0xc
 568 023e 415200   		.ascii	"AR\000"
 569 0241 05       		.byte	0x5
ARM GAS  /var/folders/dt/0wfd0knj7gs46m8vwfzktm600000gn/T//ccIG5x2Q.s 			page 11


 570 0242 9B03     		.2byte	0x39b
 571 0244 A2000000 		.4byte	0xa2
 572 0248 02       		.byte	0x2
 573 0249 23       		.byte	0x23
 574 024a 14       		.uleb128 0x14
 575 024b 09       		.uleb128 0x9
 576 024c 4A020000 		.4byte	.LASF35
 577 0250 05       		.byte	0x5
 578 0251 9C03     		.2byte	0x39c
 579 0253 A2000000 		.4byte	0xa2
 580 0257 02       		.byte	0x2
 581 0258 23       		.byte	0x23
 582 0259 18       		.uleb128 0x18
 583 025a 0C       		.uleb128 0xc
 584 025b 4F425200 		.ascii	"OBR\000"
 585 025f 05       		.byte	0x5
 586 0260 9D03     		.2byte	0x39d
 587 0262 A2000000 		.4byte	0xa2
 588 0266 02       		.byte	0x2
 589 0267 23       		.byte	0x23
 590 0268 1C       		.uleb128 0x1c
 591 0269 09       		.uleb128 0x9
 592 026a 2C010000 		.4byte	.LASF36
 593 026e 05       		.byte	0x5
 594 026f 9E03     		.2byte	0x39e
 595 0271 A2000000 		.4byte	0xa2
 596 0275 02       		.byte	0x2
 597 0276 23       		.byte	0x23
 598 0277 20       		.uleb128 0x20
 599 0278 00       		.byte	0
 600 0279 0A       		.uleb128 0xa
 601 027a 53020000 		.4byte	.LASF37
 602 027e 05       		.byte	0x5
 603 027f A703     		.2byte	0x3a7
 604 0281 EB010000 		.4byte	0x1eb
 605 0285 08       		.uleb128 0x8
 606 0286 08       		.byte	0x8
 607 0287 05       		.byte	0x5
 608 0288 3904     		.2byte	0x439
 609 028a AC020000 		.4byte	0x2ac
 610 028e 0C       		.uleb128 0xc
 611 028f 435200   		.ascii	"CR\000"
 612 0292 05       		.byte	0x5
 613 0293 3B04     		.2byte	0x43b
 614 0295 A2000000 		.4byte	0xa2
 615 0299 02       		.byte	0x2
 616 029a 23       		.byte	0x23
 617 029b 00       		.uleb128 0
 618 029c 0C       		.uleb128 0xc
 619 029d 43535200 		.ascii	"CSR\000"
 620 02a1 05       		.byte	0x5
 621 02a2 3C04     		.2byte	0x43c
 622 02a4 A2000000 		.4byte	0xa2
 623 02a8 02       		.byte	0x2
 624 02a9 23       		.byte	0x23
 625 02aa 04       		.uleb128 0x4
 626 02ab 00       		.byte	0
ARM GAS  /var/folders/dt/0wfd0knj7gs46m8vwfzktm600000gn/T//ccIG5x2Q.s 			page 12


 627 02ac 0A       		.uleb128 0xa
 628 02ad 34000000 		.4byte	.LASF38
 629 02b1 05       		.byte	0x5
 630 02b2 3D04     		.2byte	0x43d
 631 02b4 85020000 		.4byte	0x285
 632 02b8 08       		.uleb128 0x8
 633 02b9 30       		.byte	0x30
 634 02ba 05       		.byte	0x5
 635 02bb 4304     		.2byte	0x443
 636 02bd 75030000 		.4byte	0x375
 637 02c1 0C       		.uleb128 0xc
 638 02c2 435200   		.ascii	"CR\000"
 639 02c5 05       		.byte	0x5
 640 02c6 4504     		.2byte	0x445
 641 02c8 A2000000 		.4byte	0xa2
 642 02cc 02       		.byte	0x2
 643 02cd 23       		.byte	0x23
 644 02ce 00       		.uleb128 0
 645 02cf 09       		.uleb128 0x9
 646 02d0 88000000 		.4byte	.LASF39
 647 02d4 05       		.byte	0x5
 648 02d5 4604     		.2byte	0x446
 649 02d7 A2000000 		.4byte	0xa2
 650 02db 02       		.byte	0x2
 651 02dc 23       		.byte	0x23
 652 02dd 04       		.uleb128 0x4
 653 02de 0C       		.uleb128 0xc
 654 02df 43495200 		.ascii	"CIR\000"
 655 02e3 05       		.byte	0x5
 656 02e4 4704     		.2byte	0x447
 657 02e6 A2000000 		.4byte	0xa2
 658 02ea 02       		.byte	0x2
 659 02eb 23       		.byte	0x23
 660 02ec 08       		.uleb128 0x8
 661 02ed 09       		.uleb128 0x9
 662 02ee 23010000 		.4byte	.LASF40
 663 02f2 05       		.byte	0x5
 664 02f3 4804     		.2byte	0x448
 665 02f5 A2000000 		.4byte	0xa2
 666 02f9 02       		.byte	0x2
 667 02fa 23       		.byte	0x23
 668 02fb 0C       		.uleb128 0xc
 669 02fc 09       		.uleb128 0x9
 670 02fd 00000000 		.4byte	.LASF41
 671 0301 05       		.byte	0x5
 672 0302 4904     		.2byte	0x449
 673 0304 A2000000 		.4byte	0xa2
 674 0308 02       		.byte	0x2
 675 0309 23       		.byte	0x23
 676 030a 10       		.uleb128 0x10
 677 030b 09       		.uleb128 0x9
 678 030c 1C010000 		.4byte	.LASF42
 679 0310 05       		.byte	0x5
 680 0311 4A04     		.2byte	0x44a
 681 0313 A2000000 		.4byte	0xa2
 682 0317 02       		.byte	0x2
 683 0318 23       		.byte	0x23
ARM GAS  /var/folders/dt/0wfd0knj7gs46m8vwfzktm600000gn/T//ccIG5x2Q.s 			page 13


 684 0319 14       		.uleb128 0x14
 685 031a 09       		.uleb128 0x9
 686 031b 46010000 		.4byte	.LASF43
 687 031f 05       		.byte	0x5
 688 0320 4B04     		.2byte	0x44b
 689 0322 A2000000 		.4byte	0xa2
 690 0326 02       		.byte	0x2
 691 0327 23       		.byte	0x23
 692 0328 18       		.uleb128 0x18
 693 0329 09       		.uleb128 0x9
 694 032a 8D000000 		.4byte	.LASF44
 695 032e 05       		.byte	0x5
 696 032f 4C04     		.2byte	0x44c
 697 0331 A2000000 		.4byte	0xa2
 698 0335 02       		.byte	0x2
 699 0336 23       		.byte	0x23
 700 0337 1C       		.uleb128 0x1c
 701 0338 09       		.uleb128 0x9
 702 0339 22000000 		.4byte	.LASF45
 703 033d 05       		.byte	0x5
 704 033e 4D04     		.2byte	0x44d
 705 0340 A2000000 		.4byte	0xa2
 706 0344 02       		.byte	0x2
 707 0345 23       		.byte	0x23
 708 0346 20       		.uleb128 0x20
 709 0347 0C       		.uleb128 0xc
 710 0348 43535200 		.ascii	"CSR\000"
 711 034c 05       		.byte	0x5
 712 034d 4E04     		.2byte	0x44e
 713 034f A2000000 		.4byte	0xa2
 714 0353 02       		.byte	0x2
 715 0354 23       		.byte	0x23
 716 0355 24       		.uleb128 0x24
 717 0356 09       		.uleb128 0x9
 718 0357 D8000000 		.4byte	.LASF46
 719 035b 05       		.byte	0x5
 720 035c 5104     		.2byte	0x451
 721 035e A2000000 		.4byte	0xa2
 722 0362 02       		.byte	0x2
 723 0363 23       		.byte	0x23
 724 0364 28       		.uleb128 0x28
 725 0365 09       		.uleb128 0x9
 726 0366 0A010000 		.4byte	.LASF47
 727 036a 05       		.byte	0x5
 728 036b 5204     		.2byte	0x452
 729 036d A2000000 		.4byte	0xa2
 730 0371 02       		.byte	0x2
 731 0372 23       		.byte	0x23
 732 0373 2C       		.uleb128 0x2c
 733 0374 00       		.byte	0
 734 0375 0A       		.uleb128 0xa
 735 0376 10010000 		.4byte	.LASF48
 736 037a 05       		.byte	0x5
 737 037b 5904     		.2byte	0x459
 738 037d B8020000 		.4byte	0x2b8
 739 0381 0D       		.uleb128 0xd
 740 0382 9B000000 		.4byte	.LASF52
ARM GAS  /var/folders/dt/0wfd0knj7gs46m8vwfzktm600000gn/T//ccIG5x2Q.s 			page 14


 741 0386 01       		.byte	0x1
 742 0387 31       		.byte	0x31
 743 0388 01       		.byte	0x1
 744 0389 01       		.byte	0x1
 745 038a 0E       		.uleb128 0xe
 746 038b 01       		.byte	0x1
 747 038c BB010000 		.4byte	.LASF53
 748 0390 01       		.byte	0x1
 749 0391 63       		.byte	0x63
 750 0392 01       		.byte	0x1
 751 0393 00000000 		.4byte	.LFB64
 752 0397 78000000 		.4byte	.LFE64
 753 039b 00000000 		.4byte	.LLST0
 754 039f 01       		.byte	0x1
 755 03a0 B4030000 		.4byte	0x3b4
 756 03a4 0F       		.uleb128 0xf
 757 03a5 81030000 		.4byte	0x381
 758 03a9 4E000000 		.4byte	.LBB4
 759 03ad 00000000 		.4byte	.Ldebug_ranges0+0
 760 03b1 01       		.byte	0x1
 761 03b2 79       		.byte	0x79
 762 03b3 00       		.byte	0
 763 03b4 10       		.uleb128 0x10
 764 03b5 01       		.byte	0x1
 765 03b6 2D020000 		.4byte	.LASF54
 766 03ba 01       		.byte	0x1
 767 03bb DA       		.byte	0xda
 768 03bc 01       		.byte	0x1
 769 03bd 00000000 		.4byte	.LFB65
 770 03c1 DC000000 		.4byte	.LFE65
 771 03c5 02       		.byte	0x2
 772 03c6 7D       		.byte	0x7d
 773 03c7 00       		.sleb128 0
 774 03c8 01       		.byte	0x1
 775 03c9 11       		.uleb128 0x11
 776 03ca 61020000 		.4byte	.LASF55
 777 03ce 04       		.byte	0x4
 778 03cf 0706     		.2byte	0x607
 779 03d1 E6010000 		.4byte	0x1e6
 780 03d5 01       		.byte	0x1
 781 03d6 01       		.byte	0x1
 782 03d7 00       		.byte	0
 783              		.section	.debug_abbrev,"",%progbits
 784              	.Ldebug_abbrev0:
 785 0000 01       		.uleb128 0x1
 786 0001 11       		.uleb128 0x11
 787 0002 01       		.byte	0x1
 788 0003 25       		.uleb128 0x25
 789 0004 0E       		.uleb128 0xe
 790 0005 13       		.uleb128 0x13
 791 0006 0B       		.uleb128 0xb
 792 0007 03       		.uleb128 0x3
 793 0008 0E       		.uleb128 0xe
 794 0009 1B       		.uleb128 0x1b
 795 000a 0E       		.uleb128 0xe
 796 000b 55       		.uleb128 0x55
 797 000c 06       		.uleb128 0x6
ARM GAS  /var/folders/dt/0wfd0knj7gs46m8vwfzktm600000gn/T//ccIG5x2Q.s 			page 15


 798 000d 11       		.uleb128 0x11
 799 000e 01       		.uleb128 0x1
 800 000f 52       		.uleb128 0x52
 801 0010 01       		.uleb128 0x1
 802 0011 10       		.uleb128 0x10
 803 0012 06       		.uleb128 0x6
 804 0013 00       		.byte	0
 805 0014 00       		.byte	0
 806 0015 02       		.uleb128 0x2
 807 0016 24       		.uleb128 0x24
 808 0017 00       		.byte	0
 809 0018 0B       		.uleb128 0xb
 810 0019 0B       		.uleb128 0xb
 811 001a 3E       		.uleb128 0x3e
 812 001b 0B       		.uleb128 0xb
 813 001c 03       		.uleb128 0x3
 814 001d 08       		.uleb128 0x8
 815 001e 00       		.byte	0
 816 001f 00       		.byte	0
 817 0020 03       		.uleb128 0x3
 818 0021 24       		.uleb128 0x24
 819 0022 00       		.byte	0
 820 0023 0B       		.uleb128 0xb
 821 0024 0B       		.uleb128 0xb
 822 0025 3E       		.uleb128 0x3e
 823 0026 0B       		.uleb128 0xb
 824 0027 03       		.uleb128 0x3
 825 0028 0E       		.uleb128 0xe
 826 0029 00       		.byte	0
 827 002a 00       		.byte	0
 828 002b 04       		.uleb128 0x4
 829 002c 16       		.uleb128 0x16
 830 002d 00       		.byte	0
 831 002e 03       		.uleb128 0x3
 832 002f 0E       		.uleb128 0xe
 833 0030 3A       		.uleb128 0x3a
 834 0031 0B       		.uleb128 0xb
 835 0032 3B       		.uleb128 0x3b
 836 0033 0B       		.uleb128 0xb
 837 0034 49       		.uleb128 0x49
 838 0035 13       		.uleb128 0x13
 839 0036 00       		.byte	0
 840 0037 00       		.byte	0
 841 0038 05       		.uleb128 0x5
 842 0039 35       		.uleb128 0x35
 843 003a 00       		.byte	0
 844 003b 49       		.uleb128 0x49
 845 003c 13       		.uleb128 0x13
 846 003d 00       		.byte	0
 847 003e 00       		.byte	0
 848 003f 06       		.uleb128 0x6
 849 0040 13       		.uleb128 0x13
 850 0041 01       		.byte	0x1
 851 0042 0B       		.uleb128 0xb
 852 0043 0B       		.uleb128 0xb
 853 0044 3A       		.uleb128 0x3a
 854 0045 0B       		.uleb128 0xb
ARM GAS  /var/folders/dt/0wfd0knj7gs46m8vwfzktm600000gn/T//ccIG5x2Q.s 			page 16


 855 0046 3B       		.uleb128 0x3b
 856 0047 0B       		.uleb128 0xb
 857 0048 01       		.uleb128 0x1
 858 0049 13       		.uleb128 0x13
 859 004a 00       		.byte	0
 860 004b 00       		.byte	0
 861 004c 07       		.uleb128 0x7
 862 004d 0D       		.uleb128 0xd
 863 004e 00       		.byte	0
 864 004f 03       		.uleb128 0x3
 865 0050 0E       		.uleb128 0xe
 866 0051 3A       		.uleb128 0x3a
 867 0052 0B       		.uleb128 0xb
 868 0053 3B       		.uleb128 0x3b
 869 0054 0B       		.uleb128 0xb
 870 0055 49       		.uleb128 0x49
 871 0056 13       		.uleb128 0x13
 872 0057 38       		.uleb128 0x38
 873 0058 0A       		.uleb128 0xa
 874 0059 00       		.byte	0
 875 005a 00       		.byte	0
 876 005b 08       		.uleb128 0x8
 877 005c 13       		.uleb128 0x13
 878 005d 01       		.byte	0x1
 879 005e 0B       		.uleb128 0xb
 880 005f 0B       		.uleb128 0xb
 881 0060 3A       		.uleb128 0x3a
 882 0061 0B       		.uleb128 0xb
 883 0062 3B       		.uleb128 0x3b
 884 0063 05       		.uleb128 0x5
 885 0064 01       		.uleb128 0x1
 886 0065 13       		.uleb128 0x13
 887 0066 00       		.byte	0
 888 0067 00       		.byte	0
 889 0068 09       		.uleb128 0x9
 890 0069 0D       		.uleb128 0xd
 891 006a 00       		.byte	0
 892 006b 03       		.uleb128 0x3
 893 006c 0E       		.uleb128 0xe
 894 006d 3A       		.uleb128 0x3a
 895 006e 0B       		.uleb128 0xb
 896 006f 3B       		.uleb128 0x3b
 897 0070 05       		.uleb128 0x5
 898 0071 49       		.uleb128 0x49
 899 0072 13       		.uleb128 0x13
 900 0073 38       		.uleb128 0x38
 901 0074 0A       		.uleb128 0xa
 902 0075 00       		.byte	0
 903 0076 00       		.byte	0
 904 0077 0A       		.uleb128 0xa
 905 0078 16       		.uleb128 0x16
 906 0079 00       		.byte	0
 907 007a 03       		.uleb128 0x3
 908 007b 0E       		.uleb128 0xe
 909 007c 3A       		.uleb128 0x3a
 910 007d 0B       		.uleb128 0xb
 911 007e 3B       		.uleb128 0x3b
ARM GAS  /var/folders/dt/0wfd0knj7gs46m8vwfzktm600000gn/T//ccIG5x2Q.s 			page 17


 912 007f 05       		.uleb128 0x5
 913 0080 49       		.uleb128 0x49
 914 0081 13       		.uleb128 0x13
 915 0082 00       		.byte	0
 916 0083 00       		.byte	0
 917 0084 0B       		.uleb128 0xb
 918 0085 26       		.uleb128 0x26
 919 0086 00       		.byte	0
 920 0087 49       		.uleb128 0x49
 921 0088 13       		.uleb128 0x13
 922 0089 00       		.byte	0
 923 008a 00       		.byte	0
 924 008b 0C       		.uleb128 0xc
 925 008c 0D       		.uleb128 0xd
 926 008d 00       		.byte	0
 927 008e 03       		.uleb128 0x3
 928 008f 08       		.uleb128 0x8
 929 0090 3A       		.uleb128 0x3a
 930 0091 0B       		.uleb128 0xb
 931 0092 3B       		.uleb128 0x3b
 932 0093 05       		.uleb128 0x5
 933 0094 49       		.uleb128 0x49
 934 0095 13       		.uleb128 0x13
 935 0096 38       		.uleb128 0x38
 936 0097 0A       		.uleb128 0xa
 937 0098 00       		.byte	0
 938 0099 00       		.byte	0
 939 009a 0D       		.uleb128 0xd
 940 009b 2E       		.uleb128 0x2e
 941 009c 00       		.byte	0
 942 009d 03       		.uleb128 0x3
 943 009e 0E       		.uleb128 0xe
 944 009f 3A       		.uleb128 0x3a
 945 00a0 0B       		.uleb128 0xb
 946 00a1 3B       		.uleb128 0x3b
 947 00a2 0B       		.uleb128 0xb
 948 00a3 27       		.uleb128 0x27
 949 00a4 0C       		.uleb128 0xc
 950 00a5 20       		.uleb128 0x20
 951 00a6 0B       		.uleb128 0xb
 952 00a7 00       		.byte	0
 953 00a8 00       		.byte	0
 954 00a9 0E       		.uleb128 0xe
 955 00aa 2E       		.uleb128 0x2e
 956 00ab 01       		.byte	0x1
 957 00ac 3F       		.uleb128 0x3f
 958 00ad 0C       		.uleb128 0xc
 959 00ae 03       		.uleb128 0x3
 960 00af 0E       		.uleb128 0xe
 961 00b0 3A       		.uleb128 0x3a
 962 00b1 0B       		.uleb128 0xb
 963 00b2 3B       		.uleb128 0x3b
 964 00b3 0B       		.uleb128 0xb
 965 00b4 27       		.uleb128 0x27
 966 00b5 0C       		.uleb128 0xc
 967 00b6 11       		.uleb128 0x11
 968 00b7 01       		.uleb128 0x1
ARM GAS  /var/folders/dt/0wfd0knj7gs46m8vwfzktm600000gn/T//ccIG5x2Q.s 			page 18


 969 00b8 12       		.uleb128 0x12
 970 00b9 01       		.uleb128 0x1
 971 00ba 40       		.uleb128 0x40
 972 00bb 06       		.uleb128 0x6
 973 00bc 9742     		.uleb128 0x2117
 974 00be 0C       		.uleb128 0xc
 975 00bf 01       		.uleb128 0x1
 976 00c0 13       		.uleb128 0x13
 977 00c1 00       		.byte	0
 978 00c2 00       		.byte	0
 979 00c3 0F       		.uleb128 0xf
 980 00c4 1D       		.uleb128 0x1d
 981 00c5 00       		.byte	0
 982 00c6 31       		.uleb128 0x31
 983 00c7 13       		.uleb128 0x13
 984 00c8 52       		.uleb128 0x52
 985 00c9 01       		.uleb128 0x1
 986 00ca 55       		.uleb128 0x55
 987 00cb 06       		.uleb128 0x6
 988 00cc 58       		.uleb128 0x58
 989 00cd 0B       		.uleb128 0xb
 990 00ce 59       		.uleb128 0x59
 991 00cf 0B       		.uleb128 0xb
 992 00d0 00       		.byte	0
 993 00d1 00       		.byte	0
 994 00d2 10       		.uleb128 0x10
 995 00d3 2E       		.uleb128 0x2e
 996 00d4 00       		.byte	0
 997 00d5 3F       		.uleb128 0x3f
 998 00d6 0C       		.uleb128 0xc
 999 00d7 03       		.uleb128 0x3
 1000 00d8 0E       		.uleb128 0xe
 1001 00d9 3A       		.uleb128 0x3a
 1002 00da 0B       		.uleb128 0xb
 1003 00db 3B       		.uleb128 0x3b
 1004 00dc 0B       		.uleb128 0xb
 1005 00dd 27       		.uleb128 0x27
 1006 00de 0C       		.uleb128 0xc
 1007 00df 11       		.uleb128 0x11
 1008 00e0 01       		.uleb128 0x1
 1009 00e1 12       		.uleb128 0x12
 1010 00e2 01       		.uleb128 0x1
 1011 00e3 40       		.uleb128 0x40
 1012 00e4 0A       		.uleb128 0xa
 1013 00e5 9742     		.uleb128 0x2117
 1014 00e7 0C       		.uleb128 0xc
 1015 00e8 00       		.byte	0
 1016 00e9 00       		.byte	0
 1017 00ea 11       		.uleb128 0x11
 1018 00eb 34       		.uleb128 0x34
 1019 00ec 00       		.byte	0
 1020 00ed 03       		.uleb128 0x3
 1021 00ee 0E       		.uleb128 0xe
 1022 00ef 3A       		.uleb128 0x3a
 1023 00f0 0B       		.uleb128 0xb
 1024 00f1 3B       		.uleb128 0x3b
 1025 00f2 05       		.uleb128 0x5
ARM GAS  /var/folders/dt/0wfd0knj7gs46m8vwfzktm600000gn/T//ccIG5x2Q.s 			page 19


 1026 00f3 49       		.uleb128 0x49
 1027 00f4 13       		.uleb128 0x13
 1028 00f5 3F       		.uleb128 0x3f
 1029 00f6 0C       		.uleb128 0xc
 1030 00f7 3C       		.uleb128 0x3c
 1031 00f8 0C       		.uleb128 0xc
 1032 00f9 00       		.byte	0
 1033 00fa 00       		.byte	0
 1034 00fb 00       		.byte	0
 1035              		.section	.debug_loc,"",%progbits
 1036              	.Ldebug_loc0:
 1037              	.LLST0:
 1038 0000 00000000 		.4byte	.LFB64
 1039 0004 06000000 		.4byte	.LCFI0
 1040 0008 0200     		.2byte	0x2
 1041 000a 7D       		.byte	0x7d
 1042 000b 00       		.sleb128 0
 1043 000c 06000000 		.4byte	.LCFI0
 1044 0010 78000000 		.4byte	.LFE64
 1045 0014 0200     		.2byte	0x2
 1046 0016 7D       		.byte	0x7d
 1047 0017 0C       		.sleb128 12
 1048 0018 00000000 		.4byte	0
 1049 001c 00000000 		.4byte	0
 1050              		.section	.debug_aranges,"",%progbits
 1051 0000 24000000 		.4byte	0x24
 1052 0004 0200     		.2byte	0x2
 1053 0006 00000000 		.4byte	.Ldebug_info0
 1054 000a 04       		.byte	0x4
 1055 000b 00       		.byte	0
 1056 000c 0000     		.2byte	0
 1057 000e 0000     		.2byte	0
 1058 0010 00000000 		.4byte	.LFB64
 1059 0014 78000000 		.4byte	.LFE64-.LFB64
 1060 0018 00000000 		.4byte	.LFB65
 1061 001c DC000000 		.4byte	.LFE65-.LFB65
 1062 0020 00000000 		.4byte	0
 1063 0024 00000000 		.4byte	0
 1064              		.section	.debug_ranges,"",%progbits
 1065              	.Ldebug_ranges0:
 1066 0000 4E000000 		.4byte	.LBB4
 1067 0004 52000000 		.4byte	.LBE4
 1068 0008 5A000000 		.4byte	.LBB8
 1069 000c 5E000000 		.4byte	.LBE8
 1070 0010 6C000000 		.4byte	.LBB9
 1071 0014 74000000 		.4byte	.LBE9
 1072 0018 00000000 		.4byte	0
 1073 001c 00000000 		.4byte	0
 1074 0020 00000000 		.4byte	.LFB64
 1075 0024 78000000 		.4byte	.LFE64
 1076 0028 00000000 		.4byte	.LFB65
 1077 002c DC000000 		.4byte	.LFE65
 1078 0030 00000000 		.4byte	0
 1079 0034 00000000 		.4byte	0
 1080              		.section	.debug_line,"",%progbits
 1081              	.Ldebug_line0:
 1082 0000 CA010000 		.section	.debug_str,"MS",%progbits,1
ARM GAS  /var/folders/dt/0wfd0knj7gs46m8vwfzktm600000gn/T//ccIG5x2Q.s 			page 20


 1082      02002F01 
 1082      00000201 
 1082      FB0E0D00 
 1082      01010101 
 1083              	.LASF41:
 1084 0000 41504231 		.ascii	"APB1RSTR\000"
 1084      52535452 
 1084      00
 1085              	.LASF18:
 1086 0009 44454D43 		.ascii	"DEMCR\000"
 1086      5200
 1087              	.LASF3:
 1088 000f 73686F72 		.ascii	"short int\000"
 1088      7420696E 
 1088      7400
 1089              	.LASF14:
 1090 0019 73697A65 		.ascii	"sizetype\000"
 1090      74797065 
 1090      00
 1091              	.LASF45:
 1092 0022 42444352 		.ascii	"BDCR\000"
 1092      00
 1093              	.LASF27:
 1094 0027 50435352 		.ascii	"PCSR\000"
 1094      00
 1095              	.LASF26:
 1096 002c 464F4C44 		.ascii	"FOLDCNT\000"
 1096      434E5400 
 1097              	.LASF38:
 1098 0034 5057525F 		.ascii	"PWR_TypeDef\000"
 1098      54797065 
 1098      44656600 
 1099              	.LASF51:
 1100 0040 2F557365 		.ascii	"/Users/toxygen/dev/chibi/ChibiOS_2.6.1/demos/ARMCM3"
 1100      72732F74 
 1100      6F787967 
 1100      656E2F64 
 1100      65762F63 
 1101 0073 2D53544D 		.ascii	"-STM32F107\000"
 1101      33324631 
 1101      303700
 1102              	.LASF20:
 1103 007e 4354524C 		.ascii	"CTRL\000"
 1103      00
 1104              	.LASF33:
 1105 0083 4B455952 		.ascii	"KEYR\000"
 1105      00
 1106              	.LASF39:
 1107 0088 43464752 		.ascii	"CFGR\000"
 1107      00
 1108              	.LASF44:
 1109 008d 41504231 		.ascii	"APB1ENR\000"
 1109      454E5200 
 1110              	.LASF16:
 1111 0095 44435253 		.ascii	"DCRSR\000"
 1111      5200
 1112              	.LASF52:
ARM GAS  /var/folders/dt/0wfd0knj7gs46m8vwfzktm600000gn/T//ccIG5x2Q.s 			page 21


 1113 009b 68616C5F 		.ascii	"hal_lld_backup_domain_init\000"
 1113      6C6C645F 
 1113      6261636B 
 1113      75705F64 
 1113      6F6D6169 
 1114              	.LASF17:
 1115 00b6 44435244 		.ascii	"DCRDR\000"
 1115      5200
 1116              	.LASF1:
 1117 00bc 7369676E 		.ascii	"signed char\000"
 1117      65642063 
 1117      68617200 
 1118              	.LASF13:
 1119 00c8 494F5245 		.ascii	"IOREG32\000"
 1119      47333200 
 1120              	.LASF34:
 1121 00d0 4F50544B 		.ascii	"OPTKEYR\000"
 1121      45595200 
 1122              	.LASF46:
 1123 00d8 41484252 		.ascii	"AHBRSTR\000"
 1123      53545200 
 1124              	.LASF10:
 1125 00e0 6C6F6E67 		.ascii	"long long int\000"
 1125      206C6F6E 
 1125      6720696E 
 1125      7400
 1126              	.LASF21:
 1127 00ee 43594343 		.ascii	"CYCCNT\000"
 1127      4E5400
 1128              	.LASF31:
 1129 00f5 43414C49 		.ascii	"CALIB\000"
 1129      4200
 1130              	.LASF15:
 1131 00fb 44484353 		.ascii	"DHCSR\000"
 1131      5200
 1132              	.LASF7:
 1133 0101 6C6F6E67 		.ascii	"long int\000"
 1133      20696E74 
 1133      00
 1134              	.LASF47:
 1135 010a 43464752 		.ascii	"CFGR2\000"
 1135      3200
 1136              	.LASF48:
 1137 0110 5243435F 		.ascii	"RCC_TypeDef\000"
 1137      54797065 
 1137      44656600 
 1138              	.LASF42:
 1139 011c 41484245 		.ascii	"AHBENR\000"
 1139      4E5200
 1140              	.LASF40:
 1141 0123 41504232 		.ascii	"APB2RSTR\000"
 1141      52535452 
 1141      00
 1142              	.LASF36:
 1143 012c 57525052 		.ascii	"WRPR\000"
 1143      00
 1144              	.LASF23:
ARM GAS  /var/folders/dt/0wfd0knj7gs46m8vwfzktm600000gn/T//ccIG5x2Q.s 			page 22


 1145 0131 45584343 		.ascii	"EXCCNT\000"
 1145      4E5400
 1146              	.LASF2:
 1147 0138 756E7369 		.ascii	"unsigned char\000"
 1147      676E6564 
 1147      20636861 
 1147      7200
 1148              	.LASF43:
 1149 0146 41504232 		.ascii	"APB2ENR\000"
 1149      454E5200 
 1150              	.LASF50:
 1151 014e 2E2E2F2E 		.ascii	"../../os/hal/platforms/STM32F1xx/hal_lld.c\000"
 1151      2E2F6F73 
 1151      2F68616C 
 1151      2F706C61 
 1151      74666F72 
 1152              	.LASF11:
 1153 0179 6C6F6E67 		.ascii	"long long unsigned int\000"
 1153      206C6F6E 
 1153      6720756E 
 1153      7369676E 
 1153      65642069 
 1154              	.LASF8:
 1155 0190 75696E74 		.ascii	"uint32_t\000"
 1155      33325F74 
 1155      00
 1156              	.LASF0:
 1157 0199 756E7369 		.ascii	"unsigned int\000"
 1157      676E6564 
 1157      20696E74 
 1157      00
 1158              	.LASF5:
 1159 01a6 75696E74 		.ascii	"uint16_t\000"
 1159      31365F74 
 1159      00
 1160              	.LASF49:
 1161 01af 474E5520 		.ascii	"GNU C 4.7.2\000"
 1161      4320342E 
 1161      372E3200 
 1162              	.LASF53:
 1163 01bb 68616C5F 		.ascii	"hal_lld_init\000"
 1163      6C6C645F 
 1163      696E6974 
 1163      00
 1164              	.LASF32:
 1165 01c8 53797354 		.ascii	"SysTick_Type\000"
 1165      69636B5F 
 1165      54797065 
 1165      00
 1166              	.LASF4:
 1167 01d5 73686F72 		.ascii	"short unsigned int\000"
 1167      7420756E 
 1167      7369676E 
 1167      65642069 
 1167      6E7400
 1168              	.LASF29:
 1169 01e8 63686172 		.ascii	"char\000"
ARM GAS  /var/folders/dt/0wfd0knj7gs46m8vwfzktm600000gn/T//ccIG5x2Q.s 			page 23


 1169      00
 1170              	.LASF19:
 1171 01ed 434D785F 		.ascii	"CMx_SCS\000"
 1171      53435300 
 1172              	.LASF6:
 1173 01f5 696E7433 		.ascii	"int32_t\000"
 1173      325F7400 
 1174              	.LASF12:
 1175 01fd 5F426F6F 		.ascii	"_Bool\000"
 1175      6C00
 1176              	.LASF28:
 1177 0203 434D785F 		.ascii	"CMx_DWT\000"
 1177      44575400 
 1178              	.LASF22:
 1179 020b 43504943 		.ascii	"CPICNT\000"
 1179      4E5400
 1180              	.LASF9:
 1181 0212 6C6F6E67 		.ascii	"long unsigned int\000"
 1181      20756E73 
 1181      69676E65 
 1181      6420696E 
 1181      7400
 1182              	.LASF24:
 1183 0224 534C4545 		.ascii	"SLEEPCNT\000"
 1183      50434E54 
 1183      00
 1184              	.LASF54:
 1185 022d 73746D33 		.ascii	"stm32_clock_init\000"
 1185      325F636C 
 1185      6F636B5F 
 1185      696E6974 
 1185      00
 1186              	.LASF25:
 1187 023e 4C535543 		.ascii	"LSUCNT\000"
 1187      4E5400
 1188              	.LASF30:
 1189 0245 4C4F4144 		.ascii	"LOAD\000"
 1189      00
 1190              	.LASF35:
 1191 024a 52455345 		.ascii	"RESERVED\000"
 1191      52564544 
 1191      00
 1192              	.LASF37:
 1193 0253 464C4153 		.ascii	"FLASH_TypeDef\000"
 1193      485F5479 
 1193      70654465 
 1193      6600
 1194              	.LASF55:
 1195 0261 49544D5F 		.ascii	"ITM_RxBuffer\000"
 1195      52784275 
 1195      66666572 
 1195      00
 1196              		.ident	"GCC: (GNU) 4.7.2"
ARM GAS  /var/folders/dt/0wfd0knj7gs46m8vwfzktm600000gn/T//ccIG5x2Q.s 			page 24


DEFINED SYMBOLS
                            *ABS*:0000000000000000 hal_lld.c
/var/folders/dt/0wfd0knj7gs46m8vwfzktm600000gn/T//ccIG5x2Q.s:19     .text.hal_lld_init:0000000000000000 $t
/var/folders/dt/0wfd0knj7gs46m8vwfzktm600000gn/T//ccIG5x2Q.s:25     .text.hal_lld_init:0000000000000000 hal_lld_init
/var/folders/dt/0wfd0knj7gs46m8vwfzktm600000gn/T//ccIG5x2Q.s:123    .text.stm32_clock_init:0000000000000000 $t
/var/folders/dt/0wfd0knj7gs46m8vwfzktm600000gn/T//ccIG5x2Q.s:129    .text.stm32_clock_init:0000000000000000 stm32_clock_init
                     .debug_frame:0000000000000010 $d

NO UNDEFINED SYMBOLS
