ARM GAS  /var/folders/dt/0wfd0knj7gs46m8vwfzktm600000gn/T//cc63dqen.s 			page 1


   1              		.syntax unified
   2              		.cpu cortex-m3
   3              		.fpu softvfp
   4              		.eabi_attribute 20, 1
   5              		.eabi_attribute 21, 1
   6              		.eabi_attribute 23, 3
   7              		.eabi_attribute 24, 1
   8              		.eabi_attribute 25, 1
   9              		.eabi_attribute 26, 1
  10              		.eabi_attribute 30, 2
  11              		.eabi_attribute 34, 1
  12              		.eabi_attribute 18, 4
  13              		.thumb
  14              		.file	"nvic.c"
  15              		.text
  16              	.Ltext0:
  17              		.cfi_sections	.debug_frame
  18              		.section	.text.nvicEnableVector,"ax",%progbits
  19              		.align	2
  20              		.p2align 4,,15
  21              		.global	nvicEnableVector
  22              		.thumb
  23              		.thumb_func
  24              		.type	nvicEnableVector, %function
  25              	nvicEnableVector:
  26              	.LFB7:
  27              		.file 1 "../../os/ports/common/ARMCMx/nvic.c"
  28              		.loc 1 46 0
  29              		.cfi_startproc
  30              		@ args = 0, pretend = 0, frame = 0
  31              		@ frame_needed = 0, uses_anonymous_args = 0
  32              		@ link register save eliminated.
  33              	.LVL0:
  34              		.loc 1 47 0
  35 0000 00F00303 		and	r3, r0, #3
  36              		.loc 1 46 0
  37 0004 70B4     		push	{r4, r5, r6}
  38              	.LCFI0:
  39              		.cfi_def_cfa_offset 12
  40              		.cfi_offset 4, -12
  41              		.cfi_offset 5, -8
  42              		.cfi_offset 6, -4
  43              		.loc 1 47 0
  44 0006 DB00     		lsls	r3, r3, #3
  45              	.LVL1:
  46              		.loc 1 49 0
  47 0008 FF25     		movs	r5, #255
  48 000a 05FA03F5 		lsl	r5, r5, r3
  49 000e 01FA03F1 		lsl	r1, r1, r3
  50              	.LVL2:
  51              		.loc 1 50 0
  52 0012 0122     		movs	r2, #1
  53 0014 00F01F03 		and	r3, r0, #31
  54              	.LVL3:
  55 0018 02FA03F2 		lsl	r2, r2, r3
  56              		.loc 1 49 0
  57 001c 8408     		lsrs	r4, r0, #2
ARM GAS  /var/folders/dt/0wfd0knj7gs46m8vwfzktm600000gn/T//cc63dqen.s 			page 2


  58 001e 4FF46143 		mov	r3, #57600
  59 0022 CEF20003 		movt	r3, 57344
  60 0026 C034     		adds	r4, r4, #192
  61 0028 53F82460 		ldr	r6, [r3, r4, lsl #2]
  62              		.loc 1 50 0
  63 002c 4009     		lsrs	r0, r0, #5
  64              	.LVL4:
  65              		.loc 1 49 0
  66 002e 26EA0505 		bic	r5, r6, r5
  67 0032 0D43     		orrs	r5, r5, r1
  68              		.loc 1 50 0
  69 0034 00F16006 		add	r6, r0, #96
  70              		.loc 1 49 0
  71 0038 43F82450 		str	r5, [r3, r4, lsl #2]
  72              		.loc 1 50 0
  73 003c 43F82620 		str	r2, [r3, r6, lsl #2]
  74              		.loc 1 51 0
  75 0040 43F82020 		str	r2, [r3, r0, lsl #2]
  76              		.loc 1 52 0
  77 0044 70BC     		pop	{r4, r5, r6}
  78 0046 7047     		bx	lr
  79              		.cfi_endproc
  80              	.LFE7:
  81              		.size	nvicEnableVector, .-nvicEnableVector
  82 0048 AFF30080 		.section	.text.nvicDisableVector,"ax",%progbits
  82      AFF30080 
  83              		.align	2
  84              		.p2align 4,,15
  85              		.global	nvicDisableVector
  86              		.thumb
  87              		.thumb_func
  88              		.type	nvicDisableVector, %function
  89              	nvicDisableVector:
  90              	.LFB8:
  91              		.loc 1 60 0
  92              		.cfi_startproc
  93              		@ args = 0, pretend = 0, frame = 0
  94              		@ frame_needed = 0, uses_anonymous_args = 0
  95              		@ link register save eliminated.
  96              	.LVL5:
  97 0000 10B4     		push	{r4}
  98              	.LCFI1:
  99              		.cfi_def_cfa_offset 4
 100              		.cfi_offset 4, -4
 101              		.loc 1 63 0
 102 0002 00F01F03 		and	r3, r0, #31
 103 0006 0124     		movs	r4, #1
 104 0008 04FA03F4 		lsl	r4, r4, r3
 105              		.loc 1 61 0
 106 000c 00F00302 		and	r2, r0, #3
 107              		.loc 1 64 0
 108 0010 FF23     		movs	r3, #255
 109              		.loc 1 61 0
 110 0012 D200     		lsls	r2, r2, #3
 111              	.LVL6:
 112              		.loc 1 64 0
 113 0014 03FA02F2 		lsl	r2, r3, r2
ARM GAS  /var/folders/dt/0wfd0knj7gs46m8vwfzktm600000gn/T//cc63dqen.s 			page 3


 114              	.LVL7:
 115              		.loc 1 63 0
 116 0018 4109     		lsrs	r1, r0, #5
 117 001a 4FF46143 		mov	r3, #57600
 118 001e CEF20003 		movt	r3, 57344
 119 0022 2031     		adds	r1, r1, #32
 120              		.loc 1 64 0
 121 0024 8008     		lsrs	r0, r0, #2
 122              	.LVL8:
 123              		.loc 1 63 0
 124 0026 43F82140 		str	r4, [r3, r1, lsl #2]
 125              		.loc 1 64 0
 126 002a C030     		adds	r0, r0, #192
 127 002c 53F82010 		ldr	r1, [r3, r0, lsl #2]
 128 0030 21EA0202 		bic	r2, r1, r2
 129 0034 43F82020 		str	r2, [r3, r0, lsl #2]
 130              		.loc 1 65 0
 131 0038 10BC     		pop	{r4}
 132 003a 7047     		bx	lr
 133              		.cfi_endproc
 134              	.LFE8:
 135              		.size	nvicDisableVector, .-nvicDisableVector
 136 003c AFF30080 		.section	.text.nvicSetSystemHandlerPriority,"ax",%progbits
 137              		.align	2
 138              		.p2align 4,,15
 139              		.global	nvicSetSystemHandlerPriority
 140              		.thumb
 141              		.thumb_func
 142              		.type	nvicSetSystemHandlerPriority, %function
 143              	nvicSetSystemHandlerPriority:
 144              	.LFB9:
 145              		.loc 1 74 0
 146              		.cfi_startproc
 147              		@ args = 0, pretend = 0, frame = 0
 148              		@ frame_needed = 0, uses_anonymous_args = 0
 149              		@ link register save eliminated.
 150              	.LVL9:
 151              		.loc 1 75 0
 152 0000 00F00303 		and	r3, r0, #3
 153 0004 DB00     		lsls	r3, r3, #3
 154              	.LVL10:
 155              		.loc 1 78 0
 156 0006 FF22     		movs	r2, #255
 157 0008 02FA03F2 		lsl	r2, r2, r3
 158 000c 01FA03F1 		lsl	r1, r1, r3
 159              	.LVL11:
 160              		.loc 1 77 0
 161 0010 8008     		lsrs	r0, r0, #2
 162              	.LVL12:
 163 0012 4FF46D43 		mov	r3, #60672
 164              	.LVL13:
 165 0016 CEF20003 		movt	r3, 57344
 166 001a 0630     		adds	r0, r0, #6
 167              		.loc 1 74 0
 168 001c 10B4     		push	{r4}
 169              	.LCFI2:
 170              		.cfi_def_cfa_offset 4
ARM GAS  /var/folders/dt/0wfd0knj7gs46m8vwfzktm600000gn/T//cc63dqen.s 			page 4


 171              		.cfi_offset 4, -4
 172              		.loc 1 77 0
 173 001e 53F82040 		ldr	r4, [r3, r0, lsl #2]
 174 0022 24EA0202 		bic	r2, r4, r2
 175              		.loc 1 78 0
 176 0026 0A43     		orrs	r2, r2, r1
 177              		.loc 1 77 0
 178 0028 43F82020 		str	r2, [r3, r0, lsl #2]
 179              		.loc 1 79 0
 180 002c 10BC     		pop	{r4}
 181 002e 7047     		bx	lr
 182              		.cfi_endproc
 183              	.LFE9:
 184              		.size	nvicSetSystemHandlerPriority, .-nvicSetSystemHandlerPriority
 185              		.text
 186              	.Letext0:
 187              		.file 2 "/Users/toxygen/Applications/yagarto-4.7.2/bin/../lib/gcc/arm-none-eabi/4.7.2/../../../../
 188              		.file 3 "../../os/ports/common/ARMCMx/nvic.h"
 189              		.section	.debug_info,"",%progbits
 190              	.Ldebug_info0:
 191 0000 51040000 		.4byte	0x451
 192 0004 0200     		.2byte	0x2
 193 0006 00000000 		.4byte	.Ldebug_abbrev0
 194 000a 04       		.byte	0x4
 195 000b 01       		.uleb128 0x1
 196 000c 58010000 		.4byte	.LASF46
 197 0010 01       		.byte	0x1
 198 0011 0F000000 		.4byte	.LASF47
 199 0015 D0010000 		.4byte	.LASF48
 200 0019 00000000 		.4byte	.Ldebug_ranges0+0
 201 001d 00000000 		.4byte	0
 202 0021 00000000 		.4byte	0
 203 0025 00000000 		.4byte	.Ldebug_line0
 204 0029 02       		.uleb128 0x2
 205 002a 04       		.byte	0x4
 206 002b 05       		.byte	0x5
 207 002c 696E7400 		.ascii	"int\000"
 208 0030 03       		.uleb128 0x3
 209 0031 04       		.byte	0x4
 210 0032 07       		.byte	0x7
 211 0033 E8000000 		.4byte	.LASF0
 212 0037 03       		.uleb128 0x3
 213 0038 01       		.byte	0x1
 214 0039 06       		.byte	0x6
 215 003a 91010000 		.4byte	.LASF1
 216 003e 03       		.uleb128 0x3
 217 003f 01       		.byte	0x1
 218 0040 08       		.byte	0x8
 219 0041 66000000 		.4byte	.LASF2
 220 0045 03       		.uleb128 0x3
 221 0046 02       		.byte	0x2
 222 0047 05       		.byte	0x5
 223 0048 DE000000 		.4byte	.LASF3
 224 004c 03       		.uleb128 0x3
 225 004d 02       		.byte	0x2
 226 004e 07       		.byte	0x7
 227 004f A4000000 		.4byte	.LASF4
ARM GAS  /var/folders/dt/0wfd0knj7gs46m8vwfzktm600000gn/T//cc63dqen.s 			page 5


 228 0053 03       		.uleb128 0x3
 229 0054 04       		.byte	0x4
 230 0055 05       		.byte	0x5
 231 0056 83010000 		.4byte	.LASF5
 232 005a 04       		.uleb128 0x4
 233 005b 7A010000 		.4byte	.LASF10
 234 005f 02       		.byte	0x2
 235 0060 50       		.byte	0x50
 236 0061 65000000 		.4byte	0x65
 237 0065 03       		.uleb128 0x3
 238 0066 04       		.byte	0x4
 239 0067 07       		.byte	0x7
 240 0068 C1000000 		.4byte	.LASF6
 241 006c 03       		.uleb128 0x3
 242 006d 08       		.byte	0x8
 243 006e 05       		.byte	0x5
 244 006f 3F010000 		.4byte	.LASF7
 245 0073 03       		.uleb128 0x3
 246 0074 08       		.byte	0x8
 247 0075 07       		.byte	0x7
 248 0076 FF000000 		.4byte	.LASF8
 249 007a 03       		.uleb128 0x3
 250 007b 01       		.byte	0x1
 251 007c 02       		.byte	0x2
 252 007d 53000000 		.4byte	.LASF9
 253 0081 04       		.uleb128 0x4
 254 0082 5E000000 		.4byte	.LASF11
 255 0086 03       		.byte	0x3
 256 0087 3A       		.byte	0x3a
 257 0088 8C000000 		.4byte	0x8c
 258 008c 05       		.uleb128 0x5
 259 008d 5A000000 		.4byte	0x5a
 260 0091 06       		.uleb128 0x6
 261 0092 040E     		.2byte	0xe04
 262 0094 03       		.byte	0x3
 263 0095 6A       		.byte	0x6a
 264 0096 5C010000 		.4byte	0x15c
 265 009a 07       		.uleb128 0x7
 266 009b 64010000 		.4byte	.LASF12
 267 009f 03       		.byte	0x3
 268 00a0 6B       		.byte	0x6b
 269 00a1 73010000 		.4byte	0x173
 270 00a5 02       		.byte	0x2
 271 00a6 23       		.byte	0x23
 272 00a7 00       		.uleb128 0
 273 00a8 07       		.uleb128 0x7
 274 00a9 74000000 		.4byte	.LASF13
 275 00ad 03       		.byte	0x3
 276 00ae 6C       		.byte	0x6c
 277 00af 88010000 		.4byte	0x188
 278 00b3 02       		.byte	0x2
 279 00b4 23       		.byte	0x23
 280 00b5 20       		.uleb128 0x20
 281 00b6 07       		.uleb128 0x7
 282 00b7 59000000 		.4byte	.LASF14
 283 00bb 03       		.byte	0x3
 284 00bc 6D       		.byte	0x6d
ARM GAS  /var/folders/dt/0wfd0knj7gs46m8vwfzktm600000gn/T//cc63dqen.s 			page 6


 285 00bd 8D010000 		.4byte	0x18d
 286 00c1 03       		.byte	0x3
 287 00c2 23       		.byte	0x23
 288 00c3 8001     		.uleb128 0x80
 289 00c5 07       		.uleb128 0x7
 290 00c6 7C000000 		.4byte	.LASF15
 291 00ca 03       		.byte	0x3
 292 00cb 6E       		.byte	0x6e
 293 00cc 92010000 		.4byte	0x192
 294 00d0 03       		.byte	0x3
 295 00d1 23       		.byte	0x23
 296 00d2 A001     		.uleb128 0xa0
 297 00d4 07       		.uleb128 0x7
 298 00d5 F5000000 		.4byte	.LASF16
 299 00d9 03       		.byte	0x3
 300 00da 6F       		.byte	0x6f
 301 00db 97010000 		.4byte	0x197
 302 00df 03       		.byte	0x3
 303 00e0 23       		.byte	0x23
 304 00e1 8002     		.uleb128 0x100
 305 00e3 07       		.uleb128 0x7
 306 00e4 84000000 		.4byte	.LASF17
 307 00e8 03       		.byte	0x3
 308 00e9 70       		.byte	0x70
 309 00ea 9C010000 		.4byte	0x19c
 310 00ee 03       		.byte	0x3
 311 00ef 23       		.byte	0x23
 312 00f0 A002     		.uleb128 0x120
 313 00f2 07       		.uleb128 0x7
 314 00f3 05000000 		.4byte	.LASF18
 315 00f7 03       		.byte	0x3
 316 00f8 71       		.byte	0x71
 317 00f9 A1010000 		.4byte	0x1a1
 318 00fd 03       		.byte	0x3
 319 00fe 23       		.byte	0x23
 320 00ff 8003     		.uleb128 0x180
 321 0101 07       		.uleb128 0x7
 322 0102 8C000000 		.4byte	.LASF19
 323 0106 03       		.byte	0x3
 324 0107 72       		.byte	0x72
 325 0108 A6010000 		.4byte	0x1a6
 326 010c 03       		.byte	0x3
 327 010d 23       		.byte	0x23
 328 010e A003     		.uleb128 0x1a0
 329 0110 07       		.uleb128 0x7
 330 0111 BA010000 		.4byte	.LASF20
 331 0115 03       		.byte	0x3
 332 0116 73       		.byte	0x73
 333 0117 AB010000 		.4byte	0x1ab
 334 011b 03       		.byte	0x3
 335 011c 23       		.byte	0x23
 336 011d 8004     		.uleb128 0x200
 337 011f 07       		.uleb128 0x7
 338 0120 94000000 		.4byte	.LASF21
 339 0124 03       		.byte	0x3
 340 0125 74       		.byte	0x74
 341 0126 C0010000 		.4byte	0x1c0
ARM GAS  /var/folders/dt/0wfd0knj7gs46m8vwfzktm600000gn/T//cc63dqen.s 			page 7


 342 012a 03       		.byte	0x3
 343 012b 23       		.byte	0x23
 344 012c A004     		.uleb128 0x220
 345 012e 08       		.uleb128 0x8
 346 012f 49505200 		.ascii	"IPR\000"
 347 0133 03       		.byte	0x3
 348 0134 75       		.byte	0x75
 349 0135 D5010000 		.4byte	0x1d5
 350 0139 03       		.byte	0x3
 351 013a 23       		.byte	0x23
 352 013b 8006     		.uleb128 0x300
 353 013d 07       		.uleb128 0x7
 354 013e 9C000000 		.4byte	.LASF22
 355 0142 03       		.byte	0x3
 356 0143 76       		.byte	0x76
 357 0144 EB010000 		.4byte	0x1eb
 358 0148 03       		.byte	0x3
 359 0149 23       		.byte	0x23
 360 014a F007     		.uleb128 0x3f0
 361 014c 07       		.uleb128 0x7
 362 014d D9000000 		.4byte	.LASF23
 363 0151 03       		.byte	0x3
 364 0152 77       		.byte	0x77
 365 0153 81000000 		.4byte	0x81
 366 0157 03       		.byte	0x3
 367 0158 23       		.byte	0x23
 368 0159 801C     		.uleb128 0xe00
 369 015b 00       		.byte	0
 370 015c 09       		.uleb128 0x9
 371 015d 81000000 		.4byte	0x81
 372 0161 6C010000 		.4byte	0x16c
 373 0165 0A       		.uleb128 0xa
 374 0166 6C010000 		.4byte	0x16c
 375 016a 07       		.byte	0x7
 376 016b 00       		.byte	0
 377 016c 03       		.uleb128 0x3
 378 016d 04       		.byte	0x4
 379 016e 07       		.byte	0x7
 380 016f 36010000 		.4byte	.LASF24
 381 0173 05       		.uleb128 0x5
 382 0174 5C010000 		.4byte	0x15c
 383 0178 09       		.uleb128 0x9
 384 0179 81000000 		.4byte	0x81
 385 017d 88010000 		.4byte	0x188
 386 0181 0A       		.uleb128 0xa
 387 0182 6C010000 		.4byte	0x16c
 388 0186 17       		.byte	0x17
 389 0187 00       		.byte	0
 390 0188 05       		.uleb128 0x5
 391 0189 78010000 		.4byte	0x178
 392 018d 05       		.uleb128 0x5
 393 018e 5C010000 		.4byte	0x15c
 394 0192 05       		.uleb128 0x5
 395 0193 78010000 		.4byte	0x178
 396 0197 05       		.uleb128 0x5
 397 0198 5C010000 		.4byte	0x15c
 398 019c 05       		.uleb128 0x5
ARM GAS  /var/folders/dt/0wfd0knj7gs46m8vwfzktm600000gn/T//cc63dqen.s 			page 8


 399 019d 78010000 		.4byte	0x178
 400 01a1 05       		.uleb128 0x5
 401 01a2 5C010000 		.4byte	0x15c
 402 01a6 05       		.uleb128 0x5
 403 01a7 78010000 		.4byte	0x178
 404 01ab 05       		.uleb128 0x5
 405 01ac 5C010000 		.4byte	0x15c
 406 01b0 09       		.uleb128 0x9
 407 01b1 81000000 		.4byte	0x81
 408 01b5 C0010000 		.4byte	0x1c0
 409 01b9 0A       		.uleb128 0xa
 410 01ba 6C010000 		.4byte	0x16c
 411 01be 37       		.byte	0x37
 412 01bf 00       		.byte	0
 413 01c0 05       		.uleb128 0x5
 414 01c1 B0010000 		.4byte	0x1b0
 415 01c5 09       		.uleb128 0x9
 416 01c6 81000000 		.4byte	0x81
 417 01ca D5010000 		.4byte	0x1d5
 418 01ce 0A       		.uleb128 0xa
 419 01cf 6C010000 		.4byte	0x16c
 420 01d3 3B       		.byte	0x3b
 421 01d4 00       		.byte	0
 422 01d5 05       		.uleb128 0x5
 423 01d6 C5010000 		.4byte	0x1c5
 424 01da 09       		.uleb128 0x9
 425 01db 81000000 		.4byte	0x81
 426 01df EB010000 		.4byte	0x1eb
 427 01e3 0B       		.uleb128 0xb
 428 01e4 6C010000 		.4byte	0x16c
 429 01e8 8302     		.2byte	0x283
 430 01ea 00       		.byte	0
 431 01eb 05       		.uleb128 0x5
 432 01ec DA010000 		.4byte	0x1da
 433 01f0 04       		.uleb128 0x4
 434 01f1 45000000 		.4byte	.LASF25
 435 01f5 03       		.byte	0x3
 436 01f6 78       		.byte	0x78
 437 01f7 91000000 		.4byte	0x91
 438 01fb 0C       		.uleb128 0xc
 439 01fc 8C       		.byte	0x8c
 440 01fd 03       		.byte	0x3
 441 01fe 89       		.byte	0x89
 442 01ff 2B030000 		.4byte	0x32b
 443 0203 07       		.uleb128 0x7
 444 0204 4D010000 		.4byte	.LASF26
 445 0208 03       		.byte	0x3
 446 0209 8A       		.byte	0x8a
 447 020a 81000000 		.4byte	0x81
 448 020e 02       		.byte	0x2
 449 020f 23       		.byte	0x23
 450 0210 00       		.uleb128 0
 451 0211 07       		.uleb128 0x7
 452 0212 16010000 		.4byte	.LASF27
 453 0216 03       		.byte	0x3
 454 0217 8B       		.byte	0x8b
 455 0218 81000000 		.4byte	0x81
ARM GAS  /var/folders/dt/0wfd0knj7gs46m8vwfzktm600000gn/T//cc63dqen.s 			page 9


 456 021c 02       		.byte	0x2
 457 021d 23       		.byte	0x23
 458 021e 04       		.uleb128 0x4
 459 021f 07       		.uleb128 0x7
 460 0220 4E000000 		.4byte	.LASF28
 461 0224 03       		.byte	0x3
 462 0225 8C       		.byte	0x8c
 463 0226 81000000 		.4byte	0x81
 464 022a 02       		.byte	0x2
 465 022b 23       		.byte	0x23
 466 022c 08       		.uleb128 0x8
 467 022d 07       		.uleb128 0x7
 468 022e 23010000 		.4byte	.LASF29
 469 0232 03       		.byte	0x3
 470 0233 8D       		.byte	0x8d
 471 0234 81000000 		.4byte	0x81
 472 0238 02       		.byte	0x2
 473 0239 23       		.byte	0x23
 474 023a 0C       		.uleb128 0xc
 475 023b 08       		.uleb128 0x8
 476 023c 53435200 		.ascii	"SCR\000"
 477 0240 03       		.byte	0x3
 478 0241 8E       		.byte	0x8e
 479 0242 81000000 		.4byte	0x81
 480 0246 02       		.byte	0x2
 481 0247 23       		.byte	0x23
 482 0248 10       		.uleb128 0x10
 483 0249 08       		.uleb128 0x8
 484 024a 43435200 		.ascii	"CCR\000"
 485 024e 03       		.byte	0x3
 486 024f 8F       		.byte	0x8f
 487 0250 81000000 		.4byte	0x81
 488 0254 02       		.byte	0x2
 489 0255 23       		.byte	0x23
 490 0256 14       		.uleb128 0x14
 491 0257 07       		.uleb128 0x7
 492 0258 8C010000 		.4byte	.LASF30
 493 025c 03       		.byte	0x3
 494 025d 90       		.byte	0x90
 495 025e 3B030000 		.4byte	0x33b
 496 0262 02       		.byte	0x2
 497 0263 23       		.byte	0x23
 498 0264 18       		.uleb128 0x18
 499 0265 07       		.uleb128 0x7
 500 0266 74010000 		.4byte	.LASF31
 501 026a 03       		.byte	0x3
 502 026b 91       		.byte	0x91
 503 026c 81000000 		.4byte	0x81
 504 0270 02       		.byte	0x2
 505 0271 23       		.byte	0x23
 506 0272 24       		.uleb128 0x24
 507 0273 07       		.uleb128 0x7
 508 0274 B7000000 		.4byte	.LASF32
 509 0278 03       		.byte	0x3
 510 0279 92       		.byte	0x92
 511 027a 81000000 		.4byte	0x81
 512 027e 02       		.byte	0x2
ARM GAS  /var/folders/dt/0wfd0knj7gs46m8vwfzktm600000gn/T//cc63dqen.s 			page 10


 513 027f 23       		.byte	0x23
 514 0280 28       		.uleb128 0x28
 515 0281 07       		.uleb128 0x7
 516 0282 BC000000 		.4byte	.LASF33
 517 0286 03       		.byte	0x3
 518 0287 93       		.byte	0x93
 519 0288 81000000 		.4byte	0x81
 520 028c 02       		.byte	0x2
 521 028d 23       		.byte	0x23
 522 028e 2C       		.uleb128 0x2c
 523 028f 07       		.uleb128 0x7
 524 0290 FA000000 		.4byte	.LASF34
 525 0294 03       		.byte	0x3
 526 0295 94       		.byte	0x94
 527 0296 81000000 		.4byte	0x81
 528 029a 02       		.byte	0x2
 529 029b 23       		.byte	0x23
 530 029c 30       		.uleb128 0x30
 531 029d 07       		.uleb128 0x7
 532 029e 6E010000 		.4byte	.LASF35
 533 02a2 03       		.byte	0x3
 534 02a3 95       		.byte	0x95
 535 02a4 81000000 		.4byte	0x81
 536 02a8 02       		.byte	0x2
 537 02a9 23       		.byte	0x23
 538 02aa 34       		.uleb128 0x34
 539 02ab 07       		.uleb128 0x7
 540 02ac 29010000 		.4byte	.LASF36
 541 02b0 03       		.byte	0x3
 542 02b1 96       		.byte	0x96
 543 02b2 81000000 		.4byte	0x81
 544 02b6 02       		.byte	0x2
 545 02b7 23       		.byte	0x23
 546 02b8 38       		.uleb128 0x38
 547 02b9 07       		.uleb128 0x7
 548 02ba 69010000 		.4byte	.LASF37
 549 02be 03       		.byte	0x3
 550 02bf 97       		.byte	0x97
 551 02c0 81000000 		.4byte	0x81
 552 02c4 02       		.byte	0x2
 553 02c5 23       		.byte	0x23
 554 02c6 3C       		.uleb128 0x3c
 555 02c7 08       		.uleb128 0x8
 556 02c8 50465200 		.ascii	"PFR\000"
 557 02cc 03       		.byte	0x3
 558 02cd 98       		.byte	0x98
 559 02ce 50030000 		.4byte	0x350
 560 02d2 02       		.byte	0x2
 561 02d3 23       		.byte	0x23
 562 02d4 40       		.uleb128 0x40
 563 02d5 08       		.uleb128 0x8
 564 02d6 44465200 		.ascii	"DFR\000"
 565 02da 03       		.byte	0x3
 566 02db 99       		.byte	0x99
 567 02dc 81000000 		.4byte	0x81
 568 02e0 02       		.byte	0x2
 569 02e1 23       		.byte	0x23
ARM GAS  /var/folders/dt/0wfd0knj7gs46m8vwfzktm600000gn/T//cc63dqen.s 			page 11


 570 02e2 48       		.uleb128 0x48
 571 02e3 08       		.uleb128 0x8
 572 02e4 41445200 		.ascii	"ADR\000"
 573 02e8 03       		.byte	0x3
 574 02e9 9A       		.byte	0x9a
 575 02ea 81000000 		.4byte	0x81
 576 02ee 02       		.byte	0x2
 577 02ef 23       		.byte	0x23
 578 02f0 4C       		.uleb128 0x4c
 579 02f1 07       		.uleb128 0x7
 580 02f2 0A000000 		.4byte	.LASF38
 581 02f6 03       		.byte	0x3
 582 02f7 9B       		.byte	0x9b
 583 02f8 65030000 		.4byte	0x365
 584 02fc 02       		.byte	0x2
 585 02fd 23       		.byte	0x23
 586 02fe 50       		.uleb128 0x50
 587 02ff 08       		.uleb128 0x8
 588 0300 53415200 		.ascii	"SAR\000"
 589 0304 03       		.byte	0x3
 590 0305 9C       		.byte	0x9c
 591 0306 7A030000 		.4byte	0x37a
 592 030a 02       		.byte	0x2
 593 030b 23       		.byte	0x23
 594 030c 60       		.uleb128 0x60
 595 030d 07       		.uleb128 0x7
 596 030e 74000000 		.4byte	.LASF13
 597 0312 03       		.byte	0x3
 598 0313 9D       		.byte	0x9d
 599 0314 7F030000 		.4byte	0x37f
 600 0318 02       		.byte	0x2
 601 0319 23       		.byte	0x23
 602 031a 74       		.uleb128 0x74
 603 031b 07       		.uleb128 0x7
 604 031c D3000000 		.4byte	.LASF39
 605 0320 03       		.byte	0x3
 606 0321 9E       		.byte	0x9e
 607 0322 81000000 		.4byte	0x81
 608 0326 03       		.byte	0x3
 609 0327 23       		.byte	0x23
 610 0328 8801     		.uleb128 0x88
 611 032a 00       		.byte	0
 612 032b 09       		.uleb128 0x9
 613 032c 81000000 		.4byte	0x81
 614 0330 3B030000 		.4byte	0x33b
 615 0334 0A       		.uleb128 0xa
 616 0335 6C010000 		.4byte	0x16c
 617 0339 02       		.byte	0x2
 618 033a 00       		.byte	0
 619 033b 05       		.uleb128 0x5
 620 033c 2B030000 		.4byte	0x32b
 621 0340 09       		.uleb128 0x9
 622 0341 81000000 		.4byte	0x81
 623 0345 50030000 		.4byte	0x350
 624 0349 0A       		.uleb128 0xa
 625 034a 6C010000 		.4byte	0x16c
 626 034e 01       		.byte	0x1
ARM GAS  /var/folders/dt/0wfd0knj7gs46m8vwfzktm600000gn/T//cc63dqen.s 			page 12


 627 034f 00       		.byte	0
 628 0350 05       		.uleb128 0x5
 629 0351 40030000 		.4byte	0x340
 630 0355 09       		.uleb128 0x9
 631 0356 81000000 		.4byte	0x81
 632 035a 65030000 		.4byte	0x365
 633 035e 0A       		.uleb128 0xa
 634 035f 6C010000 		.4byte	0x16c
 635 0363 03       		.byte	0x3
 636 0364 00       		.byte	0
 637 0365 05       		.uleb128 0x5
 638 0366 55030000 		.4byte	0x355
 639 036a 09       		.uleb128 0x9
 640 036b 81000000 		.4byte	0x81
 641 036f 7A030000 		.4byte	0x37a
 642 0373 0A       		.uleb128 0xa
 643 0374 6C010000 		.4byte	0x16c
 644 0378 04       		.byte	0x4
 645 0379 00       		.byte	0
 646 037a 05       		.uleb128 0x5
 647 037b 6A030000 		.4byte	0x36a
 648 037f 05       		.uleb128 0x5
 649 0380 6A030000 		.4byte	0x36a
 650 0384 04       		.uleb128 0x4
 651 0385 1B010000 		.4byte	.LASF40
 652 0389 03       		.byte	0x3
 653 038a 9F       		.byte	0x9f
 654 038b FB010000 		.4byte	0x1fb
 655 038f 03       		.uleb128 0x3
 656 0390 01       		.byte	0x1
 657 0391 08       		.byte	0x8
 658 0392 53010000 		.4byte	.LASF41
 659 0396 0D       		.uleb128 0xd
 660 0397 01       		.byte	0x1
 661 0398 BF010000 		.4byte	.LASF43
 662 039c 01       		.byte	0x1
 663 039d 2E       		.byte	0x2e
 664 039e 01       		.byte	0x1
 665 039f 00000000 		.4byte	.LFB7
 666 03a3 48000000 		.4byte	.LFE7
 667 03a7 00000000 		.4byte	.LLST0
 668 03ab 01       		.byte	0x1
 669 03ac DB030000 		.4byte	0x3db
 670 03b0 0E       		.uleb128 0xe
 671 03b1 6E00     		.ascii	"n\000"
 672 03b3 01       		.byte	0x1
 673 03b4 2E       		.byte	0x2e
 674 03b5 5A000000 		.4byte	0x5a
 675 03b9 20000000 		.4byte	.LLST1
 676 03bd 0F       		.uleb128 0xf
 677 03be 00000000 		.4byte	.LASF42
 678 03c2 01       		.byte	0x1
 679 03c3 2E       		.byte	0x2e
 680 03c4 5A000000 		.4byte	0x5a
 681 03c8 41000000 		.4byte	.LLST2
 682 03cc 10       		.uleb128 0x10
 683 03cd 736800   		.ascii	"sh\000"
ARM GAS  /var/folders/dt/0wfd0knj7gs46m8vwfzktm600000gn/T//cc63dqen.s 			page 13


 684 03d0 01       		.byte	0x1
 685 03d1 2F       		.byte	0x2f
 686 03d2 30000000 		.4byte	0x30
 687 03d6 62000000 		.4byte	.LLST3
 688 03da 00       		.byte	0
 689 03db 0D       		.uleb128 0xd
 690 03dc 01       		.byte	0x1
 691 03dd 33000000 		.4byte	.LASF44
 692 03e1 01       		.byte	0x1
 693 03e2 3C       		.byte	0x3c
 694 03e3 01       		.byte	0x1
 695 03e4 00000000 		.4byte	.LFB8
 696 03e8 3C000000 		.4byte	.LFE8
 697 03ec A9000000 		.4byte	.LLST4
 698 03f0 01       		.byte	0x1
 699 03f1 11040000 		.4byte	0x411
 700 03f5 0E       		.uleb128 0xe
 701 03f6 6E00     		.ascii	"n\000"
 702 03f8 01       		.byte	0x1
 703 03f9 3C       		.byte	0x3c
 704 03fa 5A000000 		.4byte	0x5a
 705 03fe C9000000 		.4byte	.LLST5
 706 0402 10       		.uleb128 0x10
 707 0403 736800   		.ascii	"sh\000"
 708 0406 01       		.byte	0x1
 709 0407 3D       		.byte	0x3d
 710 0408 30000000 		.4byte	0x30
 711 040c EA000000 		.4byte	.LLST6
 712 0410 00       		.byte	0
 713 0411 11       		.uleb128 0x11
 714 0412 01       		.byte	0x1
 715 0413 9D010000 		.4byte	.LASF49
 716 0417 01       		.byte	0x1
 717 0418 4A       		.byte	0x4a
 718 0419 01       		.byte	0x1
 719 041a 00000000 		.4byte	.LFB9
 720 041e 30000000 		.4byte	.LFE9
 721 0422 31010000 		.4byte	.LLST7
 722 0426 01       		.byte	0x1
 723 0427 0F       		.uleb128 0xf
 724 0428 2E010000 		.4byte	.LASF45
 725 042c 01       		.byte	0x1
 726 042d 4A       		.byte	0x4a
 727 042e 5A000000 		.4byte	0x5a
 728 0432 51010000 		.4byte	.LLST8
 729 0436 0F       		.uleb128 0xf
 730 0437 00000000 		.4byte	.LASF42
 731 043b 01       		.byte	0x1
 732 043c 4A       		.byte	0x4a
 733 043d 5A000000 		.4byte	0x5a
 734 0441 72010000 		.4byte	.LLST9
 735 0445 10       		.uleb128 0x10
 736 0446 736800   		.ascii	"sh\000"
 737 0449 01       		.byte	0x1
 738 044a 4B       		.byte	0x4b
 739 044b 30000000 		.4byte	0x30
 740 044f 93010000 		.4byte	.LLST10
ARM GAS  /var/folders/dt/0wfd0knj7gs46m8vwfzktm600000gn/T//cc63dqen.s 			page 14


 741 0453 00       		.byte	0
 742 0454 00       		.byte	0
 743              		.section	.debug_abbrev,"",%progbits
 744              	.Ldebug_abbrev0:
 745 0000 01       		.uleb128 0x1
 746 0001 11       		.uleb128 0x11
 747 0002 01       		.byte	0x1
 748 0003 25       		.uleb128 0x25
 749 0004 0E       		.uleb128 0xe
 750 0005 13       		.uleb128 0x13
 751 0006 0B       		.uleb128 0xb
 752 0007 03       		.uleb128 0x3
 753 0008 0E       		.uleb128 0xe
 754 0009 1B       		.uleb128 0x1b
 755 000a 0E       		.uleb128 0xe
 756 000b 55       		.uleb128 0x55
 757 000c 06       		.uleb128 0x6
 758 000d 11       		.uleb128 0x11
 759 000e 01       		.uleb128 0x1
 760 000f 52       		.uleb128 0x52
 761 0010 01       		.uleb128 0x1
 762 0011 10       		.uleb128 0x10
 763 0012 06       		.uleb128 0x6
 764 0013 00       		.byte	0
 765 0014 00       		.byte	0
 766 0015 02       		.uleb128 0x2
 767 0016 24       		.uleb128 0x24
 768 0017 00       		.byte	0
 769 0018 0B       		.uleb128 0xb
 770 0019 0B       		.uleb128 0xb
 771 001a 3E       		.uleb128 0x3e
 772 001b 0B       		.uleb128 0xb
 773 001c 03       		.uleb128 0x3
 774 001d 08       		.uleb128 0x8
 775 001e 00       		.byte	0
 776 001f 00       		.byte	0
 777 0020 03       		.uleb128 0x3
 778 0021 24       		.uleb128 0x24
 779 0022 00       		.byte	0
 780 0023 0B       		.uleb128 0xb
 781 0024 0B       		.uleb128 0xb
 782 0025 3E       		.uleb128 0x3e
 783 0026 0B       		.uleb128 0xb
 784 0027 03       		.uleb128 0x3
 785 0028 0E       		.uleb128 0xe
 786 0029 00       		.byte	0
 787 002a 00       		.byte	0
 788 002b 04       		.uleb128 0x4
 789 002c 16       		.uleb128 0x16
 790 002d 00       		.byte	0
 791 002e 03       		.uleb128 0x3
 792 002f 0E       		.uleb128 0xe
 793 0030 3A       		.uleb128 0x3a
 794 0031 0B       		.uleb128 0xb
 795 0032 3B       		.uleb128 0x3b
 796 0033 0B       		.uleb128 0xb
 797 0034 49       		.uleb128 0x49
ARM GAS  /var/folders/dt/0wfd0knj7gs46m8vwfzktm600000gn/T//cc63dqen.s 			page 15


 798 0035 13       		.uleb128 0x13
 799 0036 00       		.byte	0
 800 0037 00       		.byte	0
 801 0038 05       		.uleb128 0x5
 802 0039 35       		.uleb128 0x35
 803 003a 00       		.byte	0
 804 003b 49       		.uleb128 0x49
 805 003c 13       		.uleb128 0x13
 806 003d 00       		.byte	0
 807 003e 00       		.byte	0
 808 003f 06       		.uleb128 0x6
 809 0040 13       		.uleb128 0x13
 810 0041 01       		.byte	0x1
 811 0042 0B       		.uleb128 0xb
 812 0043 05       		.uleb128 0x5
 813 0044 3A       		.uleb128 0x3a
 814 0045 0B       		.uleb128 0xb
 815 0046 3B       		.uleb128 0x3b
 816 0047 0B       		.uleb128 0xb
 817 0048 01       		.uleb128 0x1
 818 0049 13       		.uleb128 0x13
 819 004a 00       		.byte	0
 820 004b 00       		.byte	0
 821 004c 07       		.uleb128 0x7
 822 004d 0D       		.uleb128 0xd
 823 004e 00       		.byte	0
 824 004f 03       		.uleb128 0x3
 825 0050 0E       		.uleb128 0xe
 826 0051 3A       		.uleb128 0x3a
 827 0052 0B       		.uleb128 0xb
 828 0053 3B       		.uleb128 0x3b
 829 0054 0B       		.uleb128 0xb
 830 0055 49       		.uleb128 0x49
 831 0056 13       		.uleb128 0x13
 832 0057 38       		.uleb128 0x38
 833 0058 0A       		.uleb128 0xa
 834 0059 00       		.byte	0
 835 005a 00       		.byte	0
 836 005b 08       		.uleb128 0x8
 837 005c 0D       		.uleb128 0xd
 838 005d 00       		.byte	0
 839 005e 03       		.uleb128 0x3
 840 005f 08       		.uleb128 0x8
 841 0060 3A       		.uleb128 0x3a
 842 0061 0B       		.uleb128 0xb
 843 0062 3B       		.uleb128 0x3b
 844 0063 0B       		.uleb128 0xb
 845 0064 49       		.uleb128 0x49
 846 0065 13       		.uleb128 0x13
 847 0066 38       		.uleb128 0x38
 848 0067 0A       		.uleb128 0xa
 849 0068 00       		.byte	0
 850 0069 00       		.byte	0
 851 006a 09       		.uleb128 0x9
 852 006b 01       		.uleb128 0x1
 853 006c 01       		.byte	0x1
 854 006d 49       		.uleb128 0x49
ARM GAS  /var/folders/dt/0wfd0knj7gs46m8vwfzktm600000gn/T//cc63dqen.s 			page 16


 855 006e 13       		.uleb128 0x13
 856 006f 01       		.uleb128 0x1
 857 0070 13       		.uleb128 0x13
 858 0071 00       		.byte	0
 859 0072 00       		.byte	0
 860 0073 0A       		.uleb128 0xa
 861 0074 21       		.uleb128 0x21
 862 0075 00       		.byte	0
 863 0076 49       		.uleb128 0x49
 864 0077 13       		.uleb128 0x13
 865 0078 2F       		.uleb128 0x2f
 866 0079 0B       		.uleb128 0xb
 867 007a 00       		.byte	0
 868 007b 00       		.byte	0
 869 007c 0B       		.uleb128 0xb
 870 007d 21       		.uleb128 0x21
 871 007e 00       		.byte	0
 872 007f 49       		.uleb128 0x49
 873 0080 13       		.uleb128 0x13
 874 0081 2F       		.uleb128 0x2f
 875 0082 05       		.uleb128 0x5
 876 0083 00       		.byte	0
 877 0084 00       		.byte	0
 878 0085 0C       		.uleb128 0xc
 879 0086 13       		.uleb128 0x13
 880 0087 01       		.byte	0x1
 881 0088 0B       		.uleb128 0xb
 882 0089 0B       		.uleb128 0xb
 883 008a 3A       		.uleb128 0x3a
 884 008b 0B       		.uleb128 0xb
 885 008c 3B       		.uleb128 0x3b
 886 008d 0B       		.uleb128 0xb
 887 008e 01       		.uleb128 0x1
 888 008f 13       		.uleb128 0x13
 889 0090 00       		.byte	0
 890 0091 00       		.byte	0
 891 0092 0D       		.uleb128 0xd
 892 0093 2E       		.uleb128 0x2e
 893 0094 01       		.byte	0x1
 894 0095 3F       		.uleb128 0x3f
 895 0096 0C       		.uleb128 0xc
 896 0097 03       		.uleb128 0x3
 897 0098 0E       		.uleb128 0xe
 898 0099 3A       		.uleb128 0x3a
 899 009a 0B       		.uleb128 0xb
 900 009b 3B       		.uleb128 0x3b
 901 009c 0B       		.uleb128 0xb
 902 009d 27       		.uleb128 0x27
 903 009e 0C       		.uleb128 0xc
 904 009f 11       		.uleb128 0x11
 905 00a0 01       		.uleb128 0x1
 906 00a1 12       		.uleb128 0x12
 907 00a2 01       		.uleb128 0x1
 908 00a3 40       		.uleb128 0x40
 909 00a4 06       		.uleb128 0x6
 910 00a5 9742     		.uleb128 0x2117
 911 00a7 0C       		.uleb128 0xc
ARM GAS  /var/folders/dt/0wfd0knj7gs46m8vwfzktm600000gn/T//cc63dqen.s 			page 17


 912 00a8 01       		.uleb128 0x1
 913 00a9 13       		.uleb128 0x13
 914 00aa 00       		.byte	0
 915 00ab 00       		.byte	0
 916 00ac 0E       		.uleb128 0xe
 917 00ad 05       		.uleb128 0x5
 918 00ae 00       		.byte	0
 919 00af 03       		.uleb128 0x3
 920 00b0 08       		.uleb128 0x8
 921 00b1 3A       		.uleb128 0x3a
 922 00b2 0B       		.uleb128 0xb
 923 00b3 3B       		.uleb128 0x3b
 924 00b4 0B       		.uleb128 0xb
 925 00b5 49       		.uleb128 0x49
 926 00b6 13       		.uleb128 0x13
 927 00b7 02       		.uleb128 0x2
 928 00b8 06       		.uleb128 0x6
 929 00b9 00       		.byte	0
 930 00ba 00       		.byte	0
 931 00bb 0F       		.uleb128 0xf
 932 00bc 05       		.uleb128 0x5
 933 00bd 00       		.byte	0
 934 00be 03       		.uleb128 0x3
 935 00bf 0E       		.uleb128 0xe
 936 00c0 3A       		.uleb128 0x3a
 937 00c1 0B       		.uleb128 0xb
 938 00c2 3B       		.uleb128 0x3b
 939 00c3 0B       		.uleb128 0xb
 940 00c4 49       		.uleb128 0x49
 941 00c5 13       		.uleb128 0x13
 942 00c6 02       		.uleb128 0x2
 943 00c7 06       		.uleb128 0x6
 944 00c8 00       		.byte	0
 945 00c9 00       		.byte	0
 946 00ca 10       		.uleb128 0x10
 947 00cb 34       		.uleb128 0x34
 948 00cc 00       		.byte	0
 949 00cd 03       		.uleb128 0x3
 950 00ce 08       		.uleb128 0x8
 951 00cf 3A       		.uleb128 0x3a
 952 00d0 0B       		.uleb128 0xb
 953 00d1 3B       		.uleb128 0x3b
 954 00d2 0B       		.uleb128 0xb
 955 00d3 49       		.uleb128 0x49
 956 00d4 13       		.uleb128 0x13
 957 00d5 02       		.uleb128 0x2
 958 00d6 06       		.uleb128 0x6
 959 00d7 00       		.byte	0
 960 00d8 00       		.byte	0
 961 00d9 11       		.uleb128 0x11
 962 00da 2E       		.uleb128 0x2e
 963 00db 01       		.byte	0x1
 964 00dc 3F       		.uleb128 0x3f
 965 00dd 0C       		.uleb128 0xc
 966 00de 03       		.uleb128 0x3
 967 00df 0E       		.uleb128 0xe
 968 00e0 3A       		.uleb128 0x3a
ARM GAS  /var/folders/dt/0wfd0knj7gs46m8vwfzktm600000gn/T//cc63dqen.s 			page 18


 969 00e1 0B       		.uleb128 0xb
 970 00e2 3B       		.uleb128 0x3b
 971 00e3 0B       		.uleb128 0xb
 972 00e4 27       		.uleb128 0x27
 973 00e5 0C       		.uleb128 0xc
 974 00e6 11       		.uleb128 0x11
 975 00e7 01       		.uleb128 0x1
 976 00e8 12       		.uleb128 0x12
 977 00e9 01       		.uleb128 0x1
 978 00ea 40       		.uleb128 0x40
 979 00eb 06       		.uleb128 0x6
 980 00ec 9742     		.uleb128 0x2117
 981 00ee 0C       		.uleb128 0xc
 982 00ef 00       		.byte	0
 983 00f0 00       		.byte	0
 984 00f1 00       		.byte	0
 985              		.section	.debug_loc,"",%progbits
 986              	.Ldebug_loc0:
 987              	.LLST0:
 988 0000 00000000 		.4byte	.LFB7
 989 0004 06000000 		.4byte	.LCFI0
 990 0008 0200     		.2byte	0x2
 991 000a 7D       		.byte	0x7d
 992 000b 00       		.sleb128 0
 993 000c 06000000 		.4byte	.LCFI0
 994 0010 48000000 		.4byte	.LFE7
 995 0014 0200     		.2byte	0x2
 996 0016 7D       		.byte	0x7d
 997 0017 0C       		.sleb128 12
 998 0018 00000000 		.4byte	0
 999 001c 00000000 		.4byte	0
 1000              	.LLST1:
 1001 0020 00000000 		.4byte	.LVL0
 1002 0024 2E000000 		.4byte	.LVL4
 1003 0028 0100     		.2byte	0x1
 1004 002a 50       		.byte	0x50
 1005 002b 2E000000 		.4byte	.LVL4
 1006 002f 48000000 		.4byte	.LFE7
 1007 0033 0400     		.2byte	0x4
 1008 0035 F3       		.byte	0xf3
 1009 0036 01       		.uleb128 0x1
 1010 0037 50       		.byte	0x50
 1011 0038 9F       		.byte	0x9f
 1012 0039 00000000 		.4byte	0
 1013 003d 00000000 		.4byte	0
 1014              	.LLST2:
 1015 0041 00000000 		.4byte	.LVL0
 1016 0045 12000000 		.4byte	.LVL2
 1017 0049 0100     		.2byte	0x1
 1018 004b 51       		.byte	0x51
 1019 004c 12000000 		.4byte	.LVL2
 1020 0050 48000000 		.4byte	.LFE7
 1021 0054 0400     		.2byte	0x4
 1022 0056 F3       		.byte	0xf3
 1023 0057 01       		.uleb128 0x1
 1024 0058 51       		.byte	0x51
 1025 0059 9F       		.byte	0x9f
ARM GAS  /var/folders/dt/0wfd0knj7gs46m8vwfzktm600000gn/T//cc63dqen.s 			page 19


 1026 005a 00000000 		.4byte	0
 1027 005e 00000000 		.4byte	0
 1028              	.LLST3:
 1029 0062 00000000 		.4byte	.LVL0
 1030 0066 08000000 		.4byte	.LVL1
 1031 006a 0700     		.2byte	0x7
 1032 006c 70       		.byte	0x70
 1033 006d 00       		.sleb128 0
 1034 006e 33       		.byte	0x33
 1035 006f 1A       		.byte	0x1a
 1036 0070 33       		.byte	0x33
 1037 0071 24       		.byte	0x24
 1038 0072 9F       		.byte	0x9f
 1039 0073 08000000 		.4byte	.LVL1
 1040 0077 18000000 		.4byte	.LVL3
 1041 007b 0100     		.2byte	0x1
 1042 007d 53       		.byte	0x53
 1043 007e 18000000 		.4byte	.LVL3
 1044 0082 2E000000 		.4byte	.LVL4
 1045 0086 0700     		.2byte	0x7
 1046 0088 70       		.byte	0x70
 1047 0089 00       		.sleb128 0
 1048 008a 33       		.byte	0x33
 1049 008b 1A       		.byte	0x1a
 1050 008c 33       		.byte	0x33
 1051 008d 24       		.byte	0x24
 1052 008e 9F       		.byte	0x9f
 1053 008f 2E000000 		.4byte	.LVL4
 1054 0093 48000000 		.4byte	.LFE7
 1055 0097 0800     		.2byte	0x8
 1056 0099 F3       		.byte	0xf3
 1057 009a 01       		.uleb128 0x1
 1058 009b 50       		.byte	0x50
 1059 009c 33       		.byte	0x33
 1060 009d 1A       		.byte	0x1a
 1061 009e 33       		.byte	0x33
 1062 009f 24       		.byte	0x24
 1063 00a0 9F       		.byte	0x9f
 1064 00a1 00000000 		.4byte	0
 1065 00a5 00000000 		.4byte	0
 1066              	.LLST4:
 1067 00a9 00000000 		.4byte	.LFB8
 1068 00ad 02000000 		.4byte	.LCFI1
 1069 00b1 0200     		.2byte	0x2
 1070 00b3 7D       		.byte	0x7d
 1071 00b4 00       		.sleb128 0
 1072 00b5 02000000 		.4byte	.LCFI1
 1073 00b9 3C000000 		.4byte	.LFE8
 1074 00bd 0200     		.2byte	0x2
 1075 00bf 7D       		.byte	0x7d
 1076 00c0 04       		.sleb128 4
 1077 00c1 00000000 		.4byte	0
 1078 00c5 00000000 		.4byte	0
 1079              	.LLST5:
 1080 00c9 00000000 		.4byte	.LVL5
 1081 00cd 26000000 		.4byte	.LVL8
 1082 00d1 0100     		.2byte	0x1
ARM GAS  /var/folders/dt/0wfd0knj7gs46m8vwfzktm600000gn/T//cc63dqen.s 			page 20


 1083 00d3 50       		.byte	0x50
 1084 00d4 26000000 		.4byte	.LVL8
 1085 00d8 3C000000 		.4byte	.LFE8
 1086 00dc 0400     		.2byte	0x4
 1087 00de F3       		.byte	0xf3
 1088 00df 01       		.uleb128 0x1
 1089 00e0 50       		.byte	0x50
 1090 00e1 9F       		.byte	0x9f
 1091 00e2 00000000 		.4byte	0
 1092 00e6 00000000 		.4byte	0
 1093              	.LLST6:
 1094 00ea 00000000 		.4byte	.LVL5
 1095 00ee 14000000 		.4byte	.LVL6
 1096 00f2 0700     		.2byte	0x7
 1097 00f4 70       		.byte	0x70
 1098 00f5 00       		.sleb128 0
 1099 00f6 33       		.byte	0x33
 1100 00f7 1A       		.byte	0x1a
 1101 00f8 33       		.byte	0x33
 1102 00f9 24       		.byte	0x24
 1103 00fa 9F       		.byte	0x9f
 1104 00fb 14000000 		.4byte	.LVL6
 1105 00ff 18000000 		.4byte	.LVL7
 1106 0103 0100     		.2byte	0x1
 1107 0105 52       		.byte	0x52
 1108 0106 18000000 		.4byte	.LVL7
 1109 010a 26000000 		.4byte	.LVL8
 1110 010e 0700     		.2byte	0x7
 1111 0110 70       		.byte	0x70
 1112 0111 00       		.sleb128 0
 1113 0112 33       		.byte	0x33
 1114 0113 1A       		.byte	0x1a
 1115 0114 33       		.byte	0x33
 1116 0115 24       		.byte	0x24
 1117 0116 9F       		.byte	0x9f
 1118 0117 26000000 		.4byte	.LVL8
 1119 011b 3C000000 		.4byte	.LFE8
 1120 011f 0800     		.2byte	0x8
 1121 0121 F3       		.byte	0xf3
 1122 0122 01       		.uleb128 0x1
 1123 0123 50       		.byte	0x50
 1124 0124 33       		.byte	0x33
 1125 0125 1A       		.byte	0x1a
 1126 0126 33       		.byte	0x33
 1127 0127 24       		.byte	0x24
 1128 0128 9F       		.byte	0x9f
 1129 0129 00000000 		.4byte	0
 1130 012d 00000000 		.4byte	0
 1131              	.LLST7:
 1132 0131 00000000 		.4byte	.LFB9
 1133 0135 1E000000 		.4byte	.LCFI2
 1134 0139 0200     		.2byte	0x2
 1135 013b 7D       		.byte	0x7d
 1136 013c 00       		.sleb128 0
 1137 013d 1E000000 		.4byte	.LCFI2
 1138 0141 30000000 		.4byte	.LFE9
 1139 0145 0200     		.2byte	0x2
ARM GAS  /var/folders/dt/0wfd0knj7gs46m8vwfzktm600000gn/T//cc63dqen.s 			page 21


 1140 0147 7D       		.byte	0x7d
 1141 0148 04       		.sleb128 4
 1142 0149 00000000 		.4byte	0
 1143 014d 00000000 		.4byte	0
 1144              	.LLST8:
 1145 0151 00000000 		.4byte	.LVL9
 1146 0155 12000000 		.4byte	.LVL12
 1147 0159 0100     		.2byte	0x1
 1148 015b 50       		.byte	0x50
 1149 015c 12000000 		.4byte	.LVL12
 1150 0160 30000000 		.4byte	.LFE9
 1151 0164 0400     		.2byte	0x4
 1152 0166 F3       		.byte	0xf3
 1153 0167 01       		.uleb128 0x1
 1154 0168 50       		.byte	0x50
 1155 0169 9F       		.byte	0x9f
 1156 016a 00000000 		.4byte	0
 1157 016e 00000000 		.4byte	0
 1158              	.LLST9:
 1159 0172 00000000 		.4byte	.LVL9
 1160 0176 10000000 		.4byte	.LVL11
 1161 017a 0100     		.2byte	0x1
 1162 017c 51       		.byte	0x51
 1163 017d 10000000 		.4byte	.LVL11
 1164 0181 30000000 		.4byte	.LFE9
 1165 0185 0400     		.2byte	0x4
 1166 0187 F3       		.byte	0xf3
 1167 0188 01       		.uleb128 0x1
 1168 0189 51       		.byte	0x51
 1169 018a 9F       		.byte	0x9f
 1170 018b 00000000 		.4byte	0
 1171 018f 00000000 		.4byte	0
 1172              	.LLST10:
 1173 0193 00000000 		.4byte	.LVL9
 1174 0197 06000000 		.4byte	.LVL10
 1175 019b 0700     		.2byte	0x7
 1176 019d 70       		.byte	0x70
 1177 019e 00       		.sleb128 0
 1178 019f 33       		.byte	0x33
 1179 01a0 1A       		.byte	0x1a
 1180 01a1 33       		.byte	0x33
 1181 01a2 24       		.byte	0x24
 1182 01a3 9F       		.byte	0x9f
 1183 01a4 06000000 		.4byte	.LVL10
 1184 01a8 16000000 		.4byte	.LVL13
 1185 01ac 0100     		.2byte	0x1
 1186 01ae 53       		.byte	0x53
 1187 01af 16000000 		.4byte	.LVL13
 1188 01b3 30000000 		.4byte	.LFE9
 1189 01b7 0800     		.2byte	0x8
 1190 01b9 F3       		.byte	0xf3
 1191 01ba 01       		.uleb128 0x1
 1192 01bb 50       		.byte	0x50
 1193 01bc 33       		.byte	0x33
 1194 01bd 1A       		.byte	0x1a
 1195 01be 33       		.byte	0x33
 1196 01bf 24       		.byte	0x24
ARM GAS  /var/folders/dt/0wfd0knj7gs46m8vwfzktm600000gn/T//cc63dqen.s 			page 22


 1197 01c0 9F       		.byte	0x9f
 1198 01c1 00000000 		.4byte	0
 1199 01c5 00000000 		.4byte	0
 1200              		.section	.debug_aranges,"",%progbits
 1201 0000 2C000000 		.4byte	0x2c
 1202 0004 0200     		.2byte	0x2
 1203 0006 00000000 		.4byte	.Ldebug_info0
 1204 000a 04       		.byte	0x4
 1205 000b 00       		.byte	0
 1206 000c 0000     		.2byte	0
 1207 000e 0000     		.2byte	0
 1208 0010 00000000 		.4byte	.LFB7
 1209 0014 48000000 		.4byte	.LFE7-.LFB7
 1210 0018 00000000 		.4byte	.LFB8
 1211 001c 3C000000 		.4byte	.LFE8-.LFB8
 1212 0020 00000000 		.4byte	.LFB9
 1213 0024 30000000 		.4byte	.LFE9-.LFB9
 1214 0028 00000000 		.4byte	0
 1215 002c 00000000 		.4byte	0
 1216              		.section	.debug_ranges,"",%progbits
 1217              	.Ldebug_ranges0:
 1218 0000 00000000 		.4byte	.LFB7
 1219 0004 48000000 		.4byte	.LFE7
 1220 0008 00000000 		.4byte	.LFB8
 1221 000c 3C000000 		.4byte	.LFE8
 1222 0010 00000000 		.4byte	.LFB9
 1223 0014 30000000 		.4byte	.LFE9
 1224 0018 00000000 		.4byte	0
 1225 001c 00000000 		.4byte	0
 1226              		.section	.debug_line,"",%progbits
 1227              	.Ldebug_line0:
 1228 0000 16010000 		.section	.debug_str,"MS",%progbits,1
 1228      0200C300 
 1228      00000201 
 1228      FB0E0D00 
 1228      01010101 
 1229              	.LASF42:
 1230 0000 7072696F 		.ascii	"prio\000"
 1230      00
 1231              	.LASF18:
 1232 0005 49435052 		.ascii	"ICPR\000"
 1232      00
 1233              	.LASF38:
 1234 000a 4D4D4652 		.ascii	"MMFR\000"
 1234      00
 1235              	.LASF47:
 1236 000f 2E2E2F2E 		.ascii	"../../os/ports/common/ARMCMx/nvic.c\000"
 1236      2E2F6F73 
 1236      2F706F72 
 1236      74732F63 
 1236      6F6D6D6F 
 1237              	.LASF44:
 1238 0033 6E766963 		.ascii	"nvicDisableVector\000"
 1238      44697361 
 1238      626C6556 
 1238      6563746F 
 1238      7200
ARM GAS  /var/folders/dt/0wfd0knj7gs46m8vwfzktm600000gn/T//cc63dqen.s 			page 23


 1239              	.LASF25:
 1240 0045 434D785F 		.ascii	"CMx_NVIC\000"
 1240      4E564943 
 1240      00
 1241              	.LASF28:
 1242 004e 56544F52 		.ascii	"VTOR\000"
 1242      00
 1243              	.LASF9:
 1244 0053 5F426F6F 		.ascii	"_Bool\000"
 1244      6C00
 1245              	.LASF14:
 1246 0059 49434552 		.ascii	"ICER\000"
 1246      00
 1247              	.LASF11:
 1248 005e 494F5245 		.ascii	"IOREG32\000"
 1248      47333200 
 1249              	.LASF2:
 1250 0066 756E7369 		.ascii	"unsigned char\000"
 1250      676E6564 
 1250      20636861 
 1250      7200
 1251              	.LASF13:
 1252 0074 756E7573 		.ascii	"unused1\000"
 1252      65643100 
 1253              	.LASF15:
 1254 007c 756E7573 		.ascii	"unused2\000"
 1254      65643200 
 1255              	.LASF17:
 1256 0084 756E7573 		.ascii	"unused3\000"
 1256      65643300 
 1257              	.LASF19:
 1258 008c 756E7573 		.ascii	"unused4\000"
 1258      65643400 
 1259              	.LASF21:
 1260 0094 756E7573 		.ascii	"unused5\000"
 1260      65643500 
 1261              	.LASF22:
 1262 009c 756E7573 		.ascii	"unused6\000"
 1262      65643600 
 1263              	.LASF4:
 1264 00a4 73686F72 		.ascii	"short unsigned int\000"
 1264      7420756E 
 1264      7369676E 
 1264      65642069 
 1264      6E7400
 1265              	.LASF32:
 1266 00b7 43465352 		.ascii	"CFSR\000"
 1266      00
 1267              	.LASF33:
 1268 00bc 48465352 		.ascii	"HFSR\000"
 1268      00
 1269              	.LASF6:
 1270 00c1 6C6F6E67 		.ascii	"long unsigned int\000"
 1270      20756E73 
 1270      69676E65 
 1270      6420696E 
 1270      7400
ARM GAS  /var/folders/dt/0wfd0knj7gs46m8vwfzktm600000gn/T//cc63dqen.s 			page 24


 1271              	.LASF39:
 1272 00d3 43504143 		.ascii	"CPACR\000"
 1272      5200
 1273              	.LASF23:
 1274 00d9 53544952 		.ascii	"STIR\000"
 1274      00
 1275              	.LASF3:
 1276 00de 73686F72 		.ascii	"short int\000"
 1276      7420696E 
 1276      7400
 1277              	.LASF0:
 1278 00e8 756E7369 		.ascii	"unsigned int\000"
 1278      676E6564 
 1278      20696E74 
 1278      00
 1279              	.LASF16:
 1280 00f5 49535052 		.ascii	"ISPR\000"
 1280      00
 1281              	.LASF34:
 1282 00fa 44465352 		.ascii	"DFSR\000"
 1282      00
 1283              	.LASF8:
 1284 00ff 6C6F6E67 		.ascii	"long long unsigned int\000"
 1284      206C6F6E 
 1284      6720756E 
 1284      7369676E 
 1284      65642069 
 1285              	.LASF27:
 1286 0116 49435352 		.ascii	"ICSR\000"
 1286      00
 1287              	.LASF40:
 1288 011b 434D785F 		.ascii	"CMx_SCB\000"
 1288      53434200 
 1289              	.LASF29:
 1290 0123 41495243 		.ascii	"AIRCR\000"
 1290      5200
 1291              	.LASF36:
 1292 0129 42464152 		.ascii	"BFAR\000"
 1292      00
 1293              	.LASF45:
 1294 012e 68616E64 		.ascii	"handler\000"
 1294      6C657200 
 1295              	.LASF24:
 1296 0136 73697A65 		.ascii	"sizetype\000"
 1296      74797065 
 1296      00
 1297              	.LASF7:
 1298 013f 6C6F6E67 		.ascii	"long long int\000"
 1298      206C6F6E 
 1298      6720696E 
 1298      7400
 1299              	.LASF26:
 1300 014d 43505549 		.ascii	"CPUID\000"
 1300      4400
 1301              	.LASF41:
 1302 0153 63686172 		.ascii	"char\000"
 1302      00
ARM GAS  /var/folders/dt/0wfd0knj7gs46m8vwfzktm600000gn/T//cc63dqen.s 			page 25


 1303              	.LASF46:
 1304 0158 474E5520 		.ascii	"GNU C 4.7.2\000"
 1304      4320342E 
 1304      372E3200 
 1305              	.LASF12:
 1306 0164 49534552 		.ascii	"ISER\000"
 1306      00
 1307              	.LASF37:
 1308 0169 41465352 		.ascii	"AFSR\000"
 1308      00
 1309              	.LASF35:
 1310 016e 4D4D4641 		.ascii	"MMFAR\000"
 1310      5200
 1311              	.LASF31:
 1312 0174 53484353 		.ascii	"SHCSR\000"
 1312      5200
 1313              	.LASF10:
 1314 017a 75696E74 		.ascii	"uint32_t\000"
 1314      33325F74 
 1314      00
 1315              	.LASF5:
 1316 0183 6C6F6E67 		.ascii	"long int\000"
 1316      20696E74 
 1316      00
 1317              	.LASF30:
 1318 018c 53485052 		.ascii	"SHPR\000"
 1318      00
 1319              	.LASF1:
 1320 0191 7369676E 		.ascii	"signed char\000"
 1320      65642063 
 1320      68617200 
 1321              	.LASF49:
 1322 019d 6E766963 		.ascii	"nvicSetSystemHandlerPriority\000"
 1322      53657453 
 1322      79737465 
 1322      6D48616E 
 1322      646C6572 
 1323              	.LASF20:
 1324 01ba 49414252 		.ascii	"IABR\000"
 1324      00
 1325              	.LASF43:
 1326 01bf 6E766963 		.ascii	"nvicEnableVector\000"
 1326      456E6162 
 1326      6C655665 
 1326      63746F72 
 1326      00
 1327              	.LASF48:
 1328 01d0 2F557365 		.ascii	"/Users/toxygen/dev/chibi/ChibiOS_2.6.1/demos/ARMCM3"
 1328      72732F74 
 1328      6F787967 
 1328      656E2F64 
 1328      65762F63 
 1329 0203 2D53544D 		.ascii	"-STM32F107\000"
 1329      33324631 
 1329      303700
 1330              		.ident	"GCC: (GNU) 4.7.2"
ARM GAS  /var/folders/dt/0wfd0knj7gs46m8vwfzktm600000gn/T//cc63dqen.s 			page 26


DEFINED SYMBOLS
                            *ABS*:0000000000000000 nvic.c
/var/folders/dt/0wfd0knj7gs46m8vwfzktm600000gn/T//cc63dqen.s:19     .text.nvicEnableVector:0000000000000000 $t
/var/folders/dt/0wfd0knj7gs46m8vwfzktm600000gn/T//cc63dqen.s:25     .text.nvicEnableVector:0000000000000000 nvicEnableVector
/var/folders/dt/0wfd0knj7gs46m8vwfzktm600000gn/T//cc63dqen.s:83     .text.nvicDisableVector:0000000000000000 $t
/var/folders/dt/0wfd0knj7gs46m8vwfzktm600000gn/T//cc63dqen.s:89     .text.nvicDisableVector:0000000000000000 nvicDisableVector
/var/folders/dt/0wfd0knj7gs46m8vwfzktm600000gn/T//cc63dqen.s:137    .text.nvicSetSystemHandlerPriority:0000000000000000 $t
/var/folders/dt/0wfd0knj7gs46m8vwfzktm600000gn/T//cc63dqen.s:143    .text.nvicSetSystemHandlerPriority:0000000000000000 nvicSetSystemHandlerPriority
                     .debug_frame:0000000000000010 $d

NO UNDEFINED SYMBOLS
