ARM GAS  /var/folders/dt/0wfd0knj7gs46m8vwfzktm600000gn/T//cc8pMAfY.s 			page 1


   1              		.syntax unified
   2              		.cpu cortex-m3
   3              		.fpu softvfp
   4              		.eabi_attribute 20, 1
   5              		.eabi_attribute 21, 1
   6              		.eabi_attribute 23, 3
   7              		.eabi_attribute 24, 1
   8              		.eabi_attribute 25, 1
   9              		.eabi_attribute 26, 1
  10              		.eabi_attribute 30, 2
  11              		.eabi_attribute 34, 1
  12              		.eabi_attribute 18, 4
  13              		.thumb
  14              		.file	"vectors.c"
  15              		.text
  16              	.Ltext0:
  17              		.cfi_sections	.debug_frame
  18              		.section	.text._unhandled_exception,"ax",%progbits
  19              		.align	2
  20              		.p2align 4,,15
  21              		.global	_unhandled_exception
  22              		.thumb
  23              		.thumb_func
  24              		.type	_unhandled_exception, %function
  25              	_unhandled_exception:
  26              	.LFB7:
  27              		.file 1 "../../os/ports/GCC/ARMCMx/STM32F1xx/vectors.c"
  28              		.loc 1 241 0
  29              		.cfi_startproc
  30              		@ Naked Function: prologue and epilogue provided by programmer.
  31              		@ Volatile: function does not return.
  32              		@ args = 0, pretend = 0, frame = 0
  33              		@ frame_needed = 0, uses_anonymous_args = 0
  34              	.L2:
  35 0000 FEE7     		b	.L2
  36              		.cfi_endproc
  37              	.LFE7:
  38              		.size	_unhandled_exception, .-_unhandled_exception
  39              		.weak	HardFaultVector
  40              		.thumb_set HardFaultVector,_unhandled_exception
  41              		.weak	MemManageVector
  42              		.thumb_set MemManageVector,_unhandled_exception
  43              		.weak	BusFaultVector
  44              		.thumb_set BusFaultVector,_unhandled_exception
  45              		.weak	UsageFaultVector
  46              		.thumb_set UsageFaultVector,_unhandled_exception
  47              		.weak	Vector1C
  48              		.thumb_set Vector1C,_unhandled_exception
  49              		.weak	Vector20
  50              		.thumb_set Vector20,_unhandled_exception
  51              		.weak	Vector24
  52              		.thumb_set Vector24,_unhandled_exception
  53              		.weak	Vector28
  54              		.thumb_set Vector28,_unhandled_exception
  55              		.weak	SVCallVector
  56              		.thumb_set SVCallVector,_unhandled_exception
  57              		.weak	DebugMonitorVector
ARM GAS  /var/folders/dt/0wfd0knj7gs46m8vwfzktm600000gn/T//cc8pMAfY.s 			page 2


  58              		.thumb_set DebugMonitorVector,_unhandled_exception
  59              		.weak	Vector34
  60              		.thumb_set Vector34,_unhandled_exception
  61              		.weak	PendSVVector
  62              		.thumb_set PendSVVector,_unhandled_exception
  63              		.weak	SysTickVector
  64              		.thumb_set SysTickVector,_unhandled_exception
  65              		.weak	Vector40
  66              		.thumb_set Vector40,_unhandled_exception
  67              		.weak	Vector44
  68              		.thumb_set Vector44,_unhandled_exception
  69              		.weak	Vector48
  70              		.thumb_set Vector48,_unhandled_exception
  71              		.weak	Vector4C
  72              		.thumb_set Vector4C,_unhandled_exception
  73              		.weak	Vector50
  74              		.thumb_set Vector50,_unhandled_exception
  75              		.weak	Vector54
  76              		.thumb_set Vector54,_unhandled_exception
  77              		.weak	Vector58
  78              		.thumb_set Vector58,_unhandled_exception
  79              		.weak	Vector5C
  80              		.thumb_set Vector5C,_unhandled_exception
  81              		.weak	Vector60
  82              		.thumb_set Vector60,_unhandled_exception
  83              		.weak	Vector64
  84              		.thumb_set Vector64,_unhandled_exception
  85              		.weak	Vector68
  86              		.thumb_set Vector68,_unhandled_exception
  87              		.weak	Vector6C
  88              		.thumb_set Vector6C,_unhandled_exception
  89              		.weak	Vector70
  90              		.thumb_set Vector70,_unhandled_exception
  91              		.weak	Vector74
  92              		.thumb_set Vector74,_unhandled_exception
  93              		.weak	Vector78
  94              		.thumb_set Vector78,_unhandled_exception
  95              		.weak	Vector7C
  96              		.thumb_set Vector7C,_unhandled_exception
  97              		.weak	Vector80
  98              		.thumb_set Vector80,_unhandled_exception
  99              		.weak	Vector84
 100              		.thumb_set Vector84,_unhandled_exception
 101              		.weak	Vector88
 102              		.thumb_set Vector88,_unhandled_exception
 103              		.weak	Vector8C
 104              		.thumb_set Vector8C,_unhandled_exception
 105              		.weak	Vector90
 106              		.thumb_set Vector90,_unhandled_exception
 107              		.weak	Vector94
 108              		.thumb_set Vector94,_unhandled_exception
 109              		.weak	Vector98
 110              		.thumb_set Vector98,_unhandled_exception
 111              		.weak	Vector9C
 112              		.thumb_set Vector9C,_unhandled_exception
 113              		.weak	VectorA0
 114              		.thumb_set VectorA0,_unhandled_exception
ARM GAS  /var/folders/dt/0wfd0knj7gs46m8vwfzktm600000gn/T//cc8pMAfY.s 			page 3


 115              		.weak	VectorA4
 116              		.thumb_set VectorA4,_unhandled_exception
 117              		.weak	VectorA8
 118              		.thumb_set VectorA8,_unhandled_exception
 119              		.weak	VectorAC
 120              		.thumb_set VectorAC,_unhandled_exception
 121              		.weak	VectorB0
 122              		.thumb_set VectorB0,_unhandled_exception
 123              		.weak	VectorB4
 124              		.thumb_set VectorB4,_unhandled_exception
 125              		.weak	VectorB8
 126              		.thumb_set VectorB8,_unhandled_exception
 127              		.weak	VectorBC
 128              		.thumb_set VectorBC,_unhandled_exception
 129              		.weak	VectorC0
 130              		.thumb_set VectorC0,_unhandled_exception
 131              		.weak	VectorC4
 132              		.thumb_set VectorC4,_unhandled_exception
 133              		.weak	VectorC8
 134              		.thumb_set VectorC8,_unhandled_exception
 135              		.weak	VectorCC
 136              		.thumb_set VectorCC,_unhandled_exception
 137              		.weak	VectorD0
 138              		.thumb_set VectorD0,_unhandled_exception
 139              		.weak	VectorD4
 140              		.thumb_set VectorD4,_unhandled_exception
 141              		.weak	VectorD8
 142              		.thumb_set VectorD8,_unhandled_exception
 143              		.weak	VectorDC
 144              		.thumb_set VectorDC,_unhandled_exception
 145              		.weak	VectorE0
 146              		.thumb_set VectorE0,_unhandled_exception
 147              		.weak	VectorE4
 148              		.thumb_set VectorE4,_unhandled_exception
 149              		.weak	VectorE8
 150              		.thumb_set VectorE8,_unhandled_exception
 151              		.weak	VectorEC
 152              		.thumb_set VectorEC,_unhandled_exception
 153              		.weak	VectorF0
 154              		.thumb_set VectorF0,_unhandled_exception
 155              		.weak	VectorF4
 156              		.thumb_set VectorF4,_unhandled_exception
 157              		.weak	VectorF8
 158              		.thumb_set VectorF8,_unhandled_exception
 159              		.weak	VectorFC
 160              		.thumb_set VectorFC,_unhandled_exception
 161              		.weak	Vector100
 162              		.thumb_set Vector100,_unhandled_exception
 163              		.weak	Vector104
 164              		.thumb_set Vector104,_unhandled_exception
 165              		.weak	Vector108
 166              		.thumb_set Vector108,_unhandled_exception
 167              		.weak	Vector10C
 168              		.thumb_set Vector10C,_unhandled_exception
 169              		.weak	Vector110
 170              		.thumb_set Vector110,_unhandled_exception
 171              		.weak	Vector114
ARM GAS  /var/folders/dt/0wfd0knj7gs46m8vwfzktm600000gn/T//cc8pMAfY.s 			page 4


 172              		.thumb_set Vector114,_unhandled_exception
 173              		.weak	Vector118
 174              		.thumb_set Vector118,_unhandled_exception
 175              		.weak	Vector11C
 176              		.thumb_set Vector11C,_unhandled_exception
 177              		.weak	Vector120
 178              		.thumb_set Vector120,_unhandled_exception
 179              		.weak	Vector124
 180              		.thumb_set Vector124,_unhandled_exception
 181              		.weak	Vector128
 182              		.thumb_set Vector128,_unhandled_exception
 183              		.weak	Vector12C
 184              		.thumb_set Vector12C,_unhandled_exception
 185              		.weak	Vector130
 186              		.thumb_set Vector130,_unhandled_exception
 187              		.weak	Vector134
 188              		.thumb_set Vector134,_unhandled_exception
 189              		.weak	Vector138
 190              		.thumb_set Vector138,_unhandled_exception
 191              		.weak	Vector13C
 192              		.thumb_set Vector13C,_unhandled_exception
 193              		.weak	Vector140
 194              		.thumb_set Vector140,_unhandled_exception
 195              		.weak	Vector144
 196              		.thumb_set Vector144,_unhandled_exception
 197              		.weak	Vector148
 198              		.thumb_set Vector148,_unhandled_exception
 199              		.weak	Vector14C
 200              		.thumb_set Vector14C,_unhandled_exception
 201              		.weak	NMIVector
 202              		.thumb_set NMIVector,_unhandled_exception
 203              		.global	_vectors
 204 0002 00BFAFF3 		.section	vectors,"aw",%progbits
 204      0080AFF3 
 204      0080AFF3 
 204      0080
 205              		.align	2
 206              		.type	_vectors, %object
 207              		.size	_vectors, 336
 208              	_vectors:
 209 0000 00000000 		.word	__main_stack_end__
 210 0004 00000000 		.word	ResetHandler
 211 0008 00000000 		.word	NMIVector
 212 000c 00000000 		.word	HardFaultVector
 213 0010 00000000 		.word	MemManageVector
 214 0014 00000000 		.word	BusFaultVector
 215 0018 00000000 		.word	UsageFaultVector
 216 001c 00000000 		.word	Vector1C
 217 0020 00000000 		.word	Vector20
 218 0024 00000000 		.word	Vector24
 219 0028 00000000 		.word	Vector28
 220 002c 00000000 		.word	SVCallVector
 221 0030 00000000 		.word	DebugMonitorVector
 222 0034 00000000 		.word	Vector34
 223 0038 00000000 		.word	PendSVVector
 224 003c 00000000 		.word	SysTickVector
 225 0040 00000000 		.word	Vector40
ARM GAS  /var/folders/dt/0wfd0knj7gs46m8vwfzktm600000gn/T//cc8pMAfY.s 			page 5


 226 0044 00000000 		.word	Vector44
 227 0048 00000000 		.word	Vector48
 228 004c 00000000 		.word	Vector4C
 229 0050 00000000 		.word	Vector50
 230 0054 00000000 		.word	Vector54
 231 0058 00000000 		.word	Vector58
 232 005c 00000000 		.word	Vector5C
 233 0060 00000000 		.word	Vector60
 234 0064 00000000 		.word	Vector64
 235 0068 00000000 		.word	Vector68
 236 006c 00000000 		.word	Vector6C
 237 0070 00000000 		.word	Vector70
 238 0074 00000000 		.word	Vector74
 239 0078 00000000 		.word	Vector78
 240 007c 00000000 		.word	Vector7C
 241 0080 00000000 		.word	Vector80
 242 0084 00000000 		.word	Vector84
 243 0088 00000000 		.word	Vector88
 244 008c 00000000 		.word	Vector8C
 245 0090 00000000 		.word	Vector90
 246 0094 00000000 		.word	Vector94
 247 0098 00000000 		.word	Vector98
 248 009c 00000000 		.word	Vector9C
 249 00a0 00000000 		.word	VectorA0
 250 00a4 00000000 		.word	VectorA4
 251 00a8 00000000 		.word	VectorA8
 252 00ac 00000000 		.word	VectorAC
 253 00b0 00000000 		.word	VectorB0
 254 00b4 00000000 		.word	VectorB4
 255 00b8 00000000 		.word	VectorB8
 256 00bc 00000000 		.word	VectorBC
 257 00c0 00000000 		.word	VectorC0
 258 00c4 00000000 		.word	VectorC4
 259 00c8 00000000 		.word	VectorC8
 260 00cc 00000000 		.word	VectorCC
 261 00d0 00000000 		.word	VectorD0
 262 00d4 00000000 		.word	VectorD4
 263 00d8 00000000 		.word	VectorD8
 264 00dc 00000000 		.word	VectorDC
 265 00e0 00000000 		.word	VectorE0
 266 00e4 00000000 		.word	VectorE4
 267 00e8 00000000 		.word	VectorE8
 268 00ec 00000000 		.word	VectorEC
 269 00f0 00000000 		.word	VectorF0
 270 00f4 00000000 		.word	VectorF4
 271 00f8 00000000 		.word	VectorF8
 272 00fc 00000000 		.word	VectorFC
 273 0100 00000000 		.word	Vector100
 274 0104 00000000 		.word	Vector104
 275 0108 00000000 		.word	Vector108
 276 010c 00000000 		.word	Vector10C
 277 0110 00000000 		.word	Vector110
 278 0114 00000000 		.word	Vector114
 279 0118 00000000 		.word	Vector118
 280 011c 00000000 		.word	Vector11C
 281 0120 00000000 		.word	Vector120
 282 0124 00000000 		.word	Vector124
ARM GAS  /var/folders/dt/0wfd0knj7gs46m8vwfzktm600000gn/T//cc8pMAfY.s 			page 6


 283 0128 00000000 		.word	Vector128
 284 012c 00000000 		.word	Vector12C
 285 0130 00000000 		.word	Vector130
 286 0134 00000000 		.word	Vector134
 287 0138 00000000 		.word	Vector138
 288 013c 00000000 		.word	Vector13C
 289 0140 00000000 		.word	Vector140
 290 0144 00000000 		.word	Vector144
 291 0148 00000000 		.word	Vector148
 292 014c 00000000 		.word	Vector14C
 293              		.text
 294              	.Letext0:
 295              		.file 2 "/Users/toxygen/Applications/yagarto-4.7.2/bin/../lib/gcc/arm-none-eabi/4.7.2/../../../../
 296              		.section	.debug_info,"",%progbits
 297              	.Ldebug_info0:
 298 0000 EC010000 		.4byte	0x1ec
 299 0004 0200     		.2byte	0x2
 300 0006 00000000 		.4byte	.Ldebug_abbrev0
 301 000a 04       		.byte	0x4
 302 000b 01       		.uleb128 0x1
 303 000c 6A010000 		.4byte	.LASF34
 304 0010 01       		.byte	0x1
 305 0011 A4000000 		.4byte	.LASF35
 306 0015 FE010000 		.4byte	.LASF36
 307 0019 00000000 		.4byte	.Ldebug_ranges0+0
 308 001d 00000000 		.4byte	0
 309 0021 00000000 		.4byte	0
 310 0025 00000000 		.4byte	.Ldebug_line0
 311 0029 02       		.uleb128 0x2
 312 002a 04       		.byte	0x4
 313 002b 05       		.byte	0x5
 314 002c 696E7400 		.ascii	"int\000"
 315 0030 03       		.uleb128 0x3
 316 0031 04       		.byte	0x4
 317 0032 07       		.byte	0x7
 318 0033 8C000000 		.4byte	.LASF0
 319 0037 03       		.uleb128 0x3
 320 0038 01       		.byte	0x1
 321 0039 06       		.byte	0x6
 322 003a BC010000 		.4byte	.LASF1
 323 003e 03       		.uleb128 0x3
 324 003f 01       		.byte	0x1
 325 0040 08       		.byte	0x8
 326 0041 41000000 		.4byte	.LASF2
 327 0045 03       		.uleb128 0x3
 328 0046 02       		.byte	0x2
 329 0047 05       		.byte	0x5
 330 0048 93010000 		.4byte	.LASF3
 331 004c 03       		.uleb128 0x3
 332 004d 02       		.byte	0x2
 333 004e 07       		.byte	0x7
 334 004f 61000000 		.4byte	.LASF4
 335 0053 03       		.uleb128 0x3
 336 0054 04       		.byte	0x4
 337 0055 05       		.byte	0x5
 338 0056 B3010000 		.4byte	.LASF5
 339 005a 04       		.uleb128 0x4
ARM GAS  /var/folders/dt/0wfd0knj7gs46m8vwfzktm600000gn/T//cc8pMAfY.s 			page 7


 340 005b AA010000 		.4byte	.LASF12
 341 005f 02       		.byte	0x2
 342 0060 50       		.byte	0x50
 343 0061 65000000 		.4byte	0x65
 344 0065 03       		.uleb128 0x3
 345 0066 04       		.byte	0x4
 346 0067 07       		.byte	0x7
 347 0068 4F000000 		.4byte	.LASF6
 348 006c 03       		.uleb128 0x3
 349 006d 08       		.byte	0x8
 350 006e 05       		.byte	0x5
 351 006f 46010000 		.4byte	.LASF7
 352 0073 03       		.uleb128 0x3
 353 0074 08       		.byte	0x8
 354 0075 07       		.byte	0x7
 355 0076 D2000000 		.4byte	.LASF8
 356 007a 03       		.uleb128 0x3
 357 007b 01       		.byte	0x1
 358 007c 02       		.byte	0x2
 359 007d E5010000 		.4byte	.LASF9
 360 0081 03       		.uleb128 0x3
 361 0082 04       		.byte	0x4
 362 0083 07       		.byte	0x7
 363 0084 1E010000 		.4byte	.LASF10
 364 0088 03       		.uleb128 0x3
 365 0089 01       		.byte	0x1
 366 008a 08       		.byte	0x8
 367 008b 54010000 		.4byte	.LASF11
 368 008f 04       		.uleb128 0x4
 369 0090 09000000 		.4byte	.LASF13
 370 0094 01       		.byte	0x1
 371 0095 48       		.byte	0x48
 372 0096 9A000000 		.4byte	0x9a
 373 009a 05       		.uleb128 0x5
 374 009b 04       		.byte	0x4
 375 009c A0000000 		.4byte	0xa0
 376 00a0 06       		.uleb128 0x6
 377 00a1 01       		.byte	0x1
 378 00a2 07       		.uleb128 0x7
 379 00a3 5001     		.2byte	0x150
 380 00a5 01       		.byte	0x1
 381 00a6 4D       		.byte	0x4d
 382 00a7 9A010000 		.4byte	0x19a
 383 00ab 08       		.uleb128 0x8
 384 00ac 28000000 		.4byte	.LASF14
 385 00b0 01       		.byte	0x1
 386 00b1 4E       		.byte	0x4e
 387 00b2 9A010000 		.4byte	0x19a
 388 00b6 02       		.byte	0x2
 389 00b7 23       		.byte	0x23
 390 00b8 00       		.uleb128 0
 391 00b9 08       		.uleb128 0x8
 392 00ba 9D010000 		.4byte	.LASF15
 393 00be 01       		.byte	0x1
 394 00bf 4F       		.byte	0x4f
 395 00c0 8F000000 		.4byte	0x8f
 396 00c4 02       		.byte	0x2
ARM GAS  /var/folders/dt/0wfd0knj7gs46m8vwfzktm600000gn/T//cc8pMAfY.s 			page 8


 397 00c5 23       		.byte	0x23
 398 00c6 04       		.uleb128 0x4
 399 00c7 08       		.uleb128 0x8
 400 00c8 99000000 		.4byte	.LASF16
 401 00cc 01       		.byte	0x1
 402 00cd 50       		.byte	0x50
 403 00ce 8F000000 		.4byte	0x8f
 404 00d2 02       		.byte	0x2
 405 00d3 23       		.byte	0x23
 406 00d4 08       		.uleb128 0x8
 407 00d5 08       		.uleb128 0x8
 408 00d6 35010000 		.4byte	.LASF17
 409 00da 01       		.byte	0x1
 410 00db 51       		.byte	0x51
 411 00dc 8F000000 		.4byte	0x8f
 412 00e0 02       		.byte	0x2
 413 00e1 23       		.byte	0x23
 414 00e2 0C       		.uleb128 0xc
 415 00e3 08       		.uleb128 0x8
 416 00e4 59010000 		.4byte	.LASF18
 417 00e8 01       		.byte	0x1
 418 00e9 52       		.byte	0x52
 419 00ea 8F000000 		.4byte	0x8f
 420 00ee 02       		.byte	0x2
 421 00ef 23       		.byte	0x23
 422 00f0 10       		.uleb128 0x10
 423 00f1 08       		.uleb128 0x8
 424 00f2 E9000000 		.4byte	.LASF19
 425 00f6 01       		.byte	0x1
 426 00f7 53       		.byte	0x53
 427 00f8 8F000000 		.4byte	0x8f
 428 00fc 02       		.byte	0x2
 429 00fd 23       		.byte	0x23
 430 00fe 14       		.uleb128 0x14
 431 00ff 08       		.uleb128 0x8
 432 0100 02010000 		.4byte	.LASF20
 433 0104 01       		.byte	0x1
 434 0105 54       		.byte	0x54
 435 0106 8F000000 		.4byte	0x8f
 436 010a 02       		.byte	0x2
 437 010b 23       		.byte	0x23
 438 010c 18       		.uleb128 0x18
 439 010d 08       		.uleb128 0x8
 440 010e 74000000 		.4byte	.LASF21
 441 0112 01       		.byte	0x1
 442 0113 55       		.byte	0x55
 443 0114 8F000000 		.4byte	0x8f
 444 0118 02       		.byte	0x2
 445 0119 23       		.byte	0x23
 446 011a 1C       		.uleb128 0x1c
 447 011b 08       		.uleb128 0x8
 448 011c DC010000 		.4byte	.LASF22
 449 0120 01       		.byte	0x1
 450 0121 56       		.byte	0x56
 451 0122 8F000000 		.4byte	0x8f
 452 0126 02       		.byte	0x2
 453 0127 23       		.byte	0x23
ARM GAS  /var/folders/dt/0wfd0knj7gs46m8vwfzktm600000gn/T//cc8pMAfY.s 			page 9


 454 0128 20       		.uleb128 0x20
 455 0129 08       		.uleb128 0x8
 456 012a 00000000 		.4byte	.LASF23
 457 012e 01       		.byte	0x1
 458 012f 57       		.byte	0x57
 459 0130 8F000000 		.4byte	0x8f
 460 0134 02       		.byte	0x2
 461 0135 23       		.byte	0x23
 462 0136 24       		.uleb128 0x24
 463 0137 08       		.uleb128 0x8
 464 0138 F9000000 		.4byte	.LASF24
 465 013c 01       		.byte	0x1
 466 013d 58       		.byte	0x58
 467 013e 8F000000 		.4byte	0x8f
 468 0142 02       		.byte	0x2
 469 0143 23       		.byte	0x23
 470 0144 28       		.uleb128 0x28
 471 0145 08       		.uleb128 0x8
 472 0146 33000000 		.4byte	.LASF25
 473 014a 01       		.byte	0x1
 474 014b 59       		.byte	0x59
 475 014c 8F000000 		.4byte	0x8f
 476 0150 02       		.byte	0x2
 477 0151 23       		.byte	0x23
 478 0152 2C       		.uleb128 0x2c
 479 0153 08       		.uleb128 0x8
 480 0154 C8010000 		.4byte	.LASF26
 481 0158 01       		.byte	0x1
 482 0159 5A       		.byte	0x5a
 483 015a 8F000000 		.4byte	0x8f
 484 015e 02       		.byte	0x2
 485 015f 23       		.byte	0x23
 486 0160 30       		.uleb128 0x30
 487 0161 08       		.uleb128 0x8
 488 0162 16000000 		.4byte	.LASF27
 489 0166 01       		.byte	0x1
 490 0167 5B       		.byte	0x5b
 491 0168 8F000000 		.4byte	0x8f
 492 016c 02       		.byte	0x2
 493 016d 23       		.byte	0x23
 494 016e 34       		.uleb128 0x34
 495 016f 08       		.uleb128 0x8
 496 0170 27010000 		.4byte	.LASF28
 497 0174 01       		.byte	0x1
 498 0175 5C       		.byte	0x5c
 499 0176 8F000000 		.4byte	0x8f
 500 017a 02       		.byte	0x2
 501 017b 23       		.byte	0x23
 502 017c 38       		.uleb128 0x38
 503 017d 08       		.uleb128 0x8
 504 017e 7D000000 		.4byte	.LASF29
 505 0182 01       		.byte	0x1
 506 0183 5D       		.byte	0x5d
 507 0184 8F000000 		.4byte	0x8f
 508 0188 02       		.byte	0x2
 509 0189 23       		.byte	0x23
 510 018a 3C       		.uleb128 0x3c
ARM GAS  /var/folders/dt/0wfd0knj7gs46m8vwfzktm600000gn/T//cc8pMAfY.s 			page 10


 511 018b 08       		.uleb128 0x8
 512 018c 8B010000 		.4byte	.LASF30
 513 0190 01       		.byte	0x1
 514 0191 5E       		.byte	0x5e
 515 0192 A0010000 		.4byte	0x1a0
 516 0196 02       		.byte	0x2
 517 0197 23       		.byte	0x23
 518 0198 40       		.uleb128 0x40
 519 0199 00       		.byte	0
 520 019a 05       		.uleb128 0x5
 521 019b 04       		.byte	0x4
 522 019c 5A000000 		.4byte	0x5a
 523 01a0 09       		.uleb128 0x9
 524 01a1 8F000000 		.4byte	0x8f
 525 01a5 B0010000 		.4byte	0x1b0
 526 01a9 0A       		.uleb128 0xa
 527 01aa 81000000 		.4byte	0x81
 528 01ae 43       		.byte	0x43
 529 01af 00       		.byte	0
 530 01b0 04       		.uleb128 0x4
 531 01b1 14010000 		.4byte	.LASF31
 532 01b5 01       		.byte	0x1
 533 01b6 5F       		.byte	0x5f
 534 01b7 A2000000 		.4byte	0xa2
 535 01bb 0B       		.uleb128 0xb
 536 01bc 01       		.byte	0x1
 537 01bd 76010000 		.4byte	.LASF37
 538 01c1 01       		.byte	0x1
 539 01c2 F1       		.byte	0xf1
 540 01c3 01       		.byte	0x1
 541 01c4 00000000 		.4byte	.LFB7
 542 01c8 02000000 		.4byte	.LFE7
 543 01cc 02       		.byte	0x2
 544 01cd 7D       		.byte	0x7d
 545 01ce 00       		.sleb128 0
 546 01cf 01       		.byte	0x1
 547 01d0 0C       		.uleb128 0xc
 548 01d1 EB010000 		.4byte	.LASF32
 549 01d5 01       		.byte	0x1
 550 01d6 62       		.byte	0x62
 551 01d7 5A000000 		.4byte	0x5a
 552 01db 01       		.byte	0x1
 553 01dc 01       		.byte	0x1
 554 01dd 0D       		.uleb128 0xd
 555 01de 1F000000 		.4byte	.LASF33
 556 01e2 01       		.byte	0x1
 557 01e3 C5       		.byte	0xc5
 558 01e4 B0010000 		.4byte	0x1b0
 559 01e8 01       		.byte	0x1
 560 01e9 05       		.byte	0x5
 561 01ea 03       		.byte	0x3
 562 01eb 00000000 		.4byte	_vectors
 563 01ef 00       		.byte	0
 564              		.section	.debug_abbrev,"",%progbits
 565              	.Ldebug_abbrev0:
 566 0000 01       		.uleb128 0x1
 567 0001 11       		.uleb128 0x11
ARM GAS  /var/folders/dt/0wfd0knj7gs46m8vwfzktm600000gn/T//cc8pMAfY.s 			page 11


 568 0002 01       		.byte	0x1
 569 0003 25       		.uleb128 0x25
 570 0004 0E       		.uleb128 0xe
 571 0005 13       		.uleb128 0x13
 572 0006 0B       		.uleb128 0xb
 573 0007 03       		.uleb128 0x3
 574 0008 0E       		.uleb128 0xe
 575 0009 1B       		.uleb128 0x1b
 576 000a 0E       		.uleb128 0xe
 577 000b 55       		.uleb128 0x55
 578 000c 06       		.uleb128 0x6
 579 000d 11       		.uleb128 0x11
 580 000e 01       		.uleb128 0x1
 581 000f 52       		.uleb128 0x52
 582 0010 01       		.uleb128 0x1
 583 0011 10       		.uleb128 0x10
 584 0012 06       		.uleb128 0x6
 585 0013 00       		.byte	0
 586 0014 00       		.byte	0
 587 0015 02       		.uleb128 0x2
 588 0016 24       		.uleb128 0x24
 589 0017 00       		.byte	0
 590 0018 0B       		.uleb128 0xb
 591 0019 0B       		.uleb128 0xb
 592 001a 3E       		.uleb128 0x3e
 593 001b 0B       		.uleb128 0xb
 594 001c 03       		.uleb128 0x3
 595 001d 08       		.uleb128 0x8
 596 001e 00       		.byte	0
 597 001f 00       		.byte	0
 598 0020 03       		.uleb128 0x3
 599 0021 24       		.uleb128 0x24
 600 0022 00       		.byte	0
 601 0023 0B       		.uleb128 0xb
 602 0024 0B       		.uleb128 0xb
 603 0025 3E       		.uleb128 0x3e
 604 0026 0B       		.uleb128 0xb
 605 0027 03       		.uleb128 0x3
 606 0028 0E       		.uleb128 0xe
 607 0029 00       		.byte	0
 608 002a 00       		.byte	0
 609 002b 04       		.uleb128 0x4
 610 002c 16       		.uleb128 0x16
 611 002d 00       		.byte	0
 612 002e 03       		.uleb128 0x3
 613 002f 0E       		.uleb128 0xe
 614 0030 3A       		.uleb128 0x3a
 615 0031 0B       		.uleb128 0xb
 616 0032 3B       		.uleb128 0x3b
 617 0033 0B       		.uleb128 0xb
 618 0034 49       		.uleb128 0x49
 619 0035 13       		.uleb128 0x13
 620 0036 00       		.byte	0
 621 0037 00       		.byte	0
 622 0038 05       		.uleb128 0x5
 623 0039 0F       		.uleb128 0xf
 624 003a 00       		.byte	0
ARM GAS  /var/folders/dt/0wfd0knj7gs46m8vwfzktm600000gn/T//cc8pMAfY.s 			page 12


 625 003b 0B       		.uleb128 0xb
 626 003c 0B       		.uleb128 0xb
 627 003d 49       		.uleb128 0x49
 628 003e 13       		.uleb128 0x13
 629 003f 00       		.byte	0
 630 0040 00       		.byte	0
 631 0041 06       		.uleb128 0x6
 632 0042 15       		.uleb128 0x15
 633 0043 00       		.byte	0
 634 0044 27       		.uleb128 0x27
 635 0045 0C       		.uleb128 0xc
 636 0046 00       		.byte	0
 637 0047 00       		.byte	0
 638 0048 07       		.uleb128 0x7
 639 0049 13       		.uleb128 0x13
 640 004a 01       		.byte	0x1
 641 004b 0B       		.uleb128 0xb
 642 004c 05       		.uleb128 0x5
 643 004d 3A       		.uleb128 0x3a
 644 004e 0B       		.uleb128 0xb
 645 004f 3B       		.uleb128 0x3b
 646 0050 0B       		.uleb128 0xb
 647 0051 01       		.uleb128 0x1
 648 0052 13       		.uleb128 0x13
 649 0053 00       		.byte	0
 650 0054 00       		.byte	0
 651 0055 08       		.uleb128 0x8
 652 0056 0D       		.uleb128 0xd
 653 0057 00       		.byte	0
 654 0058 03       		.uleb128 0x3
 655 0059 0E       		.uleb128 0xe
 656 005a 3A       		.uleb128 0x3a
 657 005b 0B       		.uleb128 0xb
 658 005c 3B       		.uleb128 0x3b
 659 005d 0B       		.uleb128 0xb
 660 005e 49       		.uleb128 0x49
 661 005f 13       		.uleb128 0x13
 662 0060 38       		.uleb128 0x38
 663 0061 0A       		.uleb128 0xa
 664 0062 00       		.byte	0
 665 0063 00       		.byte	0
 666 0064 09       		.uleb128 0x9
 667 0065 01       		.uleb128 0x1
 668 0066 01       		.byte	0x1
 669 0067 49       		.uleb128 0x49
 670 0068 13       		.uleb128 0x13
 671 0069 01       		.uleb128 0x1
 672 006a 13       		.uleb128 0x13
 673 006b 00       		.byte	0
 674 006c 00       		.byte	0
 675 006d 0A       		.uleb128 0xa
 676 006e 21       		.uleb128 0x21
 677 006f 00       		.byte	0
 678 0070 49       		.uleb128 0x49
 679 0071 13       		.uleb128 0x13
 680 0072 2F       		.uleb128 0x2f
 681 0073 0B       		.uleb128 0xb
ARM GAS  /var/folders/dt/0wfd0knj7gs46m8vwfzktm600000gn/T//cc8pMAfY.s 			page 13


 682 0074 00       		.byte	0
 683 0075 00       		.byte	0
 684 0076 0B       		.uleb128 0xb
 685 0077 2E       		.uleb128 0x2e
 686 0078 00       		.byte	0
 687 0079 3F       		.uleb128 0x3f
 688 007a 0C       		.uleb128 0xc
 689 007b 03       		.uleb128 0x3
 690 007c 0E       		.uleb128 0xe
 691 007d 3A       		.uleb128 0x3a
 692 007e 0B       		.uleb128 0xb
 693 007f 3B       		.uleb128 0x3b
 694 0080 0B       		.uleb128 0xb
 695 0081 27       		.uleb128 0x27
 696 0082 0C       		.uleb128 0xc
 697 0083 11       		.uleb128 0x11
 698 0084 01       		.uleb128 0x1
 699 0085 12       		.uleb128 0x12
 700 0086 01       		.uleb128 0x1
 701 0087 40       		.uleb128 0x40
 702 0088 0A       		.uleb128 0xa
 703 0089 9742     		.uleb128 0x2117
 704 008b 0C       		.uleb128 0xc
 705 008c 00       		.byte	0
 706 008d 00       		.byte	0
 707 008e 0C       		.uleb128 0xc
 708 008f 34       		.uleb128 0x34
 709 0090 00       		.byte	0
 710 0091 03       		.uleb128 0x3
 711 0092 0E       		.uleb128 0xe
 712 0093 3A       		.uleb128 0x3a
 713 0094 0B       		.uleb128 0xb
 714 0095 3B       		.uleb128 0x3b
 715 0096 0B       		.uleb128 0xb
 716 0097 49       		.uleb128 0x49
 717 0098 13       		.uleb128 0x13
 718 0099 3F       		.uleb128 0x3f
 719 009a 0C       		.uleb128 0xc
 720 009b 3C       		.uleb128 0x3c
 721 009c 0C       		.uleb128 0xc
 722 009d 00       		.byte	0
 723 009e 00       		.byte	0
 724 009f 0D       		.uleb128 0xd
 725 00a0 34       		.uleb128 0x34
 726 00a1 00       		.byte	0
 727 00a2 03       		.uleb128 0x3
 728 00a3 0E       		.uleb128 0xe
 729 00a4 3A       		.uleb128 0x3a
 730 00a5 0B       		.uleb128 0xb
 731 00a6 3B       		.uleb128 0x3b
 732 00a7 0B       		.uleb128 0xb
 733 00a8 49       		.uleb128 0x49
 734 00a9 13       		.uleb128 0x13
 735 00aa 3F       		.uleb128 0x3f
 736 00ab 0C       		.uleb128 0xc
 737 00ac 02       		.uleb128 0x2
 738 00ad 0A       		.uleb128 0xa
ARM GAS  /var/folders/dt/0wfd0knj7gs46m8vwfzktm600000gn/T//cc8pMAfY.s 			page 14


 739 00ae 00       		.byte	0
 740 00af 00       		.byte	0
 741 00b0 00       		.byte	0
 742              		.section	.debug_aranges,"",%progbits
 743 0000 1C000000 		.4byte	0x1c
 744 0004 0200     		.2byte	0x2
 745 0006 00000000 		.4byte	.Ldebug_info0
 746 000a 04       		.byte	0x4
 747 000b 00       		.byte	0
 748 000c 0000     		.2byte	0
 749 000e 0000     		.2byte	0
 750 0010 00000000 		.4byte	.LFB7
 751 0014 02000000 		.4byte	.LFE7-.LFB7
 752 0018 00000000 		.4byte	0
 753 001c 00000000 		.4byte	0
 754              		.section	.debug_ranges,"",%progbits
 755              	.Ldebug_ranges0:
 756 0000 00000000 		.4byte	.LFB7
 757 0004 02000000 		.4byte	.LFE7
 758 0008 00000000 		.4byte	0
 759 000c 00000000 		.4byte	0
 760              		.section	.debug_line,"",%progbits
 761              	.Ldebug_line0:
 762 0000 D9000000 		.section	.debug_str,"MS",%progbits,1
 762      0200C300 
 762      00000201 
 762      FB0E0D00 
 762      01010101 
 763              	.LASF23:
 764 0000 76656374 		.ascii	"vector24\000"
 764      6F723234 
 764      00
 765              	.LASF13:
 766 0009 6972715F 		.ascii	"irq_vector_t\000"
 766      76656374 
 766      6F725F74 
 766      00
 767              	.LASF27:
 768 0016 76656374 		.ascii	"vector34\000"
 768      6F723334 
 768      00
 769              	.LASF33:
 770 001f 5F766563 		.ascii	"_vectors\000"
 770      746F7273 
 770      00
 771              	.LASF14:
 772 0028 696E6974 		.ascii	"init_stack\000"
 772      5F737461 
 772      636B00
 773              	.LASF25:
 774 0033 73766361 		.ascii	"svcall_vector\000"
 774      6C6C5F76 
 774      6563746F 
 774      7200
 775              	.LASF2:
 776 0041 756E7369 		.ascii	"unsigned char\000"
 776      676E6564 
ARM GAS  /var/folders/dt/0wfd0knj7gs46m8vwfzktm600000gn/T//cc8pMAfY.s 			page 15


 776      20636861 
 776      7200
 777              	.LASF6:
 778 004f 6C6F6E67 		.ascii	"long unsigned int\000"
 778      20756E73 
 778      69676E65 
 778      6420696E 
 778      7400
 779              	.LASF4:
 780 0061 73686F72 		.ascii	"short unsigned int\000"
 780      7420756E 
 780      7369676E 
 780      65642069 
 780      6E7400
 781              	.LASF21:
 782 0074 76656374 		.ascii	"vector1c\000"
 782      6F723163 
 782      00
 783              	.LASF29:
 784 007d 73797374 		.ascii	"systick_vector\000"
 784      69636B5F 
 784      76656374 
 784      6F7200
 785              	.LASF0:
 786 008c 756E7369 		.ascii	"unsigned int\000"
 786      676E6564 
 786      20696E74 
 786      00
 787              	.LASF16:
 788 0099 6E6D695F 		.ascii	"nmi_vector\000"
 788      76656374 
 788      6F7200
 789              	.LASF35:
 790 00a4 2E2E2F2E 		.ascii	"../../os/ports/GCC/ARMCMx/STM32F1xx/vectors.c\000"
 790      2E2F6F73 
 790      2F706F72 
 790      74732F47 
 790      43432F41 
 791              	.LASF8:
 792 00d2 6C6F6E67 		.ascii	"long long unsigned int\000"
 792      206C6F6E 
 792      6720756E 
 792      7369676E 
 792      65642069 
 793              	.LASF19:
 794 00e9 62757366 		.ascii	"busfault_vector\000"
 794      61756C74 
 794      5F766563 
 794      746F7200 
 795              	.LASF24:
 796 00f9 76656374 		.ascii	"vector28\000"
 796      6F723238 
 796      00
 797              	.LASF20:
 798 0102 75736167 		.ascii	"usagefault_vector\000"
 798      65666175 
 798      6C745F76 
ARM GAS  /var/folders/dt/0wfd0knj7gs46m8vwfzktm600000gn/T//cc8pMAfY.s 			page 16


 798      6563746F 
 798      7200
 799              	.LASF31:
 800 0114 76656374 		.ascii	"vectors_t\000"
 800      6F72735F 
 800      7400
 801              	.LASF10:
 802 011e 73697A65 		.ascii	"sizetype\000"
 802      74797065 
 802      00
 803              	.LASF28:
 804 0127 70656E64 		.ascii	"pendsv_vector\000"
 804      73765F76 
 804      6563746F 
 804      7200
 805              	.LASF17:
 806 0135 68617264 		.ascii	"hardfault_vector\000"
 806      6661756C 
 806      745F7665 
 806      63746F72 
 806      00
 807              	.LASF7:
 808 0146 6C6F6E67 		.ascii	"long long int\000"
 808      206C6F6E 
 808      6720696E 
 808      7400
 809              	.LASF11:
 810 0154 63686172 		.ascii	"char\000"
 810      00
 811              	.LASF18:
 812 0159 6D656D6D 		.ascii	"memmanage_vector\000"
 812      616E6167 
 812      655F7665 
 812      63746F72 
 812      00
 813              	.LASF34:
 814 016a 474E5520 		.ascii	"GNU C 4.7.2\000"
 814      4320342E 
 814      372E3200 
 815              	.LASF37:
 816 0176 5F756E68 		.ascii	"_unhandled_exception\000"
 816      616E646C 
 816      65645F65 
 816      78636570 
 816      74696F6E 
 817              	.LASF30:
 818 018b 76656374 		.ascii	"vectors\000"
 818      6F727300 
 819              	.LASF3:
 820 0193 73686F72 		.ascii	"short int\000"
 820      7420696E 
 820      7400
 821              	.LASF15:
 822 019d 72657365 		.ascii	"reset_vector\000"
 822      745F7665 
 822      63746F72 
 822      00
ARM GAS  /var/folders/dt/0wfd0knj7gs46m8vwfzktm600000gn/T//cc8pMAfY.s 			page 17


 823              	.LASF12:
 824 01aa 75696E74 		.ascii	"uint32_t\000"
 824      33325F74 
 824      00
 825              	.LASF5:
 826 01b3 6C6F6E67 		.ascii	"long int\000"
 826      20696E74 
 826      00
 827              	.LASF1:
 828 01bc 7369676E 		.ascii	"signed char\000"
 828      65642063 
 828      68617200 
 829              	.LASF26:
 830 01c8 64656275 		.ascii	"debugmonitor_vector\000"
 830      676D6F6E 
 830      69746F72 
 830      5F766563 
 830      746F7200 
 831              	.LASF22:
 832 01dc 76656374 		.ascii	"vector20\000"
 832      6F723230 
 832      00
 833              	.LASF9:
 834 01e5 5F426F6F 		.ascii	"_Bool\000"
 834      6C00
 835              	.LASF32:
 836 01eb 5F5F6D61 		.ascii	"__main_stack_end__\000"
 836      696E5F73 
 836      7461636B 
 836      5F656E64 
 836      5F5F00
 837              	.LASF36:
 838 01fe 2F557365 		.ascii	"/Users/toxygen/dev/chibi/ChibiOS_2.6.1/demos/ARMCM3"
 838      72732F74 
 838      6F787967 
 838      656E2F64 
 838      65762F63 
 839 0231 2D53544D 		.ascii	"-STM32F107\000"
 839      33324631 
 839      303700
 840              		.ident	"GCC: (GNU) 4.7.2"
ARM GAS  /var/folders/dt/0wfd0knj7gs46m8vwfzktm600000gn/T//cc8pMAfY.s 			page 18


DEFINED SYMBOLS
                            *ABS*:0000000000000000 vectors.c
/var/folders/dt/0wfd0knj7gs46m8vwfzktm600000gn/T//cc8pMAfY.s:19     .text._unhandled_exception:0000000000000000 $t
/var/folders/dt/0wfd0knj7gs46m8vwfzktm600000gn/T//cc8pMAfY.s:25     .text._unhandled_exception:0000000000000000 _unhandled_exception
/var/folders/dt/0wfd0knj7gs46m8vwfzktm600000gn/T//cc8pMAfY.s:25     .text._unhandled_exception:0000000000000000 HardFaultVector
/var/folders/dt/0wfd0knj7gs46m8vwfzktm600000gn/T//cc8pMAfY.s:25     .text._unhandled_exception:0000000000000000 MemManageVector
/var/folders/dt/0wfd0knj7gs46m8vwfzktm600000gn/T//cc8pMAfY.s:25     .text._unhandled_exception:0000000000000000 BusFaultVector
/var/folders/dt/0wfd0knj7gs46m8vwfzktm600000gn/T//cc8pMAfY.s:25     .text._unhandled_exception:0000000000000000 UsageFaultVector
/var/folders/dt/0wfd0knj7gs46m8vwfzktm600000gn/T//cc8pMAfY.s:25     .text._unhandled_exception:0000000000000000 Vector1C
/var/folders/dt/0wfd0knj7gs46m8vwfzktm600000gn/T//cc8pMAfY.s:25     .text._unhandled_exception:0000000000000000 Vector20
/var/folders/dt/0wfd0knj7gs46m8vwfzktm600000gn/T//cc8pMAfY.s:25     .text._unhandled_exception:0000000000000000 Vector24
/var/folders/dt/0wfd0knj7gs46m8vwfzktm600000gn/T//cc8pMAfY.s:25     .text._unhandled_exception:0000000000000000 Vector28
/var/folders/dt/0wfd0knj7gs46m8vwfzktm600000gn/T//cc8pMAfY.s:25     .text._unhandled_exception:0000000000000000 SVCallVector
/var/folders/dt/0wfd0knj7gs46m8vwfzktm600000gn/T//cc8pMAfY.s:25     .text._unhandled_exception:0000000000000000 DebugMonitorVector
/var/folders/dt/0wfd0knj7gs46m8vwfzktm600000gn/T//cc8pMAfY.s:25     .text._unhandled_exception:0000000000000000 Vector34
/var/folders/dt/0wfd0knj7gs46m8vwfzktm600000gn/T//cc8pMAfY.s:25     .text._unhandled_exception:0000000000000000 PendSVVector
/var/folders/dt/0wfd0knj7gs46m8vwfzktm600000gn/T//cc8pMAfY.s:25     .text._unhandled_exception:0000000000000000 SysTickVector
/var/folders/dt/0wfd0knj7gs46m8vwfzktm600000gn/T//cc8pMAfY.s:25     .text._unhandled_exception:0000000000000000 Vector40
/var/folders/dt/0wfd0knj7gs46m8vwfzktm600000gn/T//cc8pMAfY.s:25     .text._unhandled_exception:0000000000000000 Vector44
/var/folders/dt/0wfd0knj7gs46m8vwfzktm600000gn/T//cc8pMAfY.s:25     .text._unhandled_exception:0000000000000000 Vector48
/var/folders/dt/0wfd0knj7gs46m8vwfzktm600000gn/T//cc8pMAfY.s:25     .text._unhandled_exception:0000000000000000 Vector4C
/var/folders/dt/0wfd0knj7gs46m8vwfzktm600000gn/T//cc8pMAfY.s:25     .text._unhandled_exception:0000000000000000 Vector50
/var/folders/dt/0wfd0knj7gs46m8vwfzktm600000gn/T//cc8pMAfY.s:25     .text._unhandled_exception:0000000000000000 Vector54
/var/folders/dt/0wfd0knj7gs46m8vwfzktm600000gn/T//cc8pMAfY.s:25     .text._unhandled_exception:0000000000000000 Vector58
/var/folders/dt/0wfd0knj7gs46m8vwfzktm600000gn/T//cc8pMAfY.s:25     .text._unhandled_exception:0000000000000000 Vector5C
/var/folders/dt/0wfd0knj7gs46m8vwfzktm600000gn/T//cc8pMAfY.s:25     .text._unhandled_exception:0000000000000000 Vector60
/var/folders/dt/0wfd0knj7gs46m8vwfzktm600000gn/T//cc8pMAfY.s:25     .text._unhandled_exception:0000000000000000 Vector64
/var/folders/dt/0wfd0knj7gs46m8vwfzktm600000gn/T//cc8pMAfY.s:25     .text._unhandled_exception:0000000000000000 Vector68
/var/folders/dt/0wfd0knj7gs46m8vwfzktm600000gn/T//cc8pMAfY.s:25     .text._unhandled_exception:0000000000000000 Vector6C
/var/folders/dt/0wfd0knj7gs46m8vwfzktm600000gn/T//cc8pMAfY.s:25     .text._unhandled_exception:0000000000000000 Vector70
/var/folders/dt/0wfd0knj7gs46m8vwfzktm600000gn/T//cc8pMAfY.s:25     .text._unhandled_exception:0000000000000000 Vector74
/var/folders/dt/0wfd0knj7gs46m8vwfzktm600000gn/T//cc8pMAfY.s:25     .text._unhandled_exception:0000000000000000 Vector78
/var/folders/dt/0wfd0knj7gs46m8vwfzktm600000gn/T//cc8pMAfY.s:25     .text._unhandled_exception:0000000000000000 Vector7C
/var/folders/dt/0wfd0knj7gs46m8vwfzktm600000gn/T//cc8pMAfY.s:25     .text._unhandled_exception:0000000000000000 Vector80
/var/folders/dt/0wfd0knj7gs46m8vwfzktm600000gn/T//cc8pMAfY.s:25     .text._unhandled_exception:0000000000000000 Vector84
/var/folders/dt/0wfd0knj7gs46m8vwfzktm600000gn/T//cc8pMAfY.s:25     .text._unhandled_exception:0000000000000000 Vector88
/var/folders/dt/0wfd0knj7gs46m8vwfzktm600000gn/T//cc8pMAfY.s:25     .text._unhandled_exception:0000000000000000 Vector8C
/var/folders/dt/0wfd0knj7gs46m8vwfzktm600000gn/T//cc8pMAfY.s:25     .text._unhandled_exception:0000000000000000 Vector90
/var/folders/dt/0wfd0knj7gs46m8vwfzktm600000gn/T//cc8pMAfY.s:25     .text._unhandled_exception:0000000000000000 Vector94
/var/folders/dt/0wfd0knj7gs46m8vwfzktm600000gn/T//cc8pMAfY.s:25     .text._unhandled_exception:0000000000000000 Vector98
/var/folders/dt/0wfd0knj7gs46m8vwfzktm600000gn/T//cc8pMAfY.s:25     .text._unhandled_exception:0000000000000000 Vector9C
/var/folders/dt/0wfd0knj7gs46m8vwfzktm600000gn/T//cc8pMAfY.s:25     .text._unhandled_exception:0000000000000000 VectorA0
/var/folders/dt/0wfd0knj7gs46m8vwfzktm600000gn/T//cc8pMAfY.s:25     .text._unhandled_exception:0000000000000000 VectorA4
/var/folders/dt/0wfd0knj7gs46m8vwfzktm600000gn/T//cc8pMAfY.s:25     .text._unhandled_exception:0000000000000000 VectorA8
/var/folders/dt/0wfd0knj7gs46m8vwfzktm600000gn/T//cc8pMAfY.s:25     .text._unhandled_exception:0000000000000000 VectorAC
/var/folders/dt/0wfd0knj7gs46m8vwfzktm600000gn/T//cc8pMAfY.s:25     .text._unhandled_exception:0000000000000000 VectorB0
/var/folders/dt/0wfd0knj7gs46m8vwfzktm600000gn/T//cc8pMAfY.s:25     .text._unhandled_exception:0000000000000000 VectorB4
/var/folders/dt/0wfd0knj7gs46m8vwfzktm600000gn/T//cc8pMAfY.s:25     .text._unhandled_exception:0000000000000000 VectorB8
/var/folders/dt/0wfd0knj7gs46m8vwfzktm600000gn/T//cc8pMAfY.s:25     .text._unhandled_exception:0000000000000000 VectorBC
/var/folders/dt/0wfd0knj7gs46m8vwfzktm600000gn/T//cc8pMAfY.s:25     .text._unhandled_exception:0000000000000000 VectorC0
/var/folders/dt/0wfd0knj7gs46m8vwfzktm600000gn/T//cc8pMAfY.s:25     .text._unhandled_exception:0000000000000000 VectorC4
/var/folders/dt/0wfd0knj7gs46m8vwfzktm600000gn/T//cc8pMAfY.s:25     .text._unhandled_exception:0000000000000000 VectorC8
/var/folders/dt/0wfd0knj7gs46m8vwfzktm600000gn/T//cc8pMAfY.s:25     .text._unhandled_exception:0000000000000000 VectorCC
/var/folders/dt/0wfd0knj7gs46m8vwfzktm600000gn/T//cc8pMAfY.s:25     .text._unhandled_exception:0000000000000000 VectorD0
/var/folders/dt/0wfd0knj7gs46m8vwfzktm600000gn/T//cc8pMAfY.s:25     .text._unhandled_exception:0000000000000000 VectorD4
/var/folders/dt/0wfd0knj7gs46m8vwfzktm600000gn/T//cc8pMAfY.s:25     .text._unhandled_exception:0000000000000000 VectorD8
/var/folders/dt/0wfd0knj7gs46m8vwfzktm600000gn/T//cc8pMAfY.s:25     .text._unhandled_exception:0000000000000000 VectorDC
ARM GAS  /var/folders/dt/0wfd0knj7gs46m8vwfzktm600000gn/T//cc8pMAfY.s 			page 19


/var/folders/dt/0wfd0knj7gs46m8vwfzktm600000gn/T//cc8pMAfY.s:25     .text._unhandled_exception:0000000000000000 VectorE0
/var/folders/dt/0wfd0knj7gs46m8vwfzktm600000gn/T//cc8pMAfY.s:25     .text._unhandled_exception:0000000000000000 VectorE4
/var/folders/dt/0wfd0knj7gs46m8vwfzktm600000gn/T//cc8pMAfY.s:25     .text._unhandled_exception:0000000000000000 VectorE8
/var/folders/dt/0wfd0knj7gs46m8vwfzktm600000gn/T//cc8pMAfY.s:25     .text._unhandled_exception:0000000000000000 VectorEC
/var/folders/dt/0wfd0knj7gs46m8vwfzktm600000gn/T//cc8pMAfY.s:25     .text._unhandled_exception:0000000000000000 VectorF0
/var/folders/dt/0wfd0knj7gs46m8vwfzktm600000gn/T//cc8pMAfY.s:25     .text._unhandled_exception:0000000000000000 VectorF4
/var/folders/dt/0wfd0knj7gs46m8vwfzktm600000gn/T//cc8pMAfY.s:25     .text._unhandled_exception:0000000000000000 VectorF8
/var/folders/dt/0wfd0knj7gs46m8vwfzktm600000gn/T//cc8pMAfY.s:25     .text._unhandled_exception:0000000000000000 VectorFC
/var/folders/dt/0wfd0knj7gs46m8vwfzktm600000gn/T//cc8pMAfY.s:25     .text._unhandled_exception:0000000000000000 Vector100
/var/folders/dt/0wfd0knj7gs46m8vwfzktm600000gn/T//cc8pMAfY.s:25     .text._unhandled_exception:0000000000000000 Vector104
/var/folders/dt/0wfd0knj7gs46m8vwfzktm600000gn/T//cc8pMAfY.s:25     .text._unhandled_exception:0000000000000000 Vector108
/var/folders/dt/0wfd0knj7gs46m8vwfzktm600000gn/T//cc8pMAfY.s:25     .text._unhandled_exception:0000000000000000 Vector10C
/var/folders/dt/0wfd0knj7gs46m8vwfzktm600000gn/T//cc8pMAfY.s:25     .text._unhandled_exception:0000000000000000 Vector110
/var/folders/dt/0wfd0knj7gs46m8vwfzktm600000gn/T//cc8pMAfY.s:25     .text._unhandled_exception:0000000000000000 Vector114
/var/folders/dt/0wfd0knj7gs46m8vwfzktm600000gn/T//cc8pMAfY.s:25     .text._unhandled_exception:0000000000000000 Vector118
/var/folders/dt/0wfd0knj7gs46m8vwfzktm600000gn/T//cc8pMAfY.s:25     .text._unhandled_exception:0000000000000000 Vector11C
/var/folders/dt/0wfd0knj7gs46m8vwfzktm600000gn/T//cc8pMAfY.s:25     .text._unhandled_exception:0000000000000000 Vector120
/var/folders/dt/0wfd0knj7gs46m8vwfzktm600000gn/T//cc8pMAfY.s:25     .text._unhandled_exception:0000000000000000 Vector124
/var/folders/dt/0wfd0knj7gs46m8vwfzktm600000gn/T//cc8pMAfY.s:25     .text._unhandled_exception:0000000000000000 Vector128
/var/folders/dt/0wfd0knj7gs46m8vwfzktm600000gn/T//cc8pMAfY.s:25     .text._unhandled_exception:0000000000000000 Vector12C
/var/folders/dt/0wfd0knj7gs46m8vwfzktm600000gn/T//cc8pMAfY.s:25     .text._unhandled_exception:0000000000000000 Vector130
/var/folders/dt/0wfd0knj7gs46m8vwfzktm600000gn/T//cc8pMAfY.s:25     .text._unhandled_exception:0000000000000000 Vector134
/var/folders/dt/0wfd0knj7gs46m8vwfzktm600000gn/T//cc8pMAfY.s:25     .text._unhandled_exception:0000000000000000 Vector138
/var/folders/dt/0wfd0knj7gs46m8vwfzktm600000gn/T//cc8pMAfY.s:25     .text._unhandled_exception:0000000000000000 Vector13C
/var/folders/dt/0wfd0knj7gs46m8vwfzktm600000gn/T//cc8pMAfY.s:25     .text._unhandled_exception:0000000000000000 Vector140
/var/folders/dt/0wfd0knj7gs46m8vwfzktm600000gn/T//cc8pMAfY.s:25     .text._unhandled_exception:0000000000000000 Vector144
/var/folders/dt/0wfd0knj7gs46m8vwfzktm600000gn/T//cc8pMAfY.s:25     .text._unhandled_exception:0000000000000000 Vector148
/var/folders/dt/0wfd0knj7gs46m8vwfzktm600000gn/T//cc8pMAfY.s:25     .text._unhandled_exception:0000000000000000 Vector14C
/var/folders/dt/0wfd0knj7gs46m8vwfzktm600000gn/T//cc8pMAfY.s:25     .text._unhandled_exception:0000000000000000 NMIVector
/var/folders/dt/0wfd0knj7gs46m8vwfzktm600000gn/T//cc8pMAfY.s:208    vectors:0000000000000000 _vectors
/var/folders/dt/0wfd0knj7gs46m8vwfzktm600000gn/T//cc8pMAfY.s:205    vectors:0000000000000000 $d
                     .debug_frame:0000000000000010 $d

UNDEFINED SYMBOLS
__main_stack_end__
ResetHandler
