ARM GAS  /var/folders/dt/0wfd0knj7gs46m8vwfzktm600000gn/T//ccftso6a.s 			page 1


   1              		.syntax unified
   2              		.cpu cortex-m3
   3              		.fpu softvfp
   4              		.eabi_attribute 20, 1
   5              		.eabi_attribute 21, 1
   6              		.eabi_attribute 23, 3
   7              		.eabi_attribute 24, 1
   8              		.eabi_attribute 25, 1
   9              		.eabi_attribute 26, 1
  10              		.eabi_attribute 30, 2
  11              		.eabi_attribute 34, 1
  12              		.eabi_attribute 18, 4
  13              		.thumb
  14              		.file	"chcore_v7m.c"
  15              		.text
  16              	.Ltext0:
  17              		.cfi_sections	.debug_frame
  18              		.section	.text._port_switch_from_isr,"ax",%progbits
  19              		.align	2
  20              		.p2align 4,,15
  21              		.global	_port_switch_from_isr
  22              		.thumb
  23              		.thumb_func
  24              		.type	_port_switch_from_isr, %function
  25              	_port_switch_from_isr:
  26              	.LFB11:
  27              		.file 1 "../../os/ports/GCC/ARMCMx/chcore_v7m.c"
  28              		.loc 1 207 0
  29              		.cfi_startproc
  30              		@ Naked Function: prologue and epilogue provided by programmer.
  31              		@ args = 0, pretend = 0, frame = 0
  32              		@ frame_needed = 0, uses_anonymous_args = 0
  33              		.loc 1 210 0
  34 0000 FFF7FEFF 		bl	chSchDoReschedule
  35              	.LVL0:
  36              		.loc 1 212 0
  37              	@ 212 "../../os/ports/GCC/ARMCMx/chcore_v7m.c" 1
  38              		_port_exit_from_isr:
  39              	@ 0 "" 2
  40              		.loc 1 214 0
  41              	@ 214 "../../os/ports/GCC/ARMCMx/chcore_v7m.c" 1
  42 0004 00DF     		svc     #0
  43              	@ 0 "" 2
  44              		.loc 1 221 0
  45              		.thumb
  46              		.cfi_endproc
  47              	.LFE11:
  48              		.size	_port_switch_from_isr, .-_port_switch_from_isr
  49 0006 00BFAFF3 		.section	.text.SVCallVector,"ax",%progbits
  49      0080AFF3 
  49      0080
  50              		.align	2
  51              		.p2align 4,,15
  52              		.global	SVCallVector
  53              		.thumb
  54              		.thumb_func
  55              		.type	SVCallVector, %function
ARM GAS  /var/folders/dt/0wfd0knj7gs46m8vwfzktm600000gn/T//ccftso6a.s 			page 2


  56              	SVCallVector:
  57              	.LFB8:
  58              		.loc 1 65 0
  59              		.cfi_startproc
  60              		@ args = 0, pretend = 0, frame = 0
  61              		@ frame_needed = 0, uses_anonymous_args = 0
  62              		@ link register save eliminated.
  63              		.loc 1 69 0
  64              	@ 69 "../../os/ports/GCC/ARMCMx/chcore_v7m.c" 1
  65 0000 EFF30983 		mrs     r3, PSP
  66              	@ 0 "" 2
  67              	.LVL1:
  68              		.loc 1 73 0
  69              		.thumb
  70 0004 2033     		adds	r3, r3, #32
  71              	.LVL2:
  72              		.loc 1 80 0
  73              	@ 80 "../../os/ports/GCC/ARMCMx/chcore_v7m.c" 1
  74 0006 83F30988 		msr     PSP, r3
  75              	@ 0 "" 2
  76              		.thumb
  77              	.LBB2:
  78              		.loc 1 81 0
  79 000a 0023     		movs	r3, #0
  80              	.LVL3:
  81              	@ 81 "../../os/ports/GCC/ARMCMx/chcore_v7m.c" 1
  82 000c 83F31188 		msr     BASEPRI, r3
  83              	@ 0 "" 2
  84              	.LVL4:
  85              		.thumb
  86 0010 7047     		bx	lr
  87              	.LBE2:
  88              		.cfi_endproc
  89              	.LFE8:
  90              		.size	SVCallVector, .-SVCallVector
  91 0012 00BFAFF3 		.section	.text._port_init,"ax",%progbits
  91      0080AFF3 
  91      0080AFF3 
  91      0080
  92              		.align	2
  93              		.p2align 4,,15
  94              		.global	_port_init
  95              		.thumb
  96              		.thumb_func
  97              		.type	_port_init, %function
  98              	_port_init:
  99              	.LFB9:
 100              		.loc 1 118 0
 101              		.cfi_startproc
 102              		@ args = 0, pretend = 0, frame = 0
 103              		@ frame_needed = 0, uses_anonymous_args = 0
 104 0000 08B5     		push	{r3, lr}
 105              	.LCFI0:
 106              		.cfi_def_cfa_offset 8
 107              		.cfi_offset 3, -8
 108              		.cfi_offset 14, -4
 109              		.loc 1 122 0
ARM GAS  /var/folders/dt/0wfd0knj7gs46m8vwfzktm600000gn/T//ccftso6a.s 			page 3


 110 0002 0022     		movs	r2, #0
 111              		.loc 1 121 0
 112 0004 4FF46D43 		mov	r3, #60672
 113 0008 CEF20003 		movt	r3, 57344
 114              		.loc 1 122 0
 115 000c C0F2FA52 		movt	r2, 1530
 116              		.loc 1 121 0
 117 0010 0021     		movs	r1, #0
 118 0012 9960     		str	r1, [r3, #8]
 119              		.loc 1 125 0
 120 0014 0720     		movs	r0, #7
 121 0016 1021     		movs	r1, #16
 122              		.loc 1 122 0
 123 0018 DA60     		str	r2, [r3, #12]
 124              		.loc 1 125 0
 125 001a FFF7FEFF 		bl	nvicSetSystemHandlerPriority
 126              	.LVL5:
 127              		.loc 1 127 0
 128 001e 0A20     		movs	r0, #10
 129 0020 4FF40071 		mov	r1, #512
 130 0024 FFF7FEFF 		bl	nvicSetSystemHandlerPriority
 131              	.LVL6:
 132              		.loc 1 129 0
 133 0028 0B20     		movs	r0, #11
 134 002a 8021     		movs	r1, #128
 135              		.loc 1 131 0
 136 002c BDE80840 		pop	{r3, lr}
 137              		.loc 1 129 0
 138 0030 FFF7FEBF 		b	nvicSetSystemHandlerPriority
 139              	.LVL7:
 140              		.cfi_endproc
 141              	.LFE9:
 142              		.size	_port_init, .-_port_init
 143 0034 AFF30080 		.section	.text._port_irq_epilogue,"ax",%progbits
 143      AFF30080 
 143      AFF30080 
 144              		.align	2
 145              		.p2align 4,,15
 146              		.global	_port_irq_epilogue
 147              		.thumb
 148              		.thumb_func
 149              		.type	_port_irq_epilogue, %function
 150              	_port_irq_epilogue:
 151              	.LFB10:
 152              		.loc 1 148 0
 153              		.cfi_startproc
 154              		@ args = 0, pretend = 0, frame = 0
 155              		@ frame_needed = 0, uses_anonymous_args = 0
 156              		@ link register save eliminated.
 157              	.LBB3:
 158              		.loc 1 150 0
 159 0000 2023     		movs	r3, #32
 160              	.LVL8:
 161              	@ 150 "../../os/ports/GCC/ARMCMx/chcore_v7m.c" 1
 162 0002 83F31188 		msr     BASEPRI, r3
 163              	@ 0 "" 2
 164              	.LVL9:
ARM GAS  /var/folders/dt/0wfd0knj7gs46m8vwfzktm600000gn/T//ccftso6a.s 			page 4


 165              		.thumb
 166              	.LBE3:
 167              		.loc 1 151 0
 168 0006 4FF46D43 		mov	r3, #60672
 169              	.LVL10:
 170 000a CEF20003 		movt	r3, 57344
 171 000e 5B68     		ldr	r3, [r3, #4]
 172 0010 13F40063 		ands	r3, r3, #2048
 173 0014 19D0     		beq	.L5
 174              	.LBB4:
 175              		.loc 1 155 0
 176              	@ 155 "../../os/ports/GCC/ARMCMx/chcore_v7m.c" 1
 177 0016 EFF30983 		mrs     r3, PSP
 178              	@ 0 "" 2
 179              	.LVL11:
 180              		.loc 1 159 0
 181              		.thumb
 182 001a A3F12002 		sub	r2, r3, #32
 183              	.LVL12:
 184              		.loc 1 160 0
 185              	@ 160 "../../os/ports/GCC/ARMCMx/chcore_v7m.c" 1
 186 001e 82F30988 		msr     PSP, r2
 187              	@ 0 "" 2
 188              		.loc 1 165 0
 189              		.thumb
 190 0022 124A     		ldr	r2, .L12
 191              	.LVL13:
 192              		.loc 1 161 0
 193 0024 4FF08070 		mov	r0, #16777216
 194              		.loc 1 165 0
 195 0028 9169     		ldr	r1, [r2, #24]
 196              		.loc 1 161 0
 197 002a 43F8040C 		str	r0, [r3, #-4]
 198              		.loc 1 165 0
 199 002e 79B1     		cbz	r1, .L6
 200              		.loc 1 165 0 is_stmt 0 discriminator 1
 201 0030 1168     		ldr	r1, [r2, #0]
 202 0032 D269     		ldr	r2, [r2, #28]
 203 0034 8968     		ldr	r1, [r1, #8]
 204 0036 9268     		ldr	r2, [r2, #8]
 205 0038 9142     		cmp	r1, r2
 206 003a 94BF     		ite	ls
 207 003c 0022     		movls	r2, #0
 208 003e 0122     		movhi	r2, #1
 209 0040 82B1     		cbz	r2, .L8
 210              	.L11:
 211              		.loc 1 167 0 is_stmt 1
 212 0042 0B4A     		ldr	r2, .L12+4
 213 0044 43F8082C 		str	r2, [r3, #-8]
 214 0048 7047     		bx	lr
 215              	.LVL14:
 216              	.L5:
 217              	.LBE4:
 218              	.LBB5:
 219              		.loc 1 197 0
 220              	@ 197 "../../os/ports/GCC/ARMCMx/chcore_v7m.c" 1
 221 004a 83F31188 		msr     BASEPRI, r3
ARM GAS  /var/folders/dt/0wfd0knj7gs46m8vwfzktm600000gn/T//ccftso6a.s 			page 5


 222              	@ 0 "" 2
 223              	.LVL15:
 224              		.thumb
 225 004e 7047     		bx	lr
 226              	.LVL16:
 227              	.L6:
 228              	.LBE5:
 229              	.LBB6:
 230              		.loc 1 165 0 discriminator 2
 231 0050 1168     		ldr	r1, [r2, #0]
 232 0052 D269     		ldr	r2, [r2, #28]
 233 0054 8968     		ldr	r1, [r1, #8]
 234 0056 9268     		ldr	r2, [r2, #8]
 235 0058 9142     		cmp	r1, r2
 236 005a 34BF     		ite	cc
 237 005c 0022     		movcc	r2, #0
 238 005e 0122     		movcs	r2, #1
 239 0060 002A     		cmp	r2, #0
 240 0062 EED1     		bne	.L11
 241              	.L8:
 242              		.loc 1 176 0
 243 0064 034A     		ldr	r2, .L12+8
 244 0066 43F8082C 		str	r2, [r3, #-8]
 245 006a 7047     		bx	lr
 246              	.L13:
 247              		.align	2
 248              	.L12:
 249 006c 00000000 		.word	rlist
 250 0070 00000000 		.word	_port_switch_from_isr
 251 0074 04000000 		.word	_port_exit_from_isr
 252              	.LBE6:
 253              		.cfi_endproc
 254              	.LFE10:
 255              		.size	_port_irq_epilogue, .-_port_irq_epilogue
 256 0078 AFF30080 		.section	.text.SysTickVector,"ax",%progbits
 256      AFF30080 
 257              		.align	2
 258              		.p2align 4,,15
 259              		.global	SysTickVector
 260              		.thumb
 261              		.thumb_func
 262              		.type	SysTickVector, %function
 263              	SysTickVector:
 264              	.LFB7:
 265              		.loc 1 47 0
 266              		.cfi_startproc
 267              		@ args = 0, pretend = 0, frame = 0
 268              		@ frame_needed = 0, uses_anonymous_args = 0
 269 0000 08B5     		push	{r3, lr}
 270              	.LCFI1:
 271              		.cfi_def_cfa_offset 8
 272              		.cfi_offset 3, -8
 273              		.cfi_offset 14, -4
 274              	.LBB7:
 275              		.loc 1 51 0
 276 0002 2023     		movs	r3, #32
 277              	.LVL17:
ARM GAS  /var/folders/dt/0wfd0knj7gs46m8vwfzktm600000gn/T//ccftso6a.s 			page 6


 278              	@ 51 "../../os/ports/GCC/ARMCMx/chcore_v7m.c" 1
 279 0004 83F31188 		msr     BASEPRI, r3
 280              	@ 0 "" 2
 281              	.LVL18:
 282              		.thumb
 283              	.LBE7:
 284              		.loc 1 52 0
 285 0008 FFF7FEFF 		bl	chSysTimerHandlerI
 286              	.LVL19:
 287              	.LBB8:
 288              		.loc 1 53 0
 289 000c 0023     		movs	r3, #0
 290              	.LVL20:
 291              	@ 53 "../../os/ports/GCC/ARMCMx/chcore_v7m.c" 1
 292 000e 83F31188 		msr     BASEPRI, r3
 293              	@ 0 "" 2
 294              	.LVL21:
 295              		.thumb
 296              	.LBE8:
 297              		.loc 1 56 0
 298 0012 BDE80840 		pop	{r3, lr}
 299              		.loc 1 55 0
 300 0016 FFF7FEBF 		b	_port_irq_epilogue
 301              	.LVL22:
 302              		.cfi_endproc
 303              	.LFE7:
 304              		.size	SysTickVector, .-SysTickVector
 305 001a 00BFAFF3 		.section	.text._port_switch,"ax",%progbits
 305      0080
 306              		.align	2
 307              		.p2align 4,,15
 308              		.global	_port_switch
 309              		.thumb
 310              		.thumb_func
 311              		.type	_port_switch, %function
 312              	_port_switch:
 313              	.LFB12:
 314              		.loc 1 236 0
 315              		.cfi_startproc
 316              		@ Naked Function: prologue and epilogue provided by programmer.
 317              		@ args = 0, pretend = 0, frame = 0
 318              		@ frame_needed = 0, uses_anonymous_args = 0
 319              	.LVL23:
 320              		.loc 1 238 0
 321              	@ 238 "../../os/ports/GCC/ARMCMx/chcore_v7m.c" 1
 322 0000 2DE9F04F 		push    {r4, r5, r6, r7, r8, r9, r10, r11, lr}
 323              	@ 0 "" 2
 324              		.loc 1 244 0
 325              	@ 244 "../../os/ports/GCC/ARMCMx/chcore_v7m.c" 1
 326 0004 C1F80CD0 		str     sp, [r1, #12]                          
 327 0008 D0F80CD0 		ldr     sp, [r0, #12]
 328              	@ 0 "" 2
 329              		.loc 1 250 0
 330              	@ 250 "../../os/ports/GCC/ARMCMx/chcore_v7m.c" 1
 331 000c BDE8F08F 		pop     {r4, r5, r6, r7, r8, r9, r10, r11, pc}
 332              	@ 0 "" 2
 333              		.loc 1 252 0
ARM GAS  /var/folders/dt/0wfd0knj7gs46m8vwfzktm600000gn/T//ccftso6a.s 			page 7


 334              		.thumb
 335              		.cfi_endproc
 336              	.LFE12:
 337              		.size	_port_switch, .-_port_switch
 338              		.section	.text._port_thread_start,"ax",%progbits
 339              		.align	2
 340              		.p2align 4,,15
 341              		.global	_port_thread_start
 342              		.thumb
 343              		.thumb_func
 344              		.type	_port_thread_start, %function
 345              	_port_thread_start:
 346              	.LFB13:
 347              		.loc 1 259 0
 348              		.cfi_startproc
 349              		@ args = 0, pretend = 0, frame = 0
 350              		@ frame_needed = 0, uses_anonymous_args = 0
 351              		@ link register save eliminated.
 352              	.LBB9:
 353              		.loc 1 261 0
 354 0000 0023     		movs	r3, #0
 355              	.LVL24:
 356              	@ 261 "../../os/ports/GCC/ARMCMx/chcore_v7m.c" 1
 357 0002 83F31188 		msr     BASEPRI, r3
 358              	@ 0 "" 2
 359              	.LVL25:
 360              		.thumb
 361              	.LBE9:
 362              		.loc 1 262 0
 363              	@ 262 "../../os/ports/GCC/ARMCMx/chcore_v7m.c" 1
 364 0006 2846     		mov     r0, r5                                 
 365 0008 A047     		blx     r4                                     
 366 000a FFF7FEFF 		bl      chThdExit
 367              	@ 0 "" 2
 368              		.thumb
 369 000e 7047     		bx	lr
 370              		.cfi_endproc
 371              	.LFE13:
 372              		.size	_port_thread_start, .-_port_thread_start
 373              		.text
 374              	.Letext0:
 375              		.file 2 "/Users/toxygen/Applications/yagarto-4.7.2/bin/../lib/gcc/arm-none-eabi/4.7.2/../../../../
 376              		.file 3 "../../os/ports/GCC/ARMCMx/chtypes.h"
 377              		.file 4 "../../os/kernel/include/chlists.h"
 378              		.file 5 "../../os/kernel/include/chthreads.h"
 379              		.file 6 "../../os/ports/GCC/ARMCMx/chcore_v7m.h"
 380              		.file 7 "../../os/ports/common/ARMCMx/nvic.h"
 381              		.file 8 "../../os/kernel/include/chschd.h"
 382              		.file 9 "../../os/kernel/include/chmtx.h"
 383              		.file 10 "../../os/kernel/include/chsys.h"
 384              		.section	.debug_info,"",%progbits
 385              	.Ldebug_info0:
 386 0000 92080000 		.4byte	0x892
 387 0004 0200     		.2byte	0x2
 388 0006 00000000 		.4byte	.Ldebug_abbrev0
 389 000a 04       		.byte	0x4
 390 000b 01       		.uleb128 0x1
ARM GAS  /var/folders/dt/0wfd0knj7gs46m8vwfzktm600000gn/T//ccftso6a.s 			page 8


 391 000c 46020000 		.4byte	.LASF92
 392 0010 01       		.byte	0x1
 393 0011 17030000 		.4byte	.LASF93
 394 0015 06000000 		.4byte	.LASF94
 395 0019 18000000 		.4byte	.Ldebug_ranges0+0x18
 396 001d 00000000 		.4byte	0
 397 0021 00000000 		.4byte	0
 398 0025 00000000 		.4byte	.Ldebug_line0
 399 0029 02       		.uleb128 0x2
 400 002a 04       		.byte	0x4
 401 002b 05       		.byte	0x5
 402 002c 696E7400 		.ascii	"int\000"
 403 0030 03       		.uleb128 0x3
 404 0031 04       		.byte	0x4
 405 0032 07       		.byte	0x7
 406 0033 58010000 		.4byte	.LASF0
 407 0037 03       		.uleb128 0x3
 408 0038 01       		.byte	0x1
 409 0039 06       		.byte	0x6
 410 003a C4000000 		.4byte	.LASF1
 411 003e 04       		.uleb128 0x4
 412 003f AB030000 		.4byte	.LASF5
 413 0043 02       		.byte	0x2
 414 0044 2A       		.byte	0x2a
 415 0045 49000000 		.4byte	0x49
 416 0049 03       		.uleb128 0x3
 417 004a 01       		.byte	0x1
 418 004b 08       		.byte	0x8
 419 004c 88020000 		.4byte	.LASF2
 420 0050 03       		.uleb128 0x3
 421 0051 02       		.byte	0x2
 422 0052 05       		.byte	0x5
 423 0053 A6020000 		.4byte	.LASF3
 424 0057 03       		.uleb128 0x3
 425 0058 02       		.byte	0x2
 426 0059 07       		.byte	0x7
 427 005a B5010000 		.4byte	.LASF4
 428 005e 04       		.uleb128 0x4
 429 005f 80020000 		.4byte	.LASF6
 430 0063 02       		.byte	0x2
 431 0064 4F       		.byte	0x4f
 432 0065 69000000 		.4byte	0x69
 433 0069 03       		.uleb128 0x3
 434 006a 04       		.byte	0x4
 435 006b 05       		.byte	0x5
 436 006c E0000000 		.4byte	.LASF7
 437 0070 04       		.uleb128 0x4
 438 0071 EC020000 		.4byte	.LASF8
 439 0075 02       		.byte	0x2
 440 0076 50       		.byte	0x50
 441 0077 7B000000 		.4byte	0x7b
 442 007b 03       		.uleb128 0x3
 443 007c 04       		.byte	0x4
 444 007d 07       		.byte	0x7
 445 007e 80010000 		.4byte	.LASF9
 446 0082 03       		.uleb128 0x3
 447 0083 08       		.byte	0x8
ARM GAS  /var/folders/dt/0wfd0knj7gs46m8vwfzktm600000gn/T//ccftso6a.s 			page 9


 448 0084 05       		.byte	0x5
 449 0085 B6000000 		.4byte	.LASF10
 450 0089 03       		.uleb128 0x3
 451 008a 08       		.byte	0x8
 452 008b 07       		.byte	0x7
 453 008c 89000000 		.4byte	.LASF11
 454 0090 04       		.uleb128 0x4
 455 0091 F7010000 		.4byte	.LASF12
 456 0095 03       		.byte	0x3
 457 0096 2F       		.byte	0x2f
 458 0097 3E000000 		.4byte	0x3e
 459 009b 04       		.uleb128 0x4
 460 009c E9000000 		.4byte	.LASF13
 461 00a0 03       		.byte	0x3
 462 00a1 30       		.byte	0x30
 463 00a2 3E000000 		.4byte	0x3e
 464 00a6 04       		.uleb128 0x4
 465 00a7 64020000 		.4byte	.LASF14
 466 00ab 03       		.byte	0x3
 467 00ac 31       		.byte	0x31
 468 00ad 3E000000 		.4byte	0x3e
 469 00b1 04       		.uleb128 0x4
 470 00b2 78020000 		.4byte	.LASF15
 471 00b6 03       		.byte	0x3
 472 00b7 32       		.byte	0x32
 473 00b8 70000000 		.4byte	0x70
 474 00bc 04       		.uleb128 0x4
 475 00bd CD010000 		.4byte	.LASF16
 476 00c1 03       		.byte	0x3
 477 00c2 33       		.byte	0x33
 478 00c3 5E000000 		.4byte	0x5e
 479 00c7 04       		.uleb128 0x4
 480 00c8 0B020000 		.4byte	.LASF17
 481 00cc 03       		.byte	0x3
 482 00cd 35       		.byte	0x35
 483 00ce 70000000 		.4byte	0x70
 484 00d2 04       		.uleb128 0x4
 485 00d3 45030000 		.4byte	.LASF18
 486 00d7 03       		.byte	0x3
 487 00d8 36       		.byte	0x36
 488 00d9 70000000 		.4byte	0x70
 489 00dd 04       		.uleb128 0x4
 490 00de 52010000 		.4byte	.LASF19
 491 00e2 03       		.byte	0x3
 492 00e3 37       		.byte	0x37
 493 00e4 5E000000 		.4byte	0x5e
 494 00e8 04       		.uleb128 0x4
 495 00e9 DA020000 		.4byte	.LASF20
 496 00ed 04       		.byte	0x4
 497 00ee 2A       		.byte	0x2a
 498 00ef F3000000 		.4byte	0xf3
 499 00f3 05       		.uleb128 0x5
 500 00f4 DA020000 		.4byte	.LASF20
 501 00f8 48       		.byte	0x48
 502 00f9 05       		.byte	0x5
 503 00fa 5E       		.byte	0x5e
 504 00fb 0A020000 		.4byte	0x20a
ARM GAS  /var/folders/dt/0wfd0knj7gs46m8vwfzktm600000gn/T//ccftso6a.s 			page 10


 505 00ff 06       		.uleb128 0x6
 506 0100 CB020000 		.4byte	.LASF21
 507 0104 05       		.byte	0x5
 508 0105 5F       		.byte	0x5f
 509 0106 2F020000 		.4byte	0x22f
 510 010a 02       		.byte	0x2
 511 010b 23       		.byte	0x23
 512 010c 00       		.uleb128 0
 513 010d 06       		.uleb128 0x6
 514 010e 71020000 		.4byte	.LASF22
 515 0112 05       		.byte	0x5
 516 0113 61       		.byte	0x61
 517 0114 2F020000 		.4byte	0x22f
 518 0118 02       		.byte	0x2
 519 0119 23       		.byte	0x23
 520 011a 04       		.uleb128 0x4
 521 011b 06       		.uleb128 0x6
 522 011c AF000000 		.4byte	.LASF23
 523 0120 05       		.byte	0x5
 524 0121 63       		.byte	0x63
 525 0122 B1000000 		.4byte	0xb1
 526 0126 02       		.byte	0x2
 527 0127 23       		.byte	0x23
 528 0128 08       		.uleb128 0x8
 529 0129 06       		.uleb128 0x6
 530 012a DF030000 		.4byte	.LASF24
 531 012e 05       		.byte	0x5
 532 012f 64       		.byte	0x64
 533 0130 74030000 		.4byte	0x374
 534 0134 02       		.byte	0x2
 535 0135 23       		.byte	0x23
 536 0136 0C       		.uleb128 0xc
 537 0137 06       		.uleb128 0x6
 538 0138 05010000 		.4byte	.LASF25
 539 013c 05       		.byte	0x5
 540 013d 66       		.byte	0x66
 541 013e 2F020000 		.4byte	0x22f
 542 0142 02       		.byte	0x2
 543 0143 23       		.byte	0x23
 544 0144 10       		.uleb128 0x10
 545 0145 06       		.uleb128 0x6
 546 0146 2B020000 		.4byte	.LASF26
 547 014a 05       		.byte	0x5
 548 014b 67       		.byte	0x67
 549 014c 2F020000 		.4byte	0x22f
 550 0150 02       		.byte	0x2
 551 0151 23       		.byte	0x23
 552 0152 14       		.uleb128 0x14
 553 0153 06       		.uleb128 0x6
 554 0154 C5030000 		.4byte	.LASF27
 555 0158 05       		.byte	0x5
 556 0159 6E       		.byte	0x6e
 557 015a 3A060000 		.4byte	0x63a
 558 015e 02       		.byte	0x2
 559 015f 23       		.byte	0x23
 560 0160 18       		.uleb128 0x18
 561 0161 06       		.uleb128 0x6
ARM GAS  /var/folders/dt/0wfd0knj7gs46m8vwfzktm600000gn/T//ccftso6a.s 			page 11


 562 0162 B0020000 		.4byte	.LASF28
 563 0166 05       		.byte	0x5
 564 0167 79       		.byte	0x79
 565 0168 9B000000 		.4byte	0x9b
 566 016c 02       		.byte	0x2
 567 016d 23       		.byte	0x23
 568 016e 1C       		.uleb128 0x1c
 569 016f 06       		.uleb128 0x6
 570 0170 D2020000 		.4byte	.LASF29
 571 0174 05       		.byte	0x5
 572 0175 7D       		.byte	0x7d
 573 0176 90000000 		.4byte	0x90
 574 017a 02       		.byte	0x2
 575 017b 23       		.byte	0x23
 576 017c 1D       		.uleb128 0x1d
 577 017d 06       		.uleb128 0x6
 578 017e 8F030000 		.4byte	.LASF30
 579 0182 05       		.byte	0x5
 580 0183 82       		.byte	0x82
 581 0184 A6000000 		.4byte	0xa6
 582 0188 02       		.byte	0x2
 583 0189 23       		.byte	0x23
 584 018a 1E       		.uleb128 0x1e
 585 018b 06       		.uleb128 0x6
 586 018c 71030000 		.4byte	.LASF31
 587 0190 05       		.byte	0x5
 588 0191 89       		.byte	0x89
 589 0192 42050000 		.4byte	0x542
 590 0196 02       		.byte	0x2
 591 0197 23       		.byte	0x23
 592 0198 20       		.uleb128 0x20
 593 0199 07       		.uleb128 0x7
 594 019a 705F7500 		.ascii	"p_u\000"
 595 019e 05       		.byte	0x5
 596 019f AE       		.byte	0xae
 597 01a0 05060000 		.4byte	0x605
 598 01a4 02       		.byte	0x2
 599 01a5 23       		.byte	0x23
 600 01a6 24       		.uleb128 0x24
 601 01a7 06       		.uleb128 0x6
 602 01a8 E5030000 		.4byte	.LASF32
 603 01ac 05       		.byte	0x5
 604 01ad B3       		.byte	0xb3
 605 01ae 57020000 		.4byte	0x257
 606 01b2 02       		.byte	0x2
 607 01b3 23       		.byte	0x23
 608 01b4 28       		.uleb128 0x28
 609 01b5 06       		.uleb128 0x6
 610 01b6 84030000 		.4byte	.LASF33
 611 01ba 05       		.byte	0x5
 612 01bb B9       		.byte	0xb9
 613 01bc 35020000 		.4byte	0x235
 614 01c0 02       		.byte	0x2
 615 01c1 23       		.byte	0x23
 616 01c2 2C       		.uleb128 0x2c
 617 01c3 06       		.uleb128 0x6
 618 01c4 00000000 		.4byte	.LASF34
ARM GAS  /var/folders/dt/0wfd0knj7gs46m8vwfzktm600000gn/T//ccftso6a.s 			page 12


 619 01c8 05       		.byte	0x5
 620 01c9 BD       		.byte	0xbd
 621 01ca BC000000 		.4byte	0xbc
 622 01ce 02       		.byte	0x2
 623 01cf 23       		.byte	0x23
 624 01d0 34       		.uleb128 0x34
 625 01d1 06       		.uleb128 0x6
 626 01d2 E1020000 		.4byte	.LASF35
 627 01d6 05       		.byte	0x5
 628 01d7 C3       		.byte	0xc3
 629 01d8 C7000000 		.4byte	0xc7
 630 01dc 02       		.byte	0x2
 631 01dd 23       		.byte	0x23
 632 01de 38       		.uleb128 0x38
 633 01df 06       		.uleb128 0x6
 634 01e0 9C020000 		.4byte	.LASF36
 635 01e4 05       		.byte	0x5
 636 01e5 CA       		.byte	0xca
 637 01e6 4C060000 		.4byte	0x64c
 638 01ea 02       		.byte	0x2
 639 01eb 23       		.byte	0x23
 640 01ec 3C       		.uleb128 0x3c
 641 01ed 06       		.uleb128 0x6
 642 01ee 4F030000 		.4byte	.LASF37
 643 01f2 05       		.byte	0x5
 644 01f3 CE       		.byte	0xce
 645 01f4 B1000000 		.4byte	0xb1
 646 01f8 02       		.byte	0x2
 647 01f9 23       		.byte	0x23
 648 01fa 40       		.uleb128 0x40
 649 01fb 06       		.uleb128 0x6
 650 01fc D0000000 		.4byte	.LASF38
 651 0200 05       		.byte	0x5
 652 0201 D4       		.byte	0xd4
 653 0202 6D020000 		.4byte	0x26d
 654 0206 02       		.byte	0x2
 655 0207 23       		.byte	0x23
 656 0208 44       		.uleb128 0x44
 657 0209 00       		.byte	0
 658 020a 08       		.uleb128 0x8
 659 020b 08       		.byte	0x8
 660 020c 04       		.byte	0x4
 661 020d 61       		.byte	0x61
 662 020e 2F020000 		.4byte	0x22f
 663 0212 06       		.uleb128 0x6
 664 0213 CB020000 		.4byte	.LASF21
 665 0217 04       		.byte	0x4
 666 0218 62       		.byte	0x62
 667 0219 2F020000 		.4byte	0x22f
 668 021d 02       		.byte	0x2
 669 021e 23       		.byte	0x23
 670 021f 00       		.uleb128 0
 671 0220 06       		.uleb128 0x6
 672 0221 71020000 		.4byte	.LASF22
 673 0225 04       		.byte	0x4
 674 0226 64       		.byte	0x64
 675 0227 2F020000 		.4byte	0x22f
ARM GAS  /var/folders/dt/0wfd0knj7gs46m8vwfzktm600000gn/T//ccftso6a.s 			page 13


 676 022b 02       		.byte	0x2
 677 022c 23       		.byte	0x23
 678 022d 04       		.uleb128 0x4
 679 022e 00       		.byte	0
 680 022f 09       		.uleb128 0x9
 681 0230 04       		.byte	0x4
 682 0231 E8000000 		.4byte	0xe8
 683 0235 04       		.uleb128 0x4
 684 0236 39020000 		.4byte	.LASF39
 685 023a 04       		.byte	0x4
 686 023b 66       		.byte	0x66
 687 023c 0A020000 		.4byte	0x20a
 688 0240 08       		.uleb128 0x8
 689 0241 04       		.byte	0x4
 690 0242 04       		.byte	0x4
 691 0243 6B       		.byte	0x6b
 692 0244 57020000 		.4byte	0x257
 693 0248 06       		.uleb128 0x6
 694 0249 CB020000 		.4byte	.LASF21
 695 024d 04       		.byte	0x4
 696 024e 6D       		.byte	0x6d
 697 024f 2F020000 		.4byte	0x22f
 698 0253 02       		.byte	0x2
 699 0254 23       		.byte	0x23
 700 0255 00       		.uleb128 0
 701 0256 00       		.byte	0
 702 0257 04       		.uleb128 0x4
 703 0258 FF010000 		.4byte	.LASF40
 704 025c 04       		.byte	0x4
 705 025d 70       		.byte	0x70
 706 025e 40020000 		.4byte	0x240
 707 0262 04       		.uleb128 0x4
 708 0263 37010000 		.4byte	.LASF41
 709 0267 06       		.byte	0x6
 710 0268 D7       		.byte	0xd7
 711 0269 6D020000 		.4byte	0x26d
 712 026d 0A       		.uleb128 0xa
 713 026e 04       		.byte	0x4
 714 026f 05       		.uleb128 0x5
 715 0270 6C010000 		.4byte	.LASF42
 716 0274 20       		.byte	0x20
 717 0275 06       		.byte	0x6
 718 0276 DF       		.byte	0xdf
 719 0277 E7020000 		.4byte	0x2e7
 720 027b 07       		.uleb128 0x7
 721 027c 723000   		.ascii	"r0\000"
 722 027f 06       		.byte	0x6
 723 0280 E0       		.byte	0xe0
 724 0281 62020000 		.4byte	0x262
 725 0285 02       		.byte	0x2
 726 0286 23       		.byte	0x23
 727 0287 00       		.uleb128 0
 728 0288 07       		.uleb128 0x7
 729 0289 723100   		.ascii	"r1\000"
 730 028c 06       		.byte	0x6
 731 028d E1       		.byte	0xe1
 732 028e 62020000 		.4byte	0x262
ARM GAS  /var/folders/dt/0wfd0knj7gs46m8vwfzktm600000gn/T//ccftso6a.s 			page 14


 733 0292 02       		.byte	0x2
 734 0293 23       		.byte	0x23
 735 0294 04       		.uleb128 0x4
 736 0295 07       		.uleb128 0x7
 737 0296 723200   		.ascii	"r2\000"
 738 0299 06       		.byte	0x6
 739 029a E2       		.byte	0xe2
 740 029b 62020000 		.4byte	0x262
 741 029f 02       		.byte	0x2
 742 02a0 23       		.byte	0x23
 743 02a1 08       		.uleb128 0x8
 744 02a2 07       		.uleb128 0x7
 745 02a3 723300   		.ascii	"r3\000"
 746 02a6 06       		.byte	0x6
 747 02a7 E3       		.byte	0xe3
 748 02a8 62020000 		.4byte	0x262
 749 02ac 02       		.byte	0x2
 750 02ad 23       		.byte	0x23
 751 02ae 0C       		.uleb128 0xc
 752 02af 07       		.uleb128 0x7
 753 02b0 72313200 		.ascii	"r12\000"
 754 02b4 06       		.byte	0x6
 755 02b5 E4       		.byte	0xe4
 756 02b6 62020000 		.4byte	0x262
 757 02ba 02       		.byte	0x2
 758 02bb 23       		.byte	0x23
 759 02bc 10       		.uleb128 0x10
 760 02bd 06       		.uleb128 0x6
 761 02be 65010000 		.4byte	.LASF43
 762 02c2 06       		.byte	0x6
 763 02c3 E5       		.byte	0xe5
 764 02c4 62020000 		.4byte	0x262
 765 02c8 02       		.byte	0x2
 766 02c9 23       		.byte	0x23
 767 02ca 14       		.uleb128 0x14
 768 02cb 07       		.uleb128 0x7
 769 02cc 706300   		.ascii	"pc\000"
 770 02cf 06       		.byte	0x6
 771 02d0 E6       		.byte	0xe6
 772 02d1 62020000 		.4byte	0x262
 773 02d5 02       		.byte	0x2
 774 02d6 23       		.byte	0x23
 775 02d7 18       		.uleb128 0x18
 776 02d8 06       		.uleb128 0x6
 777 02d9 B8020000 		.4byte	.LASF44
 778 02dd 06       		.byte	0x6
 779 02de E7       		.byte	0xe7
 780 02df 62020000 		.4byte	0x262
 781 02e3 02       		.byte	0x2
 782 02e4 23       		.byte	0x23
 783 02e5 1C       		.uleb128 0x1c
 784 02e6 00       		.byte	0
 785 02e7 05       		.uleb128 0x5
 786 02e8 7D030000 		.4byte	.LASF45
 787 02ec 24       		.byte	0x24
 788 02ed 06       		.byte	0x6
 789 02ee FE       		.byte	0xfe
ARM GAS  /var/folders/dt/0wfd0knj7gs46m8vwfzktm600000gn/T//ccftso6a.s 			page 15


 790 02ef 74030000 		.4byte	0x374
 791 02f3 0B       		.uleb128 0xb
 792 02f4 723400   		.ascii	"r4\000"
 793 02f7 06       		.byte	0x6
 794 02f8 1101     		.2byte	0x111
 795 02fa 62020000 		.4byte	0x262
 796 02fe 02       		.byte	0x2
 797 02ff 23       		.byte	0x23
 798 0300 00       		.uleb128 0
 799 0301 0B       		.uleb128 0xb
 800 0302 723500   		.ascii	"r5\000"
 801 0305 06       		.byte	0x6
 802 0306 1201     		.2byte	0x112
 803 0308 62020000 		.4byte	0x262
 804 030c 02       		.byte	0x2
 805 030d 23       		.byte	0x23
 806 030e 04       		.uleb128 0x4
 807 030f 0B       		.uleb128 0xb
 808 0310 723600   		.ascii	"r6\000"
 809 0313 06       		.byte	0x6
 810 0314 1301     		.2byte	0x113
 811 0316 62020000 		.4byte	0x262
 812 031a 02       		.byte	0x2
 813 031b 23       		.byte	0x23
 814 031c 08       		.uleb128 0x8
 815 031d 0B       		.uleb128 0xb
 816 031e 723700   		.ascii	"r7\000"
 817 0321 06       		.byte	0x6
 818 0322 1401     		.2byte	0x114
 819 0324 62020000 		.4byte	0x262
 820 0328 02       		.byte	0x2
 821 0329 23       		.byte	0x23
 822 032a 0C       		.uleb128 0xc
 823 032b 0B       		.uleb128 0xb
 824 032c 723800   		.ascii	"r8\000"
 825 032f 06       		.byte	0x6
 826 0330 1501     		.2byte	0x115
 827 0332 62020000 		.4byte	0x262
 828 0336 02       		.byte	0x2
 829 0337 23       		.byte	0x23
 830 0338 10       		.uleb128 0x10
 831 0339 0B       		.uleb128 0xb
 832 033a 723900   		.ascii	"r9\000"
 833 033d 06       		.byte	0x6
 834 033e 1601     		.2byte	0x116
 835 0340 62020000 		.4byte	0x262
 836 0344 02       		.byte	0x2
 837 0345 23       		.byte	0x23
 838 0346 14       		.uleb128 0x14
 839 0347 0B       		.uleb128 0xb
 840 0348 72313000 		.ascii	"r10\000"
 841 034c 06       		.byte	0x6
 842 034d 1701     		.2byte	0x117
 843 034f 62020000 		.4byte	0x262
 844 0353 02       		.byte	0x2
 845 0354 23       		.byte	0x23
 846 0355 18       		.uleb128 0x18
ARM GAS  /var/folders/dt/0wfd0knj7gs46m8vwfzktm600000gn/T//ccftso6a.s 			page 16


 847 0356 0B       		.uleb128 0xb
 848 0357 72313100 		.ascii	"r11\000"
 849 035b 06       		.byte	0x6
 850 035c 1801     		.2byte	0x118
 851 035e 62020000 		.4byte	0x262
 852 0362 02       		.byte	0x2
 853 0363 23       		.byte	0x23
 854 0364 1C       		.uleb128 0x1c
 855 0365 0B       		.uleb128 0xb
 856 0366 6C7200   		.ascii	"lr\000"
 857 0369 06       		.byte	0x6
 858 036a 1901     		.2byte	0x119
 859 036c 62020000 		.4byte	0x262
 860 0370 02       		.byte	0x2
 861 0371 23       		.byte	0x23
 862 0372 20       		.uleb128 0x20
 863 0373 00       		.byte	0
 864 0374 0C       		.uleb128 0xc
 865 0375 AD010000 		.4byte	.LASF46
 866 0379 04       		.byte	0x4
 867 037a 06       		.byte	0x6
 868 037b 2301     		.2byte	0x123
 869 037d 91030000 		.4byte	0x391
 870 0381 0B       		.uleb128 0xb
 871 0382 72313300 		.ascii	"r13\000"
 872 0386 06       		.byte	0x6
 873 0387 2401     		.2byte	0x124
 874 0389 91030000 		.4byte	0x391
 875 038d 02       		.byte	0x2
 876 038e 23       		.byte	0x23
 877 038f 00       		.uleb128 0
 878 0390 00       		.byte	0
 879 0391 09       		.uleb128 0x9
 880 0392 04       		.byte	0x4
 881 0393 E7020000 		.4byte	0x2e7
 882 0397 04       		.uleb128 0x4
 883 0398 0F030000 		.4byte	.LASF47
 884 039c 07       		.byte	0x7
 885 039d 3A       		.byte	0x3a
 886 039e A2030000 		.4byte	0x3a2
 887 03a2 0D       		.uleb128 0xd
 888 03a3 70000000 		.4byte	0x70
 889 03a7 03       		.uleb128 0x3
 890 03a8 04       		.byte	0x4
 891 03a9 07       		.byte	0x7
 892 03aa 1D020000 		.4byte	.LASF48
 893 03ae 08       		.uleb128 0x8
 894 03af 8C       		.byte	0x8c
 895 03b0 07       		.byte	0x7
 896 03b1 89       		.byte	0x89
 897 03b2 DE040000 		.4byte	0x4de
 898 03b6 06       		.uleb128 0x6
 899 03b7 A9000000 		.4byte	.LASF49
 900 03bb 07       		.byte	0x7
 901 03bc 8A       		.byte	0x8a
 902 03bd 97030000 		.4byte	0x397
 903 03c1 02       		.byte	0x2
ARM GAS  /var/folders/dt/0wfd0knj7gs46m8vwfzktm600000gn/T//ccftso6a.s 			page 17


 904 03c2 23       		.byte	0x23
 905 03c3 00       		.uleb128 0
 906 03c4 06       		.uleb128 0x6
 907 03c5 C8010000 		.4byte	.LASF50
 908 03c9 07       		.byte	0x7
 909 03ca 8B       		.byte	0x8b
 910 03cb 97030000 		.4byte	0x397
 911 03cf 02       		.byte	0x2
 912 03d0 23       		.byte	0x23
 913 03d1 04       		.uleb128 0x4
 914 03d2 06       		.uleb128 0x6
 915 03d3 92010000 		.4byte	.LASF51
 916 03d7 07       		.byte	0x7
 917 03d8 8C       		.byte	0x8c
 918 03d9 97030000 		.4byte	0x397
 919 03dd 02       		.byte	0x2
 920 03de 23       		.byte	0x23
 921 03df 08       		.uleb128 0x8
 922 03e0 06       		.uleb128 0x6
 923 03e1 D3010000 		.4byte	.LASF52
 924 03e5 07       		.byte	0x7
 925 03e6 8D       		.byte	0x8d
 926 03e7 97030000 		.4byte	0x397
 927 03eb 02       		.byte	0x2
 928 03ec 23       		.byte	0x23
 929 03ed 0C       		.uleb128 0xc
 930 03ee 07       		.uleb128 0x7
 931 03ef 53435200 		.ascii	"SCR\000"
 932 03f3 07       		.byte	0x7
 933 03f4 8E       		.byte	0x8e
 934 03f5 97030000 		.4byte	0x397
 935 03f9 02       		.byte	0x2
 936 03fa 23       		.byte	0x23
 937 03fb 10       		.uleb128 0x10
 938 03fc 07       		.uleb128 0x7
 939 03fd 43435200 		.ascii	"CCR\000"
 940 0401 07       		.byte	0x7
 941 0402 8F       		.byte	0x8f
 942 0403 97030000 		.4byte	0x397
 943 0407 02       		.byte	0x2
 944 0408 23       		.byte	0x23
 945 0409 14       		.uleb128 0x14
 946 040a 06       		.uleb128 0x6
 947 040b 78030000 		.4byte	.LASF53
 948 040f 07       		.byte	0x7
 949 0410 90       		.byte	0x90
 950 0411 EE040000 		.4byte	0x4ee
 951 0415 02       		.byte	0x2
 952 0416 23       		.byte	0x23
 953 0417 18       		.uleb128 0x18
 954 0418 06       		.uleb128 0x6
 955 0419 96020000 		.4byte	.LASF54
 956 041d 07       		.byte	0x7
 957 041e 91       		.byte	0x91
 958 041f 97030000 		.4byte	0x397
 959 0423 02       		.byte	0x2
 960 0424 23       		.byte	0x23
ARM GAS  /var/folders/dt/0wfd0knj7gs46m8vwfzktm600000gn/T//ccftso6a.s 			page 18


 961 0425 24       		.uleb128 0x24
 962 0426 06       		.uleb128 0x6
 963 0427 26020000 		.4byte	.LASF55
 964 042b 07       		.byte	0x7
 965 042c 92       		.byte	0x92
 966 042d 97030000 		.4byte	0x397
 967 0431 02       		.byte	0x2
 968 0432 23       		.byte	0x23
 969 0433 28       		.uleb128 0x28
 970 0434 06       		.uleb128 0x6
 971 0435 D2030000 		.4byte	.LASF56
 972 0439 07       		.byte	0x7
 973 043a 93       		.byte	0x93
 974 043b 97030000 		.4byte	0x397
 975 043f 02       		.byte	0x2
 976 0440 23       		.byte	0x23
 977 0441 2C       		.uleb128 0x2c
 978 0442 06       		.uleb128 0x6
 979 0443 D9010000 		.4byte	.LASF57
 980 0447 07       		.byte	0x7
 981 0448 94       		.byte	0x94
 982 0449 97030000 		.4byte	0x397
 983 044d 02       		.byte	0x2
 984 044e 23       		.byte	0x23
 985 044f 30       		.uleb128 0x30
 986 0450 06       		.uleb128 0x6
 987 0451 DE010000 		.4byte	.LASF58
 988 0455 07       		.byte	0x7
 989 0456 95       		.byte	0x95
 990 0457 97030000 		.4byte	0x397
 991 045b 02       		.byte	0x2
 992 045c 23       		.byte	0x23
 993 045d 34       		.uleb128 0x34
 994 045e 06       		.uleb128 0x6
 995 045f 0D010000 		.4byte	.LASF59
 996 0463 07       		.byte	0x7
 997 0464 96       		.byte	0x96
 998 0465 97030000 		.4byte	0x397
 999 0469 02       		.byte	0x2
 1000 046a 23       		.byte	0x23
 1001 046b 38       		.uleb128 0x38
 1002 046c 06       		.uleb128 0x6
 1003 046d FD020000 		.4byte	.LASF60
 1004 0471 07       		.byte	0x7
 1005 0472 97       		.byte	0x97
 1006 0473 97030000 		.4byte	0x397
 1007 0477 02       		.byte	0x2
 1008 0478 23       		.byte	0x23
 1009 0479 3C       		.uleb128 0x3c
 1010 047a 07       		.uleb128 0x7
 1011 047b 50465200 		.ascii	"PFR\000"
 1012 047f 07       		.byte	0x7
 1013 0480 98       		.byte	0x98
 1014 0481 03050000 		.4byte	0x503
 1015 0485 02       		.byte	0x2
 1016 0486 23       		.byte	0x23
 1017 0487 40       		.uleb128 0x40
ARM GAS  /var/folders/dt/0wfd0knj7gs46m8vwfzktm600000gn/T//ccftso6a.s 			page 19


 1018 0488 07       		.uleb128 0x7
 1019 0489 44465200 		.ascii	"DFR\000"
 1020 048d 07       		.byte	0x7
 1021 048e 99       		.byte	0x99
 1022 048f 97030000 		.4byte	0x397
 1023 0493 02       		.byte	0x2
 1024 0494 23       		.byte	0x23
 1025 0495 48       		.uleb128 0x48
 1026 0496 07       		.uleb128 0x7
 1027 0497 41445200 		.ascii	"ADR\000"
 1028 049b 07       		.byte	0x7
 1029 049c 9A       		.byte	0x9a
 1030 049d 97030000 		.4byte	0x397
 1031 04a1 02       		.byte	0x2
 1032 04a2 23       		.byte	0x23
 1033 04a3 4C       		.uleb128 0x4c
 1034 04a4 06       		.uleb128 0x6
 1035 04a5 A0030000 		.4byte	.LASF61
 1036 04a9 07       		.byte	0x7
 1037 04aa 9B       		.byte	0x9b
 1038 04ab 18050000 		.4byte	0x518
 1039 04af 02       		.byte	0x2
 1040 04b0 23       		.byte	0x23
 1041 04b1 50       		.uleb128 0x50
 1042 04b2 07       		.uleb128 0x7
 1043 04b3 53415200 		.ascii	"SAR\000"
 1044 04b7 07       		.byte	0x7
 1045 04b8 9C       		.byte	0x9c
 1046 04b9 2D050000 		.4byte	0x52d
 1047 04bd 02       		.byte	0x2
 1048 04be 23       		.byte	0x23
 1049 04bf 60       		.uleb128 0x60
 1050 04c0 06       		.uleb128 0x6
 1051 04c1 02030000 		.4byte	.LASF62
 1052 04c5 07       		.byte	0x7
 1053 04c6 9D       		.byte	0x9d
 1054 04c7 32050000 		.4byte	0x532
 1055 04cb 02       		.byte	0x2
 1056 04cc 23       		.byte	0x23
 1057 04cd 74       		.uleb128 0x74
 1058 04ce 06       		.uleb128 0x6
 1059 04cf CC030000 		.4byte	.LASF63
 1060 04d3 07       		.byte	0x7
 1061 04d4 9E       		.byte	0x9e
 1062 04d5 97030000 		.4byte	0x397
 1063 04d9 03       		.byte	0x3
 1064 04da 23       		.byte	0x23
 1065 04db 8801     		.uleb128 0x88
 1066 04dd 00       		.byte	0
 1067 04de 0E       		.uleb128 0xe
 1068 04df 97030000 		.4byte	0x397
 1069 04e3 EE040000 		.4byte	0x4ee
 1070 04e7 0F       		.uleb128 0xf
 1071 04e8 A7030000 		.4byte	0x3a7
 1072 04ec 02       		.byte	0x2
 1073 04ed 00       		.byte	0
 1074 04ee 0D       		.uleb128 0xd
ARM GAS  /var/folders/dt/0wfd0knj7gs46m8vwfzktm600000gn/T//ccftso6a.s 			page 20


 1075 04ef DE040000 		.4byte	0x4de
 1076 04f3 0E       		.uleb128 0xe
 1077 04f4 97030000 		.4byte	0x397
 1078 04f8 03050000 		.4byte	0x503
 1079 04fc 0F       		.uleb128 0xf
 1080 04fd A7030000 		.4byte	0x3a7
 1081 0501 01       		.byte	0x1
 1082 0502 00       		.byte	0
 1083 0503 0D       		.uleb128 0xd
 1084 0504 F3040000 		.4byte	0x4f3
 1085 0508 0E       		.uleb128 0xe
 1086 0509 97030000 		.4byte	0x397
 1087 050d 18050000 		.4byte	0x518
 1088 0511 0F       		.uleb128 0xf
 1089 0512 A7030000 		.4byte	0x3a7
 1090 0516 03       		.byte	0x3
 1091 0517 00       		.byte	0
 1092 0518 0D       		.uleb128 0xd
 1093 0519 08050000 		.4byte	0x508
 1094 051d 0E       		.uleb128 0xe
 1095 051e 97030000 		.4byte	0x397
 1096 0522 2D050000 		.4byte	0x52d
 1097 0526 0F       		.uleb128 0xf
 1098 0527 A7030000 		.4byte	0x3a7
 1099 052b 04       		.byte	0x4
 1100 052c 00       		.byte	0
 1101 052d 0D       		.uleb128 0xd
 1102 052e 1D050000 		.4byte	0x51d
 1103 0532 0D       		.uleb128 0xd
 1104 0533 1D050000 		.4byte	0x51d
 1105 0537 04       		.uleb128 0x4
 1106 0538 60000000 		.4byte	.LASF64
 1107 053c 07       		.byte	0x7
 1108 053d 9F       		.byte	0x9f
 1109 053e AE030000 		.4byte	0x3ae
 1110 0542 0D       		.uleb128 0xd
 1111 0543 D2000000 		.4byte	0xd2
 1112 0547 08       		.uleb128 0x8
 1113 0548 20       		.byte	0x20
 1114 0549 08       		.byte	0x8
 1115 054a 5E       		.byte	0x5e
 1116 054b B2050000 		.4byte	0x5b2
 1117 054f 06       		.uleb128 0x6
 1118 0550 F5020000 		.4byte	.LASF65
 1119 0554 08       		.byte	0x8
 1120 0555 5F       		.byte	0x5f
 1121 0556 35020000 		.4byte	0x235
 1122 055a 02       		.byte	0x2
 1123 055b 23       		.byte	0x23
 1124 055c 00       		.uleb128 0
 1125 055d 06       		.uleb128 0x6
 1126 055e BD020000 		.4byte	.LASF66
 1127 0562 08       		.byte	0x8
 1128 0563 60       		.byte	0x60
 1129 0564 B1000000 		.4byte	0xb1
 1130 0568 02       		.byte	0x2
 1131 0569 23       		.byte	0x23
ARM GAS  /var/folders/dt/0wfd0knj7gs46m8vwfzktm600000gn/T//ccftso6a.s 			page 21


 1132 056a 08       		.uleb128 0x8
 1133 056b 06       		.uleb128 0x6
 1134 056c 33020000 		.4byte	.LASF67
 1135 0570 08       		.byte	0x8
 1136 0571 62       		.byte	0x62
 1137 0572 74030000 		.4byte	0x374
 1138 0576 02       		.byte	0x2
 1139 0577 23       		.byte	0x23
 1140 0578 0C       		.uleb128 0xc
 1141 0579 06       		.uleb128 0x6
 1142 057a 12010000 		.4byte	.LASF68
 1143 057e 08       		.byte	0x8
 1144 057f 65       		.byte	0x65
 1145 0580 2F020000 		.4byte	0x22f
 1146 0584 02       		.byte	0x2
 1147 0585 23       		.byte	0x23
 1148 0586 10       		.uleb128 0x10
 1149 0587 06       		.uleb128 0x6
 1150 0588 5C020000 		.4byte	.LASF69
 1151 058c 08       		.byte	0x8
 1152 058d 66       		.byte	0x66
 1153 058e 2F020000 		.4byte	0x22f
 1154 0592 02       		.byte	0x2
 1155 0593 23       		.byte	0x23
 1156 0594 14       		.uleb128 0x14
 1157 0595 06       		.uleb128 0x6
 1158 0596 67030000 		.4byte	.LASF70
 1159 059a 08       		.byte	0x8
 1160 059b 6A       		.byte	0x6a
 1161 059c DD000000 		.4byte	0xdd
 1162 05a0 02       		.byte	0x2
 1163 05a1 23       		.byte	0x23
 1164 05a2 18       		.uleb128 0x18
 1165 05a3 06       		.uleb128 0x6
 1166 05a4 52020000 		.4byte	.LASF71
 1167 05a8 08       		.byte	0x8
 1168 05a9 6C       		.byte	0x6c
 1169 05aa 2F020000 		.4byte	0x22f
 1170 05ae 02       		.byte	0x2
 1171 05af 23       		.byte	0x23
 1172 05b0 1C       		.uleb128 0x1c
 1173 05b1 00       		.byte	0
 1174 05b2 04       		.uleb128 0x4
 1175 05b3 96030000 		.4byte	.LASF72
 1176 05b7 08       		.byte	0x8
 1177 05b8 6E       		.byte	0x6e
 1178 05b9 47050000 		.4byte	0x547
 1179 05bd 05       		.uleb128 0x5
 1180 05be 17020000 		.4byte	.LASF73
 1181 05c2 10       		.byte	0x10
 1182 05c3 09       		.byte	0x9
 1183 05c4 2C       		.byte	0x2c
 1184 05c5 F4050000 		.4byte	0x5f4
 1185 05c9 06       		.uleb128 0x6
 1186 05ca D8000000 		.4byte	.LASF74
 1187 05ce 09       		.byte	0x9
 1188 05cf 2D       		.byte	0x2d
ARM GAS  /var/folders/dt/0wfd0knj7gs46m8vwfzktm600000gn/T//ccftso6a.s 			page 22


 1189 05d0 35020000 		.4byte	0x235
 1190 05d4 02       		.byte	0x2
 1191 05d5 23       		.byte	0x23
 1192 05d6 00       		.uleb128 0
 1193 05d7 06       		.uleb128 0x6
 1194 05d8 D7030000 		.4byte	.LASF75
 1195 05dc 09       		.byte	0x9
 1196 05dd 2F       		.byte	0x2f
 1197 05de 2F020000 		.4byte	0x22f
 1198 05e2 02       		.byte	0x2
 1199 05e3 23       		.byte	0x23
 1200 05e4 08       		.uleb128 0x8
 1201 05e5 06       		.uleb128 0x6
 1202 05e6 3E030000 		.4byte	.LASF76
 1203 05ea 09       		.byte	0x9
 1204 05eb 31       		.byte	0x31
 1205 05ec F4050000 		.4byte	0x5f4
 1206 05f0 02       		.byte	0x2
 1207 05f1 23       		.byte	0x23
 1208 05f2 0C       		.uleb128 0xc
 1209 05f3 00       		.byte	0
 1210 05f4 09       		.uleb128 0x9
 1211 05f5 04       		.byte	0x4
 1212 05f6 BD050000 		.4byte	0x5bd
 1213 05fa 04       		.uleb128 0x4
 1214 05fb 17020000 		.4byte	.LASF73
 1215 05ff 09       		.byte	0x9
 1216 0600 33       		.byte	0x33
 1217 0601 BD050000 		.4byte	0x5bd
 1218 0605 10       		.uleb128 0x10
 1219 0606 04       		.byte	0x4
 1220 0607 05       		.byte	0x5
 1221 0608 90       		.byte	0x90
 1222 0609 3A060000 		.4byte	0x63a
 1223 060d 11       		.uleb128 0x11
 1224 060e 59000000 		.4byte	.LASF77
 1225 0612 05       		.byte	0x5
 1226 0613 97       		.byte	0x97
 1227 0614 BC000000 		.4byte	0xbc
 1228 0618 11       		.uleb128 0x11
 1229 0619 A0000000 		.4byte	.LASF78
 1230 061d 05       		.byte	0x5
 1231 061e 9E       		.byte	0x9e
 1232 061f BC000000 		.4byte	0xbc
 1233 0623 11       		.uleb128 0x11
 1234 0624 BE030000 		.4byte	.LASF79
 1235 0628 05       		.byte	0x5
 1236 0629 A5       		.byte	0xa5
 1237 062a 6D020000 		.4byte	0x26d
 1238 062e 11       		.uleb128 0x11
 1239 062f C4020000 		.4byte	.LASF80
 1240 0633 05       		.byte	0x5
 1241 0634 AC       		.byte	0xac
 1242 0635 C7000000 		.4byte	0xc7
 1243 0639 00       		.byte	0
 1244 063a 09       		.uleb128 0x9
 1245 063b 04       		.byte	0x4
ARM GAS  /var/folders/dt/0wfd0knj7gs46m8vwfzktm600000gn/T//ccftso6a.s 			page 23


 1246 063c 40060000 		.4byte	0x640
 1247 0640 12       		.uleb128 0x12
 1248 0641 45060000 		.4byte	0x645
 1249 0645 03       		.uleb128 0x3
 1250 0646 01       		.byte	0x1
 1251 0647 08       		.byte	0x8
 1252 0648 0A030000 		.4byte	.LASF81
 1253 064c 09       		.uleb128 0x9
 1254 064d 04       		.byte	0x4
 1255 064e FA050000 		.4byte	0x5fa
 1256 0652 13       		.uleb128 0x13
 1257 0653 01       		.byte	0x1
 1258 0654 97010000 		.4byte	.LASF82
 1259 0658 01       		.byte	0x1
 1260 0659 CF       		.byte	0xcf
 1261 065a 01       		.byte	0x1
 1262 065b 00000000 		.4byte	.LFB11
 1263 065f 06000000 		.4byte	.LFE11
 1264 0663 02       		.byte	0x2
 1265 0664 7D       		.byte	0x7d
 1266 0665 00       		.sleb128 0
 1267 0666 01       		.byte	0x1
 1268 0667 75060000 		.4byte	0x675
 1269 066b 14       		.uleb128 0x14
 1270 066c 04000000 		.4byte	.LVL0
 1271 0670 67080000 		.4byte	0x867
 1272 0674 00       		.byte	0
 1273 0675 13       		.uleb128 0x13
 1274 0676 01       		.byte	0x1
 1275 0677 5A030000 		.4byte	.LASF83
 1276 067b 01       		.byte	0x1
 1277 067c 41       		.byte	0x41
 1278 067d 01       		.byte	0x1
 1279 067e 00000000 		.4byte	.LFB8
 1280 0682 12000000 		.4byte	.LFE8
 1281 0686 02       		.byte	0x2
 1282 0687 7D       		.byte	0x7d
 1283 0688 00       		.sleb128 0
 1284 0689 01       		.byte	0x1
 1285 068a B7060000 		.4byte	0x6b7
 1286 068e 15       		.uleb128 0x15
 1287 068f 6C020000 		.4byte	.LASF84
 1288 0693 01       		.byte	0x1
 1289 0694 42       		.byte	0x42
 1290 0695 B7060000 		.4byte	0x6b7
 1291 0699 00000000 		.4byte	.LLST0
 1292 069d 16       		.uleb128 0x16
 1293 069e 0A000000 		.4byte	.LBB2
 1294 06a2 12000000 		.4byte	.LBE2
 1295 06a6 17       		.uleb128 0x17
 1296 06a7 746D7000 		.ascii	"tmp\000"
 1297 06ab 01       		.byte	0x1
 1298 06ac 51       		.byte	0x51
 1299 06ad 70000000 		.4byte	0x70
 1300 06b1 20000000 		.4byte	.LLST1
 1301 06b5 00       		.byte	0
 1302 06b6 00       		.byte	0
ARM GAS  /var/folders/dt/0wfd0knj7gs46m8vwfzktm600000gn/T//ccftso6a.s 			page 24


 1303 06b7 09       		.uleb128 0x9
 1304 06b8 04       		.byte	0x4
 1305 06b9 6F020000 		.4byte	0x26f
 1306 06bd 18       		.uleb128 0x18
 1307 06be 01       		.byte	0x1
 1308 06bf B3030000 		.4byte	.LASF85
 1309 06c3 01       		.byte	0x1
 1310 06c4 76       		.byte	0x76
 1311 06c5 01       		.byte	0x1
 1312 06c6 00000000 		.4byte	.LFB9
 1313 06ca 34000000 		.4byte	.LFE9
 1314 06ce 33000000 		.4byte	.LLST2
 1315 06d2 01       		.byte	0x1
 1316 06d3 20070000 		.4byte	0x720
 1317 06d7 19       		.uleb128 0x19
 1318 06d8 1E000000 		.4byte	.LVL5
 1319 06dc 71080000 		.4byte	0x871
 1320 06e0 EF060000 		.4byte	0x6ef
 1321 06e4 1A       		.uleb128 0x1a
 1322 06e5 01       		.byte	0x1
 1323 06e6 51       		.byte	0x51
 1324 06e7 01       		.byte	0x1
 1325 06e8 40       		.byte	0x40
 1326 06e9 1A       		.uleb128 0x1a
 1327 06ea 01       		.byte	0x1
 1328 06eb 50       		.byte	0x50
 1329 06ec 01       		.byte	0x1
 1330 06ed 37       		.byte	0x37
 1331 06ee 00       		.byte	0
 1332 06ef 19       		.uleb128 0x19
 1333 06f0 28000000 		.4byte	.LVL6
 1334 06f4 71080000 		.4byte	0x871
 1335 06f8 09070000 		.4byte	0x709
 1336 06fc 1A       		.uleb128 0x1a
 1337 06fd 01       		.byte	0x1
 1338 06fe 51       		.byte	0x51
 1339 06ff 03       		.byte	0x3
 1340 0700 0A       		.byte	0xa
 1341 0701 0002     		.2byte	0x200
 1342 0703 1A       		.uleb128 0x1a
 1343 0704 01       		.byte	0x1
 1344 0705 50       		.byte	0x50
 1345 0706 01       		.byte	0x1
 1346 0707 3A       		.byte	0x3a
 1347 0708 00       		.byte	0
 1348 0709 1B       		.uleb128 0x1b
 1349 070a 34000000 		.4byte	.LVL7
 1350 070e 01       		.byte	0x1
 1351 070f 71080000 		.4byte	0x871
 1352 0713 1A       		.uleb128 0x1a
 1353 0714 01       		.byte	0x1
 1354 0715 51       		.byte	0x51
 1355 0716 02       		.byte	0x2
 1356 0717 08       		.byte	0x8
 1357 0718 80       		.byte	0x80
 1358 0719 1A       		.uleb128 0x1a
 1359 071a 01       		.byte	0x1
ARM GAS  /var/folders/dt/0wfd0knj7gs46m8vwfzktm600000gn/T//ccftso6a.s 			page 25


 1360 071b 50       		.byte	0x50
 1361 071c 01       		.byte	0x1
 1362 071d 3B       		.byte	0x3b
 1363 071e 00       		.byte	0
 1364 071f 00       		.byte	0
 1365 0720 13       		.uleb128 0x13
 1366 0721 01       		.byte	0x1
 1367 0722 E4010000 		.4byte	.LASF86
 1368 0726 01       		.byte	0x1
 1369 0727 94       		.byte	0x94
 1370 0728 01       		.byte	0x1
 1371 0729 00000000 		.4byte	.LFB10
 1372 072d 78000000 		.4byte	.LFE10
 1373 0731 02       		.byte	0x2
 1374 0732 7D       		.byte	0x7d
 1375 0733 00       		.sleb128 0
 1376 0734 01       		.byte	0x1
 1377 0735 89070000 		.4byte	0x789
 1378 0739 1C       		.uleb128 0x1c
 1379 073a 00000000 		.4byte	.LBB3
 1380 073e 06000000 		.4byte	.LBE3
 1381 0742 56070000 		.4byte	0x756
 1382 0746 17       		.uleb128 0x17
 1383 0747 746D7000 		.ascii	"tmp\000"
 1384 074b 01       		.byte	0x1
 1385 074c 96       		.byte	0x96
 1386 074d 70000000 		.4byte	0x70
 1387 0751 53000000 		.4byte	.LLST3
 1388 0755 00       		.byte	0
 1389 0756 1D       		.uleb128 0x1d
 1390 0757 00000000 		.4byte	.Ldebug_ranges0+0
 1391 075b 6F070000 		.4byte	0x76f
 1392 075f 15       		.uleb128 0x15
 1393 0760 6C020000 		.4byte	.LASF84
 1394 0764 01       		.byte	0x1
 1395 0765 98       		.byte	0x98
 1396 0766 B7060000 		.4byte	0x6b7
 1397 076a 66000000 		.4byte	.LLST4
 1398 076e 00       		.byte	0
 1399 076f 16       		.uleb128 0x16
 1400 0770 4A000000 		.4byte	.LBB5
 1401 0774 50000000 		.4byte	.LBE5
 1402 0778 17       		.uleb128 0x17
 1403 0779 746D7000 		.ascii	"tmp\000"
 1404 077d 01       		.byte	0x1
 1405 077e C5       		.byte	0xc5
 1406 077f 70000000 		.4byte	0x70
 1407 0783 A0000000 		.4byte	.LLST5
 1408 0787 00       		.byte	0
 1409 0788 00       		.byte	0
 1410 0789 18       		.uleb128 0x18
 1411 078a 01       		.byte	0x1
 1412 078b 7B000000 		.4byte	.LASF87
 1413 078f 01       		.byte	0x1
 1414 0790 2F       		.byte	0x2f
 1415 0791 01       		.byte	0x1
 1416 0792 00000000 		.4byte	.LFB7
ARM GAS  /var/folders/dt/0wfd0knj7gs46m8vwfzktm600000gn/T//ccftso6a.s 			page 26


 1417 0796 1A000000 		.4byte	.LFE7
 1418 079a B3000000 		.4byte	.LLST6
 1419 079e 01       		.byte	0x1
 1420 079f F1070000 		.4byte	0x7f1
 1421 07a3 1C       		.uleb128 0x1c
 1422 07a4 02000000 		.4byte	.LBB7
 1423 07a8 08000000 		.4byte	.LBE7
 1424 07ac C0070000 		.4byte	0x7c0
 1425 07b0 17       		.uleb128 0x17
 1426 07b1 746D7000 		.ascii	"tmp\000"
 1427 07b5 01       		.byte	0x1
 1428 07b6 33       		.byte	0x33
 1429 07b7 70000000 		.4byte	0x70
 1430 07bb D3000000 		.4byte	.LLST7
 1431 07bf 00       		.byte	0
 1432 07c0 1C       		.uleb128 0x1c
 1433 07c1 0C000000 		.4byte	.LBB8
 1434 07c5 12000000 		.4byte	.LBE8
 1435 07c9 DD070000 		.4byte	0x7dd
 1436 07cd 17       		.uleb128 0x17
 1437 07ce 746D7000 		.ascii	"tmp\000"
 1438 07d2 01       		.byte	0x1
 1439 07d3 35       		.byte	0x35
 1440 07d4 70000000 		.4byte	0x70
 1441 07d8 E6000000 		.4byte	.LLST8
 1442 07dc 00       		.byte	0
 1443 07dd 14       		.uleb128 0x14
 1444 07de 0C000000 		.4byte	.LVL19
 1445 07e2 8B080000 		.4byte	0x88b
 1446 07e6 1E       		.uleb128 0x1e
 1447 07e7 1A000000 		.4byte	.LVL22
 1448 07eb 01       		.byte	0x1
 1449 07ec 20070000 		.4byte	0x720
 1450 07f0 00       		.byte	0
 1451 07f1 13       		.uleb128 0x13
 1452 07f2 01       		.byte	0x1
 1453 07f3 73010000 		.4byte	.LASF88
 1454 07f7 01       		.byte	0x1
 1455 07f8 EC       		.byte	0xec
 1456 07f9 01       		.byte	0x1
 1457 07fa 00000000 		.4byte	.LFB12
 1458 07fe 10000000 		.4byte	.LFE12
 1459 0802 02       		.byte	0x2
 1460 0803 7D       		.byte	0x7d
 1461 0804 00       		.sleb128 0
 1462 0805 01       		.byte	0x1
 1463 0806 25080000 		.4byte	0x825
 1464 080a 1F       		.uleb128 0x1f
 1465 080b 6E747000 		.ascii	"ntp\000"
 1466 080f 01       		.byte	0x1
 1467 0810 EC       		.byte	0xec
 1468 0811 2F020000 		.4byte	0x22f
 1469 0815 01       		.byte	0x1
 1470 0816 50       		.byte	0x50
 1471 0817 1F       		.uleb128 0x1f
 1472 0818 6F747000 		.ascii	"otp\000"
 1473 081c 01       		.byte	0x1
ARM GAS  /var/folders/dt/0wfd0knj7gs46m8vwfzktm600000gn/T//ccftso6a.s 			page 27


 1474 081d EC       		.byte	0xec
 1475 081e 2F020000 		.4byte	0x22f
 1476 0822 01       		.byte	0x1
 1477 0823 51       		.byte	0x51
 1478 0824 00       		.byte	0
 1479 0825 20       		.uleb128 0x20
 1480 0826 01       		.byte	0x1
 1481 0827 F2000000 		.4byte	.LASF89
 1482 082b 01       		.byte	0x1
 1483 082c 0301     		.2byte	0x103
 1484 082e 01       		.byte	0x1
 1485 082f 00000000 		.4byte	.LFB13
 1486 0833 10000000 		.4byte	.LFE13
 1487 0837 02       		.byte	0x2
 1488 0838 7D       		.byte	0x7d
 1489 0839 00       		.sleb128 0
 1490 083a 01       		.byte	0x1
 1491 083b 5A080000 		.4byte	0x85a
 1492 083f 16       		.uleb128 0x16
 1493 0840 00000000 		.4byte	.LBB9
 1494 0844 06000000 		.4byte	.LBE9
 1495 0848 21       		.uleb128 0x21
 1496 0849 746D7000 		.ascii	"tmp\000"
 1497 084d 01       		.byte	0x1
 1498 084e 0501     		.2byte	0x105
 1499 0850 70000000 		.4byte	0x70
 1500 0854 F9000000 		.4byte	.LLST9
 1501 0858 00       		.byte	0
 1502 0859 00       		.byte	0
 1503 085a 22       		.uleb128 0x22
 1504 085b A5030000 		.4byte	.LASF95
 1505 085f 08       		.byte	0x8
 1506 0860 72       		.byte	0x72
 1507 0861 B2050000 		.4byte	0x5b2
 1508 0865 01       		.byte	0x1
 1509 0866 01       		.byte	0x1
 1510 0867 23       		.uleb128 0x23
 1511 0868 01       		.byte	0x1
 1512 0869 40010000 		.4byte	.LASF90
 1513 086d 08       		.byte	0x8
 1514 086e A5       		.byte	0xa5
 1515 086f 01       		.byte	0x1
 1516 0870 01       		.byte	0x1
 1517 0871 24       		.uleb128 0x24
 1518 0872 01       		.byte	0x1
 1519 0873 1A010000 		.4byte	.LASF96
 1520 0877 07       		.byte	0x7
 1521 0878 2501     		.2byte	0x125
 1522 087a 01       		.byte	0x1
 1523 087b 01       		.byte	0x1
 1524 087c 8B080000 		.4byte	0x88b
 1525 0880 25       		.uleb128 0x25
 1526 0881 70000000 		.4byte	0x70
 1527 0885 25       		.uleb128 0x25
 1528 0886 70000000 		.4byte	0x70
 1529 088a 00       		.byte	0
 1530 088b 23       		.uleb128 0x23
ARM GAS  /var/folders/dt/0wfd0knj7gs46m8vwfzktm600000gn/T//ccftso6a.s 			page 28


 1531 088c 01       		.byte	0x1
 1532 088d 68000000 		.4byte	.LASF91
 1533 0891 0A       		.byte	0xa
 1534 0892 F7       		.byte	0xf7
 1535 0893 01       		.byte	0x1
 1536 0894 01       		.byte	0x1
 1537 0895 00       		.byte	0
 1538              		.section	.debug_abbrev,"",%progbits
 1539              	.Ldebug_abbrev0:
 1540 0000 01       		.uleb128 0x1
 1541 0001 11       		.uleb128 0x11
 1542 0002 01       		.byte	0x1
 1543 0003 25       		.uleb128 0x25
 1544 0004 0E       		.uleb128 0xe
 1545 0005 13       		.uleb128 0x13
 1546 0006 0B       		.uleb128 0xb
 1547 0007 03       		.uleb128 0x3
 1548 0008 0E       		.uleb128 0xe
 1549 0009 1B       		.uleb128 0x1b
 1550 000a 0E       		.uleb128 0xe
 1551 000b 55       		.uleb128 0x55
 1552 000c 06       		.uleb128 0x6
 1553 000d 11       		.uleb128 0x11
 1554 000e 01       		.uleb128 0x1
 1555 000f 52       		.uleb128 0x52
 1556 0010 01       		.uleb128 0x1
 1557 0011 10       		.uleb128 0x10
 1558 0012 06       		.uleb128 0x6
 1559 0013 00       		.byte	0
 1560 0014 00       		.byte	0
 1561 0015 02       		.uleb128 0x2
 1562 0016 24       		.uleb128 0x24
 1563 0017 00       		.byte	0
 1564 0018 0B       		.uleb128 0xb
 1565 0019 0B       		.uleb128 0xb
 1566 001a 3E       		.uleb128 0x3e
 1567 001b 0B       		.uleb128 0xb
 1568 001c 03       		.uleb128 0x3
 1569 001d 08       		.uleb128 0x8
 1570 001e 00       		.byte	0
 1571 001f 00       		.byte	0
 1572 0020 03       		.uleb128 0x3
 1573 0021 24       		.uleb128 0x24
 1574 0022 00       		.byte	0
 1575 0023 0B       		.uleb128 0xb
 1576 0024 0B       		.uleb128 0xb
 1577 0025 3E       		.uleb128 0x3e
 1578 0026 0B       		.uleb128 0xb
 1579 0027 03       		.uleb128 0x3
 1580 0028 0E       		.uleb128 0xe
 1581 0029 00       		.byte	0
 1582 002a 00       		.byte	0
 1583 002b 04       		.uleb128 0x4
 1584 002c 16       		.uleb128 0x16
 1585 002d 00       		.byte	0
 1586 002e 03       		.uleb128 0x3
 1587 002f 0E       		.uleb128 0xe
ARM GAS  /var/folders/dt/0wfd0knj7gs46m8vwfzktm600000gn/T//ccftso6a.s 			page 29


 1588 0030 3A       		.uleb128 0x3a
 1589 0031 0B       		.uleb128 0xb
 1590 0032 3B       		.uleb128 0x3b
 1591 0033 0B       		.uleb128 0xb
 1592 0034 49       		.uleb128 0x49
 1593 0035 13       		.uleb128 0x13
 1594 0036 00       		.byte	0
 1595 0037 00       		.byte	0
 1596 0038 05       		.uleb128 0x5
 1597 0039 13       		.uleb128 0x13
 1598 003a 01       		.byte	0x1
 1599 003b 03       		.uleb128 0x3
 1600 003c 0E       		.uleb128 0xe
 1601 003d 0B       		.uleb128 0xb
 1602 003e 0B       		.uleb128 0xb
 1603 003f 3A       		.uleb128 0x3a
 1604 0040 0B       		.uleb128 0xb
 1605 0041 3B       		.uleb128 0x3b
 1606 0042 0B       		.uleb128 0xb
 1607 0043 01       		.uleb128 0x1
 1608 0044 13       		.uleb128 0x13
 1609 0045 00       		.byte	0
 1610 0046 00       		.byte	0
 1611 0047 06       		.uleb128 0x6
 1612 0048 0D       		.uleb128 0xd
 1613 0049 00       		.byte	0
 1614 004a 03       		.uleb128 0x3
 1615 004b 0E       		.uleb128 0xe
 1616 004c 3A       		.uleb128 0x3a
 1617 004d 0B       		.uleb128 0xb
 1618 004e 3B       		.uleb128 0x3b
 1619 004f 0B       		.uleb128 0xb
 1620 0050 49       		.uleb128 0x49
 1621 0051 13       		.uleb128 0x13
 1622 0052 38       		.uleb128 0x38
 1623 0053 0A       		.uleb128 0xa
 1624 0054 00       		.byte	0
 1625 0055 00       		.byte	0
 1626 0056 07       		.uleb128 0x7
 1627 0057 0D       		.uleb128 0xd
 1628 0058 00       		.byte	0
 1629 0059 03       		.uleb128 0x3
 1630 005a 08       		.uleb128 0x8
 1631 005b 3A       		.uleb128 0x3a
 1632 005c 0B       		.uleb128 0xb
 1633 005d 3B       		.uleb128 0x3b
 1634 005e 0B       		.uleb128 0xb
 1635 005f 49       		.uleb128 0x49
 1636 0060 13       		.uleb128 0x13
 1637 0061 38       		.uleb128 0x38
 1638 0062 0A       		.uleb128 0xa
 1639 0063 00       		.byte	0
 1640 0064 00       		.byte	0
 1641 0065 08       		.uleb128 0x8
 1642 0066 13       		.uleb128 0x13
 1643 0067 01       		.byte	0x1
 1644 0068 0B       		.uleb128 0xb
ARM GAS  /var/folders/dt/0wfd0knj7gs46m8vwfzktm600000gn/T//ccftso6a.s 			page 30


 1645 0069 0B       		.uleb128 0xb
 1646 006a 3A       		.uleb128 0x3a
 1647 006b 0B       		.uleb128 0xb
 1648 006c 3B       		.uleb128 0x3b
 1649 006d 0B       		.uleb128 0xb
 1650 006e 01       		.uleb128 0x1
 1651 006f 13       		.uleb128 0x13
 1652 0070 00       		.byte	0
 1653 0071 00       		.byte	0
 1654 0072 09       		.uleb128 0x9
 1655 0073 0F       		.uleb128 0xf
 1656 0074 00       		.byte	0
 1657 0075 0B       		.uleb128 0xb
 1658 0076 0B       		.uleb128 0xb
 1659 0077 49       		.uleb128 0x49
 1660 0078 13       		.uleb128 0x13
 1661 0079 00       		.byte	0
 1662 007a 00       		.byte	0
 1663 007b 0A       		.uleb128 0xa
 1664 007c 0F       		.uleb128 0xf
 1665 007d 00       		.byte	0
 1666 007e 0B       		.uleb128 0xb
 1667 007f 0B       		.uleb128 0xb
 1668 0080 00       		.byte	0
 1669 0081 00       		.byte	0
 1670 0082 0B       		.uleb128 0xb
 1671 0083 0D       		.uleb128 0xd
 1672 0084 00       		.byte	0
 1673 0085 03       		.uleb128 0x3
 1674 0086 08       		.uleb128 0x8
 1675 0087 3A       		.uleb128 0x3a
 1676 0088 0B       		.uleb128 0xb
 1677 0089 3B       		.uleb128 0x3b
 1678 008a 05       		.uleb128 0x5
 1679 008b 49       		.uleb128 0x49
 1680 008c 13       		.uleb128 0x13
 1681 008d 38       		.uleb128 0x38
 1682 008e 0A       		.uleb128 0xa
 1683 008f 00       		.byte	0
 1684 0090 00       		.byte	0
 1685 0091 0C       		.uleb128 0xc
 1686 0092 13       		.uleb128 0x13
 1687 0093 01       		.byte	0x1
 1688 0094 03       		.uleb128 0x3
 1689 0095 0E       		.uleb128 0xe
 1690 0096 0B       		.uleb128 0xb
 1691 0097 0B       		.uleb128 0xb
 1692 0098 3A       		.uleb128 0x3a
 1693 0099 0B       		.uleb128 0xb
 1694 009a 3B       		.uleb128 0x3b
 1695 009b 05       		.uleb128 0x5
 1696 009c 01       		.uleb128 0x1
 1697 009d 13       		.uleb128 0x13
 1698 009e 00       		.byte	0
 1699 009f 00       		.byte	0
 1700 00a0 0D       		.uleb128 0xd
 1701 00a1 35       		.uleb128 0x35
ARM GAS  /var/folders/dt/0wfd0knj7gs46m8vwfzktm600000gn/T//ccftso6a.s 			page 31


 1702 00a2 00       		.byte	0
 1703 00a3 49       		.uleb128 0x49
 1704 00a4 13       		.uleb128 0x13
 1705 00a5 00       		.byte	0
 1706 00a6 00       		.byte	0
 1707 00a7 0E       		.uleb128 0xe
 1708 00a8 01       		.uleb128 0x1
 1709 00a9 01       		.byte	0x1
 1710 00aa 49       		.uleb128 0x49
 1711 00ab 13       		.uleb128 0x13
 1712 00ac 01       		.uleb128 0x1
 1713 00ad 13       		.uleb128 0x13
 1714 00ae 00       		.byte	0
 1715 00af 00       		.byte	0
 1716 00b0 0F       		.uleb128 0xf
 1717 00b1 21       		.uleb128 0x21
 1718 00b2 00       		.byte	0
 1719 00b3 49       		.uleb128 0x49
 1720 00b4 13       		.uleb128 0x13
 1721 00b5 2F       		.uleb128 0x2f
 1722 00b6 0B       		.uleb128 0xb
 1723 00b7 00       		.byte	0
 1724 00b8 00       		.byte	0
 1725 00b9 10       		.uleb128 0x10
 1726 00ba 17       		.uleb128 0x17
 1727 00bb 01       		.byte	0x1
 1728 00bc 0B       		.uleb128 0xb
 1729 00bd 0B       		.uleb128 0xb
 1730 00be 3A       		.uleb128 0x3a
 1731 00bf 0B       		.uleb128 0xb
 1732 00c0 3B       		.uleb128 0x3b
 1733 00c1 0B       		.uleb128 0xb
 1734 00c2 01       		.uleb128 0x1
 1735 00c3 13       		.uleb128 0x13
 1736 00c4 00       		.byte	0
 1737 00c5 00       		.byte	0
 1738 00c6 11       		.uleb128 0x11
 1739 00c7 0D       		.uleb128 0xd
 1740 00c8 00       		.byte	0
 1741 00c9 03       		.uleb128 0x3
 1742 00ca 0E       		.uleb128 0xe
 1743 00cb 3A       		.uleb128 0x3a
 1744 00cc 0B       		.uleb128 0xb
 1745 00cd 3B       		.uleb128 0x3b
 1746 00ce 0B       		.uleb128 0xb
 1747 00cf 49       		.uleb128 0x49
 1748 00d0 13       		.uleb128 0x13
 1749 00d1 00       		.byte	0
 1750 00d2 00       		.byte	0
 1751 00d3 12       		.uleb128 0x12
 1752 00d4 26       		.uleb128 0x26
 1753 00d5 00       		.byte	0
 1754 00d6 49       		.uleb128 0x49
 1755 00d7 13       		.uleb128 0x13
 1756 00d8 00       		.byte	0
 1757 00d9 00       		.byte	0
 1758 00da 13       		.uleb128 0x13
ARM GAS  /var/folders/dt/0wfd0knj7gs46m8vwfzktm600000gn/T//ccftso6a.s 			page 32


 1759 00db 2E       		.uleb128 0x2e
 1760 00dc 01       		.byte	0x1
 1761 00dd 3F       		.uleb128 0x3f
 1762 00de 0C       		.uleb128 0xc
 1763 00df 03       		.uleb128 0x3
 1764 00e0 0E       		.uleb128 0xe
 1765 00e1 3A       		.uleb128 0x3a
 1766 00e2 0B       		.uleb128 0xb
 1767 00e3 3B       		.uleb128 0x3b
 1768 00e4 0B       		.uleb128 0xb
 1769 00e5 27       		.uleb128 0x27
 1770 00e6 0C       		.uleb128 0xc
 1771 00e7 11       		.uleb128 0x11
 1772 00e8 01       		.uleb128 0x1
 1773 00e9 12       		.uleb128 0x12
 1774 00ea 01       		.uleb128 0x1
 1775 00eb 40       		.uleb128 0x40
 1776 00ec 0A       		.uleb128 0xa
 1777 00ed 9742     		.uleb128 0x2117
 1778 00ef 0C       		.uleb128 0xc
 1779 00f0 01       		.uleb128 0x1
 1780 00f1 13       		.uleb128 0x13
 1781 00f2 00       		.byte	0
 1782 00f3 00       		.byte	0
 1783 00f4 14       		.uleb128 0x14
 1784 00f5 898201   		.uleb128 0x4109
 1785 00f8 00       		.byte	0
 1786 00f9 11       		.uleb128 0x11
 1787 00fa 01       		.uleb128 0x1
 1788 00fb 31       		.uleb128 0x31
 1789 00fc 13       		.uleb128 0x13
 1790 00fd 00       		.byte	0
 1791 00fe 00       		.byte	0
 1792 00ff 15       		.uleb128 0x15
 1793 0100 34       		.uleb128 0x34
 1794 0101 00       		.byte	0
 1795 0102 03       		.uleb128 0x3
 1796 0103 0E       		.uleb128 0xe
 1797 0104 3A       		.uleb128 0x3a
 1798 0105 0B       		.uleb128 0xb
 1799 0106 3B       		.uleb128 0x3b
 1800 0107 0B       		.uleb128 0xb
 1801 0108 49       		.uleb128 0x49
 1802 0109 13       		.uleb128 0x13
 1803 010a 02       		.uleb128 0x2
 1804 010b 06       		.uleb128 0x6
 1805 010c 00       		.byte	0
 1806 010d 00       		.byte	0
 1807 010e 16       		.uleb128 0x16
 1808 010f 0B       		.uleb128 0xb
 1809 0110 01       		.byte	0x1
 1810 0111 11       		.uleb128 0x11
 1811 0112 01       		.uleb128 0x1
 1812 0113 12       		.uleb128 0x12
 1813 0114 01       		.uleb128 0x1
 1814 0115 00       		.byte	0
 1815 0116 00       		.byte	0
ARM GAS  /var/folders/dt/0wfd0knj7gs46m8vwfzktm600000gn/T//ccftso6a.s 			page 33


 1816 0117 17       		.uleb128 0x17
 1817 0118 34       		.uleb128 0x34
 1818 0119 00       		.byte	0
 1819 011a 03       		.uleb128 0x3
 1820 011b 08       		.uleb128 0x8
 1821 011c 3A       		.uleb128 0x3a
 1822 011d 0B       		.uleb128 0xb
 1823 011e 3B       		.uleb128 0x3b
 1824 011f 0B       		.uleb128 0xb
 1825 0120 49       		.uleb128 0x49
 1826 0121 13       		.uleb128 0x13
 1827 0122 02       		.uleb128 0x2
 1828 0123 06       		.uleb128 0x6
 1829 0124 00       		.byte	0
 1830 0125 00       		.byte	0
 1831 0126 18       		.uleb128 0x18
 1832 0127 2E       		.uleb128 0x2e
 1833 0128 01       		.byte	0x1
 1834 0129 3F       		.uleb128 0x3f
 1835 012a 0C       		.uleb128 0xc
 1836 012b 03       		.uleb128 0x3
 1837 012c 0E       		.uleb128 0xe
 1838 012d 3A       		.uleb128 0x3a
 1839 012e 0B       		.uleb128 0xb
 1840 012f 3B       		.uleb128 0x3b
 1841 0130 0B       		.uleb128 0xb
 1842 0131 27       		.uleb128 0x27
 1843 0132 0C       		.uleb128 0xc
 1844 0133 11       		.uleb128 0x11
 1845 0134 01       		.uleb128 0x1
 1846 0135 12       		.uleb128 0x12
 1847 0136 01       		.uleb128 0x1
 1848 0137 40       		.uleb128 0x40
 1849 0138 06       		.uleb128 0x6
 1850 0139 9742     		.uleb128 0x2117
 1851 013b 0C       		.uleb128 0xc
 1852 013c 01       		.uleb128 0x1
 1853 013d 13       		.uleb128 0x13
 1854 013e 00       		.byte	0
 1855 013f 00       		.byte	0
 1856 0140 19       		.uleb128 0x19
 1857 0141 898201   		.uleb128 0x4109
 1858 0144 01       		.byte	0x1
 1859 0145 11       		.uleb128 0x11
 1860 0146 01       		.uleb128 0x1
 1861 0147 31       		.uleb128 0x31
 1862 0148 13       		.uleb128 0x13
 1863 0149 01       		.uleb128 0x1
 1864 014a 13       		.uleb128 0x13
 1865 014b 00       		.byte	0
 1866 014c 00       		.byte	0
 1867 014d 1A       		.uleb128 0x1a
 1868 014e 8A8201   		.uleb128 0x410a
 1869 0151 00       		.byte	0
 1870 0152 02       		.uleb128 0x2
 1871 0153 0A       		.uleb128 0xa
 1872 0154 9142     		.uleb128 0x2111
ARM GAS  /var/folders/dt/0wfd0knj7gs46m8vwfzktm600000gn/T//ccftso6a.s 			page 34


 1873 0156 0A       		.uleb128 0xa
 1874 0157 00       		.byte	0
 1875 0158 00       		.byte	0
 1876 0159 1B       		.uleb128 0x1b
 1877 015a 898201   		.uleb128 0x4109
 1878 015d 01       		.byte	0x1
 1879 015e 11       		.uleb128 0x11
 1880 015f 01       		.uleb128 0x1
 1881 0160 9542     		.uleb128 0x2115
 1882 0162 0C       		.uleb128 0xc
 1883 0163 31       		.uleb128 0x31
 1884 0164 13       		.uleb128 0x13
 1885 0165 00       		.byte	0
 1886 0166 00       		.byte	0
 1887 0167 1C       		.uleb128 0x1c
 1888 0168 0B       		.uleb128 0xb
 1889 0169 01       		.byte	0x1
 1890 016a 11       		.uleb128 0x11
 1891 016b 01       		.uleb128 0x1
 1892 016c 12       		.uleb128 0x12
 1893 016d 01       		.uleb128 0x1
 1894 016e 01       		.uleb128 0x1
 1895 016f 13       		.uleb128 0x13
 1896 0170 00       		.byte	0
 1897 0171 00       		.byte	0
 1898 0172 1D       		.uleb128 0x1d
 1899 0173 0B       		.uleb128 0xb
 1900 0174 01       		.byte	0x1
 1901 0175 55       		.uleb128 0x55
 1902 0176 06       		.uleb128 0x6
 1903 0177 01       		.uleb128 0x1
 1904 0178 13       		.uleb128 0x13
 1905 0179 00       		.byte	0
 1906 017a 00       		.byte	0
 1907 017b 1E       		.uleb128 0x1e
 1908 017c 898201   		.uleb128 0x4109
 1909 017f 00       		.byte	0
 1910 0180 11       		.uleb128 0x11
 1911 0181 01       		.uleb128 0x1
 1912 0182 9542     		.uleb128 0x2115
 1913 0184 0C       		.uleb128 0xc
 1914 0185 31       		.uleb128 0x31
 1915 0186 13       		.uleb128 0x13
 1916 0187 00       		.byte	0
 1917 0188 00       		.byte	0
 1918 0189 1F       		.uleb128 0x1f
 1919 018a 05       		.uleb128 0x5
 1920 018b 00       		.byte	0
 1921 018c 03       		.uleb128 0x3
 1922 018d 08       		.uleb128 0x8
 1923 018e 3A       		.uleb128 0x3a
 1924 018f 0B       		.uleb128 0xb
 1925 0190 3B       		.uleb128 0x3b
 1926 0191 0B       		.uleb128 0xb
 1927 0192 49       		.uleb128 0x49
 1928 0193 13       		.uleb128 0x13
 1929 0194 02       		.uleb128 0x2
ARM GAS  /var/folders/dt/0wfd0knj7gs46m8vwfzktm600000gn/T//ccftso6a.s 			page 35


 1930 0195 0A       		.uleb128 0xa
 1931 0196 00       		.byte	0
 1932 0197 00       		.byte	0
 1933 0198 20       		.uleb128 0x20
 1934 0199 2E       		.uleb128 0x2e
 1935 019a 01       		.byte	0x1
 1936 019b 3F       		.uleb128 0x3f
 1937 019c 0C       		.uleb128 0xc
 1938 019d 03       		.uleb128 0x3
 1939 019e 0E       		.uleb128 0xe
 1940 019f 3A       		.uleb128 0x3a
 1941 01a0 0B       		.uleb128 0xb
 1942 01a1 3B       		.uleb128 0x3b
 1943 01a2 05       		.uleb128 0x5
 1944 01a3 27       		.uleb128 0x27
 1945 01a4 0C       		.uleb128 0xc
 1946 01a5 11       		.uleb128 0x11
 1947 01a6 01       		.uleb128 0x1
 1948 01a7 12       		.uleb128 0x12
 1949 01a8 01       		.uleb128 0x1
 1950 01a9 40       		.uleb128 0x40
 1951 01aa 0A       		.uleb128 0xa
 1952 01ab 9742     		.uleb128 0x2117
 1953 01ad 0C       		.uleb128 0xc
 1954 01ae 01       		.uleb128 0x1
 1955 01af 13       		.uleb128 0x13
 1956 01b0 00       		.byte	0
 1957 01b1 00       		.byte	0
 1958 01b2 21       		.uleb128 0x21
 1959 01b3 34       		.uleb128 0x34
 1960 01b4 00       		.byte	0
 1961 01b5 03       		.uleb128 0x3
 1962 01b6 08       		.uleb128 0x8
 1963 01b7 3A       		.uleb128 0x3a
 1964 01b8 0B       		.uleb128 0xb
 1965 01b9 3B       		.uleb128 0x3b
 1966 01ba 05       		.uleb128 0x5
 1967 01bb 49       		.uleb128 0x49
 1968 01bc 13       		.uleb128 0x13
 1969 01bd 02       		.uleb128 0x2
 1970 01be 06       		.uleb128 0x6
 1971 01bf 00       		.byte	0
 1972 01c0 00       		.byte	0
 1973 01c1 22       		.uleb128 0x22
 1974 01c2 34       		.uleb128 0x34
 1975 01c3 00       		.byte	0
 1976 01c4 03       		.uleb128 0x3
 1977 01c5 0E       		.uleb128 0xe
 1978 01c6 3A       		.uleb128 0x3a
 1979 01c7 0B       		.uleb128 0xb
 1980 01c8 3B       		.uleb128 0x3b
 1981 01c9 0B       		.uleb128 0xb
 1982 01ca 49       		.uleb128 0x49
 1983 01cb 13       		.uleb128 0x13
 1984 01cc 3F       		.uleb128 0x3f
 1985 01cd 0C       		.uleb128 0xc
 1986 01ce 3C       		.uleb128 0x3c
ARM GAS  /var/folders/dt/0wfd0knj7gs46m8vwfzktm600000gn/T//ccftso6a.s 			page 36


 1987 01cf 0C       		.uleb128 0xc
 1988 01d0 00       		.byte	0
 1989 01d1 00       		.byte	0
 1990 01d2 23       		.uleb128 0x23
 1991 01d3 2E       		.uleb128 0x2e
 1992 01d4 00       		.byte	0
 1993 01d5 3F       		.uleb128 0x3f
 1994 01d6 0C       		.uleb128 0xc
 1995 01d7 03       		.uleb128 0x3
 1996 01d8 0E       		.uleb128 0xe
 1997 01d9 3A       		.uleb128 0x3a
 1998 01da 0B       		.uleb128 0xb
 1999 01db 3B       		.uleb128 0x3b
 2000 01dc 0B       		.uleb128 0xb
 2001 01dd 27       		.uleb128 0x27
 2002 01de 0C       		.uleb128 0xc
 2003 01df 3C       		.uleb128 0x3c
 2004 01e0 0C       		.uleb128 0xc
 2005 01e1 00       		.byte	0
 2006 01e2 00       		.byte	0
 2007 01e3 24       		.uleb128 0x24
 2008 01e4 2E       		.uleb128 0x2e
 2009 01e5 01       		.byte	0x1
 2010 01e6 3F       		.uleb128 0x3f
 2011 01e7 0C       		.uleb128 0xc
 2012 01e8 03       		.uleb128 0x3
 2013 01e9 0E       		.uleb128 0xe
 2014 01ea 3A       		.uleb128 0x3a
 2015 01eb 0B       		.uleb128 0xb
 2016 01ec 3B       		.uleb128 0x3b
 2017 01ed 05       		.uleb128 0x5
 2018 01ee 27       		.uleb128 0x27
 2019 01ef 0C       		.uleb128 0xc
 2020 01f0 3C       		.uleb128 0x3c
 2021 01f1 0C       		.uleb128 0xc
 2022 01f2 01       		.uleb128 0x1
 2023 01f3 13       		.uleb128 0x13
 2024 01f4 00       		.byte	0
 2025 01f5 00       		.byte	0
 2026 01f6 25       		.uleb128 0x25
 2027 01f7 05       		.uleb128 0x5
 2028 01f8 00       		.byte	0
 2029 01f9 49       		.uleb128 0x49
 2030 01fa 13       		.uleb128 0x13
 2031 01fb 00       		.byte	0
 2032 01fc 00       		.byte	0
 2033 01fd 00       		.byte	0
 2034              		.section	.debug_loc,"",%progbits
 2035              	.Ldebug_loc0:
 2036              	.LLST0:
 2037 0000 04000000 		.4byte	.LVL1
 2038 0004 06000000 		.4byte	.LVL2
 2039 0008 0300     		.2byte	0x3
 2040 000a 73       		.byte	0x73
 2041 000b 20       		.sleb128 32
 2042 000c 9F       		.byte	0x9f
 2043 000d 06000000 		.4byte	.LVL2
ARM GAS  /var/folders/dt/0wfd0knj7gs46m8vwfzktm600000gn/T//ccftso6a.s 			page 37


 2044 0011 0C000000 		.4byte	.LVL3
 2045 0015 0100     		.2byte	0x1
 2046 0017 53       		.byte	0x53
 2047 0018 00000000 		.4byte	0
 2048 001c 00000000 		.4byte	0
 2049              	.LLST1:
 2050 0020 10000000 		.4byte	.LVL4
 2051 0024 12000000 		.4byte	.LFE8
 2052 0028 0100     		.2byte	0x1
 2053 002a 53       		.byte	0x53
 2054 002b 00000000 		.4byte	0
 2055 002f 00000000 		.4byte	0
 2056              	.LLST2:
 2057 0033 00000000 		.4byte	.LFB9
 2058 0037 02000000 		.4byte	.LCFI0
 2059 003b 0200     		.2byte	0x2
 2060 003d 7D       		.byte	0x7d
 2061 003e 00       		.sleb128 0
 2062 003f 02000000 		.4byte	.LCFI0
 2063 0043 34000000 		.4byte	.LFE9
 2064 0047 0200     		.2byte	0x2
 2065 0049 7D       		.byte	0x7d
 2066 004a 08       		.sleb128 8
 2067 004b 00000000 		.4byte	0
 2068 004f 00000000 		.4byte	0
 2069              	.LLST3:
 2070 0053 06000000 		.4byte	.LVL9
 2071 0057 0A000000 		.4byte	.LVL10
 2072 005b 0100     		.2byte	0x1
 2073 005d 53       		.byte	0x53
 2074 005e 00000000 		.4byte	0
 2075 0062 00000000 		.4byte	0
 2076              	.LLST4:
 2077 0066 1A000000 		.4byte	.LVL11
 2078 006a 1E000000 		.4byte	.LVL12
 2079 006e 0300     		.2byte	0x3
 2080 0070 73       		.byte	0x73
 2081 0071 60       		.sleb128 -32
 2082 0072 9F       		.byte	0x9f
 2083 0073 1E000000 		.4byte	.LVL12
 2084 0077 24000000 		.4byte	.LVL13
 2085 007b 0100     		.2byte	0x1
 2086 007d 52       		.byte	0x52
 2087 007e 24000000 		.4byte	.LVL13
 2088 0082 4A000000 		.4byte	.LVL14
 2089 0086 0300     		.2byte	0x3
 2090 0088 73       		.byte	0x73
 2091 0089 60       		.sleb128 -32
 2092 008a 9F       		.byte	0x9f
 2093 008b 50000000 		.4byte	.LVL16
 2094 008f 78000000 		.4byte	.LFE10
 2095 0093 0300     		.2byte	0x3
 2096 0095 73       		.byte	0x73
 2097 0096 60       		.sleb128 -32
 2098 0097 9F       		.byte	0x9f
 2099 0098 00000000 		.4byte	0
 2100 009c 00000000 		.4byte	0
ARM GAS  /var/folders/dt/0wfd0knj7gs46m8vwfzktm600000gn/T//ccftso6a.s 			page 38


 2101              	.LLST5:
 2102 00a0 4E000000 		.4byte	.LVL15
 2103 00a4 50000000 		.4byte	.LVL16
 2104 00a8 0100     		.2byte	0x1
 2105 00aa 53       		.byte	0x53
 2106 00ab 00000000 		.4byte	0
 2107 00af 00000000 		.4byte	0
 2108              	.LLST6:
 2109 00b3 00000000 		.4byte	.LFB7
 2110 00b7 02000000 		.4byte	.LCFI1
 2111 00bb 0200     		.2byte	0x2
 2112 00bd 7D       		.byte	0x7d
 2113 00be 00       		.sleb128 0
 2114 00bf 02000000 		.4byte	.LCFI1
 2115 00c3 1A000000 		.4byte	.LFE7
 2116 00c7 0200     		.2byte	0x2
 2117 00c9 7D       		.byte	0x7d
 2118 00ca 08       		.sleb128 8
 2119 00cb 00000000 		.4byte	0
 2120 00cf 00000000 		.4byte	0
 2121              	.LLST7:
 2122 00d3 08000000 		.4byte	.LVL18
 2123 00d7 0B000000 		.4byte	.LVL19-1
 2124 00db 0100     		.2byte	0x1
 2125 00dd 53       		.byte	0x53
 2126 00de 00000000 		.4byte	0
 2127 00e2 00000000 		.4byte	0
 2128              	.LLST8:
 2129 00e6 12000000 		.4byte	.LVL21
 2130 00ea 19000000 		.4byte	.LVL22-1
 2131 00ee 0100     		.2byte	0x1
 2132 00f0 53       		.byte	0x53
 2133 00f1 00000000 		.4byte	0
 2134 00f5 00000000 		.4byte	0
 2135              	.LLST9:
 2136 00f9 06000000 		.4byte	.LVL25
 2137 00fd 10000000 		.4byte	.LFE13
 2138 0101 0100     		.2byte	0x1
 2139 0103 53       		.byte	0x53
 2140 0104 00000000 		.4byte	0
 2141 0108 00000000 		.4byte	0
 2142              		.section	.debug_aranges,"",%progbits
 2143 0000 4C000000 		.4byte	0x4c
 2144 0004 0200     		.2byte	0x2
 2145 0006 00000000 		.4byte	.Ldebug_info0
 2146 000a 04       		.byte	0x4
 2147 000b 00       		.byte	0
 2148 000c 0000     		.2byte	0
 2149 000e 0000     		.2byte	0
 2150 0010 00000000 		.4byte	.LFB11
 2151 0014 06000000 		.4byte	.LFE11-.LFB11
 2152 0018 00000000 		.4byte	.LFB8
 2153 001c 12000000 		.4byte	.LFE8-.LFB8
 2154 0020 00000000 		.4byte	.LFB9
 2155 0024 34000000 		.4byte	.LFE9-.LFB9
 2156 0028 00000000 		.4byte	.LFB10
 2157 002c 78000000 		.4byte	.LFE10-.LFB10
ARM GAS  /var/folders/dt/0wfd0knj7gs46m8vwfzktm600000gn/T//ccftso6a.s 			page 39


 2158 0030 00000000 		.4byte	.LFB7
 2159 0034 1A000000 		.4byte	.LFE7-.LFB7
 2160 0038 00000000 		.4byte	.LFB12
 2161 003c 10000000 		.4byte	.LFE12-.LFB12
 2162 0040 00000000 		.4byte	.LFB13
 2163 0044 10000000 		.4byte	.LFE13-.LFB13
 2164 0048 00000000 		.4byte	0
 2165 004c 00000000 		.4byte	0
 2166              		.section	.debug_ranges,"",%progbits
 2167              	.Ldebug_ranges0:
 2168 0000 16000000 		.4byte	.LBB4
 2169 0004 4A000000 		.4byte	.LBE4
 2170 0008 50000000 		.4byte	.LBB6
 2171 000c 78000000 		.4byte	.LBE6
 2172 0010 00000000 		.4byte	0
 2173 0014 00000000 		.4byte	0
 2174 0018 00000000 		.4byte	.LFB11
 2175 001c 06000000 		.4byte	.LFE11
 2176 0020 00000000 		.4byte	.LFB8
 2177 0024 12000000 		.4byte	.LFE8
 2178 0028 00000000 		.4byte	.LFB9
 2179 002c 34000000 		.4byte	.LFE9
 2180 0030 00000000 		.4byte	.LFB10
 2181 0034 78000000 		.4byte	.LFE10
 2182 0038 00000000 		.4byte	.LFB7
 2183 003c 1A000000 		.4byte	.LFE7
 2184 0040 00000000 		.4byte	.LFB12
 2185 0044 10000000 		.4byte	.LFE12
 2186 0048 00000000 		.4byte	.LFB13
 2187 004c 10000000 		.4byte	.LFE13
 2188 0050 00000000 		.4byte	0
 2189 0054 00000000 		.4byte	0
 2190              		.section	.debug_line,"",%progbits
 2191              	.Ldebug_line0:
 2192 0000 0B020000 		.section	.debug_str,"MS",%progbits,1
 2192      02005601 
 2192      00000201 
 2192      FB0E0D00 
 2192      01010101 
 2193              	.LASF34:
 2194 0000 705F6D73 		.ascii	"p_msg\000"
 2194      6700
 2195              	.LASF94:
 2196 0006 2F557365 		.ascii	"/Users/toxygen/Projects/UAV/Control_sytem/sw/autopi"
 2196      72732F74 
 2196      6F787967 
 2196      656E2F50 
 2196      726F6A65 
 2197 0039 6C6F742F 		.ascii	"lot/2.4.3/demos/STM32F103-sdspi\000"
 2197      322E342E 
 2197      332F6465 
 2197      6D6F732F 
 2197      53544D33 
 2198              	.LASF77:
 2199 0059 7264796D 		.ascii	"rdymsg\000"
 2199      736700
 2200              	.LASF64:
ARM GAS  /var/folders/dt/0wfd0knj7gs46m8vwfzktm600000gn/T//ccftso6a.s 			page 40


 2201 0060 434D785F 		.ascii	"CMx_SCB\000"
 2201      53434200 
 2202              	.LASF91:
 2203 0068 63685379 		.ascii	"chSysTimerHandlerI\000"
 2203      7354696D 
 2203      65724861 
 2203      6E646C65 
 2203      724900
 2204              	.LASF87:
 2205 007b 53797354 		.ascii	"SysTickVector\000"
 2205      69636B56 
 2205      6563746F 
 2205      7200
 2206              	.LASF11:
 2207 0089 6C6F6E67 		.ascii	"long long unsigned int\000"
 2207      206C6F6E 
 2207      6720756E 
 2207      7369676E 
 2207      65642069 
 2208              	.LASF78:
 2209 00a0 65786974 		.ascii	"exitcode\000"
 2209      636F6465 
 2209      00
 2210              	.LASF49:
 2211 00a9 43505549 		.ascii	"CPUID\000"
 2211      4400
 2212              	.LASF23:
 2213 00af 705F7072 		.ascii	"p_prio\000"
 2213      696F00
 2214              	.LASF10:
 2215 00b6 6C6F6E67 		.ascii	"long long int\000"
 2215      206C6F6E 
 2215      6720696E 
 2215      7400
 2216              	.LASF1:
 2217 00c4 7369676E 		.ascii	"signed char\000"
 2217      65642063 
 2217      68617200 
 2218              	.LASF38:
 2219 00d0 705F6D70 		.ascii	"p_mpool\000"
 2219      6F6F6C00 
 2220              	.LASF74:
 2221 00d8 6D5F7175 		.ascii	"m_queue\000"
 2221      65756500 
 2222              	.LASF7:
 2223 00e0 6C6F6E67 		.ascii	"long int\000"
 2223      20696E74 
 2223      00
 2224              	.LASF13:
 2225 00e9 74737461 		.ascii	"tstate_t\000"
 2225      74655F74 
 2225      00
 2226              	.LASF89:
 2227 00f2 5F706F72 		.ascii	"_port_thread_start\000"
 2227      745F7468 
 2227      72656164 
 2227      5F737461 
ARM GAS  /var/folders/dt/0wfd0knj7gs46m8vwfzktm600000gn/T//ccftso6a.s 			page 41


 2227      727400
 2228              	.LASF25:
 2229 0105 705F6E65 		.ascii	"p_newer\000"
 2229      77657200 
 2230              	.LASF59:
 2231 010d 42464152 		.ascii	"BFAR\000"
 2231      00
 2232              	.LASF68:
 2233 0112 725F6E65 		.ascii	"r_newer\000"
 2233      77657200 
 2234              	.LASF96:
 2235 011a 6E766963 		.ascii	"nvicSetSystemHandlerPriority\000"
 2235      53657453 
 2235      79737465 
 2235      6D48616E 
 2235      646C6572 
 2236              	.LASF41:
 2237 0137 72656761 		.ascii	"regarm_t\000"
 2237      726D5F74 
 2237      00
 2238              	.LASF90:
 2239 0140 63685363 		.ascii	"chSchDoReschedule\000"
 2239      68446F52 
 2239      65736368 
 2239      6564756C 
 2239      6500
 2240              	.LASF19:
 2241 0152 636E745F 		.ascii	"cnt_t\000"
 2241      7400
 2242              	.LASF0:
 2243 0158 756E7369 		.ascii	"unsigned int\000"
 2243      676E6564 
 2243      20696E74 
 2243      00
 2244              	.LASF43:
 2245 0165 6C725F74 		.ascii	"lr_thd\000"
 2245      686400
 2246              	.LASF42:
 2247 016c 65787463 		.ascii	"extctx\000"
 2247      747800
 2248              	.LASF88:
 2249 0173 5F706F72 		.ascii	"_port_switch\000"
 2249      745F7377 
 2249      69746368 
 2249      00
 2250              	.LASF9:
 2251 0180 6C6F6E67 		.ascii	"long unsigned int\000"
 2251      20756E73 
 2251      69676E65 
 2251      6420696E 
 2251      7400
 2252              	.LASF51:
 2253 0192 56544F52 		.ascii	"VTOR\000"
 2253      00
 2254              	.LASF82:
 2255 0197 5F706F72 		.ascii	"_port_switch_from_isr\000"
 2255      745F7377 
ARM GAS  /var/folders/dt/0wfd0knj7gs46m8vwfzktm600000gn/T//ccftso6a.s 			page 42


 2255      69746368 
 2255      5F66726F 
 2255      6D5F6973 
 2256              	.LASF46:
 2257 01ad 636F6E74 		.ascii	"context\000"
 2257      65787400 
 2258              	.LASF4:
 2259 01b5 73686F72 		.ascii	"short unsigned int\000"
 2259      7420756E 
 2259      7369676E 
 2259      65642069 
 2259      6E7400
 2260              	.LASF50:
 2261 01c8 49435352 		.ascii	"ICSR\000"
 2261      00
 2262              	.LASF16:
 2263 01cd 6D73675F 		.ascii	"msg_t\000"
 2263      7400
 2264              	.LASF52:
 2265 01d3 41495243 		.ascii	"AIRCR\000"
 2265      5200
 2266              	.LASF57:
 2267 01d9 44465352 		.ascii	"DFSR\000"
 2267      00
 2268              	.LASF58:
 2269 01de 4D4D4641 		.ascii	"MMFAR\000"
 2269      5200
 2270              	.LASF86:
 2271 01e4 5F706F72 		.ascii	"_port_irq_epilogue\000"
 2271      745F6972 
 2271      715F6570 
 2271      696C6F67 
 2271      756500
 2272              	.LASF12:
 2273 01f7 746D6F64 		.ascii	"tmode_t\000"
 2273      655F7400 
 2274              	.LASF40:
 2275 01ff 54687265 		.ascii	"ThreadsList\000"
 2275      6164734C 
 2275      69737400 
 2276              	.LASF17:
 2277 020b 6576656E 		.ascii	"eventmask_t\000"
 2277      746D6173 
 2277      6B5F7400 
 2278              	.LASF73:
 2279 0217 4D757465 		.ascii	"Mutex\000"
 2279      7800
 2280              	.LASF48:
 2281 021d 73697A65 		.ascii	"sizetype\000"
 2281      74797065 
 2281      00
 2282              	.LASF55:
 2283 0226 43465352 		.ascii	"CFSR\000"
 2283      00
 2284              	.LASF26:
 2285 022b 705F6F6C 		.ascii	"p_older\000"
 2285      64657200 
ARM GAS  /var/folders/dt/0wfd0knj7gs46m8vwfzktm600000gn/T//ccftso6a.s 			page 43


 2286              	.LASF67:
 2287 0233 725F6374 		.ascii	"r_ctx\000"
 2287      7800
 2288              	.LASF39:
 2289 0239 54687265 		.ascii	"ThreadsQueue\000"
 2289      61647351 
 2289      75657565 
 2289      00
 2290              	.LASF92:
 2291 0246 474E5520 		.ascii	"GNU C 4.7.2\000"
 2291      4320342E 
 2291      372E3200 
 2292              	.LASF71:
 2293 0252 725F6375 		.ascii	"r_current\000"
 2293      7272656E 
 2293      7400
 2294              	.LASF69:
 2295 025c 725F6F6C 		.ascii	"r_older\000"
 2295      64657200 
 2296              	.LASF14:
 2297 0264 74726566 		.ascii	"trefs_t\000"
 2297      735F7400 
 2298              	.LASF84:
 2299 026c 63747870 		.ascii	"ctxp\000"
 2299      00
 2300              	.LASF22:
 2301 0271 705F7072 		.ascii	"p_prev\000"
 2301      657600
 2302              	.LASF15:
 2303 0278 74707269 		.ascii	"tprio_t\000"
 2303      6F5F7400 
 2304              	.LASF6:
 2305 0280 696E7433 		.ascii	"int32_t\000"
 2305      325F7400 
 2306              	.LASF2:
 2307 0288 756E7369 		.ascii	"unsigned char\000"
 2307      676E6564 
 2307      20636861 
 2307      7200
 2308              	.LASF54:
 2309 0296 53484353 		.ascii	"SHCSR\000"
 2309      5200
 2310              	.LASF36:
 2311 029c 705F6D74 		.ascii	"p_mtxlist\000"
 2311      786C6973 
 2311      7400
 2312              	.LASF3:
 2313 02a6 73686F72 		.ascii	"short int\000"
 2313      7420696E 
 2313      7400
 2314              	.LASF28:
 2315 02b0 705F7374 		.ascii	"p_state\000"
 2315      61746500 
 2316              	.LASF44:
 2317 02b8 78707372 		.ascii	"xpsr\000"
 2317      00
 2318              	.LASF66:
ARM GAS  /var/folders/dt/0wfd0knj7gs46m8vwfzktm600000gn/T//ccftso6a.s 			page 44


 2319 02bd 725F7072 		.ascii	"r_prio\000"
 2319      696F00
 2320              	.LASF80:
 2321 02c4 65776D61 		.ascii	"ewmask\000"
 2321      736B00
 2322              	.LASF21:
 2323 02cb 705F6E65 		.ascii	"p_next\000"
 2323      787400
 2324              	.LASF29:
 2325 02d2 705F666C 		.ascii	"p_flags\000"
 2325      61677300 
 2326              	.LASF20:
 2327 02da 54687265 		.ascii	"Thread\000"
 2327      616400
 2328              	.LASF35:
 2329 02e1 705F6570 		.ascii	"p_epending\000"
 2329      656E6469 
 2329      6E6700
 2330              	.LASF8:
 2331 02ec 75696E74 		.ascii	"uint32_t\000"
 2331      33325F74 
 2331      00
 2332              	.LASF65:
 2333 02f5 725F7175 		.ascii	"r_queue\000"
 2333      65756500 
 2334              	.LASF60:
 2335 02fd 41465352 		.ascii	"AFSR\000"
 2335      00
 2336              	.LASF62:
 2337 0302 756E7573 		.ascii	"unused1\000"
 2337      65643100 
 2338              	.LASF81:
 2339 030a 63686172 		.ascii	"char\000"
 2339      00
 2340              	.LASF47:
 2341 030f 494F5245 		.ascii	"IOREG32\000"
 2341      47333200 
 2342              	.LASF93:
 2343 0317 2E2E2F2E 		.ascii	"../../os/ports/GCC/ARMCMx/chcore_v7m.c\000"
 2343      2E2F6F73 
 2343      2F706F72 
 2343      74732F47 
 2343      43432F41 
 2344              	.LASF76:
 2345 033e 6D5F6E65 		.ascii	"m_next\000"
 2345      787400
 2346              	.LASF18:
 2347 0345 73797374 		.ascii	"systime_t\000"
 2347      696D655F 
 2347      7400
 2348              	.LASF37:
 2349 034f 705F7265 		.ascii	"p_realprio\000"
 2349      616C7072 
 2349      696F00
 2350              	.LASF83:
 2351 035a 53564361 		.ascii	"SVCallVector\000"
 2351      6C6C5665 
ARM GAS  /var/folders/dt/0wfd0knj7gs46m8vwfzktm600000gn/T//ccftso6a.s 			page 45


 2351      63746F72 
 2351      00
 2352              	.LASF70:
 2353 0367 725F7072 		.ascii	"r_preempt\000"
 2353      65656D70 
 2353      7400
 2354              	.LASF31:
 2355 0371 705F7469 		.ascii	"p_time\000"
 2355      6D6500
 2356              	.LASF53:
 2357 0378 53485052 		.ascii	"SHPR\000"
 2357      00
 2358              	.LASF45:
 2359 037d 696E7463 		.ascii	"intctx\000"
 2359      747800
 2360              	.LASF33:
 2361 0384 705F6D73 		.ascii	"p_msgqueue\000"
 2361      67717565 
 2361      756500
 2362              	.LASF30:
 2363 038f 705F7265 		.ascii	"p_refs\000"
 2363      667300
 2364              	.LASF72:
 2365 0396 52656164 		.ascii	"ReadyList\000"
 2365      794C6973 
 2365      7400
 2366              	.LASF61:
 2367 03a0 4D4D4652 		.ascii	"MMFR\000"
 2367      00
 2368              	.LASF95:
 2369 03a5 726C6973 		.ascii	"rlist\000"
 2369      7400
 2370              	.LASF5:
 2371 03ab 75696E74 		.ascii	"uint8_t\000"
 2371      385F7400 
 2372              	.LASF85:
 2373 03b3 5F706F72 		.ascii	"_port_init\000"
 2373      745F696E 
 2373      697400
 2374              	.LASF79:
 2375 03be 77746F62 		.ascii	"wtobjp\000"
 2375      6A7000
 2376              	.LASF27:
 2377 03c5 705F6E61 		.ascii	"p_name\000"
 2377      6D6500
 2378              	.LASF63:
 2379 03cc 43504143 		.ascii	"CPACR\000"
 2379      5200
 2380              	.LASF56:
 2381 03d2 48465352 		.ascii	"HFSR\000"
 2381      00
 2382              	.LASF75:
 2383 03d7 6D5F6F77 		.ascii	"m_owner\000"
 2383      6E657200 
 2384              	.LASF24:
 2385 03df 705F6374 		.ascii	"p_ctx\000"
 2385      7800
ARM GAS  /var/folders/dt/0wfd0knj7gs46m8vwfzktm600000gn/T//ccftso6a.s 			page 46


 2386              	.LASF32:
 2387 03e5 705F7761 		.ascii	"p_waiting\000"
 2387      6974696E 
 2387      6700
 2388              		.ident	"GCC: (GNU) 4.7.2"
ARM GAS  /var/folders/dt/0wfd0knj7gs46m8vwfzktm600000gn/T//ccftso6a.s 			page 47


DEFINED SYMBOLS
                            *ABS*:0000000000000000 chcore_v7m.c
/var/folders/dt/0wfd0knj7gs46m8vwfzktm600000gn/T//ccftso6a.s:19     .text._port_switch_from_isr:0000000000000000 $t
/var/folders/dt/0wfd0knj7gs46m8vwfzktm600000gn/T//ccftso6a.s:25     .text._port_switch_from_isr:0000000000000000 _port_switch_from_isr
/var/folders/dt/0wfd0knj7gs46m8vwfzktm600000gn/T//ccftso6a.s:38     .text._port_switch_from_isr:0000000000000004 _port_exit_from_isr
/var/folders/dt/0wfd0knj7gs46m8vwfzktm600000gn/T//ccftso6a.s:50     .text.SVCallVector:0000000000000000 $t
/var/folders/dt/0wfd0knj7gs46m8vwfzktm600000gn/T//ccftso6a.s:56     .text.SVCallVector:0000000000000000 SVCallVector
/var/folders/dt/0wfd0knj7gs46m8vwfzktm600000gn/T//ccftso6a.s:92     .text._port_init:0000000000000000 $t
/var/folders/dt/0wfd0knj7gs46m8vwfzktm600000gn/T//ccftso6a.s:98     .text._port_init:0000000000000000 _port_init
/var/folders/dt/0wfd0knj7gs46m8vwfzktm600000gn/T//ccftso6a.s:144    .text._port_irq_epilogue:0000000000000000 $t
/var/folders/dt/0wfd0knj7gs46m8vwfzktm600000gn/T//ccftso6a.s:150    .text._port_irq_epilogue:0000000000000000 _port_irq_epilogue
/var/folders/dt/0wfd0knj7gs46m8vwfzktm600000gn/T//ccftso6a.s:249    .text._port_irq_epilogue:000000000000006c $d
/var/folders/dt/0wfd0knj7gs46m8vwfzktm600000gn/T//ccftso6a.s:257    .text.SysTickVector:0000000000000000 $t
/var/folders/dt/0wfd0knj7gs46m8vwfzktm600000gn/T//ccftso6a.s:263    .text.SysTickVector:0000000000000000 SysTickVector
/var/folders/dt/0wfd0knj7gs46m8vwfzktm600000gn/T//ccftso6a.s:306    .text._port_switch:0000000000000000 $t
/var/folders/dt/0wfd0knj7gs46m8vwfzktm600000gn/T//ccftso6a.s:312    .text._port_switch:0000000000000000 _port_switch
/var/folders/dt/0wfd0knj7gs46m8vwfzktm600000gn/T//ccftso6a.s:339    .text._port_thread_start:0000000000000000 $t
/var/folders/dt/0wfd0knj7gs46m8vwfzktm600000gn/T//ccftso6a.s:345    .text._port_thread_start:0000000000000000 _port_thread_start
                     .debug_frame:0000000000000010 $d
/var/folders/dt/0wfd0knj7gs46m8vwfzktm600000gn/T//ccftso6a.s:256    .text._port_irq_epilogue:0000000000000078 $t

UNDEFINED SYMBOLS
chSchDoReschedule
nvicSetSystemHandlerPriority
rlist
chSysTimerHandlerI
chThdExit
