ARM GAS  /var/folders/dt/0wfd0knj7gs46m8vwfzktm600000gn/T//ccEV8xtG.s 			page 1


   1              		.syntax unified
   2              		.cpu cortex-m3
   3              		.fpu softvfp
   4              		.eabi_attribute 20, 1
   5              		.eabi_attribute 21, 1
   6              		.eabi_attribute 23, 3
   7              		.eabi_attribute 24, 1
   8              		.eabi_attribute 25, 1
   9              		.eabi_attribute 26, 1
  10              		.eabi_attribute 30, 2
  11              		.eabi_attribute 34, 1
  12              		.eabi_attribute 18, 4
  13              		.thumb
  14              		.file	"chmempools.c"
  15              		.text
  16              	.Ltext0:
  17              		.cfi_sections	.debug_frame
  18              		.section	.text.chPoolInit,"ax",%progbits
  19              		.align	2
  20              		.p2align 4,,15
  21              		.global	chPoolInit
  22              		.thumb
  23              		.thumb_func
  24              		.type	chPoolInit, %function
  25              	chPoolInit:
  26              	.LFB7:
  27              		.file 1 "../../os/kernel/src/chmempools.c"
  28              		.loc 1 61 0
  29              		.cfi_startproc
  30              		@ args = 0, pretend = 0, frame = 0
  31              		@ frame_needed = 0, uses_anonymous_args = 0
  32              		@ link register save eliminated.
  33              	.LVL0:
  34              		.loc 1 66 0
  35 0000 0731     		adds	r1, r1, #7
  36              	.LVL1:
  37 0002 21F00701 		bic	r1, r1, #7
  38              	.LVL2:
  39              		.loc 1 65 0
  40 0006 0023     		movs	r3, #0
  41 0008 0360     		str	r3, [r0, #0]
  42              		.loc 1 66 0
  43 000a 4160     		str	r1, [r0, #4]
  44              		.loc 1 67 0
  45 000c 8260     		str	r2, [r0, #8]
  46 000e 7047     		bx	lr
  47              		.cfi_endproc
  48              	.LFE7:
  49              		.size	chPoolInit, .-chPoolInit
  50              		.section	.text.chPoolAllocI,"ax",%progbits
  51              		.align	2
  52              		.p2align 4,,15
  53              		.global	chPoolAllocI
  54              		.thumb
  55              		.thumb_func
  56              		.type	chPoolAllocI, %function
  57              	chPoolAllocI:
ARM GAS  /var/folders/dt/0wfd0knj7gs46m8vwfzktm600000gn/T//ccEV8xtG.s 			page 2


  58              	.LFB8:
  59              		.loc 1 79 0
  60              		.cfi_startproc
  61              		@ args = 0, pretend = 0, frame = 0
  62              		@ frame_needed = 0, uses_anonymous_args = 0
  63              	.LVL3:
  64 0000 08B5     		push	{r3, lr}
  65              	.LCFI0:
  66              		.cfi_def_cfa_offset 8
  67              		.cfi_offset 3, -8
  68              		.cfi_offset 14, -4
  69              		.loc 1 79 0
  70 0002 0346     		mov	r3, r0
  71              		.loc 1 85 0
  72 0004 0068     		ldr	r0, [r0, #0]
  73              	.LVL4:
  74 0006 10B1     		cbz	r0, .L3
  75              		.loc 1 86 0
  76 0008 0268     		ldr	r2, [r0, #0]
  77 000a 1A60     		str	r2, [r3, #0]
  78 000c 08BD     		pop	{r3, pc}
  79              	.L3:
  80              		.loc 1 87 0
  81 000e 9A68     		ldr	r2, [r3, #8]
  82 0010 0AB1     		cbz	r2, .L4
  83              		.loc 1 88 0
  84 0012 5868     		ldr	r0, [r3, #4]
  85              	.LVL5:
  86 0014 9047     		blx	r2
  87              	.LVL6:
  88              	.L4:
  89              		.loc 1 90 0
  90 0016 08BD     		pop	{r3, pc}
  91              		.cfi_endproc
  92              	.LFE8:
  93              		.size	chPoolAllocI, .-chPoolAllocI
  94 0018 AFF30080 		.section	.text.chPoolAlloc,"ax",%progbits
  94      AFF30080 
  95              		.align	2
  96              		.p2align 4,,15
  97              		.global	chPoolAlloc
  98              		.thumb
  99              		.thumb_func
 100              		.type	chPoolAlloc, %function
 101              	chPoolAlloc:
 102              	.LFB9:
 103              		.loc 1 101 0
 104              		.cfi_startproc
 105              		@ args = 0, pretend = 0, frame = 0
 106              		@ frame_needed = 0, uses_anonymous_args = 0
 107              	.LVL7:
 108 0000 08B5     		push	{r3, lr}
 109              	.LCFI1:
 110              		.cfi_def_cfa_offset 8
 111              		.cfi_offset 3, -8
 112              		.cfi_offset 14, -4
 113              		.loc 1 101 0
ARM GAS  /var/folders/dt/0wfd0knj7gs46m8vwfzktm600000gn/T//ccEV8xtG.s 			page 3


 114 0002 0246     		mov	r2, r0
 115              	.LBB10:
 116              		.loc 1 104 0
 117 0004 2023     		movs	r3, #32
 118              	.LVL8:
 119              	@ 104 "../../os/kernel/src/chmempools.c" 1
 120 0006 83F31188 		msr     BASEPRI, r3
 121              	@ 0 "" 2
 122              	.LVL9:
 123              		.thumb
 124              	.LBE10:
 125              	.LBB11:
 126              	.LBB12:
 127              		.loc 1 85 0
 128 000a 0068     		ldr	r0, [r0, #0]
 129              	.LVL10:
 130 000c 28B1     		cbz	r0, .L10
 131              		.loc 1 86 0
 132 000e 0368     		ldr	r3, [r0, #0]
 133              	.LVL11:
 134 0010 1360     		str	r3, [r2, #0]
 135              	.LVL12:
 136              	.L11:
 137              	.LBE12:
 138              	.LBE11:
 139              	.LBB14:
 140              		.loc 1 106 0
 141 0012 0023     		movs	r3, #0
 142              	.LVL13:
 143              	@ 106 "../../os/kernel/src/chmempools.c" 1
 144 0014 83F31188 		msr     BASEPRI, r3
 145              	@ 0 "" 2
 146              	.LVL14:
 147              		.thumb
 148              	.LBE14:
 149              		.loc 1 108 0
 150 0018 08BD     		pop	{r3, pc}
 151              	.LVL15:
 152              	.L10:
 153              	.LBB15:
 154              	.LBB13:
 155              		.loc 1 87 0
 156 001a 9368     		ldr	r3, [r2, #8]
 157              	.LVL16:
 158 001c 002B     		cmp	r3, #0
 159 001e F8D0     		beq	.L11
 160              		.loc 1 88 0
 161 0020 5068     		ldr	r0, [r2, #4]
 162              	.LVL17:
 163 0022 9847     		blx	r3
 164              	.LVL18:
 165 0024 F5E7     		b	.L11
 166              	.LBE13:
 167              	.LBE15:
 168              		.cfi_endproc
 169              	.LFE9:
 170              		.size	chPoolAlloc, .-chPoolAlloc
ARM GAS  /var/folders/dt/0wfd0knj7gs46m8vwfzktm600000gn/T//ccEV8xtG.s 			page 4


 171              		.section	.text.chPoolFreeI,"ax",%progbits
 172              		.align	2
 173              		.p2align 4,,15
 174              		.global	chPoolFreeI
 175              		.thumb
 176              		.thumb_func
 177              		.type	chPoolFreeI, %function
 178              	chPoolFreeI:
 179              	.LFB10:
 180              		.loc 1 122 0
 181              		.cfi_startproc
 182              		@ args = 0, pretend = 0, frame = 0
 183              		@ frame_needed = 0, uses_anonymous_args = 0
 184              		@ link register save eliminated.
 185              	.LVL19:
 186              		.loc 1 129 0
 187 0000 0368     		ldr	r3, [r0, #0]
 188              	.LVL20:
 189 0002 0B60     		str	r3, [r1, #0]
 190              		.loc 1 130 0
 191 0004 0160     		str	r1, [r0, #0]
 192 0006 7047     		bx	lr
 193              		.cfi_endproc
 194              	.LFE10:
 195              		.size	chPoolFreeI, .-chPoolFreeI
 196 0008 AFF30080 		.section	.text.chPoolFree,"ax",%progbits
 196      AFF30080 
 197              		.align	2
 198              		.p2align 4,,15
 199              		.global	chPoolFree
 200              		.thumb
 201              		.thumb_func
 202              		.type	chPoolFree, %function
 203              	chPoolFree:
 204              	.LFB11:
 205              		.loc 1 145 0
 206              		.cfi_startproc
 207              		@ args = 0, pretend = 0, frame = 0
 208              		@ frame_needed = 0, uses_anonymous_args = 0
 209              		@ link register save eliminated.
 210              	.LVL21:
 211              	.LBB16:
 212              		.loc 1 147 0
 213 0000 2023     		movs	r3, #32
 214              	.LVL22:
 215              	@ 147 "../../os/kernel/src/chmempools.c" 1
 216 0002 83F31188 		msr     BASEPRI, r3
 217              	@ 0 "" 2
 218              	.LVL23:
 219              		.thumb
 220              	.LBE16:
 221              	.LBB17:
 222              	.LBB18:
 223              		.loc 1 129 0
 224 0006 0268     		ldr	r2, [r0, #0]
 225              	.LBE18:
 226              	.LBE17:
ARM GAS  /var/folders/dt/0wfd0knj7gs46m8vwfzktm600000gn/T//ccEV8xtG.s 			page 5


 227              	.LBB20:
 228              		.loc 1 149 0
 229 0008 0023     		movs	r3, #0
 230              	.LVL24:
 231              	.LBE20:
 232              	.LBB21:
 233              	.LBB19:
 234              		.loc 1 129 0
 235 000a 0A60     		str	r2, [r1, #0]
 236              		.loc 1 130 0
 237 000c 0160     		str	r1, [r0, #0]
 238              	.LBE19:
 239              	.LBE21:
 240              	.LBB22:
 241              		.loc 1 149 0
 242              	@ 149 "../../os/kernel/src/chmempools.c" 1
 243 000e 83F31188 		msr     BASEPRI, r3
 244              	@ 0 "" 2
 245              	.LVL25:
 246              		.thumb
 247 0012 7047     		bx	lr
 248              	.LBE22:
 249              		.cfi_endproc
 250              	.LFE11:
 251              		.size	chPoolFree, .-chPoolFree
 252 0014 AFF30080 		.text
 252      AFF30080 
 252      AFF30080 
 253              	.Letext0:
 254              		.file 2 "/Users/toxygen/Applications/yagarto-4.7.2/bin/../lib/gcc/arm-none-eabi/4.7.2/include/stdd
 255              		.file 3 "/Users/toxygen/Applications/yagarto-4.7.2/bin/../lib/gcc/arm-none-eabi/4.7.2/../../../../
 256              		.file 4 "../../os/kernel/include/chmemcore.h"
 257              		.file 5 "../../os/kernel/include/chmempools.h"
 258              		.section	.debug_info,"",%progbits
 259              	.Ldebug_info0:
 260 0000 31030000 		.4byte	0x331
 261 0004 0200     		.2byte	0x2
 262 0006 00000000 		.4byte	.Ldebug_abbrev0
 263 000a 04       		.byte	0x4
 264 000b 01       		.uleb128 0x1
 265 000c 00010000 		.4byte	.LASF22
 266 0010 01       		.byte	0x1
 267 0011 61000000 		.4byte	.LASF23
 268 0015 3B010000 		.4byte	.LASF24
 269 0019 78000000 		.4byte	.Ldebug_ranges0+0x78
 270 001d 00000000 		.4byte	0
 271 0021 00000000 		.4byte	0
 272 0025 00000000 		.4byte	.Ldebug_line0
 273 0029 02       		.uleb128 0x2
 274 002a 04       		.byte	0x4
 275 002b 05       		.byte	0x5
 276 002c 696E7400 		.ascii	"int\000"
 277 0030 03       		.uleb128 0x3
 278 0031 00000000 		.4byte	.LASF6
 279 0035 02       		.byte	0x2
 280 0036 D5       		.byte	0xd5
 281 0037 3B000000 		.4byte	0x3b
ARM GAS  /var/folders/dt/0wfd0knj7gs46m8vwfzktm600000gn/T//ccEV8xtG.s 			page 6


 282 003b 04       		.uleb128 0x4
 283 003c 04       		.byte	0x4
 284 003d 07       		.byte	0x7
 285 003e B8000000 		.4byte	.LASF0
 286 0042 04       		.uleb128 0x4
 287 0043 01       		.byte	0x1
 288 0044 06       		.byte	0x6
 289 0045 A0010000 		.4byte	.LASF1
 290 0049 04       		.uleb128 0x4
 291 004a 01       		.byte	0x1
 292 004b 08       		.byte	0x8
 293 004c 82000000 		.4byte	.LASF2
 294 0050 04       		.uleb128 0x4
 295 0051 02       		.byte	0x2
 296 0052 05       		.byte	0x5
 297 0053 25010000 		.4byte	.LASF3
 298 0057 04       		.uleb128 0x4
 299 0058 02       		.byte	0x2
 300 0059 07       		.byte	0x7
 301 005a 39000000 		.4byte	.LASF4
 302 005e 04       		.uleb128 0x4
 303 005f 04       		.byte	0x4
 304 0060 05       		.byte	0x5
 305 0061 97010000 		.4byte	.LASF5
 306 0065 03       		.uleb128 0x3
 307 0066 8E010000 		.4byte	.LASF7
 308 006a 03       		.byte	0x3
 309 006b 50       		.byte	0x50
 310 006c 70000000 		.4byte	0x70
 311 0070 04       		.uleb128 0x4
 312 0071 04       		.byte	0x4
 313 0072 07       		.byte	0x7
 314 0073 27000000 		.4byte	.LASF8
 315 0077 04       		.uleb128 0x4
 316 0078 08       		.byte	0x8
 317 0079 05       		.byte	0x5
 318 007a ED000000 		.4byte	.LASF9
 319 007e 04       		.uleb128 0x4
 320 007f 08       		.byte	0x8
 321 0080 07       		.byte	0x7
 322 0081 C5000000 		.4byte	.LASF10
 323 0085 05       		.uleb128 0x5
 324 0086 04       		.byte	0x4
 325 0087 04       		.uleb128 0x4
 326 0088 04       		.byte	0x4
 327 0089 07       		.byte	0x7
 328 008a E4000000 		.4byte	.LASF11
 329 008e 03       		.uleb128 0x3
 330 008f 0C010000 		.4byte	.LASF12
 331 0093 04       		.byte	0x4
 332 0094 2C       		.byte	0x2c
 333 0095 99000000 		.4byte	0x99
 334 0099 06       		.uleb128 0x6
 335 009a 04       		.byte	0x4
 336 009b 9F000000 		.4byte	0x9f
 337 009f 07       		.uleb128 0x7
 338 00a0 01       		.byte	0x1
ARM GAS  /var/folders/dt/0wfd0knj7gs46m8vwfzktm600000gn/T//ccEV8xtG.s 			page 7


 339 00a1 85000000 		.4byte	0x85
 340 00a5 AF000000 		.4byte	0xaf
 341 00a9 08       		.uleb128 0x8
 342 00aa 30000000 		.4byte	0x30
 343 00ae 00       		.byte	0
 344 00af 09       		.uleb128 0x9
 345 00b0 16000000 		.4byte	.LASF25
 346 00b4 04       		.byte	0x4
 347 00b5 05       		.byte	0x5
 348 00b6 2C       		.byte	0x2c
 349 00b7 CA000000 		.4byte	0xca
 350 00bb 0A       		.uleb128 0xa
 351 00bc DC000000 		.4byte	.LASF13
 352 00c0 05       		.byte	0x5
 353 00c1 2D       		.byte	0x2d
 354 00c2 CA000000 		.4byte	0xca
 355 00c6 02       		.byte	0x2
 356 00c7 23       		.byte	0x23
 357 00c8 00       		.uleb128 0
 358 00c9 00       		.byte	0
 359 00ca 06       		.uleb128 0x6
 360 00cb 04       		.byte	0x4
 361 00cc AF000000 		.4byte	0xaf
 362 00d0 0B       		.uleb128 0xb
 363 00d1 0C       		.byte	0xc
 364 00d2 05       		.byte	0x5
 365 00d3 34       		.byte	0x34
 366 00d4 03010000 		.4byte	0x103
 367 00d8 0A       		.uleb128 0xa
 368 00d9 AC010000 		.4byte	.LASF14
 369 00dd 05       		.byte	0x5
 370 00de 35       		.byte	0x35
 371 00df CA000000 		.4byte	0xca
 372 00e3 02       		.byte	0x2
 373 00e4 23       		.byte	0x23
 374 00e5 00       		.uleb128 0
 375 00e6 0A       		.uleb128 0xa
 376 00e7 07000000 		.4byte	.LASF15
 377 00eb 05       		.byte	0x5
 378 00ec 36       		.byte	0x36
 379 00ed 30000000 		.4byte	0x30
 380 00f1 02       		.byte	0x2
 381 00f2 23       		.byte	0x23
 382 00f3 04       		.uleb128 0x4
 383 00f4 0A       		.uleb128 0xa
 384 00f5 19010000 		.4byte	.LASF16
 385 00f9 05       		.byte	0x5
 386 00fa 38       		.byte	0x38
 387 00fb 8E000000 		.4byte	0x8e
 388 00ff 02       		.byte	0x2
 389 0100 23       		.byte	0x23
 390 0101 08       		.uleb128 0x8
 391 0102 00       		.byte	0
 392 0103 03       		.uleb128 0x3
 393 0104 9B000000 		.4byte	.LASF17
 394 0108 05       		.byte	0x5
 395 0109 3A       		.byte	0x3a
ARM GAS  /var/folders/dt/0wfd0knj7gs46m8vwfzktm600000gn/T//ccEV8xtG.s 			page 8


 396 010a D0000000 		.4byte	0xd0
 397 010e 04       		.uleb128 0x4
 398 010f 01       		.byte	0x1
 399 0110 08       		.byte	0x8
 400 0111 FB000000 		.4byte	.LASF18
 401 0115 0C       		.uleb128 0xc
 402 0116 01       		.byte	0x1
 403 0117 AB000000 		.4byte	.LASF26
 404 011b 01       		.byte	0x1
 405 011c 4F       		.byte	0x4f
 406 011d 01       		.byte	0x1
 407 011e 85000000 		.4byte	0x85
 408 0122 01       		.byte	0x1
 409 0123 3D010000 		.4byte	0x13d
 410 0127 0D       		.uleb128 0xd
 411 0128 6D7000   		.ascii	"mp\000"
 412 012b 01       		.byte	0x1
 413 012c 4F       		.byte	0x4f
 414 012d 3D010000 		.4byte	0x13d
 415 0131 0E       		.uleb128 0xe
 416 0132 A6000000 		.4byte	.LASF19
 417 0136 01       		.byte	0x1
 418 0137 50       		.byte	0x50
 419 0138 85000000 		.4byte	0x85
 420 013c 00       		.byte	0
 421 013d 06       		.uleb128 0x6
 422 013e 04       		.byte	0x4
 423 013f 03010000 		.4byte	0x103
 424 0143 0F       		.uleb128 0xf
 425 0144 01       		.byte	0x1
 426 0145 55000000 		.4byte	.LASF27
 427 0149 01       		.byte	0x1
 428 014a 7A       		.byte	0x7a
 429 014b 01       		.byte	0x1
 430 014c 01       		.byte	0x1
 431 014d 72010000 		.4byte	0x172
 432 0151 0D       		.uleb128 0xd
 433 0152 6D7000   		.ascii	"mp\000"
 434 0155 01       		.byte	0x1
 435 0156 7A       		.byte	0x7a
 436 0157 3D010000 		.4byte	0x13d
 437 015b 10       		.uleb128 0x10
 438 015c A6000000 		.4byte	.LASF19
 439 0160 01       		.byte	0x1
 440 0161 7A       		.byte	0x7a
 441 0162 85000000 		.4byte	0x85
 442 0166 11       		.uleb128 0x11
 443 0167 70687000 		.ascii	"php\000"
 444 016b 01       		.byte	0x1
 445 016c 7B       		.byte	0x7b
 446 016d CA000000 		.4byte	0xca
 447 0171 00       		.byte	0
 448 0172 12       		.uleb128 0x12
 449 0173 01       		.byte	0x1
 450 0174 B4010000 		.4byte	.LASF28
 451 0178 01       		.byte	0x1
 452 0179 3D       		.byte	0x3d
ARM GAS  /var/folders/dt/0wfd0knj7gs46m8vwfzktm600000gn/T//ccEV8xtG.s 			page 9


 453 017a 01       		.byte	0x1
 454 017b 00000000 		.4byte	.LFB7
 455 017f 10000000 		.4byte	.LFE7
 456 0183 02       		.byte	0x2
 457 0184 7D       		.byte	0x7d
 458 0185 00       		.sleb128 0
 459 0186 01       		.byte	0x1
 460 0187 B4010000 		.4byte	0x1b4
 461 018b 13       		.uleb128 0x13
 462 018c 6D7000   		.ascii	"mp\000"
 463 018f 01       		.byte	0x1
 464 0190 3D       		.byte	0x3d
 465 0191 3D010000 		.4byte	0x13d
 466 0195 01       		.byte	0x1
 467 0196 50       		.byte	0x50
 468 0197 14       		.uleb128 0x14
 469 0198 22000000 		.4byte	.LASF20
 470 019c 01       		.byte	0x1
 471 019d 3D       		.byte	0x3d
 472 019e 30000000 		.4byte	0x30
 473 01a2 00000000 		.4byte	.LLST0
 474 01a6 15       		.uleb128 0x15
 475 01a7 4C000000 		.4byte	.LASF21
 476 01ab 01       		.byte	0x1
 477 01ac 3D       		.byte	0x3d
 478 01ad 8E000000 		.4byte	0x8e
 479 01b1 01       		.byte	0x1
 480 01b2 52       		.byte	0x52
 481 01b3 00       		.byte	0
 482 01b4 16       		.uleb128 0x16
 483 01b5 15010000 		.4byte	0x115
 484 01b9 00000000 		.4byte	.LFB8
 485 01bd 18000000 		.4byte	.LFE8
 486 01c1 2E000000 		.4byte	.LLST1
 487 01c5 01       		.byte	0x1
 488 01c6 DD010000 		.4byte	0x1dd
 489 01ca 17       		.uleb128 0x17
 490 01cb 27010000 		.4byte	0x127
 491 01cf 4E000000 		.4byte	.LLST2
 492 01d3 18       		.uleb128 0x18
 493 01d4 31010000 		.4byte	0x131
 494 01d8 7A000000 		.4byte	.LLST3
 495 01dc 00       		.byte	0
 496 01dd 19       		.uleb128 0x19
 497 01de 01       		.byte	0x1
 498 01df 2F010000 		.4byte	.LASF29
 499 01e3 01       		.byte	0x1
 500 01e4 65       		.byte	0x65
 501 01e5 01       		.byte	0x1
 502 01e6 85000000 		.4byte	0x85
 503 01ea 00000000 		.4byte	.LFB9
 504 01ee 26000000 		.4byte	.LFE9
 505 01f2 A4000000 		.4byte	.LLST4
 506 01f6 01       		.byte	0x1
 507 01f7 79020000 		.4byte	0x279
 508 01fb 1A       		.uleb128 0x1a
 509 01fc 6D7000   		.ascii	"mp\000"
ARM GAS  /var/folders/dt/0wfd0knj7gs46m8vwfzktm600000gn/T//ccEV8xtG.s 			page 10


 510 01ff 01       		.byte	0x1
 511 0200 65       		.byte	0x65
 512 0201 3D010000 		.4byte	0x13d
 513 0205 C4000000 		.4byte	.LLST5
 514 0209 1B       		.uleb128 0x1b
 515 020a A6000000 		.4byte	.LASF19
 516 020e 01       		.byte	0x1
 517 020f 66       		.byte	0x66
 518 0210 85000000 		.4byte	0x85
 519 0214 01       		.byte	0x1
 520 0215 50       		.byte	0x50
 521 0216 1C       		.uleb128 0x1c
 522 0217 04000000 		.4byte	.LBB10
 523 021b 0A000000 		.4byte	.LBE10
 524 021f 33020000 		.4byte	0x233
 525 0223 1D       		.uleb128 0x1d
 526 0224 746D7000 		.ascii	"tmp\000"
 527 0228 01       		.byte	0x1
 528 0229 68       		.byte	0x68
 529 022a 65000000 		.4byte	0x65
 530 022e 09010000 		.4byte	.LLST6
 531 0232 00       		.byte	0
 532 0233 1E       		.uleb128 0x1e
 533 0234 15010000 		.4byte	0x115
 534 0238 0A000000 		.4byte	.LBB11
 535 023c 00000000 		.4byte	.Ldebug_ranges0+0
 536 0240 01       		.byte	0x1
 537 0241 69       		.byte	0x69
 538 0242 5F020000 		.4byte	0x25f
 539 0246 17       		.uleb128 0x17
 540 0247 27010000 		.4byte	0x127
 541 024b 27010000 		.4byte	.LLST7
 542 024f 1F       		.uleb128 0x1f
 543 0250 18000000 		.4byte	.Ldebug_ranges0+0x18
 544 0254 18       		.uleb128 0x18
 545 0255 31010000 		.4byte	0x131
 546 0259 6C010000 		.4byte	.LLST8
 547 025d 00       		.byte	0
 548 025e 00       		.byte	0
 549 025f 20       		.uleb128 0x20
 550 0260 12000000 		.4byte	.LBB14
 551 0264 18000000 		.4byte	.LBE14
 552 0268 1D       		.uleb128 0x1d
 553 0269 746D7000 		.ascii	"tmp\000"
 554 026d 01       		.byte	0x1
 555 026e 6A       		.byte	0x6a
 556 026f 65000000 		.4byte	0x65
 557 0273 96010000 		.4byte	.LLST9
 558 0277 00       		.byte	0
 559 0278 00       		.byte	0
 560 0279 21       		.uleb128 0x21
 561 027a 43010000 		.4byte	0x143
 562 027e 00000000 		.4byte	.LFB10
 563 0282 08000000 		.4byte	.LFE10
 564 0286 02       		.byte	0x2
 565 0287 7D       		.byte	0x7d
 566 0288 00       		.sleb128 0
ARM GAS  /var/folders/dt/0wfd0knj7gs46m8vwfzktm600000gn/T//ccEV8xtG.s 			page 11


 567 0289 01       		.byte	0x1
 568 028a A4020000 		.4byte	0x2a4
 569 028e 22       		.uleb128 0x22
 570 028f 51010000 		.4byte	0x151
 571 0293 01       		.byte	0x1
 572 0294 50       		.byte	0x50
 573 0295 22       		.uleb128 0x22
 574 0296 5B010000 		.4byte	0x15b
 575 029a 01       		.byte	0x1
 576 029b 51       		.byte	0x51
 577 029c 23       		.uleb128 0x23
 578 029d 66010000 		.4byte	0x166
 579 02a1 01       		.byte	0x1
 580 02a2 51       		.byte	0x51
 581 02a3 00       		.byte	0
 582 02a4 24       		.uleb128 0x24
 583 02a5 01       		.byte	0x1
 584 02a6 90000000 		.4byte	.LASF30
 585 02aa 01       		.byte	0x1
 586 02ab 91       		.byte	0x91
 587 02ac 01       		.byte	0x1
 588 02ad 00000000 		.4byte	.LFB11
 589 02b1 14000000 		.4byte	.LFE11
 590 02b5 02       		.byte	0x2
 591 02b6 7D       		.byte	0x7d
 592 02b7 00       		.sleb128 0
 593 02b8 01       		.byte	0x1
 594 02b9 13       		.uleb128 0x13
 595 02ba 6D7000   		.ascii	"mp\000"
 596 02bd 01       		.byte	0x1
 597 02be 91       		.byte	0x91
 598 02bf 3D010000 		.4byte	0x13d
 599 02c3 01       		.byte	0x1
 600 02c4 50       		.byte	0x50
 601 02c5 15       		.uleb128 0x15
 602 02c6 A6000000 		.4byte	.LASF19
 603 02ca 01       		.byte	0x1
 604 02cb 91       		.byte	0x91
 605 02cc 85000000 		.4byte	0x85
 606 02d0 01       		.byte	0x1
 607 02d1 51       		.byte	0x51
 608 02d2 1C       		.uleb128 0x1c
 609 02d3 00000000 		.4byte	.LBB16
 610 02d7 06000000 		.4byte	.LBE16
 611 02db EF020000 		.4byte	0x2ef
 612 02df 1D       		.uleb128 0x1d
 613 02e0 746D7000 		.ascii	"tmp\000"
 614 02e4 01       		.byte	0x1
 615 02e5 93       		.byte	0x93
 616 02e6 65000000 		.4byte	0x65
 617 02ea A9010000 		.4byte	.LLST10
 618 02ee 00       		.byte	0
 619 02ef 1E       		.uleb128 0x1e
 620 02f0 43010000 		.4byte	0x143
 621 02f4 06000000 		.4byte	.LBB17
 622 02f8 30000000 		.4byte	.Ldebug_ranges0+0x30
 623 02fc 01       		.byte	0x1
ARM GAS  /var/folders/dt/0wfd0knj7gs46m8vwfzktm600000gn/T//ccEV8xtG.s 			page 12


 624 02fd 94       		.byte	0x94
 625 02fe 1E030000 		.4byte	0x31e
 626 0302 22       		.uleb128 0x22
 627 0303 5B010000 		.4byte	0x15b
 628 0307 01       		.byte	0x1
 629 0308 51       		.byte	0x51
 630 0309 22       		.uleb128 0x22
 631 030a 51010000 		.4byte	0x151
 632 030e 01       		.byte	0x1
 633 030f 50       		.byte	0x50
 634 0310 1F       		.uleb128 0x1f
 635 0311 48000000 		.4byte	.Ldebug_ranges0+0x48
 636 0315 23       		.uleb128 0x23
 637 0316 66010000 		.4byte	0x166
 638 031a 01       		.byte	0x1
 639 031b 51       		.byte	0x51
 640 031c 00       		.byte	0
 641 031d 00       		.byte	0
 642 031e 1F       		.uleb128 0x1f
 643 031f 60000000 		.4byte	.Ldebug_ranges0+0x60
 644 0323 1D       		.uleb128 0x1d
 645 0324 746D7000 		.ascii	"tmp\000"
 646 0328 01       		.byte	0x1
 647 0329 95       		.byte	0x95
 648 032a 65000000 		.4byte	0x65
 649 032e BC010000 		.4byte	.LLST11
 650 0332 00       		.byte	0
 651 0333 00       		.byte	0
 652 0334 00       		.byte	0
 653              		.section	.debug_abbrev,"",%progbits
 654              	.Ldebug_abbrev0:
 655 0000 01       		.uleb128 0x1
 656 0001 11       		.uleb128 0x11
 657 0002 01       		.byte	0x1
 658 0003 25       		.uleb128 0x25
 659 0004 0E       		.uleb128 0xe
 660 0005 13       		.uleb128 0x13
 661 0006 0B       		.uleb128 0xb
 662 0007 03       		.uleb128 0x3
 663 0008 0E       		.uleb128 0xe
 664 0009 1B       		.uleb128 0x1b
 665 000a 0E       		.uleb128 0xe
 666 000b 55       		.uleb128 0x55
 667 000c 06       		.uleb128 0x6
 668 000d 11       		.uleb128 0x11
 669 000e 01       		.uleb128 0x1
 670 000f 52       		.uleb128 0x52
 671 0010 01       		.uleb128 0x1
 672 0011 10       		.uleb128 0x10
 673 0012 06       		.uleb128 0x6
 674 0013 00       		.byte	0
 675 0014 00       		.byte	0
 676 0015 02       		.uleb128 0x2
 677 0016 24       		.uleb128 0x24
 678 0017 00       		.byte	0
 679 0018 0B       		.uleb128 0xb
 680 0019 0B       		.uleb128 0xb
ARM GAS  /var/folders/dt/0wfd0knj7gs46m8vwfzktm600000gn/T//ccEV8xtG.s 			page 13


 681 001a 3E       		.uleb128 0x3e
 682 001b 0B       		.uleb128 0xb
 683 001c 03       		.uleb128 0x3
 684 001d 08       		.uleb128 0x8
 685 001e 00       		.byte	0
 686 001f 00       		.byte	0
 687 0020 03       		.uleb128 0x3
 688 0021 16       		.uleb128 0x16
 689 0022 00       		.byte	0
 690 0023 03       		.uleb128 0x3
 691 0024 0E       		.uleb128 0xe
 692 0025 3A       		.uleb128 0x3a
 693 0026 0B       		.uleb128 0xb
 694 0027 3B       		.uleb128 0x3b
 695 0028 0B       		.uleb128 0xb
 696 0029 49       		.uleb128 0x49
 697 002a 13       		.uleb128 0x13
 698 002b 00       		.byte	0
 699 002c 00       		.byte	0
 700 002d 04       		.uleb128 0x4
 701 002e 24       		.uleb128 0x24
 702 002f 00       		.byte	0
 703 0030 0B       		.uleb128 0xb
 704 0031 0B       		.uleb128 0xb
 705 0032 3E       		.uleb128 0x3e
 706 0033 0B       		.uleb128 0xb
 707 0034 03       		.uleb128 0x3
 708 0035 0E       		.uleb128 0xe
 709 0036 00       		.byte	0
 710 0037 00       		.byte	0
 711 0038 05       		.uleb128 0x5
 712 0039 0F       		.uleb128 0xf
 713 003a 00       		.byte	0
 714 003b 0B       		.uleb128 0xb
 715 003c 0B       		.uleb128 0xb
 716 003d 00       		.byte	0
 717 003e 00       		.byte	0
 718 003f 06       		.uleb128 0x6
 719 0040 0F       		.uleb128 0xf
 720 0041 00       		.byte	0
 721 0042 0B       		.uleb128 0xb
 722 0043 0B       		.uleb128 0xb
 723 0044 49       		.uleb128 0x49
 724 0045 13       		.uleb128 0x13
 725 0046 00       		.byte	0
 726 0047 00       		.byte	0
 727 0048 07       		.uleb128 0x7
 728 0049 15       		.uleb128 0x15
 729 004a 01       		.byte	0x1
 730 004b 27       		.uleb128 0x27
 731 004c 0C       		.uleb128 0xc
 732 004d 49       		.uleb128 0x49
 733 004e 13       		.uleb128 0x13
 734 004f 01       		.uleb128 0x1
 735 0050 13       		.uleb128 0x13
 736 0051 00       		.byte	0
 737 0052 00       		.byte	0
ARM GAS  /var/folders/dt/0wfd0knj7gs46m8vwfzktm600000gn/T//ccEV8xtG.s 			page 14


 738 0053 08       		.uleb128 0x8
 739 0054 05       		.uleb128 0x5
 740 0055 00       		.byte	0
 741 0056 49       		.uleb128 0x49
 742 0057 13       		.uleb128 0x13
 743 0058 00       		.byte	0
 744 0059 00       		.byte	0
 745 005a 09       		.uleb128 0x9
 746 005b 13       		.uleb128 0x13
 747 005c 01       		.byte	0x1
 748 005d 03       		.uleb128 0x3
 749 005e 0E       		.uleb128 0xe
 750 005f 0B       		.uleb128 0xb
 751 0060 0B       		.uleb128 0xb
 752 0061 3A       		.uleb128 0x3a
 753 0062 0B       		.uleb128 0xb
 754 0063 3B       		.uleb128 0x3b
 755 0064 0B       		.uleb128 0xb
 756 0065 01       		.uleb128 0x1
 757 0066 13       		.uleb128 0x13
 758 0067 00       		.byte	0
 759 0068 00       		.byte	0
 760 0069 0A       		.uleb128 0xa
 761 006a 0D       		.uleb128 0xd
 762 006b 00       		.byte	0
 763 006c 03       		.uleb128 0x3
 764 006d 0E       		.uleb128 0xe
 765 006e 3A       		.uleb128 0x3a
 766 006f 0B       		.uleb128 0xb
 767 0070 3B       		.uleb128 0x3b
 768 0071 0B       		.uleb128 0xb
 769 0072 49       		.uleb128 0x49
 770 0073 13       		.uleb128 0x13
 771 0074 38       		.uleb128 0x38
 772 0075 0A       		.uleb128 0xa
 773 0076 00       		.byte	0
 774 0077 00       		.byte	0
 775 0078 0B       		.uleb128 0xb
 776 0079 13       		.uleb128 0x13
 777 007a 01       		.byte	0x1
 778 007b 0B       		.uleb128 0xb
 779 007c 0B       		.uleb128 0xb
 780 007d 3A       		.uleb128 0x3a
 781 007e 0B       		.uleb128 0xb
 782 007f 3B       		.uleb128 0x3b
 783 0080 0B       		.uleb128 0xb
 784 0081 01       		.uleb128 0x1
 785 0082 13       		.uleb128 0x13
 786 0083 00       		.byte	0
 787 0084 00       		.byte	0
 788 0085 0C       		.uleb128 0xc
 789 0086 2E       		.uleb128 0x2e
 790 0087 01       		.byte	0x1
 791 0088 3F       		.uleb128 0x3f
 792 0089 0C       		.uleb128 0xc
 793 008a 03       		.uleb128 0x3
 794 008b 0E       		.uleb128 0xe
ARM GAS  /var/folders/dt/0wfd0knj7gs46m8vwfzktm600000gn/T//ccEV8xtG.s 			page 15


 795 008c 3A       		.uleb128 0x3a
 796 008d 0B       		.uleb128 0xb
 797 008e 3B       		.uleb128 0x3b
 798 008f 0B       		.uleb128 0xb
 799 0090 27       		.uleb128 0x27
 800 0091 0C       		.uleb128 0xc
 801 0092 49       		.uleb128 0x49
 802 0093 13       		.uleb128 0x13
 803 0094 20       		.uleb128 0x20
 804 0095 0B       		.uleb128 0xb
 805 0096 01       		.uleb128 0x1
 806 0097 13       		.uleb128 0x13
 807 0098 00       		.byte	0
 808 0099 00       		.byte	0
 809 009a 0D       		.uleb128 0xd
 810 009b 05       		.uleb128 0x5
 811 009c 00       		.byte	0
 812 009d 03       		.uleb128 0x3
 813 009e 08       		.uleb128 0x8
 814 009f 3A       		.uleb128 0x3a
 815 00a0 0B       		.uleb128 0xb
 816 00a1 3B       		.uleb128 0x3b
 817 00a2 0B       		.uleb128 0xb
 818 00a3 49       		.uleb128 0x49
 819 00a4 13       		.uleb128 0x13
 820 00a5 00       		.byte	0
 821 00a6 00       		.byte	0
 822 00a7 0E       		.uleb128 0xe
 823 00a8 34       		.uleb128 0x34
 824 00a9 00       		.byte	0
 825 00aa 03       		.uleb128 0x3
 826 00ab 0E       		.uleb128 0xe
 827 00ac 3A       		.uleb128 0x3a
 828 00ad 0B       		.uleb128 0xb
 829 00ae 3B       		.uleb128 0x3b
 830 00af 0B       		.uleb128 0xb
 831 00b0 49       		.uleb128 0x49
 832 00b1 13       		.uleb128 0x13
 833 00b2 00       		.byte	0
 834 00b3 00       		.byte	0
 835 00b4 0F       		.uleb128 0xf
 836 00b5 2E       		.uleb128 0x2e
 837 00b6 01       		.byte	0x1
 838 00b7 3F       		.uleb128 0x3f
 839 00b8 0C       		.uleb128 0xc
 840 00b9 03       		.uleb128 0x3
 841 00ba 0E       		.uleb128 0xe
 842 00bb 3A       		.uleb128 0x3a
 843 00bc 0B       		.uleb128 0xb
 844 00bd 3B       		.uleb128 0x3b
 845 00be 0B       		.uleb128 0xb
 846 00bf 27       		.uleb128 0x27
 847 00c0 0C       		.uleb128 0xc
 848 00c1 20       		.uleb128 0x20
 849 00c2 0B       		.uleb128 0xb
 850 00c3 01       		.uleb128 0x1
 851 00c4 13       		.uleb128 0x13
ARM GAS  /var/folders/dt/0wfd0knj7gs46m8vwfzktm600000gn/T//ccEV8xtG.s 			page 16


 852 00c5 00       		.byte	0
 853 00c6 00       		.byte	0
 854 00c7 10       		.uleb128 0x10
 855 00c8 05       		.uleb128 0x5
 856 00c9 00       		.byte	0
 857 00ca 03       		.uleb128 0x3
 858 00cb 0E       		.uleb128 0xe
 859 00cc 3A       		.uleb128 0x3a
 860 00cd 0B       		.uleb128 0xb
 861 00ce 3B       		.uleb128 0x3b
 862 00cf 0B       		.uleb128 0xb
 863 00d0 49       		.uleb128 0x49
 864 00d1 13       		.uleb128 0x13
 865 00d2 00       		.byte	0
 866 00d3 00       		.byte	0
 867 00d4 11       		.uleb128 0x11
 868 00d5 34       		.uleb128 0x34
 869 00d6 00       		.byte	0
 870 00d7 03       		.uleb128 0x3
 871 00d8 08       		.uleb128 0x8
 872 00d9 3A       		.uleb128 0x3a
 873 00da 0B       		.uleb128 0xb
 874 00db 3B       		.uleb128 0x3b
 875 00dc 0B       		.uleb128 0xb
 876 00dd 49       		.uleb128 0x49
 877 00de 13       		.uleb128 0x13
 878 00df 00       		.byte	0
 879 00e0 00       		.byte	0
 880 00e1 12       		.uleb128 0x12
 881 00e2 2E       		.uleb128 0x2e
 882 00e3 01       		.byte	0x1
 883 00e4 3F       		.uleb128 0x3f
 884 00e5 0C       		.uleb128 0xc
 885 00e6 03       		.uleb128 0x3
 886 00e7 0E       		.uleb128 0xe
 887 00e8 3A       		.uleb128 0x3a
 888 00e9 0B       		.uleb128 0xb
 889 00ea 3B       		.uleb128 0x3b
 890 00eb 0B       		.uleb128 0xb
 891 00ec 27       		.uleb128 0x27
 892 00ed 0C       		.uleb128 0xc
 893 00ee 11       		.uleb128 0x11
 894 00ef 01       		.uleb128 0x1
 895 00f0 12       		.uleb128 0x12
 896 00f1 01       		.uleb128 0x1
 897 00f2 40       		.uleb128 0x40
 898 00f3 0A       		.uleb128 0xa
 899 00f4 9742     		.uleb128 0x2117
 900 00f6 0C       		.uleb128 0xc
 901 00f7 01       		.uleb128 0x1
 902 00f8 13       		.uleb128 0x13
 903 00f9 00       		.byte	0
 904 00fa 00       		.byte	0
 905 00fb 13       		.uleb128 0x13
 906 00fc 05       		.uleb128 0x5
 907 00fd 00       		.byte	0
 908 00fe 03       		.uleb128 0x3
ARM GAS  /var/folders/dt/0wfd0knj7gs46m8vwfzktm600000gn/T//ccEV8xtG.s 			page 17


 909 00ff 08       		.uleb128 0x8
 910 0100 3A       		.uleb128 0x3a
 911 0101 0B       		.uleb128 0xb
 912 0102 3B       		.uleb128 0x3b
 913 0103 0B       		.uleb128 0xb
 914 0104 49       		.uleb128 0x49
 915 0105 13       		.uleb128 0x13
 916 0106 02       		.uleb128 0x2
 917 0107 0A       		.uleb128 0xa
 918 0108 00       		.byte	0
 919 0109 00       		.byte	0
 920 010a 14       		.uleb128 0x14
 921 010b 05       		.uleb128 0x5
 922 010c 00       		.byte	0
 923 010d 03       		.uleb128 0x3
 924 010e 0E       		.uleb128 0xe
 925 010f 3A       		.uleb128 0x3a
 926 0110 0B       		.uleb128 0xb
 927 0111 3B       		.uleb128 0x3b
 928 0112 0B       		.uleb128 0xb
 929 0113 49       		.uleb128 0x49
 930 0114 13       		.uleb128 0x13
 931 0115 02       		.uleb128 0x2
 932 0116 06       		.uleb128 0x6
 933 0117 00       		.byte	0
 934 0118 00       		.byte	0
 935 0119 15       		.uleb128 0x15
 936 011a 05       		.uleb128 0x5
 937 011b 00       		.byte	0
 938 011c 03       		.uleb128 0x3
 939 011d 0E       		.uleb128 0xe
 940 011e 3A       		.uleb128 0x3a
 941 011f 0B       		.uleb128 0xb
 942 0120 3B       		.uleb128 0x3b
 943 0121 0B       		.uleb128 0xb
 944 0122 49       		.uleb128 0x49
 945 0123 13       		.uleb128 0x13
 946 0124 02       		.uleb128 0x2
 947 0125 0A       		.uleb128 0xa
 948 0126 00       		.byte	0
 949 0127 00       		.byte	0
 950 0128 16       		.uleb128 0x16
 951 0129 2E       		.uleb128 0x2e
 952 012a 01       		.byte	0x1
 953 012b 31       		.uleb128 0x31
 954 012c 13       		.uleb128 0x13
 955 012d 11       		.uleb128 0x11
 956 012e 01       		.uleb128 0x1
 957 012f 12       		.uleb128 0x12
 958 0130 01       		.uleb128 0x1
 959 0131 40       		.uleb128 0x40
 960 0132 06       		.uleb128 0x6
 961 0133 9642     		.uleb128 0x2116
 962 0135 0C       		.uleb128 0xc
 963 0136 01       		.uleb128 0x1
 964 0137 13       		.uleb128 0x13
 965 0138 00       		.byte	0
ARM GAS  /var/folders/dt/0wfd0knj7gs46m8vwfzktm600000gn/T//ccEV8xtG.s 			page 18


 966 0139 00       		.byte	0
 967 013a 17       		.uleb128 0x17
 968 013b 05       		.uleb128 0x5
 969 013c 00       		.byte	0
 970 013d 31       		.uleb128 0x31
 971 013e 13       		.uleb128 0x13
 972 013f 02       		.uleb128 0x2
 973 0140 06       		.uleb128 0x6
 974 0141 00       		.byte	0
 975 0142 00       		.byte	0
 976 0143 18       		.uleb128 0x18
 977 0144 34       		.uleb128 0x34
 978 0145 00       		.byte	0
 979 0146 31       		.uleb128 0x31
 980 0147 13       		.uleb128 0x13
 981 0148 02       		.uleb128 0x2
 982 0149 06       		.uleb128 0x6
 983 014a 00       		.byte	0
 984 014b 00       		.byte	0
 985 014c 19       		.uleb128 0x19
 986 014d 2E       		.uleb128 0x2e
 987 014e 01       		.byte	0x1
 988 014f 3F       		.uleb128 0x3f
 989 0150 0C       		.uleb128 0xc
 990 0151 03       		.uleb128 0x3
 991 0152 0E       		.uleb128 0xe
 992 0153 3A       		.uleb128 0x3a
 993 0154 0B       		.uleb128 0xb
 994 0155 3B       		.uleb128 0x3b
 995 0156 0B       		.uleb128 0xb
 996 0157 27       		.uleb128 0x27
 997 0158 0C       		.uleb128 0xc
 998 0159 49       		.uleb128 0x49
 999 015a 13       		.uleb128 0x13
 1000 015b 11       		.uleb128 0x11
 1001 015c 01       		.uleb128 0x1
 1002 015d 12       		.uleb128 0x12
 1003 015e 01       		.uleb128 0x1
 1004 015f 40       		.uleb128 0x40
 1005 0160 06       		.uleb128 0x6
 1006 0161 9642     		.uleb128 0x2116
 1007 0163 0C       		.uleb128 0xc
 1008 0164 01       		.uleb128 0x1
 1009 0165 13       		.uleb128 0x13
 1010 0166 00       		.byte	0
 1011 0167 00       		.byte	0
 1012 0168 1A       		.uleb128 0x1a
 1013 0169 05       		.uleb128 0x5
 1014 016a 00       		.byte	0
 1015 016b 03       		.uleb128 0x3
 1016 016c 08       		.uleb128 0x8
 1017 016d 3A       		.uleb128 0x3a
 1018 016e 0B       		.uleb128 0xb
 1019 016f 3B       		.uleb128 0x3b
 1020 0170 0B       		.uleb128 0xb
 1021 0171 49       		.uleb128 0x49
 1022 0172 13       		.uleb128 0x13
ARM GAS  /var/folders/dt/0wfd0knj7gs46m8vwfzktm600000gn/T//ccEV8xtG.s 			page 19


 1023 0173 02       		.uleb128 0x2
 1024 0174 06       		.uleb128 0x6
 1025 0175 00       		.byte	0
 1026 0176 00       		.byte	0
 1027 0177 1B       		.uleb128 0x1b
 1028 0178 34       		.uleb128 0x34
 1029 0179 00       		.byte	0
 1030 017a 03       		.uleb128 0x3
 1031 017b 0E       		.uleb128 0xe
 1032 017c 3A       		.uleb128 0x3a
 1033 017d 0B       		.uleb128 0xb
 1034 017e 3B       		.uleb128 0x3b
 1035 017f 0B       		.uleb128 0xb
 1036 0180 49       		.uleb128 0x49
 1037 0181 13       		.uleb128 0x13
 1038 0182 02       		.uleb128 0x2
 1039 0183 0A       		.uleb128 0xa
 1040 0184 00       		.byte	0
 1041 0185 00       		.byte	0
 1042 0186 1C       		.uleb128 0x1c
 1043 0187 0B       		.uleb128 0xb
 1044 0188 01       		.byte	0x1
 1045 0189 11       		.uleb128 0x11
 1046 018a 01       		.uleb128 0x1
 1047 018b 12       		.uleb128 0x12
 1048 018c 01       		.uleb128 0x1
 1049 018d 01       		.uleb128 0x1
 1050 018e 13       		.uleb128 0x13
 1051 018f 00       		.byte	0
 1052 0190 00       		.byte	0
 1053 0191 1D       		.uleb128 0x1d
 1054 0192 34       		.uleb128 0x34
 1055 0193 00       		.byte	0
 1056 0194 03       		.uleb128 0x3
 1057 0195 08       		.uleb128 0x8
 1058 0196 3A       		.uleb128 0x3a
 1059 0197 0B       		.uleb128 0xb
 1060 0198 3B       		.uleb128 0x3b
 1061 0199 0B       		.uleb128 0xb
 1062 019a 49       		.uleb128 0x49
 1063 019b 13       		.uleb128 0x13
 1064 019c 02       		.uleb128 0x2
 1065 019d 06       		.uleb128 0x6
 1066 019e 00       		.byte	0
 1067 019f 00       		.byte	0
 1068 01a0 1E       		.uleb128 0x1e
 1069 01a1 1D       		.uleb128 0x1d
 1070 01a2 01       		.byte	0x1
 1071 01a3 31       		.uleb128 0x31
 1072 01a4 13       		.uleb128 0x13
 1073 01a5 52       		.uleb128 0x52
 1074 01a6 01       		.uleb128 0x1
 1075 01a7 55       		.uleb128 0x55
 1076 01a8 06       		.uleb128 0x6
 1077 01a9 58       		.uleb128 0x58
 1078 01aa 0B       		.uleb128 0xb
 1079 01ab 59       		.uleb128 0x59
ARM GAS  /var/folders/dt/0wfd0knj7gs46m8vwfzktm600000gn/T//ccEV8xtG.s 			page 20


 1080 01ac 0B       		.uleb128 0xb
 1081 01ad 01       		.uleb128 0x1
 1082 01ae 13       		.uleb128 0x13
 1083 01af 00       		.byte	0
 1084 01b0 00       		.byte	0
 1085 01b1 1F       		.uleb128 0x1f
 1086 01b2 0B       		.uleb128 0xb
 1087 01b3 01       		.byte	0x1
 1088 01b4 55       		.uleb128 0x55
 1089 01b5 06       		.uleb128 0x6
 1090 01b6 00       		.byte	0
 1091 01b7 00       		.byte	0
 1092 01b8 20       		.uleb128 0x20
 1093 01b9 0B       		.uleb128 0xb
 1094 01ba 01       		.byte	0x1
 1095 01bb 11       		.uleb128 0x11
 1096 01bc 01       		.uleb128 0x1
 1097 01bd 12       		.uleb128 0x12
 1098 01be 01       		.uleb128 0x1
 1099 01bf 00       		.byte	0
 1100 01c0 00       		.byte	0
 1101 01c1 21       		.uleb128 0x21
 1102 01c2 2E       		.uleb128 0x2e
 1103 01c3 01       		.byte	0x1
 1104 01c4 31       		.uleb128 0x31
 1105 01c5 13       		.uleb128 0x13
 1106 01c6 11       		.uleb128 0x11
 1107 01c7 01       		.uleb128 0x1
 1108 01c8 12       		.uleb128 0x12
 1109 01c9 01       		.uleb128 0x1
 1110 01ca 40       		.uleb128 0x40
 1111 01cb 0A       		.uleb128 0xa
 1112 01cc 9742     		.uleb128 0x2117
 1113 01ce 0C       		.uleb128 0xc
 1114 01cf 01       		.uleb128 0x1
 1115 01d0 13       		.uleb128 0x13
 1116 01d1 00       		.byte	0
 1117 01d2 00       		.byte	0
 1118 01d3 22       		.uleb128 0x22
 1119 01d4 05       		.uleb128 0x5
 1120 01d5 00       		.byte	0
 1121 01d6 31       		.uleb128 0x31
 1122 01d7 13       		.uleb128 0x13
 1123 01d8 02       		.uleb128 0x2
 1124 01d9 0A       		.uleb128 0xa
 1125 01da 00       		.byte	0
 1126 01db 00       		.byte	0
 1127 01dc 23       		.uleb128 0x23
 1128 01dd 34       		.uleb128 0x34
 1129 01de 00       		.byte	0
 1130 01df 31       		.uleb128 0x31
 1131 01e0 13       		.uleb128 0x13
 1132 01e1 02       		.uleb128 0x2
 1133 01e2 0A       		.uleb128 0xa
 1134 01e3 00       		.byte	0
 1135 01e4 00       		.byte	0
 1136 01e5 24       		.uleb128 0x24
ARM GAS  /var/folders/dt/0wfd0knj7gs46m8vwfzktm600000gn/T//ccEV8xtG.s 			page 21


 1137 01e6 2E       		.uleb128 0x2e
 1138 01e7 01       		.byte	0x1
 1139 01e8 3F       		.uleb128 0x3f
 1140 01e9 0C       		.uleb128 0xc
 1141 01ea 03       		.uleb128 0x3
 1142 01eb 0E       		.uleb128 0xe
 1143 01ec 3A       		.uleb128 0x3a
 1144 01ed 0B       		.uleb128 0xb
 1145 01ee 3B       		.uleb128 0x3b
 1146 01ef 0B       		.uleb128 0xb
 1147 01f0 27       		.uleb128 0x27
 1148 01f1 0C       		.uleb128 0xc
 1149 01f2 11       		.uleb128 0x11
 1150 01f3 01       		.uleb128 0x1
 1151 01f4 12       		.uleb128 0x12
 1152 01f5 01       		.uleb128 0x1
 1153 01f6 40       		.uleb128 0x40
 1154 01f7 0A       		.uleb128 0xa
 1155 01f8 9742     		.uleb128 0x2117
 1156 01fa 0C       		.uleb128 0xc
 1157 01fb 00       		.byte	0
 1158 01fc 00       		.byte	0
 1159 01fd 00       		.byte	0
 1160              		.section	.debug_loc,"",%progbits
 1161              	.Ldebug_loc0:
 1162              	.LLST0:
 1163 0000 00000000 		.4byte	.LVL0
 1164 0004 02000000 		.4byte	.LVL1
 1165 0008 0100     		.2byte	0x1
 1166 000a 51       		.byte	0x51
 1167 000b 02000000 		.4byte	.LVL1
 1168 000f 06000000 		.4byte	.LVL2
 1169 0013 0300     		.2byte	0x3
 1170 0015 71       		.byte	0x71
 1171 0016 79       		.sleb128 -7
 1172 0017 9F       		.byte	0x9f
 1173 0018 06000000 		.4byte	.LVL2
 1174 001c 10000000 		.4byte	.LFE7
 1175 0020 0400     		.2byte	0x4
 1176 0022 F3       		.byte	0xf3
 1177 0023 01       		.uleb128 0x1
 1178 0024 51       		.byte	0x51
 1179 0025 9F       		.byte	0x9f
 1180 0026 00000000 		.4byte	0
 1181 002a 00000000 		.4byte	0
 1182              	.LLST1:
 1183 002e 00000000 		.4byte	.LFB8
 1184 0032 02000000 		.4byte	.LCFI0
 1185 0036 0200     		.2byte	0x2
 1186 0038 7D       		.byte	0x7d
 1187 0039 00       		.sleb128 0
 1188 003a 02000000 		.4byte	.LCFI0
 1189 003e 18000000 		.4byte	.LFE8
 1190 0042 0200     		.2byte	0x2
 1191 0044 7D       		.byte	0x7d
 1192 0045 08       		.sleb128 8
 1193 0046 00000000 		.4byte	0
ARM GAS  /var/folders/dt/0wfd0knj7gs46m8vwfzktm600000gn/T//ccEV8xtG.s 			page 22


 1194 004a 00000000 		.4byte	0
 1195              	.LLST2:
 1196 004e 00000000 		.4byte	.LVL3
 1197 0052 06000000 		.4byte	.LVL4
 1198 0056 0100     		.2byte	0x1
 1199 0058 50       		.byte	0x50
 1200 0059 06000000 		.4byte	.LVL4
 1201 005d 15000000 		.4byte	.LVL6-1
 1202 0061 0100     		.2byte	0x1
 1203 0063 53       		.byte	0x53
 1204 0064 15000000 		.4byte	.LVL6-1
 1205 0068 18000000 		.4byte	.LFE8
 1206 006c 0400     		.2byte	0x4
 1207 006e F3       		.byte	0xf3
 1208 006f 01       		.uleb128 0x1
 1209 0070 50       		.byte	0x50
 1210 0071 9F       		.byte	0x9f
 1211 0072 00000000 		.4byte	0
 1212 0076 00000000 		.4byte	0
 1213              	.LLST3:
 1214 007a 06000000 		.4byte	.LVL4
 1215 007e 14000000 		.4byte	.LVL5
 1216 0082 0100     		.2byte	0x1
 1217 0084 50       		.byte	0x50
 1218 0085 14000000 		.4byte	.LVL5
 1219 0089 15000000 		.4byte	.LVL6-1
 1220 008d 0200     		.2byte	0x2
 1221 008f 73       		.byte	0x73
 1222 0090 00       		.sleb128 0
 1223 0091 16000000 		.4byte	.LVL6
 1224 0095 18000000 		.4byte	.LFE8
 1225 0099 0100     		.2byte	0x1
 1226 009b 50       		.byte	0x50
 1227 009c 00000000 		.4byte	0
 1228 00a0 00000000 		.4byte	0
 1229              	.LLST4:
 1230 00a4 00000000 		.4byte	.LFB9
 1231 00a8 02000000 		.4byte	.LCFI1
 1232 00ac 0200     		.2byte	0x2
 1233 00ae 7D       		.byte	0x7d
 1234 00af 00       		.sleb128 0
 1235 00b0 02000000 		.4byte	.LCFI1
 1236 00b4 26000000 		.4byte	.LFE9
 1237 00b8 0200     		.2byte	0x2
 1238 00ba 7D       		.byte	0x7d
 1239 00bb 08       		.sleb128 8
 1240 00bc 00000000 		.4byte	0
 1241 00c0 00000000 		.4byte	0
 1242              	.LLST5:
 1243 00c4 00000000 		.4byte	.LVL7
 1244 00c8 0C000000 		.4byte	.LVL10
 1245 00cc 0100     		.2byte	0x1
 1246 00ce 50       		.byte	0x50
 1247 00cf 0C000000 		.4byte	.LVL10
 1248 00d3 12000000 		.4byte	.LVL12
 1249 00d7 0100     		.2byte	0x1
 1250 00d9 52       		.byte	0x52
ARM GAS  /var/folders/dt/0wfd0knj7gs46m8vwfzktm600000gn/T//ccEV8xtG.s 			page 23


 1251 00da 12000000 		.4byte	.LVL12
 1252 00de 1A000000 		.4byte	.LVL15
 1253 00e2 0400     		.2byte	0x4
 1254 00e4 F3       		.byte	0xf3
 1255 00e5 01       		.uleb128 0x1
 1256 00e6 50       		.byte	0x50
 1257 00e7 9F       		.byte	0x9f
 1258 00e8 1A000000 		.4byte	.LVL15
 1259 00ec 23000000 		.4byte	.LVL18-1
 1260 00f0 0100     		.2byte	0x1
 1261 00f2 52       		.byte	0x52
 1262 00f3 23000000 		.4byte	.LVL18-1
 1263 00f7 26000000 		.4byte	.LFE9
 1264 00fb 0400     		.2byte	0x4
 1265 00fd F3       		.byte	0xf3
 1266 00fe 01       		.uleb128 0x1
 1267 00ff 50       		.byte	0x50
 1268 0100 9F       		.byte	0x9f
 1269 0101 00000000 		.4byte	0
 1270 0105 00000000 		.4byte	0
 1271              	.LLST6:
 1272 0109 0A000000 		.4byte	.LVL9
 1273 010d 10000000 		.4byte	.LVL11
 1274 0111 0100     		.2byte	0x1
 1275 0113 53       		.byte	0x53
 1276 0114 1A000000 		.4byte	.LVL15
 1277 0118 1C000000 		.4byte	.LVL16
 1278 011c 0100     		.2byte	0x1
 1279 011e 53       		.byte	0x53
 1280 011f 00000000 		.4byte	0
 1281 0123 00000000 		.4byte	0
 1282              	.LLST7:
 1283 0127 0A000000 		.4byte	.LVL9
 1284 012b 0C000000 		.4byte	.LVL10
 1285 012f 0100     		.2byte	0x1
 1286 0131 50       		.byte	0x50
 1287 0132 0C000000 		.4byte	.LVL10
 1288 0136 12000000 		.4byte	.LVL12
 1289 013a 0100     		.2byte	0x1
 1290 013c 52       		.byte	0x52
 1291 013d 12000000 		.4byte	.LVL12
 1292 0141 1A000000 		.4byte	.LVL15
 1293 0145 0400     		.2byte	0x4
 1294 0147 F3       		.byte	0xf3
 1295 0148 01       		.uleb128 0x1
 1296 0149 50       		.byte	0x50
 1297 014a 9F       		.byte	0x9f
 1298 014b 1A000000 		.4byte	.LVL15
 1299 014f 23000000 		.4byte	.LVL18-1
 1300 0153 0100     		.2byte	0x1
 1301 0155 52       		.byte	0x52
 1302 0156 23000000 		.4byte	.LVL18-1
 1303 015a 26000000 		.4byte	.LFE9
 1304 015e 0400     		.2byte	0x4
 1305 0160 F3       		.byte	0xf3
 1306 0161 01       		.uleb128 0x1
 1307 0162 50       		.byte	0x50
ARM GAS  /var/folders/dt/0wfd0knj7gs46m8vwfzktm600000gn/T//ccEV8xtG.s 			page 24


 1308 0163 9F       		.byte	0x9f
 1309 0164 00000000 		.4byte	0
 1310 0168 00000000 		.4byte	0
 1311              	.LLST8:
 1312 016c 0C000000 		.4byte	.LVL10
 1313 0170 22000000 		.4byte	.LVL17
 1314 0174 0100     		.2byte	0x1
 1315 0176 50       		.byte	0x50
 1316 0177 22000000 		.4byte	.LVL17
 1317 017b 23000000 		.4byte	.LVL18-1
 1318 017f 0200     		.2byte	0x2
 1319 0181 72       		.byte	0x72
 1320 0182 00       		.sleb128 0
 1321 0183 24000000 		.4byte	.LVL18
 1322 0187 26000000 		.4byte	.LFE9
 1323 018b 0100     		.2byte	0x1
 1324 018d 50       		.byte	0x50
 1325 018e 00000000 		.4byte	0
 1326 0192 00000000 		.4byte	0
 1327              	.LLST9:
 1328 0196 18000000 		.4byte	.LVL14
 1329 019a 1A000000 		.4byte	.LVL15
 1330 019e 0100     		.2byte	0x1
 1331 01a0 53       		.byte	0x53
 1332 01a1 00000000 		.4byte	0
 1333 01a5 00000000 		.4byte	0
 1334              	.LLST10:
 1335 01a9 06000000 		.4byte	.LVL23
 1336 01ad 0A000000 		.4byte	.LVL24
 1337 01b1 0100     		.2byte	0x1
 1338 01b3 53       		.byte	0x53
 1339 01b4 00000000 		.4byte	0
 1340 01b8 00000000 		.4byte	0
 1341              	.LLST11:
 1342 01bc 12000000 		.4byte	.LVL25
 1343 01c0 14000000 		.4byte	.LFE11
 1344 01c4 0100     		.2byte	0x1
 1345 01c6 53       		.byte	0x53
 1346 01c7 00000000 		.4byte	0
 1347 01cb 00000000 		.4byte	0
 1348              		.section	.debug_aranges,"",%progbits
 1349 0000 3C000000 		.4byte	0x3c
 1350 0004 0200     		.2byte	0x2
 1351 0006 00000000 		.4byte	.Ldebug_info0
 1352 000a 04       		.byte	0x4
 1353 000b 00       		.byte	0
 1354 000c 0000     		.2byte	0
 1355 000e 0000     		.2byte	0
 1356 0010 00000000 		.4byte	.LFB7
 1357 0014 10000000 		.4byte	.LFE7-.LFB7
 1358 0018 00000000 		.4byte	.LFB8
 1359 001c 18000000 		.4byte	.LFE8-.LFB8
 1360 0020 00000000 		.4byte	.LFB9
 1361 0024 26000000 		.4byte	.LFE9-.LFB9
 1362 0028 00000000 		.4byte	.LFB10
 1363 002c 08000000 		.4byte	.LFE10-.LFB10
 1364 0030 00000000 		.4byte	.LFB11
ARM GAS  /var/folders/dt/0wfd0knj7gs46m8vwfzktm600000gn/T//ccEV8xtG.s 			page 25


 1365 0034 14000000 		.4byte	.LFE11-.LFB11
 1366 0038 00000000 		.4byte	0
 1367 003c 00000000 		.4byte	0
 1368              		.section	.debug_ranges,"",%progbits
 1369              	.Ldebug_ranges0:
 1370 0000 0A000000 		.4byte	.LBB11
 1371 0004 12000000 		.4byte	.LBE11
 1372 0008 1A000000 		.4byte	.LBB15
 1373 000c 26000000 		.4byte	.LBE15
 1374 0010 00000000 		.4byte	0
 1375 0014 00000000 		.4byte	0
 1376 0018 0A000000 		.4byte	.LBB12
 1377 001c 12000000 		.4byte	.LBE12
 1378 0020 1A000000 		.4byte	.LBB13
 1379 0024 26000000 		.4byte	.LBE13
 1380 0028 00000000 		.4byte	0
 1381 002c 00000000 		.4byte	0
 1382 0030 06000000 		.4byte	.LBB17
 1383 0034 08000000 		.4byte	.LBE17
 1384 0038 0A000000 		.4byte	.LBB21
 1385 003c 0E000000 		.4byte	.LBE21
 1386 0040 00000000 		.4byte	0
 1387 0044 00000000 		.4byte	0
 1388 0048 06000000 		.4byte	.LBB18
 1389 004c 08000000 		.4byte	.LBE18
 1390 0050 0A000000 		.4byte	.LBB19
 1391 0054 0E000000 		.4byte	.LBE19
 1392 0058 00000000 		.4byte	0
 1393 005c 00000000 		.4byte	0
 1394 0060 08000000 		.4byte	.LBB20
 1395 0064 0A000000 		.4byte	.LBE20
 1396 0068 0E000000 		.4byte	.LBB22
 1397 006c 14000000 		.4byte	.LBE22
 1398 0070 00000000 		.4byte	0
 1399 0074 00000000 		.4byte	0
 1400 0078 00000000 		.4byte	.LFB7
 1401 007c 10000000 		.4byte	.LFE7
 1402 0080 00000000 		.4byte	.LFB8
 1403 0084 18000000 		.4byte	.LFE8
 1404 0088 00000000 		.4byte	.LFB9
 1405 008c 26000000 		.4byte	.LFE9
 1406 0090 00000000 		.4byte	.LFB10
 1407 0094 08000000 		.4byte	.LFE10
 1408 0098 00000000 		.4byte	.LFB11
 1409 009c 14000000 		.4byte	.LFE11
 1410 00a0 00000000 		.4byte	0
 1411 00a4 00000000 		.4byte	0
 1412              		.section	.debug_line,"",%progbits
 1413              	.Ldebug_line0:
 1414 0000 CB010000 		.section	.debug_str,"MS",%progbits,1
 1414      02004E01 
 1414      00000201 
 1414      FB0E0D00 
 1414      01010101 
 1415              	.LASF6:
 1416 0000 73697A65 		.ascii	"size_t\000"
 1416      5F7400
ARM GAS  /var/folders/dt/0wfd0knj7gs46m8vwfzktm600000gn/T//ccEV8xtG.s 			page 26


 1417              	.LASF15:
 1418 0007 6D705F6F 		.ascii	"mp_object_size\000"
 1418      626A6563 
 1418      745F7369 
 1418      7A6500
 1419              	.LASF25:
 1420 0016 706F6F6C 		.ascii	"pool_header\000"
 1420      5F686561 
 1420      64657200 
 1421              	.LASF20:
 1422 0022 73697A65 		.ascii	"size\000"
 1422      00
 1423              	.LASF8:
 1424 0027 6C6F6E67 		.ascii	"long unsigned int\000"
 1424      20756E73 
 1424      69676E65 
 1424      6420696E 
 1424      7400
 1425              	.LASF4:
 1426 0039 73686F72 		.ascii	"short unsigned int\000"
 1426      7420756E 
 1426      7369676E 
 1426      65642069 
 1426      6E7400
 1427              	.LASF21:
 1428 004c 70726F76 		.ascii	"provider\000"
 1428      69646572 
 1428      00
 1429              	.LASF27:
 1430 0055 6368506F 		.ascii	"chPoolFreeI\000"
 1430      6F6C4672 
 1430      65654900 
 1431              	.LASF23:
 1432 0061 2E2E2F2E 		.ascii	"../../os/kernel/src/chmempools.c\000"
 1432      2E2F6F73 
 1432      2F6B6572 
 1432      6E656C2F 
 1432      7372632F 
 1433              	.LASF2:
 1434 0082 756E7369 		.ascii	"unsigned char\000"
 1434      676E6564 
 1434      20636861 
 1434      7200
 1435              	.LASF30:
 1436 0090 6368506F 		.ascii	"chPoolFree\000"
 1436      6F6C4672 
 1436      656500
 1437              	.LASF17:
 1438 009b 4D656D6F 		.ascii	"MemoryPool\000"
 1438      7279506F 
 1438      6F6C00
 1439              	.LASF19:
 1440 00a6 6F626A70 		.ascii	"objp\000"
 1440      00
 1441              	.LASF26:
 1442 00ab 6368506F 		.ascii	"chPoolAllocI\000"
 1442      6F6C416C 
ARM GAS  /var/folders/dt/0wfd0knj7gs46m8vwfzktm600000gn/T//ccEV8xtG.s 			page 27


 1442      6C6F6349 
 1442      00
 1443              	.LASF0:
 1444 00b8 756E7369 		.ascii	"unsigned int\000"
 1444      676E6564 
 1444      20696E74 
 1444      00
 1445              	.LASF10:
 1446 00c5 6C6F6E67 		.ascii	"long long unsigned int\000"
 1446      206C6F6E 
 1446      6720756E 
 1446      7369676E 
 1446      65642069 
 1447              	.LASF13:
 1448 00dc 70685F6E 		.ascii	"ph_next\000"
 1448      65787400 
 1449              	.LASF11:
 1450 00e4 73697A65 		.ascii	"sizetype\000"
 1450      74797065 
 1450      00
 1451              	.LASF9:
 1452 00ed 6C6F6E67 		.ascii	"long long int\000"
 1452      206C6F6E 
 1452      6720696E 
 1452      7400
 1453              	.LASF18:
 1454 00fb 63686172 		.ascii	"char\000"
 1454      00
 1455              	.LASF22:
 1456 0100 474E5520 		.ascii	"GNU C 4.7.2\000"
 1456      4320342E 
 1456      372E3200 
 1457              	.LASF12:
 1458 010c 6D656D67 		.ascii	"memgetfunc_t\000"
 1458      65746675 
 1458      6E635F74 
 1458      00
 1459              	.LASF16:
 1460 0119 6D705F70 		.ascii	"mp_provider\000"
 1460      726F7669 
 1460      64657200 
 1461              	.LASF3:
 1462 0125 73686F72 		.ascii	"short int\000"
 1462      7420696E 
 1462      7400
 1463              	.LASF29:
 1464 012f 6368506F 		.ascii	"chPoolAlloc\000"
 1464      6F6C416C 
 1464      6C6F6300 
 1465              	.LASF24:
 1466 013b 2F557365 		.ascii	"/Users/toxygen/Projects/UAV/Control_sytem/sw/autopi"
 1466      72732F74 
 1466      6F787967 
 1466      656E2F50 
 1466      726F6A65 
 1467 016e 6C6F742F 		.ascii	"lot/2.4.3/demos/STM32F103-sdspi\000"
 1467      322E342E 
ARM GAS  /var/folders/dt/0wfd0knj7gs46m8vwfzktm600000gn/T//ccEV8xtG.s 			page 28


 1467      332F6465 
 1467      6D6F732F 
 1467      53544D33 
 1468              	.LASF7:
 1469 018e 75696E74 		.ascii	"uint32_t\000"
 1469      33325F74 
 1469      00
 1470              	.LASF5:
 1471 0197 6C6F6E67 		.ascii	"long int\000"
 1471      20696E74 
 1471      00
 1472              	.LASF1:
 1473 01a0 7369676E 		.ascii	"signed char\000"
 1473      65642063 
 1473      68617200 
 1474              	.LASF14:
 1475 01ac 6D705F6E 		.ascii	"mp_next\000"
 1475      65787400 
 1476              	.LASF28:
 1477 01b4 6368506F 		.ascii	"chPoolInit\000"
 1477      6F6C496E 
 1477      697400
 1478              		.ident	"GCC: (GNU) 4.7.2"
ARM GAS  /var/folders/dt/0wfd0knj7gs46m8vwfzktm600000gn/T//ccEV8xtG.s 			page 29


DEFINED SYMBOLS
                            *ABS*:0000000000000000 chmempools.c
/var/folders/dt/0wfd0knj7gs46m8vwfzktm600000gn/T//ccEV8xtG.s:19     .text.chPoolInit:0000000000000000 $t
/var/folders/dt/0wfd0knj7gs46m8vwfzktm600000gn/T//ccEV8xtG.s:25     .text.chPoolInit:0000000000000000 chPoolInit
/var/folders/dt/0wfd0knj7gs46m8vwfzktm600000gn/T//ccEV8xtG.s:51     .text.chPoolAllocI:0000000000000000 $t
/var/folders/dt/0wfd0knj7gs46m8vwfzktm600000gn/T//ccEV8xtG.s:57     .text.chPoolAllocI:0000000000000000 chPoolAllocI
/var/folders/dt/0wfd0knj7gs46m8vwfzktm600000gn/T//ccEV8xtG.s:95     .text.chPoolAlloc:0000000000000000 $t
/var/folders/dt/0wfd0knj7gs46m8vwfzktm600000gn/T//ccEV8xtG.s:101    .text.chPoolAlloc:0000000000000000 chPoolAlloc
/var/folders/dt/0wfd0knj7gs46m8vwfzktm600000gn/T//ccEV8xtG.s:172    .text.chPoolFreeI:0000000000000000 $t
/var/folders/dt/0wfd0knj7gs46m8vwfzktm600000gn/T//ccEV8xtG.s:178    .text.chPoolFreeI:0000000000000000 chPoolFreeI
/var/folders/dt/0wfd0knj7gs46m8vwfzktm600000gn/T//ccEV8xtG.s:197    .text.chPoolFree:0000000000000000 $t
/var/folders/dt/0wfd0knj7gs46m8vwfzktm600000gn/T//ccEV8xtG.s:203    .text.chPoolFree:0000000000000000 chPoolFree
                     .debug_frame:0000000000000010 $d

NO UNDEFINED SYMBOLS
