ARM GAS  /var/folders/dt/0wfd0knj7gs46m8vwfzktm600000gn/T//cc3nXhhv.s 			page 1


   1              		.syntax unified
   2              		.cpu cortex-m3
   3              		.fpu softvfp
   4              		.eabi_attribute 20, 1
   5              		.eabi_attribute 21, 1
   6              		.eabi_attribute 23, 3
   7              		.eabi_attribute 24, 1
   8              		.eabi_attribute 25, 1
   9              		.eabi_attribute 26, 1
  10              		.eabi_attribute 30, 2
  11              		.eabi_attribute 34, 1
  12              		.eabi_attribute 18, 4
  13              		.thumb
  14              		.file	"chregistry.c"
  15              		.text
  16              	.Ltext0:
  17              		.cfi_sections	.debug_frame
  18              		.section	.text.chRegFirstThread,"ax",%progbits
  19              		.align	2
  20              		.p2align 4,,15
  21              		.global	chRegFirstThread
  22              		.thumb
  23              		.thumb_func
  24              		.type	chRegFirstThread, %function
  25              	chRegFirstThread:
  26              	.LFB7:
  27              		.file 1 "../../os/kernel/src/chregistry.c"
  28              		.loc 1 113 0
  29              		.cfi_startproc
  30              		@ args = 0, pretend = 0, frame = 0
  31              		@ frame_needed = 0, uses_anonymous_args = 0
  32              		@ link register save eliminated.
  33              	.LBB2:
  34              		.loc 1 116 0
  35 0000 2023     		movs	r3, #32
  36              	.LVL0:
  37              	@ 116 "../../os/kernel/src/chregistry.c" 1
  38 0002 83F31188 		msr     BASEPRI, r3
  39              	@ 0 "" 2
  40              	.LVL1:
  41              		.thumb
  42              	.LBE2:
  43              		.loc 1 117 0
  44 0006 40F20003 		movw	r3, #:lower16:rlist
  45              	.LVL2:
  46 000a C0F20003 		movt	r3, #:upper16:rlist
  47 000e 1869     		ldr	r0, [r3, #16]
  48              	.LVL3:
  49              	.LBB3:
  50              		.loc 1 121 0
  51 0010 0023     		movs	r3, #0
  52              	.LVL4:
  53              	.LBE3:
  54              		.loc 1 119 0
  55 0012 827F     		ldrb	r2, [r0, #30]	@ zero_extendqisi2
  56 0014 0132     		adds	r2, r2, #1
  57 0016 8277     		strb	r2, [r0, #30]
ARM GAS  /var/folders/dt/0wfd0knj7gs46m8vwfzktm600000gn/T//cc3nXhhv.s 			page 2


  58              	.LBB4:
  59              		.loc 1 121 0
  60              	@ 121 "../../os/kernel/src/chregistry.c" 1
  61 0018 83F31188 		msr     BASEPRI, r3
  62              	@ 0 "" 2
  63              	.LVL5:
  64              		.thumb
  65              	.LBE4:
  66              		.loc 1 123 0
  67 001c 7047     		bx	lr
  68              		.cfi_endproc
  69              	.LFE7:
  70              		.size	chRegFirstThread, .-chRegFirstThread
  71 001e 00BF     		.section	.text.chRegNextThread,"ax",%progbits
  72              		.align	2
  73              		.p2align 4,,15
  74              		.global	chRegNextThread
  75              		.thumb
  76              		.thumb_func
  77              		.type	chRegNextThread, %function
  78              	chRegNextThread:
  79              	.LFB8:
  80              		.loc 1 136 0
  81              		.cfi_startproc
  82              		@ args = 0, pretend = 0, frame = 0
  83              		@ frame_needed = 0, uses_anonymous_args = 0
  84              	.LVL6:
  85 0000 10B5     		push	{r4, lr}
  86              	.LCFI0:
  87              		.cfi_def_cfa_offset 8
  88              		.cfi_offset 4, -8
  89              		.cfi_offset 14, -4
  90              	.LBB5:
  91              		.loc 1 139 0
  92 0002 2023     		movs	r3, #32
  93              	.LVL7:
  94              	@ 139 "../../os/kernel/src/chregistry.c" 1
  95 0004 83F31188 		msr     BASEPRI, r3
  96              	@ 0 "" 2
  97              	.LVL8:
  98              		.thumb
  99              	.LBE5:
 100              		.loc 1 141 0
 101 0008 074B     		ldr	r3, .L6
 102              	.LVL9:
 103              		.loc 1 140 0
 104 000a 0469     		ldr	r4, [r0, #16]
 105              	.LVL10:
 106              		.loc 1 141 0
 107 000c 9C42     		cmp	r4, r3
 108 000e 09D0     		beq	.L4
 109              		.loc 1 147 0
 110 0010 A37F     		ldrb	r3, [r4, #30]	@ zero_extendqisi2
 111 0012 0133     		adds	r3, r3, #1
 112 0014 A377     		strb	r3, [r4, #30]
 113              	.LVL11:
 114              	.L3:
ARM GAS  /var/folders/dt/0wfd0knj7gs46m8vwfzktm600000gn/T//cc3nXhhv.s 			page 3


 115              	.LBB6:
 116              		.loc 1 150 0
 117 0016 0023     		movs	r3, #0
 118              	.LVL12:
 119              	@ 150 "../../os/kernel/src/chregistry.c" 1
 120 0018 83F31188 		msr     BASEPRI, r3
 121              	@ 0 "" 2
 122              	.LVL13:
 123              		.thumb
 124              	.LBE6:
 125              		.loc 1 152 0
 126 001c FFF7FEFF 		bl	chThdRelease
 127              	.LVL14:
 128              		.loc 1 155 0
 129 0020 2046     		mov	r0, r4
 130 0022 10BD     		pop	{r4, pc}
 131              	.LVL15:
 132              	.L4:
 133              		.loc 1 142 0
 134 0024 0024     		movs	r4, #0
 135              	.LVL16:
 136 0026 F6E7     		b	.L3
 137              	.L7:
 138              		.align	2
 139              	.L6:
 140 0028 00000000 		.word	rlist
 141              		.cfi_endproc
 142              	.LFE8:
 143              		.size	chRegNextThread, .-chRegNextThread
 144              		.global	ch_debug
 145 002c AFF30080 		.section	.rodata.ch_debug,"a",%progbits
 146              		.align	2
 147              		.type	ch_debug, %object
 148              		.size	ch_debug, 22
 149              	ch_debug:
 150 0000 6D61696E 		.ascii	"main"
 151 0004 00       		.byte	0
 152 0005 16       		.byte	22
 153 0006 0311     		.short	4355
 154 0008 04       		.byte	4
 155 0009 04       		.byte	4
 156 000a 48       		.byte	72
 157 000b 08       		.byte	8
 158 000c 0C       		.byte	12
 159 000d 10       		.byte	16
 160 000e 14       		.byte	20
 161 000f 18       		.byte	24
 162 0010 00       		.byte	0
 163 0011 1C       		.byte	28
 164 0012 1D       		.byte	29
 165 0013 1E       		.byte	30
 166 0014 00       		.byte	0
 167 0015 20       		.byte	32
 168 0016 0000     		.text
 169              	.Letext0:
 170              		.file 2 "/Users/toxygen/Applications/yagarto-4.7.2/bin/../lib/gcc/arm-none-eabi/4.7.2/include/stdd
 171              		.file 3 "/Users/toxygen/Applications/yagarto-4.7.2/bin/../lib/gcc/arm-none-eabi/4.7.2/../../../../
ARM GAS  /var/folders/dt/0wfd0knj7gs46m8vwfzktm600000gn/T//cc3nXhhv.s 			page 4


 172              		.file 4 "../../os/ports/GCC/ARMCMx/chtypes.h"
 173              		.file 5 "../../os/kernel/include/chlists.h"
 174              		.file 6 "../../os/kernel/include/chthreads.h"
 175              		.file 7 "../../os/ports/GCC/ARMCMx/chcore_v7m.h"
 176              		.file 8 "../../os/kernel/include/chschd.h"
 177              		.file 9 "../../os/kernel/include/chmtx.h"
 178              		.file 10 "../../os/kernel/include/chregistry.h"
 179              		.file 11 "../../os/kernel/include/chdynamic.h"
 180              		.section	.debug_info,"",%progbits
 181              	.Ldebug_info0:
 182 0000 78060000 		.4byte	0x678
 183 0004 0200     		.2byte	0x2
 184 0006 00000000 		.4byte	.Ldebug_abbrev0
 185 000a 04       		.byte	0x4
 186 000b 01       		.uleb128 0x1
 187 000c 27020000 		.4byte	.LASF87
 188 0010 01       		.byte	0x1
 189 0011 64030000 		.4byte	.LASF88
 190 0015 1A000000 		.4byte	.LASF89
 191 0019 18000000 		.4byte	.Ldebug_ranges0+0x18
 192 001d 00000000 		.4byte	0
 193 0021 00000000 		.4byte	0
 194 0025 00000000 		.4byte	.Ldebug_line0
 195 0029 02       		.uleb128 0x2
 196 002a 04       		.byte	0x4
 197 002b 05       		.byte	0x5
 198 002c 696E7400 		.ascii	"int\000"
 199 0030 03       		.uleb128 0x3
 200 0031 13000000 		.4byte	.LASF2
 201 0035 02       		.byte	0x2
 202 0036 D5       		.byte	0xd5
 203 0037 3B000000 		.4byte	0x3b
 204 003b 04       		.uleb128 0x4
 205 003c 04       		.byte	0x4
 206 003d 07       		.byte	0x7
 207 003e 60010000 		.4byte	.LASF0
 208 0042 04       		.uleb128 0x4
 209 0043 01       		.byte	0x1
 210 0044 06       		.byte	0x6
 211 0045 D5000000 		.4byte	.LASF1
 212 0049 03       		.uleb128 0x3
 213 004a A7030000 		.4byte	.LASF3
 214 004e 03       		.byte	0x3
 215 004f 2A       		.byte	0x2a
 216 0050 54000000 		.4byte	0x54
 217 0054 04       		.uleb128 0x4
 218 0055 01       		.byte	0x1
 219 0056 08       		.byte	0x8
 220 0057 6F020000 		.4byte	.LASF4
 221 005b 04       		.uleb128 0x4
 222 005c 02       		.byte	0x2
 223 005d 05       		.byte	0x5
 224 005e 87020000 		.4byte	.LASF5
 225 0062 03       		.uleb128 0x3
 226 0063 2E010000 		.4byte	.LASF6
 227 0067 03       		.byte	0x3
 228 0068 36       		.byte	0x36
ARM GAS  /var/folders/dt/0wfd0knj7gs46m8vwfzktm600000gn/T//cc3nXhhv.s 			page 5


 229 0069 6D000000 		.4byte	0x6d
 230 006d 04       		.uleb128 0x4
 231 006e 02       		.byte	0x2
 232 006f 07       		.byte	0x7
 233 0070 90010000 		.4byte	.LASF7
 234 0074 03       		.uleb128 0x3
 235 0075 67020000 		.4byte	.LASF8
 236 0079 03       		.byte	0x3
 237 007a 4F       		.byte	0x4f
 238 007b 7F000000 		.4byte	0x7f
 239 007f 04       		.uleb128 0x4
 240 0080 04       		.byte	0x4
 241 0081 05       		.byte	0x5
 242 0082 1C010000 		.4byte	.LASF9
 243 0086 03       		.uleb128 0x3
 244 0087 FD020000 		.4byte	.LASF10
 245 008b 03       		.byte	0x3
 246 008c 50       		.byte	0x50
 247 008d 91000000 		.4byte	0x91
 248 0091 04       		.uleb128 0x4
 249 0092 04       		.byte	0x4
 250 0093 07       		.byte	0x7
 251 0094 6D010000 		.4byte	.LASF11
 252 0098 04       		.uleb128 0x4
 253 0099 08       		.byte	0x8
 254 009a 05       		.byte	0x5
 255 009b C7000000 		.4byte	.LASF12
 256 009f 04       		.uleb128 0x4
 257 00a0 08       		.byte	0x8
 258 00a1 07       		.byte	0x7
 259 00a2 74000000 		.4byte	.LASF13
 260 00a6 03       		.uleb128 0x3
 261 00a7 A9010000 		.4byte	.LASF14
 262 00ab 04       		.byte	0x4
 263 00ac 2F       		.byte	0x2f
 264 00ad 49000000 		.4byte	0x49
 265 00b1 03       		.uleb128 0x3
 266 00b2 25010000 		.4byte	.LASF15
 267 00b6 04       		.byte	0x4
 268 00b7 30       		.byte	0x30
 269 00b8 49000000 		.4byte	0x49
 270 00bc 03       		.uleb128 0x3
 271 00bd 45020000 		.4byte	.LASF16
 272 00c1 04       		.byte	0x4
 273 00c2 31       		.byte	0x31
 274 00c3 49000000 		.4byte	0x49
 275 00c7 03       		.uleb128 0x3
 276 00c8 5F020000 		.4byte	.LASF17
 277 00cc 04       		.byte	0x4
 278 00cd 32       		.byte	0x32
 279 00ce 86000000 		.4byte	0x86
 280 00d2 03       		.uleb128 0x3
 281 00d3 A3010000 		.4byte	.LASF18
 282 00d7 04       		.byte	0x4
 283 00d8 33       		.byte	0x33
 284 00d9 74000000 		.4byte	0x74
 285 00dd 03       		.uleb128 0x3
ARM GAS  /var/folders/dt/0wfd0knj7gs46m8vwfzktm600000gn/T//cc3nXhhv.s 			page 6


 286 00de BD010000 		.4byte	.LASF19
 287 00e2 04       		.byte	0x4
 288 00e3 35       		.byte	0x35
 289 00e4 86000000 		.4byte	0x86
 290 00e8 03       		.uleb128 0x3
 291 00e9 36030000 		.4byte	.LASF20
 292 00ed 04       		.byte	0x4
 293 00ee 36       		.byte	0x36
 294 00ef 86000000 		.4byte	0x86
 295 00f3 03       		.uleb128 0x3
 296 00f4 5A010000 		.4byte	.LASF21
 297 00f8 04       		.byte	0x4
 298 00f9 37       		.byte	0x37
 299 00fa 74000000 		.4byte	0x74
 300 00fe 03       		.uleb128 0x3
 301 00ff DE020000 		.4byte	.LASF22
 302 0103 05       		.byte	0x5
 303 0104 2A       		.byte	0x2a
 304 0105 09010000 		.4byte	0x109
 305 0109 05       		.uleb128 0x5
 306 010a DE020000 		.4byte	.LASF22
 307 010e 48       		.byte	0x48
 308 010f 06       		.byte	0x6
 309 0110 5E       		.byte	0x5e
 310 0111 20020000 		.4byte	0x220
 311 0115 06       		.uleb128 0x6
 312 0116 B3020000 		.4byte	.LASF23
 313 011a 06       		.byte	0x6
 314 011b 5F       		.byte	0x5f
 315 011c 45020000 		.4byte	0x245
 316 0120 02       		.byte	0x2
 317 0121 23       		.byte	0x23
 318 0122 00       		.uleb128 0
 319 0123 06       		.uleb128 0x6
 320 0124 58020000 		.4byte	.LASF24
 321 0128 06       		.byte	0x6
 322 0129 61       		.byte	0x61
 323 012a 45020000 		.4byte	0x245
 324 012e 02       		.byte	0x2
 325 012f 23       		.byte	0x23
 326 0130 04       		.uleb128 0x4
 327 0131 06       		.uleb128 0x6
 328 0132 B3000000 		.4byte	.LASF25
 329 0136 06       		.byte	0x6
 330 0137 63       		.byte	0x63
 331 0138 C7000000 		.4byte	0xc7
 332 013c 02       		.byte	0x2
 333 013d 23       		.byte	0x23
 334 013e 08       		.uleb128 0x8
 335 013f 06       		.uleb128 0x6
 336 0140 DA030000 		.4byte	.LASF26
 337 0144 06       		.byte	0x6
 338 0145 64       		.byte	0x64
 339 0146 12030000 		.4byte	0x312
 340 014a 02       		.byte	0x2
 341 014b 23       		.byte	0x23
 342 014c 0C       		.uleb128 0xc
ARM GAS  /var/folders/dt/0wfd0knj7gs46m8vwfzktm600000gn/T//cc3nXhhv.s 			page 7


 343 014d 06       		.uleb128 0x6
 344 014e 41010000 		.4byte	.LASF27
 345 0152 06       		.byte	0x6
 346 0153 66       		.byte	0x66
 347 0154 45020000 		.4byte	0x245
 348 0158 02       		.byte	0x2
 349 0159 23       		.byte	0x23
 350 015a 10       		.uleb128 0x10
 351 015b 06       		.uleb128 0x6
 352 015c 04020000 		.4byte	.LASF28
 353 0160 06       		.byte	0x6
 354 0161 67       		.byte	0x67
 355 0162 45020000 		.4byte	0x245
 356 0166 02       		.byte	0x2
 357 0167 23       		.byte	0x23
 358 0168 14       		.uleb128 0x14
 359 0169 06       		.uleb128 0x6
 360 016a B6030000 		.4byte	.LASF29
 361 016e 06       		.byte	0x6
 362 016f 6E       		.byte	0x6e
 363 0170 34040000 		.4byte	0x434
 364 0174 02       		.byte	0x2
 365 0175 23       		.byte	0x23
 366 0176 18       		.uleb128 0x18
 367 0177 06       		.uleb128 0x6
 368 0178 91020000 		.4byte	.LASF30
 369 017c 06       		.byte	0x6
 370 017d 79       		.byte	0x79
 371 017e B1000000 		.4byte	0xb1
 372 0182 02       		.byte	0x2
 373 0183 23       		.byte	0x23
 374 0184 1C       		.uleb128 0x1c
 375 0185 06       		.uleb128 0x6
 376 0186 C9020000 		.4byte	.LASF31
 377 018a 06       		.byte	0x6
 378 018b 7D       		.byte	0x7d
 379 018c A6000000 		.4byte	0xa6
 380 0190 02       		.byte	0x2
 381 0191 23       		.byte	0x23
 382 0192 1D       		.uleb128 0x1d
 383 0193 06       		.uleb128 0x6
 384 0194 90030000 		.4byte	.LASF32
 385 0198 06       		.byte	0x6
 386 0199 82       		.byte	0x82
 387 019a BC000000 		.4byte	0xbc
 388 019e 02       		.byte	0x2
 389 019f 23       		.byte	0x23
 390 01a0 1E       		.uleb128 0x1e
 391 01a1 06       		.uleb128 0x6
 392 01a2 4B030000 		.4byte	.LASF33
 393 01a6 06       		.byte	0x6
 394 01a7 89       		.byte	0x89
 395 01a8 3C030000 		.4byte	0x33c
 396 01ac 02       		.byte	0x2
 397 01ad 23       		.byte	0x23
 398 01ae 20       		.uleb128 0x20
 399 01af 07       		.uleb128 0x7
ARM GAS  /var/folders/dt/0wfd0knj7gs46m8vwfzktm600000gn/T//cc3nXhhv.s 			page 8


 400 01b0 705F7500 		.ascii	"p_u\000"
 401 01b4 06       		.byte	0x6
 402 01b5 AE       		.byte	0xae
 403 01b6 FF030000 		.4byte	0x3ff
 404 01ba 02       		.byte	0x2
 405 01bb 23       		.byte	0x23
 406 01bc 24       		.uleb128 0x24
 407 01bd 06       		.uleb128 0x6
 408 01be E0030000 		.4byte	.LASF34
 409 01c2 06       		.byte	0x6
 410 01c3 B3       		.byte	0xb3
 411 01c4 6D020000 		.4byte	0x26d
 412 01c8 02       		.byte	0x2
 413 01c9 23       		.byte	0x23
 414 01ca 28       		.uleb128 0x28
 415 01cb 06       		.uleb128 0x6
 416 01cc 59030000 		.4byte	.LASF35
 417 01d0 06       		.byte	0x6
 418 01d1 B9       		.byte	0xb9
 419 01d2 4B020000 		.4byte	0x24b
 420 01d6 02       		.byte	0x2
 421 01d7 23       		.byte	0x23
 422 01d8 2C       		.uleb128 0x2c
 423 01d9 06       		.uleb128 0x6
 424 01da 0D000000 		.4byte	.LASF36
 425 01de 06       		.byte	0x6
 426 01df BD       		.byte	0xbd
 427 01e0 D2000000 		.4byte	0xd2
 428 01e4 02       		.byte	0x2
 429 01e5 23       		.byte	0x23
 430 01e6 34       		.uleb128 0x34
 431 01e7 06       		.uleb128 0x6
 432 01e8 F2020000 		.4byte	.LASF37
 433 01ec 06       		.byte	0x6
 434 01ed C3       		.byte	0xc3
 435 01ee DD000000 		.4byte	0xdd
 436 01f2 02       		.byte	0x2
 437 01f3 23       		.byte	0x23
 438 01f4 38       		.uleb128 0x38
 439 01f5 06       		.uleb128 0x6
 440 01f6 7D020000 		.4byte	.LASF38
 441 01fa 06       		.byte	0x6
 442 01fb CA       		.byte	0xca
 443 01fc 46040000 		.4byte	0x446
 444 0200 02       		.byte	0x2
 445 0201 23       		.byte	0x23
 446 0202 3C       		.uleb128 0x3c
 447 0203 06       		.uleb128 0x6
 448 0204 40030000 		.4byte	.LASF39
 449 0208 06       		.byte	0x6
 450 0209 CE       		.byte	0xce
 451 020a C7000000 		.4byte	0xc7
 452 020e 02       		.byte	0x2
 453 020f 23       		.byte	0x23
 454 0210 40       		.uleb128 0x40
 455 0211 06       		.uleb128 0x6
 456 0212 FE000000 		.4byte	.LASF40
ARM GAS  /var/folders/dt/0wfd0knj7gs46m8vwfzktm600000gn/T//cc3nXhhv.s 			page 9


 457 0216 06       		.byte	0x6
 458 0217 D4       		.byte	0xd4
 459 0218 83020000 		.4byte	0x283
 460 021c 02       		.byte	0x2
 461 021d 23       		.byte	0x23
 462 021e 44       		.uleb128 0x44
 463 021f 00       		.byte	0
 464 0220 08       		.uleb128 0x8
 465 0221 08       		.byte	0x8
 466 0222 05       		.byte	0x5
 467 0223 61       		.byte	0x61
 468 0224 45020000 		.4byte	0x245
 469 0228 06       		.uleb128 0x6
 470 0229 B3020000 		.4byte	.LASF23
 471 022d 05       		.byte	0x5
 472 022e 62       		.byte	0x62
 473 022f 45020000 		.4byte	0x245
 474 0233 02       		.byte	0x2
 475 0234 23       		.byte	0x23
 476 0235 00       		.uleb128 0
 477 0236 06       		.uleb128 0x6
 478 0237 58020000 		.4byte	.LASF24
 479 023b 05       		.byte	0x5
 480 023c 64       		.byte	0x64
 481 023d 45020000 		.4byte	0x245
 482 0241 02       		.byte	0x2
 483 0242 23       		.byte	0x23
 484 0243 04       		.uleb128 0x4
 485 0244 00       		.byte	0
 486 0245 09       		.uleb128 0x9
 487 0246 04       		.byte	0x4
 488 0247 FE000000 		.4byte	0xfe
 489 024b 03       		.uleb128 0x3
 490 024c 12020000 		.4byte	.LASF41
 491 0250 05       		.byte	0x5
 492 0251 66       		.byte	0x66
 493 0252 20020000 		.4byte	0x220
 494 0256 08       		.uleb128 0x8
 495 0257 04       		.byte	0x4
 496 0258 05       		.byte	0x5
 497 0259 6B       		.byte	0x6b
 498 025a 6D020000 		.4byte	0x26d
 499 025e 06       		.uleb128 0x6
 500 025f B3020000 		.4byte	.LASF23
 501 0263 05       		.byte	0x5
 502 0264 6D       		.byte	0x6d
 503 0265 45020000 		.4byte	0x245
 504 0269 02       		.byte	0x2
 505 026a 23       		.byte	0x23
 506 026b 00       		.uleb128 0
 507 026c 00       		.byte	0
 508 026d 03       		.uleb128 0x3
 509 026e B1010000 		.4byte	.LASF42
 510 0272 05       		.byte	0x5
 511 0273 70       		.byte	0x70
 512 0274 56020000 		.4byte	0x256
 513 0278 03       		.uleb128 0x3
ARM GAS  /var/folders/dt/0wfd0knj7gs46m8vwfzktm600000gn/T//cc3nXhhv.s 			page 10


 514 0279 51010000 		.4byte	.LASF43
 515 027d 07       		.byte	0x7
 516 027e D7       		.byte	0xd7
 517 027f 83020000 		.4byte	0x283
 518 0283 0A       		.uleb128 0xa
 519 0284 04       		.byte	0x4
 520 0285 05       		.uleb128 0x5
 521 0286 52030000 		.4byte	.LASF44
 522 028a 24       		.byte	0x24
 523 028b 07       		.byte	0x7
 524 028c FE       		.byte	0xfe
 525 028d 12030000 		.4byte	0x312
 526 0291 0B       		.uleb128 0xb
 527 0292 723400   		.ascii	"r4\000"
 528 0295 07       		.byte	0x7
 529 0296 1101     		.2byte	0x111
 530 0298 78020000 		.4byte	0x278
 531 029c 02       		.byte	0x2
 532 029d 23       		.byte	0x23
 533 029e 00       		.uleb128 0
 534 029f 0B       		.uleb128 0xb
 535 02a0 723500   		.ascii	"r5\000"
 536 02a3 07       		.byte	0x7
 537 02a4 1201     		.2byte	0x112
 538 02a6 78020000 		.4byte	0x278
 539 02aa 02       		.byte	0x2
 540 02ab 23       		.byte	0x23
 541 02ac 04       		.uleb128 0x4
 542 02ad 0B       		.uleb128 0xb
 543 02ae 723600   		.ascii	"r6\000"
 544 02b1 07       		.byte	0x7
 545 02b2 1301     		.2byte	0x113
 546 02b4 78020000 		.4byte	0x278
 547 02b8 02       		.byte	0x2
 548 02b9 23       		.byte	0x23
 549 02ba 08       		.uleb128 0x8
 550 02bb 0B       		.uleb128 0xb
 551 02bc 723700   		.ascii	"r7\000"
 552 02bf 07       		.byte	0x7
 553 02c0 1401     		.2byte	0x114
 554 02c2 78020000 		.4byte	0x278
 555 02c6 02       		.byte	0x2
 556 02c7 23       		.byte	0x23
 557 02c8 0C       		.uleb128 0xc
 558 02c9 0B       		.uleb128 0xb
 559 02ca 723800   		.ascii	"r8\000"
 560 02cd 07       		.byte	0x7
 561 02ce 1501     		.2byte	0x115
 562 02d0 78020000 		.4byte	0x278
 563 02d4 02       		.byte	0x2
 564 02d5 23       		.byte	0x23
 565 02d6 10       		.uleb128 0x10
 566 02d7 0B       		.uleb128 0xb
 567 02d8 723900   		.ascii	"r9\000"
 568 02db 07       		.byte	0x7
 569 02dc 1601     		.2byte	0x116
 570 02de 78020000 		.4byte	0x278
ARM GAS  /var/folders/dt/0wfd0knj7gs46m8vwfzktm600000gn/T//cc3nXhhv.s 			page 11


 571 02e2 02       		.byte	0x2
 572 02e3 23       		.byte	0x23
 573 02e4 14       		.uleb128 0x14
 574 02e5 0B       		.uleb128 0xb
 575 02e6 72313000 		.ascii	"r10\000"
 576 02ea 07       		.byte	0x7
 577 02eb 1701     		.2byte	0x117
 578 02ed 78020000 		.4byte	0x278
 579 02f1 02       		.byte	0x2
 580 02f2 23       		.byte	0x23
 581 02f3 18       		.uleb128 0x18
 582 02f4 0B       		.uleb128 0xb
 583 02f5 72313100 		.ascii	"r11\000"
 584 02f9 07       		.byte	0x7
 585 02fa 1801     		.2byte	0x118
 586 02fc 78020000 		.4byte	0x278
 587 0300 02       		.byte	0x2
 588 0301 23       		.byte	0x23
 589 0302 1C       		.uleb128 0x1c
 590 0303 0B       		.uleb128 0xb
 591 0304 6C7200   		.ascii	"lr\000"
 592 0307 07       		.byte	0x7
 593 0308 1901     		.2byte	0x119
 594 030a 78020000 		.4byte	0x278
 595 030e 02       		.byte	0x2
 596 030f 23       		.byte	0x23
 597 0310 20       		.uleb128 0x20
 598 0311 00       		.byte	0
 599 0312 0C       		.uleb128 0xc
 600 0313 88010000 		.4byte	.LASF45
 601 0317 04       		.byte	0x4
 602 0318 07       		.byte	0x7
 603 0319 2301     		.2byte	0x123
 604 031b 2F030000 		.4byte	0x32f
 605 031f 0B       		.uleb128 0xb
 606 0320 72313300 		.ascii	"r13\000"
 607 0324 07       		.byte	0x7
 608 0325 2401     		.2byte	0x124
 609 0327 2F030000 		.4byte	0x32f
 610 032b 02       		.byte	0x2
 611 032c 23       		.byte	0x23
 612 032d 00       		.uleb128 0
 613 032e 00       		.byte	0
 614 032f 09       		.uleb128 0x9
 615 0330 04       		.byte	0x4
 616 0331 85020000 		.4byte	0x285
 617 0335 04       		.uleb128 0x4
 618 0336 04       		.byte	0x4
 619 0337 07       		.byte	0x7
 620 0338 E3010000 		.4byte	.LASF46
 621 033c 0D       		.uleb128 0xd
 622 033d E8000000 		.4byte	0xe8
 623 0341 08       		.uleb128 0x8
 624 0342 20       		.byte	0x20
 625 0343 08       		.byte	0x8
 626 0344 5E       		.byte	0x5e
 627 0345 AC030000 		.4byte	0x3ac
ARM GAS  /var/folders/dt/0wfd0knj7gs46m8vwfzktm600000gn/T//cc3nXhhv.s 			page 12


 628 0349 06       		.uleb128 0x6
 629 034a 12030000 		.4byte	.LASF47
 630 034e 08       		.byte	0x8
 631 034f 5F       		.byte	0x5f
 632 0350 4B020000 		.4byte	0x24b
 633 0354 02       		.byte	0x2
 634 0355 23       		.byte	0x23
 635 0356 00       		.uleb128 0
 636 0357 06       		.uleb128 0x6
 637 0358 A5020000 		.4byte	.LASF48
 638 035c 08       		.byte	0x8
 639 035d 60       		.byte	0x60
 640 035e C7000000 		.4byte	0xc7
 641 0362 02       		.byte	0x2
 642 0363 23       		.byte	0x23
 643 0364 08       		.uleb128 0x8
 644 0365 06       		.uleb128 0x6
 645 0366 0C020000 		.4byte	.LASF49
 646 036a 08       		.byte	0x8
 647 036b 62       		.byte	0x62
 648 036c 12030000 		.4byte	0x312
 649 0370 02       		.byte	0x2
 650 0371 23       		.byte	0x23
 651 0372 0C       		.uleb128 0xc
 652 0373 06       		.uleb128 0x6
 653 0374 49010000 		.4byte	.LASF50
 654 0378 08       		.byte	0x8
 655 0379 65       		.byte	0x65
 656 037a 45020000 		.4byte	0x245
 657 037e 02       		.byte	0x2
 658 037f 23       		.byte	0x23
 659 0380 10       		.uleb128 0x10
 660 0381 06       		.uleb128 0x6
 661 0382 3D020000 		.4byte	.LASF51
 662 0386 08       		.byte	0x8
 663 0387 66       		.byte	0x66
 664 0388 45020000 		.4byte	0x245
 665 038c 02       		.byte	0x2
 666 038d 23       		.byte	0x23
 667 038e 14       		.uleb128 0x14
 668 038f 06       		.uleb128 0x6
 669 0390 C8030000 		.4byte	.LASF52
 670 0394 08       		.byte	0x8
 671 0395 6A       		.byte	0x6a
 672 0396 F3000000 		.4byte	0xf3
 673 039a 02       		.byte	0x2
 674 039b 23       		.byte	0x23
 675 039c 18       		.uleb128 0x18
 676 039d 06       		.uleb128 0x6
 677 039e 33020000 		.4byte	.LASF53
 678 03a2 08       		.byte	0x8
 679 03a3 6C       		.byte	0x6c
 680 03a4 45020000 		.4byte	0x245
 681 03a8 02       		.byte	0x2
 682 03a9 23       		.byte	0x23
 683 03aa 1C       		.uleb128 0x1c
 684 03ab 00       		.byte	0
ARM GAS  /var/folders/dt/0wfd0knj7gs46m8vwfzktm600000gn/T//cc3nXhhv.s 			page 13


 685 03ac 03       		.uleb128 0x3
 686 03ad 97030000 		.4byte	.LASF54
 687 03b1 08       		.byte	0x8
 688 03b2 6E       		.byte	0x6e
 689 03b3 41030000 		.4byte	0x341
 690 03b7 05       		.uleb128 0x5
 691 03b8 C9010000 		.4byte	.LASF55
 692 03bc 10       		.byte	0x10
 693 03bd 09       		.byte	0x9
 694 03be 2C       		.byte	0x2c
 695 03bf EE030000 		.4byte	0x3ee
 696 03c3 06       		.uleb128 0x6
 697 03c4 06010000 		.4byte	.LASF56
 698 03c8 09       		.byte	0x9
 699 03c9 2D       		.byte	0x2d
 700 03ca 4B020000 		.4byte	0x24b
 701 03ce 02       		.byte	0x2
 702 03cf 23       		.byte	0x23
 703 03d0 00       		.uleb128 0
 704 03d1 06       		.uleb128 0x6
 705 03d2 D2030000 		.4byte	.LASF57
 706 03d6 09       		.byte	0x9
 707 03d7 2F       		.byte	0x2f
 708 03d8 45020000 		.4byte	0x245
 709 03dc 02       		.byte	0x2
 710 03dd 23       		.byte	0x23
 711 03de 08       		.uleb128 0x8
 712 03df 06       		.uleb128 0x6
 713 03e0 2F030000 		.4byte	.LASF58
 714 03e4 09       		.byte	0x9
 715 03e5 31       		.byte	0x31
 716 03e6 EE030000 		.4byte	0x3ee
 717 03ea 02       		.byte	0x2
 718 03eb 23       		.byte	0x23
 719 03ec 0C       		.uleb128 0xc
 720 03ed 00       		.byte	0
 721 03ee 09       		.uleb128 0x9
 722 03ef 04       		.byte	0x4
 723 03f0 B7030000 		.4byte	0x3b7
 724 03f4 03       		.uleb128 0x3
 725 03f5 C9010000 		.4byte	.LASF55
 726 03f9 09       		.byte	0x9
 727 03fa 33       		.byte	0x33
 728 03fb B7030000 		.4byte	0x3b7
 729 03ff 0E       		.uleb128 0xe
 730 0400 04       		.byte	0x4
 731 0401 06       		.byte	0x6
 732 0402 90       		.byte	0x90
 733 0403 34040000 		.4byte	0x434
 734 0407 0F       		.uleb128 0xf
 735 0408 6D000000 		.4byte	.LASF59
 736 040c 06       		.byte	0x6
 737 040d 97       		.byte	0x97
 738 040e D2000000 		.4byte	0xd2
 739 0412 0F       		.uleb128 0xf
 740 0413 99000000 		.4byte	.LASF60
 741 0417 06       		.byte	0x6
ARM GAS  /var/folders/dt/0wfd0knj7gs46m8vwfzktm600000gn/T//cc3nXhhv.s 			page 14


 742 0418 9E       		.byte	0x9e
 743 0419 D2000000 		.4byte	0xd2
 744 041d 0F       		.uleb128 0xf
 745 041e AF030000 		.4byte	.LASF61
 746 0422 06       		.byte	0x6
 747 0423 A5       		.byte	0xa5
 748 0424 83020000 		.4byte	0x283
 749 0428 0F       		.uleb128 0xf
 750 0429 AC020000 		.4byte	.LASF62
 751 042d 06       		.byte	0x6
 752 042e AC       		.byte	0xac
 753 042f DD000000 		.4byte	0xdd
 754 0433 00       		.byte	0
 755 0434 09       		.uleb128 0x9
 756 0435 04       		.byte	0x4
 757 0436 3A040000 		.4byte	0x43a
 758 043a 10       		.uleb128 0x10
 759 043b 3F040000 		.4byte	0x43f
 760 043f 04       		.uleb128 0x4
 761 0440 01       		.byte	0x1
 762 0441 08       		.byte	0x8
 763 0442 1A030000 		.4byte	.LASF63
 764 0446 09       		.uleb128 0x9
 765 0447 04       		.byte	0x4
 766 0448 F4030000 		.4byte	0x3f4
 767 044c 08       		.uleb128 0x8
 768 044d 16       		.byte	0x16
 769 044e 0A       		.byte	0xa
 770 044f 2C       		.byte	0x2c
 771 0450 51050000 		.4byte	0x551
 772 0454 06       		.uleb128 0x6
 773 0455 0E010000 		.4byte	.LASF64
 774 0459 0A       		.byte	0xa
 775 045a 2D       		.byte	0x2d
 776 045b 51050000 		.4byte	0x551
 777 045f 02       		.byte	0x2
 778 0460 23       		.byte	0x23
 779 0461 00       		.uleb128 0
 780 0462 06       		.uleb128 0x6
 781 0463 CF010000 		.4byte	.LASF65
 782 0467 0A       		.byte	0xa
 783 0468 2E       		.byte	0x2e
 784 0469 49000000 		.4byte	0x49
 785 046d 02       		.byte	0x2
 786 046e 23       		.byte	0x23
 787 046f 04       		.uleb128 0x4
 788 0470 06       		.uleb128 0x6
 789 0471 1F020000 		.4byte	.LASF66
 790 0475 0A       		.byte	0xa
 791 0476 2F       		.byte	0x2f
 792 0477 49000000 		.4byte	0x49
 793 047b 02       		.byte	0x2
 794 047c 23       		.byte	0x23
 795 047d 05       		.uleb128 0x5
 796 047e 06       		.uleb128 0x6
 797 047f BD030000 		.4byte	.LASF67
 798 0483 0A       		.byte	0xa
ARM GAS  /var/folders/dt/0wfd0knj7gs46m8vwfzktm600000gn/T//cc3nXhhv.s 			page 15


 799 0484 30       		.byte	0x30
 800 0485 62000000 		.4byte	0x62
 801 0489 02       		.byte	0x2
 802 048a 23       		.byte	0x23
 803 048b 06       		.uleb128 0x6
 804 048c 06       		.uleb128 0x6
 805 048d 4D020000 		.4byte	.LASF68
 806 0491 0A       		.byte	0xa
 807 0492 31       		.byte	0x31
 808 0493 49000000 		.4byte	0x49
 809 0497 02       		.byte	0x2
 810 0498 23       		.byte	0x23
 811 0499 08       		.uleb128 0x8
 812 049a 06       		.uleb128 0x6
 813 049b EC010000 		.4byte	.LASF69
 814 049f 0A       		.byte	0xa
 815 04a0 32       		.byte	0x32
 816 04a1 49000000 		.4byte	0x49
 817 04a5 02       		.byte	0x2
 818 04a6 23       		.byte	0x23
 819 04a7 09       		.uleb128 0x9
 820 04a8 06       		.uleb128 0x6
 821 04a9 8B000000 		.4byte	.LASF70
 822 04ad 0A       		.byte	0xa
 823 04ae 33       		.byte	0x33
 824 04af 49000000 		.4byte	0x49
 825 04b3 02       		.byte	0x2
 826 04b4 23       		.byte	0x23
 827 04b5 0A       		.uleb128 0xa
 828 04b6 06       		.uleb128 0x6
 829 04b7 06030000 		.4byte	.LASF71
 830 04bb 0A       		.byte	0xa
 831 04bc 34       		.byte	0x34
 832 04bd 49000000 		.4byte	0x49
 833 04c1 02       		.byte	0x2
 834 04c2 23       		.byte	0x23
 835 04c3 0B       		.uleb128 0xb
 836 04c4 06       		.uleb128 0x6
 837 04c5 85030000 		.4byte	.LASF72
 838 04c9 0A       		.byte	0xa
 839 04ca 35       		.byte	0x35
 840 04cb 49000000 		.4byte	0x49
 841 04cf 02       		.byte	0x2
 842 04d0 23       		.byte	0x23
 843 04d1 0C       		.uleb128 0xc
 844 04d2 06       		.uleb128 0x6
 845 04d3 E5020000 		.4byte	.LASF73
 846 04d7 0A       		.byte	0xa
 847 04d8 36       		.byte	0x36
 848 04d9 49000000 		.4byte	0x49
 849 04dd 02       		.byte	0x2
 850 04de 23       		.byte	0x23
 851 04df 0D       		.uleb128 0xd
 852 04e0 06       		.uleb128 0x6
 853 04e1 00000000 		.4byte	.LASF74
 854 04e5 0A       		.byte	0xa
 855 04e6 37       		.byte	0x37
ARM GAS  /var/folders/dt/0wfd0knj7gs46m8vwfzktm600000gn/T//cc3nXhhv.s 			page 16


 856 04e7 49000000 		.4byte	0x49
 857 04eb 02       		.byte	0x2
 858 04ec 23       		.byte	0x23
 859 04ed 0E       		.uleb128 0xe
 860 04ee 06       		.uleb128 0x6
 861 04ef F8010000 		.4byte	.LASF75
 862 04f3 0A       		.byte	0xa
 863 04f4 38       		.byte	0x38
 864 04f5 49000000 		.4byte	0x49
 865 04f9 02       		.byte	0x2
 866 04fa 23       		.byte	0x23
 867 04fb 0F       		.uleb128 0xf
 868 04fc 06       		.uleb128 0x6
 869 04fd E1000000 		.4byte	.LASF76
 870 0501 0A       		.byte	0xa
 871 0502 39       		.byte	0x39
 872 0503 49000000 		.4byte	0x49
 873 0507 02       		.byte	0x2
 874 0508 23       		.byte	0x23
 875 0509 10       		.uleb128 0x10
 876 050a 06       		.uleb128 0x6
 877 050b BA000000 		.4byte	.LASF77
 878 050f 0A       		.byte	0xa
 879 0510 3B       		.byte	0x3b
 880 0511 49000000 		.4byte	0x49
 881 0515 02       		.byte	0x2
 882 0516 23       		.byte	0x23
 883 0517 11       		.uleb128 0x11
 884 0518 06       		.uleb128 0x6
 885 0519 F1000000 		.4byte	.LASF78
 886 051d 0A       		.byte	0xa
 887 051e 3C       		.byte	0x3c
 888 051f 49000000 		.4byte	0x49
 889 0523 02       		.byte	0x2
 890 0524 23       		.byte	0x23
 891 0525 12       		.uleb128 0x12
 892 0526 06       		.uleb128 0x6
 893 0527 D7010000 		.4byte	.LASF79
 894 052b 0A       		.byte	0xa
 895 052c 3D       		.byte	0x3d
 896 052d 49000000 		.4byte	0x49
 897 0531 02       		.byte	0x2
 898 0532 23       		.byte	0x23
 899 0533 13       		.uleb128 0x13
 900 0534 06       		.uleb128 0x6
 901 0535 BA020000 		.4byte	.LASF80
 902 0539 0A       		.byte	0xa
 903 053a 3E       		.byte	0x3e
 904 053b 49000000 		.4byte	0x49
 905 053f 02       		.byte	0x2
 906 0540 23       		.byte	0x23
 907 0541 14       		.uleb128 0x14
 908 0542 06       		.uleb128 0x6
 909 0543 99020000 		.4byte	.LASF81
 910 0547 0A       		.byte	0xa
 911 0548 40       		.byte	0x40
 912 0549 49000000 		.4byte	0x49
ARM GAS  /var/folders/dt/0wfd0knj7gs46m8vwfzktm600000gn/T//cc3nXhhv.s 			page 17


 913 054d 02       		.byte	0x2
 914 054e 23       		.byte	0x23
 915 054f 15       		.uleb128 0x15
 916 0550 00       		.byte	0
 917 0551 11       		.uleb128 0x11
 918 0552 3F040000 		.4byte	0x43f
 919 0556 61050000 		.4byte	0x561
 920 055a 12       		.uleb128 0x12
 921 055b 35030000 		.4byte	0x335
 922 055f 03       		.byte	0x3
 923 0560 00       		.byte	0
 924 0561 03       		.uleb128 0x3
 925 0562 37010000 		.4byte	.LASF82
 926 0566 0A       		.byte	0xa
 927 0567 41       		.byte	0x41
 928 0568 4C040000 		.4byte	0x44c
 929 056c 13       		.uleb128 0x13
 930 056d 01       		.byte	0x1
 931 056e A2000000 		.4byte	.LASF83
 932 0572 01       		.byte	0x1
 933 0573 71       		.byte	0x71
 934 0574 01       		.byte	0x1
 935 0575 45020000 		.4byte	0x245
 936 0579 00000000 		.4byte	.LFB7
 937 057d 1E000000 		.4byte	.LFE7
 938 0581 02       		.byte	0x2
 939 0582 7D       		.byte	0x7d
 940 0583 00       		.sleb128 0
 941 0584 01       		.byte	0x1
 942 0585 C8050000 		.4byte	0x5c8
 943 0589 14       		.uleb128 0x14
 944 058a 747000   		.ascii	"tp\000"
 945 058d 01       		.byte	0x1
 946 058e 72       		.byte	0x72
 947 058f 45020000 		.4byte	0x245
 948 0593 01       		.byte	0x1
 949 0594 50       		.byte	0x50
 950 0595 15       		.uleb128 0x15
 951 0596 00000000 		.4byte	.LBB2
 952 059a 06000000 		.4byte	.LBE2
 953 059e B2050000 		.4byte	0x5b2
 954 05a2 16       		.uleb128 0x16
 955 05a3 746D7000 		.ascii	"tmp\000"
 956 05a7 01       		.byte	0x1
 957 05a8 74       		.byte	0x74
 958 05a9 86000000 		.4byte	0x86
 959 05ad 00000000 		.4byte	.LLST0
 960 05b1 00       		.byte	0
 961 05b2 17       		.uleb128 0x17
 962 05b3 00000000 		.4byte	.Ldebug_ranges0+0
 963 05b7 16       		.uleb128 0x16
 964 05b8 746D7000 		.ascii	"tmp\000"
 965 05bc 01       		.byte	0x1
 966 05bd 79       		.byte	0x79
 967 05be 86000000 		.4byte	0x86
 968 05c2 13000000 		.4byte	.LLST1
 969 05c6 00       		.byte	0
ARM GAS  /var/folders/dt/0wfd0knj7gs46m8vwfzktm600000gn/T//cc3nXhhv.s 			page 18


 970 05c7 00       		.byte	0
 971 05c8 18       		.uleb128 0x18
 972 05c9 01       		.byte	0x1
 973 05ca 1F030000 		.4byte	.LASF84
 974 05ce 01       		.byte	0x1
 975 05cf 88       		.byte	0x88
 976 05d0 01       		.byte	0x1
 977 05d1 45020000 		.4byte	0x245
 978 05d5 00000000 		.4byte	.LFB8
 979 05d9 2C000000 		.4byte	.LFE8
 980 05dd 26000000 		.4byte	.LLST2
 981 05e1 01       		.byte	0x1
 982 05e2 47060000 		.4byte	0x647
 983 05e6 19       		.uleb128 0x19
 984 05e7 747000   		.ascii	"tp\000"
 985 05ea 01       		.byte	0x1
 986 05eb 88       		.byte	0x88
 987 05ec 45020000 		.4byte	0x245
 988 05f0 46000000 		.4byte	.LLST3
 989 05f4 16       		.uleb128 0x16
 990 05f5 6E747000 		.ascii	"ntp\000"
 991 05f9 01       		.byte	0x1
 992 05fa 89       		.byte	0x89
 993 05fb 45020000 		.4byte	0x245
 994 05ff 72000000 		.4byte	.LLST4
 995 0603 15       		.uleb128 0x15
 996 0604 02000000 		.4byte	.LBB5
 997 0608 08000000 		.4byte	.LBE5
 998 060c 20060000 		.4byte	0x620
 999 0610 16       		.uleb128 0x16
 1000 0611 746D7000 		.ascii	"tmp\000"
 1001 0615 01       		.byte	0x1
 1002 0616 8B       		.byte	0x8b
 1003 0617 86000000 		.4byte	0x86
 1004 061b 91000000 		.4byte	.LLST5
 1005 061f 00       		.byte	0
 1006 0620 15       		.uleb128 0x15
 1007 0621 16000000 		.4byte	.LBB6
 1008 0625 1C000000 		.4byte	.LBE6
 1009 0629 3D060000 		.4byte	0x63d
 1010 062d 16       		.uleb128 0x16
 1011 062e 746D7000 		.ascii	"tmp\000"
 1012 0632 01       		.byte	0x1
 1013 0633 96       		.byte	0x96
 1014 0634 86000000 		.4byte	0x86
 1015 0638 A4000000 		.4byte	.LLST6
 1016 063c 00       		.byte	0
 1017 063d 1A       		.uleb128 0x1a
 1018 063e 20000000 		.4byte	.LVL14
 1019 0642 6B060000 		.4byte	0x66b
 1020 0646 00       		.byte	0
 1021 0647 1B       		.uleb128 0x1b
 1022 0648 A1030000 		.4byte	.LASF85
 1023 064c 08       		.byte	0x8
 1024 064d 72       		.byte	0x72
 1025 064e AC030000 		.4byte	0x3ac
 1026 0652 01       		.byte	0x1
ARM GAS  /var/folders/dt/0wfd0knj7gs46m8vwfzktm600000gn/T//cc3nXhhv.s 			page 19


 1027 0653 01       		.byte	0x1
 1028 0654 1C       		.uleb128 0x1c
 1029 0655 7F010000 		.4byte	.LASF86
 1030 0659 01       		.byte	0x1
 1031 065a 42       		.byte	0x42
 1032 065b 66060000 		.4byte	0x666
 1033 065f 01       		.byte	0x1
 1034 0660 05       		.byte	0x5
 1035 0661 03       		.byte	0x3
 1036 0662 00000000 		.4byte	ch_debug
 1037 0666 10       		.uleb128 0x10
 1038 0667 61050000 		.4byte	0x561
 1039 066b 1D       		.uleb128 0x1d
 1040 066c 01       		.byte	0x1
 1041 066d D1020000 		.4byte	.LASF90
 1042 0671 0B       		.byte	0xb
 1043 0672 3A       		.byte	0x3a
 1044 0673 01       		.byte	0x1
 1045 0674 01       		.byte	0x1
 1046 0675 1E       		.uleb128 0x1e
 1047 0676 45020000 		.4byte	0x245
 1048 067a 00       		.byte	0
 1049 067b 00       		.byte	0
 1050              		.section	.debug_abbrev,"",%progbits
 1051              	.Ldebug_abbrev0:
 1052 0000 01       		.uleb128 0x1
 1053 0001 11       		.uleb128 0x11
 1054 0002 01       		.byte	0x1
 1055 0003 25       		.uleb128 0x25
 1056 0004 0E       		.uleb128 0xe
 1057 0005 13       		.uleb128 0x13
 1058 0006 0B       		.uleb128 0xb
 1059 0007 03       		.uleb128 0x3
 1060 0008 0E       		.uleb128 0xe
 1061 0009 1B       		.uleb128 0x1b
 1062 000a 0E       		.uleb128 0xe
 1063 000b 55       		.uleb128 0x55
 1064 000c 06       		.uleb128 0x6
 1065 000d 11       		.uleb128 0x11
 1066 000e 01       		.uleb128 0x1
 1067 000f 52       		.uleb128 0x52
 1068 0010 01       		.uleb128 0x1
 1069 0011 10       		.uleb128 0x10
 1070 0012 06       		.uleb128 0x6
 1071 0013 00       		.byte	0
 1072 0014 00       		.byte	0
 1073 0015 02       		.uleb128 0x2
 1074 0016 24       		.uleb128 0x24
 1075 0017 00       		.byte	0
 1076 0018 0B       		.uleb128 0xb
 1077 0019 0B       		.uleb128 0xb
 1078 001a 3E       		.uleb128 0x3e
 1079 001b 0B       		.uleb128 0xb
 1080 001c 03       		.uleb128 0x3
 1081 001d 08       		.uleb128 0x8
 1082 001e 00       		.byte	0
 1083 001f 00       		.byte	0
ARM GAS  /var/folders/dt/0wfd0knj7gs46m8vwfzktm600000gn/T//cc3nXhhv.s 			page 20


 1084 0020 03       		.uleb128 0x3
 1085 0021 16       		.uleb128 0x16
 1086 0022 00       		.byte	0
 1087 0023 03       		.uleb128 0x3
 1088 0024 0E       		.uleb128 0xe
 1089 0025 3A       		.uleb128 0x3a
 1090 0026 0B       		.uleb128 0xb
 1091 0027 3B       		.uleb128 0x3b
 1092 0028 0B       		.uleb128 0xb
 1093 0029 49       		.uleb128 0x49
 1094 002a 13       		.uleb128 0x13
 1095 002b 00       		.byte	0
 1096 002c 00       		.byte	0
 1097 002d 04       		.uleb128 0x4
 1098 002e 24       		.uleb128 0x24
 1099 002f 00       		.byte	0
 1100 0030 0B       		.uleb128 0xb
 1101 0031 0B       		.uleb128 0xb
 1102 0032 3E       		.uleb128 0x3e
 1103 0033 0B       		.uleb128 0xb
 1104 0034 03       		.uleb128 0x3
 1105 0035 0E       		.uleb128 0xe
 1106 0036 00       		.byte	0
 1107 0037 00       		.byte	0
 1108 0038 05       		.uleb128 0x5
 1109 0039 13       		.uleb128 0x13
 1110 003a 01       		.byte	0x1
 1111 003b 03       		.uleb128 0x3
 1112 003c 0E       		.uleb128 0xe
 1113 003d 0B       		.uleb128 0xb
 1114 003e 0B       		.uleb128 0xb
 1115 003f 3A       		.uleb128 0x3a
 1116 0040 0B       		.uleb128 0xb
 1117 0041 3B       		.uleb128 0x3b
 1118 0042 0B       		.uleb128 0xb
 1119 0043 01       		.uleb128 0x1
 1120 0044 13       		.uleb128 0x13
 1121 0045 00       		.byte	0
 1122 0046 00       		.byte	0
 1123 0047 06       		.uleb128 0x6
 1124 0048 0D       		.uleb128 0xd
 1125 0049 00       		.byte	0
 1126 004a 03       		.uleb128 0x3
 1127 004b 0E       		.uleb128 0xe
 1128 004c 3A       		.uleb128 0x3a
 1129 004d 0B       		.uleb128 0xb
 1130 004e 3B       		.uleb128 0x3b
 1131 004f 0B       		.uleb128 0xb
 1132 0050 49       		.uleb128 0x49
 1133 0051 13       		.uleb128 0x13
 1134 0052 38       		.uleb128 0x38
 1135 0053 0A       		.uleb128 0xa
 1136 0054 00       		.byte	0
 1137 0055 00       		.byte	0
 1138 0056 07       		.uleb128 0x7
 1139 0057 0D       		.uleb128 0xd
 1140 0058 00       		.byte	0
ARM GAS  /var/folders/dt/0wfd0knj7gs46m8vwfzktm600000gn/T//cc3nXhhv.s 			page 21


 1141 0059 03       		.uleb128 0x3
 1142 005a 08       		.uleb128 0x8
 1143 005b 3A       		.uleb128 0x3a
 1144 005c 0B       		.uleb128 0xb
 1145 005d 3B       		.uleb128 0x3b
 1146 005e 0B       		.uleb128 0xb
 1147 005f 49       		.uleb128 0x49
 1148 0060 13       		.uleb128 0x13
 1149 0061 38       		.uleb128 0x38
 1150 0062 0A       		.uleb128 0xa
 1151 0063 00       		.byte	0
 1152 0064 00       		.byte	0
 1153 0065 08       		.uleb128 0x8
 1154 0066 13       		.uleb128 0x13
 1155 0067 01       		.byte	0x1
 1156 0068 0B       		.uleb128 0xb
 1157 0069 0B       		.uleb128 0xb
 1158 006a 3A       		.uleb128 0x3a
 1159 006b 0B       		.uleb128 0xb
 1160 006c 3B       		.uleb128 0x3b
 1161 006d 0B       		.uleb128 0xb
 1162 006e 01       		.uleb128 0x1
 1163 006f 13       		.uleb128 0x13
 1164 0070 00       		.byte	0
 1165 0071 00       		.byte	0
 1166 0072 09       		.uleb128 0x9
 1167 0073 0F       		.uleb128 0xf
 1168 0074 00       		.byte	0
 1169 0075 0B       		.uleb128 0xb
 1170 0076 0B       		.uleb128 0xb
 1171 0077 49       		.uleb128 0x49
 1172 0078 13       		.uleb128 0x13
 1173 0079 00       		.byte	0
 1174 007a 00       		.byte	0
 1175 007b 0A       		.uleb128 0xa
 1176 007c 0F       		.uleb128 0xf
 1177 007d 00       		.byte	0
 1178 007e 0B       		.uleb128 0xb
 1179 007f 0B       		.uleb128 0xb
 1180 0080 00       		.byte	0
 1181 0081 00       		.byte	0
 1182 0082 0B       		.uleb128 0xb
 1183 0083 0D       		.uleb128 0xd
 1184 0084 00       		.byte	0
 1185 0085 03       		.uleb128 0x3
 1186 0086 08       		.uleb128 0x8
 1187 0087 3A       		.uleb128 0x3a
 1188 0088 0B       		.uleb128 0xb
 1189 0089 3B       		.uleb128 0x3b
 1190 008a 05       		.uleb128 0x5
 1191 008b 49       		.uleb128 0x49
 1192 008c 13       		.uleb128 0x13
 1193 008d 38       		.uleb128 0x38
 1194 008e 0A       		.uleb128 0xa
 1195 008f 00       		.byte	0
 1196 0090 00       		.byte	0
 1197 0091 0C       		.uleb128 0xc
ARM GAS  /var/folders/dt/0wfd0knj7gs46m8vwfzktm600000gn/T//cc3nXhhv.s 			page 22


 1198 0092 13       		.uleb128 0x13
 1199 0093 01       		.byte	0x1
 1200 0094 03       		.uleb128 0x3
 1201 0095 0E       		.uleb128 0xe
 1202 0096 0B       		.uleb128 0xb
 1203 0097 0B       		.uleb128 0xb
 1204 0098 3A       		.uleb128 0x3a
 1205 0099 0B       		.uleb128 0xb
 1206 009a 3B       		.uleb128 0x3b
 1207 009b 05       		.uleb128 0x5
 1208 009c 01       		.uleb128 0x1
 1209 009d 13       		.uleb128 0x13
 1210 009e 00       		.byte	0
 1211 009f 00       		.byte	0
 1212 00a0 0D       		.uleb128 0xd
 1213 00a1 35       		.uleb128 0x35
 1214 00a2 00       		.byte	0
 1215 00a3 49       		.uleb128 0x49
 1216 00a4 13       		.uleb128 0x13
 1217 00a5 00       		.byte	0
 1218 00a6 00       		.byte	0
 1219 00a7 0E       		.uleb128 0xe
 1220 00a8 17       		.uleb128 0x17
 1221 00a9 01       		.byte	0x1
 1222 00aa 0B       		.uleb128 0xb
 1223 00ab 0B       		.uleb128 0xb
 1224 00ac 3A       		.uleb128 0x3a
 1225 00ad 0B       		.uleb128 0xb
 1226 00ae 3B       		.uleb128 0x3b
 1227 00af 0B       		.uleb128 0xb
 1228 00b0 01       		.uleb128 0x1
 1229 00b1 13       		.uleb128 0x13
 1230 00b2 00       		.byte	0
 1231 00b3 00       		.byte	0
 1232 00b4 0F       		.uleb128 0xf
 1233 00b5 0D       		.uleb128 0xd
 1234 00b6 00       		.byte	0
 1235 00b7 03       		.uleb128 0x3
 1236 00b8 0E       		.uleb128 0xe
 1237 00b9 3A       		.uleb128 0x3a
 1238 00ba 0B       		.uleb128 0xb
 1239 00bb 3B       		.uleb128 0x3b
 1240 00bc 0B       		.uleb128 0xb
 1241 00bd 49       		.uleb128 0x49
 1242 00be 13       		.uleb128 0x13
 1243 00bf 00       		.byte	0
 1244 00c0 00       		.byte	0
 1245 00c1 10       		.uleb128 0x10
 1246 00c2 26       		.uleb128 0x26
 1247 00c3 00       		.byte	0
 1248 00c4 49       		.uleb128 0x49
 1249 00c5 13       		.uleb128 0x13
 1250 00c6 00       		.byte	0
 1251 00c7 00       		.byte	0
 1252 00c8 11       		.uleb128 0x11
 1253 00c9 01       		.uleb128 0x1
 1254 00ca 01       		.byte	0x1
ARM GAS  /var/folders/dt/0wfd0knj7gs46m8vwfzktm600000gn/T//cc3nXhhv.s 			page 23


 1255 00cb 49       		.uleb128 0x49
 1256 00cc 13       		.uleb128 0x13
 1257 00cd 01       		.uleb128 0x1
 1258 00ce 13       		.uleb128 0x13
 1259 00cf 00       		.byte	0
 1260 00d0 00       		.byte	0
 1261 00d1 12       		.uleb128 0x12
 1262 00d2 21       		.uleb128 0x21
 1263 00d3 00       		.byte	0
 1264 00d4 49       		.uleb128 0x49
 1265 00d5 13       		.uleb128 0x13
 1266 00d6 2F       		.uleb128 0x2f
 1267 00d7 0B       		.uleb128 0xb
 1268 00d8 00       		.byte	0
 1269 00d9 00       		.byte	0
 1270 00da 13       		.uleb128 0x13
 1271 00db 2E       		.uleb128 0x2e
 1272 00dc 01       		.byte	0x1
 1273 00dd 3F       		.uleb128 0x3f
 1274 00de 0C       		.uleb128 0xc
 1275 00df 03       		.uleb128 0x3
 1276 00e0 0E       		.uleb128 0xe
 1277 00e1 3A       		.uleb128 0x3a
 1278 00e2 0B       		.uleb128 0xb
 1279 00e3 3B       		.uleb128 0x3b
 1280 00e4 0B       		.uleb128 0xb
 1281 00e5 27       		.uleb128 0x27
 1282 00e6 0C       		.uleb128 0xc
 1283 00e7 49       		.uleb128 0x49
 1284 00e8 13       		.uleb128 0x13
 1285 00e9 11       		.uleb128 0x11
 1286 00ea 01       		.uleb128 0x1
 1287 00eb 12       		.uleb128 0x12
 1288 00ec 01       		.uleb128 0x1
 1289 00ed 40       		.uleb128 0x40
 1290 00ee 0A       		.uleb128 0xa
 1291 00ef 9742     		.uleb128 0x2117
 1292 00f1 0C       		.uleb128 0xc
 1293 00f2 01       		.uleb128 0x1
 1294 00f3 13       		.uleb128 0x13
 1295 00f4 00       		.byte	0
 1296 00f5 00       		.byte	0
 1297 00f6 14       		.uleb128 0x14
 1298 00f7 34       		.uleb128 0x34
 1299 00f8 00       		.byte	0
 1300 00f9 03       		.uleb128 0x3
 1301 00fa 08       		.uleb128 0x8
 1302 00fb 3A       		.uleb128 0x3a
 1303 00fc 0B       		.uleb128 0xb
 1304 00fd 3B       		.uleb128 0x3b
 1305 00fe 0B       		.uleb128 0xb
 1306 00ff 49       		.uleb128 0x49
 1307 0100 13       		.uleb128 0x13
 1308 0101 02       		.uleb128 0x2
 1309 0102 0A       		.uleb128 0xa
 1310 0103 00       		.byte	0
 1311 0104 00       		.byte	0
ARM GAS  /var/folders/dt/0wfd0knj7gs46m8vwfzktm600000gn/T//cc3nXhhv.s 			page 24


 1312 0105 15       		.uleb128 0x15
 1313 0106 0B       		.uleb128 0xb
 1314 0107 01       		.byte	0x1
 1315 0108 11       		.uleb128 0x11
 1316 0109 01       		.uleb128 0x1
 1317 010a 12       		.uleb128 0x12
 1318 010b 01       		.uleb128 0x1
 1319 010c 01       		.uleb128 0x1
 1320 010d 13       		.uleb128 0x13
 1321 010e 00       		.byte	0
 1322 010f 00       		.byte	0
 1323 0110 16       		.uleb128 0x16
 1324 0111 34       		.uleb128 0x34
 1325 0112 00       		.byte	0
 1326 0113 03       		.uleb128 0x3
 1327 0114 08       		.uleb128 0x8
 1328 0115 3A       		.uleb128 0x3a
 1329 0116 0B       		.uleb128 0xb
 1330 0117 3B       		.uleb128 0x3b
 1331 0118 0B       		.uleb128 0xb
 1332 0119 49       		.uleb128 0x49
 1333 011a 13       		.uleb128 0x13
 1334 011b 02       		.uleb128 0x2
 1335 011c 06       		.uleb128 0x6
 1336 011d 00       		.byte	0
 1337 011e 00       		.byte	0
 1338 011f 17       		.uleb128 0x17
 1339 0120 0B       		.uleb128 0xb
 1340 0121 01       		.byte	0x1
 1341 0122 55       		.uleb128 0x55
 1342 0123 06       		.uleb128 0x6
 1343 0124 00       		.byte	0
 1344 0125 00       		.byte	0
 1345 0126 18       		.uleb128 0x18
 1346 0127 2E       		.uleb128 0x2e
 1347 0128 01       		.byte	0x1
 1348 0129 3F       		.uleb128 0x3f
 1349 012a 0C       		.uleb128 0xc
 1350 012b 03       		.uleb128 0x3
 1351 012c 0E       		.uleb128 0xe
 1352 012d 3A       		.uleb128 0x3a
 1353 012e 0B       		.uleb128 0xb
 1354 012f 3B       		.uleb128 0x3b
 1355 0130 0B       		.uleb128 0xb
 1356 0131 27       		.uleb128 0x27
 1357 0132 0C       		.uleb128 0xc
 1358 0133 49       		.uleb128 0x49
 1359 0134 13       		.uleb128 0x13
 1360 0135 11       		.uleb128 0x11
 1361 0136 01       		.uleb128 0x1
 1362 0137 12       		.uleb128 0x12
 1363 0138 01       		.uleb128 0x1
 1364 0139 40       		.uleb128 0x40
 1365 013a 06       		.uleb128 0x6
 1366 013b 9742     		.uleb128 0x2117
 1367 013d 0C       		.uleb128 0xc
 1368 013e 01       		.uleb128 0x1
ARM GAS  /var/folders/dt/0wfd0knj7gs46m8vwfzktm600000gn/T//cc3nXhhv.s 			page 25


 1369 013f 13       		.uleb128 0x13
 1370 0140 00       		.byte	0
 1371 0141 00       		.byte	0
 1372 0142 19       		.uleb128 0x19
 1373 0143 05       		.uleb128 0x5
 1374 0144 00       		.byte	0
 1375 0145 03       		.uleb128 0x3
 1376 0146 08       		.uleb128 0x8
 1377 0147 3A       		.uleb128 0x3a
 1378 0148 0B       		.uleb128 0xb
 1379 0149 3B       		.uleb128 0x3b
 1380 014a 0B       		.uleb128 0xb
 1381 014b 49       		.uleb128 0x49
 1382 014c 13       		.uleb128 0x13
 1383 014d 02       		.uleb128 0x2
 1384 014e 06       		.uleb128 0x6
 1385 014f 00       		.byte	0
 1386 0150 00       		.byte	0
 1387 0151 1A       		.uleb128 0x1a
 1388 0152 898201   		.uleb128 0x4109
 1389 0155 00       		.byte	0
 1390 0156 11       		.uleb128 0x11
 1391 0157 01       		.uleb128 0x1
 1392 0158 31       		.uleb128 0x31
 1393 0159 13       		.uleb128 0x13
 1394 015a 00       		.byte	0
 1395 015b 00       		.byte	0
 1396 015c 1B       		.uleb128 0x1b
 1397 015d 34       		.uleb128 0x34
 1398 015e 00       		.byte	0
 1399 015f 03       		.uleb128 0x3
 1400 0160 0E       		.uleb128 0xe
 1401 0161 3A       		.uleb128 0x3a
 1402 0162 0B       		.uleb128 0xb
 1403 0163 3B       		.uleb128 0x3b
 1404 0164 0B       		.uleb128 0xb
 1405 0165 49       		.uleb128 0x49
 1406 0166 13       		.uleb128 0x13
 1407 0167 3F       		.uleb128 0x3f
 1408 0168 0C       		.uleb128 0xc
 1409 0169 3C       		.uleb128 0x3c
 1410 016a 0C       		.uleb128 0xc
 1411 016b 00       		.byte	0
 1412 016c 00       		.byte	0
 1413 016d 1C       		.uleb128 0x1c
 1414 016e 34       		.uleb128 0x34
 1415 016f 00       		.byte	0
 1416 0170 03       		.uleb128 0x3
 1417 0171 0E       		.uleb128 0xe
 1418 0172 3A       		.uleb128 0x3a
 1419 0173 0B       		.uleb128 0xb
 1420 0174 3B       		.uleb128 0x3b
 1421 0175 0B       		.uleb128 0xb
 1422 0176 49       		.uleb128 0x49
 1423 0177 13       		.uleb128 0x13
 1424 0178 3F       		.uleb128 0x3f
 1425 0179 0C       		.uleb128 0xc
ARM GAS  /var/folders/dt/0wfd0knj7gs46m8vwfzktm600000gn/T//cc3nXhhv.s 			page 26


 1426 017a 02       		.uleb128 0x2
 1427 017b 0A       		.uleb128 0xa
 1428 017c 00       		.byte	0
 1429 017d 00       		.byte	0
 1430 017e 1D       		.uleb128 0x1d
 1431 017f 2E       		.uleb128 0x2e
 1432 0180 01       		.byte	0x1
 1433 0181 3F       		.uleb128 0x3f
 1434 0182 0C       		.uleb128 0xc
 1435 0183 03       		.uleb128 0x3
 1436 0184 0E       		.uleb128 0xe
 1437 0185 3A       		.uleb128 0x3a
 1438 0186 0B       		.uleb128 0xb
 1439 0187 3B       		.uleb128 0x3b
 1440 0188 0B       		.uleb128 0xb
 1441 0189 27       		.uleb128 0x27
 1442 018a 0C       		.uleb128 0xc
 1443 018b 3C       		.uleb128 0x3c
 1444 018c 0C       		.uleb128 0xc
 1445 018d 00       		.byte	0
 1446 018e 00       		.byte	0
 1447 018f 1E       		.uleb128 0x1e
 1448 0190 05       		.uleb128 0x5
 1449 0191 00       		.byte	0
 1450 0192 49       		.uleb128 0x49
 1451 0193 13       		.uleb128 0x13
 1452 0194 00       		.byte	0
 1453 0195 00       		.byte	0
 1454 0196 00       		.byte	0
 1455              		.section	.debug_loc,"",%progbits
 1456              	.Ldebug_loc0:
 1457              	.LLST0:
 1458 0000 06000000 		.4byte	.LVL1
 1459 0004 0A000000 		.4byte	.LVL2
 1460 0008 0100     		.2byte	0x1
 1461 000a 53       		.byte	0x53
 1462 000b 00000000 		.4byte	0
 1463 000f 00000000 		.4byte	0
 1464              	.LLST1:
 1465 0013 1C000000 		.4byte	.LVL5
 1466 0017 1E000000 		.4byte	.LFE7
 1467 001b 0100     		.2byte	0x1
 1468 001d 53       		.byte	0x53
 1469 001e 00000000 		.4byte	0
 1470 0022 00000000 		.4byte	0
 1471              	.LLST2:
 1472 0026 00000000 		.4byte	.LFB8
 1473 002a 02000000 		.4byte	.LCFI0
 1474 002e 0200     		.2byte	0x2
 1475 0030 7D       		.byte	0x7d
 1476 0031 00       		.sleb128 0
 1477 0032 02000000 		.4byte	.LCFI0
 1478 0036 2C000000 		.4byte	.LFE8
 1479 003a 0200     		.2byte	0x2
 1480 003c 7D       		.byte	0x7d
 1481 003d 08       		.sleb128 8
 1482 003e 00000000 		.4byte	0
ARM GAS  /var/folders/dt/0wfd0knj7gs46m8vwfzktm600000gn/T//cc3nXhhv.s 			page 27


 1483 0042 00000000 		.4byte	0
 1484              	.LLST3:
 1485 0046 00000000 		.4byte	.LVL6
 1486 004a 1F000000 		.4byte	.LVL14-1
 1487 004e 0100     		.2byte	0x1
 1488 0050 50       		.byte	0x50
 1489 0051 1F000000 		.4byte	.LVL14-1
 1490 0055 24000000 		.4byte	.LVL15
 1491 0059 0400     		.2byte	0x4
 1492 005b F3       		.byte	0xf3
 1493 005c 01       		.uleb128 0x1
 1494 005d 50       		.byte	0x50
 1495 005e 9F       		.byte	0x9f
 1496 005f 24000000 		.4byte	.LVL15
 1497 0063 2C000000 		.4byte	.LFE8
 1498 0067 0100     		.2byte	0x1
 1499 0069 50       		.byte	0x50
 1500 006a 00000000 		.4byte	0
 1501 006e 00000000 		.4byte	0
 1502              	.LLST4:
 1503 0072 0C000000 		.4byte	.LVL10
 1504 0076 26000000 		.4byte	.LVL16
 1505 007a 0100     		.2byte	0x1
 1506 007c 54       		.byte	0x54
 1507 007d 26000000 		.4byte	.LVL16
 1508 0081 2C000000 		.4byte	.LFE8
 1509 0085 0200     		.2byte	0x2
 1510 0087 70       		.byte	0x70
 1511 0088 10       		.sleb128 16
 1512 0089 00000000 		.4byte	0
 1513 008d 00000000 		.4byte	0
 1514              	.LLST5:
 1515 0091 08000000 		.4byte	.LVL8
 1516 0095 0A000000 		.4byte	.LVL9
 1517 0099 0100     		.2byte	0x1
 1518 009b 53       		.byte	0x53
 1519 009c 00000000 		.4byte	0
 1520 00a0 00000000 		.4byte	0
 1521              	.LLST6:
 1522 00a4 1C000000 		.4byte	.LVL13
 1523 00a8 1F000000 		.4byte	.LVL14-1
 1524 00ac 0100     		.2byte	0x1
 1525 00ae 53       		.byte	0x53
 1526 00af 00000000 		.4byte	0
 1527 00b3 00000000 		.4byte	0
 1528              		.section	.debug_aranges,"",%progbits
 1529 0000 24000000 		.4byte	0x24
 1530 0004 0200     		.2byte	0x2
 1531 0006 00000000 		.4byte	.Ldebug_info0
 1532 000a 04       		.byte	0x4
 1533 000b 00       		.byte	0
 1534 000c 0000     		.2byte	0
 1535 000e 0000     		.2byte	0
 1536 0010 00000000 		.4byte	.LFB7
 1537 0014 1E000000 		.4byte	.LFE7-.LFB7
 1538 0018 00000000 		.4byte	.LFB8
 1539 001c 2C000000 		.4byte	.LFE8-.LFB8
ARM GAS  /var/folders/dt/0wfd0knj7gs46m8vwfzktm600000gn/T//cc3nXhhv.s 			page 28


 1540 0020 00000000 		.4byte	0
 1541 0024 00000000 		.4byte	0
 1542              		.section	.debug_ranges,"",%progbits
 1543              	.Ldebug_ranges0:
 1544 0000 10000000 		.4byte	.LBB3
 1545 0004 12000000 		.4byte	.LBE3
 1546 0008 18000000 		.4byte	.LBB4
 1547 000c 1C000000 		.4byte	.LBE4
 1548 0010 00000000 		.4byte	0
 1549 0014 00000000 		.4byte	0
 1550 0018 00000000 		.4byte	.LFB7
 1551 001c 1E000000 		.4byte	.LFE7
 1552 0020 00000000 		.4byte	.LFB8
 1553 0024 2C000000 		.4byte	.LFE8
 1554 0028 00000000 		.4byte	0
 1555 002c 00000000 		.4byte	0
 1556              		.section	.debug_line,"",%progbits
 1557              	.Ldebug_line0:
 1558 0000 EF010000 		.section	.debug_str,"MS",%progbits,1
 1558      0200B801 
 1558      00000201 
 1558      FB0E0D00 
 1558      01010101 
 1559              	.LASF74:
 1560 0000 63665F6F 		.ascii	"cf_off_older\000"
 1560      66665F6F 
 1560      6C646572 
 1560      00
 1561              	.LASF36:
 1562 000d 705F6D73 		.ascii	"p_msg\000"
 1562      6700
 1563              	.LASF2:
 1564 0013 73697A65 		.ascii	"size_t\000"
 1564      5F7400
 1565              	.LASF89:
 1566 001a 2F557365 		.ascii	"/Users/toxygen/Projects/UAV/Control_sytem/sw/autopi"
 1566      72732F74 
 1566      6F787967 
 1566      656E2F50 
 1566      726F6A65 
 1567 004d 6C6F742F 		.ascii	"lot/2.4.3/demos/STM32F103-sdspi\000"
 1567      322E342E 
 1567      332F6465 
 1567      6D6F732F 
 1567      53544D33 
 1568              	.LASF59:
 1569 006d 7264796D 		.ascii	"rdymsg\000"
 1569      736700
 1570              	.LASF13:
 1571 0074 6C6F6E67 		.ascii	"long long unsigned int\000"
 1571      206C6F6E 
 1571      6720756E 
 1571      7369676E 
 1571      65642069 
 1572              	.LASF70:
 1573 008b 63685F74 		.ascii	"ch_threadsize\000"
 1573      68726561 
ARM GAS  /var/folders/dt/0wfd0knj7gs46m8vwfzktm600000gn/T//cc3nXhhv.s 			page 29


 1573      6473697A 
 1573      6500
 1574              	.LASF60:
 1575 0099 65786974 		.ascii	"exitcode\000"
 1575      636F6465 
 1575      00
 1576              	.LASF83:
 1577 00a2 63685265 		.ascii	"chRegFirstThread\000"
 1577      67466972 
 1577      73745468 
 1577      72656164 
 1577      00
 1578              	.LASF25:
 1579 00b3 705F7072 		.ascii	"p_prio\000"
 1579      696F00
 1580              	.LASF77:
 1581 00ba 63665F6F 		.ascii	"cf_off_state\000"
 1581      66665F73 
 1581      74617465 
 1581      00
 1582              	.LASF12:
 1583 00c7 6C6F6E67 		.ascii	"long long int\000"
 1583      206C6F6E 
 1583      6720696E 
 1583      7400
 1584              	.LASF1:
 1585 00d5 7369676E 		.ascii	"signed char\000"
 1585      65642063 
 1585      68617200 
 1586              	.LASF76:
 1587 00e1 63665F6F 		.ascii	"cf_off_stklimit\000"
 1587      66665F73 
 1587      746B6C69 
 1587      6D697400 
 1588              	.LASF78:
 1589 00f1 63665F6F 		.ascii	"cf_off_flags\000"
 1589      66665F66 
 1589      6C616773 
 1589      00
 1590              	.LASF40:
 1591 00fe 705F6D70 		.ascii	"p_mpool\000"
 1591      6F6F6C00 
 1592              	.LASF56:
 1593 0106 6D5F7175 		.ascii	"m_queue\000"
 1593      65756500 
 1594              	.LASF64:
 1595 010e 63685F69 		.ascii	"ch_identifier\000"
 1595      64656E74 
 1595      69666965 
 1595      7200
 1596              	.LASF9:
 1597 011c 6C6F6E67 		.ascii	"long int\000"
 1597      20696E74 
 1597      00
 1598              	.LASF15:
 1599 0125 74737461 		.ascii	"tstate_t\000"
 1599      74655F74 
ARM GAS  /var/folders/dt/0wfd0knj7gs46m8vwfzktm600000gn/T//cc3nXhhv.s 			page 30


 1599      00
 1600              	.LASF6:
 1601 012e 75696E74 		.ascii	"uint16_t\000"
 1601      31365F74 
 1601      00
 1602              	.LASF82:
 1603 0137 63686465 		.ascii	"chdebug_t\000"
 1603      6275675F 
 1603      7400
 1604              	.LASF27:
 1605 0141 705F6E65 		.ascii	"p_newer\000"
 1605      77657200 
 1606              	.LASF50:
 1607 0149 725F6E65 		.ascii	"r_newer\000"
 1607      77657200 
 1608              	.LASF43:
 1609 0151 72656761 		.ascii	"regarm_t\000"
 1609      726D5F74 
 1609      00
 1610              	.LASF21:
 1611 015a 636E745F 		.ascii	"cnt_t\000"
 1611      7400
 1612              	.LASF0:
 1613 0160 756E7369 		.ascii	"unsigned int\000"
 1613      676E6564 
 1613      20696E74 
 1613      00
 1614              	.LASF11:
 1615 016d 6C6F6E67 		.ascii	"long unsigned int\000"
 1615      20756E73 
 1615      69676E65 
 1615      6420696E 
 1615      7400
 1616              	.LASF86:
 1617 017f 63685F64 		.ascii	"ch_debug\000"
 1617      65627567 
 1617      00
 1618              	.LASF45:
 1619 0188 636F6E74 		.ascii	"context\000"
 1619      65787400 
 1620              	.LASF7:
 1621 0190 73686F72 		.ascii	"short unsigned int\000"
 1621      7420756E 
 1621      7369676E 
 1621      65642069 
 1621      6E7400
 1622              	.LASF18:
 1623 01a3 6D73675F 		.ascii	"msg_t\000"
 1623      7400
 1624              	.LASF14:
 1625 01a9 746D6F64 		.ascii	"tmode_t\000"
 1625      655F7400 
 1626              	.LASF42:
 1627 01b1 54687265 		.ascii	"ThreadsList\000"
 1627      6164734C 
 1627      69737400 
 1628              	.LASF19:
ARM GAS  /var/folders/dt/0wfd0knj7gs46m8vwfzktm600000gn/T//cc3nXhhv.s 			page 31


 1629 01bd 6576656E 		.ascii	"eventmask_t\000"
 1629      746D6173 
 1629      6B5F7400 
 1630              	.LASF55:
 1631 01c9 4D757465 		.ascii	"Mutex\000"
 1631      7800
 1632              	.LASF65:
 1633 01cf 63685F7A 		.ascii	"ch_zero\000"
 1633      65726F00 
 1634              	.LASF79:
 1635 01d7 63665F6F 		.ascii	"cf_off_refs\000"
 1635      66665F72 
 1635      65667300 
 1636              	.LASF46:
 1637 01e3 73697A65 		.ascii	"sizetype\000"
 1637      74797065 
 1637      00
 1638              	.LASF69:
 1639 01ec 63685F74 		.ascii	"ch_timesize\000"
 1639      696D6573 
 1639      697A6500 
 1640              	.LASF75:
 1641 01f8 63665F6F 		.ascii	"cf_off_name\000"
 1641      66665F6E 
 1641      616D6500 
 1642              	.LASF28:
 1643 0204 705F6F6C 		.ascii	"p_older\000"
 1643      64657200 
 1644              	.LASF49:
 1645 020c 725F6374 		.ascii	"r_ctx\000"
 1645      7800
 1646              	.LASF41:
 1647 0212 54687265 		.ascii	"ThreadsQueue\000"
 1647      61647351 
 1647      75657565 
 1647      00
 1648              	.LASF66:
 1649 021f 63685F73 		.ascii	"ch_size\000"
 1649      697A6500 
 1650              	.LASF87:
 1651 0227 474E5520 		.ascii	"GNU C 4.7.2\000"
 1651      4320342E 
 1651      372E3200 
 1652              	.LASF53:
 1653 0233 725F6375 		.ascii	"r_current\000"
 1653      7272656E 
 1653      7400
 1654              	.LASF51:
 1655 023d 725F6F6C 		.ascii	"r_older\000"
 1655      64657200 
 1656              	.LASF16:
 1657 0245 74726566 		.ascii	"trefs_t\000"
 1657      735F7400 
 1658              	.LASF68:
 1659 024d 63685F70 		.ascii	"ch_ptrsize\000"
 1659      74727369 
 1659      7A6500
ARM GAS  /var/folders/dt/0wfd0knj7gs46m8vwfzktm600000gn/T//cc3nXhhv.s 			page 32


 1660              	.LASF24:
 1661 0258 705F7072 		.ascii	"p_prev\000"
 1661      657600
 1662              	.LASF17:
 1663 025f 74707269 		.ascii	"tprio_t\000"
 1663      6F5F7400 
 1664              	.LASF8:
 1665 0267 696E7433 		.ascii	"int32_t\000"
 1665      325F7400 
 1666              	.LASF4:
 1667 026f 756E7369 		.ascii	"unsigned char\000"
 1667      676E6564 
 1667      20636861 
 1667      7200
 1668              	.LASF38:
 1669 027d 705F6D74 		.ascii	"p_mtxlist\000"
 1669      786C6973 
 1669      7400
 1670              	.LASF5:
 1671 0287 73686F72 		.ascii	"short int\000"
 1671      7420696E 
 1671      7400
 1672              	.LASF30:
 1673 0291 705F7374 		.ascii	"p_state\000"
 1673      61746500 
 1674              	.LASF81:
 1675 0299 63665F6F 		.ascii	"cf_off_time\000"
 1675      66665F74 
 1675      696D6500 
 1676              	.LASF48:
 1677 02a5 725F7072 		.ascii	"r_prio\000"
 1677      696F00
 1678              	.LASF62:
 1679 02ac 65776D61 		.ascii	"ewmask\000"
 1679      736B00
 1680              	.LASF23:
 1681 02b3 705F6E65 		.ascii	"p_next\000"
 1681      787400
 1682              	.LASF80:
 1683 02ba 63665F6F 		.ascii	"cf_off_preempt\000"
 1683      66665F70 
 1683      7265656D 
 1683      707400
 1684              	.LASF31:
 1685 02c9 705F666C 		.ascii	"p_flags\000"
 1685      61677300 
 1686              	.LASF90:
 1687 02d1 63685468 		.ascii	"chThdRelease\000"
 1687      6452656C 
 1687      65617365 
 1687      00
 1688              	.LASF22:
 1689 02de 54687265 		.ascii	"Thread\000"
 1689      616400
 1690              	.LASF73:
 1691 02e5 63665F6F 		.ascii	"cf_off_newer\000"
 1691      66665F6E 
ARM GAS  /var/folders/dt/0wfd0knj7gs46m8vwfzktm600000gn/T//cc3nXhhv.s 			page 33


 1691      65776572 
 1691      00
 1692              	.LASF37:
 1693 02f2 705F6570 		.ascii	"p_epending\000"
 1693      656E6469 
 1693      6E6700
 1694              	.LASF10:
 1695 02fd 75696E74 		.ascii	"uint32_t\000"
 1695      33325F74 
 1695      00
 1696              	.LASF71:
 1697 0306 63665F6F 		.ascii	"cf_off_prio\000"
 1697      66665F70 
 1697      72696F00 
 1698              	.LASF47:
 1699 0312 725F7175 		.ascii	"r_queue\000"
 1699      65756500 
 1700              	.LASF63:
 1701 031a 63686172 		.ascii	"char\000"
 1701      00
 1702              	.LASF84:
 1703 031f 63685265 		.ascii	"chRegNextThread\000"
 1703      674E6578 
 1703      74546872 
 1703      65616400 
 1704              	.LASF58:
 1705 032f 6D5F6E65 		.ascii	"m_next\000"
 1705      787400
 1706              	.LASF20:
 1707 0336 73797374 		.ascii	"systime_t\000"
 1707      696D655F 
 1707      7400
 1708              	.LASF39:
 1709 0340 705F7265 		.ascii	"p_realprio\000"
 1709      616C7072 
 1709      696F00
 1710              	.LASF33:
 1711 034b 705F7469 		.ascii	"p_time\000"
 1711      6D6500
 1712              	.LASF44:
 1713 0352 696E7463 		.ascii	"intctx\000"
 1713      747800
 1714              	.LASF35:
 1715 0359 705F6D73 		.ascii	"p_msgqueue\000"
 1715      67717565 
 1715      756500
 1716              	.LASF88:
 1717 0364 2E2E2F2E 		.ascii	"../../os/kernel/src/chregistry.c\000"
 1717      2E2F6F73 
 1717      2F6B6572 
 1717      6E656C2F 
 1717      7372632F 
 1718              	.LASF72:
 1719 0385 63665F6F 		.ascii	"cf_off_ctx\000"
 1719      66665F63 
 1719      747800
 1720              	.LASF32:
ARM GAS  /var/folders/dt/0wfd0knj7gs46m8vwfzktm600000gn/T//cc3nXhhv.s 			page 34


 1721 0390 705F7265 		.ascii	"p_refs\000"
 1721      667300
 1722              	.LASF54:
 1723 0397 52656164 		.ascii	"ReadyList\000"
 1723      794C6973 
 1723      7400
 1724              	.LASF85:
 1725 03a1 726C6973 		.ascii	"rlist\000"
 1725      7400
 1726              	.LASF3:
 1727 03a7 75696E74 		.ascii	"uint8_t\000"
 1727      385F7400 
 1728              	.LASF61:
 1729 03af 77746F62 		.ascii	"wtobjp\000"
 1729      6A7000
 1730              	.LASF29:
 1731 03b6 705F6E61 		.ascii	"p_name\000"
 1731      6D6500
 1732              	.LASF67:
 1733 03bd 63685F76 		.ascii	"ch_version\000"
 1733      65727369 
 1733      6F6E00
 1734              	.LASF52:
 1735 03c8 725F7072 		.ascii	"r_preempt\000"
 1735      65656D70 
 1735      7400
 1736              	.LASF57:
 1737 03d2 6D5F6F77 		.ascii	"m_owner\000"
 1737      6E657200 
 1738              	.LASF26:
 1739 03da 705F6374 		.ascii	"p_ctx\000"
 1739      7800
 1740              	.LASF34:
 1741 03e0 705F7761 		.ascii	"p_waiting\000"
 1741      6974696E 
 1741      6700
 1742              		.ident	"GCC: (GNU) 4.7.2"
ARM GAS  /var/folders/dt/0wfd0knj7gs46m8vwfzktm600000gn/T//cc3nXhhv.s 			page 35


DEFINED SYMBOLS
                            *ABS*:0000000000000000 chregistry.c
/var/folders/dt/0wfd0knj7gs46m8vwfzktm600000gn/T//cc3nXhhv.s:19     .text.chRegFirstThread:0000000000000000 $t
/var/folders/dt/0wfd0knj7gs46m8vwfzktm600000gn/T//cc3nXhhv.s:25     .text.chRegFirstThread:0000000000000000 chRegFirstThread
/var/folders/dt/0wfd0knj7gs46m8vwfzktm600000gn/T//cc3nXhhv.s:72     .text.chRegNextThread:0000000000000000 $t
/var/folders/dt/0wfd0knj7gs46m8vwfzktm600000gn/T//cc3nXhhv.s:78     .text.chRegNextThread:0000000000000000 chRegNextThread
/var/folders/dt/0wfd0knj7gs46m8vwfzktm600000gn/T//cc3nXhhv.s:140    .text.chRegNextThread:0000000000000028 $d
/var/folders/dt/0wfd0knj7gs46m8vwfzktm600000gn/T//cc3nXhhv.s:149    .rodata.ch_debug:0000000000000000 ch_debug
/var/folders/dt/0wfd0knj7gs46m8vwfzktm600000gn/T//cc3nXhhv.s:146    .rodata.ch_debug:0000000000000000 $d
                     .debug_frame:0000000000000010 $d
/var/folders/dt/0wfd0knj7gs46m8vwfzktm600000gn/T//cc3nXhhv.s:145    .text.chRegNextThread:000000000000002c $t

UNDEFINED SYMBOLS
rlist
chThdRelease
