ARM GAS  /var/folders/dt/0wfd0knj7gs46m8vwfzktm600000gn/T//cccOqqBr.s 			page 1


   1              		.syntax unified
   2              		.cpu cortex-m3
   3              		.fpu softvfp
   4              		.eabi_attribute 20, 1
   5              		.eabi_attribute 21, 1
   6              		.eabi_attribute 23, 3
   7              		.eabi_attribute 24, 1
   8              		.eabi_attribute 25, 1
   9              		.eabi_attribute 26, 1
  10              		.eabi_attribute 30, 2
  11              		.eabi_attribute 34, 1
  12              		.eabi_attribute 18, 4
  13              		.thumb
  14              		.file	"hal.c"
  15              		.text
  16              	.Ltext0:
  17              		.cfi_sections	.debug_frame
  18              		.section	.text.halInit,"ax",%progbits
  19              		.align	2
  20              		.p2align 4,,15
  21              		.global	halInit
  22              		.thumb
  23              		.thumb_func
  24              		.type	halInit, %function
  25              	halInit:
  26              	.LFB62:
  27              		.file 1 "../../os/hal/src/hal.c"
  28              		.loc 1 68 0
  29              		.cfi_startproc
  30              		@ args = 0, pretend = 0, frame = 0
  31              		@ frame_needed = 0, uses_anonymous_args = 0
  32 0000 08B5     		push	{r3, lr}
  33              	.LCFI0:
  34              		.cfi_def_cfa_offset 8
  35              		.cfi_offset 3, -8
  36              		.cfi_offset 14, -4
  37              		.loc 1 70 0
  38 0002 FFF7FEFF 		bl	hal_lld_init
  39              	.LVL0:
  40              		.loc 1 73 0
  41 0006 FFF7FEFF 		bl	tmInit
  42              	.LVL1:
  43              		.loc 1 76 0
  44 000a 40F20000 		movw	r0, #:lower16:pal_default_config
  45 000e C0F20000 		movt	r0, #:upper16:pal_default_config
  46 0012 FFF7FEFF 		bl	_pal_lld_init
  47              	.LVL2:
  48              		.loc 1 103 0
  49 0016 FFF7FEFF 		bl	sdInit
  50              	.LVL3:
  51              		.loc 1 109 0
  52 001a FFF7FEFF 		bl	spiInit
  53              	.LVL4:
  54              		.loc 1 118 0
  55 001e FFF7FEFF 		bl	mmcInit
  56              	.LVL5:
  57              		.loc 1 128 0
ARM GAS  /var/folders/dt/0wfd0knj7gs46m8vwfzktm600000gn/T//cccOqqBr.s 			page 2


  58 0022 BDE80840 		pop	{r3, lr}
  59              		.loc 1 127 0
  60 0026 FFF7FEBF 		b	boardInit
  61              	.LVL6:
  62              		.cfi_endproc
  63              	.LFE62:
  64              		.size	halInit, .-halInit
  65 002a 00BFAFF3 		.section	.text.halIsCounterWithin,"ax",%progbits
  65      0080
  66              		.align	2
  67              		.p2align 4,,15
  68              		.global	halIsCounterWithin
  69              		.thumb
  70              		.thumb_func
  71              		.type	halIsCounterWithin, %function
  72              	halIsCounterWithin:
  73              	.LFB63:
  74              		.loc 1 174 0
  75              		.cfi_startproc
  76              		@ args = 0, pretend = 0, frame = 0
  77              		@ frame_needed = 0, uses_anonymous_args = 0
  78              		@ link register save eliminated.
  79              	.LVL7:
  80              		.loc 1 175 0
  81 0000 4FF48053 		mov	r3, #4096
  82 0004 CEF20003 		movt	r3, 57344
  83              		.loc 1 177 0
  84 0008 8142     		cmp	r1, r0
  85              		.loc 1 174 0
  86 000a 0246     		mov	r2, r0
  87              		.loc 1 175 0
  88 000c 5B68     		ldr	r3, [r3, #4]
  89              	.LVL8:
  90              		.loc 1 177 0
  91 000e 09D8     		bhi	.L6
  92              		.loc 1 178 0 discriminator 2
  93 0010 8342     		cmp	r3, r0
  94 0012 34BF     		ite	cc
  95 0014 0022     		movcc	r2, #0
  96 0016 0122     		movcs	r2, #1
  97              		.loc 1 177 0 discriminator 2
  98 0018 8B42     		cmp	r3, r1
  99 001a 2CBF     		ite	cs
 100 001c 1046     		movcs	r0, r2
 101 001e 42F00100 		orrcc	r0, r2, #1
 102              	.LVL9:
 103              		.loc 1 179 0 discriminator 2
 104 0022 7047     		bx	lr
 105              	.LVL10:
 106              	.L6:
 107              		.loc 1 177 0 discriminator 1
 108 0024 8B42     		cmp	r3, r1
 109 0026 2CBF     		ite	cs
 110 0028 0020     		movcs	r0, #0
 111              	.LVL11:
 112 002a 0120     		movcc	r0, #1
 113 002c 9342     		cmp	r3, r2
ARM GAS  /var/folders/dt/0wfd0knj7gs46m8vwfzktm600000gn/T//cccOqqBr.s 			page 3


 114 002e 38BF     		it	cc
 115 0030 0020     		movcc	r0, #0
 116 0032 7047     		bx	lr
 117              		.cfi_endproc
 118              	.LFE63:
 119              		.size	halIsCounterWithin, .-halIsCounterWithin
 120 0034 AFF30080 		.section	.text.halPolledDelay,"ax",%progbits
 120      AFF30080 
 120      AFF30080 
 121              		.align	2
 122              		.p2align 4,,15
 123              		.global	halPolledDelay
 124              		.thumb
 125              		.thumb_func
 126              		.type	halPolledDelay, %function
 127              	halPolledDelay:
 128              	.LFB64:
 129              		.loc 1 193 0
 130              		.cfi_startproc
 131              		@ args = 0, pretend = 0, frame = 0
 132              		@ frame_needed = 0, uses_anonymous_args = 0
 133              		@ link register save eliminated.
 134              	.LVL12:
 135 0000 10B4     		push	{r4}
 136              	.LCFI1:
 137              		.cfi_def_cfa_offset 4
 138              		.cfi_offset 4, -4
 139              		.loc 1 194 0
 140 0002 4FF48054 		mov	r4, #4096
 141 0006 CEF20004 		movt	r4, 57344
 142 000a 6268     		ldr	r2, [r4, #4]
 143              	.LVL13:
 144              		.loc 1 195 0
 145 000c 8018     		adds	r0, r0, r2
 146              	.LVL14:
 147              	.L10:
 148              	.LBB4:
 149              	.LBB5:
 150              		.loc 1 177 0 discriminator 1
 151 000e 8242     		cmp	r2, r0
 152              		.loc 1 175 0 discriminator 1
 153 0010 6368     		ldr	r3, [r4, #4]
 154              	.LVL15:
 155              		.loc 1 177 0 discriminator 1
 156 0012 0AD2     		bcs	.L8
 157              		.loc 1 177 0 is_stmt 0
 158 0014 9842     		cmp	r0, r3
 159 0016 94BF     		ite	ls
 160 0018 0021     		movls	r1, #0
 161 001a 0121     		movhi	r1, #1
 162 001c 9A42     		cmp	r2, r3
 163 001e 88BF     		it	hi
 164 0020 0021     		movhi	r1, #0
 165              	.LBE5:
 166              	.LBE4:
 167              		.loc 1 196 0 is_stmt 1
 168 0022 0029     		cmp	r1, #0
ARM GAS  /var/folders/dt/0wfd0knj7gs46m8vwfzktm600000gn/T//cccOqqBr.s 			page 4


 169 0024 F3D1     		bne	.L10
 170              	.L12:
 171              		.loc 1 198 0
 172 0026 10BC     		pop	{r4}
 173 0028 7047     		bx	lr
 174              	.L8:
 175              	.LBB7:
 176              	.LBB6:
 177              		.loc 1 178 0
 178 002a 9A42     		cmp	r2, r3
 179 002c 8CBF     		ite	hi
 180 002e 0021     		movhi	r1, #0
 181 0030 0121     		movls	r1, #1
 182              		.loc 1 177 0
 183 0032 9842     		cmp	r0, r3
 184 0034 88BF     		it	hi
 185 0036 41F00101 		orrhi	r1, r1, #1
 186              	.LBE6:
 187              	.LBE7:
 188              		.loc 1 196 0
 189 003a 0029     		cmp	r1, #0
 190 003c E7D1     		bne	.L10
 191 003e F2E7     		b	.L12
 192              		.cfi_endproc
 193              	.LFE64:
 194              		.size	halPolledDelay, .-halPolledDelay
 195              		.text
 196              	.Letext0:
 197              		.file 2 "/Users/toxygen/Applications/yagarto-4.7.2/bin/../lib/gcc/arm-none-eabi/4.7.2/../../../../
 198              		.file 3 "../../os/ports/GCC/ARMCMx/chtypes.h"
 199              		.file 4 "../../os/ports/common/ARMCMx/nvic.h"
 200              		.file 5 "../../os/hal/platforms/STM32F1xx/hal_lld.h"
 201              		.file 6 "../../os/hal/platforms/STM32/GPIOv1/pal_lld.h"
 202              		.file 7 "../../os/ports/common/ARMCMx/CMSIS/include/core_cm3.h"
 203              		.file 8 "../../os/hal/include/tm.h"
 204              		.file 9 "../../os/hal/include/serial.h"
 205              		.file 10 "../../os/hal/include/spi.h"
 206              		.file 11 "../../os/hal/include/mmc_spi.h"
 207              		.file 12 "../../boards/MLAB_STM32F10xRxT01A_SPI/board.h"
 208              		.section	.debug_info,"",%progbits
 209              	.Ldebug_info0:
 210 0000 A3030000 		.4byte	0x3a3
 211 0004 0200     		.2byte	0x2
 212 0006 00000000 		.4byte	.Ldebug_abbrev0
 213 000a 04       		.byte	0x4
 214 000b 01       		.uleb128 0x1
 215 000c A5010000 		.4byte	.LASF46
 216 0010 01       		.byte	0x1
 217 0011 4A010000 		.4byte	.LASF47
 218 0015 D8010000 		.4byte	.LASF48
 219 0019 30000000 		.4byte	.Ldebug_ranges0+0x30
 220 001d 00000000 		.4byte	0
 221 0021 00000000 		.4byte	0
 222 0025 00000000 		.4byte	.Ldebug_line0
 223 0029 02       		.uleb128 0x2
 224 002a 04       		.byte	0x4
 225 002b 05       		.byte	0x5
ARM GAS  /var/folders/dt/0wfd0knj7gs46m8vwfzktm600000gn/T//cccOqqBr.s 			page 5


 226 002c 696E7400 		.ascii	"int\000"
 227 0030 03       		.uleb128 0x3
 228 0031 04       		.byte	0x4
 229 0032 07       		.byte	0x7
 230 0033 30000000 		.4byte	.LASF0
 231 0037 03       		.uleb128 0x3
 232 0038 01       		.byte	0x1
 233 0039 06       		.byte	0x6
 234 003a 34020000 		.4byte	.LASF1
 235 003e 03       		.uleb128 0x3
 236 003f 01       		.byte	0x1
 237 0040 08       		.byte	0x8
 238 0041 73000000 		.4byte	.LASF2
 239 0045 03       		.uleb128 0x3
 240 0046 02       		.byte	0x2
 241 0047 05       		.byte	0x5
 242 0048 BF010000 		.4byte	.LASF3
 243 004c 03       		.uleb128 0x3
 244 004d 02       		.byte	0x2
 245 004e 07       		.byte	0x7
 246 004f C1000000 		.4byte	.LASF4
 247 0053 04       		.uleb128 0x4
 248 0054 79010000 		.4byte	.LASF6
 249 0058 02       		.byte	0x2
 250 0059 4F       		.byte	0x4f
 251 005a 5E000000 		.4byte	0x5e
 252 005e 03       		.uleb128 0x3
 253 005f 04       		.byte	0x4
 254 0060 05       		.byte	0x5
 255 0061 2B020000 		.4byte	.LASF5
 256 0065 04       		.uleb128 0x4
 257 0066 D4000000 		.4byte	.LASF7
 258 006a 02       		.byte	0x2
 259 006b 50       		.byte	0x50
 260 006c 70000000 		.4byte	0x70
 261 0070 03       		.uleb128 0x3
 262 0071 04       		.byte	0x4
 263 0072 07       		.byte	0x7
 264 0073 A2000000 		.4byte	.LASF8
 265 0077 03       		.uleb128 0x3
 266 0078 08       		.byte	0x8
 267 0079 05       		.byte	0x5
 268 007a 8A010000 		.4byte	.LASF9
 269 007e 03       		.uleb128 0x3
 270 007f 08       		.byte	0x8
 271 0080 07       		.byte	0x7
 272 0081 4A020000 		.4byte	.LASF10
 273 0085 04       		.uleb128 0x4
 274 0086 3D000000 		.4byte	.LASF11
 275 008a 03       		.byte	0x3
 276 008b 2E       		.byte	0x2e
 277 008c 53000000 		.4byte	0x53
 278 0090 04       		.uleb128 0x4
 279 0091 54000000 		.4byte	.LASF12
 280 0095 04       		.byte	0x4
 281 0096 3A       		.byte	0x3a
 282 0097 9B000000 		.4byte	0x9b
ARM GAS  /var/folders/dt/0wfd0knj7gs46m8vwfzktm600000gn/T//cccOqqBr.s 			page 6


 283 009b 05       		.uleb128 0x5
 284 009c 65000000 		.4byte	0x65
 285 00a0 03       		.uleb128 0x3
 286 00a1 04       		.byte	0x4
 287 00a2 07       		.byte	0x7
 288 00a3 81010000 		.4byte	.LASF13
 289 00a7 06       		.uleb128 0x6
 290 00a8 20       		.byte	0x20
 291 00a9 04       		.byte	0x4
 292 00aa 0601     		.2byte	0x106
 293 00ac 29010000 		.4byte	0x129
 294 00b0 07       		.uleb128 0x7
 295 00b1 61010000 		.4byte	.LASF14
 296 00b5 04       		.byte	0x4
 297 00b6 0701     		.2byte	0x107
 298 00b8 90000000 		.4byte	0x90
 299 00bc 02       		.byte	0x2
 300 00bd 23       		.byte	0x23
 301 00be 00       		.uleb128 0
 302 00bf 07       		.uleb128 0x7
 303 00c0 1D010000 		.4byte	.LASF15
 304 00c4 04       		.byte	0x4
 305 00c5 0801     		.2byte	0x108
 306 00c7 90000000 		.4byte	0x90
 307 00cb 02       		.byte	0x2
 308 00cc 23       		.byte	0x23
 309 00cd 04       		.uleb128 0x4
 310 00ce 07       		.uleb128 0x7
 311 00cf DD000000 		.4byte	.LASF16
 312 00d3 04       		.byte	0x4
 313 00d4 0901     		.2byte	0x109
 314 00d6 90000000 		.4byte	0x90
 315 00da 02       		.byte	0x2
 316 00db 23       		.byte	0x23
 317 00dc 08       		.uleb128 0x8
 318 00dd 07       		.uleb128 0x7
 319 00de 44000000 		.4byte	.LASF17
 320 00e2 04       		.byte	0x4
 321 00e3 0A01     		.2byte	0x10a
 322 00e5 90000000 		.4byte	0x90
 323 00e9 02       		.byte	0x2
 324 00ea 23       		.byte	0x23
 325 00eb 0C       		.uleb128 0xc
 326 00ec 07       		.uleb128 0x7
 327 00ed 4B000000 		.4byte	.LASF18
 328 00f1 04       		.byte	0x4
 329 00f2 0B01     		.2byte	0x10b
 330 00f4 90000000 		.4byte	0x90
 331 00f8 02       		.byte	0x2
 332 00f9 23       		.byte	0x23
 333 00fa 10       		.uleb128 0x10
 334 00fb 07       		.uleb128 0x7
 335 00fc 16010000 		.4byte	.LASF19
 336 0100 04       		.byte	0x4
 337 0101 0C01     		.2byte	0x10c
 338 0103 90000000 		.4byte	0x90
 339 0107 02       		.byte	0x2
ARM GAS  /var/folders/dt/0wfd0knj7gs46m8vwfzktm600000gn/T//cccOqqBr.s 			page 7


 340 0108 23       		.byte	0x23
 341 0109 14       		.uleb128 0x14
 342 010a 07       		.uleb128 0x7
 343 010b F1000000 		.4byte	.LASF20
 344 010f 04       		.byte	0x4
 345 0110 0D01     		.2byte	0x10d
 346 0112 90000000 		.4byte	0x90
 347 0116 02       		.byte	0x2
 348 0117 23       		.byte	0x23
 349 0118 18       		.uleb128 0x18
 350 0119 07       		.uleb128 0x7
 351 011a A0010000 		.4byte	.LASF21
 352 011e 04       		.byte	0x4
 353 011f 0E01     		.2byte	0x10e
 354 0121 90000000 		.4byte	0x90
 355 0125 02       		.byte	0x2
 356 0126 23       		.byte	0x23
 357 0127 1C       		.uleb128 0x1c
 358 0128 00       		.byte	0
 359 0129 08       		.uleb128 0x8
 360 012a D0010000 		.4byte	.LASF22
 361 012e 04       		.byte	0x4
 362 012f 0F01     		.2byte	0x10f
 363 0131 A7000000 		.4byte	0xa7
 364 0135 03       		.uleb128 0x3
 365 0136 01       		.byte	0x1
 366 0137 08       		.byte	0x8
 367 0138 45010000 		.4byte	.LASF23
 368 013c 05       		.uleb128 0x5
 369 013d 53000000 		.4byte	0x53
 370 0141 04       		.uleb128 0x4
 371 0142 3A010000 		.4byte	.LASF24
 372 0146 05       		.byte	0x5
 373 0147 D8       		.byte	0xd8
 374 0148 65000000 		.4byte	0x65
 375 014c 09       		.uleb128 0x9
 376 014d 0C       		.byte	0xc
 377 014e 06       		.byte	0x6
 378 014f 43       		.byte	0x43
 379 0150 7F010000 		.4byte	0x17f
 380 0154 0A       		.uleb128 0xa
 381 0155 6F647200 		.ascii	"odr\000"
 382 0159 06       		.byte	0x6
 383 015a 45       		.byte	0x45
 384 015b 65000000 		.4byte	0x65
 385 015f 02       		.byte	0x2
 386 0160 23       		.byte	0x23
 387 0161 00       		.uleb128 0
 388 0162 0A       		.uleb128 0xa
 389 0163 63726C00 		.ascii	"crl\000"
 390 0167 06       		.byte	0x6
 391 0168 47       		.byte	0x47
 392 0169 65000000 		.4byte	0x65
 393 016d 02       		.byte	0x2
 394 016e 23       		.byte	0x23
 395 016f 04       		.uleb128 0x4
 396 0170 0A       		.uleb128 0xa
ARM GAS  /var/folders/dt/0wfd0knj7gs46m8vwfzktm600000gn/T//cccOqqBr.s 			page 8


 397 0171 63726800 		.ascii	"crh\000"
 398 0175 06       		.byte	0x6
 399 0176 49       		.byte	0x49
 400 0177 65000000 		.4byte	0x65
 401 017b 02       		.byte	0x2
 402 017c 23       		.byte	0x23
 403 017d 08       		.uleb128 0x8
 404 017e 00       		.byte	0
 405 017f 04       		.uleb128 0x4
 406 0180 81000000 		.4byte	.LASF25
 407 0184 06       		.byte	0x6
 408 0185 4A       		.byte	0x4a
 409 0186 4C010000 		.4byte	0x14c
 410 018a 09       		.uleb128 0x9
 411 018b 54       		.byte	0x54
 412 018c 06       		.byte	0x6
 413 018d 53       		.byte	0x53
 414 018e F5010000 		.4byte	0x1f5
 415 0192 0B       		.uleb128 0xb
 416 0193 94000000 		.4byte	.LASF26
 417 0197 06       		.byte	0x6
 418 0198 55       		.byte	0x55
 419 0199 7F010000 		.4byte	0x17f
 420 019d 02       		.byte	0x2
 421 019e 23       		.byte	0x23
 422 019f 00       		.uleb128 0
 423 01a0 0B       		.uleb128 0xb
 424 01a1 33010000 		.4byte	.LASF27
 425 01a5 06       		.byte	0x6
 426 01a6 57       		.byte	0x57
 427 01a7 7F010000 		.4byte	0x17f
 428 01ab 02       		.byte	0x2
 429 01ac 23       		.byte	0x23
 430 01ad 0C       		.uleb128 0xc
 431 01ae 0B       		.uleb128 0xb
 432 01af C9010000 		.4byte	.LASF28
 433 01b3 06       		.byte	0x6
 434 01b4 59       		.byte	0x59
 435 01b5 7F010000 		.4byte	0x17f
 436 01b9 02       		.byte	0x2
 437 01ba 23       		.byte	0x23
 438 01bb 18       		.uleb128 0x18
 439 01bc 0B       		.uleb128 0xb
 440 01bd 15000000 		.4byte	.LASF29
 441 01c1 06       		.byte	0x6
 442 01c2 5B       		.byte	0x5b
 443 01c3 7F010000 		.4byte	0x17f
 444 01c7 02       		.byte	0x2
 445 01c8 23       		.byte	0x23
 446 01c9 24       		.uleb128 0x24
 447 01ca 0B       		.uleb128 0xb
 448 01cb 6C000000 		.4byte	.LASF30
 449 01cf 06       		.byte	0x6
 450 01d0 5E       		.byte	0x5e
 451 01d1 7F010000 		.4byte	0x17f
 452 01d5 02       		.byte	0x2
 453 01d6 23       		.byte	0x23
ARM GAS  /var/folders/dt/0wfd0knj7gs46m8vwfzktm600000gn/T//cccOqqBr.s 			page 9


 454 01d7 30       		.uleb128 0x30
 455 01d8 0B       		.uleb128 0xb
 456 01d9 2C010000 		.4byte	.LASF31
 457 01dd 06       		.byte	0x6
 458 01de 61       		.byte	0x61
 459 01df 7F010000 		.4byte	0x17f
 460 01e3 02       		.byte	0x2
 461 01e4 23       		.byte	0x23
 462 01e5 3C       		.uleb128 0x3c
 463 01e6 0B       		.uleb128 0xb
 464 01e7 B1010000 		.4byte	.LASF32
 465 01eb 06       		.byte	0x6
 466 01ec 64       		.byte	0x64
 467 01ed 7F010000 		.4byte	0x17f
 468 01f1 02       		.byte	0x2
 469 01f2 23       		.byte	0x23
 470 01f3 48       		.uleb128 0x48
 471 01f4 00       		.byte	0
 472 01f5 04       		.uleb128 0x4
 473 01f6 F9000000 		.4byte	.LASF33
 474 01fa 06       		.byte	0x6
 475 01fb 68       		.byte	0x68
 476 01fc 8A010000 		.4byte	0x18a
 477 0200 0C       		.uleb128 0xc
 478 0201 01       		.byte	0x1
 479 0202 66010000 		.4byte	.LASF49
 480 0206 01       		.byte	0x1
 481 0207 AE       		.byte	0xae
 482 0208 01       		.byte	0x1
 483 0209 85000000 		.4byte	0x85
 484 020d 01       		.byte	0x1
 485 020e 34020000 		.4byte	0x234
 486 0212 0D       		.uleb128 0xd
 487 0213 2A000000 		.4byte	.LASF34
 488 0217 01       		.byte	0x1
 489 0218 AE       		.byte	0xae
 490 0219 41010000 		.4byte	0x141
 491 021d 0E       		.uleb128 0xe
 492 021e 656E6400 		.ascii	"end\000"
 493 0222 01       		.byte	0x1
 494 0223 AE       		.byte	0xae
 495 0224 41010000 		.4byte	0x141
 496 0228 0F       		.uleb128 0xf
 497 0229 6E6F7700 		.ascii	"now\000"
 498 022d 01       		.byte	0x1
 499 022e AF       		.byte	0xaf
 500 022f 41010000 		.4byte	0x141
 501 0233 00       		.byte	0
 502 0234 10       		.uleb128 0x10
 503 0235 01       		.byte	0x1
 504 0236 64000000 		.4byte	.LASF35
 505 023a 01       		.byte	0x1
 506 023b 44       		.byte	0x44
 507 023c 01       		.byte	0x1
 508 023d 00000000 		.4byte	.LFB62
 509 0241 2A000000 		.4byte	.LFE62
 510 0245 00000000 		.4byte	.LLST0
ARM GAS  /var/folders/dt/0wfd0knj7gs46m8vwfzktm600000gn/T//cccOqqBr.s 			page 10


 511 0249 01       		.byte	0x1
 512 024a 8F020000 		.4byte	0x28f
 513 024e 11       		.uleb128 0x11
 514 024f 06000000 		.4byte	.LVL0
 515 0253 4C030000 		.4byte	0x34c
 516 0257 11       		.uleb128 0x11
 517 0258 0A000000 		.4byte	.LVL1
 518 025c 57030000 		.4byte	0x357
 519 0260 11       		.uleb128 0x11
 520 0261 16000000 		.4byte	.LVL2
 521 0265 61030000 		.4byte	0x361
 522 0269 11       		.uleb128 0x11
 523 026a 1A000000 		.4byte	.LVL3
 524 026e 7C030000 		.4byte	0x37c
 525 0272 11       		.uleb128 0x11
 526 0273 1E000000 		.4byte	.LVL4
 527 0277 87030000 		.4byte	0x387
 528 027b 11       		.uleb128 0x11
 529 027c 22000000 		.4byte	.LVL5
 530 0280 92030000 		.4byte	0x392
 531 0284 12       		.uleb128 0x12
 532 0285 2A000000 		.4byte	.LVL6
 533 0289 01       		.byte	0x1
 534 028a 9C030000 		.4byte	0x39c
 535 028e 00       		.byte	0
 536 028f 13       		.uleb128 0x13
 537 0290 00020000 		.4byte	0x200
 538 0294 00000000 		.4byte	.LFB63
 539 0298 34000000 		.4byte	.LFE63
 540 029c 02       		.byte	0x2
 541 029d 7D       		.byte	0x7d
 542 029e 00       		.sleb128 0
 543 029f 01       		.byte	0x1
 544 02a0 BC020000 		.4byte	0x2bc
 545 02a4 14       		.uleb128 0x14
 546 02a5 12020000 		.4byte	0x212
 547 02a9 20000000 		.4byte	.LLST1
 548 02ad 15       		.uleb128 0x15
 549 02ae 1D020000 		.4byte	0x21d
 550 02b2 01       		.byte	0x1
 551 02b3 51       		.byte	0x51
 552 02b4 16       		.uleb128 0x16
 553 02b5 28020000 		.4byte	0x228
 554 02b9 01       		.byte	0x1
 555 02ba 53       		.byte	0x53
 556 02bb 00       		.byte	0
 557 02bc 10       		.uleb128 0x10
 558 02bd 01       		.byte	0x1
 559 02be 00000000 		.4byte	.LASF36
 560 02c2 01       		.byte	0x1
 561 02c3 C1       		.byte	0xc1
 562 02c4 01       		.byte	0x1
 563 02c5 00000000 		.4byte	.LFB64
 564 02c9 40000000 		.4byte	.LFE64
 565 02cd 57000000 		.4byte	.LLST2
 566 02d1 01       		.byte	0x1
 567 02d2 2B030000 		.4byte	0x32b
ARM GAS  /var/folders/dt/0wfd0knj7gs46m8vwfzktm600000gn/T//cccOqqBr.s 			page 11


 568 02d6 17       		.uleb128 0x17
 569 02d7 0F000000 		.4byte	.LASF50
 570 02db 01       		.byte	0x1
 571 02dc C1       		.byte	0xc1
 572 02dd 41010000 		.4byte	0x141
 573 02e1 77000000 		.4byte	.LLST3
 574 02e5 18       		.uleb128 0x18
 575 02e6 2A000000 		.4byte	.LASF34
 576 02ea 01       		.byte	0x1
 577 02eb C2       		.byte	0xc2
 578 02ec 41010000 		.4byte	0x141
 579 02f0 01       		.byte	0x1
 580 02f1 52       		.byte	0x52
 581 02f2 18       		.uleb128 0x18
 582 02f3 98010000 		.4byte	.LASF37
 583 02f7 01       		.byte	0x1
 584 02f8 C3       		.byte	0xc3
 585 02f9 41010000 		.4byte	0x141
 586 02fd 01       		.byte	0x1
 587 02fe 50       		.byte	0x50
 588 02ff 19       		.uleb128 0x19
 589 0300 00020000 		.4byte	0x200
 590 0304 0E000000 		.4byte	.LBB4
 591 0308 00000000 		.4byte	.Ldebug_ranges0+0
 592 030c 01       		.byte	0x1
 593 030d C4       		.byte	0xc4
 594 030e 15       		.uleb128 0x15
 595 030f 1D020000 		.4byte	0x21d
 596 0313 01       		.byte	0x1
 597 0314 50       		.byte	0x50
 598 0315 15       		.uleb128 0x15
 599 0316 12020000 		.4byte	0x212
 600 031a 01       		.byte	0x1
 601 031b 52       		.byte	0x52
 602 031c 1A       		.uleb128 0x1a
 603 031d 18000000 		.4byte	.Ldebug_ranges0+0x18
 604 0321 16       		.uleb128 0x16
 605 0322 28020000 		.4byte	0x228
 606 0326 01       		.byte	0x1
 607 0327 53       		.byte	0x53
 608 0328 00       		.byte	0
 609 0329 00       		.byte	0
 610 032a 00       		.byte	0
 611 032b 1B       		.uleb128 0x1b
 612 032c E4000000 		.4byte	.LASF38
 613 0330 07       		.byte	0x7
 614 0331 9404     		.2byte	0x494
 615 0333 3C010000 		.4byte	0x13c
 616 0337 01       		.byte	0x1
 617 0338 01       		.byte	0x1
 618 0339 1B       		.uleb128 0x1b
 619 033a 03010000 		.4byte	.LASF39
 620 033e 06       		.byte	0x6
 621 033f 4801     		.2byte	0x148
 622 0341 47030000 		.4byte	0x347
 623 0345 01       		.byte	0x1
 624 0346 01       		.byte	0x1
ARM GAS  /var/folders/dt/0wfd0knj7gs46m8vwfzktm600000gn/T//cccOqqBr.s 			page 12


 625 0347 1C       		.uleb128 0x1c
 626 0348 F5010000 		.4byte	0x1f5
 627 034c 1D       		.uleb128 0x1d
 628 034d 01       		.byte	0x1
 629 034e B4000000 		.4byte	.LASF40
 630 0352 05       		.byte	0x5
 631 0353 0001     		.2byte	0x100
 632 0355 01       		.byte	0x1
 633 0356 01       		.byte	0x1
 634 0357 1E       		.uleb128 0x1e
 635 0358 01       		.byte	0x1
 636 0359 9B000000 		.4byte	.LASF41
 637 035d 08       		.byte	0x8
 638 035e 73       		.byte	0x73
 639 035f 01       		.byte	0x1
 640 0360 01       		.byte	0x1
 641 0361 1F       		.uleb128 0x1f
 642 0362 01       		.byte	0x1
 643 0363 1C000000 		.4byte	.LASF51
 644 0367 06       		.byte	0x6
 645 0368 4D01     		.2byte	0x14d
 646 036a 01       		.byte	0x1
 647 036b 01       		.byte	0x1
 648 036c 76030000 		.4byte	0x376
 649 0370 20       		.uleb128 0x20
 650 0371 76030000 		.4byte	0x376
 651 0375 00       		.byte	0
 652 0376 21       		.uleb128 0x21
 653 0377 04       		.byte	0x4
 654 0378 47030000 		.4byte	0x347
 655 037c 1D       		.uleb128 0x1d
 656 037d 01       		.byte	0x1
 657 037e B8010000 		.4byte	.LASF42
 658 0382 09       		.byte	0x9
 659 0383 3701     		.2byte	0x137
 660 0385 01       		.byte	0x1
 661 0386 01       		.byte	0x1
 662 0387 1D       		.uleb128 0x1d
 663 0388 01       		.byte	0x1
 664 0389 5C000000 		.4byte	.LASF43
 665 038d 0A       		.byte	0xa
 666 038e 2D01     		.2byte	0x12d
 667 0390 01       		.byte	0x1
 668 0391 01       		.byte	0x1
 669 0392 1E       		.uleb128 0x1e
 670 0393 01       		.byte	0x1
 671 0394 24010000 		.4byte	.LASF44
 672 0398 0B       		.byte	0xb
 673 0399 EF       		.byte	0xef
 674 039a 01       		.byte	0x1
 675 039b 01       		.byte	0x1
 676 039c 1E       		.uleb128 0x1e
 677 039d 01       		.byte	0x1
 678 039e 40020000 		.4byte	.LASF45
 679 03a2 0C       		.byte	0xc
 680 03a3 A1       		.byte	0xa1
 681 03a4 01       		.byte	0x1
ARM GAS  /var/folders/dt/0wfd0knj7gs46m8vwfzktm600000gn/T//cccOqqBr.s 			page 13


 682 03a5 01       		.byte	0x1
 683 03a6 00       		.byte	0
 684              		.section	.debug_abbrev,"",%progbits
 685              	.Ldebug_abbrev0:
 686 0000 01       		.uleb128 0x1
 687 0001 11       		.uleb128 0x11
 688 0002 01       		.byte	0x1
 689 0003 25       		.uleb128 0x25
 690 0004 0E       		.uleb128 0xe
 691 0005 13       		.uleb128 0x13
 692 0006 0B       		.uleb128 0xb
 693 0007 03       		.uleb128 0x3
 694 0008 0E       		.uleb128 0xe
 695 0009 1B       		.uleb128 0x1b
 696 000a 0E       		.uleb128 0xe
 697 000b 55       		.uleb128 0x55
 698 000c 06       		.uleb128 0x6
 699 000d 11       		.uleb128 0x11
 700 000e 01       		.uleb128 0x1
 701 000f 52       		.uleb128 0x52
 702 0010 01       		.uleb128 0x1
 703 0011 10       		.uleb128 0x10
 704 0012 06       		.uleb128 0x6
 705 0013 00       		.byte	0
 706 0014 00       		.byte	0
 707 0015 02       		.uleb128 0x2
 708 0016 24       		.uleb128 0x24
 709 0017 00       		.byte	0
 710 0018 0B       		.uleb128 0xb
 711 0019 0B       		.uleb128 0xb
 712 001a 3E       		.uleb128 0x3e
 713 001b 0B       		.uleb128 0xb
 714 001c 03       		.uleb128 0x3
 715 001d 08       		.uleb128 0x8
 716 001e 00       		.byte	0
 717 001f 00       		.byte	0
 718 0020 03       		.uleb128 0x3
 719 0021 24       		.uleb128 0x24
 720 0022 00       		.byte	0
 721 0023 0B       		.uleb128 0xb
 722 0024 0B       		.uleb128 0xb
 723 0025 3E       		.uleb128 0x3e
 724 0026 0B       		.uleb128 0xb
 725 0027 03       		.uleb128 0x3
 726 0028 0E       		.uleb128 0xe
 727 0029 00       		.byte	0
 728 002a 00       		.byte	0
 729 002b 04       		.uleb128 0x4
 730 002c 16       		.uleb128 0x16
 731 002d 00       		.byte	0
 732 002e 03       		.uleb128 0x3
 733 002f 0E       		.uleb128 0xe
 734 0030 3A       		.uleb128 0x3a
 735 0031 0B       		.uleb128 0xb
 736 0032 3B       		.uleb128 0x3b
 737 0033 0B       		.uleb128 0xb
 738 0034 49       		.uleb128 0x49
ARM GAS  /var/folders/dt/0wfd0knj7gs46m8vwfzktm600000gn/T//cccOqqBr.s 			page 14


 739 0035 13       		.uleb128 0x13
 740 0036 00       		.byte	0
 741 0037 00       		.byte	0
 742 0038 05       		.uleb128 0x5
 743 0039 35       		.uleb128 0x35
 744 003a 00       		.byte	0
 745 003b 49       		.uleb128 0x49
 746 003c 13       		.uleb128 0x13
 747 003d 00       		.byte	0
 748 003e 00       		.byte	0
 749 003f 06       		.uleb128 0x6
 750 0040 13       		.uleb128 0x13
 751 0041 01       		.byte	0x1
 752 0042 0B       		.uleb128 0xb
 753 0043 0B       		.uleb128 0xb
 754 0044 3A       		.uleb128 0x3a
 755 0045 0B       		.uleb128 0xb
 756 0046 3B       		.uleb128 0x3b
 757 0047 05       		.uleb128 0x5
 758 0048 01       		.uleb128 0x1
 759 0049 13       		.uleb128 0x13
 760 004a 00       		.byte	0
 761 004b 00       		.byte	0
 762 004c 07       		.uleb128 0x7
 763 004d 0D       		.uleb128 0xd
 764 004e 00       		.byte	0
 765 004f 03       		.uleb128 0x3
 766 0050 0E       		.uleb128 0xe
 767 0051 3A       		.uleb128 0x3a
 768 0052 0B       		.uleb128 0xb
 769 0053 3B       		.uleb128 0x3b
 770 0054 05       		.uleb128 0x5
 771 0055 49       		.uleb128 0x49
 772 0056 13       		.uleb128 0x13
 773 0057 38       		.uleb128 0x38
 774 0058 0A       		.uleb128 0xa
 775 0059 00       		.byte	0
 776 005a 00       		.byte	0
 777 005b 08       		.uleb128 0x8
 778 005c 16       		.uleb128 0x16
 779 005d 00       		.byte	0
 780 005e 03       		.uleb128 0x3
 781 005f 0E       		.uleb128 0xe
 782 0060 3A       		.uleb128 0x3a
 783 0061 0B       		.uleb128 0xb
 784 0062 3B       		.uleb128 0x3b
 785 0063 05       		.uleb128 0x5
 786 0064 49       		.uleb128 0x49
 787 0065 13       		.uleb128 0x13
 788 0066 00       		.byte	0
 789 0067 00       		.byte	0
 790 0068 09       		.uleb128 0x9
 791 0069 13       		.uleb128 0x13
 792 006a 01       		.byte	0x1
 793 006b 0B       		.uleb128 0xb
 794 006c 0B       		.uleb128 0xb
 795 006d 3A       		.uleb128 0x3a
ARM GAS  /var/folders/dt/0wfd0knj7gs46m8vwfzktm600000gn/T//cccOqqBr.s 			page 15


 796 006e 0B       		.uleb128 0xb
 797 006f 3B       		.uleb128 0x3b
 798 0070 0B       		.uleb128 0xb
 799 0071 01       		.uleb128 0x1
 800 0072 13       		.uleb128 0x13
 801 0073 00       		.byte	0
 802 0074 00       		.byte	0
 803 0075 0A       		.uleb128 0xa
 804 0076 0D       		.uleb128 0xd
 805 0077 00       		.byte	0
 806 0078 03       		.uleb128 0x3
 807 0079 08       		.uleb128 0x8
 808 007a 3A       		.uleb128 0x3a
 809 007b 0B       		.uleb128 0xb
 810 007c 3B       		.uleb128 0x3b
 811 007d 0B       		.uleb128 0xb
 812 007e 49       		.uleb128 0x49
 813 007f 13       		.uleb128 0x13
 814 0080 38       		.uleb128 0x38
 815 0081 0A       		.uleb128 0xa
 816 0082 00       		.byte	0
 817 0083 00       		.byte	0
 818 0084 0B       		.uleb128 0xb
 819 0085 0D       		.uleb128 0xd
 820 0086 00       		.byte	0
 821 0087 03       		.uleb128 0x3
 822 0088 0E       		.uleb128 0xe
 823 0089 3A       		.uleb128 0x3a
 824 008a 0B       		.uleb128 0xb
 825 008b 3B       		.uleb128 0x3b
 826 008c 0B       		.uleb128 0xb
 827 008d 49       		.uleb128 0x49
 828 008e 13       		.uleb128 0x13
 829 008f 38       		.uleb128 0x38
 830 0090 0A       		.uleb128 0xa
 831 0091 00       		.byte	0
 832 0092 00       		.byte	0
 833 0093 0C       		.uleb128 0xc
 834 0094 2E       		.uleb128 0x2e
 835 0095 01       		.byte	0x1
 836 0096 3F       		.uleb128 0x3f
 837 0097 0C       		.uleb128 0xc
 838 0098 03       		.uleb128 0x3
 839 0099 0E       		.uleb128 0xe
 840 009a 3A       		.uleb128 0x3a
 841 009b 0B       		.uleb128 0xb
 842 009c 3B       		.uleb128 0x3b
 843 009d 0B       		.uleb128 0xb
 844 009e 27       		.uleb128 0x27
 845 009f 0C       		.uleb128 0xc
 846 00a0 49       		.uleb128 0x49
 847 00a1 13       		.uleb128 0x13
 848 00a2 20       		.uleb128 0x20
 849 00a3 0B       		.uleb128 0xb
 850 00a4 01       		.uleb128 0x1
 851 00a5 13       		.uleb128 0x13
 852 00a6 00       		.byte	0
ARM GAS  /var/folders/dt/0wfd0knj7gs46m8vwfzktm600000gn/T//cccOqqBr.s 			page 16


 853 00a7 00       		.byte	0
 854 00a8 0D       		.uleb128 0xd
 855 00a9 05       		.uleb128 0x5
 856 00aa 00       		.byte	0
 857 00ab 03       		.uleb128 0x3
 858 00ac 0E       		.uleb128 0xe
 859 00ad 3A       		.uleb128 0x3a
 860 00ae 0B       		.uleb128 0xb
 861 00af 3B       		.uleb128 0x3b
 862 00b0 0B       		.uleb128 0xb
 863 00b1 49       		.uleb128 0x49
 864 00b2 13       		.uleb128 0x13
 865 00b3 00       		.byte	0
 866 00b4 00       		.byte	0
 867 00b5 0E       		.uleb128 0xe
 868 00b6 05       		.uleb128 0x5
 869 00b7 00       		.byte	0
 870 00b8 03       		.uleb128 0x3
 871 00b9 08       		.uleb128 0x8
 872 00ba 3A       		.uleb128 0x3a
 873 00bb 0B       		.uleb128 0xb
 874 00bc 3B       		.uleb128 0x3b
 875 00bd 0B       		.uleb128 0xb
 876 00be 49       		.uleb128 0x49
 877 00bf 13       		.uleb128 0x13
 878 00c0 00       		.byte	0
 879 00c1 00       		.byte	0
 880 00c2 0F       		.uleb128 0xf
 881 00c3 34       		.uleb128 0x34
 882 00c4 00       		.byte	0
 883 00c5 03       		.uleb128 0x3
 884 00c6 08       		.uleb128 0x8
 885 00c7 3A       		.uleb128 0x3a
 886 00c8 0B       		.uleb128 0xb
 887 00c9 3B       		.uleb128 0x3b
 888 00ca 0B       		.uleb128 0xb
 889 00cb 49       		.uleb128 0x49
 890 00cc 13       		.uleb128 0x13
 891 00cd 00       		.byte	0
 892 00ce 00       		.byte	0
 893 00cf 10       		.uleb128 0x10
 894 00d0 2E       		.uleb128 0x2e
 895 00d1 01       		.byte	0x1
 896 00d2 3F       		.uleb128 0x3f
 897 00d3 0C       		.uleb128 0xc
 898 00d4 03       		.uleb128 0x3
 899 00d5 0E       		.uleb128 0xe
 900 00d6 3A       		.uleb128 0x3a
 901 00d7 0B       		.uleb128 0xb
 902 00d8 3B       		.uleb128 0x3b
 903 00d9 0B       		.uleb128 0xb
 904 00da 27       		.uleb128 0x27
 905 00db 0C       		.uleb128 0xc
 906 00dc 11       		.uleb128 0x11
 907 00dd 01       		.uleb128 0x1
 908 00de 12       		.uleb128 0x12
 909 00df 01       		.uleb128 0x1
ARM GAS  /var/folders/dt/0wfd0knj7gs46m8vwfzktm600000gn/T//cccOqqBr.s 			page 17


 910 00e0 40       		.uleb128 0x40
 911 00e1 06       		.uleb128 0x6
 912 00e2 9742     		.uleb128 0x2117
 913 00e4 0C       		.uleb128 0xc
 914 00e5 01       		.uleb128 0x1
 915 00e6 13       		.uleb128 0x13
 916 00e7 00       		.byte	0
 917 00e8 00       		.byte	0
 918 00e9 11       		.uleb128 0x11
 919 00ea 898201   		.uleb128 0x4109
 920 00ed 00       		.byte	0
 921 00ee 11       		.uleb128 0x11
 922 00ef 01       		.uleb128 0x1
 923 00f0 31       		.uleb128 0x31
 924 00f1 13       		.uleb128 0x13
 925 00f2 00       		.byte	0
 926 00f3 00       		.byte	0
 927 00f4 12       		.uleb128 0x12
 928 00f5 898201   		.uleb128 0x4109
 929 00f8 00       		.byte	0
 930 00f9 11       		.uleb128 0x11
 931 00fa 01       		.uleb128 0x1
 932 00fb 9542     		.uleb128 0x2115
 933 00fd 0C       		.uleb128 0xc
 934 00fe 31       		.uleb128 0x31
 935 00ff 13       		.uleb128 0x13
 936 0100 00       		.byte	0
 937 0101 00       		.byte	0
 938 0102 13       		.uleb128 0x13
 939 0103 2E       		.uleb128 0x2e
 940 0104 01       		.byte	0x1
 941 0105 31       		.uleb128 0x31
 942 0106 13       		.uleb128 0x13
 943 0107 11       		.uleb128 0x11
 944 0108 01       		.uleb128 0x1
 945 0109 12       		.uleb128 0x12
 946 010a 01       		.uleb128 0x1
 947 010b 40       		.uleb128 0x40
 948 010c 0A       		.uleb128 0xa
 949 010d 9742     		.uleb128 0x2117
 950 010f 0C       		.uleb128 0xc
 951 0110 01       		.uleb128 0x1
 952 0111 13       		.uleb128 0x13
 953 0112 00       		.byte	0
 954 0113 00       		.byte	0
 955 0114 14       		.uleb128 0x14
 956 0115 05       		.uleb128 0x5
 957 0116 00       		.byte	0
 958 0117 31       		.uleb128 0x31
 959 0118 13       		.uleb128 0x13
 960 0119 02       		.uleb128 0x2
 961 011a 06       		.uleb128 0x6
 962 011b 00       		.byte	0
 963 011c 00       		.byte	0
 964 011d 15       		.uleb128 0x15
 965 011e 05       		.uleb128 0x5
 966 011f 00       		.byte	0
ARM GAS  /var/folders/dt/0wfd0knj7gs46m8vwfzktm600000gn/T//cccOqqBr.s 			page 18


 967 0120 31       		.uleb128 0x31
 968 0121 13       		.uleb128 0x13
 969 0122 02       		.uleb128 0x2
 970 0123 0A       		.uleb128 0xa
 971 0124 00       		.byte	0
 972 0125 00       		.byte	0
 973 0126 16       		.uleb128 0x16
 974 0127 34       		.uleb128 0x34
 975 0128 00       		.byte	0
 976 0129 31       		.uleb128 0x31
 977 012a 13       		.uleb128 0x13
 978 012b 02       		.uleb128 0x2
 979 012c 0A       		.uleb128 0xa
 980 012d 00       		.byte	0
 981 012e 00       		.byte	0
 982 012f 17       		.uleb128 0x17
 983 0130 05       		.uleb128 0x5
 984 0131 00       		.byte	0
 985 0132 03       		.uleb128 0x3
 986 0133 0E       		.uleb128 0xe
 987 0134 3A       		.uleb128 0x3a
 988 0135 0B       		.uleb128 0xb
 989 0136 3B       		.uleb128 0x3b
 990 0137 0B       		.uleb128 0xb
 991 0138 49       		.uleb128 0x49
 992 0139 13       		.uleb128 0x13
 993 013a 02       		.uleb128 0x2
 994 013b 06       		.uleb128 0x6
 995 013c 00       		.byte	0
 996 013d 00       		.byte	0
 997 013e 18       		.uleb128 0x18
 998 013f 34       		.uleb128 0x34
 999 0140 00       		.byte	0
 1000 0141 03       		.uleb128 0x3
 1001 0142 0E       		.uleb128 0xe
 1002 0143 3A       		.uleb128 0x3a
 1003 0144 0B       		.uleb128 0xb
 1004 0145 3B       		.uleb128 0x3b
 1005 0146 0B       		.uleb128 0xb
 1006 0147 49       		.uleb128 0x49
 1007 0148 13       		.uleb128 0x13
 1008 0149 02       		.uleb128 0x2
 1009 014a 0A       		.uleb128 0xa
 1010 014b 00       		.byte	0
 1011 014c 00       		.byte	0
 1012 014d 19       		.uleb128 0x19
 1013 014e 1D       		.uleb128 0x1d
 1014 014f 01       		.byte	0x1
 1015 0150 31       		.uleb128 0x31
 1016 0151 13       		.uleb128 0x13
 1017 0152 52       		.uleb128 0x52
 1018 0153 01       		.uleb128 0x1
 1019 0154 55       		.uleb128 0x55
 1020 0155 06       		.uleb128 0x6
 1021 0156 58       		.uleb128 0x58
 1022 0157 0B       		.uleb128 0xb
 1023 0158 59       		.uleb128 0x59
ARM GAS  /var/folders/dt/0wfd0knj7gs46m8vwfzktm600000gn/T//cccOqqBr.s 			page 19


 1024 0159 0B       		.uleb128 0xb
 1025 015a 00       		.byte	0
 1026 015b 00       		.byte	0
 1027 015c 1A       		.uleb128 0x1a
 1028 015d 0B       		.uleb128 0xb
 1029 015e 01       		.byte	0x1
 1030 015f 55       		.uleb128 0x55
 1031 0160 06       		.uleb128 0x6
 1032 0161 00       		.byte	0
 1033 0162 00       		.byte	0
 1034 0163 1B       		.uleb128 0x1b
 1035 0164 34       		.uleb128 0x34
 1036 0165 00       		.byte	0
 1037 0166 03       		.uleb128 0x3
 1038 0167 0E       		.uleb128 0xe
 1039 0168 3A       		.uleb128 0x3a
 1040 0169 0B       		.uleb128 0xb
 1041 016a 3B       		.uleb128 0x3b
 1042 016b 05       		.uleb128 0x5
 1043 016c 49       		.uleb128 0x49
 1044 016d 13       		.uleb128 0x13
 1045 016e 3F       		.uleb128 0x3f
 1046 016f 0C       		.uleb128 0xc
 1047 0170 3C       		.uleb128 0x3c
 1048 0171 0C       		.uleb128 0xc
 1049 0172 00       		.byte	0
 1050 0173 00       		.byte	0
 1051 0174 1C       		.uleb128 0x1c
 1052 0175 26       		.uleb128 0x26
 1053 0176 00       		.byte	0
 1054 0177 49       		.uleb128 0x49
 1055 0178 13       		.uleb128 0x13
 1056 0179 00       		.byte	0
 1057 017a 00       		.byte	0
 1058 017b 1D       		.uleb128 0x1d
 1059 017c 2E       		.uleb128 0x2e
 1060 017d 00       		.byte	0
 1061 017e 3F       		.uleb128 0x3f
 1062 017f 0C       		.uleb128 0xc
 1063 0180 03       		.uleb128 0x3
 1064 0181 0E       		.uleb128 0xe
 1065 0182 3A       		.uleb128 0x3a
 1066 0183 0B       		.uleb128 0xb
 1067 0184 3B       		.uleb128 0x3b
 1068 0185 05       		.uleb128 0x5
 1069 0186 27       		.uleb128 0x27
 1070 0187 0C       		.uleb128 0xc
 1071 0188 3C       		.uleb128 0x3c
 1072 0189 0C       		.uleb128 0xc
 1073 018a 00       		.byte	0
 1074 018b 00       		.byte	0
 1075 018c 1E       		.uleb128 0x1e
 1076 018d 2E       		.uleb128 0x2e
 1077 018e 00       		.byte	0
 1078 018f 3F       		.uleb128 0x3f
 1079 0190 0C       		.uleb128 0xc
 1080 0191 03       		.uleb128 0x3
ARM GAS  /var/folders/dt/0wfd0knj7gs46m8vwfzktm600000gn/T//cccOqqBr.s 			page 20


 1081 0192 0E       		.uleb128 0xe
 1082 0193 3A       		.uleb128 0x3a
 1083 0194 0B       		.uleb128 0xb
 1084 0195 3B       		.uleb128 0x3b
 1085 0196 0B       		.uleb128 0xb
 1086 0197 27       		.uleb128 0x27
 1087 0198 0C       		.uleb128 0xc
 1088 0199 3C       		.uleb128 0x3c
 1089 019a 0C       		.uleb128 0xc
 1090 019b 00       		.byte	0
 1091 019c 00       		.byte	0
 1092 019d 1F       		.uleb128 0x1f
 1093 019e 2E       		.uleb128 0x2e
 1094 019f 01       		.byte	0x1
 1095 01a0 3F       		.uleb128 0x3f
 1096 01a1 0C       		.uleb128 0xc
 1097 01a2 03       		.uleb128 0x3
 1098 01a3 0E       		.uleb128 0xe
 1099 01a4 3A       		.uleb128 0x3a
 1100 01a5 0B       		.uleb128 0xb
 1101 01a6 3B       		.uleb128 0x3b
 1102 01a7 05       		.uleb128 0x5
 1103 01a8 27       		.uleb128 0x27
 1104 01a9 0C       		.uleb128 0xc
 1105 01aa 3C       		.uleb128 0x3c
 1106 01ab 0C       		.uleb128 0xc
 1107 01ac 01       		.uleb128 0x1
 1108 01ad 13       		.uleb128 0x13
 1109 01ae 00       		.byte	0
 1110 01af 00       		.byte	0
 1111 01b0 20       		.uleb128 0x20
 1112 01b1 05       		.uleb128 0x5
 1113 01b2 00       		.byte	0
 1114 01b3 49       		.uleb128 0x49
 1115 01b4 13       		.uleb128 0x13
 1116 01b5 00       		.byte	0
 1117 01b6 00       		.byte	0
 1118 01b7 21       		.uleb128 0x21
 1119 01b8 0F       		.uleb128 0xf
 1120 01b9 00       		.byte	0
 1121 01ba 0B       		.uleb128 0xb
 1122 01bb 0B       		.uleb128 0xb
 1123 01bc 49       		.uleb128 0x49
 1124 01bd 13       		.uleb128 0x13
 1125 01be 00       		.byte	0
 1126 01bf 00       		.byte	0
 1127 01c0 00       		.byte	0
 1128              		.section	.debug_loc,"",%progbits
 1129              	.Ldebug_loc0:
 1130              	.LLST0:
 1131 0000 00000000 		.4byte	.LFB62
 1132 0004 02000000 		.4byte	.LCFI0
 1133 0008 0200     		.2byte	0x2
 1134 000a 7D       		.byte	0x7d
 1135 000b 00       		.sleb128 0
 1136 000c 02000000 		.4byte	.LCFI0
 1137 0010 2A000000 		.4byte	.LFE62
ARM GAS  /var/folders/dt/0wfd0knj7gs46m8vwfzktm600000gn/T//cccOqqBr.s 			page 21


 1138 0014 0200     		.2byte	0x2
 1139 0016 7D       		.byte	0x7d
 1140 0017 08       		.sleb128 8
 1141 0018 00000000 		.4byte	0
 1142 001c 00000000 		.4byte	0
 1143              	.LLST1:
 1144 0020 00000000 		.4byte	.LVL7
 1145 0024 22000000 		.4byte	.LVL9
 1146 0028 0100     		.2byte	0x1
 1147 002a 50       		.byte	0x50
 1148 002b 22000000 		.4byte	.LVL9
 1149 002f 24000000 		.4byte	.LVL10
 1150 0033 0400     		.2byte	0x4
 1151 0035 F3       		.byte	0xf3
 1152 0036 01       		.uleb128 0x1
 1153 0037 50       		.byte	0x50
 1154 0038 9F       		.byte	0x9f
 1155 0039 24000000 		.4byte	.LVL10
 1156 003d 2A000000 		.4byte	.LVL11
 1157 0041 0100     		.2byte	0x1
 1158 0043 50       		.byte	0x50
 1159 0044 2A000000 		.4byte	.LVL11
 1160 0048 34000000 		.4byte	.LFE63
 1161 004c 0100     		.2byte	0x1
 1162 004e 52       		.byte	0x52
 1163 004f 00000000 		.4byte	0
 1164 0053 00000000 		.4byte	0
 1165              	.LLST2:
 1166 0057 00000000 		.4byte	.LFB64
 1167 005b 02000000 		.4byte	.LCFI1
 1168 005f 0200     		.2byte	0x2
 1169 0061 7D       		.byte	0x7d
 1170 0062 00       		.sleb128 0
 1171 0063 02000000 		.4byte	.LCFI1
 1172 0067 40000000 		.4byte	.LFE64
 1173 006b 0200     		.2byte	0x2
 1174 006d 7D       		.byte	0x7d
 1175 006e 04       		.sleb128 4
 1176 006f 00000000 		.4byte	0
 1177 0073 00000000 		.4byte	0
 1178              	.LLST3:
 1179 0077 00000000 		.4byte	.LVL12
 1180 007b 0E000000 		.4byte	.LVL14
 1181 007f 0100     		.2byte	0x1
 1182 0081 50       		.byte	0x50
 1183 0082 0E000000 		.4byte	.LVL14
 1184 0086 40000000 		.4byte	.LFE64
 1185 008a 0400     		.2byte	0x4
 1186 008c F3       		.byte	0xf3
 1187 008d 01       		.uleb128 0x1
 1188 008e 50       		.byte	0x50
 1189 008f 9F       		.byte	0x9f
 1190 0090 00000000 		.4byte	0
 1191 0094 00000000 		.4byte	0
 1192              		.section	.debug_aranges,"",%progbits
 1193 0000 2C000000 		.4byte	0x2c
 1194 0004 0200     		.2byte	0x2
ARM GAS  /var/folders/dt/0wfd0knj7gs46m8vwfzktm600000gn/T//cccOqqBr.s 			page 22


 1195 0006 00000000 		.4byte	.Ldebug_info0
 1196 000a 04       		.byte	0x4
 1197 000b 00       		.byte	0
 1198 000c 0000     		.2byte	0
 1199 000e 0000     		.2byte	0
 1200 0010 00000000 		.4byte	.LFB62
 1201 0014 2A000000 		.4byte	.LFE62-.LFB62
 1202 0018 00000000 		.4byte	.LFB63
 1203 001c 34000000 		.4byte	.LFE63-.LFB63
 1204 0020 00000000 		.4byte	.LFB64
 1205 0024 40000000 		.4byte	.LFE64-.LFB64
 1206 0028 00000000 		.4byte	0
 1207 002c 00000000 		.4byte	0
 1208              		.section	.debug_ranges,"",%progbits
 1209              	.Ldebug_ranges0:
 1210 0000 0E000000 		.4byte	.LBB4
 1211 0004 22000000 		.4byte	.LBE4
 1212 0008 2A000000 		.4byte	.LBB7
 1213 000c 3A000000 		.4byte	.LBE7
 1214 0010 00000000 		.4byte	0
 1215 0014 00000000 		.4byte	0
 1216 0018 0E000000 		.4byte	.LBB5
 1217 001c 22000000 		.4byte	.LBE5
 1218 0020 2A000000 		.4byte	.LBB6
 1219 0024 3A000000 		.4byte	.LBE6
 1220 0028 00000000 		.4byte	0
 1221 002c 00000000 		.4byte	0
 1222 0030 00000000 		.4byte	.LFB62
 1223 0034 2A000000 		.4byte	.LFE62
 1224 0038 00000000 		.4byte	.LFB63
 1225 003c 34000000 		.4byte	.LFE63
 1226 0040 00000000 		.4byte	.LFB64
 1227 0044 40000000 		.4byte	.LFE64
 1228 0048 00000000 		.4byte	0
 1229 004c 00000000 		.4byte	0
 1230              		.section	.debug_line,"",%progbits
 1231              	.Ldebug_line0:
 1232 0000 80020000 		.section	.debug_str,"MS",%progbits,1
 1232      02000202 
 1232      00000201 
 1232      FB0E0D00 
 1232      01010101 
 1233              	.LASF36:
 1234 0000 68616C50 		.ascii	"halPolledDelay\000"
 1234      6F6C6C65 
 1234      6444656C 
 1234      617900
 1235              	.LASF50:
 1236 000f 7469636B 		.ascii	"ticks\000"
 1236      7300
 1237              	.LASF29:
 1238 0015 50444461 		.ascii	"PDData\000"
 1238      746100
 1239              	.LASF51:
 1240 001c 5F70616C 		.ascii	"_pal_lld_init\000"
 1240      5F6C6C64 
 1240      5F696E69 
ARM GAS  /var/folders/dt/0wfd0knj7gs46m8vwfzktm600000gn/T//cccOqqBr.s 			page 23


 1240      7400
 1241              	.LASF34:
 1242 002a 73746172 		.ascii	"start\000"
 1242      7400
 1243              	.LASF0:
 1244 0030 756E7369 		.ascii	"unsigned int\000"
 1244      676E6564 
 1244      20696E74 
 1244      00
 1245              	.LASF11:
 1246 003d 626F6F6C 		.ascii	"bool_t\000"
 1246      5F7400
 1247              	.LASF17:
 1248 0044 45584343 		.ascii	"EXCCNT\000"
 1248      4E5400
 1249              	.LASF18:
 1250 004b 534C4545 		.ascii	"SLEEPCNT\000"
 1250      50434E54 
 1250      00
 1251              	.LASF12:
 1252 0054 494F5245 		.ascii	"IOREG32\000"
 1252      47333200 
 1253              	.LASF43:
 1254 005c 73706949 		.ascii	"spiInit\000"
 1254      6E697400 
 1255              	.LASF35:
 1256 0064 68616C49 		.ascii	"halInit\000"
 1256      6E697400 
 1257              	.LASF30:
 1258 006c 50454461 		.ascii	"PEData\000"
 1258      746100
 1259              	.LASF2:
 1260 0073 756E7369 		.ascii	"unsigned char\000"
 1260      676E6564 
 1260      20636861 
 1260      7200
 1261              	.LASF25:
 1262 0081 73746D33 		.ascii	"stm32_gpio_setup_t\000"
 1262      325F6770 
 1262      696F5F73 
 1262      65747570 
 1262      5F7400
 1263              	.LASF26:
 1264 0094 50414461 		.ascii	"PAData\000"
 1264      746100
 1265              	.LASF41:
 1266 009b 746D496E 		.ascii	"tmInit\000"
 1266      697400
 1267              	.LASF8:
 1268 00a2 6C6F6E67 		.ascii	"long unsigned int\000"
 1268      20756E73 
 1268      69676E65 
 1268      6420696E 
 1268      7400
 1269              	.LASF40:
 1270 00b4 68616C5F 		.ascii	"hal_lld_init\000"
 1270      6C6C645F 
ARM GAS  /var/folders/dt/0wfd0knj7gs46m8vwfzktm600000gn/T//cccOqqBr.s 			page 24


 1270      696E6974 
 1270      00
 1271              	.LASF4:
 1272 00c1 73686F72 		.ascii	"short unsigned int\000"
 1272      7420756E 
 1272      7369676E 
 1272      65642069 
 1272      6E7400
 1273              	.LASF7:
 1274 00d4 75696E74 		.ascii	"uint32_t\000"
 1274      33325F74 
 1274      00
 1275              	.LASF16:
 1276 00dd 43504943 		.ascii	"CPICNT\000"
 1276      4E5400
 1277              	.LASF38:
 1278 00e4 49544D5F 		.ascii	"ITM_RxBuffer\000"
 1278      52784275 
 1278      66666572 
 1278      00
 1279              	.LASF20:
 1280 00f1 464F4C44 		.ascii	"FOLDCNT\000"
 1280      434E5400 
 1281              	.LASF33:
 1282 00f9 50414C43 		.ascii	"PALConfig\000"
 1282      6F6E6669 
 1282      6700
 1283              	.LASF39:
 1284 0103 70616C5F 		.ascii	"pal_default_config\000"
 1284      64656661 
 1284      756C745F 
 1284      636F6E66 
 1284      696700
 1285              	.LASF19:
 1286 0116 4C535543 		.ascii	"LSUCNT\000"
 1286      4E5400
 1287              	.LASF15:
 1288 011d 43594343 		.ascii	"CYCCNT\000"
 1288      4E5400
 1289              	.LASF44:
 1290 0124 6D6D6349 		.ascii	"mmcInit\000"
 1290      6E697400 
 1291              	.LASF31:
 1292 012c 50464461 		.ascii	"PFData\000"
 1292      746100
 1293              	.LASF27:
 1294 0133 50424461 		.ascii	"PBData\000"
 1294      746100
 1295              	.LASF24:
 1296 013a 68616C72 		.ascii	"halrtcnt_t\000"
 1296      74636E74 
 1296      5F7400
 1297              	.LASF23:
 1298 0145 63686172 		.ascii	"char\000"
 1298      00
 1299              	.LASF47:
 1300 014a 2E2E2F2E 		.ascii	"../../os/hal/src/hal.c\000"
ARM GAS  /var/folders/dt/0wfd0knj7gs46m8vwfzktm600000gn/T//cccOqqBr.s 			page 25


 1300      2E2F6F73 
 1300      2F68616C 
 1300      2F737263 
 1300      2F68616C 
 1301              	.LASF14:
 1302 0161 4354524C 		.ascii	"CTRL\000"
 1302      00
 1303              	.LASF49:
 1304 0166 68616C49 		.ascii	"halIsCounterWithin\000"
 1304      73436F75 
 1304      6E746572 
 1304      57697468 
 1304      696E00
 1305              	.LASF6:
 1306 0179 696E7433 		.ascii	"int32_t\000"
 1306      325F7400 
 1307              	.LASF13:
 1308 0181 73697A65 		.ascii	"sizetype\000"
 1308      74797065 
 1308      00
 1309              	.LASF9:
 1310 018a 6C6F6E67 		.ascii	"long long int\000"
 1310      206C6F6E 
 1310      6720696E 
 1310      7400
 1311              	.LASF37:
 1312 0198 74696D65 		.ascii	"timeout\000"
 1312      6F757400 
 1313              	.LASF21:
 1314 01a0 50435352 		.ascii	"PCSR\000"
 1314      00
 1315              	.LASF46:
 1316 01a5 474E5520 		.ascii	"GNU C 4.7.2\000"
 1316      4320342E 
 1316      372E3200 
 1317              	.LASF32:
 1318 01b1 50474461 		.ascii	"PGData\000"
 1318      746100
 1319              	.LASF42:
 1320 01b8 7364496E 		.ascii	"sdInit\000"
 1320      697400
 1321              	.LASF3:
 1322 01bf 73686F72 		.ascii	"short int\000"
 1322      7420696E 
 1322      7400
 1323              	.LASF28:
 1324 01c9 50434461 		.ascii	"PCData\000"
 1324      746100
 1325              	.LASF22:
 1326 01d0 434D785F 		.ascii	"CMx_DWT\000"
 1326      44575400 
 1327              	.LASF48:
 1328 01d8 2F557365 		.ascii	"/Users/toxygen/Projects/UAV/Control_sytem/sw/autopi"
 1328      72732F74 
 1328      6F787967 
 1328      656E2F50 
 1328      726F6A65 
ARM GAS  /var/folders/dt/0wfd0knj7gs46m8vwfzktm600000gn/T//cccOqqBr.s 			page 26


 1329 020b 6C6F742F 		.ascii	"lot/2.4.3/demos/STM32F103-sdspi\000"
 1329      322E342E 
 1329      332F6465 
 1329      6D6F732F 
 1329      53544D33 
 1330              	.LASF5:
 1331 022b 6C6F6E67 		.ascii	"long int\000"
 1331      20696E74 
 1331      00
 1332              	.LASF1:
 1333 0234 7369676E 		.ascii	"signed char\000"
 1333      65642063 
 1333      68617200 
 1334              	.LASF45:
 1335 0240 626F6172 		.ascii	"boardInit\000"
 1335      64496E69 
 1335      7400
 1336              	.LASF10:
 1337 024a 6C6F6E67 		.ascii	"long long unsigned int\000"
 1337      206C6F6E 
 1337      6720756E 
 1337      7369676E 
 1337      65642069 
 1338              		.ident	"GCC: (GNU) 4.7.2"
ARM GAS  /var/folders/dt/0wfd0knj7gs46m8vwfzktm600000gn/T//cccOqqBr.s 			page 27


DEFINED SYMBOLS
                            *ABS*:0000000000000000 hal.c
/var/folders/dt/0wfd0knj7gs46m8vwfzktm600000gn/T//cccOqqBr.s:19     .text.halInit:0000000000000000 $t
/var/folders/dt/0wfd0knj7gs46m8vwfzktm600000gn/T//cccOqqBr.s:25     .text.halInit:0000000000000000 halInit
/var/folders/dt/0wfd0knj7gs46m8vwfzktm600000gn/T//cccOqqBr.s:66     .text.halIsCounterWithin:0000000000000000 $t
/var/folders/dt/0wfd0knj7gs46m8vwfzktm600000gn/T//cccOqqBr.s:72     .text.halIsCounterWithin:0000000000000000 halIsCounterWithin
/var/folders/dt/0wfd0knj7gs46m8vwfzktm600000gn/T//cccOqqBr.s:121    .text.halPolledDelay:0000000000000000 $t
/var/folders/dt/0wfd0knj7gs46m8vwfzktm600000gn/T//cccOqqBr.s:127    .text.halPolledDelay:0000000000000000 halPolledDelay
                     .debug_frame:0000000000000010 $d

UNDEFINED SYMBOLS
hal_lld_init
tmInit
pal_default_config
_pal_lld_init
sdInit
spiInit
mmcInit
boardInit
