ARM GAS  /var/folders/dt/0wfd0knj7gs46m8vwfzktm600000gn/T//ccBoFcU3.s 			page 1


   1              		.syntax unified
   2              		.cpu cortex-m3
   3              		.fpu softvfp
   4              		.eabi_attribute 20, 1
   5              		.eabi_attribute 21, 1
   6              		.eabi_attribute 23, 3
   7              		.eabi_attribute 24, 1
   8              		.eabi_attribute 25, 1
   9              		.eabi_attribute 26, 1
  10              		.eabi_attribute 30, 2
  11              		.eabi_attribute 34, 1
  12              		.eabi_attribute 18, 4
  13              		.thumb
  14              		.file	"hal_lld.c"
  15              		.text
  16              	.Ltext0:
  17              		.cfi_sections	.debug_frame
  18              		.section	.text.hal_lld_init,"ax",%progbits
  19              		.align	2
  20              		.p2align 4,,15
  21              		.global	hal_lld_init
  22              		.thumb
  23              		.thumb_func
  24              		.type	hal_lld_init, %function
  25              	hal_lld_init:
  26              	.LFB63:
  27              		.file 1 "../../os/hal/platforms/STM32F1xx/hal_lld.c"
  28              		.loc 1 106 0
  29              		.cfi_startproc
  30              		@ args = 0, pretend = 0, frame = 0
  31              		@ frame_needed = 0, uses_anonymous_args = 0
  32              		@ link register save eliminated.
  33              		.loc 1 109 0
  34 0000 4FF48053 		mov	r3, #4096
  35              		.loc 1 106 0
  36 0004 70B4     		push	{r4, r5, r6}
  37              	.LCFI0:
  38              		.cfi_def_cfa_offset 12
  39              		.cfi_offset 4, -12
  40              		.cfi_offset 5, -8
  41              		.cfi_offset 6, -4
  42              		.loc 1 109 0
  43 0006 C4F20203 		movt	r3, 16386
  44 000a 0021     		movs	r1, #0
  45 000c 4FF0FF35 		mov	r5, #-1
  46              		.loc 1 113 0
  47 0010 4EF21002 		movw	r2, #57360
  48 0014 41F63F14 		movw	r4, #6463
  49              		.loc 1 109 0
  50 0018 1869     		ldr	r0, [r3, #16]
  51              		.loc 1 113 0
  52 001a CEF20002 		movt	r2, 57344
  53              		.loc 1 109 0
  54 001e 1D61     		str	r5, [r3, #16]
  55              		.loc 1 113 0
  56 0020 C0F20104 		movt	r4, 1
  57              		.loc 1 109 0
ARM GAS  /var/folders/dt/0wfd0knj7gs46m8vwfzktm600000gn/T//ccBoFcU3.s 			page 2


  58 0024 1961     		str	r1, [r3, #16]
  59              		.loc 1 110 0
  60 0026 DE68     		ldr	r6, [r3, #12]
  61              		.loc 1 120 0
  62 0028 4EF6F050 		movw	r0, #60912
  63              		.loc 1 110 0
  64 002c DD60     		str	r5, [r3, #12]
  65 002e D960     		str	r1, [r3, #12]
  66              		.loc 1 113 0
  67 0030 5460     		str	r4, [r2, #4]
  68              		.loc 1 114 0
  69 0032 9160     		str	r1, [r2, #8]
  70              		.loc 1 115 0
  71 0034 0721     		movs	r1, #7
  72 0036 1160     		str	r1, [r2, #0]
  73              		.loc 1 120 0
  74 0038 CEF20000 		movt	r0, 57344
  75 003c C268     		ldr	r2, [r0, #12]
  76              		.loc 1 121 0
  77 003e 4FF48051 		mov	r1, #4096
  78              		.loc 1 120 0
  79 0042 42F08072 		orr	r2, r2, #16777216
  80 0046 C260     		str	r2, [r0, #12]
  81              		.loc 1 121 0
  82 0048 CEF20001 		movt	r1, 57344
  83 004c 0868     		ldr	r0, [r1, #0]
  84              	.LBB4:
  85              	.LBB5:
  86              		.loc 1 59 0
  87 004e 4FF4E042 		mov	r2, #28672
  88              	.LBE5:
  89              	.LBE4:
  90              		.loc 1 121 0
  91 0052 40F00100 		orr	r0, r0, #1
  92 0056 0860     		str	r0, [r1, #0]
  93              		.loc 1 124 0
  94 0058 D969     		ldr	r1, [r3, #28]
  95              	.LBB8:
  96              	.LBB6:
  97              		.loc 1 59 0
  98 005a C4F20002 		movt	r2, 16384
  99              	.LBE6:
 100              	.LBE8:
 101              		.loc 1 124 0
 102 005e 41F08051 		orr	r1, r1, #268435456
 103 0062 D961     		str	r1, [r3, #28]
 104              		.loc 1 125 0
 105 0064 D969     		ldr	r1, [r3, #28]
 106 0066 41F00061 		orr	r1, r1, #134217728
 107 006a D961     		str	r1, [r3, #28]
 108              	.LBB9:
 109              	.LBB7:
 110              		.loc 1 59 0
 111 006c 1368     		ldr	r3, [r2, #0]
 112 006e 43F48073 		orr	r3, r3, #256
 113 0072 1360     		str	r3, [r2, #0]
 114              	.LBE7:
ARM GAS  /var/folders/dt/0wfd0knj7gs46m8vwfzktm600000gn/T//ccBoFcU3.s 			page 3


 115              	.LBE9:
 116              		.loc 1 138 0
 117 0074 70BC     		pop	{r4, r5, r6}
 118              		.loc 1 131 0
 119 0076 FFF7FEBF 		b	dmaInit
 120              	.LVL0:
 121              		.cfi_endproc
 122              	.LFE63:
 123              		.size	hal_lld_init, .-hal_lld_init
 124 007a 00BFAFF3 		.section	.text.stm32_clock_init,"ax",%progbits
 124      0080
 125              		.align	2
 126              		.p2align 4,,15
 127              		.global	stm32_clock_init
 128              		.thumb
 129              		.thumb_func
 130              		.type	stm32_clock_init, %function
 131              	stm32_clock_init:
 132              	.LFB64:
 133              		.loc 1 154 0
 134              		.cfi_startproc
 135              		@ args = 0, pretend = 0, frame = 0
 136              		@ frame_needed = 0, uses_anonymous_args = 0
 137              		@ link register save eliminated.
 138              		.loc 1 159 0
 139 0000 4FF48053 		mov	r3, #4096
 140 0004 C4F20203 		movt	r3, 16386
 141 0008 1A68     		ldr	r2, [r3, #0]
 142              		.loc 1 160 0
 143 000a 1946     		mov	r1, r3
 144              		.loc 1 159 0
 145 000c 42F00102 		orr	r2, r2, #1
 146 0010 1A60     		str	r2, [r3, #0]
 147              	.L3:
 148              		.loc 1 160 0 discriminator 1
 149 0012 0A68     		ldr	r2, [r1, #0]
 150 0014 4FF48053 		mov	r3, #4096
 151 0018 9207     		lsls	r2, r2, #30
 152 001a C4F20203 		movt	r3, 16386
 153 001e F8D5     		bpl	.L3
 154              		.loc 1 162 0
 155 0020 1A68     		ldr	r2, [r3, #0]
 156              		.loc 1 164 0
 157 0022 1946     		mov	r1, r3
 158              		.loc 1 162 0
 159 0024 02F0F902 		and	r2, r2, #249
 160 0028 1A60     		str	r2, [r3, #0]
 161              		.loc 1 163 0
 162 002a 0022     		movs	r2, #0
 163 002c 5A60     		str	r2, [r3, #4]
 164              	.L4:
 165              		.loc 1 164 0 discriminator 1
 166 002e 4A68     		ldr	r2, [r1, #4]
 167 0030 4FF48053 		mov	r3, #4096
 168 0034 12F00C0F 		tst	r2, #12
 169 0038 C4F20203 		movt	r3, 16386
 170 003c F7D1     		bne	.L4
ARM GAS  /var/folders/dt/0wfd0knj7gs46m8vwfzktm600000gn/T//ccBoFcU3.s 			page 4


 171              		.loc 1 169 0
 172 003e 1A68     		ldr	r2, [r3, #0]
 173              		.loc 1 170 0
 174 0040 1946     		mov	r1, r3
 175              		.loc 1 169 0
 176 0042 42F48032 		orr	r2, r2, #65536
 177 0046 1A60     		str	r2, [r3, #0]
 178              	.L5:
 179              		.loc 1 170 0 discriminator 1
 180 0048 0A68     		ldr	r2, [r1, #0]
 181 004a 4FF48053 		mov	r3, #4096
 182 004e 9003     		lsls	r0, r2, #14
 183 0050 C4F20203 		movt	r3, 16386
 184 0054 F8D5     		bpl	.L5
 185              		.loc 1 183 0
 186 0056 5A68     		ldr	r2, [r3, #4]
 187              		.loc 1 185 0
 188 0058 1946     		mov	r1, r3
 189              		.loc 1 183 0
 190 005a 42F4E812 		orr	r2, r2, #1900544
 191 005e 5A60     		str	r2, [r3, #4]
 192              		.loc 1 184 0
 193 0060 1A68     		ldr	r2, [r3, #0]
 194 0062 42F08072 		orr	r2, r2, #16777216
 195 0066 1A60     		str	r2, [r3, #0]
 196              	.L6:
 197              		.loc 1 185 0 discriminator 1
 198 0068 0A68     		ldr	r2, [r1, #0]
 199 006a 4FF48053 		mov	r3, #4096
 200 006e 9201     		lsls	r2, r2, #6
 201 0070 C4F20203 		movt	r3, 16386
 202 0074 F8D5     		bpl	.L6
 203              		.loc 1 191 0
 204 0076 4FF4C841 		mov	r1, #25600
 205 007a C0F21D01 		movt	r1, 29
 206              		.loc 1 201 0
 207 007e 4FF40052 		mov	r2, #8192
 208              		.loc 1 191 0
 209 0082 5960     		str	r1, [r3, #4]
 210              		.loc 1 201 0
 211 0084 C4F20202 		movt	r2, 16386
 212 0088 1221     		movs	r1, #18
 213 008a 1160     		str	r1, [r2, #0]
 214              		.loc 1 206 0
 215 008c 5968     		ldr	r1, [r3, #4]
 216              		.loc 1 207 0
 217 008e 1A46     		mov	r2, r3
 218              		.loc 1 206 0
 219 0090 41F00201 		orr	r1, r1, #2
 220 0094 5960     		str	r1, [r3, #4]
 221              	.L7:
 222              		.loc 1 207 0 discriminator 1
 223 0096 5368     		ldr	r3, [r2, #4]
 224 0098 03F00C03 		and	r3, r3, #12
 225 009c 082B     		cmp	r3, #8
 226 009e FAD1     		bne	.L7
 227              		.loc 1 211 0
ARM GAS  /var/folders/dt/0wfd0knj7gs46m8vwfzktm600000gn/T//ccBoFcU3.s 			page 5


 228 00a0 7047     		bx	lr
 229              		.cfi_endproc
 230              	.LFE64:
 231              		.size	stm32_clock_init, .-stm32_clock_init
 232 00a2 00BFAFF3 		.text
 232      0080AFF3 
 232      0080AFF3 
 232      0080
 233              	.Letext0:
 234              		.file 2 "/Users/toxygen/Applications/yagarto-4.7.2/bin/../lib/gcc/arm-none-eabi/4.7.2/../../../../
 235              		.file 3 "../../os/ports/common/ARMCMx/nvic.h"
 236              		.file 4 "../../os/ports/common/ARMCMx/CMSIS/include/core_cm3.h"
 237              		.file 5 "../../os/hal/platforms/STM32F1xx/stm32f10x.h"
 238              		.file 6 "../../os/hal/platforms/STM32F1xx/stm32_dma.h"
 239              		.section	.debug_info,"",%progbits
 240              	.Ldebug_info0:
 241 0000 C4030000 		.4byte	0x3c4
 242 0004 0200     		.2byte	0x2
 243 0006 00000000 		.4byte	.Ldebug_abbrev0
 244 000a 04       		.byte	0x4
 245 000b 01       		.uleb128 0x1
 246 000c B5010000 		.4byte	.LASF46
 247 0010 01       		.byte	0x1
 248 0011 82010000 		.4byte	.LASF47
 249 0015 F5010000 		.4byte	.LASF48
 250 0019 20000000 		.4byte	.Ldebug_ranges0+0x20
 251 001d 00000000 		.4byte	0
 252 0021 00000000 		.4byte	0
 253 0025 00000000 		.4byte	.Ldebug_line0
 254 0029 02       		.uleb128 0x2
 255 002a 04       		.byte	0x4
 256 002b 05       		.byte	0x5
 257 002c 696E7400 		.ascii	"int\000"
 258 0030 03       		.uleb128 0x3
 259 0031 04       		.byte	0x4
 260 0032 07       		.byte	0x7
 261 0033 40010000 		.4byte	.LASF0
 262 0037 03       		.uleb128 0x3
 263 0038 01       		.byte	0x1
 264 0039 06       		.byte	0x6
 265 003a 6B020000 		.4byte	.LASF1
 266 003e 03       		.uleb128 0x3
 267 003f 01       		.byte	0x1
 268 0040 08       		.byte	0x8
 269 0041 8C000000 		.4byte	.LASF2
 270 0045 03       		.uleb128 0x3
 271 0046 02       		.byte	0x2
 272 0047 05       		.byte	0x5
 273 0048 18010000 		.4byte	.LASF3
 274 004c 04       		.uleb128 0x4
 275 004d EC010000 		.4byte	.LASF5
 276 0051 02       		.byte	0x2
 277 0052 36       		.byte	0x36
 278 0053 57000000 		.4byte	0x57
 279 0057 03       		.uleb128 0x3
 280 0058 02       		.byte	0x2
 281 0059 07       		.byte	0x7
ARM GAS  /var/folders/dt/0wfd0knj7gs46m8vwfzktm600000gn/T//ccBoFcU3.s 			page 6


 282 005a B3000000 		.4byte	.LASF4
 283 005e 04       		.uleb128 0x4
 284 005f 71010000 		.4byte	.LASF6
 285 0063 02       		.byte	0x2
 286 0064 4F       		.byte	0x4f
 287 0065 69000000 		.4byte	0x69
 288 0069 03       		.uleb128 0x3
 289 006a 04       		.byte	0x4
 290 006b 05       		.byte	0x5
 291 006c 5D020000 		.4byte	.LASF7
 292 0070 04       		.uleb128 0x4
 293 0071 54020000 		.4byte	.LASF8
 294 0075 02       		.byte	0x2
 295 0076 50       		.byte	0x50
 296 0077 7B000000 		.4byte	0x7b
 297 007b 03       		.uleb128 0x3
 298 007c 04       		.byte	0x4
 299 007d 07       		.byte	0x7
 300 007e A1000000 		.4byte	.LASF9
 301 0082 03       		.uleb128 0x3
 302 0083 08       		.byte	0x8
 303 0084 05       		.byte	0x5
 304 0085 00000000 		.4byte	.LASF10
 305 0089 03       		.uleb128 0x3
 306 008a 08       		.byte	0x8
 307 008b 07       		.byte	0x7
 308 008c 66000000 		.4byte	.LASF11
 309 0090 04       		.uleb128 0x4
 310 0091 58000000 		.4byte	.LASF12
 311 0095 03       		.byte	0x3
 312 0096 3A       		.byte	0x3a
 313 0097 9B000000 		.4byte	0x9b
 314 009b 05       		.uleb128 0x5
 315 009c 70000000 		.4byte	0x70
 316 00a0 03       		.uleb128 0x3
 317 00a1 04       		.byte	0x4
 318 00a2 07       		.byte	0x7
 319 00a3 79010000 		.4byte	.LASF13
 320 00a7 06       		.uleb128 0x6
 321 00a8 10       		.byte	0x10
 322 00a9 03       		.byte	0x3
 323 00aa F1       		.byte	0xf1
 324 00ab E8000000 		.4byte	0xe8
 325 00af 07       		.uleb128 0x7
 326 00b0 F5000000 		.4byte	.LASF14
 327 00b4 03       		.byte	0x3
 328 00b5 F2       		.byte	0xf2
 329 00b6 90000000 		.4byte	0x90
 330 00ba 02       		.byte	0x2
 331 00bb 23       		.byte	0x23
 332 00bc 00       		.uleb128 0
 333 00bd 07       		.uleb128 0x7
 334 00be 3A010000 		.4byte	.LASF15
 335 00c2 03       		.byte	0x3
 336 00c3 F3       		.byte	0xf3
 337 00c4 90000000 		.4byte	0x90
 338 00c8 02       		.byte	0x2
ARM GAS  /var/folders/dt/0wfd0knj7gs46m8vwfzktm600000gn/T//ccBoFcU3.s 			page 7


 339 00c9 23       		.byte	0x23
 340 00ca 04       		.uleb128 0x4
 341 00cb 07       		.uleb128 0x7
 342 00cc 5F010000 		.4byte	.LASF16
 343 00d0 03       		.byte	0x3
 344 00d1 F4       		.byte	0xf4
 345 00d2 90000000 		.4byte	0x90
 346 00d6 02       		.byte	0x2
 347 00d7 23       		.byte	0x23
 348 00d8 08       		.uleb128 0x8
 349 00d9 07       		.uleb128 0x7
 350 00da 86000000 		.4byte	.LASF17
 351 00de 03       		.byte	0x3
 352 00df F5       		.byte	0xf5
 353 00e0 90000000 		.4byte	0x90
 354 00e4 02       		.byte	0x2
 355 00e5 23       		.byte	0x23
 356 00e6 0C       		.uleb128 0xc
 357 00e7 00       		.byte	0
 358 00e8 04       		.uleb128 0x4
 359 00e9 C1010000 		.4byte	.LASF18
 360 00ed 03       		.byte	0x3
 361 00ee F6       		.byte	0xf6
 362 00ef A7000000 		.4byte	0xa7
 363 00f3 08       		.uleb128 0x8
 364 00f4 20       		.byte	0x20
 365 00f5 03       		.byte	0x3
 366 00f6 0601     		.2byte	0x106
 367 00f8 75010000 		.4byte	0x175
 368 00fc 09       		.uleb128 0x9
 369 00fd 65010000 		.4byte	.LASF19
 370 0101 03       		.byte	0x3
 371 0102 0701     		.2byte	0x107
 372 0104 90000000 		.4byte	0x90
 373 0108 02       		.byte	0x2
 374 0109 23       		.byte	0x23
 375 010a 00       		.uleb128 0
 376 010b 09       		.uleb128 0x9
 377 010c 9A000000 		.4byte	.LASF20
 378 0110 03       		.byte	0x3
 379 0111 0801     		.2byte	0x108
 380 0113 90000000 		.4byte	0x90
 381 0117 02       		.byte	0x2
 382 0118 23       		.byte	0x23
 383 0119 04       		.uleb128 0x4
 384 011a 09       		.uleb128 0x9
 385 011b E1000000 		.4byte	.LASF21
 386 011f 03       		.byte	0x3
 387 0120 0901     		.2byte	0x109
 388 0122 90000000 		.4byte	0x90
 389 0126 02       		.byte	0x2
 390 0127 23       		.byte	0x23
 391 0128 08       		.uleb128 0x8
 392 0129 09       		.uleb128 0x9
 393 012a 6A010000 		.4byte	.LASF22
 394 012e 03       		.byte	0x3
 395 012f 0A01     		.2byte	0x10a
ARM GAS  /var/folders/dt/0wfd0knj7gs46m8vwfzktm600000gn/T//ccBoFcU3.s 			page 8


 396 0131 90000000 		.4byte	0x90
 397 0135 02       		.byte	0x2
 398 0136 23       		.byte	0x23
 399 0137 0C       		.uleb128 0xc
 400 0138 09       		.uleb128 0x9
 401 0139 4F000000 		.4byte	.LASF23
 402 013d 03       		.byte	0x3
 403 013e 0B01     		.2byte	0x10b
 404 0140 90000000 		.4byte	0x90
 405 0144 02       		.byte	0x2
 406 0145 23       		.byte	0x23
 407 0146 10       		.uleb128 0x10
 408 0147 09       		.uleb128 0x9
 409 0148 22010000 		.4byte	.LASF24
 410 014c 03       		.byte	0x3
 411 014d 0C01     		.2byte	0x10c
 412 014f 90000000 		.4byte	0x90
 413 0153 02       		.byte	0x2
 414 0154 23       		.byte	0x23
 415 0155 14       		.uleb128 0x14
 416 0156 09       		.uleb128 0x9
 417 0157 42000000 		.4byte	.LASF25
 418 015b 03       		.byte	0x3
 419 015c 0D01     		.2byte	0x10d
 420 015e 90000000 		.4byte	0x90
 421 0162 02       		.byte	0x2
 422 0163 23       		.byte	0x23
 423 0164 18       		.uleb128 0x18
 424 0165 09       		.uleb128 0x9
 425 0166 20000000 		.4byte	.LASF26
 426 016a 03       		.byte	0x3
 427 016b 0E01     		.2byte	0x10e
 428 016d 90000000 		.4byte	0x90
 429 0171 02       		.byte	0x2
 430 0172 23       		.byte	0x23
 431 0173 1C       		.uleb128 0x1c
 432 0174 00       		.byte	0
 433 0175 0A       		.uleb128 0xa
 434 0176 33000000 		.4byte	.LASF27
 435 017a 03       		.byte	0x3
 436 017b 0F01     		.2byte	0x10f
 437 017d F3000000 		.4byte	0xf3
 438 0181 03       		.uleb128 0x3
 439 0182 01       		.byte	0x1
 440 0183 08       		.byte	0x8
 441 0184 4D010000 		.4byte	.LASF28
 442 0188 0B       		.uleb128 0xb
 443 0189 9B000000 		.4byte	0x9b
 444 018d 08       		.uleb128 0x8
 445 018e 10       		.byte	0x10
 446 018f 04       		.byte	0x4
 447 0190 3802     		.2byte	0x238
 448 0192 D3010000 		.4byte	0x1d3
 449 0196 09       		.uleb128 0x9
 450 0197 65010000 		.4byte	.LASF19
 451 019b 04       		.byte	0x4
 452 019c 3A02     		.2byte	0x23a
ARM GAS  /var/folders/dt/0wfd0knj7gs46m8vwfzktm600000gn/T//ccBoFcU3.s 			page 9


 453 019e 9B000000 		.4byte	0x9b
 454 01a2 02       		.byte	0x2
 455 01a3 23       		.byte	0x23
 456 01a4 00       		.uleb128 0
 457 01a5 09       		.uleb128 0x9
 458 01a6 D6010000 		.4byte	.LASF29
 459 01aa 04       		.byte	0x4
 460 01ab 3B02     		.2byte	0x23b
 461 01ad 9B000000 		.4byte	0x9b
 462 01b1 02       		.byte	0x2
 463 01b2 23       		.byte	0x23
 464 01b3 04       		.uleb128 0x4
 465 01b4 0C       		.uleb128 0xc
 466 01b5 56414C00 		.ascii	"VAL\000"
 467 01b9 04       		.byte	0x4
 468 01ba 3C02     		.2byte	0x23c
 469 01bc 9B000000 		.4byte	0x9b
 470 01c0 02       		.byte	0x2
 471 01c1 23       		.byte	0x23
 472 01c2 08       		.uleb128 0x8
 473 01c3 09       		.uleb128 0x9
 474 01c4 60000000 		.4byte	.LASF30
 475 01c8 04       		.byte	0x4
 476 01c9 3D02     		.2byte	0x23d
 477 01cb 88010000 		.4byte	0x188
 478 01cf 02       		.byte	0x2
 479 01d0 23       		.byte	0x23
 480 01d1 0C       		.uleb128 0xc
 481 01d2 00       		.byte	0
 482 01d3 0A       		.uleb128 0xa
 483 01d4 52010000 		.4byte	.LASF31
 484 01d8 04       		.byte	0x4
 485 01d9 3E02     		.2byte	0x23e
 486 01db 8D010000 		.4byte	0x18d
 487 01df 05       		.uleb128 0x5
 488 01e0 5E000000 		.4byte	0x5e
 489 01e4 08       		.uleb128 0x8
 490 01e5 24       		.byte	0x24
 491 01e6 05       		.byte	0x5
 492 01e7 9403     		.2byte	0x394
 493 01e9 72020000 		.4byte	0x272
 494 01ed 0C       		.uleb128 0xc
 495 01ee 41435200 		.ascii	"ACR\000"
 496 01f2 05       		.byte	0x5
 497 01f3 9603     		.2byte	0x396
 498 01f5 9B000000 		.4byte	0x9b
 499 01f9 02       		.byte	0x2
 500 01fa 23       		.byte	0x23
 501 01fb 00       		.uleb128 0
 502 01fc 09       		.uleb128 0x9
 503 01fd 66020000 		.4byte	.LASF32
 504 0201 05       		.byte	0x5
 505 0202 9703     		.2byte	0x397
 506 0204 9B000000 		.4byte	0x9b
 507 0208 02       		.byte	0x2
 508 0209 23       		.byte	0x23
 509 020a 04       		.uleb128 0x4
ARM GAS  /var/folders/dt/0wfd0knj7gs46m8vwfzktm600000gn/T//ccBoFcU3.s 			page 10


 510 020b 09       		.uleb128 0x9
 511 020c FB000000 		.4byte	.LASF33
 512 0210 05       		.byte	0x5
 513 0211 9803     		.2byte	0x398
 514 0213 9B000000 		.4byte	0x9b
 515 0217 02       		.byte	0x2
 516 0218 23       		.byte	0x23
 517 0219 08       		.uleb128 0x8
 518 021a 0C       		.uleb128 0xc
 519 021b 535200   		.ascii	"SR\000"
 520 021e 05       		.byte	0x5
 521 021f 9903     		.2byte	0x399
 522 0221 9B000000 		.4byte	0x9b
 523 0225 02       		.byte	0x2
 524 0226 23       		.byte	0x23
 525 0227 0C       		.uleb128 0xc
 526 0228 0C       		.uleb128 0xc
 527 0229 435200   		.ascii	"CR\000"
 528 022c 05       		.byte	0x5
 529 022d 9A03     		.2byte	0x39a
 530 022f 9B000000 		.4byte	0x9b
 531 0233 02       		.byte	0x2
 532 0234 23       		.byte	0x23
 533 0235 10       		.uleb128 0x10
 534 0236 0C       		.uleb128 0xc
 535 0237 415200   		.ascii	"AR\000"
 536 023a 05       		.byte	0x5
 537 023b 9B03     		.2byte	0x39b
 538 023d 9B000000 		.4byte	0x9b
 539 0241 02       		.byte	0x2
 540 0242 23       		.byte	0x23
 541 0243 14       		.uleb128 0x14
 542 0244 09       		.uleb128 0x9
 543 0245 0F010000 		.4byte	.LASF34
 544 0249 05       		.byte	0x5
 545 024a 9C03     		.2byte	0x39c
 546 024c 9B000000 		.4byte	0x9b
 547 0250 02       		.byte	0x2
 548 0251 23       		.byte	0x23
 549 0252 18       		.uleb128 0x18
 550 0253 0C       		.uleb128 0xc
 551 0254 4F425200 		.ascii	"OBR\000"
 552 0258 05       		.byte	0x5
 553 0259 9D03     		.2byte	0x39d
 554 025b 9B000000 		.4byte	0x9b
 555 025f 02       		.byte	0x2
 556 0260 23       		.byte	0x23
 557 0261 1C       		.uleb128 0x1c
 558 0262 09       		.uleb128 0x9
 559 0263 4A000000 		.4byte	.LASF35
 560 0267 05       		.byte	0x5
 561 0268 9E03     		.2byte	0x39e
 562 026a 9B000000 		.4byte	0x9b
 563 026e 02       		.byte	0x2
 564 026f 23       		.byte	0x23
 565 0270 20       		.uleb128 0x20
 566 0271 00       		.byte	0
ARM GAS  /var/folders/dt/0wfd0knj7gs46m8vwfzktm600000gn/T//ccBoFcU3.s 			page 11


 567 0272 0A       		.uleb128 0xa
 568 0273 25000000 		.4byte	.LASF36
 569 0277 05       		.byte	0x5
 570 0278 A703     		.2byte	0x3a7
 571 027a E4010000 		.4byte	0x1e4
 572 027e 08       		.uleb128 0x8
 573 027f 08       		.byte	0x8
 574 0280 05       		.byte	0x5
 575 0281 3904     		.2byte	0x439
 576 0283 A5020000 		.4byte	0x2a5
 577 0287 0C       		.uleb128 0xc
 578 0288 435200   		.ascii	"CR\000"
 579 028b 05       		.byte	0x5
 580 028c 3B04     		.2byte	0x43b
 581 028e 9B000000 		.4byte	0x9b
 582 0292 02       		.byte	0x2
 583 0293 23       		.byte	0x23
 584 0294 00       		.uleb128 0
 585 0295 0C       		.uleb128 0xc
 586 0296 43535200 		.ascii	"CSR\000"
 587 029a 05       		.byte	0x5
 588 029b 3C04     		.2byte	0x43c
 589 029d 9B000000 		.4byte	0x9b
 590 02a1 02       		.byte	0x2
 591 02a2 23       		.byte	0x23
 592 02a3 04       		.uleb128 0x4
 593 02a4 00       		.byte	0
 594 02a5 0A       		.uleb128 0xa
 595 02a6 03010000 		.4byte	.LASF37
 596 02aa 05       		.byte	0x5
 597 02ab 3D04     		.2byte	0x43d
 598 02ad 7E020000 		.4byte	0x27e
 599 02b1 08       		.uleb128 0x8
 600 02b2 28       		.byte	0x28
 601 02b3 05       		.byte	0x5
 602 02b4 4304     		.2byte	0x443
 603 02b6 50030000 		.4byte	0x350
 604 02ba 0C       		.uleb128 0xc
 605 02bb 435200   		.ascii	"CR\000"
 606 02be 05       		.byte	0x5
 607 02bf 4504     		.2byte	0x445
 608 02c1 9B000000 		.4byte	0x9b
 609 02c5 02       		.byte	0x2
 610 02c6 23       		.byte	0x23
 611 02c7 00       		.uleb128 0
 612 02c8 09       		.uleb128 0x9
 613 02c9 13000000 		.4byte	.LASF38
 614 02cd 05       		.byte	0x5
 615 02ce 4604     		.2byte	0x446
 616 02d0 9B000000 		.4byte	0x9b
 617 02d4 02       		.byte	0x2
 618 02d5 23       		.byte	0x23
 619 02d6 04       		.uleb128 0x4
 620 02d7 0C       		.uleb128 0xc
 621 02d8 43495200 		.ascii	"CIR\000"
 622 02dc 05       		.byte	0x5
 623 02dd 4704     		.2byte	0x447
ARM GAS  /var/folders/dt/0wfd0knj7gs46m8vwfzktm600000gn/T//ccBoFcU3.s 			page 12


 624 02df 9B000000 		.4byte	0x9b
 625 02e3 02       		.byte	0x2
 626 02e4 23       		.byte	0x23
 627 02e5 08       		.uleb128 0x8
 628 02e6 09       		.uleb128 0x9
 629 02e7 31010000 		.4byte	.LASF39
 630 02eb 05       		.byte	0x5
 631 02ec 4804     		.2byte	0x448
 632 02ee 9B000000 		.4byte	0x9b
 633 02f2 02       		.byte	0x2
 634 02f3 23       		.byte	0x23
 635 02f4 0C       		.uleb128 0xc
 636 02f5 09       		.uleb128 0x9
 637 02f6 7D000000 		.4byte	.LASF40
 638 02fa 05       		.byte	0x5
 639 02fb 4904     		.2byte	0x449
 640 02fd 9B000000 		.4byte	0x9b
 641 0301 02       		.byte	0x2
 642 0302 23       		.byte	0x23
 643 0303 10       		.uleb128 0x10
 644 0304 09       		.uleb128 0x9
 645 0305 3B000000 		.4byte	.LASF41
 646 0309 05       		.byte	0x5
 647 030a 4A04     		.2byte	0x44a
 648 030c 9B000000 		.4byte	0x9b
 649 0310 02       		.byte	0x2
 650 0311 23       		.byte	0x23
 651 0312 14       		.uleb128 0x14
 652 0313 09       		.uleb128 0x9
 653 0314 AD010000 		.4byte	.LASF42
 654 0318 05       		.byte	0x5
 655 0319 4B04     		.2byte	0x44b
 656 031b 9B000000 		.4byte	0x9b
 657 031f 02       		.byte	0x2
 658 0320 23       		.byte	0x23
 659 0321 18       		.uleb128 0x18
 660 0322 09       		.uleb128 0x9
 661 0323 29010000 		.4byte	.LASF43
 662 0327 05       		.byte	0x5
 663 0328 4C04     		.2byte	0x44c
 664 032a 9B000000 		.4byte	0x9b
 665 032e 02       		.byte	0x2
 666 032f 23       		.byte	0x23
 667 0330 1C       		.uleb128 0x1c
 668 0331 09       		.uleb128 0x9
 669 0332 0E000000 		.4byte	.LASF44
 670 0336 05       		.byte	0x5
 671 0337 4D04     		.2byte	0x44d
 672 0339 9B000000 		.4byte	0x9b
 673 033d 02       		.byte	0x2
 674 033e 23       		.byte	0x23
 675 033f 20       		.uleb128 0x20
 676 0340 0C       		.uleb128 0xc
 677 0341 43535200 		.ascii	"CSR\000"
 678 0345 05       		.byte	0x5
 679 0346 4E04     		.2byte	0x44e
 680 0348 9B000000 		.4byte	0x9b
ARM GAS  /var/folders/dt/0wfd0knj7gs46m8vwfzktm600000gn/T//ccBoFcU3.s 			page 13


 681 034c 02       		.byte	0x2
 682 034d 23       		.byte	0x23
 683 034e 24       		.uleb128 0x24
 684 034f 00       		.byte	0
 685 0350 0A       		.uleb128 0xa
 686 0351 48020000 		.4byte	.LASF45
 687 0355 05       		.byte	0x5
 688 0356 5904     		.2byte	0x459
 689 0358 B1020000 		.4byte	0x2b1
 690 035c 0D       		.uleb128 0xd
 691 035d C6000000 		.4byte	.LASF49
 692 0361 01       		.byte	0x1
 693 0362 38       		.byte	0x38
 694 0363 01       		.byte	0x1
 695 0364 01       		.byte	0x1
 696 0365 0E       		.uleb128 0xe
 697 0366 01       		.byte	0x1
 698 0367 C9010000 		.4byte	.LASF50
 699 036b 01       		.byte	0x1
 700 036c 6A       		.byte	0x6a
 701 036d 01       		.byte	0x1
 702 036e 00000000 		.4byte	.LFB63
 703 0372 7A000000 		.4byte	.LFE63
 704 0376 00000000 		.4byte	.LLST0
 705 037a 01       		.byte	0x1
 706 037b 99030000 		.4byte	0x399
 707 037f 0F       		.uleb128 0xf
 708 0380 5C030000 		.4byte	0x35c
 709 0384 4E000000 		.4byte	.LBB4
 710 0388 00000000 		.4byte	.Ldebug_ranges0+0
 711 038c 01       		.byte	0x1
 712 038d 80       		.byte	0x80
 713 038e 10       		.uleb128 0x10
 714 038f 7A000000 		.4byte	.LVL0
 715 0393 01       		.byte	0x1
 716 0394 BC030000 		.4byte	0x3bc
 717 0398 00       		.byte	0
 718 0399 11       		.uleb128 0x11
 719 039a 01       		.byte	0x1
 720 039b DB010000 		.4byte	.LASF51
 721 039f 01       		.byte	0x1
 722 03a0 9A       		.byte	0x9a
 723 03a1 01       		.byte	0x1
 724 03a2 00000000 		.4byte	.LFB64
 725 03a6 A2000000 		.4byte	.LFE64
 726 03aa 02       		.byte	0x2
 727 03ab 7D       		.byte	0x7d
 728 03ac 00       		.sleb128 0
 729 03ad 01       		.byte	0x1
 730 03ae 12       		.uleb128 0x12
 731 03af E8000000 		.4byte	.LASF52
 732 03b3 04       		.byte	0x4
 733 03b4 9404     		.2byte	0x494
 734 03b6 DF010000 		.4byte	0x1df
 735 03ba 01       		.byte	0x1
 736 03bb 01       		.byte	0x1
 737 03bc 13       		.uleb128 0x13
ARM GAS  /var/folders/dt/0wfd0knj7gs46m8vwfzktm600000gn/T//ccBoFcU3.s 			page 14


 738 03bd 01       		.byte	0x1
 739 03be 18000000 		.4byte	.LASF53
 740 03c2 06       		.byte	0x6
 741 03c3 8801     		.2byte	0x188
 742 03c5 01       		.byte	0x1
 743 03c6 01       		.byte	0x1
 744 03c7 00       		.byte	0
 745              		.section	.debug_abbrev,"",%progbits
 746              	.Ldebug_abbrev0:
 747 0000 01       		.uleb128 0x1
 748 0001 11       		.uleb128 0x11
 749 0002 01       		.byte	0x1
 750 0003 25       		.uleb128 0x25
 751 0004 0E       		.uleb128 0xe
 752 0005 13       		.uleb128 0x13
 753 0006 0B       		.uleb128 0xb
 754 0007 03       		.uleb128 0x3
 755 0008 0E       		.uleb128 0xe
 756 0009 1B       		.uleb128 0x1b
 757 000a 0E       		.uleb128 0xe
 758 000b 55       		.uleb128 0x55
 759 000c 06       		.uleb128 0x6
 760 000d 11       		.uleb128 0x11
 761 000e 01       		.uleb128 0x1
 762 000f 52       		.uleb128 0x52
 763 0010 01       		.uleb128 0x1
 764 0011 10       		.uleb128 0x10
 765 0012 06       		.uleb128 0x6
 766 0013 00       		.byte	0
 767 0014 00       		.byte	0
 768 0015 02       		.uleb128 0x2
 769 0016 24       		.uleb128 0x24
 770 0017 00       		.byte	0
 771 0018 0B       		.uleb128 0xb
 772 0019 0B       		.uleb128 0xb
 773 001a 3E       		.uleb128 0x3e
 774 001b 0B       		.uleb128 0xb
 775 001c 03       		.uleb128 0x3
 776 001d 08       		.uleb128 0x8
 777 001e 00       		.byte	0
 778 001f 00       		.byte	0
 779 0020 03       		.uleb128 0x3
 780 0021 24       		.uleb128 0x24
 781 0022 00       		.byte	0
 782 0023 0B       		.uleb128 0xb
 783 0024 0B       		.uleb128 0xb
 784 0025 3E       		.uleb128 0x3e
 785 0026 0B       		.uleb128 0xb
 786 0027 03       		.uleb128 0x3
 787 0028 0E       		.uleb128 0xe
 788 0029 00       		.byte	0
 789 002a 00       		.byte	0
 790 002b 04       		.uleb128 0x4
 791 002c 16       		.uleb128 0x16
 792 002d 00       		.byte	0
 793 002e 03       		.uleb128 0x3
 794 002f 0E       		.uleb128 0xe
ARM GAS  /var/folders/dt/0wfd0knj7gs46m8vwfzktm600000gn/T//ccBoFcU3.s 			page 15


 795 0030 3A       		.uleb128 0x3a
 796 0031 0B       		.uleb128 0xb
 797 0032 3B       		.uleb128 0x3b
 798 0033 0B       		.uleb128 0xb
 799 0034 49       		.uleb128 0x49
 800 0035 13       		.uleb128 0x13
 801 0036 00       		.byte	0
 802 0037 00       		.byte	0
 803 0038 05       		.uleb128 0x5
 804 0039 35       		.uleb128 0x35
 805 003a 00       		.byte	0
 806 003b 49       		.uleb128 0x49
 807 003c 13       		.uleb128 0x13
 808 003d 00       		.byte	0
 809 003e 00       		.byte	0
 810 003f 06       		.uleb128 0x6
 811 0040 13       		.uleb128 0x13
 812 0041 01       		.byte	0x1
 813 0042 0B       		.uleb128 0xb
 814 0043 0B       		.uleb128 0xb
 815 0044 3A       		.uleb128 0x3a
 816 0045 0B       		.uleb128 0xb
 817 0046 3B       		.uleb128 0x3b
 818 0047 0B       		.uleb128 0xb
 819 0048 01       		.uleb128 0x1
 820 0049 13       		.uleb128 0x13
 821 004a 00       		.byte	0
 822 004b 00       		.byte	0
 823 004c 07       		.uleb128 0x7
 824 004d 0D       		.uleb128 0xd
 825 004e 00       		.byte	0
 826 004f 03       		.uleb128 0x3
 827 0050 0E       		.uleb128 0xe
 828 0051 3A       		.uleb128 0x3a
 829 0052 0B       		.uleb128 0xb
 830 0053 3B       		.uleb128 0x3b
 831 0054 0B       		.uleb128 0xb
 832 0055 49       		.uleb128 0x49
 833 0056 13       		.uleb128 0x13
 834 0057 38       		.uleb128 0x38
 835 0058 0A       		.uleb128 0xa
 836 0059 00       		.byte	0
 837 005a 00       		.byte	0
 838 005b 08       		.uleb128 0x8
 839 005c 13       		.uleb128 0x13
 840 005d 01       		.byte	0x1
 841 005e 0B       		.uleb128 0xb
 842 005f 0B       		.uleb128 0xb
 843 0060 3A       		.uleb128 0x3a
 844 0061 0B       		.uleb128 0xb
 845 0062 3B       		.uleb128 0x3b
 846 0063 05       		.uleb128 0x5
 847 0064 01       		.uleb128 0x1
 848 0065 13       		.uleb128 0x13
 849 0066 00       		.byte	0
 850 0067 00       		.byte	0
 851 0068 09       		.uleb128 0x9
ARM GAS  /var/folders/dt/0wfd0knj7gs46m8vwfzktm600000gn/T//ccBoFcU3.s 			page 16


 852 0069 0D       		.uleb128 0xd
 853 006a 00       		.byte	0
 854 006b 03       		.uleb128 0x3
 855 006c 0E       		.uleb128 0xe
 856 006d 3A       		.uleb128 0x3a
 857 006e 0B       		.uleb128 0xb
 858 006f 3B       		.uleb128 0x3b
 859 0070 05       		.uleb128 0x5
 860 0071 49       		.uleb128 0x49
 861 0072 13       		.uleb128 0x13
 862 0073 38       		.uleb128 0x38
 863 0074 0A       		.uleb128 0xa
 864 0075 00       		.byte	0
 865 0076 00       		.byte	0
 866 0077 0A       		.uleb128 0xa
 867 0078 16       		.uleb128 0x16
 868 0079 00       		.byte	0
 869 007a 03       		.uleb128 0x3
 870 007b 0E       		.uleb128 0xe
 871 007c 3A       		.uleb128 0x3a
 872 007d 0B       		.uleb128 0xb
 873 007e 3B       		.uleb128 0x3b
 874 007f 05       		.uleb128 0x5
 875 0080 49       		.uleb128 0x49
 876 0081 13       		.uleb128 0x13
 877 0082 00       		.byte	0
 878 0083 00       		.byte	0
 879 0084 0B       		.uleb128 0xb
 880 0085 26       		.uleb128 0x26
 881 0086 00       		.byte	0
 882 0087 49       		.uleb128 0x49
 883 0088 13       		.uleb128 0x13
 884 0089 00       		.byte	0
 885 008a 00       		.byte	0
 886 008b 0C       		.uleb128 0xc
 887 008c 0D       		.uleb128 0xd
 888 008d 00       		.byte	0
 889 008e 03       		.uleb128 0x3
 890 008f 08       		.uleb128 0x8
 891 0090 3A       		.uleb128 0x3a
 892 0091 0B       		.uleb128 0xb
 893 0092 3B       		.uleb128 0x3b
 894 0093 05       		.uleb128 0x5
 895 0094 49       		.uleb128 0x49
 896 0095 13       		.uleb128 0x13
 897 0096 38       		.uleb128 0x38
 898 0097 0A       		.uleb128 0xa
 899 0098 00       		.byte	0
 900 0099 00       		.byte	0
 901 009a 0D       		.uleb128 0xd
 902 009b 2E       		.uleb128 0x2e
 903 009c 00       		.byte	0
 904 009d 03       		.uleb128 0x3
 905 009e 0E       		.uleb128 0xe
 906 009f 3A       		.uleb128 0x3a
 907 00a0 0B       		.uleb128 0xb
 908 00a1 3B       		.uleb128 0x3b
ARM GAS  /var/folders/dt/0wfd0knj7gs46m8vwfzktm600000gn/T//ccBoFcU3.s 			page 17


 909 00a2 0B       		.uleb128 0xb
 910 00a3 27       		.uleb128 0x27
 911 00a4 0C       		.uleb128 0xc
 912 00a5 20       		.uleb128 0x20
 913 00a6 0B       		.uleb128 0xb
 914 00a7 00       		.byte	0
 915 00a8 00       		.byte	0
 916 00a9 0E       		.uleb128 0xe
 917 00aa 2E       		.uleb128 0x2e
 918 00ab 01       		.byte	0x1
 919 00ac 3F       		.uleb128 0x3f
 920 00ad 0C       		.uleb128 0xc
 921 00ae 03       		.uleb128 0x3
 922 00af 0E       		.uleb128 0xe
 923 00b0 3A       		.uleb128 0x3a
 924 00b1 0B       		.uleb128 0xb
 925 00b2 3B       		.uleb128 0x3b
 926 00b3 0B       		.uleb128 0xb
 927 00b4 27       		.uleb128 0x27
 928 00b5 0C       		.uleb128 0xc
 929 00b6 11       		.uleb128 0x11
 930 00b7 01       		.uleb128 0x1
 931 00b8 12       		.uleb128 0x12
 932 00b9 01       		.uleb128 0x1
 933 00ba 40       		.uleb128 0x40
 934 00bb 06       		.uleb128 0x6
 935 00bc 9742     		.uleb128 0x2117
 936 00be 0C       		.uleb128 0xc
 937 00bf 01       		.uleb128 0x1
 938 00c0 13       		.uleb128 0x13
 939 00c1 00       		.byte	0
 940 00c2 00       		.byte	0
 941 00c3 0F       		.uleb128 0xf
 942 00c4 1D       		.uleb128 0x1d
 943 00c5 00       		.byte	0
 944 00c6 31       		.uleb128 0x31
 945 00c7 13       		.uleb128 0x13
 946 00c8 52       		.uleb128 0x52
 947 00c9 01       		.uleb128 0x1
 948 00ca 55       		.uleb128 0x55
 949 00cb 06       		.uleb128 0x6
 950 00cc 58       		.uleb128 0x58
 951 00cd 0B       		.uleb128 0xb
 952 00ce 59       		.uleb128 0x59
 953 00cf 0B       		.uleb128 0xb
 954 00d0 00       		.byte	0
 955 00d1 00       		.byte	0
 956 00d2 10       		.uleb128 0x10
 957 00d3 898201   		.uleb128 0x4109
 958 00d6 00       		.byte	0
 959 00d7 11       		.uleb128 0x11
 960 00d8 01       		.uleb128 0x1
 961 00d9 9542     		.uleb128 0x2115
 962 00db 0C       		.uleb128 0xc
 963 00dc 31       		.uleb128 0x31
 964 00dd 13       		.uleb128 0x13
 965 00de 00       		.byte	0
ARM GAS  /var/folders/dt/0wfd0knj7gs46m8vwfzktm600000gn/T//ccBoFcU3.s 			page 18


 966 00df 00       		.byte	0
 967 00e0 11       		.uleb128 0x11
 968 00e1 2E       		.uleb128 0x2e
 969 00e2 00       		.byte	0
 970 00e3 3F       		.uleb128 0x3f
 971 00e4 0C       		.uleb128 0xc
 972 00e5 03       		.uleb128 0x3
 973 00e6 0E       		.uleb128 0xe
 974 00e7 3A       		.uleb128 0x3a
 975 00e8 0B       		.uleb128 0xb
 976 00e9 3B       		.uleb128 0x3b
 977 00ea 0B       		.uleb128 0xb
 978 00eb 27       		.uleb128 0x27
 979 00ec 0C       		.uleb128 0xc
 980 00ed 11       		.uleb128 0x11
 981 00ee 01       		.uleb128 0x1
 982 00ef 12       		.uleb128 0x12
 983 00f0 01       		.uleb128 0x1
 984 00f1 40       		.uleb128 0x40
 985 00f2 0A       		.uleb128 0xa
 986 00f3 9742     		.uleb128 0x2117
 987 00f5 0C       		.uleb128 0xc
 988 00f6 00       		.byte	0
 989 00f7 00       		.byte	0
 990 00f8 12       		.uleb128 0x12
 991 00f9 34       		.uleb128 0x34
 992 00fa 00       		.byte	0
 993 00fb 03       		.uleb128 0x3
 994 00fc 0E       		.uleb128 0xe
 995 00fd 3A       		.uleb128 0x3a
 996 00fe 0B       		.uleb128 0xb
 997 00ff 3B       		.uleb128 0x3b
 998 0100 05       		.uleb128 0x5
 999 0101 49       		.uleb128 0x49
 1000 0102 13       		.uleb128 0x13
 1001 0103 3F       		.uleb128 0x3f
 1002 0104 0C       		.uleb128 0xc
 1003 0105 3C       		.uleb128 0x3c
 1004 0106 0C       		.uleb128 0xc
 1005 0107 00       		.byte	0
 1006 0108 00       		.byte	0
 1007 0109 13       		.uleb128 0x13
 1008 010a 2E       		.uleb128 0x2e
 1009 010b 00       		.byte	0
 1010 010c 3F       		.uleb128 0x3f
 1011 010d 0C       		.uleb128 0xc
 1012 010e 03       		.uleb128 0x3
 1013 010f 0E       		.uleb128 0xe
 1014 0110 3A       		.uleb128 0x3a
 1015 0111 0B       		.uleb128 0xb
 1016 0112 3B       		.uleb128 0x3b
 1017 0113 05       		.uleb128 0x5
 1018 0114 27       		.uleb128 0x27
 1019 0115 0C       		.uleb128 0xc
 1020 0116 3C       		.uleb128 0x3c
 1021 0117 0C       		.uleb128 0xc
 1022 0118 00       		.byte	0
ARM GAS  /var/folders/dt/0wfd0knj7gs46m8vwfzktm600000gn/T//ccBoFcU3.s 			page 19


 1023 0119 00       		.byte	0
 1024 011a 00       		.byte	0
 1025              		.section	.debug_loc,"",%progbits
 1026              	.Ldebug_loc0:
 1027              	.LLST0:
 1028 0000 00000000 		.4byte	.LFB63
 1029 0004 06000000 		.4byte	.LCFI0
 1030 0008 0200     		.2byte	0x2
 1031 000a 7D       		.byte	0x7d
 1032 000b 00       		.sleb128 0
 1033 000c 06000000 		.4byte	.LCFI0
 1034 0010 7A000000 		.4byte	.LFE63
 1035 0014 0200     		.2byte	0x2
 1036 0016 7D       		.byte	0x7d
 1037 0017 0C       		.sleb128 12
 1038 0018 00000000 		.4byte	0
 1039 001c 00000000 		.4byte	0
 1040              		.section	.debug_aranges,"",%progbits
 1041 0000 24000000 		.4byte	0x24
 1042 0004 0200     		.2byte	0x2
 1043 0006 00000000 		.4byte	.Ldebug_info0
 1044 000a 04       		.byte	0x4
 1045 000b 00       		.byte	0
 1046 000c 0000     		.2byte	0
 1047 000e 0000     		.2byte	0
 1048 0010 00000000 		.4byte	.LFB63
 1049 0014 7A000000 		.4byte	.LFE63-.LFB63
 1050 0018 00000000 		.4byte	.LFB64
 1051 001c A2000000 		.4byte	.LFE64-.LFB64
 1052 0020 00000000 		.4byte	0
 1053 0024 00000000 		.4byte	0
 1054              		.section	.debug_ranges,"",%progbits
 1055              	.Ldebug_ranges0:
 1056 0000 4E000000 		.4byte	.LBB4
 1057 0004 52000000 		.4byte	.LBE4
 1058 0008 5A000000 		.4byte	.LBB8
 1059 000c 5E000000 		.4byte	.LBE8
 1060 0010 6C000000 		.4byte	.LBB9
 1061 0014 74000000 		.4byte	.LBE9
 1062 0018 00000000 		.4byte	0
 1063 001c 00000000 		.4byte	0
 1064 0020 00000000 		.4byte	.LFB63
 1065 0024 7A000000 		.4byte	.LFE63
 1066 0028 00000000 		.4byte	.LFB64
 1067 002c A2000000 		.4byte	.LFE64
 1068 0030 00000000 		.4byte	0
 1069 0034 00000000 		.4byte	0
 1070              		.section	.debug_line,"",%progbits
 1071              	.Ldebug_line0:
 1072 0000 CD010000 		.section	.debug_str,"MS",%progbits,1
 1072      02003E01 
 1072      00000201 
 1072      FB0E0D00 
 1072      01010101 
 1073              	.LASF10:
 1074 0000 6C6F6E67 		.ascii	"long long int\000"
 1074      206C6F6E 
ARM GAS  /var/folders/dt/0wfd0knj7gs46m8vwfzktm600000gn/T//ccBoFcU3.s 			page 20


 1074      6720696E 
 1074      7400
 1075              	.LASF44:
 1076 000e 42444352 		.ascii	"BDCR\000"
 1076      00
 1077              	.LASF38:
 1078 0013 43464752 		.ascii	"CFGR\000"
 1078      00
 1079              	.LASF53:
 1080 0018 646D6149 		.ascii	"dmaInit\000"
 1080      6E697400 
 1081              	.LASF26:
 1082 0020 50435352 		.ascii	"PCSR\000"
 1082      00
 1083              	.LASF36:
 1084 0025 464C4153 		.ascii	"FLASH_TypeDef\000"
 1084      485F5479 
 1084      70654465 
 1084      6600
 1085              	.LASF27:
 1086 0033 434D785F 		.ascii	"CMx_DWT\000"
 1086      44575400 
 1087              	.LASF41:
 1088 003b 41484245 		.ascii	"AHBENR\000"
 1088      4E5200
 1089              	.LASF25:
 1090 0042 464F4C44 		.ascii	"FOLDCNT\000"
 1090      434E5400 
 1091              	.LASF35:
 1092 004a 57525052 		.ascii	"WRPR\000"
 1092      00
 1093              	.LASF23:
 1094 004f 534C4545 		.ascii	"SLEEPCNT\000"
 1094      50434E54 
 1094      00
 1095              	.LASF12:
 1096 0058 494F5245 		.ascii	"IOREG32\000"
 1096      47333200 
 1097              	.LASF30:
 1098 0060 43414C49 		.ascii	"CALIB\000"
 1098      4200
 1099              	.LASF11:
 1100 0066 6C6F6E67 		.ascii	"long long unsigned int\000"
 1100      206C6F6E 
 1100      6720756E 
 1100      7369676E 
 1100      65642069 
 1101              	.LASF40:
 1102 007d 41504231 		.ascii	"APB1RSTR\000"
 1102      52535452 
 1102      00
 1103              	.LASF17:
 1104 0086 44454D43 		.ascii	"DEMCR\000"
 1104      5200
 1105              	.LASF2:
 1106 008c 756E7369 		.ascii	"unsigned char\000"
 1106      676E6564 
ARM GAS  /var/folders/dt/0wfd0knj7gs46m8vwfzktm600000gn/T//ccBoFcU3.s 			page 21


 1106      20636861 
 1106      7200
 1107              	.LASF20:
 1108 009a 43594343 		.ascii	"CYCCNT\000"
 1108      4E5400
 1109              	.LASF9:
 1110 00a1 6C6F6E67 		.ascii	"long unsigned int\000"
 1110      20756E73 
 1110      69676E65 
 1110      6420696E 
 1110      7400
 1111              	.LASF4:
 1112 00b3 73686F72 		.ascii	"short unsigned int\000"
 1112      7420756E 
 1112      7369676E 
 1112      65642069 
 1112      6E7400
 1113              	.LASF49:
 1114 00c6 68616C5F 		.ascii	"hal_lld_backup_domain_init\000"
 1114      6C6C645F 
 1114      6261636B 
 1114      75705F64 
 1114      6F6D6169 
 1115              	.LASF21:
 1116 00e1 43504943 		.ascii	"CPICNT\000"
 1116      4E5400
 1117              	.LASF52:
 1118 00e8 49544D5F 		.ascii	"ITM_RxBuffer\000"
 1118      52784275 
 1118      66666572 
 1118      00
 1119              	.LASF14:
 1120 00f5 44484353 		.ascii	"DHCSR\000"
 1120      5200
 1121              	.LASF33:
 1122 00fb 4F50544B 		.ascii	"OPTKEYR\000"
 1122      45595200 
 1123              	.LASF37:
 1124 0103 5057525F 		.ascii	"PWR_TypeDef\000"
 1124      54797065 
 1124      44656600 
 1125              	.LASF34:
 1126 010f 52455345 		.ascii	"RESERVED\000"
 1126      52564544 
 1126      00
 1127              	.LASF3:
 1128 0118 73686F72 		.ascii	"short int\000"
 1128      7420696E 
 1128      7400
 1129              	.LASF24:
 1130 0122 4C535543 		.ascii	"LSUCNT\000"
 1130      4E5400
 1131              	.LASF43:
 1132 0129 41504231 		.ascii	"APB1ENR\000"
 1132      454E5200 
 1133              	.LASF39:
 1134 0131 41504232 		.ascii	"APB2RSTR\000"
ARM GAS  /var/folders/dt/0wfd0knj7gs46m8vwfzktm600000gn/T//ccBoFcU3.s 			page 22


 1134      52535452 
 1134      00
 1135              	.LASF15:
 1136 013a 44435253 		.ascii	"DCRSR\000"
 1136      5200
 1137              	.LASF0:
 1138 0140 756E7369 		.ascii	"unsigned int\000"
 1138      676E6564 
 1138      20696E74 
 1138      00
 1139              	.LASF28:
 1140 014d 63686172 		.ascii	"char\000"
 1140      00
 1141              	.LASF31:
 1142 0152 53797354 		.ascii	"SysTick_Type\000"
 1142      69636B5F 
 1142      54797065 
 1142      00
 1143              	.LASF16:
 1144 015f 44435244 		.ascii	"DCRDR\000"
 1144      5200
 1145              	.LASF19:
 1146 0165 4354524C 		.ascii	"CTRL\000"
 1146      00
 1147              	.LASF22:
 1148 016a 45584343 		.ascii	"EXCCNT\000"
 1148      4E5400
 1149              	.LASF6:
 1150 0171 696E7433 		.ascii	"int32_t\000"
 1150      325F7400 
 1151              	.LASF13:
 1152 0179 73697A65 		.ascii	"sizetype\000"
 1152      74797065 
 1152      00
 1153              	.LASF47:
 1154 0182 2E2E2F2E 		.ascii	"../../os/hal/platforms/STM32F1xx/hal_lld.c\000"
 1154      2E2F6F73 
 1154      2F68616C 
 1154      2F706C61 
 1154      74666F72 
 1155              	.LASF42:
 1156 01ad 41504232 		.ascii	"APB2ENR\000"
 1156      454E5200 
 1157              	.LASF46:
 1158 01b5 474E5520 		.ascii	"GNU C 4.7.2\000"
 1158      4320342E 
 1158      372E3200 
 1159              	.LASF18:
 1160 01c1 434D785F 		.ascii	"CMx_SCS\000"
 1160      53435300 
 1161              	.LASF50:
 1162 01c9 68616C5F 		.ascii	"hal_lld_init\000"
 1162      6C6C645F 
 1162      696E6974 
 1162      00
 1163              	.LASF29:
 1164 01d6 4C4F4144 		.ascii	"LOAD\000"
ARM GAS  /var/folders/dt/0wfd0knj7gs46m8vwfzktm600000gn/T//ccBoFcU3.s 			page 23


 1164      00
 1165              	.LASF51:
 1166 01db 73746D33 		.ascii	"stm32_clock_init\000"
 1166      325F636C 
 1166      6F636B5F 
 1166      696E6974 
 1166      00
 1167              	.LASF5:
 1168 01ec 75696E74 		.ascii	"uint16_t\000"
 1168      31365F74 
 1168      00
 1169              	.LASF48:
 1170 01f5 2F557365 		.ascii	"/Users/toxygen/Projects/UAV/Control_sytem/sw/autopi"
 1170      72732F74 
 1170      6F787967 
 1170      656E2F50 
 1170      726F6A65 
 1171 0228 6C6F742F 		.ascii	"lot/2.4.3/demos/STM32F103-sdspi\000"
 1171      322E342E 
 1171      332F6465 
 1171      6D6F732F 
 1171      53544D33 
 1172              	.LASF45:
 1173 0248 5243435F 		.ascii	"RCC_TypeDef\000"
 1173      54797065 
 1173      44656600 
 1174              	.LASF8:
 1175 0254 75696E74 		.ascii	"uint32_t\000"
 1175      33325F74 
 1175      00
 1176              	.LASF7:
 1177 025d 6C6F6E67 		.ascii	"long int\000"
 1177      20696E74 
 1177      00
 1178              	.LASF32:
 1179 0266 4B455952 		.ascii	"KEYR\000"
 1179      00
 1180              	.LASF1:
 1181 026b 7369676E 		.ascii	"signed char\000"
 1181      65642063 
 1181      68617200 
 1182              		.ident	"GCC: (GNU) 4.7.2"
ARM GAS  /var/folders/dt/0wfd0knj7gs46m8vwfzktm600000gn/T//ccBoFcU3.s 			page 24


DEFINED SYMBOLS
                            *ABS*:0000000000000000 hal_lld.c
/var/folders/dt/0wfd0knj7gs46m8vwfzktm600000gn/T//ccBoFcU3.s:19     .text.hal_lld_init:0000000000000000 $t
/var/folders/dt/0wfd0knj7gs46m8vwfzktm600000gn/T//ccBoFcU3.s:25     .text.hal_lld_init:0000000000000000 hal_lld_init
/var/folders/dt/0wfd0knj7gs46m8vwfzktm600000gn/T//ccBoFcU3.s:125    .text.stm32_clock_init:0000000000000000 $t
/var/folders/dt/0wfd0knj7gs46m8vwfzktm600000gn/T//ccBoFcU3.s:131    .text.stm32_clock_init:0000000000000000 stm32_clock_init
                     .debug_frame:0000000000000010 $d

UNDEFINED SYMBOLS
dmaInit
